
⚑ background sched
 start  end    speed      dir
     0  120   30.000    5.000
   120  240   35.000   25.000
   240  360   40.000   25.000
   360  480   50.000   15.000
   480  600   30.000    2.500
   600  720   38.000    5.000
   720  840   28.000    0.000
   840  960   30.000    0.000
   960 1080   30.000    0.000
  1080 1200   28.000    2.500
  1200 1320   28.000    5.000
  1320 1440   30.000   15.000
  1440 1560   30.000    5.000
  1560 1680   30.000    7.500
  1680 1800   30.000   10.000
  1800 1920   30.000   10.000
  1920 2040   30.000   15.000
  2040 2160   17.500    5.000
  2160 2280   12.000    5.000
  2280 2400   12.000    5.000
  2400 2520   13.000    5.000
  2520 2640    7.000    0.000
  2640 2760    6.000    5.000
  2760 2880    6.000   10.000
  2880 3000    7.000   10.000
  3000 3000    1.000    0.000

⚑ hard σ truth schedule
 start  end    speed      dir
     0  120   30.000    5.000
   120  240   35.000   25.000
   240  360   40.000   25.000
   360  480   50.000   15.000
   480  600   30.000    2.500
   600  720   38.000    5.000
   720  840   28.000    0.000
   840  960   30.000    0.000
   960 1080   30.000    0.000
  1080 1200   28.000    2.500
  1200 1320   28.000    5.000
  1320 1440   30.000   15.000
  1440 1560   30.000    5.000
  1560 1680   30.000    7.500
  1680 1800   30.000   10.000
  1800 1920   30.000   10.000
  1920 2040   30.000   15.000
  2040 2160   17.500    5.000
  2160 2280   12.000    5.000
  2280 2400   12.000    5.000
  2400 2520   13.000    5.000
  2520 2640    7.000    0.000
  2640 2760    6.000    5.000
  2760 2880    6.000   10.000
  2880 3000    7.000   10.000
  3000 3000    1.000    0.000
RUN SEED: 3204768515
Starting STRICT-MEAN-burned-buildings ICS simulation (headless)…
Using multi-phase propagation with wind schedule.
WildfireModel: Bounds: BoundingBox(left=-14935.007954473422, bottom=-13304.5080370525, right=14944.992045526578, top=13335.4919629475)
Checking Mesa Space Dimensions: Width = 49880.0, Height = 46640.0
Buffered Bounds: BoundingBox(left=-24935.00795447342, bottom=-23304.5080370525, right=24944.99204552658, top=23335.4919629475)
Original CRS: EPSG:26910
Available bases: [(20000, 20000)]
Corrected position: (20000, 20000)
[GC#01] spawned at cell (444, 498) with walk_ticks=1
[GC#02] spawned at cell (444, 498) with walk_ticks=1
[(0, 120, 4.5, 87.5), (120, 240, 8.5, 274.5), (240, 360, 9.5, 156.5), (360, 480, 7.5, 18.0), (480, 600, 15.5, 328.0), (600, 720, 15.5, 298.5), (720, 840, 10.0, 356.0), (840, 960, 9.0, 337.5), (960, 1080, 8.0, 284.0), (1080, 1200, 13.5, 253.5), (1200, 1320, 18.0, 232.0), (1320, 1440, 16.5, 300.0), (1440, 1560, 19.0, 297.5), (1560, 1680, 17.5, 266.0), (1680, 1800, 15.5, 336.5), (1800, 1920, 16.5, 30.5), (1920, 2040, 10.0, 332.0), (2040, 2160, 8.0, 283.0), (2160, 2280, 8.5, 343.0), (2280, 2400, 6.5, 342.5), (2400, 2520, 7.5, 247.0), (2520, 2640, 7.0, 242.0), (2640, 2760, 6.0, 235.0), (2760, 2880, 0.5, 275.0), (2880, 3000, 0.0, 247.5), (3000, 3000, 1.0, 106.0)]
Using multi-phase propagation with wind schedule.
[PRECOMPUTE] MEAN-schedule burned buildings per sector (final t=3000): [115, 2846, 2647, 259, 45, 3]  | total=5915
[ICS] open=[0, 1, 2, 3, 4, 5]  crew_order=[1, 2, 3, 0, 4, 5]  weights={0: 115.0, 1: 2846.0, 2: 2647.0, 3: 259.0, 4: 45.0, 5: 3.0}
simulating in place
no completed anchors found → making NEW dynamic START

— after _record_anchor(bdy=1, role=start, cell=(405, 521), by=None) —

=== boundary_anchors (NOW) ===
b00 start  — <none>
b00 finish — <none>
b01 start  rc=(405, 521)  t=240.0  completed=False  world=(710.0, 1170.5)
b01 finish — <none>
b02 start  — <none>
b02 finish — <none>
b03 start  — <none>
b03 finish — <none>
b04 start  — <none>
b04 finish — <none>
b05 start  — <none>
b05 finish — <none>
=== end ===

— end dump —


— after _record_anchor(bdy=2, role=finish, cell=(394, 458), by=None) —

=== boundary_anchors (NOW) ===
b00 start  — <none>
b00 finish — <none>
b01 start  rc=(405, 521)  t=240.0  completed=False  world=(710.0, 1170.5)
b01 finish — <none>
b02 start  — <none>
b02 finish rc=(394, 458)  t=240.0  completed=False  world=(-1180.0, 1500.5)
b03 start  — <none>
b03 finish — <none>
b04 start  — <none>
b04 finish — <none>
b05 start  — <none>
b05 finish — <none>
=== end ===

— end dump —

[DEBUG] sector 1: start@bdy1 (405, 521)   finish@bdy2 (394, 458)
[GC#01] → sector 1  start (405, 521)  finish (394, 458)
no completed anchors found → making NEW dynamic START

— after _record_anchor(bdy=2, role=start, cell=(433, 480), by=None) —

=== boundary_anchors (NOW) ===
b00 start  — <none>
b00 finish — <none>
b01 start  rc=(405, 521)  t=240.0  completed=False  world=(710.0, 1170.5)
b01 finish — <none>
b02 start  rc=(433, 480)  t=240.0  completed=False  world=(-520.0, 330.5)
b02 finish rc=(394, 458)  t=240.0  completed=False  world=(-1180.0, 1500.5)
b03 start  — <none>
b03 finish — <none>
b04 start  — <none>
b04 finish — <none>
b05 start  — <none>
b05 finish — <none>
=== end ===

— end dump —


— after _record_anchor(bdy=3, role=finish, cell=(454, 351), by=None) —

=== boundary_anchors (NOW) ===
b00 start  — <none>
b00 finish — <none>
b01 start  rc=(405, 521)  t=240.0  completed=False  world=(710.0, 1170.5)
b01 finish — <none>
b02 start  rc=(433, 480)  t=240.0  completed=False  world=(-520.0, 330.5)
b02 finish rc=(394, 458)  t=240.0  completed=False  world=(-1180.0, 1500.5)
b03 start  — <none>
b03 finish rc=(454, 351)  t=240.0  completed=False  world=(-4390.0, -299.5)
b04 start  — <none>
b04 finish — <none>
b05 start  — <none>
b05 finish — <none>
=== end ===

— end dump —

[DEBUG] sector 2: start@bdy2 (433, 480)   finish@bdy3 (454, 351)
recording from register first pair

— after _record_anchor(bdy=2, role=start, cell=(394, 458), by=None) —

=== boundary_anchors (NOW) ===
b00 start  — <none>
b00 finish — <none>
b01 start  — <none>
b01 finish — <none>
b02 start  rc=(394, 458)  t=240.0  completed=False  world=(-1180.0, 1500.5)
b02 finish — <none>
b03 start  — <none>
b03 finish — <none>
b04 start  — <none>
b04 finish — <none>
b05 start  — <none>
b05 finish — <none>
=== end ===

— end dump —

recording from register first pair

— after _record_anchor(bdy=1, role=finish, cell=(374, 539), by=None) —

=== boundary_anchors (NOW) ===
b00 start  — <none>
b00 finish — <none>
b01 start  — <none>
b01 finish rc=(374, 539)  t=240.0  completed=False  world=(1250.0, 2100.5)
b02 start  rc=(394, 458)  t=240.0  completed=False  world=(-1180.0, 1500.5)
b02 finish — <none>
b03 start  — <none>
b03 finish — <none>
b04 start  — <none>
b04 finish — <none>
b05 start  — <none>
b05 finish — <none>
=== end ===

— end dump —

[SYNC] GC#01 sect1 START b2 (394, 458)  FINISH b1 (374, 539)
recording from register first pair

— after _record_anchor(bdy=3, role=finish, cell=(454, 293), by=None) —

=== boundary_anchors (NOW) ===
b00 start  — <none>
b00 finish — <none>
b01 start  — <none>
b01 finish rc=(374, 539)  t=240.0  completed=False  world=(1250.0, 2100.5)
b02 start  rc=(394, 458)  t=240.0  completed=False  world=(-1180.0, 1500.5)
b02 finish — <none>
b03 start  — <none>
b03 finish rc=(454, 293)  t=240.0  completed=False  world=(-6130.0, -299.5)
b04 start  — <none>
b04 finish — <none>
b05 start  — <none>
b05 finish — <none>
=== end ===

— end dump —

[SYNC] GC#02 sect2 START b2 (394, 458)  FINISH b3 (454, 293)
[GC#02] → sector 2  start (394, 458)  finish (454, 293)
  → selected [ -674.0284097  -1050.35665219] as drop point
Using multi-phase propagation with wind schedule.
DROP RAN
[DEBUG] AT#00  finished drop in sector 3 – notifying ground crews
[START] GC#01 using ANCHOR (unspecified source) → start (394, 458) on boundary 2
Start:  (394, 458)
Finish:  (374, 539)
[GC#01] fire-line length 150 cells (210.5 min; full plan)

— after _mark_anchor_completed(bdy=2, role=start, by=None) —

=== boundary_anchors (NOW) ===
b00 start  — <none>
b00 finish — <none>
b01 start  — <none>
b01 finish rc=(374, 539)  t=240.0  completed=False  world=(1250.0, 2100.5)
b02 start  rc=(394, 458)  t=240.0  completed=True  world=(-1180.0, 1500.5)
b02 finish — <none>
b03 start  — <none>
b03 finish rc=(454, 293)  t=240.0  completed=False  world=(-6130.0, -299.5)
b04 start  — <none>
b04 finish — <none>
b05 start  — <none>
b05 finish — <none>
=== end ===

— end dump —


— after _mark_anchor_completed(bdy=1, role=finish, by=<groundcrew.GroundCrewAgent object at 0x000002B10FA0CC10>) —

=== boundary_anchors (NOW) ===
b00 start  — <none>
b00 finish — <none>
b01 start  — <none>
b01 finish rc=(374, 539)  t=240.0  completed=True  world=(1250.0, 2100.5)
b02 start  rc=(394, 458)  t=240.0  completed=True  world=(-1180.0, 1500.5)
b02 finish — <none>
b03 start  — <none>
b03 finish rc=(454, 293)  t=240.0  completed=False  world=(-6130.0, -299.5)
b04 start  — <none>
b04 finish — <none>
b05 start  — <none>
b05 finish — <none>
=== end ===

— end dump —

[START] GC#02 using ANCHOR (unspecified source) → start (394, 458) on boundary 2
Start:  (394, 458)
Finish:  (454, 293)
[GC#02] WARNING: fire intercept at (449, 293) (burn_pen>0) – truncating path at idx 405.
[GC#02] fire-line length 406 cells (920.1 min; ABORTED EARLY)

— after _mark_anchor_completed(bdy=2, role=start, by=None) —

=== boundary_anchors (NOW) ===
b00 start  — <none>
b00 finish — <none>
b01 start  — <none>
b01 finish rc=(374, 539)  t=240.0  completed=True  world=(1250.0, 2100.5)
b02 start  rc=(394, 458)  t=240.0  completed=True  world=(-1180.0, 1500.5)
b02 finish — <none>
b03 start  — <none>
b03 finish rc=(454, 293)  t=240.0  completed=False  world=(-6130.0, -299.5)
b04 start  — <none>
b04 finish — <none>
b05 start  — <none>
b05 finish — <none>
=== end ===

— end dump —


— after _mark_anchor_completed(bdy=3, role=finish, by=<groundcrew.GroundCrewAgent object at 0x000002B10FEFA250>) —

=== boundary_anchors (NOW) ===
b00 start  — <none>
b00 finish — <none>
b01 start  — <none>
b01 finish rc=(374, 539)  t=240.0  completed=True  world=(1250.0, 2100.5)
b02 start  rc=(394, 458)  t=240.0  completed=True  world=(-1180.0, 1500.5)
b02 finish — <none>
b03 start  — <none>
b03 finish rc=(454, 293)  t=240.0  completed=True  world=(-6130.0, -299.5)
b04 start  — <none>
b04 finish — <none>
b05 start  — <none>
b05 finish — <none>
=== end ===

— end dump —


— after _mark_anchor_uncompleted(bdy=3, role=finish, by=<groundcrew.GroundCrewAgent object at 0x000002B10FEFA250>) —

=== boundary_anchors (NOW) ===
b00 start  — <none>
b00 finish — <none>
b01 start  — <none>
b01 finish rc=(374, 539)  t=240.0  completed=True  world=(1250.0, 2100.5)
b02 start  rc=(394, 458)  t=240.0  completed=True  world=(-1180.0, 1500.5)
b02 finish — <none>
b03 start  — <none>
b03 finish rc=(454, 293)  t=240.0  completed=False  world=(-6130.0, -299.5)
b04 start  — <none>
b04 finish — <none>
b05 start  — <none>
b05 finish — <none>
=== end ===

— end dump —

  → selected [-967.49372301 -875.62706305] as drop point
FLUSHED
FLUSHED
Using multi-phase propagation with wind schedule.
DROP RAN
[DEBUG] AT#00  finished drop in sector 3 – notifying ground crews
Sector retarded
{3}
Using multi-phase propagation with wind schedule.
[GC#01] updated fire after clearing batch
Applied action {'FireHercAgent': (4,), 'GroundCrewAgent': (2, 3)} at t=360 min
[ICS] open=[0, 1, 2, 3, 4, 5]  crew_order=[1, 2, 3, 0, 4, 5]  weights={0: 115.0, 1: 2846.0, 2: 2647.0, 3: 259.0, 4: 45.0, 5: 3.0}
simulating in place
Using multi-phase propagation with wind schedule.
[GC#02] updated fire after clearing batch
Using multi-phase propagation with wind schedule.
[GC#01] updated fire after clearing batch
Using multi-phase propagation with wind schedule.
[GC#01] updated fire after clearing batch
Using multi-phase propagation with wind schedule.
[GC#02] updated fire after clearing batch
Using multi-phase propagation with wind schedule.
[GC#02] updated fire after clearing batch
Using multi-phase propagation with wind schedule.
[GC#01] updated fire after clearing batch
Using multi-phase propagation with wind schedule.
[GC#02] updated fire after clearing batch
  → selected [ 780.53222352 1505.29078362] as drop point
FLUSHED
FLUSHED
Using multi-phase propagation with wind schedule.
DROP RAN
[DEBUG] AT#00  finished drop in sector 1 – notifying ground crews
[DEBUG] GC#01  attempting re-plan… remaining path = 150 cells
[DEBUG] GC#01 start@(375, 520)  raw_arr=inf  now=435.0  mtt=nan  within_buffer=False
[START] GC#01 using NEW (buffered by planner) → start (375, 520) on boundary 2
Start:  (375, 520)
Finish:  (374, 539)
[GC#01] fire-line length 27 cells (39.5 min; full plan)
[DEBUG] GC#01  new path accepted (length 27, ETA 39.5 min)
Using multi-phase propagation with wind schedule.
[GC#01] updated fire after clearing batch
Using multi-phase propagation with wind schedule.
[GC#01] updated fire after clearing batch
Sector contained  1

— after _mark_anchor_completed(bdy=2, role=start, by=None) —

=== boundary_anchors (NOW) ===
b00 start  — <none>
b00 finish — <none>
b01 start  — <none>
b01 finish rc=(374, 539)  t=240.0  completed=True  world=(1250.0, 2100.5)
b02 start  rc=(394, 458)  t=240.0  completed=True  world=(-1180.0, 1500.5)
b02 finish — <none>
b03 start  — <none>
b03 finish rc=(454, 293)  t=240.0  completed=False  world=(-6130.0, -299.5)
b04 start  — <none>
b04 finish — <none>
b05 start  — <none>
b05 finish — <none>
=== end ===

— end dump —


— after _mark_anchor_completed(bdy=1, role=finish, by=None) —

=== boundary_anchors (NOW) ===
b00 start  — <none>
b00 finish — <none>
b01 start  — <none>
b01 finish rc=(374, 539)  t=240.0  completed=True  world=(1250.0, 2100.5)
b02 start  rc=(394, 458)  t=240.0  completed=True  world=(-1180.0, 1500.5)
b02 finish — <none>
b03 start  — <none>
b03 finish rc=(454, 293)  t=240.0  completed=False  world=(-6130.0, -299.5)
b04 start  — <none>
b04 finish — <none>
b05 start  — <none>
b05 finish — <none>
=== end ===

— end dump —

[GC#01] Sector 1 contained → Standby
Applied action {'FireHercAgent': (2,), 'GroundCrewAgent': (2, 3)} at t=480 min
[ICS] open=[0, 2, 3, 4, 5]  crew_order=[2, 3, 0, 4, 5]  weights={0: 115.0, 2: 2647.0, 3: 259.0, 4: 45.0, 5: 3.0}
simulating in place

— after _record_anchor(bdy=2, role=start, cell=(394, 458), by=None) —

=== boundary_anchors (NOW) ===
b00 start  — <none>
b00 finish — <none>
b01 start  — <none>
b01 finish rc=(374, 539)  t=240.0  completed=True  world=(1250.0, 2100.5)
b02 start  rc=(394, 458)  t=480.0  completed=False  world=(-1180.0, 1500.5)
b02 finish — <none>
b03 start  — <none>
b03 finish rc=(454, 293)  t=240.0  completed=False  world=(-6130.0, -299.5)
b04 start  — <none>
b04 finish — <none>
b05 start  — <none>
b05 finish — <none>
=== end ===

— end dump —


— after _record_anchor(bdy=3, role=finish, cell=(454, 290), by=None) —

=== boundary_anchors (NOW) ===
b00 start  — <none>
b00 finish — <none>
b01 start  — <none>
b01 finish rc=(374, 539)  t=240.0  completed=True  world=(1250.0, 2100.5)
b02 start  rc=(394, 458)  t=480.0  completed=False  world=(-1180.0, 1500.5)
b02 finish — <none>
b03 start  — <none>
b03 finish rc=(454, 290)  t=480.0  completed=False  world=(-6220.0, -299.5)
b04 start  — <none>
b04 finish — <none>
b05 start  — <none>
b05 finish — <none>
=== end ===

— end dump —

[DEBUG] sector 2: start@bdy2 (394, 458)   finish@bdy3 (454, 290)
[GC#01] → sector 2  start (394, 458)  finish (454, 290)
Using multi-phase propagation with wind schedule.
[GC#02] updated fire after clearing batch
  → selected [-1004.66003992   333.83404268] as drop point
Using multi-phase propagation with wind schedule.
DROP RAN
[DEBUG] AT#00  finished drop in sector 2 – notifying ground crews
[DEBUG] GC#02  attempting re-plan… remaining path = 406 cells
[DEBUG] GC#02 start@(338, 423)  raw_arr=inf  now=481.0  mtt=nan  within_buffer=False
[START] GC#02 using NEW (buffered by planner) → start (338, 423) on boundary 2
Start:  (338, 423)
Finish:  (454, 293)
[GC#02] fire-line length 265 cells (349.2 min; full plan)
[DEBUG] GC#02  new path accepted (length 265, ETA 349.2 min)
Using multi-phase propagation with wind schedule.
[GC#02] updated fire after clearing batch
Using multi-phase propagation with wind schedule.
[GC#02] updated fire after clearing batch
  → selected [-1196.51674514    67.95096966] as drop point
FLUSHED
Using multi-phase propagation with wind schedule.
DROP RAN
[DEBUG] AT#00  finished drop in sector 2 – notifying ground crews
[DEBUG] GC#02  attempting re-plan… remaining path = 265 cells
[DEBUG] GC#02 start@(339, 385)  raw_arr=inf  now=528.0  mtt=nan  within_buffer=False
[START] GC#02 using NEW (buffered by planner) → start (339, 385) on boundary 2
Start:  (339, 385)
Finish:  (454, 293)
[GC#02] fire-line length 210 cells (304.3 min; full plan)
[DEBUG] GC#02  new path accepted (length 210, ETA 304.3 min)
Using multi-phase propagation with wind schedule.
[GC#02] updated fire after clearing batch
[START] GC#01 using ANCHOR (unspecified source) → start (394, 458) on boundary 2
Start:  (394, 458)
Finish:  (454, 290)
[GC#01] fire-line length 377 cells (310.6 min; full plan)

— after _mark_anchor_completed(bdy=2, role=start, by=None) —

=== boundary_anchors (NOW) ===
b00 start  — <none>
b00 finish — <none>
b01 start  — <none>
b01 finish rc=(374, 539)  t=240.0  completed=True  world=(1250.0, 2100.5)
b02 start  rc=(394, 458)  t=480.0  completed=True  world=(-1180.0, 1500.5)
b02 finish — <none>
b03 start  — <none>
b03 finish rc=(454, 290)  t=480.0  completed=False  world=(-6220.0, -299.5)
b04 start  — <none>
b04 finish — <none>
b05 start  — <none>
b05 finish — <none>
=== end ===

— end dump —


— after _mark_anchor_completed(bdy=3, role=finish, by=<groundcrew.GroundCrewAgent object at 0x000002B10FA0CC10>) —

=== boundary_anchors (NOW) ===
b00 start  — <none>
b00 finish — <none>
b01 start  — <none>
b01 finish rc=(374, 539)  t=240.0  completed=True  world=(1250.0, 2100.5)
b02 start  rc=(394, 458)  t=480.0  completed=True  world=(-1180.0, 1500.5)
b02 finish — <none>
b03 start  — <none>
b03 finish rc=(454, 290)  t=480.0  completed=True  world=(-6220.0, -299.5)
b04 start  — <none>
b04 finish — <none>
b05 start  — <none>
b05 finish — <none>
=== end ===

— end dump —

Using multi-phase propagation with wind schedule.
[GC#01] updated fire after clearing batch
Using multi-phase propagation with wind schedule.
[GC#01] updated fire after clearing batch
Using multi-phase propagation with wind schedule.
[GC#02] updated fire after clearing batch
  → selected [-1503.89801712   800.97041247] as drop point
FLUSHED
FLUSHED
Using multi-phase propagation with wind schedule.
DROP RAN
[DEBUG] AT#00  finished drop in sector 2 – notifying ground crews
[DEBUG] GC#01  attempting re-plan… remaining path = 377 cells
[DEBUG] GC#01 start@(362, 375)  raw_arr=inf  now=573.0  mtt=nan  within_buffer=False
[START] GC#01 using NEW (buffered by planner) → start (362, 375) on boundary 2
Start:  (362, 375)
Finish:  (454, 290)
[GC#01] fire-line length 178 cells (268.7 min; full plan)
[DEBUG] GC#01  new path accepted (length 178, ETA 268.7 min)
[DEBUG] GC#02  attempting re-plan… remaining path = 210 cells
[DEBUG] GC#02 start@(368, 364)  raw_arr=inf  now=573.0  mtt=nan  within_buffer=False
[START] GC#02 using NEW (buffered by planner) → start (368, 364) on boundary 2
Start:  (368, 364)
Finish:  (454, 293)
[GC#02] fire-line length 158 cells (253.7 min; full plan)
[DEBUG] GC#02  new path accepted (length 158, ETA 253.7 min)
Using multi-phase propagation with wind schedule.
[GC#02] updated fire after clearing batch
Applied action {'FireHercAgent': (3,), 'GroundCrewAgent': (3, 4)} at t=600 min
[ICS] open=[0, 2, 3, 4, 5]  crew_order=[2, 3, 0, 4, 5]  weights={0: 115.0, 2: 2647.0, 3: 259.0, 4: 45.0, 5: 3.0}
simulating in place
Using multi-phase propagation with wind schedule.
[GC#01] updated fire after clearing batch
  → selected [-1536.13861621  1697.34095536] as drop point
FLUSHED
FLUSHED
Using multi-phase propagation with wind schedule.
DROP RAN
[DEBUG] AT#00  finished drop in sector 2 – notifying ground crews
[DEBUG] GC#01  attempting re-plan… remaining path = 178 cells
[DEBUG] GC#01 start@(382, 336)  raw_arr=inf  now=619.0  mtt=nan  within_buffer=False
[START] GC#01 using NEW (buffered by planner) → start (382, 336) on boundary 2
Start:  (382, 336)
Finish:  (454, 290)
[GC#01] fire-line length 119 cells (214.8 min; full plan)
[DEBUG] GC#01  new path accepted (length 119, ETA 214.8 min)
[DEBUG] GC#02  attempting re-plan… remaining path = 158 cells
[DEBUG] GC#02 start@(384, 334)  raw_arr=inf  now=619.0  mtt=nan  within_buffer=False
[START] GC#02 using NEW (buffered by planner) → start (384, 334) on boundary 2
Start:  (384, 334)
Finish:  (454, 293)
[GC#02] fire-line length 112 cells (206.3 min; full plan)
[DEBUG] GC#02  new path accepted (length 112, ETA 206.3 min)
Using multi-phase propagation with wind schedule.
[GC#01] updated fire after clearing batch
Using multi-phase propagation with wind schedule.
[GC#02] updated fire after clearing batch
  → selected [-1912.38141643   809.69405502] as drop point
FLUSHED
FLUSHED
Using multi-phase propagation with wind schedule.
DROP RAN
[DEBUG] AT#00  finished drop in sector 2 – notifying ground crews
[DEBUG] GC#02  attempting re-plan… remaining path = 112 cells
[DEBUG] GC#02 start@(398, 306)  raw_arr=inf  now=666.0  mtt=nan  within_buffer=False
[START] GC#02 using NEW (buffered by planner) → start (398, 306) on boundary 2
Start:  (398, 306)
Finish:  (454, 293)
[GC#02] fire-line length 70 cells (148.3 min; full plan)
[DEBUG] GC#02  new path accepted (length 70, ETA 148.3 min)
[DEBUG] GC#01  attempting re-plan… remaining path = 119 cells
[DEBUG] GC#01 start@(398, 306)  raw_arr=inf  now=666.0  mtt=nan  within_buffer=False
[START] GC#01 using NEW (buffered by planner) → start (398, 306) on boundary 2
Start:  (398, 306)
Finish:  (454, 290)
[GC#01] fire-line length 73 cells (156.8 min; full plan)
[DEBUG] GC#01  new path accepted (length 73, ETA 156.8 min)
Using multi-phase propagation with wind schedule.
[GC#01] updated fire after clearing batch
Using multi-phase propagation with wind schedule.
[GC#02] updated fire after clearing batch
  → selected [-2243.95034979   113.68290847] as drop point
FLUSHED
FLUSHED
Using multi-phase propagation with wind schedule.
DROP RAN
[DEBUG] AT#00  finished drop in sector 2 – notifying ground crews
[DEBUG] GC#02  attempting re-plan… remaining path = 70 cells
[DEBUG] GC#02 start@(429, 298)  raw_arr=inf  now=712.0  mtt=nan  within_buffer=False
[START] GC#02 using NEW (buffered by planner) → start (429, 298) on boundary 2
Start:  (429, 298)
Finish:  (454, 293)
[GC#02] fire-line length 31 cells (99.0 min; full plan)
[DEBUG] GC#02  new path accepted (length 31, ETA 99.0 min)
[DEBUG] GC#01  attempting re-plan… remaining path = 73 cells
[DEBUG] GC#01 start@(425, 290)  raw_arr=inf  now=712.0  mtt=nan  within_buffer=False
[START] GC#01 using NEW (buffered by planner) → start (425, 290) on boundary 2
Start:  (425, 290)
Finish:  (454, 290)
[GC#01] fire-line length 30 cells (110.0 min; full plan)
[DEBUG] GC#01  new path accepted (length 30, ETA 110.0 min)
Applied action {'FireHercAgent': (3,), 'GroundCrewAgent': (3, 4)} at t=720 min
[ICS] open=[0, 2, 3, 4, 5]  crew_order=[2, 3, 0, 4, 5]  weights={0: 115.0, 2: 2647.0, 3: 259.0, 4: 45.0, 5: 3.0}
simulating in place
  → selected [-2208.14579777   506.1328105 ] as drop point
FLUSHED
FLUSHED
Using multi-phase propagation with wind schedule.
DROP RAN
[DEBUG] AT#00  finished drop in sector 2 – notifying ground crews
[DEBUG] GC#01  attempting re-plan… remaining path = 30 cells
[DEBUG] GC#01 start@(439, 290)  raw_arr=inf  now=759.0  mtt=nan  within_buffer=False
[START] GC#01 using NEW (buffered by planner) → start (439, 290) on boundary 2
Start:  (439, 290)
Finish:  (454, 290)
[GC#01] fire-line length 20 cells (59.3 min; full plan)
[DEBUG] GC#01  new path accepted (length 20, ETA 59.3 min)
[DEBUG] GC#02  attempting re-plan… remaining path = 31 cells
[DEBUG] GC#02 start@(442, 293)  raw_arr=inf  now=759.0  mtt=nan  within_buffer=False
[START] GC#02 using NEW (buffered by planner) → start (442, 293) on boundary 2
Start:  (442, 293)
Finish:  (454, 293)
[GC#02] fire-line length 13 cells (50.2 min; full plan)
[DEBUG] GC#02  new path accepted (length 13, ETA 50.2 min)
  → selected [-2047.2313664   1083.81185157] as drop point
FLUSHED
FLUSHED
Using multi-phase propagation with wind schedule.
DROP RAN
[DEBUG] AT#00  finished drop in sector 2 – notifying ground crews
[DEBUG] GC#02  attempting re-plan… remaining path = 13 cells
[DEBUG] GC#02 start@(453, 293)  raw_arr=inf  now=806.0  mtt=nan  within_buffer=False
[START] GC#02 using NEW (buffered by planner) → start (453, 293) on boundary 2
Start:  (453, 293)
Finish:  (454, 293)
[GC#02] fire-line length 2 cells (0.0 min; full plan)
[DEBUG] GC#02  new path accepted (length 2, ETA 0.0 min)
[DEBUG] GC#01  attempting re-plan… remaining path = 20 cells
[DEBUG] GC#01 start@(453, 292)  raw_arr=inf  now=806.0  mtt=nan  within_buffer=False
[START] GC#01 using NEW (buffered by planner) → start (453, 292) on boundary 2
Start:  (453, 292)
Finish:  (454, 290)
[GC#01] fire-line length 4 cells (4.6 min; full plan)
[DEBUG] GC#01  new path accepted (length 4, ETA 4.6 min)
Using multi-phase propagation with wind schedule.
[GC#02] updated fire after clearing batch
Sector contained  2

— after _mark_anchor_completed(bdy=2, role=start, by=None) —

=== boundary_anchors (NOW) ===
b00 start  — <none>
b00 finish — <none>
b01 start  — <none>
b01 finish rc=(374, 539)  t=240.0  completed=True  world=(1250.0, 2100.5)
b02 start  rc=(394, 458)  t=480.0  completed=True  world=(-1180.0, 1500.5)
b02 finish — <none>
b03 start  — <none>
b03 finish rc=(454, 290)  t=480.0  completed=True  world=(-6220.0, -299.5)
b04 start  — <none>
b04 finish — <none>
b05 start  — <none>
b05 finish — <none>
=== end ===

— end dump —


— after _mark_anchor_completed(bdy=3, role=finish, by=None) —

=== boundary_anchors (NOW) ===
b00 start  — <none>
b00 finish — <none>
b01 start  — <none>
b01 finish rc=(374, 539)  t=240.0  completed=True  world=(1250.0, 2100.5)
b02 start  rc=(394, 458)  t=480.0  completed=True  world=(-1180.0, 1500.5)
b02 finish — <none>
b03 start  — <none>
b03 finish rc=(454, 290)  t=480.0  completed=True  world=(-6220.0, -299.5)
b04 start  — <none>
b04 finish — <none>
b05 start  — <none>
b05 finish — <none>
=== end ===

— end dump —

[GC#02] Sector 2 contained → Standby
Using multi-phase propagation with wind schedule.
[GC#01] updated fire after clearing batch
Sector contained  2

— after _mark_anchor_completed(bdy=2, role=start, by=None) —

=== boundary_anchors (NOW) ===
b00 start  — <none>
b00 finish — <none>
b01 start  — <none>
b01 finish rc=(374, 539)  t=240.0  completed=True  world=(1250.0, 2100.5)
b02 start  rc=(394, 458)  t=480.0  completed=True  world=(-1180.0, 1500.5)
b02 finish — <none>
b03 start  — <none>
b03 finish rc=(454, 290)  t=480.0  completed=True  world=(-6220.0, -299.5)
b04 start  — <none>
b04 finish — <none>
b05 start  — <none>
b05 finish — <none>
=== end ===

— end dump —


— after _mark_anchor_completed(bdy=3, role=finish, by=None) —

=== boundary_anchors (NOW) ===
b00 start  — <none>
b00 finish — <none>
b01 start  — <none>
b01 finish rc=(374, 539)  t=240.0  completed=True  world=(1250.0, 2100.5)
b02 start  rc=(394, 458)  t=480.0  completed=True  world=(-1180.0, 1500.5)
b02 finish — <none>
b03 start  — <none>
b03 finish rc=(454, 290)  t=480.0  completed=True  world=(-6220.0, -299.5)
b04 start  — <none>
b04 finish — <none>
b05 start  — <none>
b05 finish — <none>
=== end ===

— end dump —

[GC#01] Sector 2 contained → Standby
Applied action {'FireHercAgent': (3,), 'GroundCrewAgent': (3, 4)} at t=840 min
[ICS] open=[0, 3, 4, 5]  crew_order=[3, 0, 4, 5]  weights={0: 115.0, 3: 259.0, 4: 45.0, 5: 3.0}
simulating in place

— after _record_anchor(bdy=3, role=start, cell=(454, 290), by=None) —

=== boundary_anchors (NOW) ===
b00 start  — <none>
b00 finish — <none>
b01 start  — <none>
b01 finish rc=(374, 539)  t=240.0  completed=True  world=(1250.0, 2100.5)
b02 start  rc=(394, 458)  t=480.0  completed=True  world=(-1180.0, 1500.5)
b02 finish — <none>
b03 start  rc=(454, 290)  t=840.0  completed=False  world=(-6220.0, -299.5)
b03 finish rc=(454, 290)  t=480.0  completed=True  world=(-6220.0, -299.5)
b04 start  — <none>
b04 finish — <none>
b05 start  — <none>
b05 finish — <none>
=== end ===

— end dump —


— after _record_anchor(bdy=4, role=finish, cell=(627, 392), by=None) —

=== boundary_anchors (NOW) ===
b00 start  — <none>
b00 finish — <none>
b01 start  — <none>
b01 finish rc=(374, 539)  t=240.0  completed=True  world=(1250.0, 2100.5)
b02 start  rc=(394, 458)  t=480.0  completed=True  world=(-1180.0, 1500.5)
b02 finish — <none>
b03 start  rc=(454, 290)  t=840.0  completed=False  world=(-6220.0, -299.5)
b03 finish rc=(454, 290)  t=480.0  completed=True  world=(-6220.0, -299.5)
b04 start  — <none>
b04 finish rc=(627, 392)  t=840.0  completed=False  world=(-3160.0, -5489.5)
b05 start  — <none>
b05 finish — <none>
=== end ===

— end dump —

[DEBUG] sector 3: start@bdy3 (454, 290)   finish@bdy4 (627, 392)
[GC#01] → sector 3  start (454, 290)  finish (627, 392)

— after _record_anchor(bdy=1, role=start, cell=(374, 539), by=None) —

=== boundary_anchors (NOW) ===
b00 start  — <none>
b00 finish — <none>
b01 start  rc=(374, 539)  t=840.0  completed=False  world=(1250.0, 2100.5)
b01 finish rc=(374, 539)  t=240.0  completed=True  world=(1250.0, 2100.5)
b02 start  rc=(394, 458)  t=480.0  completed=True  world=(-1180.0, 1500.5)
b02 finish — <none>
b03 start  rc=(454, 290)  t=840.0  completed=False  world=(-6220.0, -299.5)
b03 finish rc=(454, 290)  t=480.0  completed=True  world=(-6220.0, -299.5)
b04 start  — <none>
b04 finish rc=(627, 392)  t=840.0  completed=False  world=(-3160.0, -5489.5)
b05 start  — <none>
b05 finish — <none>
=== end ===

— end dump —


— after _record_anchor(bdy=0, role=finish, cell=(454, 664), by=None) —

=== boundary_anchors (NOW) ===
b00 start  — <none>
b00 finish rc=(454, 664)  t=840.0  completed=False  world=(5000.0, -299.5)
b01 start  rc=(374, 539)  t=840.0  completed=False  world=(1250.0, 2100.5)
b01 finish rc=(374, 539)  t=240.0  completed=True  world=(1250.0, 2100.5)
b02 start  rc=(394, 458)  t=480.0  completed=True  world=(-1180.0, 1500.5)
b02 finish — <none>
b03 start  rc=(454, 290)  t=840.0  completed=False  world=(-6220.0, -299.5)
b03 finish rc=(454, 290)  t=480.0  completed=True  world=(-6220.0, -299.5)
b04 start  — <none>
b04 finish rc=(627, 392)  t=840.0  completed=False  world=(-3160.0, -5489.5)
b05 start  — <none>
b05 finish — <none>
=== end ===

— end dump —

[DEBUG] sector 0: start@bdy1 (374, 539)   finish@bdy0 (454, 664)
[GC#02] → sector 0  start (374, 539)  finish (454, 664)
[START] GC#01 using ANCHOR (unspecified source) → start (454, 290) on boundary 3
Start:  (454, 290)
Finish:  (627, 392)
[GC#01] WARNING: fire intercept at (662, 360) (burn_pen>0) – truncating path at idx 525.
[GC#01] fire-line length 526 cells (871.7 min; ABORTED EARLY)

— after _mark_anchor_completed(bdy=3, role=start, by=None) —

=== boundary_anchors (NOW) ===
b00 start  — <none>
b00 finish rc=(454, 664)  t=840.0  completed=False  world=(5000.0, -299.5)
b01 start  rc=(374, 539)  t=840.0  completed=False  world=(1250.0, 2100.5)
b01 finish rc=(374, 539)  t=240.0  completed=True  world=(1250.0, 2100.5)
b02 start  rc=(394, 458)  t=480.0  completed=True  world=(-1180.0, 1500.5)
b02 finish — <none>
b03 start  rc=(454, 290)  t=840.0  completed=True  world=(-6220.0, -299.5)
b03 finish rc=(454, 290)  t=480.0  completed=True  world=(-6220.0, -299.5)
b04 start  — <none>
b04 finish rc=(627, 392)  t=840.0  completed=False  world=(-3160.0, -5489.5)
b05 start  — <none>
b05 finish — <none>
=== end ===

— end dump —


— after _mark_anchor_completed(bdy=4, role=finish, by=<groundcrew.GroundCrewAgent object at 0x000002B10FA0CC10>) —

=== boundary_anchors (NOW) ===
b00 start  — <none>
b00 finish rc=(454, 664)  t=840.0  completed=False  world=(5000.0, -299.5)
b01 start  rc=(374, 539)  t=840.0  completed=False  world=(1250.0, 2100.5)
b01 finish rc=(374, 539)  t=240.0  completed=True  world=(1250.0, 2100.5)
b02 start  rc=(394, 458)  t=480.0  completed=True  world=(-1180.0, 1500.5)
b02 finish — <none>
b03 start  rc=(454, 290)  t=840.0  completed=True  world=(-6220.0, -299.5)
b03 finish rc=(454, 290)  t=480.0  completed=True  world=(-6220.0, -299.5)
b04 start  — <none>
b04 finish rc=(627, 392)  t=840.0  completed=True  world=(-3160.0, -5489.5)
b05 start  — <none>
b05 finish — <none>
=== end ===

— end dump —


— after _mark_anchor_uncompleted(bdy=4, role=finish, by=<groundcrew.GroundCrewAgent object at 0x000002B10FA0CC10>) —

=== boundary_anchors (NOW) ===
b00 start  — <none>
b00 finish rc=(454, 664)  t=840.0  completed=False  world=(5000.0, -299.5)
b01 start  rc=(374, 539)  t=840.0  completed=False  world=(1250.0, 2100.5)
b01 finish rc=(374, 539)  t=240.0  completed=True  world=(1250.0, 2100.5)
b02 start  rc=(394, 458)  t=480.0  completed=True  world=(-1180.0, 1500.5)
b02 finish — <none>
b03 start  rc=(454, 290)  t=840.0  completed=True  world=(-6220.0, -299.5)
b03 finish rc=(454, 290)  t=480.0  completed=True  world=(-6220.0, -299.5)
b04 start  — <none>
b04 finish rc=(627, 392)  t=840.0  completed=False  world=(-3160.0, -5489.5)
b05 start  — <none>
b05 finish — <none>
=== end ===

— end dump —

  → selected [-2559.0430438   -792.94519536] as drop point
FLUSHED
Using multi-phase propagation with wind schedule.
DROP RAN
[DEBUG] AT#00  finished drop in sector 3 – notifying ground crews
[DEBUG] GC#01  attempting re-plan… remaining path = 526 cells
[DEBUG] GC#01 start@(455, 288)  raw_arr=inf  now=852.0  mtt=nan  within_buffer=False
[START] GC#01 using NEW (buffered by planner) → start (455, 288) on boundary 3
Start:  (455, 288)
Finish:  (627, 392)
[GC#01] WARNING: fire intercept at (662, 360) (burn_pen>0) – truncating path at idx 522.
[GC#01] fire-line length 523 cells (855.8 min; ABORTED EARLY)
[DEBUG] GC#01  new path accepted (length 523, ETA 855.8 min)
  → selected [-3229.02410301  -410.27434025] as drop point
FLUSHED
Using multi-phase propagation with wind schedule.
DROP RAN
[DEBUG] AT#00  finished drop in sector 3 – notifying ground crews
[DEBUG] GC#01  attempting re-plan… remaining path = 523 cells
[DEBUG] GC#01 start@(462, 286)  raw_arr=inf  now=899.0  mtt=nan  within_buffer=False
[START] GC#01 using NEW (buffered by planner) → start (462, 286) on boundary 3
Start:  (462, 286)
Finish:  (627, 392)
[GC#01] WARNING: fire intercept at (662, 360) (burn_pen>0) – truncating path at idx 513.
[GC#01] fire-line length 514 cells (809.3 min; ABORTED EARLY)
[DEBUG] GC#01  new path accepted (length 514, ETA 809.3 min)
  → selected [-3371.0416074  -1048.96735903] as drop point
FLUSHED
Using multi-phase propagation with wind schedule.
DROP RAN
[DEBUG] AT#00  finished drop in sector 3 – notifying ground crews
[DEBUG] GC#01  attempting re-plan… remaining path = 514 cells
[DEBUG] GC#01 start@(469, 285)  raw_arr=inf  now=954.0  mtt=nan  within_buffer=False
[START] GC#01 using NEW (buffered by planner) → start (469, 285) on boundary 3
Start:  (469, 285)
Finish:  (627, 392)
[GC#01] WARNING: fire intercept at (662, 361) (burn_pen>0) – truncating path at idx 506.
[GC#01] fire-line length 507 cells (748.7 min; ABORTED EARLY)
[DEBUG] GC#01  new path accepted (length 507, ETA 748.7 min)
Applied action {'FireHercAgent': (4,), 'GroundCrewAgent': (4, 1)} at t=960 min
[ICS] open=[0, 3, 4, 5]  crew_order=[3, 0, 4, 5]  weights={0: 115.0, 3: 259.0, 4: 45.0, 5: 3.0}
simulating in place
  → selected [4269.84897644  201.69963792] as drop point
FLUSHED
Using multi-phase propagation with wind schedule.
DROP RAN
[DEBUG] AT#00  finished drop in sector 0 – notifying ground crews
Sector retarded
{0, 3}
Applied action {'FireHercAgent': (1,), 'GroundCrewAgent': (4, 1)} at t=1080 min
[ICS] open=[0, 3, 4, 5]  crew_order=[3, 0, 4, 5]  weights={0: 115.0, 3: 259.0, 4: 45.0, 5: 3.0}
simulating in place
[START] GC#02 using ANCHOR (unspecified source) → start (374, 539) on boundary 1
Start:  (374, 539)
Finish:  (454, 664)
[GC#02] fire-line length 222 cells (230.8 min; full plan)

— after _mark_anchor_completed(bdy=1, role=start, by=None) —

=== boundary_anchors (NOW) ===
b00 start  — <none>
b00 finish rc=(454, 664)  t=840.0  completed=False  world=(5000.0, -299.5)
b01 start  rc=(374, 539)  t=840.0  completed=True  world=(1250.0, 2100.5)
b01 finish rc=(374, 539)  t=240.0  completed=True  world=(1250.0, 2100.5)
b02 start  rc=(394, 458)  t=480.0  completed=True  world=(-1180.0, 1500.5)
b02 finish — <none>
b03 start  rc=(454, 290)  t=840.0  completed=True  world=(-6220.0, -299.5)
b03 finish rc=(454, 290)  t=480.0  completed=True  world=(-6220.0, -299.5)
b04 start  — <none>
b04 finish rc=(627, 392)  t=840.0  completed=False  world=(-3160.0, -5489.5)
b05 start  — <none>
b05 finish — <none>
=== end ===

— end dump —


— after _mark_anchor_completed(bdy=0, role=finish, by=<groundcrew.GroundCrewAgent object at 0x000002B10FEFA250>) —

=== boundary_anchors (NOW) ===
b00 start  — <none>
b00 finish rc=(454, 664)  t=840.0  completed=True  world=(5000.0, -299.5)
b01 start  rc=(374, 539)  t=840.0  completed=True  world=(1250.0, 2100.5)
b01 finish rc=(374, 539)  t=240.0  completed=True  world=(1250.0, 2100.5)
b02 start  rc=(394, 458)  t=480.0  completed=True  world=(-1180.0, 1500.5)
b02 finish — <none>
b03 start  rc=(454, 290)  t=840.0  completed=True  world=(-6220.0, -299.5)
b03 finish rc=(454, 290)  t=480.0  completed=True  world=(-6220.0, -299.5)
b04 start  — <none>
b04 finish rc=(627, 392)  t=840.0  completed=False  world=(-3160.0, -5489.5)
b05 start  — <none>
b05 finish — <none>
=== end ===

— end dump —

Using multi-phase propagation with wind schedule.
[GC#02] updated fire after clearing batch
Using multi-phase propagation with wind schedule.
[GC#02] updated fire after clearing batch
Using multi-phase propagation with wind schedule.
[GC#01] updated fire after clearing batch
Using multi-phase propagation with wind schedule.
[GC#02] updated fire after clearing batch
  → selected [-3921.43004228 -2028.47400252] as drop point
FLUSHED
FLUSHED
Using multi-phase propagation with wind schedule.
DROP RAN
[DEBUG] AT#00  finished drop in sector 3 – notifying ground crews
[DEBUG] GC#01  attempting re-plan… remaining path = 507 cells
[DEBUG] GC#01 start@(491, 276)  raw_arr=inf  now=1132.0  mtt=nan  within_buffer=False
[START] GC#01 using NEW (buffered by planner) → start (491, 276) on boundary 3
Start:  (491, 276)
Finish:  (627, 392)
[GC#01] WARNING: fire intercept at (662, 362) (burn_pen>0) – truncating path at idx 462.
[GC#01] fire-line length 463 cells (568.3 min; ABORTED EARLY)
[DEBUG] GC#01  new path accepted (length 463, ETA 568.3 min)
Using multi-phase propagation with wind schedule.
[GC#02] updated fire after clearing batch
  → selected [-3930.68401068 -2491.81020863] as drop point
FLUSHED
FLUSHED
Using multi-phase propagation with wind schedule.
DROP RAN
[DEBUG] AT#00  finished drop in sector 3 – notifying ground crews
[DEBUG] GC#01  attempting re-plan… remaining path = 463 cells
[DEBUG] GC#01 start@(494, 264)  raw_arr=inf  now=1179.0  mtt=nan  within_buffer=False
[START] GC#01 using NEW (buffered by planner) → start (494, 264) on boundary 3
Start:  (494, 264)
Finish:  (627, 392)
[GC#01] WARNING: fire intercept at (661, 372) (burn_pen>0) – truncating path at idx 454.
[GC#01] fire-line length 455 cells (527.7 min; ABORTED EARLY)
[DEBUG] GC#01  new path accepted (length 455, ETA 527.7 min)
Applied action {'FireHercAgent': (4,), 'GroundCrewAgent': (4, 1)} at t=1200 min
[ICS] open=[0, 3, 4, 5]  crew_order=[3, 0, 4, 5]  weights={0: 115.0, 3: 259.0, 4: 45.0, 5: 3.0}
simulating in place
  → selected [-4615.72258741 -1898.47070587] as drop point
FLUSHED
FLUSHED
Using multi-phase propagation with wind schedule.
DROP RAN
[DEBUG] AT#00  finished drop in sector 3 – notifying ground crews
[DEBUG] GC#01  attempting re-plan… remaining path = 455 cells
[DEBUG] GC#01 start@(501, 252)  raw_arr=inf  now=1226.0  mtt=nan  within_buffer=False
[START] GC#01 using NEW (buffered by planner) → start (501, 252) on boundary 3
Start:  (501, 252)
Finish:  (627, 392)
[GC#01] WARNING: fire intercept at (661, 372) (burn_pen>0) – truncating path at idx 441.
[GC#01] fire-line length 442 cells (463.9 min; ABORTED EARLY)
[DEBUG] GC#01  new path accepted (length 442, ETA 463.9 min)
Using multi-phase propagation with wind schedule.
[GC#02] updated fire after clearing batch
  → selected [-5130.27346867  -660.57856777] as drop point
FLUSHED
FLUSHED
Using multi-phase propagation with wind schedule.
DROP RAN
[DEBUG] AT#00  finished drop in sector 3 – notifying ground crews
[DEBUG] GC#01  attempting re-plan… remaining path = 442 cells
[DEBUG] GC#01 start@(502, 242)  raw_arr=inf  now=1273.0  mtt=nan  within_buffer=False
[START] GC#01 using NEW (buffered by planner) → start (502, 242) on boundary 3
Start:  (502, 242)
Finish:  (627, 392)
[GC#01] WARNING: fire intercept at (661, 372) (burn_pen>0) – truncating path at idx 422.
[GC#01] fire-line length 423 cells (412.7 min; ABORTED EARLY)
[DEBUG] GC#01  new path accepted (length 423, ETA 412.7 min)
Using multi-phase propagation with wind schedule.
[GC#02] updated fire after clearing batch
Using multi-phase propagation with wind schedule.
[GC#02] updated fire after clearing batch
Sector contained  0

— after _mark_anchor_completed(bdy=1, role=start, by=None) —

=== boundary_anchors (NOW) ===
b00 start  — <none>
b00 finish rc=(454, 664)  t=840.0  completed=True  world=(5000.0, -299.5)
b01 start  rc=(374, 539)  t=840.0  completed=True  world=(1250.0, 2100.5)
b01 finish rc=(374, 539)  t=240.0  completed=True  world=(1250.0, 2100.5)
b02 start  rc=(394, 458)  t=480.0  completed=True  world=(-1180.0, 1500.5)
b02 finish — <none>
b03 start  rc=(454, 290)  t=840.0  completed=True  world=(-6220.0, -299.5)
b03 finish rc=(454, 290)  t=480.0  completed=True  world=(-6220.0, -299.5)
b04 start  — <none>
b04 finish rc=(627, 392)  t=840.0  completed=False  world=(-3160.0, -5489.5)
b05 start  — <none>
b05 finish — <none>
=== end ===

— end dump —


— after _mark_anchor_completed(bdy=0, role=finish, by=None) —

=== boundary_anchors (NOW) ===
b00 start  — <none>
b00 finish rc=(454, 664)  t=840.0  completed=True  world=(5000.0, -299.5)
b01 start  rc=(374, 539)  t=840.0  completed=True  world=(1250.0, 2100.5)
b01 finish rc=(374, 539)  t=240.0  completed=True  world=(1250.0, 2100.5)
b02 start  rc=(394, 458)  t=480.0  completed=True  world=(-1180.0, 1500.5)
b02 finish — <none>
b03 start  rc=(454, 290)  t=840.0  completed=True  world=(-6220.0, -299.5)
b03 finish rc=(454, 290)  t=480.0  completed=True  world=(-6220.0, -299.5)
b04 start  — <none>
b04 finish rc=(627, 392)  t=840.0  completed=False  world=(-3160.0, -5489.5)
b05 start  — <none>
b05 finish — <none>
=== end ===

— end dump —

[GC#02] Sector 0 contained → Standby
  → selected [-5436.31459581  -222.08061567] as drop point
FLUSHED
Using multi-phase propagation with wind schedule.
DROP RAN
[DEBUG] AT#00  finished drop in sector 3 – notifying ground crews
[DEBUG] GC#01  attempting re-plan… remaining path = 423 cells
[DEBUG] GC#01 start@(507, 240)  raw_arr=inf  now=1319.0  mtt=nan  within_buffer=False
[START] GC#01 using NEW (buffered by planner) → start (507, 240) on boundary 3
Start:  (507, 240)
Finish:  (627, 392)
[GC#01] WARNING: fire intercept at (664, 366) (burn_pen>0) – truncating path at idx 406.
[GC#01] fire-line length 407 cells (347.9 min; ABORTED EARLY)
[DEBUG] GC#01  new path accepted (length 407, ETA 347.9 min)
Applied action {'FireHercAgent': (4,), 'GroundCrewAgent': (4, 1)} at t=1320 min
[ICS] open=[3, 4, 5]  crew_order=[3, 4, 5]  weights={3: 259.0, 4: 45.0, 5: 3.0}
simulating in place

— after _record_anchor(bdy=3, role=start, cell=(454, 290), by=None) —

=== boundary_anchors (NOW) ===
b00 start  — <none>
b00 finish rc=(454, 664)  t=840.0  completed=True  world=(5000.0, -299.5)
b01 start  rc=(374, 539)  t=840.0  completed=True  world=(1250.0, 2100.5)
b01 finish rc=(374, 539)  t=240.0  completed=True  world=(1250.0, 2100.5)
b02 start  rc=(394, 458)  t=480.0  completed=True  world=(-1180.0, 1500.5)
b02 finish — <none>
b03 start  rc=(454, 290)  t=1320.0  completed=False  world=(-6220.0, -299.5)
b03 finish rc=(454, 290)  t=480.0  completed=True  world=(-6220.0, -299.5)
b04 start  — <none>
b04 finish rc=(627, 392)  t=840.0  completed=False  world=(-3160.0, -5489.5)
b05 start  — <none>
b05 finish — <none>
=== end ===

— end dump —


— after _record_anchor(bdy=4, role=finish, cell=(708, 346), by=None) —

=== boundary_anchors (NOW) ===
b00 start  — <none>
b00 finish rc=(454, 664)  t=840.0  completed=True  world=(5000.0, -299.5)
b01 start  rc=(374, 539)  t=840.0  completed=True  world=(1250.0, 2100.5)
b01 finish rc=(374, 539)  t=240.0  completed=True  world=(1250.0, 2100.5)
b02 start  rc=(394, 458)  t=480.0  completed=True  world=(-1180.0, 1500.5)
b02 finish — <none>
b03 start  rc=(454, 290)  t=1320.0  completed=False  world=(-6220.0, -299.5)
b03 finish rc=(454, 290)  t=480.0  completed=True  world=(-6220.0, -299.5)
b04 start  — <none>
b04 finish rc=(708, 346)  t=1320.0  completed=False  world=(-4540.0, -7919.5)
b05 start  — <none>
b05 finish — <none>
=== end ===

— end dump —

[DEBUG] sector 3: start@bdy3 (454, 290)   finish@bdy4 (708, 346)
[GC#02] → sector 3  start (454, 290)  finish (708, 346)
  → selected [-6191.7072422   -800.31897508] as drop point
FLUSHED
Using multi-phase propagation with wind schedule.
DROP RAN
[DEBUG] AT#00  finished drop in sector 3 – notifying ground crews
[DEBUG] GC#01  attempting re-plan… remaining path = 407 cells
[DEBUG] GC#01 start@(515, 238)  raw_arr=inf  now=1366.0  mtt=nan  within_buffer=False
[START] GC#01 using NEW (buffered by planner) → start (515, 238) on boundary 3
Start:  (515, 238)
Finish:  (627, 392)
[GC#01] fire-line length 329 cells (329.7 min; full plan)
[DEBUG] GC#01  new path accepted (length 329, ETA 329.7 min)
Using multi-phase propagation with wind schedule.
[GC#01] updated fire after clearing batch
Using multi-phase propagation with wind schedule.
[GC#01] updated fire after clearing batch
  → selected [-6491.72132223 -2032.9138936 ] as drop point
FLUSHED
Using multi-phase propagation with wind schedule.
DROP RAN
[DEBUG] AT#00  finished drop in sector 3 – notifying ground crews
[DEBUG] GC#01  attempting re-plan… remaining path = 329 cells
[DEBUG] GC#01 start@(560, 237)  raw_arr=inf  now=1413.0  mtt=nan  within_buffer=False
[START] GC#01 using NEW (buffered by planner) → start (560, 237) on boundary 3
Start:  (560, 237)
Finish:  (627, 392)
[GC#01] fire-line length 269 cells (282.6 min; full plan)
[DEBUG] GC#01  new path accepted (length 269, ETA 282.6 min)
Using multi-phase propagation with wind schedule.
[GC#01] updated fire after clearing batch
Using multi-phase propagation with wind schedule.
[GC#01] updated fire after clearing batch
Using multi-phase propagation with wind schedule.
[GC#01] updated fire after clearing batch
Applied action {'FireHercAgent': (4,), 'GroundCrewAgent': (4, 5)} at t=1440 min
[ICS] open=[3, 4, 5]  crew_order=[3, 4, 5]  weights={3: 259.0, 4: 45.0, 5: 3.0}
simulating in place
Using multi-phase propagation with wind schedule.
[GC#01] updated fire after clearing batch
Using multi-phase propagation with wind schedule.
[GC#01] updated fire after clearing batch
  → selected [-6960.89077819 -2180.84245484] as drop point
FLUSHED
Using multi-phase propagation with wind schedule.
DROP RAN
[DEBUG] AT#00  finished drop in sector 3 – notifying ground crews
[DEBUG] GC#01  attempting re-plan… remaining path = 269 cells
[DEBUG] GC#01 start@(623, 287)  raw_arr=inf  now=1460.0  mtt=nan  within_buffer=False
[START] GC#01 using NEW (buffered by planner) → start (623, 287) on boundary 3
Start:  (623, 287)
Finish:  (627, 392)
[GC#01] fire-line length 120 cells (235.5 min; full plan)
[DEBUG] GC#01  new path accepted (length 120, ETA 235.5 min)
Using multi-phase propagation with wind schedule.
[GC#01] updated fire after clearing batch
  → [-492.45716252  -94.78987141] already burned – skipping
Sector retarded
{0, 3}
Using multi-phase propagation with wind schedule.
[GC#01] updated fire after clearing batch
  → [-105.16320624   -8.92886843] already burned – skipping
Sector retarded
{0, 3}
Applied action {'FireHercAgent': (4,), 'GroundCrewAgent': (4, 5)} at t=1560 min
[ICS] open=[3, 4, 5]  crew_order=[3, 4, 5]  weights={3: 259.0, 4: 45.0, 5: 3.0}
simulating in place
  → selected [-7878.89635569 -2470.28850161] as drop point
FLUSHED
Using multi-phase propagation with wind schedule.
DROP RAN
[DEBUG] AT#00  finished drop in sector 3 – notifying ground crews
[DEBUG] GC#01  attempting re-plan… remaining path = 120 cells
[DEBUG] GC#01 start@(618, 353)  raw_arr=inf  now=1600.0  mtt=nan  within_buffer=False
[START] GC#01 using NEW (buffered by planner) → start (618, 353) on boundary 3
Start:  (618, 353)
Finish:  (627, 392)
[GC#01] fire-line length 49 cells (96.4 min; full plan)
[DEBUG] GC#01  new path accepted (length 49, ETA 96.4 min)
Using multi-phase propagation with wind schedule.
[GC#01] updated fire after clearing batch
  → [-173.3297084  -121.33913139] already burned – skipping
Sector retarded
{0, 3}
Applied action {'FireHercAgent': (4,), 'GroundCrewAgent': (4, 5)} at t=1680 min
[ICS] open=[3, 4, 5]  crew_order=[3, 4, 5]  weights={3: 259.0, 4: 45.0, 5: 3.0}
simulating in place
[START] GC#02 using ANCHOR (unspecified source) → start (454, 290) on boundary 3
Start:  (454, 290)
Finish:  (708, 346)
[GC#02] fire-line length 439 cells (4.7 min; full plan)

— after _mark_anchor_completed(bdy=3, role=start, by=None) —

=== boundary_anchors (NOW) ===
b00 start  — <none>
b00 finish rc=(454, 664)  t=840.0  completed=True  world=(5000.0, -299.5)
b01 start  rc=(374, 539)  t=840.0  completed=True  world=(1250.0, 2100.5)
b01 finish rc=(374, 539)  t=240.0  completed=True  world=(1250.0, 2100.5)
b02 start  rc=(394, 458)  t=480.0  completed=True  world=(-1180.0, 1500.5)
b02 finish — <none>
b03 start  rc=(454, 290)  t=1320.0  completed=True  world=(-6220.0, -299.5)
b03 finish rc=(454, 290)  t=480.0  completed=True  world=(-6220.0, -299.5)
b04 start  — <none>
b04 finish rc=(708, 346)  t=1320.0  completed=False  world=(-4540.0, -7919.5)
b05 start  — <none>
b05 finish — <none>
=== end ===

— end dump —


— after _mark_anchor_completed(bdy=4, role=finish, by=<groundcrew.GroundCrewAgent object at 0x000002B10FEFA250>) —

=== boundary_anchors (NOW) ===
b00 start  — <none>
b00 finish rc=(454, 664)  t=840.0  completed=True  world=(5000.0, -299.5)
b01 start  rc=(374, 539)  t=840.0  completed=True  world=(1250.0, 2100.5)
b01 finish rc=(374, 539)  t=240.0  completed=True  world=(1250.0, 2100.5)
b02 start  rc=(394, 458)  t=480.0  completed=True  world=(-1180.0, 1500.5)
b02 finish — <none>
b03 start  rc=(454, 290)  t=1320.0  completed=True  world=(-6220.0, -299.5)
b03 finish rc=(454, 290)  t=480.0  completed=True  world=(-6220.0, -299.5)
b04 start  — <none>
b04 finish rc=(708, 346)  t=1320.0  completed=True  world=(-4540.0, -7919.5)
b05 start  — <none>
b05 finish — <none>
=== end ===

— end dump —

Using multi-phase propagation with wind schedule.
[GC#02] updated fire after clearing batch
Using multi-phase propagation with wind schedule.
[GC#02] updated fire after clearing batch
Using multi-phase propagation with wind schedule.
[GC#02] updated fire after clearing batch
Using multi-phase propagation with wind schedule.
[GC#02] updated fire after clearing batch
Using multi-phase propagation with wind schedule.
[GC#02] updated fire after clearing batch
Using multi-phase propagation with wind schedule.
[GC#02] updated fire after clearing batch
Using multi-phase propagation with wind schedule.
[GC#02] updated fire after clearing batch
Using multi-phase propagation with wind schedule.
[GC#02] updated fire after clearing batch
Using multi-phase propagation with wind schedule.
[GC#01] updated fire after clearing batch
Sector contained  3

— after _mark_anchor_completed(bdy=3, role=start, by=None) —

=== boundary_anchors (NOW) ===
b00 start  — <none>
b00 finish rc=(454, 664)  t=840.0  completed=True  world=(5000.0, -299.5)
b01 start  rc=(374, 539)  t=840.0  completed=True  world=(1250.0, 2100.5)
b01 finish rc=(374, 539)  t=240.0  completed=True  world=(1250.0, 2100.5)
b02 start  rc=(394, 458)  t=480.0  completed=True  world=(-1180.0, 1500.5)
b02 finish — <none>
b03 start  rc=(454, 290)  t=1320.0  completed=True  world=(-6220.0, -299.5)
b03 finish rc=(454, 290)  t=480.0  completed=True  world=(-6220.0, -299.5)
b04 start  — <none>
b04 finish rc=(708, 346)  t=1320.0  completed=True  world=(-4540.0, -7919.5)
b05 start  — <none>
b05 finish — <none>
=== end ===

— end dump —


— after _mark_anchor_completed(bdy=4, role=finish, by=None) —

=== boundary_anchors (NOW) ===
b00 start  — <none>
b00 finish rc=(454, 664)  t=840.0  completed=True  world=(5000.0, -299.5)
b01 start  rc=(374, 539)  t=840.0  completed=True  world=(1250.0, 2100.5)
b01 finish rc=(374, 539)  t=240.0  completed=True  world=(1250.0, 2100.5)
b02 start  rc=(394, 458)  t=480.0  completed=True  world=(-1180.0, 1500.5)
b02 finish — <none>
b03 start  rc=(454, 290)  t=1320.0  completed=True  world=(-6220.0, -299.5)
b03 finish rc=(454, 290)  t=480.0  completed=True  world=(-6220.0, -299.5)
b04 start  — <none>
b04 finish rc=(708, 346)  t=1320.0  completed=True  world=(-4540.0, -7919.5)
b05 start  — <none>
b05 finish — <none>
=== end ===

— end dump —

[GC#01] Sector 3 contained → Standby
Using multi-phase propagation with wind schedule.
[GC#02] updated fire after clearing batch
Sector contained  3

— after _mark_anchor_completed(bdy=3, role=start, by=None) —

=== boundary_anchors (NOW) ===
b00 start  — <none>
b00 finish rc=(454, 664)  t=840.0  completed=True  world=(5000.0, -299.5)
b01 start  rc=(374, 539)  t=840.0  completed=True  world=(1250.0, 2100.5)
b01 finish rc=(374, 539)  t=240.0  completed=True  world=(1250.0, 2100.5)
b02 start  rc=(394, 458)  t=480.0  completed=True  world=(-1180.0, 1500.5)
b02 finish — <none>
b03 start  rc=(454, 290)  t=1320.0  completed=True  world=(-6220.0, -299.5)
b03 finish rc=(454, 290)  t=480.0  completed=True  world=(-6220.0, -299.5)
b04 start  — <none>
b04 finish rc=(708, 346)  t=1320.0  completed=True  world=(-4540.0, -7919.5)
b05 start  — <none>
b05 finish — <none>
=== end ===

— end dump —


— after _mark_anchor_completed(bdy=4, role=finish, by=None) —

=== boundary_anchors (NOW) ===
b00 start  — <none>
b00 finish rc=(454, 664)  t=840.0  completed=True  world=(5000.0, -299.5)
b01 start  rc=(374, 539)  t=840.0  completed=True  world=(1250.0, 2100.5)
b01 finish rc=(374, 539)  t=240.0  completed=True  world=(1250.0, 2100.5)
b02 start  rc=(394, 458)  t=480.0  completed=True  world=(-1180.0, 1500.5)
b02 finish — <none>
b03 start  rc=(454, 290)  t=1320.0  completed=True  world=(-6220.0, -299.5)
b03 finish rc=(454, 290)  t=480.0  completed=True  world=(-6220.0, -299.5)
b04 start  — <none>
b04 finish rc=(708, 346)  t=1320.0  completed=True  world=(-4540.0, -7919.5)
b05 start  — <none>
b05 finish — <none>
=== end ===

— end dump —

[GC#02] Sector 3 contained → Standby
  → [-1504.90232117  -770.50929417] already burned – skipping
Sector retarded
{0, 3}
  → [-1506.13245309  -771.14966031] already burned – skipping
Sector retarded
{0, 3}
  → [-83.70961515 -52.57121516] already burned – skipping
Sector retarded
{0, 3}
  → [-398.8648402  -294.39832475] already burned – skipping
Sector retarded
{0, 3}
Applied action {'FireHercAgent': (4,), 'GroundCrewAgent': (4, 5)} at t=1800 min
[ICS] open=[4, 5]  crew_order=[4, 5]  weights={4: 45.0, 5: 3.0}
simulating in place

— after _record_anchor(bdy=4, role=start, cell=(708, 346), by=None) —

=== boundary_anchors (NOW) ===
b00 start  — <none>
b00 finish rc=(454, 664)  t=840.0  completed=True  world=(5000.0, -299.5)
b01 start  rc=(374, 539)  t=840.0  completed=True  world=(1250.0, 2100.5)
b01 finish rc=(374, 539)  t=240.0  completed=True  world=(1250.0, 2100.5)
b02 start  rc=(394, 458)  t=480.0  completed=True  world=(-1180.0, 1500.5)
b02 finish — <none>
b03 start  rc=(454, 290)  t=1320.0  completed=True  world=(-6220.0, -299.5)
b03 finish rc=(454, 290)  t=480.0  completed=True  world=(-6220.0, -299.5)
b04 start  rc=(708, 346)  t=1800.0  completed=False  world=(-4540.0, -7919.5)
b04 finish rc=(708, 346)  t=1320.0  completed=True  world=(-4540.0, -7919.5)
b05 start  — <none>
b05 finish — <none>
=== end ===

— end dump —


— after _record_anchor(bdy=5, role=finish, cell=(819, 703), by=None) —

=== boundary_anchors (NOW) ===
b00 start  — <none>
b00 finish rc=(454, 664)  t=840.0  completed=True  world=(5000.0, -299.5)
b01 start  rc=(374, 539)  t=840.0  completed=True  world=(1250.0, 2100.5)
b01 finish rc=(374, 539)  t=240.0  completed=True  world=(1250.0, 2100.5)
b02 start  rc=(394, 458)  t=480.0  completed=True  world=(-1180.0, 1500.5)
b02 finish — <none>
b03 start  rc=(454, 290)  t=1320.0  completed=True  world=(-6220.0, -299.5)
b03 finish rc=(454, 290)  t=480.0  completed=True  world=(-6220.0, -299.5)
b04 start  rc=(708, 346)  t=1800.0  completed=False  world=(-4540.0, -7919.5)
b04 finish rc=(708, 346)  t=1320.0  completed=True  world=(-4540.0, -7919.5)
b05 start  — <none>
b05 finish rc=(819, 703)  t=1800.0  completed=False  world=(6170.0, -11249.5)
=== end ===

— end dump —

[DEBUG] sector 4: start@bdy4 (708, 346)   finish@bdy5 (819, 703)
[GC#01] → sector 4  start (708, 346)  finish (819, 703)

— after _record_anchor(bdy=0, role=start, cell=(454, 664), by=None) —

=== boundary_anchors (NOW) ===
b00 start  rc=(454, 664)  t=1800.0  completed=False  world=(5000.0, -299.5)
b00 finish rc=(454, 664)  t=840.0  completed=True  world=(5000.0, -299.5)
b01 start  rc=(374, 539)  t=840.0  completed=True  world=(1250.0, 2100.5)
b01 finish rc=(374, 539)  t=240.0  completed=True  world=(1250.0, 2100.5)
b02 start  rc=(394, 458)  t=480.0  completed=True  world=(-1180.0, 1500.5)
b02 finish — <none>
b03 start  rc=(454, 290)  t=1320.0  completed=True  world=(-6220.0, -299.5)
b03 finish rc=(454, 290)  t=480.0  completed=True  world=(-6220.0, -299.5)
b04 start  rc=(708, 346)  t=1800.0  completed=False  world=(-4540.0, -7919.5)
b04 finish rc=(708, 346)  t=1320.0  completed=True  world=(-4540.0, -7919.5)
b05 start  — <none>
b05 finish rc=(819, 703)  t=1800.0  completed=False  world=(6170.0, -11249.5)
=== end ===

— end dump —


— after _record_anchor(bdy=5, role=finish, cell=(819, 703), by=None) —

=== boundary_anchors (NOW) ===
b00 start  rc=(454, 664)  t=1800.0  completed=False  world=(5000.0, -299.5)
b00 finish rc=(454, 664)  t=840.0  completed=True  world=(5000.0, -299.5)
b01 start  rc=(374, 539)  t=840.0  completed=True  world=(1250.0, 2100.5)
b01 finish rc=(374, 539)  t=240.0  completed=True  world=(1250.0, 2100.5)
b02 start  rc=(394, 458)  t=480.0  completed=True  world=(-1180.0, 1500.5)
b02 finish — <none>
b03 start  rc=(454, 290)  t=1320.0  completed=True  world=(-6220.0, -299.5)
b03 finish rc=(454, 290)  t=480.0  completed=True  world=(-6220.0, -299.5)
b04 start  rc=(708, 346)  t=1800.0  completed=False  world=(-4540.0, -7919.5)
b04 finish rc=(708, 346)  t=1320.0  completed=True  world=(-4540.0, -7919.5)
b05 start  — <none>
b05 finish rc=(819, 703)  t=1800.0  completed=False  world=(6170.0, -11249.5)
=== end ===

— end dump —

[DEBUG] sector 5: start@bdy0 (454, 664)   finish@bdy5 (819, 703)
[GC#02] → sector 5  start (454, 664)  finish (819, 703)
  → [ 115.31394612 -250.84866569] already burned – skipping
Sector retarded
{0, 3, 4}
[START] GC#01 using ANCHOR (unspecified source) → start (708, 346) on boundary 4
Start:  (708, 346)
Finish:  (819, 703)
[GC#01] fire-line length 597 cells (580.1 min; full plan)

— after _mark_anchor_completed(bdy=4, role=start, by=None) —

=== boundary_anchors (NOW) ===
b00 start  rc=(454, 664)  t=1800.0  completed=False  world=(5000.0, -299.5)
b00 finish rc=(454, 664)  t=840.0  completed=True  world=(5000.0, -299.5)
b01 start  rc=(374, 539)  t=840.0  completed=True  world=(1250.0, 2100.5)
b01 finish rc=(374, 539)  t=240.0  completed=True  world=(1250.0, 2100.5)
b02 start  rc=(394, 458)  t=480.0  completed=True  world=(-1180.0, 1500.5)
b02 finish — <none>
b03 start  rc=(454, 290)  t=1320.0  completed=True  world=(-6220.0, -299.5)
b03 finish rc=(454, 290)  t=480.0  completed=True  world=(-6220.0, -299.5)
b04 start  rc=(708, 346)  t=1800.0  completed=True  world=(-4540.0, -7919.5)
b04 finish rc=(708, 346)  t=1320.0  completed=True  world=(-4540.0, -7919.5)
b05 start  — <none>
b05 finish rc=(819, 703)  t=1800.0  completed=False  world=(6170.0, -11249.5)
=== end ===

— end dump —


— after _mark_anchor_completed(bdy=5, role=finish, by=<groundcrew.GroundCrewAgent object at 0x000002B10FA0CC10>) —

=== boundary_anchors (NOW) ===
b00 start  rc=(454, 664)  t=1800.0  completed=False  world=(5000.0, -299.5)
b00 finish rc=(454, 664)  t=840.0  completed=True  world=(5000.0, -299.5)
b01 start  rc=(374, 539)  t=840.0  completed=True  world=(1250.0, 2100.5)
b01 finish rc=(374, 539)  t=240.0  completed=True  world=(1250.0, 2100.5)
b02 start  rc=(394, 458)  t=480.0  completed=True  world=(-1180.0, 1500.5)
b02 finish — <none>
b03 start  rc=(454, 290)  t=1320.0  completed=True  world=(-6220.0, -299.5)
b03 finish rc=(454, 290)  t=480.0  completed=True  world=(-6220.0, -299.5)
b04 start  rc=(708, 346)  t=1800.0  completed=True  world=(-4540.0, -7919.5)
b04 finish rc=(708, 346)  t=1320.0  completed=True  world=(-4540.0, -7919.5)
b05 start  — <none>
b05 finish rc=(819, 703)  t=1800.0  completed=True  world=(6170.0, -11249.5)
=== end ===

— end dump —

Using multi-phase propagation with wind schedule.
[GC#01] updated fire after clearing batch
Using multi-phase propagation with wind schedule.
[GC#01] updated fire after clearing batch
  → [  62.52462738 -244.02074324] already burned – skipping
Sector retarded
{0, 3, 4}
  → [  62.52115544 -244.00508233] already burned – skipping
Sector retarded
{0, 3, 4}
Using multi-phase propagation with wind schedule.
[GC#01] updated fire after clearing batch
Using multi-phase propagation with wind schedule.
[GC#01] updated fire after clearing batch
Applied action {'FireHercAgent': (5,), 'GroundCrewAgent': (5, 6)} at t=1920 min
[ICS] open=[4, 5]  crew_order=[4, 5]  weights={4: 45.0, 5: 3.0}
simulating in place
  → [ -94.04509376 -174.75661154] already burned – skipping
Sector retarded
{0, 3, 4}
Using multi-phase propagation with wind schedule.
[GC#01] updated fire after clearing batch
Using multi-phase propagation with wind schedule.
[GC#01] updated fire after clearing batch
  → [ 18.31510574 -16.6727497 ] already burned – skipping
Sector retarded
{0, 3, 4}
Using multi-phase propagation with wind schedule.
[GC#01] updated fire after clearing batch
  → [  92.82029086 -196.54417809] already burned – skipping
Sector retarded
{0, 3, 4}
Using multi-phase propagation with wind schedule.
[GC#01] updated fire after clearing batch
Applied action {'FireHercAgent': (5,), 'GroundCrewAgent': (5, 6)} at t=2040 min
[ICS] open=[4, 5]  crew_order=[4, 5]  weights={4: 45.0, 5: 3.0}
simulating in place
Using multi-phase propagation with wind schedule.
[GC#01] updated fire after clearing batch
  → [ 115.90347862 -197.56691769] already burned – skipping
Sector retarded
{0, 3, 4}
  → [ 115.89932627 -197.5589411 ] already burned – skipping
Sector retarded
{0, 3, 4}
Using multi-phase propagation with wind schedule.
[GC#01] updated fire after clearing batch
[START] GC#02 using ANCHOR (unspecified source) → start (454, 664) on boundary 0
Start:  (454, 664)
Finish:  (819, 703)
[GC#02] WARNING: fire intercept at (818, 703) (burn_pen>0) – truncating path at idx 954.
[GC#02] fire-line length 955 cells (1968.1 min; ABORTED EARLY)

— after _mark_anchor_completed(bdy=0, role=start, by=None) —

=== boundary_anchors (NOW) ===
b00 start  rc=(454, 664)  t=1800.0  completed=True  world=(5000.0, -299.5)
b00 finish rc=(454, 664)  t=840.0  completed=True  world=(5000.0, -299.5)
b01 start  rc=(374, 539)  t=840.0  completed=True  world=(1250.0, 2100.5)
b01 finish rc=(374, 539)  t=240.0  completed=True  world=(1250.0, 2100.5)
b02 start  rc=(394, 458)  t=480.0  completed=True  world=(-1180.0, 1500.5)
b02 finish — <none>
b03 start  rc=(454, 290)  t=1320.0  completed=True  world=(-6220.0, -299.5)
b03 finish rc=(454, 290)  t=480.0  completed=True  world=(-6220.0, -299.5)
b04 start  rc=(708, 346)  t=1800.0  completed=True  world=(-4540.0, -7919.5)
b04 finish rc=(708, 346)  t=1320.0  completed=True  world=(-4540.0, -7919.5)
b05 start  — <none>
b05 finish rc=(819, 703)  t=1800.0  completed=True  world=(6170.0, -11249.5)
=== end ===

— end dump —


— after _mark_anchor_completed(bdy=5, role=finish, by=<groundcrew.GroundCrewAgent object at 0x000002B10FEFA250>) —

=== boundary_anchors (NOW) ===
b00 start  rc=(454, 664)  t=1800.0  completed=True  world=(5000.0, -299.5)
b00 finish rc=(454, 664)  t=840.0  completed=True  world=(5000.0, -299.5)
b01 start  rc=(374, 539)  t=840.0  completed=True  world=(1250.0, 2100.5)
b01 finish rc=(374, 539)  t=240.0  completed=True  world=(1250.0, 2100.5)
b02 start  rc=(394, 458)  t=480.0  completed=True  world=(-1180.0, 1500.5)
b02 finish — <none>
b03 start  rc=(454, 290)  t=1320.0  completed=True  world=(-6220.0, -299.5)
b03 finish rc=(454, 290)  t=480.0  completed=True  world=(-6220.0, -299.5)
b04 start  rc=(708, 346)  t=1800.0  completed=True  world=(-4540.0, -7919.5)
b04 finish rc=(708, 346)  t=1320.0  completed=True  world=(-4540.0, -7919.5)
b05 start  — <none>
b05 finish rc=(819, 703)  t=1800.0  completed=True  world=(6170.0, -11249.5)
=== end ===

— end dump —


— after _mark_anchor_uncompleted(bdy=5, role=finish, by=<groundcrew.GroundCrewAgent object at 0x000002B10FEFA250>) —

=== boundary_anchors (NOW) ===
b00 start  rc=(454, 664)  t=1800.0  completed=True  world=(5000.0, -299.5)
b00 finish rc=(454, 664)  t=840.0  completed=True  world=(5000.0, -299.5)
b01 start  rc=(374, 539)  t=840.0  completed=True  world=(1250.0, 2100.5)
b01 finish rc=(374, 539)  t=240.0  completed=True  world=(1250.0, 2100.5)
b02 start  rc=(394, 458)  t=480.0  completed=True  world=(-1180.0, 1500.5)
b02 finish — <none>
b03 start  rc=(454, 290)  t=1320.0  completed=True  world=(-6220.0, -299.5)
b03 finish rc=(454, 290)  t=480.0  completed=True  world=(-6220.0, -299.5)
b04 start  rc=(708, 346)  t=1800.0  completed=True  world=(-4540.0, -7919.5)
b04 finish rc=(708, 346)  t=1320.0  completed=True  world=(-4540.0, -7919.5)
b05 start  — <none>
b05 finish rc=(819, 703)  t=1800.0  completed=False  world=(6170.0, -11249.5)
=== end ===

— end dump —

  → [ 119.86091138 -205.16907531] already burned – skipping
Sector retarded
{0, 3, 4}
Using multi-phase propagation with wind schedule.
[GC#02] updated fire after clearing batch
Using multi-phase propagation with wind schedule.
[GC#01] updated fire after clearing batch
Applied action {'FireHercAgent': (5,), 'GroundCrewAgent': (5, 6)} at t=2160 min
[ICS] open=[4, 5]  crew_order=[4, 5]  weights={4: 45.0, 5: 3.0}
simulating in place
Using multi-phase propagation with wind schedule.
[GC#01] updated fire after clearing batch
Using multi-phase propagation with wind schedule.
[GC#02] updated fire after clearing batch
  → [ 37.97304009 -47.86393815] already burned – skipping
Sector retarded
{0, 3, 4}
Using multi-phase propagation with wind schedule.
[GC#02] updated fire after clearing batch
Using multi-phase propagation with wind schedule.
[GC#01] updated fire after clearing batch
Using multi-phase propagation with wind schedule.
[GC#01] updated fire after clearing batch
Using multi-phase propagation with wind schedule.
[GC#01] updated fire after clearing batch
Using multi-phase propagation with wind schedule.
[GC#01] updated fire after clearing batch
  → [  60.34470838 -160.06425484] already burned – skipping
Sector retarded
{0, 3, 4}
  → [  76.4605927  -211.17730981] already burned – skipping
Sector retarded
{0, 3, 4}
  → [  76.45701236 -211.16595441] already burned – skipping
Sector retarded
{0, 3, 4}
Using multi-phase propagation with wind schedule.
[GC#01] updated fire after clearing batch
Applied action {'FireHercAgent': (5,), 'GroundCrewAgent': (5, 6)} at t=2280 min
[ICS] open=[4, 5]  crew_order=[4, 5]  weights={4: 45.0, 5: 3.0}
simulating in place
Using multi-phase propagation with wind schedule.
[GC#01] updated fire after clearing batch
Using multi-phase propagation with wind schedule.
[GC#02] updated fire after clearing batch
Using multi-phase propagation with wind schedule.
[GC#01] updated fire after clearing batch
Using multi-phase propagation with wind schedule.
[GC#01] updated fire after clearing batch
  → [ 144.77673707 -253.03193113] already burned – skipping
Sector retarded
{0, 3, 4}
Using multi-phase propagation with wind schedule.
[GC#01] updated fire after clearing batch
  → [  91.00214978 -149.73191006] already burned – skipping
Sector retarded
{0, 3, 4}
Using multi-phase propagation with wind schedule.
[GC#01] updated fire after clearing batch
Applied action {'FireHercAgent': (5,), 'GroundCrewAgent': (5, 6)} at t=2400 min
[ICS] open=[4, 5]  crew_order=[4, 5]  weights={4: 45.0, 5: 3.0}
simulating in place
Using multi-phase propagation with wind schedule.
[GC#01] updated fire after clearing batch
  → [  96.13132928 -159.58497221] already burned – skipping
Sector retarded
{0, 3, 4}
Using multi-phase propagation with wind schedule.
[GC#02] updated fire after clearing batch
Using multi-phase propagation with wind schedule.
[GC#01] updated fire after clearing batch
  → [  98.16618603 -163.49389566] already burned – skipping
Sector retarded
{0, 3, 4}
Using multi-phase propagation with wind schedule.
[GC#01] updated fire after clearing batch
Sector contained  4

— after _mark_anchor_completed(bdy=4, role=start, by=None) —

=== boundary_anchors (NOW) ===
b00 start  rc=(454, 664)  t=1800.0  completed=True  world=(5000.0, -299.5)
b00 finish rc=(454, 664)  t=840.0  completed=True  world=(5000.0, -299.5)
b01 start  rc=(374, 539)  t=840.0  completed=True  world=(1250.0, 2100.5)
b01 finish rc=(374, 539)  t=240.0  completed=True  world=(1250.0, 2100.5)
b02 start  rc=(394, 458)  t=480.0  completed=True  world=(-1180.0, 1500.5)
b02 finish — <none>
b03 start  rc=(454, 290)  t=1320.0  completed=True  world=(-6220.0, -299.5)
b03 finish rc=(454, 290)  t=480.0  completed=True  world=(-6220.0, -299.5)
b04 start  rc=(708, 346)  t=1800.0  completed=True  world=(-4540.0, -7919.5)
b04 finish rc=(708, 346)  t=1320.0  completed=True  world=(-4540.0, -7919.5)
b05 start  — <none>
b05 finish rc=(819, 703)  t=1800.0  completed=False  world=(6170.0, -11249.5)
=== end ===

— end dump —


— after _mark_anchor_completed(bdy=5, role=finish, by=None) —

=== boundary_anchors (NOW) ===
b00 start  rc=(454, 664)  t=1800.0  completed=True  world=(5000.0, -299.5)
b00 finish rc=(454, 664)  t=840.0  completed=True  world=(5000.0, -299.5)
b01 start  rc=(374, 539)  t=840.0  completed=True  world=(1250.0, 2100.5)
b01 finish rc=(374, 539)  t=240.0  completed=True  world=(1250.0, 2100.5)
b02 start  rc=(394, 458)  t=480.0  completed=True  world=(-1180.0, 1500.5)
b02 finish — <none>
b03 start  rc=(454, 290)  t=1320.0  completed=True  world=(-6220.0, -299.5)
b03 finish rc=(454, 290)  t=480.0  completed=True  world=(-6220.0, -299.5)
b04 start  rc=(708, 346)  t=1800.0  completed=True  world=(-4540.0, -7919.5)
b04 finish rc=(708, 346)  t=1320.0  completed=True  world=(-4540.0, -7919.5)
b05 start  — <none>
b05 finish rc=(819, 703)  t=1800.0  completed=True  world=(6170.0, -11249.5)
=== end ===

— end dump —

[GC#01] Sector 4 contained → Standby
  → [  98.15099836 -163.4647204 ] already burned – skipping
Sector retarded
{0, 3, 4}
  → [ 192.03777957 -343.81954908] already burned – skipping
Sector retarded
{0, 3, 4}
Applied action {'FireHercAgent': (5,), 'GroundCrewAgent': (5, 6)} at t=2520 min
[ICS] open=[5]  crew_order=[5]  weights={5: 3.0}
simulating in place

— after _record_anchor(bdy=5, role=start, cell=(819, 703), by=None) —

=== boundary_anchors (NOW) ===
b00 start  rc=(454, 664)  t=1800.0  completed=True  world=(5000.0, -299.5)
b00 finish rc=(454, 664)  t=840.0  completed=True  world=(5000.0, -299.5)
b01 start  rc=(374, 539)  t=840.0  completed=True  world=(1250.0, 2100.5)
b01 finish rc=(374, 539)  t=240.0  completed=True  world=(1250.0, 2100.5)
b02 start  rc=(394, 458)  t=480.0  completed=True  world=(-1180.0, 1500.5)
b02 finish — <none>
b03 start  rc=(454, 290)  t=1320.0  completed=True  world=(-6220.0, -299.5)
b03 finish rc=(454, 290)  t=480.0  completed=True  world=(-6220.0, -299.5)
b04 start  rc=(708, 346)  t=1800.0  completed=True  world=(-4540.0, -7919.5)
b04 finish rc=(708, 346)  t=1320.0  completed=True  world=(-4540.0, -7919.5)
b05 start  rc=(819, 703)  t=2520.0  completed=False  world=(6170.0, -11249.5)
b05 finish rc=(819, 703)  t=1800.0  completed=True  world=(6170.0, -11249.5)
=== end ===

— end dump —


— after _record_anchor(bdy=0, role=finish, cell=(454, 664), by=None) —

=== boundary_anchors (NOW) ===
b00 start  rc=(454, 664)  t=1800.0  completed=True  world=(5000.0, -299.5)
b00 finish rc=(454, 664)  t=2520.0  completed=False  world=(5000.0, -299.5)
b01 start  rc=(374, 539)  t=840.0  completed=True  world=(1250.0, 2100.5)
b01 finish rc=(374, 539)  t=240.0  completed=True  world=(1250.0, 2100.5)
b02 start  rc=(394, 458)  t=480.0  completed=True  world=(-1180.0, 1500.5)
b02 finish — <none>
b03 start  rc=(454, 290)  t=1320.0  completed=True  world=(-6220.0, -299.5)
b03 finish rc=(454, 290)  t=480.0  completed=True  world=(-6220.0, -299.5)
b04 start  rc=(708, 346)  t=1800.0  completed=True  world=(-4540.0, -7919.5)
b04 finish rc=(708, 346)  t=1320.0  completed=True  world=(-4540.0, -7919.5)
b05 start  rc=(819, 703)  t=2520.0  completed=False  world=(6170.0, -11249.5)
b05 finish rc=(819, 703)  t=1800.0  completed=True  world=(6170.0, -11249.5)
=== end ===

— end dump —

[DEBUG] sector 5: start@bdy5 (819, 703)   finish@bdy0 (454, 664)
[GC#01] → sector 5  start (819, 703)  finish (454, 664)
[START] GC#01 using ANCHOR (unspecified source) → start (819, 703) on boundary 5
Start:  (819, 703)
Finish:  (454, 664)
[GC#01] fire-line length 795 cells (1061.9 min; full plan)

— after _mark_anchor_completed(bdy=5, role=start, by=None) —

=== boundary_anchors (NOW) ===
b00 start  rc=(454, 664)  t=1800.0  completed=True  world=(5000.0, -299.5)
b00 finish rc=(454, 664)  t=2520.0  completed=False  world=(5000.0, -299.5)
b01 start  rc=(374, 539)  t=840.0  completed=True  world=(1250.0, 2100.5)
b01 finish rc=(374, 539)  t=240.0  completed=True  world=(1250.0, 2100.5)
b02 start  rc=(394, 458)  t=480.0  completed=True  world=(-1180.0, 1500.5)
b02 finish — <none>
b03 start  rc=(454, 290)  t=1320.0  completed=True  world=(-6220.0, -299.5)
b03 finish rc=(454, 290)  t=480.0  completed=True  world=(-6220.0, -299.5)
b04 start  rc=(708, 346)  t=1800.0  completed=True  world=(-4540.0, -7919.5)
b04 finish rc=(708, 346)  t=1320.0  completed=True  world=(-4540.0, -7919.5)
b05 start  rc=(819, 703)  t=2520.0  completed=True  world=(6170.0, -11249.5)
b05 finish rc=(819, 703)  t=1800.0  completed=True  world=(6170.0, -11249.5)
=== end ===

— end dump —


— after _mark_anchor_completed(bdy=0, role=finish, by=<groundcrew.GroundCrewAgent object at 0x000002B10FA0CC10>) —

=== boundary_anchors (NOW) ===
b00 start  rc=(454, 664)  t=1800.0  completed=True  world=(5000.0, -299.5)
b00 finish rc=(454, 664)  t=2520.0  completed=True  world=(5000.0, -299.5)
b01 start  rc=(374, 539)  t=840.0  completed=True  world=(1250.0, 2100.5)
b01 finish rc=(374, 539)  t=240.0  completed=True  world=(1250.0, 2100.5)
b02 start  rc=(394, 458)  t=480.0  completed=True  world=(-1180.0, 1500.5)
b02 finish — <none>
b03 start  rc=(454, 290)  t=1320.0  completed=True  world=(-6220.0, -299.5)
b03 finish rc=(454, 290)  t=480.0  completed=True  world=(-6220.0, -299.5)
b04 start  rc=(708, 346)  t=1800.0  completed=True  world=(-4540.0, -7919.5)
b04 finish rc=(708, 346)  t=1320.0  completed=True  world=(-4540.0, -7919.5)
b05 start  rc=(819, 703)  t=2520.0  completed=True  world=(6170.0, -11249.5)
b05 finish rc=(819, 703)  t=1800.0  completed=True  world=(6170.0, -11249.5)
=== end ===

— end dump —

Using multi-phase propagation with wind schedule.
[GC#02] updated fire after clearing batch
Using multi-phase propagation with wind schedule.
[GC#01] updated fire after clearing batch
  → [ 97.18593014 -85.12000708] already burned – skipping
Sector retarded
{0, 3, 4, 5}
Using multi-phase propagation with wind schedule.
[GC#01] updated fire after clearing batch
  → [ 223.36179603 -184.6070469 ] already burned – skipping
Sector retarded
{0, 3, 4, 5}
Applied action {'FireHercAgent': (6,), 'GroundCrewAgent': (6, 6)} at t=2640 min
[ICS] open=[5]  crew_order=[5]  weights={5: 3.0}
simulating in place
Using multi-phase propagation with wind schedule.
[GC#01] updated fire after clearing batch
  → [ 220.7992529  -182.25890875] already burned – skipping
Sector retarded
{0, 3, 4, 5}
  → [ 220.78394767 -182.24488409] already burned – skipping
Sector retarded
{0, 3, 4, 5}
Using multi-phase propagation with wind schedule.
[GC#02] updated fire after clearing batch
  → [ 199.62425608 -162.85559905] already burned – skipping
Sector retarded
{0, 3, 4, 5}
Using multi-phase propagation with wind schedule.
[GC#01] updated fire after clearing batch
  → [ 114.67915884 -156.68231681] already burned – skipping
Sector retarded
{0, 3, 4, 5}
Applied action {'FireHercAgent': (6,), 'GroundCrewAgent': (6, 6)} at t=2760 min
[ICS] open=[5]  crew_order=[5]  weights={5: 3.0}
simulating in place
Using multi-phase propagation with wind schedule.
[GC#01] updated fire after clearing batch
Using multi-phase propagation with wind schedule.
[GC#02] updated fire after clearing batch
  → [ 28.80226326 -21.88259241] already burned – skipping
Sector retarded
{0, 3, 4, 5}
Using multi-phase propagation with wind schedule.
[GC#01] updated fire after clearing batch
Using multi-phase propagation with wind schedule.
[GC#02] updated fire after clearing batch
  → [ 115.25731476 -157.58983983] already burned – skipping
Sector retarded
{0, 3, 4, 5}
  → [ 115.25836033 -157.59148105] already burned – skipping
Sector retarded
{0, 3, 4, 5}
Using multi-phase propagation with wind schedule.
[GC#01] updated fire after clearing batch
Using multi-phase propagation with wind schedule.
[GC#01] updated fire after clearing batch
Using multi-phase propagation with wind schedule.
[GC#02] updated fire after clearing batch
Using multi-phase propagation with wind schedule.
[GC#02] updated fire after clearing batch
Using multi-phase propagation with wind schedule.
[GC#01] updated fire after clearing batch
Applied action {'FireHercAgent': (6,), 'GroundCrewAgent': (6, 6)} at t=2880 min
[SIM] Less than one full decision slice left – terminating.
Using multi-phase propagation with wind schedule.
[GC#02] updated fire after clearing batch
Using multi-phase propagation with wind schedule.
[GC#01] updated fire after clearing batch
[SIM] Finished at t=2880 min – final fire-score = 160332.00  final buildings-destroyed = 739  final buildings-breakdown = {"11":688,"12":20,"13":19,"21":12}
Simulation complete.
[0m