
⚑ background sched
 start  end    speed      dir
     0  120   30.000    5.000
   120  240   35.000   25.000
   240  360   40.000   25.000
   360  480   50.000   15.000
   480  600   30.000    2.500
   600  720   38.000    5.000
   720  840   28.000    0.000
   840  960   30.000    0.000
   960 1080   30.000    0.000
  1080 1200   28.000    2.500
  1200 1320   28.000    5.000
  1320 1440   30.000   15.000
  1440 1560   30.000    5.000
  1560 1680   30.000    7.500
  1680 1800   30.000   10.000
  1800 1920   30.000   10.000
  1920 2040   30.000   15.000
  2040 2160   17.500    5.000
  2160 2280   12.000    5.000
  2280 2400   12.000    5.000
  2400 2520   13.000    5.000
  2520 2640    7.000    0.000
  2640 2760    6.000    5.000
  2760 2880    6.000   10.000
  2880 3000    7.000   10.000
  3000 3000    1.000    0.000

⚑ hard σ truth schedule
 start  end    speed      dir
     0  120   30.000    5.000
   120  240   35.000   25.000
   240  360   40.000   25.000
   360  480   50.000   15.000
   480  600   30.000    2.500
   600  720   38.000    5.000
   720  840   28.000    0.000
   840  960   30.000    0.000
   960 1080   30.000    0.000
  1080 1200   28.000    2.500
  1200 1320   28.000    5.000
  1320 1440   30.000   15.000
  1440 1560   30.000    5.000
  1560 1680   30.000    7.500
  1680 1800   30.000   10.000
  1800 1920   30.000   10.000
  1920 2040   30.000   15.000
  2040 2160   17.500    5.000
  2160 2280   12.000    5.000
  2280 2400   12.000    5.000
  2400 2520   13.000    5.000
  2520 2640    7.000    0.000
  2640 2760    6.000    5.000
  2760 2880    6.000   10.000
  2880 3000    7.000   10.000
  3000 3000    1.000    0.000
RUN SEED: 3883358208
Starting ROS-weighted-MEAN simulation (headless)…
Using multi-phase propagation with wind schedule.
WildfireModel: Bounds: BoundingBox(left=-14935.007954473422, bottom=-13304.5080370525, right=14944.992045526578, top=13335.4919629475)
Checking Mesa Space Dimensions: Width = 49880.0, Height = 46640.0
Buffered Bounds: BoundingBox(left=-24935.00795447342, bottom=-23304.5080370525, right=24944.99204552658, top=23335.4919629475)
Original CRS: EPSG:26910
Available bases: [(20000, 20000)]
Corrected position: (20000, 20000)
[GC#01] spawned at cell (444, 498) with walk_ticks=1
[GC#02] spawned at cell (444, 498) with walk_ticks=1
[forecast_provider] get_forecast() init   DT=120 min, TAPER_HR=8, ASSIM_HR=8
  SPEED_STD_MIN=1.0, SPEED_STD_MAX=5.0
  DIR_STD_MIN=20.0,   DIR_STD_MAX=60.0

[forecast_provider] get_forecast() init   DT=120 min, TAPER_HR=8, ASSIM_HR=8
  SPEED_STD_MIN=1.0, SPEED_STD_MAX=5.0
  DIR_STD_MIN=20.0,   DIR_STD_MAX=60.0

[(240, 360, 5.63, 178.18), (360, 480, 1.94, 34.73), (480, 600, 19.16, 17.1), (600, 720, 15.27, 307.77), (720, 840, 10.0, 356.0), (840, 960, 9.0, 337.5), (960, 1080, 8.0, 284.0), (1080, 1200, 13.5, 253.5), (1200, 1320, 18.0, 232.0), (1320, 1440, 16.5, 300.0), (1440, 1560, 19.0, 297.5), (1560, 1680, 17.5, 266.0), (1680, 1800, 15.5, 336.5), (1800, 1920, 16.5, 30.5), (1920, 2040, 10.0, 332.0), (2040, 2160, 8.0, 283.0), (2160, 2280, 8.5, 343.0), (2280, 2400, 6.5, 342.5), (2400, 2520, 7.5, 247.0), (2520, 2640, 7.0, 242.0), (2640, 2760, 6.0, 235.0), (2760, 2880, 0.5, 275.0), (2880, 3000, 0.0, 247.5)]

[ROS-MEAN] t=240 min  (forecast-mean schedule)
  sector 0: ROS=   14.8  → weight=0.315
  sector 1: ROS=    4.3  → weight=0.091
  sector 2: ROS=    0.1  → weight=0.001
  sector 3: ROS=    5.0  → weight=0.107
  sector 4: ROS=    7.0  → weight=0.150
  sector 5: ROS=   15.7  → weight=0.336
  crew order  → [5, 0, 4, 3, 1, 2]
simulating in place
no completed anchors found → making NEW dynamic START

— after _record_anchor(bdy=5, role=start, cell=(471, 535), by=None) —

=== boundary_anchors (NOW) ===
b00 start  — <none>
b00 finish — <none>
b01 start  — <none>
b01 finish — <none>
b02 start  — <none>
b02 finish — <none>
b03 start  — <none>
b03 finish — <none>
b04 start  — <none>
b04 finish — <none>
b05 start  rc=(471, 535)  t=240.0  completed=False  world=(1130.0, -809.5)
b05 finish — <none>
=== end ===

— end dump —


— after _record_anchor(bdy=0, role=finish, cell=(433, 592), by=None) —

=== boundary_anchors (NOW) ===
b00 start  — <none>
b00 finish rc=(433, 592)  t=240.0  completed=False  world=(2840.0, 330.5)
b01 start  — <none>
b01 finish — <none>
b02 start  — <none>
b02 finish — <none>
b03 start  — <none>
b03 finish — <none>
b04 start  — <none>
b04 finish — <none>
b05 start  rc=(471, 535)  t=240.0  completed=False  world=(1130.0, -809.5)
b05 finish — <none>
=== end ===

— end dump —

[DEBUG] sector 5: start@bdy5 (471, 535)   finish@bdy0 (433, 592)
[GC#01] → sector 5  start (471, 535)  finish (433, 592)
no completed anchors found → making NEW dynamic START

— after _record_anchor(bdy=0, role=start, cell=(433, 573), by=None) —

=== boundary_anchors (NOW) ===
b00 start  rc=(433, 573)  t=240.0  completed=False  world=(2270.0, 330.5)
b00 finish rc=(433, 592)  t=240.0  completed=False  world=(2840.0, 330.5)
b01 start  — <none>
b01 finish — <none>
b02 start  — <none>
b02 finish — <none>
b03 start  — <none>
b03 finish — <none>
b04 start  — <none>
b04 finish — <none>
b05 start  rc=(471, 535)  t=240.0  completed=False  world=(1130.0, -809.5)
b05 finish — <none>
=== end ===

— end dump —


— after _record_anchor(bdy=1, role=finish, cell=(371, 548), by=None) —

=== boundary_anchors (NOW) ===
b00 start  rc=(433, 573)  t=240.0  completed=False  world=(2270.0, 330.5)
b00 finish rc=(433, 592)  t=240.0  completed=False  world=(2840.0, 330.5)
b01 start  — <none>
b01 finish rc=(371, 548)  t=240.0  completed=False  world=(1520.0, 2190.5)
b02 start  — <none>
b02 finish — <none>
b03 start  — <none>
b03 finish — <none>
b04 start  — <none>
b04 finish — <none>
b05 start  rc=(471, 535)  t=240.0  completed=False  world=(1130.0, -809.5)
b05 finish — <none>
=== end ===

— end dump —

[DEBUG] sector 0: start@bdy0 (433, 573)   finish@bdy1 (371, 548)
recording from register first pair

— after _record_anchor(bdy=0, role=start, cell=(433, 591), by=None) —

=== boundary_anchors (NOW) ===
b00 start  rc=(433, 591)  t=240.0  completed=False  world=(2810.0, 330.5)
b00 finish — <none>
b01 start  — <none>
b01 finish — <none>
b02 start  — <none>
b02 finish — <none>
b03 start  — <none>
b03 finish — <none>
b04 start  — <none>
b04 finish — <none>
b05 start  — <none>
b05 finish — <none>
=== end ===

— end dump —

recording from register first pair

— after _record_anchor(bdy=5, role=finish, cell=(535, 572), by=None) —

=== boundary_anchors (NOW) ===
b00 start  rc=(433, 591)  t=240.0  completed=False  world=(2810.0, 330.5)
b00 finish — <none>
b01 start  — <none>
b01 finish — <none>
b02 start  — <none>
b02 finish — <none>
b03 start  — <none>
b03 finish — <none>
b04 start  — <none>
b04 finish — <none>
b05 start  — <none>
b05 finish rc=(535, 572)  t=240.0  completed=False  world=(2240.0, -2729.5)
=== end ===

— end dump —

[SYNC] GC#01 sect5 START b0 (433, 591)  FINISH b5 (535, 572)
recording from register first pair

— after _record_anchor(bdy=1, role=finish, cell=(371, 548), by=None) —

=== boundary_anchors (NOW) ===
b00 start  rc=(433, 591)  t=240.0  completed=False  world=(2810.0, 330.5)
b00 finish — <none>
b01 start  — <none>
b01 finish rc=(371, 548)  t=240.0  completed=False  world=(1520.0, 2190.5)
b02 start  — <none>
b02 finish — <none>
b03 start  — <none>
b03 finish — <none>
b04 start  — <none>
b04 finish — <none>
b05 start  — <none>
b05 finish rc=(535, 572)  t=240.0  completed=False  world=(2240.0, -2729.5)
=== end ===

— end dump —

[SYNC] GC#02 sect0 START b0 (433, 591)  FINISH b1 (371, 548)
[GC#02] → sector 0  start (433, 591)  finish (371, 548)
  → selected [1681.76556167  544.17662181] as drop point
Using multi-phase propagation with wind schedule.
DROP RAN
[DEBUG] AT#00  finished drop in sector 0 – notifying ground crews
  → selected [1914.633332    266.90100781] as drop point
Using multi-phase propagation with wind schedule.
DROP RAN
[DEBUG] AT#00  finished drop in sector 0 – notifying ground crews
[START] GC#01 using ANCHOR (unspecified source) → start (433, 591) on boundary 0
Start:  (433, 591)
Finish:  (535, 572)
[GC#01] fire-line length 158 cells (645.0 min; full plan)

— after _mark_anchor_completed(bdy=0, role=start, by=None) —

=== boundary_anchors (NOW) ===
b00 start  rc=(433, 591)  t=240.0  completed=True  world=(2810.0, 330.5)
b00 finish — <none>
b01 start  — <none>
b01 finish rc=(371, 548)  t=240.0  completed=False  world=(1520.0, 2190.5)
b02 start  — <none>
b02 finish — <none>
b03 start  — <none>
b03 finish — <none>
b04 start  — <none>
b04 finish — <none>
b05 start  — <none>
b05 finish rc=(535, 572)  t=240.0  completed=False  world=(2240.0, -2729.5)
=== end ===

— end dump —


— after _mark_anchor_completed(bdy=5, role=finish, by=<groundcrew.GroundCrewAgent object at 0x0000017FD5E366D0>) —

=== boundary_anchors (NOW) ===
b00 start  rc=(433, 591)  t=240.0  completed=True  world=(2810.0, 330.5)
b00 finish — <none>
b01 start  — <none>
b01 finish rc=(371, 548)  t=240.0  completed=False  world=(1520.0, 2190.5)
b02 start  — <none>
b02 finish — <none>
b03 start  — <none>
b03 finish — <none>
b04 start  — <none>
b04 finish — <none>
b05 start  — <none>
b05 finish rc=(535, 572)  t=240.0  completed=True  world=(2240.0, -2729.5)
=== end ===

— end dump —

[START] GC#02 using ANCHOR (unspecified source) → start (433, 591) on boundary 0
Start:  (433, 591)
Finish:  (371, 548)
[GC#02] fire-line length 118 cells (193.7 min; full plan)

— after _mark_anchor_completed(bdy=0, role=start, by=None) —

=== boundary_anchors (NOW) ===
b00 start  rc=(433, 591)  t=240.0  completed=True  world=(2810.0, 330.5)
b00 finish — <none>
b01 start  — <none>
b01 finish rc=(371, 548)  t=240.0  completed=False  world=(1520.0, 2190.5)
b02 start  — <none>
b02 finish — <none>
b03 start  — <none>
b03 finish — <none>
b04 start  — <none>
b04 finish — <none>
b05 start  — <none>
b05 finish rc=(535, 572)  t=240.0  completed=True  world=(2240.0, -2729.5)
=== end ===

— end dump —


— after _mark_anchor_completed(bdy=1, role=finish, by=<groundcrew.GroundCrewAgent object at 0x0000017FD62E29D0>) —

=== boundary_anchors (NOW) ===
b00 start  rc=(433, 591)  t=240.0  completed=True  world=(2810.0, 330.5)
b00 finish — <none>
b01 start  — <none>
b01 finish rc=(371, 548)  t=240.0  completed=True  world=(1520.0, 2190.5)
b02 start  — <none>
b02 finish — <none>
b03 start  — <none>
b03 finish — <none>
b04 start  — <none>
b04 finish — <none>
b05 start  — <none>
b05 finish rc=(535, 572)  t=240.0  completed=True  world=(2240.0, -2729.5)
=== end ===

— end dump —

  → selected [1639.17628303 1512.94592386] as drop point
FLUSHED
FLUSHED
Using multi-phase propagation with wind schedule.
DROP RAN
[DEBUG] AT#00  finished drop in sector 0 – notifying ground crews
[DEBUG] GC#02  attempting re-plan… remaining path = 118 cells
[DEBUG] GC#02 start@(433, 591)  raw_arr=inf  now=347.0  mtt=nan  within_buffer=False
[START] GC#02 using ANCHOR (unspecified source) → start (433, 591) on boundary 0
Start:  (433, 591)
Finish:  (371, 548)
[GC#02] fire-line length 118 cells (171.6 min; full plan)
[DEBUG] GC#02  new path accepted (length 118, ETA 171.6 min)
Applied action {'FireHercAgent': (1,), 'GroundCrewAgent': (6, 1)} at t=360 min
[forecast_provider] get_forecast() init   DT=120 min, TAPER_HR=8, ASSIM_HR=8
  SPEED_STD_MIN=1.0, SPEED_STD_MAX=5.0
  DIR_STD_MIN=20.0,   DIR_STD_MAX=60.0

[(360, 480, 0.09, 40.23), (480, 600, 20.99, 47.09), (600, 720, 15.04, 317.57), (720, 840, 7.86, 13.39), (840, 960, 9.0, 337.5), (960, 1080, 8.0, 284.0), (1080, 1200, 13.5, 253.5), (1200, 1320, 18.0, 232.0), (1320, 1440, 16.5, 300.0), (1440, 1560, 19.0, 297.5), (1560, 1680, 17.5, 266.0), (1680, 1800, 15.5, 336.5), (1800, 1920, 16.5, 30.5), (1920, 2040, 10.0, 332.0), (2040, 2160, 8.0, 283.0), (2160, 2280, 8.5, 343.0), (2280, 2400, 6.5, 342.5), (2400, 2520, 7.5, 247.0), (2520, 2640, 7.0, 242.0), (2640, 2760, 6.0, 235.0), (2760, 2880, 0.5, 275.0), (2880, 3000, 0.0, 247.5)]

[ROS-MEAN] t=360 min  (forecast-mean schedule)
  sector 0: ROS=    4.1  → weight=0.200
  sector 1: ROS=    4.4  → weight=0.211
  sector 2: ROS=    0.1  → weight=0.004
  sector 3: ROS=    5.1  → weight=0.247
  sector 4: ROS=    4.9  → weight=0.237
  sector 5: ROS=    2.1  → weight=0.101
  crew order  → [3, 4, 1, 0, 5, 2]
simulating in place
  → selected [ -131.84848919 -1023.91509145] as drop point
FLUSHED
FLUSHED
Using multi-phase propagation with wind schedule.
DROP RAN
[DEBUG] AT#00  finished drop in sector 4 – notifying ground crews
Using multi-phase propagation with wind schedule.
[GC#01] updated fire after clearing batch
  → selected [-397.25970821 -955.62967641] as drop point
FLUSHED
FLUSHED
Using multi-phase propagation with wind schedule.
DROP RAN
[DEBUG] AT#00  finished drop in sector 4 – notifying ground crews
Using multi-phase propagation with wind schedule.
[GC#02] updated fire after clearing batch
Applied action {'FireHercAgent': (5,), 'GroundCrewAgent': (4, 5)} at t=480 min
[forecast_provider] get_forecast() init   DT=120 min, TAPER_HR=8, ASSIM_HR=8
  SPEED_STD_MIN=1.0, SPEED_STD_MAX=5.0
  DIR_STD_MIN=20.0,   DIR_STD_MAX=60.0

[(480, 600, 22.82, 66.19), (600, 720, 14.82, 327.38), (720, 840, 5.71, 36.56), (840, 960, 8.18, 337.83), (960, 1080, 8.0, 284.0), (1080, 1200, 13.5, 253.5), (1200, 1320, 18.0, 232.0), (1320, 1440, 16.5, 300.0), (1440, 1560, 19.0, 297.5), (1560, 1680, 17.5, 266.0), (1680, 1800, 15.5, 336.5), (1800, 1920, 16.5, 30.5), (1920, 2040, 10.0, 332.0), (2040, 2160, 8.0, 283.0), (2160, 2280, 8.5, 343.0), (2280, 2400, 6.5, 342.5), (2400, 2520, 7.5, 247.0), (2520, 2640, 7.0, 242.0), (2640, 2760, 6.0, 235.0), (2760, 2880, 0.5, 275.0), (2880, 3000, 0.0, 247.5)]

[ROS-MEAN] t=480 min  (forecast-mean schedule)
  sector 0: ROS=   20.3  → weight=0.080
  sector 1: ROS=   30.2  → weight=0.119
  sector 2: ROS=   51.6  → weight=0.203
  sector 3: ROS=   60.2  → weight=0.237
  sector 4: ROS=   71.8  → weight=0.283
  sector 5: ROS=   20.1  → weight=0.079
  crew order  → [4, 3, 2, 1, 0, 5]
simulating in place
  → selected [-934.23541688 -280.64531843] as drop point
FLUSHED
FLUSHED
Using multi-phase propagation with wind schedule.
DROP RAN
[DEBUG] AT#00  finished drop in sector 3 – notifying ground crews
Using multi-phase propagation with wind schedule.
[GC#02] updated fire after clearing batch
Using multi-phase propagation with wind schedule.
[GC#02] updated fire after clearing batch
Using multi-phase propagation with wind schedule.
[GC#02] updated fire after clearing batch
Sector contained  0

— after _mark_anchor_completed(bdy=0, role=start, by=None) —

=== boundary_anchors (NOW) ===
b00 start  rc=(433, 591)  t=240.0  completed=True  world=(2810.0, 330.5)
b00 finish — <none>
b01 start  — <none>
b01 finish rc=(371, 548)  t=240.0  completed=True  world=(1520.0, 2190.5)
b02 start  — <none>
b02 finish — <none>
b03 start  — <none>
b03 finish — <none>
b04 start  — <none>
b04 finish — <none>
b05 start  — <none>
b05 finish rc=(535, 572)  t=240.0  completed=True  world=(2240.0, -2729.5)
=== end ===

— end dump —


— after _mark_anchor_completed(bdy=1, role=finish, by=None) —

=== boundary_anchors (NOW) ===
b00 start  rc=(433, 591)  t=240.0  completed=True  world=(2810.0, 330.5)
b00 finish — <none>
b01 start  — <none>
b01 finish rc=(371, 548)  t=240.0  completed=True  world=(1520.0, 2190.5)
b02 start  — <none>
b02 finish — <none>
b03 start  — <none>
b03 finish — <none>
b04 start  — <none>
b04 finish — <none>
b05 start  — <none>
b05 finish rc=(535, 572)  t=240.0  completed=True  world=(2240.0, -2729.5)
=== end ===

— end dump —

[GC#02] Sector 0 contained → Standby
  → selected [-1115.2883266    -33.42053442] as drop point
FLUSHED
Using multi-phase propagation with wind schedule.
DROP RAN
[DEBUG] AT#00  finished drop in sector 3 – notifying ground crews
  → selected [-1661.20743648   -57.25587751] as drop point
FLUSHED
Using multi-phase propagation with wind schedule.
DROP RAN
[DEBUG] AT#00  finished drop in sector 3 – notifying ground crews
Applied action {'FireHercAgent': (4,), 'GroundCrewAgent': (5, 4)} at t=600 min
[forecast_provider] get_forecast() init   DT=120 min, TAPER_HR=8, ASSIM_HR=8
  SPEED_STD_MIN=1.0, SPEED_STD_MAX=5.0
  DIR_STD_MIN=20.0,   DIR_STD_MAX=60.0

[(600, 720, 14.59, 336.65), (720, 840, 3.57, 59.72), (840, 960, 7.36, 338.17), (960, 1080, 7.77, 270.91), (1080, 1200, 13.5, 253.5), (1200, 1320, 18.0, 232.0), (1320, 1440, 16.5, 300.0), (1440, 1560, 19.0, 297.5), (1560, 1680, 17.5, 266.0), (1680, 1800, 15.5, 336.5), (1800, 1920, 16.5, 30.5), (1920, 2040, 10.0, 332.0), (2040, 2160, 8.0, 283.0), (2160, 2280, 8.5, 343.0), (2280, 2400, 6.5, 342.5), (2400, 2520, 7.5, 247.0), (2520, 2640, 7.0, 242.0), (2640, 2760, 6.0, 235.0), (2760, 2880, 0.5, 275.0), (2880, 3000, 0.0, 247.5)]

[ROS-MEAN] t=600 min  (forecast-mean schedule)
  sector 1: ROS=   28.7  → weight=0.209
  sector 2: ROS=   40.5  → weight=0.294
  sector 3: ROS=   29.2  → weight=0.212
  sector 4: ROS=   18.9  → weight=0.137
  sector 5: ROS=   20.3  → weight=0.147
  crew order  → [2, 3, 1, 5, 4]
simulating in place
no completed anchors found → making NEW dynamic START

— after _record_anchor(bdy=2, role=start, cell=(283, 427), by=None) —

=== boundary_anchors (NOW) ===
b00 start  rc=(433, 591)  t=240.0  completed=True  world=(2810.0, 330.5)
b00 finish — <none>
b01 start  — <none>
b01 finish rc=(371, 548)  t=240.0  completed=True  world=(1520.0, 2190.5)
b02 start  rc=(283, 427)  t=600.0  completed=False  world=(-2110.0, 4830.5)
b02 finish — <none>
b03 start  — <none>
b03 finish — <none>
b04 start  — <none>
b04 finish — <none>
b05 start  — <none>
b05 finish rc=(535, 572)  t=240.0  completed=True  world=(2240.0, -2729.5)
=== end ===

— end dump —


— after _record_anchor(bdy=3, role=finish, cell=(433, 68), by=None) —

=== boundary_anchors (NOW) ===
b00 start  rc=(433, 591)  t=240.0  completed=True  world=(2810.0, 330.5)
b00 finish — <none>
b01 start  — <none>
b01 finish rc=(371, 548)  t=240.0  completed=True  world=(1520.0, 2190.5)
b02 start  rc=(283, 427)  t=600.0  completed=False  world=(-2110.0, 4830.5)
b02 finish — <none>
b03 start  — <none>
b03 finish rc=(433, 68)  t=600.0  completed=False  world=(-12880.0, 330.5)
b04 start  — <none>
b04 finish — <none>
b05 start  — <none>
b05 finish rc=(535, 572)  t=240.0  completed=True  world=(2240.0, -2729.5)
=== end ===

— end dump —

[DEBUG] sector 2: start@bdy2 (283, 427)   finish@bdy3 (433, 68)
[GC#02] → sector 2  start (283, 427)  finish (433, 68)
  → selected [-1989.26337426  1053.63562487] as drop point
FLUSHED
Using multi-phase propagation with wind schedule.
DROP RAN
[DEBUG] AT#00  finished drop in sector 2 – notifying ground crews
  → selected [-3087.98668679   422.69033804] as drop point
FLUSHED
Using multi-phase propagation with wind schedule.
DROP RAN
[DEBUG] AT#00  finished drop in sector 2 – notifying ground crews
  → selected [-3121.17406255  1310.39236314] as drop point
FLUSHED
Using multi-phase propagation with wind schedule.
DROP RAN
[DEBUG] AT#00  finished drop in sector 2 – notifying ground crews
Applied action {'FireHercAgent': (3,), 'GroundCrewAgent': (3, 4)} at t=720 min
[forecast_provider] get_forecast() init   DT=120 min, TAPER_HR=8, ASSIM_HR=8
  SPEED_STD_MIN=1.0, SPEED_STD_MAX=5.0
  DIR_STD_MIN=20.0,   DIR_STD_MAX=60.0

[(720, 840, 1.42, 77.11), (840, 960, 6.54, 338.5), (960, 1080, 7.54, 256.06), (1080, 1200, 13.31, 248.56), (1200, 1320, 18.0, 232.0), (1320, 1440, 16.5, 300.0), (1440, 1560, 19.0, 297.5), (1560, 1680, 17.5, 266.0), (1680, 1800, 15.5, 336.5), (1800, 1920, 16.5, 30.5), (1920, 2040, 10.0, 332.0), (2040, 2160, 8.0, 283.0), (2160, 2280, 8.5, 343.0), (2280, 2400, 6.5, 342.5), (2400, 2520, 7.5, 247.0), (2520, 2640, 7.0, 242.0), (2640, 2760, 6.0, 235.0), (2760, 2880, 0.5, 275.0), (2880, 3000, 0.0, 247.5)]

[ROS-MEAN] t=720 min  (forecast-mean schedule)
  sector 1: ROS=    4.6  → weight=0.143
  sector 2: ROS=    9.1  → weight=0.280
  sector 3: ROS=    6.4  → weight=0.198
  sector 4: ROS=    5.8  → weight=0.179
  sector 5: ROS=    6.5  → weight=0.200
  crew order  → [2, 5, 3, 4, 1]
simulating in place
[START] GC#02 using ANCHOR (unspecified source) → start (283, 427) on boundary 2
Start:  (283, 427)
Finish:  (433, 68)
[GC#02] fire-line length 908 cells (983.1 min; full plan)

— after _mark_anchor_completed(bdy=2, role=start, by=None) —

=== boundary_anchors (NOW) ===
b00 start  rc=(433, 591)  t=240.0  completed=True  world=(2810.0, 330.5)
b00 finish — <none>
b01 start  — <none>
b01 finish rc=(371, 548)  t=240.0  completed=True  world=(1520.0, 2190.5)
b02 start  rc=(283, 427)  t=600.0  completed=True  world=(-2110.0, 4830.5)
b02 finish — <none>
b03 start  — <none>
b03 finish rc=(433, 68)  t=600.0  completed=False  world=(-12880.0, 330.5)
b04 start  — <none>
b04 finish — <none>
b05 start  — <none>
b05 finish rc=(535, 572)  t=240.0  completed=True  world=(2240.0, -2729.5)
=== end ===

— end dump —


— after _mark_anchor_completed(bdy=3, role=finish, by=<groundcrew.GroundCrewAgent object at 0x0000017FD62E29D0>) —

=== boundary_anchors (NOW) ===
b00 start  rc=(433, 591)  t=240.0  completed=True  world=(2810.0, 330.5)
b00 finish — <none>
b01 start  — <none>
b01 finish rc=(371, 548)  t=240.0  completed=True  world=(1520.0, 2190.5)
b02 start  rc=(283, 427)  t=600.0  completed=True  world=(-2110.0, 4830.5)
b02 finish — <none>
b03 start  — <none>
b03 finish rc=(433, 68)  t=600.0  completed=True  world=(-12880.0, 330.5)
b04 start  — <none>
b04 finish — <none>
b05 start  — <none>
b05 finish rc=(535, 572)  t=240.0  completed=True  world=(2240.0, -2729.5)
=== end ===

— end dump —

  → selected [-3819.66337298   182.48002482] as drop point
FLUSHED
FLUSHED
Using multi-phase propagation with wind schedule.
DROP RAN
[DEBUG] AT#00  finished drop in sector 2 – notifying ground crews
[DEBUG] GC#02  attempting re-plan… remaining path = 908 cells
[DEBUG] GC#02 start@(279, 423)  raw_arr=inf  now=763.0  mtt=nan  within_buffer=False
[START] GC#02 using NEW (buffered by planner) → start (279, 423) on boundary 2
Start:  (279, 423)
Finish:  (433, 68)
[GC#02] fire-line length 898 cells (936.9 min; full plan)
[DEBUG] GC#02  new path accepted (length 898, ETA 936.9 min)
  → selected [-3575.88112161  1144.53693568] as drop point
FLUSHED
FLUSHED
Using multi-phase propagation with wind schedule.
DROP RAN
[DEBUG] AT#00  finished drop in sector 2 – notifying ground crews
[DEBUG] GC#02  attempting re-plan… remaining path = 898 cells
[DEBUG] GC#02 start@(275, 416)  raw_arr=inf  now=809.0  mtt=nan  within_buffer=False
[START] GC#02 using NEW (buffered by planner) → start (275, 416) on boundary 2
Start:  (275, 416)
Finish:  (433, 68)
[GC#02] fire-line length 887 cells (885.7 min; full plan)
[DEBUG] GC#02  new path accepted (length 887, ETA 885.7 min)
Applied action {'FireHercAgent': (3,), 'GroundCrewAgent': (3, 6)} at t=840 min
[forecast_provider] get_forecast() init   DT=120 min, TAPER_HR=8, ASSIM_HR=8
  SPEED_STD_MIN=1.0, SPEED_STD_MAX=5.0
  DIR_STD_MIN=20.0,   DIR_STD_MAX=60.0

[(840, 960, 5.72, 338.84), (960, 1080, 7.31, 241.21), (1080, 1200, 13.11, 243.55), (1200, 1320, 19.02, 244.31), (1320, 1440, 16.5, 300.0), (1440, 1560, 19.0, 297.5), (1560, 1680, 17.5, 266.0), (1680, 1800, 15.5, 336.5), (1800, 1920, 16.5, 30.5), (1920, 2040, 10.0, 332.0), (2040, 2160, 8.0, 283.0), (2160, 2280, 8.5, 343.0), (2280, 2400, 6.5, 342.5), (2400, 2520, 7.5, 247.0), (2520, 2640, 7.0, 242.0), (2640, 2760, 6.0, 235.0), (2760, 2880, 0.5, 275.0), (2880, 3000, 0.0, 247.5)]

[ROS-MEAN] t=840 min  (forecast-mean schedule)
  sector 1: ROS=   15.4  → weight=0.294
  sector 2: ROS=   16.1  → weight=0.308
  sector 3: ROS=    9.9  → weight=0.189
  sector 4: ROS=    5.7  → weight=0.109
  sector 5: ROS=    5.3  → weight=0.101
  crew order  → [2, 1, 3, 4, 5]
simulating in place
  → selected [-3945.60737296  -156.99493272] as drop point
FLUSHED
FLUSHED
Using multi-phase propagation with wind schedule.
DROP RAN
[DEBUG] AT#00  finished drop in sector 3 – notifying ground crews
Using multi-phase propagation with wind schedule.
[GC#01] updated fire after clearing batch
  → selected [-3822.18286556 -1191.21165135] as drop point
FLUSHED
Using multi-phase propagation with wind schedule.
DROP RAN
[DEBUG] AT#00  finished drop in sector 3 – notifying ground crews
  → selected [-3676.10092416 -2329.6228953 ] as drop point
FLUSHED
FLUSHED
Using multi-phase propagation with wind schedule.
DROP RAN
[DEBUG] AT#00  finished drop in sector 3 – notifying ground crews
Applied action {'FireHercAgent': (4,), 'GroundCrewAgent': (3, 2)} at t=960 min
[forecast_provider] get_forecast() init   DT=120 min, TAPER_HR=8, ASSIM_HR=8
  SPEED_STD_MIN=1.0, SPEED_STD_MAX=5.0
  DIR_STD_MIN=20.0,   DIR_STD_MAX=60.0

[(960, 1080, 7.07, 228.13), (1080, 1200, 12.92, 238.53), (1200, 1320, 20.04, 258.04), (1320, 1440, 15.59, 304.88), (1440, 1560, 19.0, 297.5), (1560, 1680, 17.5, 266.0), (1680, 1800, 15.5, 336.5), (1800, 1920, 16.5, 30.5), (1920, 2040, 10.0, 332.0), (2040, 2160, 8.0, 283.0), (2160, 2280, 8.5, 343.0), (2280, 2400, 6.5, 342.5), (2400, 2520, 7.5, 247.0), (2520, 2640, 7.0, 242.0), (2640, 2760, 6.0, 235.0), (2760, 2880, 0.5, 275.0), (2880, 3000, 0.0, 247.5)]

[ROS-MEAN] t=960 min  (forecast-mean schedule)
  sector 1: ROS=   18.2  → weight=0.274
  sector 2: ROS=   10.9  → weight=0.164
  sector 3: ROS=    6.0  → weight=0.090
  sector 4: ROS=   20.7  → weight=0.311
  sector 5: ROS=   10.8  → weight=0.162
  crew order  → [4, 1, 2, 5, 3]
simulating in place
Using multi-phase propagation with wind schedule.
[GC#01] updated fire after clearing batch
Sector contained  5

— after _mark_anchor_completed(bdy=0, role=start, by=None) —

=== boundary_anchors (NOW) ===
b00 start  rc=(433, 591)  t=240.0  completed=True  world=(2810.0, 330.5)
b00 finish — <none>
b01 start  — <none>
b01 finish rc=(371, 548)  t=240.0  completed=True  world=(1520.0, 2190.5)
b02 start  rc=(283, 427)  t=600.0  completed=True  world=(-2110.0, 4830.5)
b02 finish — <none>
b03 start  — <none>
b03 finish rc=(433, 68)  t=600.0  completed=True  world=(-12880.0, 330.5)
b04 start  — <none>
b04 finish — <none>
b05 start  — <none>
b05 finish rc=(535, 572)  t=240.0  completed=True  world=(2240.0, -2729.5)
=== end ===

— end dump —


— after _mark_anchor_completed(bdy=5, role=finish, by=None) —

=== boundary_anchors (NOW) ===
b00 start  rc=(433, 591)  t=240.0  completed=True  world=(2810.0, 330.5)
b00 finish — <none>
b01 start  — <none>
b01 finish rc=(371, 548)  t=240.0  completed=True  world=(1520.0, 2190.5)
b02 start  rc=(283, 427)  t=600.0  completed=True  world=(-2110.0, 4830.5)
b02 finish — <none>
b03 start  — <none>
b03 finish rc=(433, 68)  t=600.0  completed=True  world=(-12880.0, 330.5)
b04 start  — <none>
b04 finish — <none>
b05 start  — <none>
b05 finish rc=(535, 572)  t=240.0  completed=True  world=(2240.0, -2729.5)
=== end ===

— end dump —

[GC#01] Sector 5 contained → Standby
Using multi-phase propagation with wind schedule.
[GC#02] updated fire after clearing batch
  → selected [ 1896.00957281 -3617.11890875] as drop point
FLUSHED
Using multi-phase propagation with wind schedule.
DROP RAN
[DEBUG] AT#00  finished drop in sector 4 – notifying ground crews
  → selected [ 2023.59779215 -3862.21359771] as drop point
FLUSHED
Using multi-phase propagation with wind schedule.
DROP RAN
[DEBUG] AT#00  finished drop in sector 4 – notifying ground crews
Using multi-phase propagation with wind schedule.
[GC#02] updated fire after clearing batch
Applied action {'FireHercAgent': (5,), 'GroundCrewAgent': (5, 2)} at t=1080 min
[forecast_provider] get_forecast() init   DT=120 min, TAPER_HR=8, ASSIM_HR=8
  SPEED_STD_MIN=1.0, SPEED_STD_MAX=5.0
  DIR_STD_MIN=20.0,   DIR_STD_MAX=60.0

[(1080, 1200, 12.73, 233.59), (1200, 1320, 21.07, 271.77), (1320, 1440, 14.68, 309.82), (1440, 1560, 18.47, 301.7), (1560, 1680, 17.5, 266.0), (1680, 1800, 15.5, 336.5), (1800, 1920, 16.5, 30.5), (1920, 2040, 10.0, 332.0), (2040, 2160, 8.0, 283.0), (2160, 2280, 8.5, 343.0), (2280, 2400, 6.5, 342.5), (2400, 2520, 7.5, 247.0), (2520, 2640, 7.0, 242.0), (2640, 2760, 6.0, 235.0), (2760, 2880, 0.5, 275.0), (2880, 3000, 0.0, 247.5)]

[ROS-MEAN] t=1080 min  (forecast-mean schedule)
  sector 1: ROS=   28.2  → weight=0.456
  sector 2: ROS=   13.1  → weight=0.212
  sector 3: ROS=    7.4  → weight=0.120
  sector 4: ROS=   13.1  → weight=0.212
  crew order  → [1, 2, 4, 3]
simulating in place

— after _record_anchor(bdy=2, role=start, cell=(283, 427), by=None) —

=== boundary_anchors (NOW) ===
b00 start  rc=(433, 591)  t=240.0  completed=True  world=(2810.0, 330.5)
b00 finish — <none>
b01 start  — <none>
b01 finish rc=(371, 548)  t=240.0  completed=True  world=(1520.0, 2190.5)
b02 start  rc=(283, 427)  t=1080.0  completed=False  world=(-2110.0, 4830.5)
b02 finish — <none>
b03 start  — <none>
b03 finish rc=(433, 68)  t=600.0  completed=True  world=(-12880.0, 330.5)
b04 start  — <none>
b04 finish — <none>
b05 start  — <none>
b05 finish rc=(535, 572)  t=240.0  completed=True  world=(2240.0, -2729.5)
=== end ===

— end dump —


— after _record_anchor(bdy=1, role=finish, cell=(371, 548), by=None) —

=== boundary_anchors (NOW) ===
b00 start  rc=(433, 591)  t=240.0  completed=True  world=(2810.0, 330.5)
b00 finish — <none>
b01 start  — <none>
b01 finish rc=(371, 548)  t=1080.0  completed=False  world=(1520.0, 2190.5)
b02 start  rc=(283, 427)  t=1080.0  completed=False  world=(-2110.0, 4830.5)
b02 finish — <none>
b03 start  — <none>
b03 finish rc=(433, 68)  t=600.0  completed=True  world=(-12880.0, 330.5)
b04 start  — <none>
b04 finish — <none>
b05 start  — <none>
b05 finish rc=(535, 572)  t=240.0  completed=True  world=(2240.0, -2729.5)
=== end ===

— end dump —

[DEBUG] sector 1: start@bdy2 (283, 427)   finish@bdy1 (371, 548)
[GC#01] → sector 1  start (283, 427)  finish (371, 548)
  → selected [-2022.14333593  3909.58279969] as drop point
FLUSHED
Using multi-phase propagation with wind schedule.
DROP RAN
[DEBUG] AT#00  finished drop in sector 1 – notifying ground crews
Using multi-phase propagation with wind schedule.
[GC#02] updated fire after clearing batch
Using multi-phase propagation with wind schedule.
[GC#02] updated fire after clearing batch
Using multi-phase propagation with wind schedule.
[GC#02] updated fire after clearing batch
  → selected [-1421.26345882  4538.99650738] as drop point
FLUSHED
Using multi-phase propagation with wind schedule.
DROP RAN
[DEBUG] AT#00  finished drop in sector 1 – notifying ground crews
  → selected [-1083.65985971  4926.08336941] as drop point
FLUSHED
Using multi-phase propagation with wind schedule.
DROP RAN
[DEBUG] AT#00  finished drop in sector 1 – notifying ground crews
Applied action {'FireHercAgent': (2,), 'GroundCrewAgent': (2, 3)} at t=1200 min
[forecast_provider] get_forecast() init   DT=120 min, TAPER_HR=8, ASSIM_HR=8
  SPEED_STD_MIN=1.0, SPEED_STD_MAX=5.0
  DIR_STD_MIN=20.0,   DIR_STD_MAX=60.0

[(1200, 1320, 22.09, 284.08), (1320, 1440, 13.77, 314.77), (1440, 1560, 17.95, 305.95), (1560, 1680, 18.01, 257.78), (1680, 1800, 15.5, 336.5), (1800, 1920, 16.5, 30.5), (1920, 2040, 10.0, 332.0), (2040, 2160, 8.0, 283.0), (2160, 2280, 8.5, 343.0), (2280, 2400, 6.5, 342.5), (2400, 2520, 7.5, 247.0), (2520, 2640, 7.0, 242.0), (2640, 2760, 6.0, 235.0), (2760, 2880, 0.5, 275.0), (2880, 3000, 0.0, 247.5)]

[ROS-MEAN] t=1200 min  (forecast-mean schedule)
  sector 1: ROS=   48.4  → weight=0.428
  sector 2: ROS=   33.8  → weight=0.299
  sector 3: ROS=   24.0  → weight=0.212
  sector 4: ROS=    7.0  → weight=0.062
  crew order  → [1, 2, 3, 4]
simulating in place
  → selected [-662.02498621 5081.98932498] as drop point
FLUSHED
Using multi-phase propagation with wind schedule.
DROP RAN
[DEBUG] AT#00  finished drop in sector 1 – notifying ground crews
Using multi-phase propagation with wind schedule.
[GC#02] updated fire after clearing batch
Using multi-phase propagation with wind schedule.
[GC#02] updated fire after clearing batch
Using multi-phase propagation with wind schedule.
[GC#02] updated fire after clearing batch
Using multi-phase propagation with wind schedule.
[GC#02] updated fire after clearing batch
Using multi-phase propagation with wind schedule.
[GC#02] updated fire after clearing batch
  → selected [-2413.69618659  5854.72189608] as drop point
FLUSHED
Using multi-phase propagation with wind schedule.
DROP RAN
[DEBUG] AT#00  finished drop in sector 1 – notifying ground crews
Applied action {'FireHercAgent': (2,), 'GroundCrewAgent': (2, 3)} at t=1320 min
[forecast_provider] get_forecast() init   DT=120 min, TAPER_HR=8, ASSIM_HR=8
  SPEED_STD_MIN=1.0, SPEED_STD_MAX=5.0
  DIR_STD_MIN=20.0,   DIR_STD_MAX=60.0

[(1320, 1440, 12.86, 319.65), (1440, 1560, 17.42, 310.2), (1560, 1680, 18.52, 249.2), (1680, 1800, 14.31, 322.56), (1800, 1920, 16.5, 30.5), (1920, 2040, 10.0, 332.0), (2040, 2160, 8.0, 283.0), (2160, 2280, 8.5, 343.0), (2280, 2400, 6.5, 342.5), (2400, 2520, 7.5, 247.0), (2520, 2640, 7.0, 242.0), (2640, 2760, 6.0, 235.0), (2760, 2880, 0.5, 275.0), (2880, 3000, 0.0, 247.5)]

[ROS-MEAN] t=1320 min  (forecast-mean schedule)
  sector 1: ROS=   19.2  → weight=0.293
  sector 2: ROS=   19.1  → weight=0.293
  sector 3: ROS=   23.9  → weight=0.366
  sector 4: ROS=    3.1  → weight=0.048
  crew order  → [3, 1, 2, 4]
simulating in place
Using multi-phase propagation with wind schedule.
[GC#02] updated fire after clearing batch
  → selected [-5794.58676246   268.70704218] as drop point
FLUSHED
Using multi-phase propagation with wind schedule.
DROP RAN
[DEBUG] AT#00  finished drop in sector 2 – notifying ground crews
[DEBUG] GC#02  attempting re-plan… remaining path = 887 cells
[DEBUG] GC#02 start@(161, 165)  raw_arr=inf  now=1326.0  mtt=nan  within_buffer=False
[START] GC#02 using NEW (buffered by planner) → start (161, 165) on boundary 2
Start:  (161, 165)
Finish:  (433, 68)
[GC#02] fire-line length 476 cells (365.0 min; full plan)
[DEBUG] GC#02  new path accepted (length 476, ETA 365.0 min)
[START] GC#01 using ANCHOR (unspecified source) → start (283, 427) on boundary 2
Start:  (283, 427)
Finish:  (371, 548)
[GC#01] fire-line length 1308 cells (800.9 min; full plan)

— after _mark_anchor_completed(bdy=2, role=start, by=None) —

=== boundary_anchors (NOW) ===
b00 start  rc=(433, 591)  t=240.0  completed=True  world=(2810.0, 330.5)
b00 finish — <none>
b01 start  — <none>
b01 finish rc=(371, 548)  t=1080.0  completed=False  world=(1520.0, 2190.5)
b02 start  rc=(283, 427)  t=1080.0  completed=True  world=(-2110.0, 4830.5)
b02 finish — <none>
b03 start  — <none>
b03 finish rc=(433, 68)  t=600.0  completed=True  world=(-12880.0, 330.5)
b04 start  — <none>
b04 finish — <none>
b05 start  — <none>
b05 finish rc=(535, 572)  t=240.0  completed=True  world=(2240.0, -2729.5)
=== end ===

— end dump —


— after _mark_anchor_completed(bdy=1, role=finish, by=<groundcrew.GroundCrewAgent object at 0x0000017FD5E366D0>) —

=== boundary_anchors (NOW) ===
b00 start  rc=(433, 591)  t=240.0  completed=True  world=(2810.0, 330.5)
b00 finish — <none>
b01 start  — <none>
b01 finish rc=(371, 548)  t=1080.0  completed=True  world=(1520.0, 2190.5)
b02 start  rc=(283, 427)  t=1080.0  completed=True  world=(-2110.0, 4830.5)
b02 finish — <none>
b03 start  — <none>
b03 finish rc=(433, 68)  t=600.0  completed=True  world=(-12880.0, 330.5)
b04 start  — <none>
b04 finish — <none>
b05 start  — <none>
b05 finish rc=(535, 572)  t=240.0  completed=True  world=(2240.0, -2729.5)
=== end ===

— end dump —

Using multi-phase propagation with wind schedule.
[GC#02] updated fire after clearing batch
Using multi-phase propagation with wind schedule.
[GC#01] updated fire after clearing batch
Using multi-phase propagation with wind schedule.
[GC#01] updated fire after clearing batch
Using multi-phase propagation with wind schedule.
[GC#01] updated fire after clearing batch
Using multi-phase propagation with wind schedule.
[GC#01] updated fire after clearing batch
  → selected [-6245.20581835   288.38149505] as drop point
FLUSHED
FLUSHED
Using multi-phase propagation with wind schedule.
DROP RAN
[DEBUG] AT#00  finished drop in sector 2 – notifying ground crews
[DEBUG] GC#02  attempting re-plan… remaining path = 476 cells
[DEBUG] GC#02 start@(158, 133)  raw_arr=inf  now=1373.0  mtt=nan  within_buffer=False
[START] GC#02 using NEW (buffered by planner) → start (158, 133) on boundary 2
Start:  (158, 133)
Finish:  (433, 68)
[GC#02] fire-line length 437 cells (313.2 min; full plan)
[DEBUG] GC#02  new path accepted (length 437, ETA 313.2 min)
Using multi-phase propagation with wind schedule.
[GC#01] updated fire after clearing batch
Using multi-phase propagation with wind schedule.
[GC#02] updated fire after clearing batch
  → selected [-6944.19125538   930.3693007 ] as drop point
FLUSHED
FLUSHED
Using multi-phase propagation with wind schedule.
DROP RAN
[DEBUG] AT#00  finished drop in sector 2 – notifying ground crews
[DEBUG] GC#02  attempting re-plan… remaining path = 437 cells
[DEBUG] GC#02 start@(184, 115)  raw_arr=inf  now=1420.0  mtt=nan  within_buffer=False
[START] GC#02 using NEW (buffered by planner) → start (184, 115) on boundary 2
Start:  (184, 115)
Finish:  (433, 68)
[GC#02] fire-line length 383 cells (284.0 min; full plan)
[DEBUG] GC#02  new path accepted (length 383, ETA 284.0 min)
Using multi-phase propagation with wind schedule.
[GC#02] updated fire after clearing batch
Applied action {'FireHercAgent': (3,), 'GroundCrewAgent': (4, 2)} at t=1440 min
[forecast_provider] get_forecast() init   DT=120 min, TAPER_HR=8, ASSIM_HR=8
  SPEED_STD_MIN=1.0, SPEED_STD_MAX=5.0
  DIR_STD_MIN=20.0,   DIR_STD_MAX=60.0

[(1440, 1560, 16.9, 314.4), (1560, 1680, 19.03, 240.62), (1680, 1800, 13.12, 306.39), (1800, 1920, 16.82, 31.39), (1920, 2040, 10.0, 332.0), (2040, 2160, 8.0, 283.0), (2160, 2280, 8.5, 343.0), (2280, 2400, 6.5, 342.5), (2400, 2520, 7.5, 247.0), (2520, 2640, 7.0, 242.0), (2640, 2760, 6.0, 235.0), (2760, 2880, 0.5, 275.0), (2880, 3000, 0.0, 247.5)]

[ROS-MEAN] t=1440 min  (forecast-mean schedule)
  sector 1: ROS=   14.7  → weight=0.198
  sector 2: ROS=   27.2  → weight=0.366
  sector 3: ROS=   29.3  → weight=0.395
  sector 4: ROS=    3.1  → weight=0.041
  crew order  → [3, 2, 1, 4]
simulating in place
Using multi-phase propagation with wind schedule.
[GC#01] updated fire after clearing batch
Using multi-phase propagation with wind schedule.
[GC#02] updated fire after clearing batch
  → selected [-7439.2598361    995.54631583] as drop point
FLUSHED
FLUSHED
Using multi-phase propagation with wind schedule.
DROP RAN
[DEBUG] AT#00  finished drop in sector 2 – notifying ground crews
[DEBUG] GC#02  attempting re-plan… remaining path = 383 cells
[DEBUG] GC#02 start@(221, 100)  raw_arr=inf  now=1467.0  mtt=nan  within_buffer=False
[START] GC#02 using NEW (buffered by planner) → start (221, 100) on boundary 2
Start:  (221, 100)
Finish:  (433, 68)
[GC#02] fire-line length 333 cells (186.6 min; full plan)
[DEBUG] GC#02  new path accepted (length 333, ETA 186.6 min)
Using multi-phase propagation with wind schedule.
[GC#02] updated fire after clearing batch
Using multi-phase propagation with wind schedule.
[GC#01] updated fire after clearing batch
Using multi-phase propagation with wind schedule.
[GC#01] updated fire after clearing batch
Using multi-phase propagation with wind schedule.
[GC#02] updated fire after clearing batch
  → selected [-7821.43841722  3257.30560559] as drop point
FLUSHED
FLUSHED
Using multi-phase propagation with wind schedule.
DROP RAN
[DEBUG] AT#00  finished drop in sector 2 – notifying ground crews
[DEBUG] GC#02  attempting re-plan… remaining path = 333 cells
[DEBUG] GC#02 start@(264, 88)  raw_arr=inf  now=1513.0  mtt=nan  within_buffer=False
[START] GC#02 using NEW (buffered by planner) → start (264, 88) on boundary 2
Start:  (264, 88)
Finish:  (433, 68)
[GC#02] fire-line length 276 cells (135.1 min; full plan)
[DEBUG] GC#02  new path accepted (length 276, ETA 135.1 min)
Using multi-phase propagation with wind schedule.
[GC#01] updated fire after clearing batch
Using multi-phase propagation with wind schedule.
[GC#01] updated fire after clearing batch
Using multi-phase propagation with wind schedule.
[GC#01] updated fire after clearing batch
Using multi-phase propagation with wind schedule.
[GC#02] updated fire after clearing batch
Using multi-phase propagation with wind schedule.
[GC#01] updated fire after clearing batch
Using multi-phase propagation with wind schedule.
[GC#01] updated fire after clearing batch
Using multi-phase propagation with wind schedule.
[GC#01] updated fire after clearing batch
Using multi-phase propagation with wind schedule.
[GC#01] updated fire after clearing batch
Using multi-phase propagation with wind schedule.
[GC#01] updated fire after clearing batch
Using multi-phase propagation with wind schedule.
[GC#01] updated fire after clearing batch
Using multi-phase propagation with wind schedule.
[GC#01] updated fire after clearing batch
Using multi-phase propagation with wind schedule.
[GC#01] updated fire after clearing batch
Using multi-phase propagation with wind schedule.
[GC#01] updated fire after clearing batch
Using multi-phase propagation with wind schedule.
[GC#01] updated fire after clearing batch
Using multi-phase propagation with wind schedule.
[GC#01] updated fire after clearing batch
Using multi-phase propagation with wind schedule.
[GC#01] updated fire after clearing batch
Applied action {'FireHercAgent': (3,), 'GroundCrewAgent': (4, 3)} at t=1560 min
[forecast_provider] get_forecast() init   DT=120 min, TAPER_HR=8, ASSIM_HR=8
  SPEED_STD_MIN=1.0, SPEED_STD_MAX=5.0
  DIR_STD_MIN=20.0,   DIR_STD_MAX=60.0

[(1560, 1680, 19.54, 232.4), (1680, 1800, 11.93, 290.23), (1800, 1920, 17.13, 32.29), (1920, 2040, 9.47, 338.34), (2040, 2160, 8.0, 283.0), (2160, 2280, 8.5, 343.0), (2280, 2400, 6.5, 342.5), (2400, 2520, 7.5, 247.0), (2520, 2640, 7.0, 242.0), (2640, 2760, 6.0, 235.0), (2760, 2880, 0.5, 275.0), (2880, 3000, 0.0, 247.5)]

[ROS-MEAN] t=1560 min  (forecast-mean schedule)
  sector 1: ROS=   23.6  → weight=0.320
  sector 2: ROS=   21.9  → weight=0.297
  sector 3: ROS=    9.2  → weight=0.125
  sector 4: ROS=   19.0  → weight=0.258
  crew order  → [1, 2, 4, 3]
simulating in place
  → selected [1125.40192578 5069.33433741] as drop point
FLUSHED
FLUSHED
Using multi-phase propagation with wind schedule.
DROP RAN
[DEBUG] AT#00  finished drop in sector 1 – notifying ground crews
[DEBUG] GC#01  attempting re-plan… remaining path = 1308 cells
[DEBUG] GC#01 start@(174, 672)  raw_arr=inf  now=1560.0  mtt=nan  within_buffer=False
[START] GC#01 using NEW (buffered by planner) → start (174, 672) on boundary 2
Start:  (174, 672)
Finish:  (371, 548)
[GC#01] fire-line length 578 cells (579.2 min; full plan)
[DEBUG] GC#01  new path accepted (length 578, ETA 579.2 min)
Using multi-phase propagation with wind schedule.
[GC#02] updated fire after clearing batch
Using multi-phase propagation with wind schedule.
[GC#01] updated fire after clearing batch
Using multi-phase propagation with wind schedule.
[GC#01] updated fire after clearing batch
Using multi-phase propagation with wind schedule.
[GC#02] updated fire after clearing batch
Using multi-phase propagation with wind schedule.
[GC#02] updated fire after clearing batch
Using multi-phase propagation with wind schedule.
[GC#01] updated fire after clearing batch
  → selected [ 802.12939308 6070.35124903] as drop point
FLUSHED
FLUSHED
Using multi-phase propagation with wind schedule.
DROP RAN
[DEBUG] AT#00  finished drop in sector 1 – notifying ground crews
[DEBUG] GC#01  attempting re-plan… remaining path = 578 cells
[DEBUG] GC#01 start@(215, 705)  raw_arr=inf  now=1606.0  mtt=nan  within_buffer=False
[START] GC#01 using NEW (buffered by planner) → start (215, 705) on boundary 2
Start:  (215, 705)
Finish:  (371, 548)
[GC#01] fire-line length 502 cells (532.1 min; full plan)
[DEBUG] GC#01  new path accepted (length 502, ETA 532.1 min)
Using multi-phase propagation with wind schedule.
[GC#02] updated fire after clearing batch
Using multi-phase propagation with wind schedule.
[GC#02] updated fire after clearing batch
Using multi-phase propagation with wind schedule.
[GC#02] updated fire after clearing batch
Using multi-phase propagation with wind schedule.
[GC#02] updated fire after clearing batch
Using multi-phase propagation with wind schedule.
[GC#02] updated fire after clearing batch
Using multi-phase propagation with wind schedule.
[GC#01] updated fire after clearing batch
Using multi-phase propagation with wind schedule.
[GC#02] updated fire after clearing batch
Sector contained  2

— after _mark_anchor_completed(bdy=2, role=start, by=None) —

=== boundary_anchors (NOW) ===
b00 start  rc=(433, 591)  t=240.0  completed=True  world=(2810.0, 330.5)
b00 finish — <none>
b01 start  — <none>
b01 finish rc=(371, 548)  t=1080.0  completed=True  world=(1520.0, 2190.5)
b02 start  rc=(283, 427)  t=1080.0  completed=True  world=(-2110.0, 4830.5)
b02 finish — <none>
b03 start  — <none>
b03 finish rc=(433, 68)  t=600.0  completed=True  world=(-12880.0, 330.5)
b04 start  — <none>
b04 finish — <none>
b05 start  — <none>
b05 finish rc=(535, 572)  t=240.0  completed=True  world=(2240.0, -2729.5)
=== end ===

— end dump —


— after _mark_anchor_completed(bdy=3, role=finish, by=None) —

=== boundary_anchors (NOW) ===
b00 start  rc=(433, 591)  t=240.0  completed=True  world=(2810.0, 330.5)
b00 finish — <none>
b01 start  — <none>
b01 finish rc=(371, 548)  t=1080.0  completed=True  world=(1520.0, 2190.5)
b02 start  rc=(283, 427)  t=1080.0  completed=True  world=(-2110.0, 4830.5)
b02 finish — <none>
b03 start  — <none>
b03 finish rc=(433, 68)  t=600.0  completed=True  world=(-12880.0, 330.5)
b04 start  — <none>
b04 finish — <none>
b05 start  — <none>
b05 finish rc=(535, 572)  t=240.0  completed=True  world=(2240.0, -2729.5)
=== end ===

— end dump —

[GC#02] Sector 2 contained → Standby
  → selected [1816.48934383 5760.82737873] as drop point
FLUSHED
Using multi-phase propagation with wind schedule.
DROP RAN
[DEBUG] AT#00  finished drop in sector 1 – notifying ground crews
[DEBUG] GC#01  attempting re-plan… remaining path = 502 cells
[DEBUG] GC#01 start@(242, 693)  raw_arr=inf  now=1660.0  mtt=nan  within_buffer=False
[START] GC#01 using NEW (buffered by planner) → start (242, 693) on boundary 2
Start:  (242, 693)
Finish:  (371, 548)
[GC#01] fire-line length 469 cells (438.8 min; full plan)
[DEBUG] GC#01  new path accepted (length 469, ETA 438.8 min)
Applied action {'FireHercAgent': (2,), 'GroundCrewAgent': (2, 3)} at t=1680 min
[forecast_provider] get_forecast() init   DT=120 min, TAPER_HR=8, ASSIM_HR=8
  SPEED_STD_MIN=1.0, SPEED_STD_MAX=5.0
  DIR_STD_MIN=20.0,   DIR_STD_MAX=60.0

[(1680, 1800, 10.74, 276.29), (1800, 1920, 17.45, 33.18), (1920, 2040, 8.94, 344.84), (2040, 2160, 6.69, 293.06), (2160, 2280, 8.5, 343.0), (2280, 2400, 6.5, 342.5), (2400, 2520, 7.5, 247.0), (2520, 2640, 7.0, 242.0), (2640, 2760, 6.0, 235.0), (2760, 2880, 0.5, 275.0), (2880, 3000, 0.0, 247.5)]

[ROS-MEAN] t=1680 min  (forecast-mean schedule)
  sector 1: ROS=   17.5  → weight=0.558
  sector 3: ROS=    8.6  → weight=0.275
  sector 4: ROS=    5.3  → weight=0.168
  crew order  → [1, 3, 4]
simulating in place

— after _record_anchor(bdy=1, role=start, cell=(371, 548), by=None) —

=== boundary_anchors (NOW) ===
b00 start  rc=(433, 591)  t=240.0  completed=True  world=(2810.0, 330.5)
b00 finish — <none>
b01 start  rc=(371, 548)  t=1680.0  completed=False  world=(1520.0, 2190.5)
b01 finish rc=(371, 548)  t=1080.0  completed=True  world=(1520.0, 2190.5)
b02 start  rc=(283, 427)  t=1080.0  completed=True  world=(-2110.0, 4830.5)
b02 finish — <none>
b03 start  — <none>
b03 finish rc=(433, 68)  t=600.0  completed=True  world=(-12880.0, 330.5)
b04 start  — <none>
b04 finish — <none>
b05 start  — <none>
b05 finish rc=(535, 572)  t=240.0  completed=True  world=(2240.0, -2729.5)
=== end ===

— end dump —


— after _record_anchor(bdy=2, role=finish, cell=(283, 427), by=None) —

=== boundary_anchors (NOW) ===
b00 start  rc=(433, 591)  t=240.0  completed=True  world=(2810.0, 330.5)
b00 finish — <none>
b01 start  rc=(371, 548)  t=1680.0  completed=False  world=(1520.0, 2190.5)
b01 finish rc=(371, 548)  t=1080.0  completed=True  world=(1520.0, 2190.5)
b02 start  rc=(283, 427)  t=1080.0  completed=True  world=(-2110.0, 4830.5)
b02 finish rc=(283, 427)  t=1680.0  completed=False  world=(-2110.0, 4830.5)
b03 start  — <none>
b03 finish rc=(433, 68)  t=600.0  completed=True  world=(-12880.0, 330.5)
b04 start  — <none>
b04 finish — <none>
b05 start  — <none>
b05 finish rc=(535, 572)  t=240.0  completed=True  world=(2240.0, -2729.5)
=== end ===

— end dump —

[DEBUG] sector 1: start@bdy1 (371, 548)   finish@bdy2 (283, 427)
[GC#02] → sector 1  start (371, 548)  finish (283, 427)
  → selected [-4442.70617592  8559.4407525 ] as drop point
FLUSHED
Using multi-phase propagation with wind schedule.
DROP RAN
[DEBUG] AT#00  finished drop in sector 1 – notifying ground crews
[DEBUG] GC#01  attempting re-plan… remaining path = 469 cells
[DEBUG] GC#01 start@(258, 687)  raw_arr=inf  now=1706.0  mtt=nan  within_buffer=False
[START] GC#01 using NEW (buffered by planner) → start (258, 687) on boundary 2
Start:  (258, 687)
Finish:  (371, 548)
[GC#01] fire-line length 393 cells (224.3 min; full plan)
[DEBUG] GC#01  new path accepted (length 393, ETA 224.3 min)
Using multi-phase propagation with wind schedule.
[GC#01] updated fire after clearing batch
Using multi-phase propagation with wind schedule.
[GC#01] updated fire after clearing batch
Using multi-phase propagation with wind schedule.
[GC#01] updated fire after clearing batch
Using multi-phase propagation with wind schedule.
[GC#01] updated fire after clearing batch
Using multi-phase propagation with wind schedule.
[GC#01] updated fire after clearing batch
  → selected [2058.07927904 6527.05276155] as drop point
FLUSHED
Using multi-phase propagation with wind schedule.
DROP RAN
[DEBUG] AT#00  finished drop in sector 1 – notifying ground crews
[DEBUG] GC#01  attempting re-plan… remaining path = 393 cells
[DEBUG] GC#01 start@(332, 700)  raw_arr=inf  now=1752.0  mtt=nan  within_buffer=False
[START] GC#01 using NEW (buffered by planner) → start (332, 700) on boundary 2
Start:  (332, 700)
Finish:  (371, 548)
[GC#01] fire-line length 266 cells (180.3 min; full plan)
[DEBUG] GC#01  new path accepted (length 266, ETA 180.3 min)
Using multi-phase propagation with wind schedule.
[GC#01] updated fire after clearing batch
Using multi-phase propagation with wind schedule.
[GC#01] updated fire after clearing batch
  → selected [-4596.05777478  8854.02643306] as drop point
FLUSHED
Using multi-phase propagation with wind schedule.
DROP RAN
[DEBUG] AT#00  finished drop in sector 1 – notifying ground crews
[DEBUG] GC#01  attempting re-plan… remaining path = 266 cells
[DEBUG] GC#01 start@(360, 675)  raw_arr=inf  now=1798.0  mtt=nan  within_buffer=False
[START] GC#01 using NEW (buffered by planner) → start (360, 675) on boundary 2
Start:  (360, 675)
Finish:  (371, 548)
[GC#01] fire-line length 213 cells (126.0 min; full plan)
[DEBUG] GC#01  new path accepted (length 213, ETA 126.0 min)
Applied action {'FireHercAgent': (2,), 'GroundCrewAgent': (2, 4)} at t=1800 min
[forecast_provider] get_forecast() init   DT=120 min, TAPER_HR=8, ASSIM_HR=8
  SPEED_STD_MIN=1.0, SPEED_STD_MAX=5.0
  DIR_STD_MIN=20.0,   DIR_STD_MAX=60.0

[(1800, 1920, 17.76, 34.07), (1920, 2040, 8.41, 351.34), (2040, 2160, 5.38, 303.84), (2160, 2280, 10.44, 344.55), (2280, 2400, 6.5, 342.5), (2400, 2520, 7.5, 247.0), (2520, 2640, 7.0, 242.0), (2640, 2760, 6.0, 235.0), (2760, 2880, 0.5, 275.0), (2880, 3000, 0.0, 247.5)]

[ROS-MEAN] t=1800 min  (forecast-mean schedule)
  sector 1: ROS=   22.7  → weight=0.260
  sector 3: ROS=   33.1  → weight=0.378
  sector 4: ROS=   31.7  → weight=0.362
  crew order  → [3, 4, 1]
simulating in place
Using multi-phase propagation with wind schedule.
[GC#01] updated fire after clearing batch
Using multi-phase propagation with wind schedule.
[GC#01] updated fire after clearing batch
Using multi-phase propagation with wind schedule.
[GC#01] updated fire after clearing batch
  → selected [3122.70199997 6004.55706251] as drop point
FLUSHED
Using multi-phase propagation with wind schedule.
DROP RAN
[DEBUG] AT#00  finished drop in sector 1 – notifying ground crews
[DEBUG] GC#01  attempting re-plan… remaining path = 213 cells
[DEBUG] GC#01 start@(404, 639)  raw_arr=inf  now=1844.0  mtt=nan  within_buffer=False
[START] GC#01 using NEW (buffered by planner) → start (404, 639) on boundary 2
Start:  (404, 639)
Finish:  (371, 548)
[GC#01] fire-line length 133 cells (80.1 min; full plan)
[DEBUG] GC#01  new path accepted (length 133, ETA 80.1 min)
Using multi-phase propagation with wind schedule.
[GC#01] updated fire after clearing batch
  → selected [-1214.40807013  9277.75540648] as drop point
FLUSHED
Using multi-phase propagation with wind schedule.
DROP RAN
[DEBUG] AT#00  finished drop in sector 1 – notifying ground crews
[DEBUG] GC#01  attempting re-plan… remaining path = 133 cells
[DEBUG] GC#01 start@(408, 616)  raw_arr=inf  now=1890.0  mtt=nan  within_buffer=False
[START] GC#01 using NEW (buffered by planner) → start (408, 616) on boundary 2
Start:  (408, 616)
Finish:  (371, 548)
[GC#01] fire-line length 106 cells (30.3 min; full plan)
[DEBUG] GC#01  new path accepted (length 106, ETA 30.3 min)
Applied action {'FireHercAgent': (2,), 'GroundCrewAgent': (4, 5)} at t=1920 min
[forecast_provider] get_forecast() init   DT=120 min, TAPER_HR=8, ASSIM_HR=8
  SPEED_STD_MIN=1.0, SPEED_STD_MAX=5.0
  DIR_STD_MIN=20.0,   DIR_STD_MAX=60.0

[(1920, 2040, 7.88, 357.68), (2040, 2160, 4.07, 314.61), (2160, 2280, 12.38, 346.1), (2280, 2400, 6.86, 330.89), (2400, 2520, 7.5, 247.0), (2520, 2640, 7.0, 242.0), (2640, 2760, 6.0, 235.0), (2760, 2880, 0.5, 275.0), (2880, 3000, 0.0, 247.5)]

[ROS-MEAN] t=1920 min  (forecast-mean schedule)
  sector 1: ROS=    4.4  → weight=0.210
  sector 3: ROS=    8.2  → weight=0.393
  sector 4: ROS=    8.3  → weight=0.397
  crew order  → [4, 3, 1]
simulating in place
Using multi-phase propagation with wind schedule.
[GC#01] updated fire after clearing batch
Using multi-phase propagation with wind schedule.
[GC#01] updated fire after clearing batch
Sector contained  1

— after _mark_anchor_completed(bdy=2, role=start, by=None) —

=== boundary_anchors (NOW) ===
b00 start  rc=(433, 591)  t=240.0  completed=True  world=(2810.0, 330.5)
b00 finish — <none>
b01 start  rc=(371, 548)  t=1680.0  completed=False  world=(1520.0, 2190.5)
b01 finish rc=(371, 548)  t=1080.0  completed=True  world=(1520.0, 2190.5)
b02 start  rc=(283, 427)  t=1080.0  completed=True  world=(-2110.0, 4830.5)
b02 finish rc=(283, 427)  t=1680.0  completed=False  world=(-2110.0, 4830.5)
b03 start  — <none>
b03 finish rc=(433, 68)  t=600.0  completed=True  world=(-12880.0, 330.5)
b04 start  — <none>
b04 finish — <none>
b05 start  — <none>
b05 finish rc=(535, 572)  t=240.0  completed=True  world=(2240.0, -2729.5)
=== end ===

— end dump —


— after _mark_anchor_completed(bdy=1, role=finish, by=None) —

=== boundary_anchors (NOW) ===
b00 start  rc=(433, 591)  t=240.0  completed=True  world=(2810.0, 330.5)
b00 finish — <none>
b01 start  rc=(371, 548)  t=1680.0  completed=False  world=(1520.0, 2190.5)
b01 finish rc=(371, 548)  t=1080.0  completed=True  world=(1520.0, 2190.5)
b02 start  rc=(283, 427)  t=1080.0  completed=True  world=(-2110.0, 4830.5)
b02 finish rc=(283, 427)  t=1680.0  completed=False  world=(-2110.0, 4830.5)
b03 start  — <none>
b03 finish rc=(433, 68)  t=600.0  completed=True  world=(-12880.0, 330.5)
b04 start  — <none>
b04 finish — <none>
b05 start  — <none>
b05 finish rc=(535, 572)  t=240.0  completed=True  world=(2240.0, -2729.5)
=== end ===

— end dump —

[GC#01] Sector 1 contained → Standby
  → selected [-9269.28292086 -2908.67570168] as drop point
Using multi-phase propagation with wind schedule.
DROP RAN
[DEBUG] AT#00  finished drop in sector 3 – notifying ground crews
  → selected [-11007.0710525    -465.30509528] as drop point
Using multi-phase propagation with wind schedule.
DROP RAN
[DEBUG] AT#00  finished drop in sector 3 – notifying ground crews
  → selected [-11120.05019963  -1449.14763439] as drop point
Using multi-phase propagation with wind schedule.
DROP RAN
[DEBUG] AT#00  finished drop in sector 3 – notifying ground crews
Applied action {'FireHercAgent': (4,), 'GroundCrewAgent': (5, 4)} at t=2040 min
[forecast_provider] get_forecast() init   DT=120 min, TAPER_HR=8, ASSIM_HR=8
  SPEED_STD_MIN=1.0, SPEED_STD_MAX=5.0
  DIR_STD_MIN=20.0,   DIR_STD_MAX=60.0

[(2040, 2160, 2.76, 324.67), (2160, 2280, 14.31, 347.65), (2280, 2400, 7.21, 318.12), (2400, 2520, 6.18, 229.42), (2520, 2640, 7.0, 242.0), (2640, 2760, 6.0, 235.0), (2760, 2880, 0.5, 275.0), (2880, 3000, 0.0, 247.5)]

[ROS-MEAN] t=2040 min  (forecast-mean schedule)
  sector 3: ROS=    3.3  → weight=0.414
  sector 4: ROS=    4.7  → weight=0.586
  crew order  → [4, 3]
simulating in place

— after _record_anchor(bdy=5, role=start, cell=(535, 572), by=None) —

=== boundary_anchors (NOW) ===
b00 start  rc=(433, 591)  t=240.0  completed=True  world=(2810.0, 330.5)
b00 finish — <none>
b01 start  rc=(371, 548)  t=1680.0  completed=False  world=(1520.0, 2190.5)
b01 finish rc=(371, 548)  t=1080.0  completed=True  world=(1520.0, 2190.5)
b02 start  rc=(283, 427)  t=1080.0  completed=True  world=(-2110.0, 4830.5)
b02 finish rc=(283, 427)  t=1680.0  completed=False  world=(-2110.0, 4830.5)
b03 start  — <none>
b03 finish rc=(433, 68)  t=600.0  completed=True  world=(-12880.0, 330.5)
b04 start  — <none>
b04 finish — <none>
b05 start  rc=(535, 572)  t=2040.0  completed=False  world=(2240.0, -2729.5)
b05 finish rc=(535, 572)  t=240.0  completed=True  world=(2240.0, -2729.5)
=== end ===

— end dump —


— after _record_anchor(bdy=4, role=finish, cell=(767, 320), by=None) —

=== boundary_anchors (NOW) ===
b00 start  rc=(433, 591)  t=240.0  completed=True  world=(2810.0, 330.5)
b00 finish — <none>
b01 start  rc=(371, 548)  t=1680.0  completed=False  world=(1520.0, 2190.5)
b01 finish rc=(371, 548)  t=1080.0  completed=True  world=(1520.0, 2190.5)
b02 start  rc=(283, 427)  t=1080.0  completed=True  world=(-2110.0, 4830.5)
b02 finish rc=(283, 427)  t=1680.0  completed=False  world=(-2110.0, 4830.5)
b03 start  — <none>
b03 finish rc=(433, 68)  t=600.0  completed=True  world=(-12880.0, 330.5)
b04 start  — <none>
b04 finish rc=(767, 320)  t=2040.0  completed=False  world=(-5320.0, -9689.5)
b05 start  rc=(535, 572)  t=2040.0  completed=False  world=(2240.0, -2729.5)
b05 finish rc=(535, 572)  t=240.0  completed=True  world=(2240.0, -2729.5)
=== end ===

— end dump —

[DEBUG] sector 4: start@bdy5 (535, 572)   finish@bdy4 (767, 320)
[GC#01] → sector 4  start (535, 572)  finish (767, 320)
  → selected [-3199.81089864 -7721.5867696 ] as drop point
Using multi-phase propagation with wind schedule.
DROP RAN
[DEBUG] AT#00  finished drop in sector 4 – notifying ground crews
  → selected [-3806.74476949 -7306.78633141] as drop point
Using multi-phase propagation with wind schedule.
DROP RAN
[DEBUG] AT#00  finished drop in sector 4 – notifying ground crews
[START] GC#02 using ANCHOR (unspecified source) → start (371, 548) on boundary 1
Start:  (371, 548)
Finish:  (283, 427)
[GC#02] fire-line length 1218 cells (0.0 min; full plan)

— after _mark_anchor_completed(bdy=1, role=start, by=None) —

=== boundary_anchors (NOW) ===
b00 start  rc=(433, 591)  t=240.0  completed=True  world=(2810.0, 330.5)
b00 finish — <none>
b01 start  rc=(371, 548)  t=1680.0  completed=True  world=(1520.0, 2190.5)
b01 finish rc=(371, 548)  t=1080.0  completed=True  world=(1520.0, 2190.5)
b02 start  rc=(283, 427)  t=1080.0  completed=True  world=(-2110.0, 4830.5)
b02 finish rc=(283, 427)  t=1680.0  completed=False  world=(-2110.0, 4830.5)
b03 start  — <none>
b03 finish rc=(433, 68)  t=600.0  completed=True  world=(-12880.0, 330.5)
b04 start  — <none>
b04 finish rc=(767, 320)  t=2040.0  completed=False  world=(-5320.0, -9689.5)
b05 start  rc=(535, 572)  t=2040.0  completed=False  world=(2240.0, -2729.5)
b05 finish rc=(535, 572)  t=240.0  completed=True  world=(2240.0, -2729.5)
=== end ===

— end dump —


— after _mark_anchor_completed(bdy=2, role=finish, by=<groundcrew.GroundCrewAgent object at 0x0000017FD62E29D0>) —

=== boundary_anchors (NOW) ===
b00 start  rc=(433, 591)  t=240.0  completed=True  world=(2810.0, 330.5)
b00 finish — <none>
b01 start  rc=(371, 548)  t=1680.0  completed=True  world=(1520.0, 2190.5)
b01 finish rc=(371, 548)  t=1080.0  completed=True  world=(1520.0, 2190.5)
b02 start  rc=(283, 427)  t=1080.0  completed=True  world=(-2110.0, 4830.5)
b02 finish rc=(283, 427)  t=1680.0  completed=True  world=(-2110.0, 4830.5)
b03 start  — <none>
b03 finish rc=(433, 68)  t=600.0  completed=True  world=(-12880.0, 330.5)
b04 start  — <none>
b04 finish rc=(767, 320)  t=2040.0  completed=False  world=(-5320.0, -9689.5)
b05 start  rc=(535, 572)  t=2040.0  completed=False  world=(2240.0, -2729.5)
b05 finish rc=(535, 572)  t=240.0  completed=True  world=(2240.0, -2729.5)
=== end ===

— end dump —

Applied action {'FireHercAgent': (5,), 'GroundCrewAgent': (5, 4)} at t=2160 min
[forecast_provider] get_forecast() init   DT=120 min, TAPER_HR=8, ASSIM_HR=8
  SPEED_STD_MIN=1.0, SPEED_STD_MAX=5.0
  DIR_STD_MIN=20.0,   DIR_STD_MAX=60.0

[(2160, 2280, 16.25, 349.19), (2280, 2400, 7.57, 305.36), (2400, 2520, 4.87, 205.72), (2520, 2640, 5.6, 224.36), (2640, 2760, 6.0, 235.0), (2760, 2880, 0.5, 275.0), (2880, 3000, 0.0, 247.5)]

[ROS-MEAN] t=2160 min  (forecast-mean schedule)
  sector 3: ROS=   15.8  → weight=0.613
  sector 4: ROS=   10.0  → weight=0.387
  crew order  → [3, 4]
simulating in place
Using multi-phase propagation with wind schedule.
[GC#02] updated fire after clearing batch
Using multi-phase propagation with wind schedule.
[GC#02] updated fire after clearing batch
Using multi-phase propagation with wind schedule.
[GC#02] updated fire after clearing batch
Using multi-phase propagation with wind schedule.
[GC#02] updated fire after clearing batch
Using multi-phase propagation with wind schedule.
[GC#02] updated fire after clearing batch
Using multi-phase propagation with wind schedule.
[GC#02] updated fire after clearing batch
Using multi-phase propagation with wind schedule.
[GC#02] updated fire after clearing batch
Using multi-phase propagation with wind schedule.
[GC#02] updated fire after clearing batch
Using multi-phase propagation with wind schedule.
[GC#02] updated fire after clearing batch
Using multi-phase propagation with wind schedule.
[GC#02] updated fire after clearing batch
Using multi-phase propagation with wind schedule.
[GC#02] updated fire after clearing batch
Using multi-phase propagation with wind schedule.
[GC#02] updated fire after clearing batch
Using multi-phase propagation with wind schedule.
[GC#02] updated fire after clearing batch
Sector contained  1

— after _mark_anchor_completed(bdy=1, role=start, by=None) —

=== boundary_anchors (NOW) ===
b00 start  rc=(433, 591)  t=240.0  completed=True  world=(2810.0, 330.5)
b00 finish — <none>
b01 start  rc=(371, 548)  t=1680.0  completed=True  world=(1520.0, 2190.5)
b01 finish rc=(371, 548)  t=1080.0  completed=True  world=(1520.0, 2190.5)
b02 start  rc=(283, 427)  t=1080.0  completed=True  world=(-2110.0, 4830.5)
b02 finish rc=(283, 427)  t=1680.0  completed=True  world=(-2110.0, 4830.5)
b03 start  — <none>
b03 finish rc=(433, 68)  t=600.0  completed=True  world=(-12880.0, 330.5)
b04 start  — <none>
b04 finish rc=(767, 320)  t=2040.0  completed=False  world=(-5320.0, -9689.5)
b05 start  rc=(535, 572)  t=2040.0  completed=False  world=(2240.0, -2729.5)
b05 finish rc=(535, 572)  t=240.0  completed=True  world=(2240.0, -2729.5)
=== end ===

— end dump —


— after _mark_anchor_completed(bdy=2, role=finish, by=None) —

=== boundary_anchors (NOW) ===
b00 start  rc=(433, 591)  t=240.0  completed=True  world=(2810.0, 330.5)
b00 finish — <none>
b01 start  rc=(371, 548)  t=1680.0  completed=True  world=(1520.0, 2190.5)
b01 finish rc=(371, 548)  t=1080.0  completed=True  world=(1520.0, 2190.5)
b02 start  rc=(283, 427)  t=1080.0  completed=True  world=(-2110.0, 4830.5)
b02 finish rc=(283, 427)  t=1680.0  completed=True  world=(-2110.0, 4830.5)
b03 start  — <none>
b03 finish rc=(433, 68)  t=600.0  completed=True  world=(-12880.0, 330.5)
b04 start  — <none>
b04 finish rc=(767, 320)  t=2040.0  completed=False  world=(-5320.0, -9689.5)
b05 start  rc=(535, 572)  t=2040.0  completed=False  world=(2240.0, -2729.5)
b05 finish rc=(535, 572)  t=240.0  completed=True  world=(2240.0, -2729.5)
=== end ===

— end dump —

[GC#02] Sector 1 contained → Standby
  → selected [-4996.08861514 -6502.04324566] as drop point
Using multi-phase propagation with wind schedule.
DROP RAN
[DEBUG] AT#00  finished drop in sector 3 – notifying ground crews
[START] GC#01 using ANCHOR (unspecified source) → start (535, 572) on boundary 5
Start:  (535, 572)
Finish:  (767, 320)
[GC#01] fire-line length 1269 cells (1696.8 min; full plan)

— after _mark_anchor_completed(bdy=5, role=start, by=None) —

=== boundary_anchors (NOW) ===
b00 start  rc=(433, 591)  t=240.0  completed=True  world=(2810.0, 330.5)
b00 finish — <none>
b01 start  rc=(371, 548)  t=1680.0  completed=True  world=(1520.0, 2190.5)
b01 finish rc=(371, 548)  t=1080.0  completed=True  world=(1520.0, 2190.5)
b02 start  rc=(283, 427)  t=1080.0  completed=True  world=(-2110.0, 4830.5)
b02 finish rc=(283, 427)  t=1680.0  completed=True  world=(-2110.0, 4830.5)
b03 start  — <none>
b03 finish rc=(433, 68)  t=600.0  completed=True  world=(-12880.0, 330.5)
b04 start  — <none>
b04 finish rc=(767, 320)  t=2040.0  completed=False  world=(-5320.0, -9689.5)
b05 start  rc=(535, 572)  t=2040.0  completed=True  world=(2240.0, -2729.5)
b05 finish rc=(535, 572)  t=240.0  completed=True  world=(2240.0, -2729.5)
=== end ===

— end dump —


— after _mark_anchor_completed(bdy=4, role=finish, by=<groundcrew.GroundCrewAgent object at 0x0000017FD5E366D0>) —

=== boundary_anchors (NOW) ===
b00 start  rc=(433, 591)  t=240.0  completed=True  world=(2810.0, 330.5)
b00 finish — <none>
b01 start  rc=(371, 548)  t=1680.0  completed=True  world=(1520.0, 2190.5)
b01 finish rc=(371, 548)  t=1080.0  completed=True  world=(1520.0, 2190.5)
b02 start  rc=(283, 427)  t=1080.0  completed=True  world=(-2110.0, 4830.5)
b02 finish rc=(283, 427)  t=1680.0  completed=True  world=(-2110.0, 4830.5)
b03 start  — <none>
b03 finish rc=(433, 68)  t=600.0  completed=True  world=(-12880.0, 330.5)
b04 start  — <none>
b04 finish rc=(767, 320)  t=2040.0  completed=True  world=(-5320.0, -9689.5)
b05 start  rc=(535, 572)  t=2040.0  completed=True  world=(2240.0, -2729.5)
b05 finish rc=(535, 572)  t=240.0  completed=True  world=(2240.0, -2729.5)
=== end ===

— end dump —

Using multi-phase propagation with wind schedule.
[GC#01] updated fire after clearing batch
  → selected [-11818.71963594   -500.74243774] as drop point
FLUSHED
Using multi-phase propagation with wind schedule.
DROP RAN
[DEBUG] AT#00  finished drop in sector 3 – notifying ground crews
  → selected [-5235.92906266 -6814.6094023 ] as drop point
FLUSHED
Using multi-phase propagation with wind schedule.
DROP RAN
[DEBUG] AT#00  finished drop in sector 3 – notifying ground crews
Applied action {'FireHercAgent': (4,), 'GroundCrewAgent': (4, 5)} at t=2280 min
[forecast_provider] get_forecast() init   DT=120 min, TAPER_HR=8, ASSIM_HR=8
  SPEED_STD_MIN=1.0, SPEED_STD_MAX=5.0
  DIR_STD_MIN=20.0,   DIR_STD_MAX=60.0

[(2280, 2400, 7.93, 293.75), (2400, 2520, 3.55, 182.01), (2520, 2640, 4.19, 200.51), (2640, 2760, 6.44, 250.63), (2760, 2880, 0.5, 275.0), (2880, 3000, 0.0, 247.5)]

[ROS-MEAN] t=2280 min  (forecast-mean schedule)
  sector 3: ROS=    6.8  → weight=0.594
  sector 4: ROS=    4.7  → weight=0.406
  crew order  → [3, 4]
simulating in place

— after _record_anchor(bdy=4, role=start, cell=(767, 320), by=None) —

=== boundary_anchors (NOW) ===
b00 start  rc=(433, 591)  t=240.0  completed=True  world=(2810.0, 330.5)
b00 finish — <none>
b01 start  rc=(371, 548)  t=1680.0  completed=True  world=(1520.0, 2190.5)
b01 finish rc=(371, 548)  t=1080.0  completed=True  world=(1520.0, 2190.5)
b02 start  rc=(283, 427)  t=1080.0  completed=True  world=(-2110.0, 4830.5)
b02 finish rc=(283, 427)  t=1680.0  completed=True  world=(-2110.0, 4830.5)
b03 start  — <none>
b03 finish rc=(433, 68)  t=600.0  completed=True  world=(-12880.0, 330.5)
b04 start  rc=(767, 320)  t=2280.0  completed=False  world=(-5320.0, -9689.5)
b04 finish rc=(767, 320)  t=2040.0  completed=True  world=(-5320.0, -9689.5)
b05 start  rc=(535, 572)  t=2040.0  completed=True  world=(2240.0, -2729.5)
b05 finish rc=(535, 572)  t=240.0  completed=True  world=(2240.0, -2729.5)
=== end ===

— end dump —


— after _record_anchor(bdy=3, role=finish, cell=(433, 68), by=None) —

=== boundary_anchors (NOW) ===
b00 start  rc=(433, 591)  t=240.0  completed=True  world=(2810.0, 330.5)
b00 finish — <none>
b01 start  rc=(371, 548)  t=1680.0  completed=True  world=(1520.0, 2190.5)
b01 finish rc=(371, 548)  t=1080.0  completed=True  world=(1520.0, 2190.5)
b02 start  rc=(283, 427)  t=1080.0  completed=True  world=(-2110.0, 4830.5)
b02 finish rc=(283, 427)  t=1680.0  completed=True  world=(-2110.0, 4830.5)
b03 start  — <none>
b03 finish rc=(433, 68)  t=2280.0  completed=False  world=(-12880.0, 330.5)
b04 start  rc=(767, 320)  t=2280.0  completed=False  world=(-5320.0, -9689.5)
b04 finish rc=(767, 320)  t=2040.0  completed=True  world=(-5320.0, -9689.5)
b05 start  rc=(535, 572)  t=2040.0  completed=True  world=(2240.0, -2729.5)
b05 finish rc=(535, 572)  t=240.0  completed=True  world=(2240.0, -2729.5)
=== end ===

— end dump —

[DEBUG] sector 3: start@bdy4 (767, 320)   finish@bdy3 (433, 68)
[GC#02] → sector 3  start (767, 320)  finish (433, 68)
Using multi-phase propagation with wind schedule.
[GC#01] updated fire after clearing batch
  → selected [ 3799.1464132  -7273.01076433] as drop point
FLUSHED
Using multi-phase propagation with wind schedule.
DROP RAN
[DEBUG] AT#00  finished drop in sector 4 – notifying ground crews
[DEBUG] GC#01  attempting re-plan… remaining path = 1269 cells
[DEBUG] GC#01 start@(459, 655)  raw_arr=inf  now=2312.0  mtt=nan  within_buffer=False
[START] GC#01 using NEW (buffered by planner) → start (459, 655) on boundary 5
Start:  (459, 655)
Finish:  (767, 320)
[GC#01] fire-line length 1068 cells (1605.8 min; full plan)
[DEBUG] GC#01  new path accepted (length 1068, ETA 1605.8 min)
Using multi-phase propagation with wind schedule.
[GC#01] updated fire after clearing batch
  → selected [ 3288.07884878 -7910.58072391] as drop point
FLUSHED
Using multi-phase propagation with wind schedule.
DROP RAN
[DEBUG] AT#00  finished drop in sector 4 – notifying ground crews
[DEBUG] GC#01  attempting re-plan… remaining path = 1068 cells
[DEBUG] GC#01 start@(472, 676)  raw_arr=inf  now=2366.0  mtt=nan  within_buffer=False
[START] GC#01 using NEW (buffered by planner) → start (472, 676) on boundary 5
Start:  (472, 676)
Finish:  (767, 320)
[GC#01] fire-line length 1026 cells (1446.3 min; full plan)
[DEBUG] GC#01  new path accepted (length 1026, ETA 1446.3 min)
Using multi-phase propagation with wind schedule.
[GC#01] updated fire after clearing batch
Applied action {'FireHercAgent': (5,), 'GroundCrewAgent': (4, 5)} at t=2400 min
[forecast_provider] get_forecast() init   DT=120 min, TAPER_HR=8, ASSIM_HR=8
  SPEED_STD_MIN=1.0, SPEED_STD_MAX=5.0
  DIR_STD_MIN=20.0,   DIR_STD_MAX=60.0

[(2400, 2520, 2.23, 164.43), (2520, 2640, 2.79, 176.65), (2640, 2760, 6.88, 269.77), (2760, 2880, 0.38, 258.31), (2880, 3000, 0.0, 247.5)]

[ROS-MEAN] t=2400 min  (forecast-mean schedule)
  sector 3: ROS=    2.6  → weight=0.342
  sector 4: ROS=    5.1  → weight=0.658
  crew order  → [4, 3]
simulating in place
  → selected [ 2550.43642726 -8057.62620788] as drop point
FLUSHED
Using multi-phase propagation with wind schedule.
DROP RAN
[DEBUG] AT#00  finished drop in sector 4 – notifying ground crews
[DEBUG] GC#01  attempting re-plan… remaining path = 1026 cells
[DEBUG] GC#01 start@(492, 685)  raw_arr=inf  now=2413.0  mtt=nan  within_buffer=False
[START] GC#01 using NEW (buffered by planner) → start (492, 685) on boundary 5
Start:  (492, 685)
Finish:  (767, 320)
[GC#01] fire-line length 997 cells (1402.7 min; full plan)
[DEBUG] GC#01  new path accepted (length 997, ETA 1402.7 min)
Using multi-phase propagation with wind schedule.
[GC#01] updated fire after clearing batch
  → selected [ 3978.53560515 -7617.61419583] as drop point
FLUSHED
Using multi-phase propagation with wind schedule.
DROP RAN
[DEBUG] AT#00  finished drop in sector 4 – notifying ground crews
[DEBUG] GC#01  attempting re-plan… remaining path = 997 cells
[DEBUG] GC#01 start@(517, 701)  raw_arr=inf  now=2458.0  mtt=nan  within_buffer=False
[START] GC#01 using NEW (buffered by planner) → start (517, 701) on boundary 5
Start:  (517, 701)
Finish:  (767, 320)
[GC#01] fire-line length 954 cells (1347.0 min; full plan)
[DEBUG] GC#01  new path accepted (length 954, ETA 1347.0 min)
Using multi-phase propagation with wind schedule.
[GC#01] updated fire after clearing batch
Using multi-phase propagation with wind schedule.
[GC#01] updated fire after clearing batch
  → selected [ 3408.43097231 -8201.13645279] as drop point
FLUSHED
Using multi-phase propagation with wind schedule.
DROP RAN
[DEBUG] AT#00  finished drop in sector 4 – notifying ground crews
[DEBUG] GC#01  attempting re-plan… remaining path = 954 cells
[DEBUG] GC#01 start@(556, 709)  raw_arr=inf  now=2504.0  mtt=nan  within_buffer=False
[START] GC#01 using NEW (buffered by planner) → start (556, 709) on boundary 5
Start:  (556, 709)
Finish:  (767, 320)
[GC#01] fire-line length 903 cells (1297.0 min; full plan)
[DEBUG] GC#01  new path accepted (length 903, ETA 1297.0 min)
Applied action {'FireHercAgent': (5,), 'GroundCrewAgent': (5, 4)} at t=2520 min
[forecast_provider] get_forecast() init   DT=120 min, TAPER_HR=8, ASSIM_HR=8
  SPEED_STD_MIN=1.0, SPEED_STD_MAX=5.0
  DIR_STD_MIN=20.0,   DIR_STD_MAX=60.0

[(2520, 2640, 1.38, 159.01), (2640, 2760, 7.32, 288.92), (2760, 2880, 0.25, 236.92), (2880, 3000, 0.9, 263.41)]

[ROS-MEAN] t=2520 min  (forecast-mean schedule)
  sector 3: ROS=    2.0  → weight=0.291
  sector 4: ROS=    4.8  → weight=0.709
  crew order  → [4, 3]
simulating in place
Using multi-phase propagation with wind schedule.
[GC#01] updated fire after clearing batch
  → selected [ 4168.85565731 -7983.21561444] as drop point
FLUSHED
Using multi-phase propagation with wind schedule.
DROP RAN
[DEBUG] AT#00  finished drop in sector 4 – notifying ground crews
[DEBUG] GC#01  attempting re-plan… remaining path = 903 cells
[DEBUG] GC#01 start@(578, 721)  raw_arr=inf  now=2551.0  mtt=nan  within_buffer=False
[START] GC#01 using NEW (buffered by planner) → start (578, 721) on boundary 5
Start:  (578, 721)
Finish:  (767, 320)
[GC#01] fire-line length 871 cells (1245.5 min; full plan)
[DEBUG] GC#01  new path accepted (length 871, ETA 1245.5 min)
Using multi-phase propagation with wind schedule.
[GC#01] updated fire after clearing batch
Using multi-phase propagation with wind schedule.
[GC#01] updated fire after clearing batch
  → selected [ 2659.37896584 -8403.14779697] as drop point
FLUSHED
Using multi-phase propagation with wind schedule.
DROP RAN
[DEBUG] AT#00  finished drop in sector 4 – notifying ground crews
[DEBUG] GC#01  attempting re-plan… remaining path = 871 cells
[DEBUG] GC#01 start@(602, 741)  raw_arr=inf  now=2597.0  mtt=nan  within_buffer=False
[START] GC#01 using NEW (buffered by planner) → start (602, 741) on boundary 5
Start:  (602, 741)
Finish:  (767, 320)
[GC#01] fire-line length 821 cells (1171.5 min; full plan)
[DEBUG] GC#01  new path accepted (length 821, ETA 1171.5 min)
Using multi-phase propagation with wind schedule.
[GC#01] updated fire after clearing batch
Using multi-phase propagation with wind schedule.
[GC#01] updated fire after clearing batch
Applied action {'FireHercAgent': (5,), 'GroundCrewAgent': (5, 4)} at t=2640 min
[forecast_provider] get_forecast() init   DT=120 min, TAPER_HR=8, ASSIM_HR=8
  SPEED_STD_MIN=1.0, SPEED_STD_MAX=5.0
  DIR_STD_MIN=20.0,   DIR_STD_MAX=60.0

[(2640, 2760, 7.76, 304.55), (2760, 2880, 0.12, 215.52), (2880, 3000, 1.79, 283.13)]

[ROS-MEAN] t=2640 min  (forecast-mean schedule)
  sector 3: ROS=    5.1  → weight=0.489
  sector 4: ROS=    5.3  → weight=0.511
  crew order  → [4, 3]
simulating in place
  → selected [ 3542.87137133 -8525.70428745] as drop point
FLUSHED
Using multi-phase propagation with wind schedule.
DROP RAN
[DEBUG] AT#00  finished drop in sector 4 – notifying ground crews
[DEBUG] GC#01  attempting re-plan… remaining path = 821 cells
[DEBUG] GC#01 start@(636, 743)  raw_arr=inf  now=2644.0  mtt=nan  within_buffer=False
[START] GC#01 using NEW (buffered by planner) → start (636, 743) on boundary 5
Start:  (636, 743)
Finish:  (767, 320)
[GC#01] fire-line length 769 cells (1127.4 min; full plan)
[DEBUG] GC#01  new path accepted (length 769, ETA 1127.4 min)
Using multi-phase propagation with wind schedule.
[GC#01] updated fire after clearing batch
  → selected [ 4336.57897445 -8305.40910894] as drop point
FLUSHED
Using multi-phase propagation with wind schedule.
DROP RAN
[DEBUG] AT#00  finished drop in sector 4 – notifying ground crews
[DEBUG] GC#01  attempting re-plan… remaining path = 769 cells
[DEBUG] GC#01 start@(656, 732)  raw_arr=inf  now=2690.0  mtt=nan  within_buffer=False
[START] GC#01 using NEW (buffered by planner) → start (656, 732) on boundary 5
Start:  (656, 732)
Finish:  (767, 320)
[GC#01] fire-line length 738 cells (1060.9 min; full plan)
[DEBUG] GC#01  new path accepted (length 738, ETA 1060.9 min)
Using multi-phase propagation with wind schedule.
[GC#01] updated fire after clearing batch
  → selected [ 3665.69667794 -8822.23080847] as drop point
FLUSHED
Using multi-phase propagation with wind schedule.
DROP RAN
[DEBUG] AT#00  finished drop in sector 4 – notifying ground crews
[DEBUG] GC#01  attempting re-plan… remaining path = 738 cells
[DEBUG] GC#01 start@(672, 716)  raw_arr=inf  now=2737.0  mtt=nan  within_buffer=False
[START] GC#01 using NEW (buffered by planner) → start (672, 716) on boundary 5
Start:  (672, 716)
Finish:  (767, 320)
[GC#01] fire-line length 704 cells (1008.2 min; full plan)
[DEBUG] GC#01  new path accepted (length 704, ETA 1008.2 min)
Applied action {'FireHercAgent': (5,), 'GroundCrewAgent': (5, 4)} at t=2760 min
[forecast_provider] get_forecast() init   DT=120 min, TAPER_HR=8, ASSIM_HR=8
  SPEED_STD_MIN=1.0, SPEED_STD_MAX=5.0
  DIR_STD_MIN=20.0,   DIR_STD_MAX=60.0

[(2760, 2880, 0.0, 198.84), (2880, 3000, 2.69, 302.84)]

[ROS-MEAN] t=2760 min  (forecast-mean schedule)
  sector 3: ROS=    1.7  → weight=0.330
  sector 4: ROS=    3.5  → weight=0.670
  crew order  → [4, 3]
simulating in place
[START] GC#02 using ANCHOR (unspecified source) → start (767, 320) on boundary 4
Start:  (767, 320)
Finish:  (433, 68)
[GC#02] fire-line length 681 cells (240.2 min; full plan)

— after _mark_anchor_completed(bdy=4, role=start, by=None) —

=== boundary_anchors (NOW) ===
b00 start  rc=(433, 591)  t=240.0  completed=True  world=(2810.0, 330.5)
b00 finish — <none>
b01 start  rc=(371, 548)  t=1680.0  completed=True  world=(1520.0, 2190.5)
b01 finish rc=(371, 548)  t=1080.0  completed=True  world=(1520.0, 2190.5)
b02 start  rc=(283, 427)  t=1080.0  completed=True  world=(-2110.0, 4830.5)
b02 finish rc=(283, 427)  t=1680.0  completed=True  world=(-2110.0, 4830.5)
b03 start  — <none>
b03 finish rc=(433, 68)  t=2280.0  completed=False  world=(-12880.0, 330.5)
b04 start  rc=(767, 320)  t=2280.0  completed=True  world=(-5320.0, -9689.5)
b04 finish rc=(767, 320)  t=2040.0  completed=True  world=(-5320.0, -9689.5)
b05 start  rc=(535, 572)  t=2040.0  completed=True  world=(2240.0, -2729.5)
b05 finish rc=(535, 572)  t=240.0  completed=True  world=(2240.0, -2729.5)
=== end ===

— end dump —


— after _mark_anchor_completed(bdy=3, role=finish, by=<groundcrew.GroundCrewAgent object at 0x0000017FD62E29D0>) —

=== boundary_anchors (NOW) ===
b00 start  rc=(433, 591)  t=240.0  completed=True  world=(2810.0, 330.5)
b00 finish — <none>
b01 start  rc=(371, 548)  t=1680.0  completed=True  world=(1520.0, 2190.5)
b01 finish rc=(371, 548)  t=1080.0  completed=True  world=(1520.0, 2190.5)
b02 start  rc=(283, 427)  t=1080.0  completed=True  world=(-2110.0, 4830.5)
b02 finish rc=(283, 427)  t=1680.0  completed=True  world=(-2110.0, 4830.5)
b03 start  — <none>
b03 finish rc=(433, 68)  t=2280.0  completed=True  world=(-12880.0, 330.5)
b04 start  rc=(767, 320)  t=2280.0  completed=True  world=(-5320.0, -9689.5)
b04 finish rc=(767, 320)  t=2040.0  completed=True  world=(-5320.0, -9689.5)
b05 start  rc=(535, 572)  t=2040.0  completed=True  world=(2240.0, -2729.5)
b05 finish rc=(535, 572)  t=240.0  completed=True  world=(2240.0, -2729.5)
=== end ===

— end dump —

  → selected [ 4457.10421871 -8536.93594901] as drop point
FLUSHED
FLUSHED
Using multi-phase propagation with wind schedule.
DROP RAN
[DEBUG] AT#00  finished drop in sector 4 – notifying ground crews
[DEBUG] GC#01  attempting re-plan… remaining path = 704 cells
[DEBUG] GC#01 start@(674, 710)  raw_arr=inf  now=2783.0  mtt=nan  within_buffer=False
[START] GC#01 using NEW (buffered by planner) → start (674, 710) on boundary 5
Start:  (674, 710)
Finish:  (767, 320)
[GC#01] fire-line length 692 cells (971.4 min; full plan)
[DEBUG] GC#01  new path accepted (length 692, ETA 971.4 min)
Using multi-phase propagation with wind schedule.
[GC#02] updated fire after clearing batch
Using multi-phase propagation with wind schedule.
[GC#02] updated fire after clearing batch
  → selected [ 1988.7552786  -8932.68572173] as drop point
FLUSHED
Using multi-phase propagation with wind schedule.
DROP RAN
[DEBUG] AT#00  finished drop in sector 4 – notifying ground crews
[DEBUG] GC#01  attempting re-plan… remaining path = 692 cells
[DEBUG] GC#01 start@(677, 706)  raw_arr=inf  now=2830.0  mtt=nan  within_buffer=False
[START] GC#01 using NEW (buffered by planner) → start (677, 706) on boundary 5
Start:  (677, 706)
Finish:  (767, 320)
[GC#01] fire-line length 699 cells (876.9 min; full plan)
[DEBUG] GC#01  new path length 699 > old+5  →  rejecting and DISABLING further re-plans
Using multi-phase propagation with wind schedule.
[GC#02] updated fire after clearing batch
Using multi-phase propagation with wind schedule.
[GC#02] updated fire after clearing batch
Using multi-phase propagation with wind schedule.
[GC#02] updated fire after clearing batch
Using multi-phase propagation with wind schedule.
[GC#02] updated fire after clearing batch
Using multi-phase propagation with wind schedule.
[GC#02] updated fire after clearing batch
Using multi-phase propagation with wind schedule.
[GC#02] updated fire after clearing batch
Using multi-phase propagation with wind schedule.
[GC#02] updated fire after clearing batch
Using multi-phase propagation with wind schedule.
[GC#02] updated fire after clearing batch
Using multi-phase propagation with wind schedule.
[GC#02] updated fire after clearing batch
Using multi-phase propagation with wind schedule.
[GC#02] updated fire after clearing batch
Using multi-phase propagation with wind schedule.
[GC#02] updated fire after clearing batch
Using multi-phase propagation with wind schedule.
[GC#01] updated fire after clearing batch
Using multi-phase propagation with wind schedule.
[GC#02] updated fire after clearing batch
  → selected [ 3762.55876154 -9056.07656438] as drop point
FLUSHED
FLUSHED
Using multi-phase propagation with wind schedule.
DROP RAN
[DEBUG] AT#00  finished drop in sector 4 – notifying ground crews
Applied action {'FireHercAgent': (5,), 'GroundCrewAgent': (5, 4)} at t=2880 min
[SIM] Less than one full slice left – stopping.
Using multi-phase propagation with wind schedule.
[GC#02] updated fire after clearing batch
[SIM] Finished at t=2880 min – final fire-score = 254012.00  final buildings-destroyed = 2022  final buildings-breakdown = {"11":1025,"12":674,"13":272,"14":13,"21":1,"22":18,"23":19}
Simulation complete.
[0m