
⚑ background sched
 start  end    speed      dir
     0  120   30.000    5.000
   120  240   35.000   25.000
   240  360   40.000   25.000
   360  480   50.000   15.000
   480  600   30.000    2.500
   600  720   38.000    5.000
   720  840   28.000    0.000
   840  960   30.000    0.000
   960 1080   30.000    0.000
  1080 1200   28.000    2.500
  1200 1320   28.000    5.000
  1320 1440   30.000   15.000
  1440 1560   30.000    5.000
  1560 1680   30.000    7.500
  1680 1800   30.000   10.000
  1800 1920   30.000   10.000
  1920 2040   30.000   15.000
  2040 2160   17.500    5.000
  2160 2280   12.000    5.000
  2280 2400   12.000    5.000
  2400 2520   13.000    5.000
  2520 2640    7.000    0.000
  2640 2760    6.000    5.000
  2760 2880    6.000   10.000
  2880 3000    7.000   10.000
  3000 3000    1.000    0.000

⚑ hard σ truth schedule
 start  end    speed      dir
     0  120   30.000    5.000
   120  240   35.000   25.000
   240  360   40.000   25.000
   360  480   50.000   15.000
   480  600   30.000    2.500
   600  720   38.000    5.000
   720  840   28.000    0.000
   840  960   30.000    0.000
   960 1080   30.000    0.000
  1080 1200   28.000    2.500
  1200 1320   28.000    5.000
  1320 1440   30.000   15.000
  1440 1560   30.000    5.000
  1560 1680   30.000    7.500
  1680 1800   30.000   10.000
  1800 1920   30.000   10.000
  1920 2040   30.000   15.000
  2040 2160   17.500    5.000
  2160 2280   12.000    5.000
  2280 2400   12.000    5.000
  2400 2520   13.000    5.000
  2520 2640    7.000    0.000
  2640 2760    6.000    5.000
  2760 2880    6.000   10.000
  2880 3000    7.000   10.000
  3000 3000    1.000    0.000
RUN SEED: 3883358209
Starting STRICT-MEAN-burned-buildings ICS simulation (headless)…
Using multi-phase propagation with wind schedule.
WildfireModel: Bounds: BoundingBox(left=-14935.007954473422, bottom=-13304.5080370525, right=14944.992045526578, top=13335.4919629475)
Checking Mesa Space Dimensions: Width = 49880.0, Height = 46640.0
Buffered Bounds: BoundingBox(left=-24935.00795447342, bottom=-23304.5080370525, right=24944.99204552658, top=23335.4919629475)
Original CRS: EPSG:26910
Available bases: [(20000, 20000)]
Corrected position: (20000, 20000)
[GC#01] spawned at cell (444, 498) with walk_ticks=1
[GC#02] spawned at cell (444, 498) with walk_ticks=1
[(0, 120, 4.5, 87.5), (120, 240, 8.5, 274.5), (240, 360, 9.5, 156.5), (360, 480, 7.5, 18.0), (480, 600, 15.5, 328.0), (600, 720, 15.5, 298.5), (720, 840, 10.0, 356.0), (840, 960, 9.0, 337.5), (960, 1080, 8.0, 284.0), (1080, 1200, 13.5, 253.5), (1200, 1320, 18.0, 232.0), (1320, 1440, 16.5, 300.0), (1440, 1560, 19.0, 297.5), (1560, 1680, 17.5, 266.0), (1680, 1800, 15.5, 336.5), (1800, 1920, 16.5, 30.5), (1920, 2040, 10.0, 332.0), (2040, 2160, 8.0, 283.0), (2160, 2280, 8.5, 343.0), (2280, 2400, 6.5, 342.5), (2400, 2520, 7.5, 247.0), (2520, 2640, 7.0, 242.0), (2640, 2760, 6.0, 235.0), (2760, 2880, 0.5, 275.0), (2880, 3000, 0.0, 247.5), (3000, 3000, 1.0, 106.0)]
Using multi-phase propagation with wind schedule.
[PRECOMPUTE] MEAN-schedule burned buildings per sector (final t=3000): [115, 2846, 2647, 259, 45, 3]  | total=5915
[ICS] open=[0, 1, 2, 3, 4, 5]  crew_order=[1, 2, 3, 0, 4, 5]  weights={0: 115.0, 1: 2846.0, 2: 2647.0, 3: 259.0, 4: 45.0, 5: 3.0}
simulating in place
no completed anchors found → making NEW dynamic START

— after _record_anchor(bdy=1, role=start, cell=(412, 512), by=None) —

=== boundary_anchors (NOW) ===
b00 start  — <none>
b00 finish — <none>
b01 start  rc=(412, 512)  t=240.0  completed=False  world=(440.0, 960.5)
b01 finish — <none>
b02 start  — <none>
b02 finish — <none>
b03 start  — <none>
b03 finish — <none>
b04 start  — <none>
b04 finish — <none>
b05 start  — <none>
b05 finish — <none>
=== end ===

— end dump —


— after _record_anchor(bdy=2, role=finish, cell=(417, 470), by=None) —

=== boundary_anchors (NOW) ===
b00 start  — <none>
b00 finish — <none>
b01 start  rc=(412, 512)  t=240.0  completed=False  world=(440.0, 960.5)
b01 finish — <none>
b02 start  — <none>
b02 finish rc=(417, 470)  t=240.0  completed=False  world=(-820.0, 810.5)
b03 start  — <none>
b03 finish — <none>
b04 start  — <none>
b04 finish — <none>
b05 start  — <none>
b05 finish — <none>
=== end ===

— end dump —

[DEBUG] sector 1: start@bdy1 (412, 512)   finish@bdy2 (417, 470)
[GC#01] → sector 1  start (412, 512)  finish (417, 470)
no completed anchors found → making NEW dynamic START

— after _record_anchor(bdy=2, role=start, cell=(426, 475), by=None) —

=== boundary_anchors (NOW) ===
b00 start  — <none>
b00 finish — <none>
b01 start  rc=(412, 512)  t=240.0  completed=False  world=(440.0, 960.5)
b01 finish — <none>
b02 start  rc=(426, 475)  t=240.0  completed=False  world=(-670.0, 540.5)
b02 finish rc=(417, 470)  t=240.0  completed=False  world=(-820.0, 810.5)
b03 start  — <none>
b03 finish — <none>
b04 start  — <none>
b04 finish — <none>
b05 start  — <none>
b05 finish — <none>
=== end ===

— end dump —


— after _record_anchor(bdy=3, role=finish, cell=(451, 202), by=None) —

=== boundary_anchors (NOW) ===
b00 start  — <none>
b00 finish — <none>
b01 start  rc=(412, 512)  t=240.0  completed=False  world=(440.0, 960.5)
b01 finish — <none>
b02 start  rc=(426, 475)  t=240.0  completed=False  world=(-670.0, 540.5)
b02 finish rc=(417, 470)  t=240.0  completed=False  world=(-820.0, 810.5)
b03 start  — <none>
b03 finish rc=(451, 202)  t=240.0  completed=False  world=(-8860.0, -209.5)
b04 start  — <none>
b04 finish — <none>
b05 start  — <none>
b05 finish — <none>
=== end ===

— end dump —

[DEBUG] sector 2: start@bdy2 (426, 475)   finish@bdy3 (451, 202)
recording from register first pair

— after _record_anchor(bdy=2, role=start, cell=(393, 456), by=None) —

=== boundary_anchors (NOW) ===
b00 start  — <none>
b00 finish — <none>
b01 start  — <none>
b01 finish — <none>
b02 start  rc=(393, 456)  t=240.0  completed=False  world=(-1240.0, 1530.5)
b02 finish — <none>
b03 start  — <none>
b03 finish — <none>
b04 start  — <none>
b04 finish — <none>
b05 start  — <none>
b05 finish — <none>
=== end ===

— end dump —

recording from register first pair

— after _record_anchor(bdy=1, role=finish, cell=(409, 514), by=None) —

=== boundary_anchors (NOW) ===
b00 start  — <none>
b00 finish — <none>
b01 start  — <none>
b01 finish rc=(409, 514)  t=240.0  completed=False  world=(500.0, 1050.5)
b02 start  rc=(393, 456)  t=240.0  completed=False  world=(-1240.0, 1530.5)
b02 finish — <none>
b03 start  — <none>
b03 finish — <none>
b04 start  — <none>
b04 finish — <none>
b05 start  — <none>
b05 finish — <none>
=== end ===

— end dump —

[SYNC] GC#01 sect1 START b2 (393, 456)  FINISH b1 (409, 514)
recording from register first pair

— after _record_anchor(bdy=3, role=finish, cell=(451, 286), by=None) —

=== boundary_anchors (NOW) ===
b00 start  — <none>
b00 finish — <none>
b01 start  — <none>
b01 finish rc=(409, 514)  t=240.0  completed=False  world=(500.0, 1050.5)
b02 start  rc=(393, 456)  t=240.0  completed=False  world=(-1240.0, 1530.5)
b02 finish — <none>
b03 start  — <none>
b03 finish rc=(451, 286)  t=240.0  completed=False  world=(-6340.0, -209.5)
b04 start  — <none>
b04 finish — <none>
b05 start  — <none>
b05 finish — <none>
=== end ===

— end dump —

[SYNC] GC#02 sect2 START b2 (393, 456)  FINISH b3 (451, 286)
[GC#02] → sector 2  start (393, 456)  finish (451, 286)
  → selected [-908.62449417  303.55415141] as drop point
Using multi-phase propagation with wind schedule.
DROP RAN
[DEBUG] AT#00  finished drop in sector 2 – notifying ground crews
[START] GC#01 using ANCHOR (unspecified source) → start (393, 456) on boundary 2
Start:  (393, 456)
Finish:  (409, 514)
[GC#01] fire-line length 151 cells (170.2 min; full plan)

— after _mark_anchor_completed(bdy=2, role=start, by=None) —

=== boundary_anchors (NOW) ===
b00 start  — <none>
b00 finish — <none>
b01 start  — <none>
b01 finish rc=(409, 514)  t=240.0  completed=False  world=(500.0, 1050.5)
b02 start  rc=(393, 456)  t=240.0  completed=True  world=(-1240.0, 1530.5)
b02 finish — <none>
b03 start  — <none>
b03 finish rc=(451, 286)  t=240.0  completed=False  world=(-6340.0, -209.5)
b04 start  — <none>
b04 finish — <none>
b05 start  — <none>
b05 finish — <none>
=== end ===

— end dump —


— after _mark_anchor_completed(bdy=1, role=finish, by=<groundcrew.GroundCrewAgent object at 0x00000217687AB890>) —

=== boundary_anchors (NOW) ===
b00 start  — <none>
b00 finish — <none>
b01 start  — <none>
b01 finish rc=(409, 514)  t=240.0  completed=True  world=(500.0, 1050.5)
b02 start  rc=(393, 456)  t=240.0  completed=True  world=(-1240.0, 1530.5)
b02 finish — <none>
b03 start  — <none>
b03 finish rc=(451, 286)  t=240.0  completed=False  world=(-6340.0, -209.5)
b04 start  — <none>
b04 finish — <none>
b05 start  — <none>
b05 finish — <none>
=== end ===

— end dump —

[START] GC#02 using ANCHOR (unspecified source) → start (393, 456) on boundary 2
Start:  (393, 456)
Finish:  (451, 286)
[GC#02] WARNING: fire intercept at (440, 286) (burn_pen>0) – truncating path at idx 390.
[GC#02] fire-line length 391 cells (759.2 min; ABORTED EARLY)

— after _mark_anchor_completed(bdy=2, role=start, by=None) —

=== boundary_anchors (NOW) ===
b00 start  — <none>
b00 finish — <none>
b01 start  — <none>
b01 finish rc=(409, 514)  t=240.0  completed=True  world=(500.0, 1050.5)
b02 start  rc=(393, 456)  t=240.0  completed=True  world=(-1240.0, 1530.5)
b02 finish — <none>
b03 start  — <none>
b03 finish rc=(451, 286)  t=240.0  completed=False  world=(-6340.0, -209.5)
b04 start  — <none>
b04 finish — <none>
b05 start  — <none>
b05 finish — <none>
=== end ===

— end dump —


— after _mark_anchor_completed(bdy=3, role=finish, by=<groundcrew.GroundCrewAgent object at 0x00000217687AA110>) —

=== boundary_anchors (NOW) ===
b00 start  — <none>
b00 finish — <none>
b01 start  — <none>
b01 finish rc=(409, 514)  t=240.0  completed=True  world=(500.0, 1050.5)
b02 start  rc=(393, 456)  t=240.0  completed=True  world=(-1240.0, 1530.5)
b02 finish — <none>
b03 start  — <none>
b03 finish rc=(451, 286)  t=240.0  completed=True  world=(-6340.0, -209.5)
b04 start  — <none>
b04 finish — <none>
b05 start  — <none>
b05 finish — <none>
=== end ===

— end dump —


— after _mark_anchor_uncompleted(bdy=3, role=finish, by=<groundcrew.GroundCrewAgent object at 0x00000217687AA110>) —

=== boundary_anchors (NOW) ===
b00 start  — <none>
b00 finish — <none>
b01 start  — <none>
b01 finish rc=(409, 514)  t=240.0  completed=True  world=(500.0, 1050.5)
b02 start  rc=(393, 456)  t=240.0  completed=True  world=(-1240.0, 1530.5)
b02 finish — <none>
b03 start  — <none>
b03 finish rc=(451, 286)  t=240.0  completed=False  world=(-6340.0, -209.5)
b04 start  — <none>
b04 finish — <none>
b05 start  — <none>
b05 finish — <none>
=== end ===

— end dump —

  → selected [-723.51844781  479.60433294] as drop point
FLUSHED
FLUSHED
Using multi-phase propagation with wind schedule.
DROP RAN
[DEBUG] AT#00  finished drop in sector 2 – notifying ground crews
[DEBUG] GC#02  attempting re-plan… remaining path = 391 cells
[DEBUG] GC#02 start@(392, 456)  raw_arr=inf  now=301.0  mtt=nan  within_buffer=False
[START] GC#02 using NEW (buffered by planner) → start (392, 456) on boundary 2
Start:  (392, 456)
Finish:  (451, 286)
[GC#02] WARNING: fire intercept at (439, 286) (burn_pen>0) – truncating path at idx 388.
[GC#02] fire-line length 389 cells (749.7 min; ABORTED EARLY)
[DEBUG] GC#02  new path accepted (length 389, ETA 749.7 min)
Using multi-phase propagation with wind schedule.
[GC#02] updated fire after clearing batch
  → selected [-1014.16333598    59.98924787] as drop point
FLUSHED
FLUSHED
Using multi-phase propagation with wind schedule.
DROP RAN
[DEBUG] AT#00  finished drop in sector 2 – notifying ground crews
[DEBUG] GC#02  attempting re-plan… remaining path = 389 cells
[DEBUG] GC#02 start@(368, 462)  raw_arr=inf  now=348.0  mtt=nan  within_buffer=False
[START] GC#02 using NEW (buffered by planner) → start (368, 462) on boundary 2
Start:  (368, 462)
Finish:  (451, 286)
[GC#02] WARNING: fire intercept at (444, 286) (burn_pen>0) – truncating path at idx 355.
[GC#02] fire-line length 356 cells (692.0 min; ABORTED EARLY)
[DEBUG] GC#02  new path accepted (length 356, ETA 692.0 min)
Applied action {'FireHercAgent': (3,), 'GroundCrewAgent': (2, 3)} at t=360 min
[ICS] open=[0, 1, 2, 3, 4, 5]  crew_order=[1, 2, 3, 0, 4, 5]  weights={0: 115.0, 1: 2846.0, 2: 2647.0, 3: 259.0, 4: 45.0, 5: 3.0}
simulating in place
Using multi-phase propagation with wind schedule.
[GC#02] updated fire after clearing batch
Using multi-phase propagation with wind schedule.
[GC#02] updated fire after clearing batch
Using multi-phase propagation with wind schedule.
[GC#02] updated fire after clearing batch
Using multi-phase propagation with wind schedule.
[GC#01] updated fire after clearing batch
Using multi-phase propagation with wind schedule.
[GC#01] updated fire after clearing batch
Sector retarded
{2}
Using multi-phase propagation with wind schedule.
[GC#01] updated fire after clearing batch
Using multi-phase propagation with wind schedule.
[GC#02] updated fire after clearing batch
Using multi-phase propagation with wind schedule.
[GC#01] updated fire after clearing batch
Using multi-phase propagation with wind schedule.
[GC#02] updated fire after clearing batch
Using multi-phase propagation with wind schedule.
[GC#01] updated fire after clearing batch
Sector contained  1

— after _mark_anchor_completed(bdy=2, role=start, by=None) —

=== boundary_anchors (NOW) ===
b00 start  — <none>
b00 finish — <none>
b01 start  — <none>
b01 finish rc=(409, 514)  t=240.0  completed=True  world=(500.0, 1050.5)
b02 start  rc=(393, 456)  t=240.0  completed=True  world=(-1240.0, 1530.5)
b02 finish — <none>
b03 start  — <none>
b03 finish rc=(451, 286)  t=240.0  completed=False  world=(-6340.0, -209.5)
b04 start  — <none>
b04 finish — <none>
b05 start  — <none>
b05 finish — <none>
=== end ===

— end dump —


— after _mark_anchor_completed(bdy=1, role=finish, by=None) —

=== boundary_anchors (NOW) ===
b00 start  — <none>
b00 finish — <none>
b01 start  — <none>
b01 finish rc=(409, 514)  t=240.0  completed=True  world=(500.0, 1050.5)
b02 start  rc=(393, 456)  t=240.0  completed=True  world=(-1240.0, 1530.5)
b02 finish — <none>
b03 start  — <none>
b03 finish rc=(451, 286)  t=240.0  completed=False  world=(-6340.0, -209.5)
b04 start  — <none>
b04 finish — <none>
b05 start  — <none>
b05 finish — <none>
=== end ===

— end dump —

[GC#01] Sector 1 contained → Standby
Applied action {'FireHercAgent': (3,), 'GroundCrewAgent': (2, 3)} at t=480 min
[ICS] open=[0, 2, 3, 4, 5]  crew_order=[2, 3, 0, 4, 5]  weights={0: 115.0, 2: 2647.0, 3: 259.0, 4: 45.0, 5: 3.0}
simulating in place

— after _record_anchor(bdy=2, role=start, cell=(393, 456), by=None) —

=== boundary_anchors (NOW) ===
b00 start  — <none>
b00 finish — <none>
b01 start  — <none>
b01 finish rc=(409, 514)  t=240.0  completed=True  world=(500.0, 1050.5)
b02 start  rc=(393, 456)  t=480.0  completed=False  world=(-1240.0, 1530.5)
b02 finish — <none>
b03 start  — <none>
b03 finish rc=(451, 286)  t=240.0  completed=False  world=(-6340.0, -209.5)
b04 start  — <none>
b04 finish — <none>
b05 start  — <none>
b05 finish — <none>
=== end ===

— end dump —


— after _record_anchor(bdy=3, role=finish, cell=(451, 165), by=None) —

=== boundary_anchors (NOW) ===
b00 start  — <none>
b00 finish — <none>
b01 start  — <none>
b01 finish rc=(409, 514)  t=240.0  completed=True  world=(500.0, 1050.5)
b02 start  rc=(393, 456)  t=480.0  completed=False  world=(-1240.0, 1530.5)
b02 finish — <none>
b03 start  — <none>
b03 finish rc=(451, 165)  t=480.0  completed=False  world=(-9970.0, -209.5)
b04 start  — <none>
b04 finish — <none>
b05 start  — <none>
b05 finish — <none>
=== end ===

— end dump —

[DEBUG] sector 2: start@bdy2 (393, 456)   finish@bdy3 (451, 165)
[GC#01] → sector 2  start (393, 456)  finish (451, 165)
  → selected [-1298.44113334    72.40108455] as drop point
FLUSHED
Using multi-phase propagation with wind schedule.
DROP RAN
[DEBUG] AT#00  finished drop in sector 2 – notifying ground crews
[DEBUG] GC#02  attempting re-plan… remaining path = 356 cells
[DEBUG] GC#02 start@(334, 389)  raw_arr=inf  now=481.0  mtt=nan  within_buffer=False
[START] GC#02 using NEW (buffered by planner) → start (334, 389) on boundary 2
Start:  (334, 389)
Finish:  (451, 286)
[GC#02] fire-line length 223 cells (311.5 min; full plan)
[DEBUG] GC#02  new path accepted (length 223, ETA 311.5 min)
Using multi-phase propagation with wind schedule.
[GC#02] updated fire after clearing batch
Using multi-phase propagation with wind schedule.
[GC#02] updated fire after clearing batch
  → selected [-646.6326716   726.61555625] as drop point
FLUSHED
Using multi-phase propagation with wind schedule.
DROP RAN
[DEBUG] AT#00  finished drop in sector 2 – notifying ground crews
[DEBUG] GC#02  attempting re-plan… remaining path = 223 cells
[DEBUG] GC#02 start@(368, 365)  raw_arr=inf  now=528.0  mtt=nan  within_buffer=False
[START] GC#02 using NEW (buffered by planner) → start (368, 365) on boundary 2
Start:  (368, 365)
Finish:  (451, 286)
[GC#02] fire-line length 163 cells (253.3 min; full plan)
[DEBUG] GC#02  new path accepted (length 163, ETA 253.3 min)
[START] GC#01 using ANCHOR (unspecified source) → start (393, 456) on boundary 2
Start:  (393, 456)
Finish:  (451, 165)
[GC#01] fire-line length 514 cells (542.4 min; full plan)

— after _mark_anchor_completed(bdy=2, role=start, by=None) —

=== boundary_anchors (NOW) ===
b00 start  — <none>
b00 finish — <none>
b01 start  — <none>
b01 finish rc=(409, 514)  t=240.0  completed=True  world=(500.0, 1050.5)
b02 start  rc=(393, 456)  t=480.0  completed=True  world=(-1240.0, 1530.5)
b02 finish — <none>
b03 start  — <none>
b03 finish rc=(451, 165)  t=480.0  completed=False  world=(-9970.0, -209.5)
b04 start  — <none>
b04 finish — <none>
b05 start  — <none>
b05 finish — <none>
=== end ===

— end dump —


— after _mark_anchor_completed(bdy=3, role=finish, by=<groundcrew.GroundCrewAgent object at 0x00000217687AB890>) —

=== boundary_anchors (NOW) ===
b00 start  — <none>
b00 finish — <none>
b01 start  — <none>
b01 finish rc=(409, 514)  t=240.0  completed=True  world=(500.0, 1050.5)
b02 start  rc=(393, 456)  t=480.0  completed=True  world=(-1240.0, 1530.5)
b02 finish — <none>
b03 start  — <none>
b03 finish rc=(451, 165)  t=480.0  completed=True  world=(-9970.0, -209.5)
b04 start  — <none>
b04 finish — <none>
b05 start  — <none>
b05 finish — <none>
=== end ===

— end dump —

Using multi-phase propagation with wind schedule.
[GC#01] updated fire after clearing batch
Using multi-phase propagation with wind schedule.
[GC#02] updated fire after clearing batch
Using multi-phase propagation with wind schedule.
[GC#01] updated fire after clearing batch
  → selected [-1640.60235874    87.34016628] as drop point
FLUSHED
FLUSHED
Using multi-phase propagation with wind schedule.
DROP RAN
[DEBUG] AT#00  finished drop in sector 2 – notifying ground crews
[DEBUG] GC#02  attempting re-plan… remaining path = 163 cells
[DEBUG] GC#02 start@(382, 335)  raw_arr=inf  now=573.0  mtt=nan  within_buffer=False
[START] GC#02 using NEW (buffered by planner) → start (382, 335) on boundary 2
Start:  (382, 335)
Finish:  (451, 286)
[GC#02] fire-line length 119 cells (204.0 min; full plan)
[DEBUG] GC#02  new path accepted (length 119, ETA 204.0 min)
[DEBUG] GC#01  attempting re-plan… remaining path = 514 cells
[DEBUG] GC#01 start@(379, 346)  raw_arr=inf  now=573.0  mtt=nan  within_buffer=False
[START] GC#01 using NEW (buffered by planner) → start (379, 346) on boundary 2
Start:  (379, 346)
Finish:  (451, 165)
[GC#01] fire-line length 270 cells (486.3 min; full plan)
[DEBUG] GC#01  new path accepted (length 270, ETA 486.3 min)
Using multi-phase propagation with wind schedule.
[GC#01] updated fire after clearing batch
Using multi-phase propagation with wind schedule.
[GC#02] updated fire after clearing batch
Applied action {'FireHercAgent': (3,), 'GroundCrewAgent': (3, 4)} at t=600 min
[ICS] open=[0, 2, 3, 4, 5]  crew_order=[2, 3, 0, 4, 5]  weights={0: 115.0, 2: 2647.0, 3: 259.0, 4: 45.0, 5: 3.0}
simulating in place
  → selected [-1346.20264246   575.17512812] as drop point
FLUSHED
FLUSHED
Using multi-phase propagation with wind schedule.
DROP RAN
[DEBUG] AT#00  finished drop in sector 2 – notifying ground crews
[DEBUG] GC#01  attempting re-plan… remaining path = 270 cells
[DEBUG] GC#01 start@(388, 306)  raw_arr=inf  now=619.0  mtt=nan  within_buffer=False
[START] GC#01 using NEW (buffered by planner) → start (388, 306) on boundary 2
Start:  (388, 306)
Finish:  (451, 165)
[GC#01] fire-line length 221 cells (437.0 min; full plan)
[DEBUG] GC#01  new path accepted (length 221, ETA 437.0 min)
[DEBUG] GC#02  attempting re-plan… remaining path = 119 cells
[DEBUG] GC#02 start@(397, 307)  raw_arr=inf  now=619.0  mtt=nan  within_buffer=False
[START] GC#02 using NEW (buffered by planner) → start (397, 307) on boundary 2
Start:  (397, 307)
Finish:  (451, 286)
[GC#02] fire-line length 76 cells (150.8 min; full plan)
[DEBUG] GC#02  new path accepted (length 76, ETA 150.8 min)
Using multi-phase propagation with wind schedule.
[GC#02] updated fire after clearing batch
  → selected [-1585.71664447   843.56249399] as drop point
FLUSHED
FLUSHED
Using multi-phase propagation with wind schedule.
DROP RAN
[DEBUG] AT#00  finished drop in sector 2 – notifying ground crews
[DEBUG] GC#02  attempting re-plan… remaining path = 76 cells
[DEBUG] GC#02 start@(424, 290)  raw_arr=inf  now=666.0  mtt=nan  within_buffer=False
[START] GC#02 using NEW (buffered by planner) → start (424, 290) on boundary 2
Start:  (424, 290)
Finish:  (451, 286)
[GC#02] fire-line length 32 cells (99.2 min; full plan)
[DEBUG] GC#02  new path accepted (length 32, ETA 99.2 min)
[DEBUG] GC#01  attempting re-plan… remaining path = 221 cells
[DEBUG] GC#01 start@(387, 289)  raw_arr=inf  now=666.0  mtt=nan  within_buffer=False
[START] GC#01 using NEW (buffered by planner) → start (387, 289) on boundary 2
Start:  (387, 289)
Finish:  (451, 165)
[GC#01] fire-line length 203 cells (390.8 min; full plan)
[DEBUG] GC#01  new path accepted (length 203, ETA 390.8 min)
Using multi-phase propagation with wind schedule.
[GC#01] updated fire after clearing batch
Using multi-phase propagation with wind schedule.
[GC#01] updated fire after clearing batch
  → selected [-1915.68820004  1015.33481344] as drop point
FLUSHED
FLUSHED
Using multi-phase propagation with wind schedule.
DROP RAN
[DEBUG] AT#00  finished drop in sector 2 – notifying ground crews
[DEBUG] GC#02  attempting re-plan… remaining path = 32 cells
[DEBUG] GC#02 start@(439, 288)  raw_arr=inf  now=711.0  mtt=nan  within_buffer=False
[START] GC#02 using NEW (buffered by planner) → start (439, 288) on boundary 2
Start:  (439, 288)
Finish:  (451, 286)
[GC#02] fire-line length 15 cells (48.1 min; full plan)
[DEBUG] GC#02  new path accepted (length 15, ETA 48.1 min)
[DEBUG] GC#01  attempting re-plan… remaining path = 203 cells
[DEBUG] GC#01 start@(387, 254)  raw_arr=inf  now=711.0  mtt=nan  within_buffer=False
[START] GC#01 using NEW (buffered by planner) → start (387, 254) on boundary 2
Start:  (387, 254)
Finish:  (451, 165)
[GC#01] fire-line length 154 cells (346.0 min; full plan)
[DEBUG] GC#01  new path accepted (length 154, ETA 346.0 min)
Applied action {'FireHercAgent': (3,), 'GroundCrewAgent': (3, 4)} at t=720 min
[ICS] open=[0, 2, 3, 4, 5]  crew_order=[2, 3, 0, 4, 5]  weights={0: 115.0, 2: 2647.0, 3: 259.0, 4: 45.0, 5: 3.0}
simulating in place
  → selected [-2719.53177074  1144.02667865] as drop point
FLUSHED
FLUSHED
Using multi-phase propagation with wind schedule.
DROP RAN
[DEBUG] AT#00  finished drop in sector 2 – notifying ground crews
[DEBUG] GC#02  attempting re-plan… remaining path = 15 cells
[DEBUG] GC#02 start@(450, 286)  raw_arr=inf  now=757.0  mtt=nan  within_buffer=False
[START] GC#02 using NEW (buffered by planner) → start (450, 286) on boundary 2
Start:  (450, 286)
Finish:  (451, 286)
[GC#02] fire-line length 2 cells (0.0 min; full plan)
[DEBUG] GC#02  new path accepted (length 2, ETA 0.0 min)
[DEBUG] GC#01  attempting re-plan… remaining path = 154 cells
[DEBUG] GC#01 start@(396, 241)  raw_arr=inf  now=757.0  mtt=nan  within_buffer=False
[START] GC#01 using NEW (buffered by planner) → start (396, 241) on boundary 2
Start:  (396, 241)
Finish:  (451, 165)
[GC#01] fire-line length 132 cells (296.6 min; full plan)
[DEBUG] GC#01  new path accepted (length 132, ETA 296.6 min)
Using multi-phase propagation with wind schedule.
[GC#02] updated fire after clearing batch
Sector contained  2

— after _mark_anchor_completed(bdy=2, role=start, by=None) —

=== boundary_anchors (NOW) ===
b00 start  — <none>
b00 finish — <none>
b01 start  — <none>
b01 finish rc=(409, 514)  t=240.0  completed=True  world=(500.0, 1050.5)
b02 start  rc=(393, 456)  t=480.0  completed=True  world=(-1240.0, 1530.5)
b02 finish — <none>
b03 start  — <none>
b03 finish rc=(451, 165)  t=480.0  completed=True  world=(-9970.0, -209.5)
b04 start  — <none>
b04 finish — <none>
b05 start  — <none>
b05 finish — <none>
=== end ===

— end dump —


— after _mark_anchor_completed(bdy=3, role=finish, by=None) —

=== boundary_anchors (NOW) ===
b00 start  — <none>
b00 finish — <none>
b01 start  — <none>
b01 finish rc=(409, 514)  t=240.0  completed=True  world=(500.0, 1050.5)
b02 start  rc=(393, 456)  t=480.0  completed=True  world=(-1240.0, 1530.5)
b02 finish — <none>
b03 start  — <none>
b03 finish rc=(451, 165)  t=480.0  completed=True  world=(-9970.0, -209.5)
b04 start  — <none>
b04 finish — <none>
b05 start  — <none>
b05 finish — <none>
=== end ===

— end dump —

[GC#02] Sector 2 contained → Standby
Using multi-phase propagation with wind schedule.
[GC#01] updated fire after clearing batch
  → selected [-3311.6771276   1389.30131636] as drop point
Using multi-phase propagation with wind schedule.
DROP RAN
[DEBUG] AT#00  finished drop in sector 2 – notifying ground crews
[DEBUG] GC#01  attempting re-plan… remaining path = 132 cells
[DEBUG] GC#01 start@(406, 227)  raw_arr=inf  now=804.0  mtt=nan  within_buffer=False
[START] GC#01 using NEW (buffered by planner) → start (406, 227) on boundary 2
Start:  (406, 227)
Finish:  (451, 165)
[GC#01] fire-line length 108 cells (494.5 min; full plan)
[DEBUG] GC#01  new path accepted (length 108, ETA 494.5 min)
Applied action {'FireHercAgent': (3,), 'GroundCrewAgent': (3, 4)} at t=840 min
[ICS] open=[0, 3, 4, 5]  crew_order=[3, 0, 4, 5]  weights={0: 115.0, 3: 259.0, 4: 45.0, 5: 3.0}
simulating in place

— after _record_anchor(bdy=3, role=start, cell=(451, 165), by=None) —

=== boundary_anchors (NOW) ===
b00 start  — <none>
b00 finish — <none>
b01 start  — <none>
b01 finish rc=(409, 514)  t=240.0  completed=True  world=(500.0, 1050.5)
b02 start  rc=(393, 456)  t=480.0  completed=True  world=(-1240.0, 1530.5)
b02 finish — <none>
b03 start  rc=(451, 165)  t=840.0  completed=False  world=(-9970.0, -209.5)
b03 finish rc=(451, 165)  t=480.0  completed=True  world=(-9970.0, -209.5)
b04 start  — <none>
b04 finish — <none>
b05 start  — <none>
b05 finish — <none>
=== end ===

— end dump —


— after _record_anchor(bdy=4, role=finish, cell=(693, 350), by=None) —

=== boundary_anchors (NOW) ===
b00 start  — <none>
b00 finish — <none>
b01 start  — <none>
b01 finish rc=(409, 514)  t=240.0  completed=True  world=(500.0, 1050.5)
b02 start  rc=(393, 456)  t=480.0  completed=True  world=(-1240.0, 1530.5)
b02 finish — <none>
b03 start  rc=(451, 165)  t=840.0  completed=False  world=(-9970.0, -209.5)
b03 finish rc=(451, 165)  t=480.0  completed=True  world=(-9970.0, -209.5)
b04 start  — <none>
b04 finish rc=(693, 350)  t=840.0  completed=False  world=(-4420.0, -7469.5)
b05 start  — <none>
b05 finish — <none>
=== end ===

— end dump —

[DEBUG] sector 3: start@bdy3 (451, 165)   finish@bdy4 (693, 350)
[GC#02] → sector 3  start (451, 165)  finish (693, 350)
  → selected [-5046.01846131  -205.03991842] as drop point
FLUSHED
Using multi-phase propagation with wind schedule.
DROP RAN
[DEBUG] AT#00  finished drop in sector 3 – notifying ground crews
  → selected [-5588.1696843   -228.71075202] as drop point
FLUSHED
Using multi-phase propagation with wind schedule.
DROP RAN
[DEBUG] AT#00  finished drop in sector 3 – notifying ground crews
  → selected [-6310.75249936  -815.99158051] as drop point
FLUSHED
Using multi-phase propagation with wind schedule.
DROP RAN
[DEBUG] AT#00  finished drop in sector 3 – notifying ground crews
Applied action {'FireHercAgent': (4,), 'GroundCrewAgent': (4, 1)} at t=960 min
[ICS] open=[0, 3, 4, 5]  crew_order=[3, 0, 4, 5]  weights={0: 115.0, 3: 259.0, 4: 45.0, 5: 3.0}
simulating in place
[START] GC#02 using ANCHOR (unspecified source) → start (451, 165) on boundary 3
Start:  (451, 165)
Finish:  (693, 350)
[GC#02] fire-line length 490 cells (287.3 min; full plan)

— after _mark_anchor_completed(bdy=3, role=start, by=None) —

=== boundary_anchors (NOW) ===
b00 start  — <none>
b00 finish — <none>
b01 start  — <none>
b01 finish rc=(409, 514)  t=240.0  completed=True  world=(500.0, 1050.5)
b02 start  rc=(393, 456)  t=480.0  completed=True  world=(-1240.0, 1530.5)
b02 finish — <none>
b03 start  rc=(451, 165)  t=840.0  completed=True  world=(-9970.0, -209.5)
b03 finish rc=(451, 165)  t=480.0  completed=True  world=(-9970.0, -209.5)
b04 start  — <none>
b04 finish rc=(693, 350)  t=840.0  completed=False  world=(-4420.0, -7469.5)
b05 start  — <none>
b05 finish — <none>
=== end ===

— end dump —


— after _mark_anchor_completed(bdy=4, role=finish, by=<groundcrew.GroundCrewAgent object at 0x00000217687AA110>) —

=== boundary_anchors (NOW) ===
b00 start  — <none>
b00 finish — <none>
b01 start  — <none>
b01 finish rc=(409, 514)  t=240.0  completed=True  world=(500.0, 1050.5)
b02 start  rc=(393, 456)  t=480.0  completed=True  world=(-1240.0, 1530.5)
b02 finish — <none>
b03 start  rc=(451, 165)  t=840.0  completed=True  world=(-9970.0, -209.5)
b03 finish rc=(451, 165)  t=480.0  completed=True  world=(-9970.0, -209.5)
b04 start  — <none>
b04 finish rc=(693, 350)  t=840.0  completed=True  world=(-4420.0, -7469.5)
b05 start  — <none>
b05 finish — <none>
=== end ===

— end dump —

  → selected [1544.39018109 2431.86301379] as drop point
FLUSHED
FLUSHED
Using multi-phase propagation with wind schedule.
DROP RAN
[DEBUG] AT#00  finished drop in sector 0 – notifying ground crews
  → selected [3535.99266108  169.65877923] as drop point
FLUSHED
FLUSHED
Using multi-phase propagation with wind schedule.
DROP RAN
[DEBUG] AT#00  finished drop in sector 0 – notifying ground crews
Applied action {'FireHercAgent': (1,), 'GroundCrewAgent': (4, 1)} at t=1080 min
[ICS] open=[0, 3, 4, 5]  crew_order=[3, 0, 4, 5]  weights={0: 115.0, 3: 259.0, 4: 45.0, 5: 3.0}
simulating in place
  → selected [ -718.94465029 -5483.35317164] as drop point
FLUSHED
FLUSHED
Using multi-phase propagation with wind schedule.
DROP RAN
[DEBUG] AT#00  finished drop in sector 4 – notifying ground crews
  → selected [ 1924.24702713 -4617.9994433 ] as drop point
FLUSHED
FLUSHED
Using multi-phase propagation with wind schedule.
DROP RAN
[DEBUG] AT#00  finished drop in sector 4 – notifying ground crews
  → selected [ 1144.75989008 -5125.66854566] as drop point
FLUSHED
FLUSHED
Using multi-phase propagation with wind schedule.
DROP RAN
[DEBUG] AT#00  finished drop in sector 4 – notifying ground crews
Using multi-phase propagation with wind schedule.
[GC#02] updated fire after clearing batch
Applied action {'FireHercAgent': (5,), 'GroundCrewAgent': (4, 1)} at t=1200 min
[ICS] open=[0, 3, 4, 5]  crew_order=[3, 0, 4, 5]  weights={0: 115.0, 3: 259.0, 4: 45.0, 5: 3.0}
simulating in place
Using multi-phase propagation with wind schedule.
[GC#02] updated fire after clearing batch
Using multi-phase propagation with wind schedule.
[GC#02] updated fire after clearing batch
  → selected [-4546.961364   -4155.60484888] as drop point
FLUSHED
FLUSHED
Using multi-phase propagation with wind schedule.
DROP RAN
[DEBUG] AT#00  finished drop in sector 3 – notifying ground crews
[DEBUG] GC#02  attempting re-plan… remaining path = 490 cells
[DEBUG] GC#02 start@(547, 208)  raw_arr=inf  now=1229.0  mtt=nan  within_buffer=False
[START] GC#02 using NEW (buffered by planner) → start (547, 208) on boundary 3
Start:  (547, 208)
Finish:  (693, 350)
[GC#02] fire-line length 333 cells (23.6 min; full plan)
[DEBUG] GC#02  new path accepted (length 333, ETA 23.6 min)
Using multi-phase propagation with wind schedule.
[GC#02] updated fire after clearing batch
Using multi-phase propagation with wind schedule.
[GC#02] updated fire after clearing batch
Using multi-phase propagation with wind schedule.
[GC#02] updated fire after clearing batch
Using multi-phase propagation with wind schedule.
[GC#02] updated fire after clearing batch
Using multi-phase propagation with wind schedule.
[GC#02] updated fire after clearing batch
Using multi-phase propagation with wind schedule.
[GC#02] updated fire after clearing batch
Using multi-phase propagation with wind schedule.
[GC#02] updated fire after clearing batch
Using multi-phase propagation with wind schedule.
[GC#02] updated fire after clearing batch
Using multi-phase propagation with wind schedule.
[GC#02] updated fire after clearing batch
Using multi-phase propagation with wind schedule.
[GC#02] updated fire after clearing batch
Using multi-phase propagation with wind schedule.
[GC#02] updated fire after clearing batch
Using multi-phase propagation with wind schedule.
[GC#02] updated fire after clearing batch
Using multi-phase propagation with wind schedule.
[GC#02] updated fire after clearing batch
Sector contained  3

— after _mark_anchor_completed(bdy=3, role=start, by=None) —

=== boundary_anchors (NOW) ===
b00 start  — <none>
b00 finish — <none>
b01 start  — <none>
b01 finish rc=(409, 514)  t=240.0  completed=True  world=(500.0, 1050.5)
b02 start  rc=(393, 456)  t=480.0  completed=True  world=(-1240.0, 1530.5)
b02 finish — <none>
b03 start  rc=(451, 165)  t=840.0  completed=True  world=(-9970.0, -209.5)
b03 finish rc=(451, 165)  t=480.0  completed=True  world=(-9970.0, -209.5)
b04 start  — <none>
b04 finish rc=(693, 350)  t=840.0  completed=True  world=(-4420.0, -7469.5)
b05 start  — <none>
b05 finish — <none>
=== end ===

— end dump —


— after _mark_anchor_completed(bdy=4, role=finish, by=None) —

=== boundary_anchors (NOW) ===
b00 start  — <none>
b00 finish — <none>
b01 start  — <none>
b01 finish rc=(409, 514)  t=240.0  completed=True  world=(500.0, 1050.5)
b02 start  rc=(393, 456)  t=480.0  completed=True  world=(-1240.0, 1530.5)
b02 finish — <none>
b03 start  rc=(451, 165)  t=840.0  completed=True  world=(-9970.0, -209.5)
b03 finish rc=(451, 165)  t=480.0  completed=True  world=(-9970.0, -209.5)
b04 start  — <none>
b04 finish rc=(693, 350)  t=840.0  completed=True  world=(-4420.0, -7469.5)
b05 start  — <none>
b05 finish — <none>
=== end ===

— end dump —

[GC#02] Sector 3 contained → Standby
  → selected [-7476.91234178  -311.17503735] as drop point
FLUSHED
Using multi-phase propagation with wind schedule.
DROP RAN
[DEBUG] AT#00  finished drop in sector 3 – notifying ground crews
Using multi-phase propagation with wind schedule.
[GC#01] updated fire after clearing batch
Sector contained  2

— after _mark_anchor_completed(bdy=2, role=start, by=None) —

=== boundary_anchors (NOW) ===
b00 start  — <none>
b00 finish — <none>
b01 start  — <none>
b01 finish rc=(409, 514)  t=240.0  completed=True  world=(500.0, 1050.5)
b02 start  rc=(393, 456)  t=480.0  completed=True  world=(-1240.0, 1530.5)
b02 finish — <none>
b03 start  rc=(451, 165)  t=840.0  completed=True  world=(-9970.0, -209.5)
b03 finish rc=(451, 165)  t=480.0  completed=True  world=(-9970.0, -209.5)
b04 start  — <none>
b04 finish rc=(693, 350)  t=840.0  completed=True  world=(-4420.0, -7469.5)
b05 start  — <none>
b05 finish — <none>
=== end ===

— end dump —


— after _mark_anchor_completed(bdy=3, role=finish, by=None) —

=== boundary_anchors (NOW) ===
b00 start  — <none>
b00 finish — <none>
b01 start  — <none>
b01 finish rc=(409, 514)  t=240.0  completed=True  world=(500.0, 1050.5)
b02 start  rc=(393, 456)  t=480.0  completed=True  world=(-1240.0, 1530.5)
b02 finish — <none>
b03 start  rc=(451, 165)  t=840.0  completed=True  world=(-9970.0, -209.5)
b03 finish rc=(451, 165)  t=480.0  completed=True  world=(-9970.0, -209.5)
b04 start  — <none>
b04 finish rc=(693, 350)  t=840.0  completed=True  world=(-4420.0, -7469.5)
b05 start  — <none>
b05 finish — <none>
=== end ===

— end dump —

[GC#01] Sector 2 contained → Standby
Applied action {'FireHercAgent': (4,), 'GroundCrewAgent': (4, 1)} at t=1320 min
[ICS] open=[0, 4, 5]  crew_order=[0, 4, 5]  weights={0: 115.0, 4: 45.0, 5: 3.0}
simulating in place

— after _record_anchor(bdy=1, role=start, cell=(409, 514), by=None) —

=== boundary_anchors (NOW) ===
b00 start  — <none>
b00 finish — <none>
b01 start  rc=(409, 514)  t=1320.0  completed=False  world=(500.0, 1050.5)
b01 finish rc=(409, 514)  t=240.0  completed=True  world=(500.0, 1050.5)
b02 start  rc=(393, 456)  t=480.0  completed=True  world=(-1240.0, 1530.5)
b02 finish — <none>
b03 start  rc=(451, 165)  t=840.0  completed=True  world=(-9970.0, -209.5)
b03 finish rc=(451, 165)  t=480.0  completed=True  world=(-9970.0, -209.5)
b04 start  — <none>
b04 finish rc=(693, 350)  t=840.0  completed=True  world=(-4420.0, -7469.5)
b05 start  — <none>
b05 finish — <none>
=== end ===

— end dump —


— after _record_anchor(bdy=0, role=finish, cell=(451, 735), by=None) —

=== boundary_anchors (NOW) ===
b00 start  — <none>
b00 finish rc=(451, 735)  t=1320.0  completed=False  world=(7130.0, -209.5)
b01 start  rc=(409, 514)  t=1320.0  completed=False  world=(500.0, 1050.5)
b01 finish rc=(409, 514)  t=240.0  completed=True  world=(500.0, 1050.5)
b02 start  rc=(393, 456)  t=480.0  completed=True  world=(-1240.0, 1530.5)
b02 finish — <none>
b03 start  rc=(451, 165)  t=840.0  completed=True  world=(-9970.0, -209.5)
b03 finish rc=(451, 165)  t=480.0  completed=True  world=(-9970.0, -209.5)
b04 start  — <none>
b04 finish rc=(693, 350)  t=840.0  completed=True  world=(-4420.0, -7469.5)
b05 start  — <none>
b05 finish — <none>
=== end ===

— end dump —

[DEBUG] sector 0: start@bdy1 (409, 514)   finish@bdy0 (451, 735)
[GC#01] → sector 0  start (409, 514)  finish (451, 735)

— after _record_anchor(bdy=4, role=start, cell=(693, 350), by=None) —

=== boundary_anchors (NOW) ===
b00 start  — <none>
b00 finish rc=(451, 735)  t=1320.0  completed=False  world=(7130.0, -209.5)
b01 start  rc=(409, 514)  t=1320.0  completed=False  world=(500.0, 1050.5)
b01 finish rc=(409, 514)  t=240.0  completed=True  world=(500.0, 1050.5)
b02 start  rc=(393, 456)  t=480.0  completed=True  world=(-1240.0, 1530.5)
b02 finish — <none>
b03 start  rc=(451, 165)  t=840.0  completed=True  world=(-9970.0, -209.5)
b03 finish rc=(451, 165)  t=480.0  completed=True  world=(-9970.0, -209.5)
b04 start  rc=(693, 350)  t=1320.0  completed=False  world=(-4420.0, -7469.5)
b04 finish rc=(693, 350)  t=840.0  completed=True  world=(-4420.0, -7469.5)
b05 start  — <none>
b05 finish — <none>
=== end ===

— end dump —


— after _record_anchor(bdy=5, role=finish, cell=(887, 741), by=None) —

=== boundary_anchors (NOW) ===
b00 start  — <none>
b00 finish rc=(451, 735)  t=1320.0  completed=False  world=(7130.0, -209.5)
b01 start  rc=(409, 514)  t=1320.0  completed=False  world=(500.0, 1050.5)
b01 finish rc=(409, 514)  t=240.0  completed=True  world=(500.0, 1050.5)
b02 start  rc=(393, 456)  t=480.0  completed=True  world=(-1240.0, 1530.5)
b02 finish — <none>
b03 start  rc=(451, 165)  t=840.0  completed=True  world=(-9970.0, -209.5)
b03 finish rc=(451, 165)  t=480.0  completed=True  world=(-9970.0, -209.5)
b04 start  rc=(693, 350)  t=1320.0  completed=False  world=(-4420.0, -7469.5)
b04 finish rc=(693, 350)  t=840.0  completed=True  world=(-4420.0, -7469.5)
b05 start  — <none>
b05 finish rc=(887, 741)  t=1320.0  completed=False  world=(7310.0, -13289.5)
=== end ===

— end dump —

[DEBUG] sector 4: start@bdy4 (693, 350)   finish@bdy5 (887, 741)
[GC#02] → sector 4  start (693, 350)  finish (887, 741)
[START] GC#02 using ANCHOR (unspecified source) → start (693, 350) on boundary 4
Start:  (693, 350)
Finish:  (887, 741)
[GC#02] fire-line length 616 cells (896.2 min; full plan)

— after _mark_anchor_completed(bdy=4, role=start, by=None) —

=== boundary_anchors (NOW) ===
b00 start  — <none>
b00 finish rc=(451, 735)  t=1320.0  completed=False  world=(7130.0, -209.5)
b01 start  rc=(409, 514)  t=1320.0  completed=False  world=(500.0, 1050.5)
b01 finish rc=(409, 514)  t=240.0  completed=True  world=(500.0, 1050.5)
b02 start  rc=(393, 456)  t=480.0  completed=True  world=(-1240.0, 1530.5)
b02 finish — <none>
b03 start  rc=(451, 165)  t=840.0  completed=True  world=(-9970.0, -209.5)
b03 finish rc=(451, 165)  t=480.0  completed=True  world=(-9970.0, -209.5)
b04 start  rc=(693, 350)  t=1320.0  completed=True  world=(-4420.0, -7469.5)
b04 finish rc=(693, 350)  t=840.0  completed=True  world=(-4420.0, -7469.5)
b05 start  — <none>
b05 finish rc=(887, 741)  t=1320.0  completed=False  world=(7310.0, -13289.5)
=== end ===

— end dump —


— after _mark_anchor_completed(bdy=5, role=finish, by=<groundcrew.GroundCrewAgent object at 0x00000217687AA110>) —

=== boundary_anchors (NOW) ===
b00 start  — <none>
b00 finish rc=(451, 735)  t=1320.0  completed=False  world=(7130.0, -209.5)
b01 start  rc=(409, 514)  t=1320.0  completed=False  world=(500.0, 1050.5)
b01 finish rc=(409, 514)  t=240.0  completed=True  world=(500.0, 1050.5)
b02 start  rc=(393, 456)  t=480.0  completed=True  world=(-1240.0, 1530.5)
b02 finish — <none>
b03 start  rc=(451, 165)  t=840.0  completed=True  world=(-9970.0, -209.5)
b03 finish rc=(451, 165)  t=480.0  completed=True  world=(-9970.0, -209.5)
b04 start  rc=(693, 350)  t=1320.0  completed=True  world=(-4420.0, -7469.5)
b04 finish rc=(693, 350)  t=840.0  completed=True  world=(-4420.0, -7469.5)
b05 start  — <none>
b05 finish rc=(887, 741)  t=1320.0  completed=True  world=(7310.0, -13289.5)
=== end ===

— end dump —

Using multi-phase propagation with wind schedule.
[GC#02] updated fire after clearing batch
  → selected [2641.85370653 4154.53568108] as drop point
FLUSHED
Using multi-phase propagation with wind schedule.
DROP RAN
[DEBUG] AT#00  finished drop in sector 0 – notifying ground crews
Using multi-phase propagation with wind schedule.
[GC#02] updated fire after clearing batch
Using multi-phase propagation with wind schedule.
[GC#02] updated fire after clearing batch
  → selected [4172.26258404 2184.83569603] as drop point
FLUSHED
Using multi-phase propagation with wind schedule.
DROP RAN
[DEBUG] AT#00  finished drop in sector 0 – notifying ground crews
Using multi-phase propagation with wind schedule.
[GC#02] updated fire after clearing batch
  → selected [4442.40372165 1853.52806103] as drop point
FLUSHED
Using multi-phase propagation with wind schedule.
DROP RAN
[DEBUG] AT#00  finished drop in sector 0 – notifying ground crews
Applied action {'FireHercAgent': (1,), 'GroundCrewAgent': (1, 5)} at t=1440 min
[ICS] open=[0, 4, 5]  crew_order=[0, 4, 5]  weights={0: 115.0, 4: 45.0, 5: 3.0}
simulating in place
Using multi-phase propagation with wind schedule.
[GC#02] updated fire after clearing batch
  → selected [4500.61402321 2355.76463627] as drop point
FLUSHED
Using multi-phase propagation with wind schedule.
DROP RAN
[DEBUG] AT#00  finished drop in sector 0 – notifying ground crews
  → selected [4739.29685215 1508.21253466] as drop point
FLUSHED
Using multi-phase propagation with wind schedule.
DROP RAN
[DEBUG] AT#00  finished drop in sector 0 – notifying ground crews
Using multi-phase propagation with wind schedule.
[GC#02] updated fire after clearing batch
  → selected [4702.2256013  1961.14980738] as drop point
FLUSHED
Using multi-phase propagation with wind schedule.
DROP RAN
[DEBUG] AT#00  finished drop in sector 0 – notifying ground crews
Applied action {'FireHercAgent': (1,), 'GroundCrewAgent': (1, 5)} at t=1560 min
[ICS] open=[0, 4, 5]  crew_order=[0, 4, 5]  weights={0: 115.0, 4: 45.0, 5: 3.0}
simulating in place
  → selected [4603.7320281  2945.21244303] as drop point
FLUSHED
Using multi-phase propagation with wind schedule.
DROP RAN
[DEBUG] AT#00  finished drop in sector 0 – notifying ground crews
Using multi-phase propagation with wind schedule.
[GC#02] updated fire after clearing batch
Using multi-phase propagation with wind schedule.
[GC#02] updated fire after clearing batch
Using multi-phase propagation with wind schedule.
[GC#02] updated fire after clearing batch
  → selected [5064.10446228 1137.07018345] as drop point
FLUSHED
Using multi-phase propagation with wind schedule.
DROP RAN
[DEBUG] AT#00  finished drop in sector 0 – notifying ground crews
Using multi-phase propagation with wind schedule.
[GC#02] updated fire after clearing batch
Using multi-phase propagation with wind schedule.
[GC#02] updated fire after clearing batch
[START] GC#01 using ANCHOR (unspecified source) → start (409, 514) on boundary 1
Start:  (409, 514)
Finish:  (451, 735)
[GC#01] fire-line length 1526 cells (1964.7 min; full plan)

— after _mark_anchor_completed(bdy=1, role=start, by=None) —

=== boundary_anchors (NOW) ===
b00 start  — <none>
b00 finish rc=(451, 735)  t=1320.0  completed=False  world=(7130.0, -209.5)
b01 start  rc=(409, 514)  t=1320.0  completed=True  world=(500.0, 1050.5)
b01 finish rc=(409, 514)  t=240.0  completed=True  world=(500.0, 1050.5)
b02 start  rc=(393, 456)  t=480.0  completed=True  world=(-1240.0, 1530.5)
b02 finish — <none>
b03 start  rc=(451, 165)  t=840.0  completed=True  world=(-9970.0, -209.5)
b03 finish rc=(451, 165)  t=480.0  completed=True  world=(-9970.0, -209.5)
b04 start  rc=(693, 350)  t=1320.0  completed=True  world=(-4420.0, -7469.5)
b04 finish rc=(693, 350)  t=840.0  completed=True  world=(-4420.0, -7469.5)
b05 start  — <none>
b05 finish rc=(887, 741)  t=1320.0  completed=True  world=(7310.0, -13289.5)
=== end ===

— end dump —


— after _mark_anchor_completed(bdy=0, role=finish, by=<groundcrew.GroundCrewAgent object at 0x00000217687AB890>) —

=== boundary_anchors (NOW) ===
b00 start  — <none>
b00 finish rc=(451, 735)  t=1320.0  completed=True  world=(7130.0, -209.5)
b01 start  rc=(409, 514)  t=1320.0  completed=True  world=(500.0, 1050.5)
b01 finish rc=(409, 514)  t=240.0  completed=True  world=(500.0, 1050.5)
b02 start  rc=(393, 456)  t=480.0  completed=True  world=(-1240.0, 1530.5)
b02 finish — <none>
b03 start  rc=(451, 165)  t=840.0  completed=True  world=(-9970.0, -209.5)
b03 finish rc=(451, 165)  t=480.0  completed=True  world=(-9970.0, -209.5)
b04 start  rc=(693, 350)  t=1320.0  completed=True  world=(-4420.0, -7469.5)
b04 finish rc=(693, 350)  t=840.0  completed=True  world=(-4420.0, -7469.5)
b05 start  — <none>
b05 finish rc=(887, 741)  t=1320.0  completed=True  world=(7310.0, -13289.5)
=== end ===

— end dump —

Using multi-phase propagation with wind schedule.
[GC#01] updated fire after clearing batch
Applied action {'FireHercAgent': (1,), 'GroundCrewAgent': (1, 5)} at t=1680 min
[ICS] open=[0, 4, 5]  crew_order=[0, 4, 5]  weights={0: 115.0, 4: 45.0, 5: 3.0}
simulating in place
Using multi-phase propagation with wind schedule.
[GC#01] updated fire after clearing batch
  → selected [4224.72353756 4620.52081243] as drop point
FLUSHED
FLUSHED
Using multi-phase propagation with wind schedule.
DROP RAN
[DEBUG] AT#00  finished drop in sector 0 – notifying ground crews
[DEBUG] GC#01  attempting re-plan… remaining path = 1526 cells
[DEBUG] GC#01 start@(328, 379)  raw_arr=inf  now=1699.0  mtt=nan  within_buffer=False
[START] GC#01 using NEW (buffered by planner) → start (328, 379) on boundary 1
Start:  (328, 379)
Finish:  (451, 735)
[GC#01] fire-line length 1296 cells (1907.6 min; full plan)
[DEBUG] GC#01  new path accepted (length 1296, ETA 1907.6 min)
Using multi-phase propagation with wind schedule.
[GC#02] updated fire after clearing batch
Using multi-phase propagation with wind schedule.
[GC#02] updated fire after clearing batch
Using multi-phase propagation with wind schedule.
[GC#02] updated fire after clearing batch
  → selected [4733.46513545 3643.77697678] as drop point
FLUSHED
FLUSHED
Using multi-phase propagation with wind schedule.
DROP RAN
[DEBUG] AT#00  finished drop in sector 0 – notifying ground crews
[DEBUG] GC#01  attempting re-plan… remaining path = 1296 cells
[DEBUG] GC#01 start@(319, 374)  raw_arr=inf  now=1745.0  mtt=nan  within_buffer=False
[START] GC#01 using NEW (buffered by planner) → start (319, 374) on boundary 1
Start:  (319, 374)
Finish:  (451, 735)
[GC#01] fire-line length 1284 cells (1860.5 min; full plan)
[DEBUG] GC#01  new path accepted (length 1284, ETA 1860.5 min)
Using multi-phase propagation with wind schedule.
[GC#02] updated fire after clearing batch
  → selected [5026.58005345 2629.56522132] as drop point
FLUSHED
FLUSHED
Using multi-phase propagation with wind schedule.
DROP RAN
[DEBUG] AT#00  finished drop in sector 0 – notifying ground crews
[DEBUG] GC#01  attempting re-plan… remaining path = 1284 cells
[DEBUG] GC#01 start@(312, 363)  raw_arr=inf  now=1791.0  mtt=nan  within_buffer=False
[START] GC#01 using NEW (buffered by planner) → start (312, 363) on boundary 1
Start:  (312, 363)
Finish:  (451, 735)
[GC#01] fire-line length 1262 cells (1825.5 min; full plan)
[DEBUG] GC#01  new path accepted (length 1262, ETA 1825.5 min)
Using multi-phase propagation with wind schedule.
[GC#02] updated fire after clearing batch
Applied action {'FireHercAgent': (1,), 'GroundCrewAgent': (1, 5)} at t=1800 min
[ICS] open=[0, 4, 5]  crew_order=[0, 4, 5]  weights={0: 115.0, 4: 45.0, 5: 3.0}
simulating in place
Using multi-phase propagation with wind schedule.
[GC#01] updated fire after clearing batch
  → selected [5030.08492779 3216.82919604] as drop point
FLUSHED
FLUSHED
Using multi-phase propagation with wind schedule.
DROP RAN
[DEBUG] AT#00  finished drop in sector 0 – notifying ground crews
[DEBUG] GC#01  attempting re-plan… remaining path = 1262 cells
[DEBUG] GC#01 start@(294, 356)  raw_arr=inf  now=1837.0  mtt=nan  within_buffer=False
[START] GC#01 using NEW (buffered by planner) → start (294, 356) on boundary 1
Start:  (294, 356)
Finish:  (451, 735)
[GC#01] fire-line length 1239 cells (1757.2 min; full plan)
[DEBUG] GC#01  new path accepted (length 1239, ETA 1757.2 min)
  → selected [6017.0151349  3145.15309043] as drop point
FLUSHED
FLUSHED
Using multi-phase propagation with wind schedule.
DROP RAN
[DEBUG] AT#00  finished drop in sector 0 – notifying ground crews
[DEBUG] GC#01  attempting re-plan… remaining path = 1239 cells
[DEBUG] GC#01 start@(278, 361)  raw_arr=inf  now=1883.0  mtt=nan  within_buffer=False
[START] GC#01 using NEW (buffered by planner) → start (278, 361) on boundary 1
Start:  (278, 361)
Finish:  (451, 735)
[GC#01] fire-line length 1210 cells (1629.6 min; full plan)
[DEBUG] GC#01  new path accepted (length 1210, ETA 1629.6 min)
Using multi-phase propagation with wind schedule.
[GC#01] updated fire after clearing batch
Applied action {'FireHercAgent': (1,), 'GroundCrewAgent': (1, 5)} at t=1920 min
[ICS] open=[0, 4, 5]  crew_order=[0, 4, 5]  weights={0: 115.0, 4: 45.0, 5: 3.0}
simulating in place
  → selected [  7175.25629708 -11239.56841683] as drop point
FLUSHED
FLUSHED
Using multi-phase propagation with wind schedule.
DROP RAN
[DEBUG] AT#00  finished drop in sector 5 – notifying ground crews
Using multi-phase propagation with wind schedule.
[GC#01] updated fire after clearing batch
Using multi-phase propagation with wind schedule.
[GC#01] updated fire after clearing batch
Using multi-phase propagation with wind schedule.
[GC#01] updated fire after clearing batch
  → selected [ 7942.05393255 -8646.29114788] as drop point
FLUSHED
FLUSHED
Using multi-phase propagation with wind schedule.
DROP RAN
[DEBUG] AT#00  finished drop in sector 5 – notifying ground crews
Using multi-phase propagation with wind schedule.
[GC#01] updated fire after clearing batch
Using multi-phase propagation with wind schedule.
[GC#01] updated fire after clearing batch
  → selected [  7586.53248123 -11885.14271131] as drop point
FLUSHED
FLUSHED
Using multi-phase propagation with wind schedule.
DROP RAN
[DEBUG] AT#00  finished drop in sector 5 – notifying ground crews
Using multi-phase propagation with wind schedule.
[GC#01] updated fire after clearing batch
Applied action {'FireHercAgent': (6,), 'GroundCrewAgent': (1, 5)} at t=2040 min
[ICS] open=[0, 4, 5]  crew_order=[0, 4, 5]  weights={0: 115.0, 4: 45.0, 5: 3.0}
simulating in place
  → selected [6797.53892318 1521.36335148] as drop point
FLUSHED
FLUSHED
Using multi-phase propagation with wind schedule.
DROP RAN
[DEBUG] AT#00  finished drop in sector 0 – notifying ground crews
[DEBUG] GC#01  attempting re-plan… remaining path = 1210 cells
[DEBUG] GC#01 start@(166, 434)  raw_arr=inf  now=2070.0  mtt=nan  within_buffer=False
[START] GC#01 using NEW (buffered by planner) → start (166, 434) on boundary 1
Start:  (166, 434)
Finish:  (451, 735)
[GC#01] fire-line length 973 cells (1455.4 min; full plan)
[DEBUG] GC#01  new path accepted (length 973, ETA 1455.4 min)
Using multi-phase propagation with wind schedule.
[GC#01] updated fire after clearing batch
  → selected [6606.78400321 2097.02897164] as drop point
FLUSHED
FLUSHED
Using multi-phase propagation with wind schedule.
DROP RAN
[DEBUG] AT#00  finished drop in sector 0 – notifying ground crews
[DEBUG] GC#01  attempting re-plan… remaining path = 973 cells
[DEBUG] GC#01 start@(145, 430)  raw_arr=inf  now=2116.0  mtt=nan  within_buffer=False
[START] GC#01 using NEW (buffered by planner) → start (145, 430) on boundary 1
Start:  (145, 430)
Finish:  (451, 735)
[GC#01] fire-line length 944 cells (1417.7 min; full plan)
[DEBUG] GC#01  new path accepted (length 944, ETA 1417.7 min)
Using multi-phase propagation with wind schedule.
[GC#01] updated fire after clearing batch
Using multi-phase propagation with wind schedule.
[GC#01] updated fire after clearing batch
Applied action {'FireHercAgent': (1,), 'GroundCrewAgent': (1, 5)} at t=2160 min
[ICS] open=[0, 4, 5]  crew_order=[0, 4, 5]  weights={0: 115.0, 4: 45.0, 5: 3.0}
simulating in place
  → selected [6548.39749055 2725.85924238] as drop point
FLUSHED
FLUSHED
Using multi-phase propagation with wind schedule.
DROP RAN
[DEBUG] AT#00  finished drop in sector 0 – notifying ground crews
[DEBUG] GC#01  attempting re-plan… remaining path = 944 cells
[DEBUG] GC#01 start@(134, 482)  raw_arr=inf  now=2162.0  mtt=nan  within_buffer=False
[START] GC#01 using NEW (buffered by planner) → start (134, 482) on boundary 1
Start:  (134, 482)
Finish:  (451, 735)
[GC#01] fire-line length 881 cells (1365.9 min; full plan)
[DEBUG] GC#01  new path accepted (length 881, ETA 1365.9 min)
Using multi-phase propagation with wind schedule.
[GC#01] updated fire after clearing batch
Using multi-phase propagation with wind schedule.
[GC#01] updated fire after clearing batch
Using multi-phase propagation with wind schedule.
[GC#01] updated fire after clearing batch
Using multi-phase propagation with wind schedule.
[GC#01] updated fire after clearing batch
Using multi-phase propagation with wind schedule.
[GC#01] updated fire after clearing batch
Using multi-phase propagation with wind schedule.
[GC#01] updated fire after clearing batch
Using multi-phase propagation with wind schedule.
[GC#01] updated fire after clearing batch
Using multi-phase propagation with wind schedule.
[GC#01] updated fire after clearing batch
Using multi-phase propagation with wind schedule.
[GC#01] updated fire after clearing batch
Using multi-phase propagation with wind schedule.
[GC#01] updated fire after clearing batch
Using multi-phase propagation with wind schedule.
[GC#01] updated fire after clearing batch
Using multi-phase propagation with wind schedule.
[GC#01] updated fire after clearing batch
Using multi-phase propagation with wind schedule.
[GC#01] updated fire after clearing batch
Using multi-phase propagation with wind schedule.
[GC#01] updated fire after clearing batch
Using multi-phase propagation with wind schedule.
[GC#01] updated fire after clearing batch
Using multi-phase propagation with wind schedule.
[GC#01] updated fire after clearing batch
Using multi-phase propagation with wind schedule.
[GC#01] updated fire after clearing batch
Using multi-phase propagation with wind schedule.
[GC#01] updated fire after clearing batch
Using multi-phase propagation with wind schedule.
[GC#01] updated fire after clearing batch
  → selected [4613.77952418 7249.83919619] as drop point
FLUSHED
FLUSHED
Using multi-phase propagation with wind schedule.
DROP RAN
[DEBUG] AT#00  finished drop in sector 0 – notifying ground crews
[DEBUG] GC#01  attempting re-plan… remaining path = 881 cells
[DEBUG] GC#01 start@(205, 824)  raw_arr=inf  now=2208.0  mtt=nan  within_buffer=False
[START] GC#01 using NEW (buffered by planner) → start (205, 824) on boundary 1
Start:  (205, 824)
Finish:  (451, 735)
[GC#01] fire-line length 408 cells (1315.2 min; full plan)
[DEBUG] GC#01  new path accepted (length 408, ETA 1315.2 min)
Using multi-phase propagation with wind schedule.
[GC#02] updated fire after clearing batch
Sector contained  4

— after _mark_anchor_completed(bdy=4, role=start, by=None) —

=== boundary_anchors (NOW) ===
b00 start  — <none>
b00 finish rc=(451, 735)  t=1320.0  completed=True  world=(7130.0, -209.5)
b01 start  rc=(409, 514)  t=1320.0  completed=True  world=(500.0, 1050.5)
b01 finish rc=(409, 514)  t=240.0  completed=True  world=(500.0, 1050.5)
b02 start  rc=(393, 456)  t=480.0  completed=True  world=(-1240.0, 1530.5)
b02 finish — <none>
b03 start  rc=(451, 165)  t=840.0  completed=True  world=(-9970.0, -209.5)
b03 finish rc=(451, 165)  t=480.0  completed=True  world=(-9970.0, -209.5)
b04 start  rc=(693, 350)  t=1320.0  completed=True  world=(-4420.0, -7469.5)
b04 finish rc=(693, 350)  t=840.0  completed=True  world=(-4420.0, -7469.5)
b05 start  — <none>
b05 finish rc=(887, 741)  t=1320.0  completed=True  world=(7310.0, -13289.5)
=== end ===

— end dump —


— after _mark_anchor_completed(bdy=5, role=finish, by=None) —

=== boundary_anchors (NOW) ===
b00 start  — <none>
b00 finish rc=(451, 735)  t=1320.0  completed=True  world=(7130.0, -209.5)
b01 start  rc=(409, 514)  t=1320.0  completed=True  world=(500.0, 1050.5)
b01 finish rc=(409, 514)  t=240.0  completed=True  world=(500.0, 1050.5)
b02 start  rc=(393, 456)  t=480.0  completed=True  world=(-1240.0, 1530.5)
b02 finish — <none>
b03 start  rc=(451, 165)  t=840.0  completed=True  world=(-9970.0, -209.5)
b03 finish rc=(451, 165)  t=480.0  completed=True  world=(-9970.0, -209.5)
b04 start  rc=(693, 350)  t=1320.0  completed=True  world=(-4420.0, -7469.5)
b04 finish rc=(693, 350)  t=840.0  completed=True  world=(-4420.0, -7469.5)
b05 start  — <none>
b05 finish rc=(887, 741)  t=1320.0  completed=True  world=(7310.0, -13289.5)
=== end ===

— end dump —

[GC#02] Sector 4 contained → Standby
Using multi-phase propagation with wind schedule.
[GC#01] updated fire after clearing batch
Using multi-phase propagation with wind schedule.
[GC#01] updated fire after clearing batch
Using multi-phase propagation with wind schedule.
[GC#01] updated fire after clearing batch
  → selected [7019.90320346  939.02253724] as drop point
FLUSHED
Using multi-phase propagation with wind schedule.
DROP RAN
[DEBUG] AT#00  finished drop in sector 0 – notifying ground crews
[DEBUG] GC#01  attempting re-plan… remaining path = 408 cells
[DEBUG] GC#01 start@(253, 820)  raw_arr=inf  now=2254.0  mtt=nan  within_buffer=False
[START] GC#01 using NEW (buffered by planner) → start (253, 820) on boundary 1
Start:  (253, 820)
Finish:  (451, 735)
[GC#01] fire-line length 740 cells (566.3 min; full plan)
[DEBUG] GC#01  new path length 740 > old+5  →  rejecting and DISABLING further re-plans
Applied action {'FireHercAgent': (1,), 'GroundCrewAgent': (1, 5)} at t=2280 min
[ICS] open=[0, 5]  crew_order=[0, 5]  weights={0: 115.0, 5: 3.0}
simulating in place

— after _record_anchor(bdy=0, role=start, cell=(451, 735), by=None) —

=== boundary_anchors (NOW) ===
b00 start  rc=(451, 735)  t=2280.0  completed=False  world=(7130.0, -209.5)
b00 finish rc=(451, 735)  t=1320.0  completed=True  world=(7130.0, -209.5)
b01 start  rc=(409, 514)  t=1320.0  completed=True  world=(500.0, 1050.5)
b01 finish rc=(409, 514)  t=240.0  completed=True  world=(500.0, 1050.5)
b02 start  rc=(393, 456)  t=480.0  completed=True  world=(-1240.0, 1530.5)
b02 finish — <none>
b03 start  rc=(451, 165)  t=840.0  completed=True  world=(-9970.0, -209.5)
b03 finish rc=(451, 165)  t=480.0  completed=True  world=(-9970.0, -209.5)
b04 start  rc=(693, 350)  t=1320.0  completed=True  world=(-4420.0, -7469.5)
b04 finish rc=(693, 350)  t=840.0  completed=True  world=(-4420.0, -7469.5)
b05 start  — <none>
b05 finish rc=(887, 741)  t=1320.0  completed=True  world=(7310.0, -13289.5)
=== end ===

— end dump —


— after _record_anchor(bdy=1, role=finish, cell=(409, 514), by=None) —

=== boundary_anchors (NOW) ===
b00 start  rc=(451, 735)  t=2280.0  completed=False  world=(7130.0, -209.5)
b00 finish rc=(451, 735)  t=1320.0  completed=True  world=(7130.0, -209.5)
b01 start  rc=(409, 514)  t=1320.0  completed=True  world=(500.0, 1050.5)
b01 finish rc=(409, 514)  t=2280.0  completed=False  world=(500.0, 1050.5)
b02 start  rc=(393, 456)  t=480.0  completed=True  world=(-1240.0, 1530.5)
b02 finish — <none>
b03 start  rc=(451, 165)  t=840.0  completed=True  world=(-9970.0, -209.5)
b03 finish rc=(451, 165)  t=480.0  completed=True  world=(-9970.0, -209.5)
b04 start  rc=(693, 350)  t=1320.0  completed=True  world=(-4420.0, -7469.5)
b04 finish rc=(693, 350)  t=840.0  completed=True  world=(-4420.0, -7469.5)
b05 start  — <none>
b05 finish rc=(887, 741)  t=1320.0  completed=True  world=(7310.0, -13289.5)
=== end ===

— end dump —

[DEBUG] sector 0: start@bdy0 (451, 735)   finish@bdy1 (409, 514)
[GC#02] → sector 0  start (451, 735)  finish (409, 514)
  → selected [7182.01442787  328.84752744] as drop point
FLUSHED
Using multi-phase propagation with wind schedule.
DROP RAN
[DEBUG] AT#00  finished drop in sector 0 – notifying ground crews
  → selected [6681.75309363 2781.0969418 ] as drop point
FLUSHED
Using multi-phase propagation with wind schedule.
DROP RAN
[DEBUG] AT#00  finished drop in sector 0 – notifying ground crews
Applied action {'FireHercAgent': (1,), 'GroundCrewAgent': (1, 6)} at t=2400 min
[ICS] open=[0, 5]  crew_order=[0, 5]  weights={0: 115.0, 5: 3.0}
simulating in place
  → selected [5834.14137561 6376.89218087] as drop point
FLUSHED
Using multi-phase propagation with wind schedule.
DROP RAN
[DEBUG] AT#00  finished drop in sector 0 – notifying ground crews
  → selected [7317.50964658  978.20316878] as drop point
FLUSHED
Using multi-phase propagation with wind schedule.
DROP RAN
[DEBUG] AT#00  finished drop in sector 0 – notifying ground crews
  → selected [7550.44856903  344.93370944] as drop point
FLUSHED
Using multi-phase propagation with wind schedule.
DROP RAN
[DEBUG] AT#00  finished drop in sector 0 – notifying ground crews
Applied action {'FireHercAgent': (1,), 'GroundCrewAgent': (1, 6)} at t=2520 min
[ICS] open=[0, 5]  crew_order=[0, 5]  weights={0: 115.0, 5: 3.0}
simulating in place
  → selected [4780.24016154 7511.13005781] as drop point
FLUSHED
Using multi-phase propagation with wind schedule.
DROP RAN
[DEBUG] AT#00  finished drop in sector 0 – notifying ground crews
  → selected [6415.00915998 5889.1904709 ] as drop point
FLUSHED
Using multi-phase propagation with wind schedule.
DROP RAN
[DEBUG] AT#00  finished drop in sector 0 – notifying ground crews
Using multi-phase propagation with wind schedule.
[GC#01] updated fire after clearing batch
  → selected [7936.59130432  361.79306536] as drop point
FLUSHED
Using multi-phase propagation with wind schedule.
DROP RAN
[DEBUG] AT#00  finished drop in sector 0 – notifying ground crews
Applied action {'FireHercAgent': (1,), 'GroundCrewAgent': (1, 6)} at t=2640 min
[ICS] open=[0, 5]  crew_order=[0, 5]  weights={0: 115.0, 5: 3.0}
simulating in place
  → selected [5518.00795018 7200.19417077] as drop point
FLUSHED
Using multi-phase propagation with wind schedule.
DROP RAN
[DEBUG] AT#00  finished drop in sector 0 – notifying ground crews
[START] GC#02 using ANCHOR (unspecified source) → start (451, 735) on boundary 0
Start:  (451, 735)
Finish:  (409, 514)
[GC#02] fire-line length 1494 cells (291.8 min; full plan)

— after _mark_anchor_completed(bdy=0, role=start, by=None) —

=== boundary_anchors (NOW) ===
b00 start  rc=(451, 735)  t=2280.0  completed=True  world=(7130.0, -209.5)
b00 finish rc=(451, 735)  t=1320.0  completed=True  world=(7130.0, -209.5)
b01 start  rc=(409, 514)  t=1320.0  completed=True  world=(500.0, 1050.5)
b01 finish rc=(409, 514)  t=2280.0  completed=False  world=(500.0, 1050.5)
b02 start  rc=(393, 456)  t=480.0  completed=True  world=(-1240.0, 1530.5)
b02 finish — <none>
b03 start  rc=(451, 165)  t=840.0  completed=True  world=(-9970.0, -209.5)
b03 finish rc=(451, 165)  t=480.0  completed=True  world=(-9970.0, -209.5)
b04 start  rc=(693, 350)  t=1320.0  completed=True  world=(-4420.0, -7469.5)
b04 finish rc=(693, 350)  t=840.0  completed=True  world=(-4420.0, -7469.5)
b05 start  — <none>
b05 finish rc=(887, 741)  t=1320.0  completed=True  world=(7310.0, -13289.5)
=== end ===

— end dump —


— after _mark_anchor_completed(bdy=1, role=finish, by=<groundcrew.GroundCrewAgent object at 0x00000217687AA110>) —

=== boundary_anchors (NOW) ===
b00 start  rc=(451, 735)  t=2280.0  completed=True  world=(7130.0, -209.5)
b00 finish rc=(451, 735)  t=1320.0  completed=True  world=(7130.0, -209.5)
b01 start  rc=(409, 514)  t=1320.0  completed=True  world=(500.0, 1050.5)
b01 finish rc=(409, 514)  t=2280.0  completed=True  world=(500.0, 1050.5)
b02 start  rc=(393, 456)  t=480.0  completed=True  world=(-1240.0, 1530.5)
b02 finish — <none>
b03 start  rc=(451, 165)  t=840.0  completed=True  world=(-9970.0, -209.5)
b03 finish rc=(451, 165)  t=480.0  completed=True  world=(-9970.0, -209.5)
b04 start  rc=(693, 350)  t=1320.0  completed=True  world=(-4420.0, -7469.5)
b04 finish rc=(693, 350)  t=840.0  completed=True  world=(-4420.0, -7469.5)
b05 start  — <none>
b05 finish rc=(887, 741)  t=1320.0  completed=True  world=(7310.0, -13289.5)
=== end ===

— end dump —

  → selected [6076.55855001 6641.44410409] as drop point
FLUSHED
FLUSHED
Using multi-phase propagation with wind schedule.
DROP RAN
[DEBUG] AT#00  finished drop in sector 0 – notifying ground crews
[DEBUG] GC#02  attempting re-plan… remaining path = 1494 cells
[DEBUG] GC#02 start@(451, 735)  raw_arr=inf  now=2722.0  mtt=nan  within_buffer=False
[START] GC#02 using ANCHOR (unspecified source) → start (451, 735) on boundary 0
Start:  (451, 735)
Finish:  (409, 514)
[GC#02] fire-line length 1494 cells (283.9 min; full plan)
[DEBUG] GC#02  new path accepted (length 1494, ETA 283.9 min)
Using multi-phase propagation with wind schedule.
[GC#02] updated fire after clearing batch
Applied action {'FireHercAgent': (1,), 'GroundCrewAgent': (1, 6)} at t=2760 min
[ICS] open=[0, 5]  crew_order=[0, 5]  weights={0: 115.0, 5: 3.0}
simulating in place
  → selected [6506.1951617  5972.74704692] as drop point
FLUSHED
FLUSHED
Using multi-phase propagation with wind schedule.
DROP RAN
[DEBUG] AT#00  finished drop in sector 0 – notifying ground crews
[DEBUG] GC#02  attempting re-plan… remaining path = 1494 cells
[DEBUG] GC#02 start@(383, 722)  raw_arr=inf  now=2768.0  mtt=nan  within_buffer=False
[START] GC#02 using NEW (buffered by planner) → start (383, 722) on boundary 0
Start:  (383, 722)
Finish:  (409, 514)
[GC#02] fire-line length 1229 cells (262.3 min; full plan)
[DEBUG] GC#02  new path accepted (length 1229, ETA 262.3 min)
Using multi-phase propagation with wind schedule.
[GC#02] updated fire after clearing batch
Using multi-phase propagation with wind schedule.
[GC#02] updated fire after clearing batch
Using multi-phase propagation with wind schedule.
[GC#02] updated fire after clearing batch
  → selected [6803.51945524 5232.18552294] as drop point
FLUSHED
FLUSHED
Using multi-phase propagation with wind schedule.
DROP RAN
[DEBUG] AT#00  finished drop in sector 0 – notifying ground crews
[DEBUG] GC#02  attempting re-plan… remaining path = 1229 cells
[DEBUG] GC#02 start@(312, 709)  raw_arr=inf  now=2814.0  mtt=nan  within_buffer=False
[START] GC#02 using NEW (buffered by planner) → start (312, 709) on boundary 0
Start:  (312, 709)
Finish:  (409, 514)
[GC#02] fire-line length 1117 cells (197.8 min; full plan)
[DEBUG] GC#02  new path accepted (length 1117, ETA 197.8 min)
Using multi-phase propagation with wind schedule.
[GC#02] updated fire after clearing batch
Using multi-phase propagation with wind schedule.
[GC#02] updated fire after clearing batch
  → selected [5040.07489565 7918.98889239] as drop point
FLUSHED
FLUSHED
Using multi-phase propagation with wind schedule.
DROP RAN
[DEBUG] AT#00  finished drop in sector 0 – notifying ground crews
[DEBUG] GC#02  attempting re-plan… remaining path = 1117 cells
[DEBUG] GC#02 start@(289, 716)  raw_arr=inf  now=2860.0  mtt=nan  within_buffer=False
[START] GC#02 using NEW (buffered by planner) → start (289, 716) on boundary 0
Start:  (289, 716)
Finish:  (409, 514)
[GC#02] fire-line length 1065 cells (150.7 min; full plan)
[DEBUG] GC#02  new path accepted (length 1065, ETA 150.7 min)
Applied action {'FireHercAgent': (1,), 'GroundCrewAgent': (1, 6)} at t=2880 min
[SIM] Less than one full decision slice left – terminating.
Using multi-phase propagation with wind schedule.
[GC#01] updated fire after clearing batch
Using multi-phase propagation with wind schedule.
[GC#02] updated fire after clearing batch
[SIM] Finished at t=2880 min – final fire-score = 264112.00  final buildings-destroyed = 1000  final buildings-breakdown = {"11":910,"12":37,"13":41,"21":12}
Simulation complete.
[0m