
⚑ background sched
 start  end    speed      dir
     0  120   30.000    5.000
   120  240   35.000   25.000
   240  360   40.000   25.000
   360  480   50.000   15.000
   480  600   30.000    2.500
   600  720   38.000    5.000
   720  840   28.000    0.000
   840  960   30.000    0.000
   960 1080   30.000    0.000
  1080 1200   28.000    2.500
  1200 1320   28.000    5.000
  1320 1440   30.000   15.000
  1440 1560   30.000    5.000
  1560 1680   30.000    7.500
  1680 1800   30.000   10.000
  1800 1920   30.000   10.000
  1920 2040   30.000   15.000
  2040 2160   17.500    5.000
  2160 2280   12.000    5.000
  2280 2400   12.000    5.000
  2400 2520   13.000    5.000
  2520 2640    7.000    0.000
  2640 2760    6.000    5.000
  2760 2880    6.000   10.000
  2880 3000    7.000   10.000
  3000 3000    1.000    0.000

⚑ hard σ truth schedule
 start  end    speed      dir
     0  120   30.000    5.000
   120  240   35.000   25.000
   240  360   40.000   25.000
   360  480   50.000   15.000
   480  600   30.000    2.500
   600  720   38.000    5.000
   720  840   28.000    0.000
   840  960   30.000    0.000
   960 1080   30.000    0.000
  1080 1200   28.000    2.500
  1200 1320   28.000    5.000
  1320 1440   30.000   15.000
  1440 1560   30.000    5.000
  1560 1680   30.000    7.500
  1680 1800   30.000   10.000
  1800 1920   30.000   10.000
  1920 2040   30.000   15.000
  2040 2160   17.500    5.000
  2160 2280   12.000    5.000
  2280 2400   12.000    5.000
  2400 2520   13.000    5.000
  2520 2640    7.000    0.000
  2640 2760    6.000    5.000
  2760 2880    6.000   10.000
  2880 3000    7.000   10.000
  3000 3000    1.000    0.000
RUN SEED: 3204768517
Starting TRUTH-burned-buildings ICS simulation (headless)…
Using multi-phase propagation with wind schedule.
WildfireModel: Bounds: BoundingBox(left=-14935.007954473422, bottom=-13304.5080370525, right=14944.992045526578, top=13335.4919629475)
Checking Mesa Space Dimensions: Width = 49880.0, Height = 46640.0
Buffered Bounds: BoundingBox(left=-24935.00795447342, bottom=-23304.5080370525, right=24944.99204552658, top=23335.4919629475)
Original CRS: EPSG:26910
Available bases: [(20000, 20000)]
Corrected position: (20000, 20000)
[GC#01] spawned at cell (444, 498) with walk_ticks=1
[GC#02] spawned at cell (444, 498) with walk_ticks=1
Using multi-phase propagation with wind schedule.
[PRECOMPUTE] Truth burned buildings per sector (final t=3000): [205, 2631, 1567, 665, 47, 20]  | total=5135
[ICS] open=[0, 1, 2, 3, 4, 5]  crew_order=[1, 2, 3, 0, 4, 5]  weights={0: 205.0, 1: 2631.0, 2: 1567.0, 3: 665.0, 4: 47.0, 5: 20.0}
simulating in place
no completed anchors found → making NEW dynamic START

— after _record_anchor(bdy=1, role=start, cell=(400, 527), by=None) —

=== boundary_anchors (NOW) ===
b00 start  — <none>
b00 finish — <none>
b01 start  rc=(400, 527)  t=240.0  completed=False  world=(890.0, 1320.5)
b01 finish — <none>
b02 start  — <none>
b02 finish — <none>
b03 start  — <none>
b03 finish — <none>
b04 start  — <none>
b04 finish — <none>
b05 start  — <none>
b05 finish — <none>
=== end ===

— end dump —


— after _record_anchor(bdy=2, role=finish, cell=(324, 439), by=None) —

=== boundary_anchors (NOW) ===
b00 start  — <none>
b00 finish — <none>
b01 start  rc=(400, 527)  t=240.0  completed=False  world=(890.0, 1320.5)
b01 finish — <none>
b02 start  — <none>
b02 finish rc=(324, 439)  t=240.0  completed=False  world=(-1750.0, 3600.5)
b03 start  — <none>
b03 finish — <none>
b04 start  — <none>
b04 finish — <none>
b05 start  — <none>
b05 finish — <none>
=== end ===

— end dump —

[DEBUG] sector 1: start@bdy1 (400, 527)   finish@bdy2 (324, 439)
[GC#01] → sector 1  start (400, 527)  finish (324, 439)
no completed anchors found → making NEW dynamic START

— after _record_anchor(bdy=2, role=start, cell=(406, 487), by=None) —

=== boundary_anchors (NOW) ===
b00 start  — <none>
b00 finish — <none>
b01 start  rc=(400, 527)  t=240.0  completed=False  world=(890.0, 1320.5)
b01 finish — <none>
b02 start  rc=(406, 487)  t=240.0  completed=False  world=(-310.0, 1140.5)
b02 finish rc=(324, 439)  t=240.0  completed=False  world=(-1750.0, 3600.5)
b03 start  — <none>
b03 finish — <none>
b04 start  — <none>
b04 finish — <none>
b05 start  — <none>
b05 finish — <none>
=== end ===

— end dump —


— after _record_anchor(bdy=3, role=finish, cell=(439, 259), by=None) —

=== boundary_anchors (NOW) ===
b00 start  — <none>
b00 finish — <none>
b01 start  rc=(400, 527)  t=240.0  completed=False  world=(890.0, 1320.5)
b01 finish — <none>
b02 start  rc=(406, 487)  t=240.0  completed=False  world=(-310.0, 1140.5)
b02 finish rc=(324, 439)  t=240.0  completed=False  world=(-1750.0, 3600.5)
b03 start  — <none>
b03 finish rc=(439, 259)  t=240.0  completed=False  world=(-7150.0, 150.5)
b04 start  — <none>
b04 finish — <none>
b05 start  — <none>
b05 finish — <none>
=== end ===

— end dump —

[DEBUG] sector 2: start@bdy2 (406, 487)   finish@bdy3 (439, 259)
recording from register first pair

— after _record_anchor(bdy=2, role=start, cell=(325, 439), by=None) —

=== boundary_anchors (NOW) ===
b00 start  — <none>
b00 finish — <none>
b01 start  — <none>
b01 finish — <none>
b02 start  rc=(325, 439)  t=240.0  completed=False  world=(-1750.0, 3570.5)
b02 finish — <none>
b03 start  — <none>
b03 finish — <none>
b04 start  — <none>
b04 finish — <none>
b05 start  — <none>
b05 finish — <none>
=== end ===

— end dump —

recording from register first pair

— after _record_anchor(bdy=1, role=finish, cell=(357, 553), by=None) —

=== boundary_anchors (NOW) ===
b00 start  — <none>
b00 finish — <none>
b01 start  — <none>
b01 finish rc=(357, 553)  t=240.0  completed=False  world=(1670.0, 2610.5)
b02 start  rc=(325, 439)  t=240.0  completed=False  world=(-1750.0, 3570.5)
b02 finish — <none>
b03 start  — <none>
b03 finish — <none>
b04 start  — <none>
b04 finish — <none>
b05 start  — <none>
b05 finish — <none>
=== end ===

— end dump —

[SYNC] GC#01 sect1 START b2 (325, 439)  FINISH b1 (357, 553)
recording from register first pair

— after _record_anchor(bdy=3, role=finish, cell=(439, 251), by=None) —

=== boundary_anchors (NOW) ===
b00 start  — <none>
b00 finish — <none>
b01 start  — <none>
b01 finish rc=(357, 553)  t=240.0  completed=False  world=(1670.0, 2610.5)
b02 start  rc=(325, 439)  t=240.0  completed=False  world=(-1750.0, 3570.5)
b02 finish — <none>
b03 start  — <none>
b03 finish rc=(439, 251)  t=240.0  completed=False  world=(-7390.0, 150.5)
b04 start  — <none>
b04 finish — <none>
b05 start  — <none>
b05 finish — <none>
=== end ===

— end dump —

[SYNC] GC#02 sect2 START b2 (325, 439)  FINISH b3 (439, 251)
[GC#02] → sector 2  start (325, 439)  finish (439, 251)
  → selected [ 688.88350278 1329.23522911] as drop point
Using multi-phase propagation with wind schedule.
DROP RAN
[DEBUG] AT#00  finished drop in sector 1 – notifying ground crews
  → selected [-144.47860943 1150.83430509] as drop point
Using multi-phase propagation with wind schedule.
DROP RAN
[DEBUG] AT#00  finished drop in sector 1 – notifying ground crews
  → selected [ 210.24945161 1574.57674937] as drop point
Using multi-phase propagation with wind schedule.
DROP RAN
[DEBUG] AT#00  finished drop in sector 1 – notifying ground crews
[START] GC#01 using ANCHOR (unspecified source) → start (325, 439) on boundary 2
Start:  (325, 439)
Finish:  (357, 553)
[GC#01] fire-line length 309 cells (328.1 min; full plan)

— after _mark_anchor_completed(bdy=2, role=start, by=None) —

=== boundary_anchors (NOW) ===
b00 start  — <none>
b00 finish — <none>
b01 start  — <none>
b01 finish rc=(357, 553)  t=240.0  completed=False  world=(1670.0, 2610.5)
b02 start  rc=(325, 439)  t=240.0  completed=True  world=(-1750.0, 3570.5)
b02 finish — <none>
b03 start  — <none>
b03 finish rc=(439, 251)  t=240.0  completed=False  world=(-7390.0, 150.5)
b04 start  — <none>
b04 finish — <none>
b05 start  — <none>
b05 finish — <none>
=== end ===

— end dump —


— after _mark_anchor_completed(bdy=1, role=finish, by=<groundcrew.GroundCrewAgent object at 0x000001466B1315D0>) —

=== boundary_anchors (NOW) ===
b00 start  — <none>
b00 finish — <none>
b01 start  — <none>
b01 finish rc=(357, 553)  t=240.0  completed=True  world=(1670.0, 2610.5)
b02 start  rc=(325, 439)  t=240.0  completed=True  world=(-1750.0, 3570.5)
b02 finish — <none>
b03 start  — <none>
b03 finish rc=(439, 251)  t=240.0  completed=False  world=(-7390.0, 150.5)
b04 start  — <none>
b04 finish — <none>
b05 start  — <none>
b05 finish — <none>
=== end ===

— end dump —

[START] GC#02 using ANCHOR (unspecified source) → start (325, 439) on boundary 2
Start:  (325, 439)
Finish:  (439, 251)
[GC#02] fire-line length 315 cells (842.7 min; full plan)

— after _mark_anchor_completed(bdy=2, role=start, by=None) —

=== boundary_anchors (NOW) ===
b00 start  — <none>
b00 finish — <none>
b01 start  — <none>
b01 finish rc=(357, 553)  t=240.0  completed=True  world=(1670.0, 2610.5)
b02 start  rc=(325, 439)  t=240.0  completed=True  world=(-1750.0, 3570.5)
b02 finish — <none>
b03 start  — <none>
b03 finish rc=(439, 251)  t=240.0  completed=False  world=(-7390.0, 150.5)
b04 start  — <none>
b04 finish — <none>
b05 start  — <none>
b05 finish — <none>
=== end ===

— end dump —


— after _mark_anchor_completed(bdy=3, role=finish, by=<groundcrew.GroundCrewAgent object at 0x000001466B1328D0>) —

=== boundary_anchors (NOW) ===
b00 start  — <none>
b00 finish — <none>
b01 start  — <none>
b01 finish rc=(357, 553)  t=240.0  completed=True  world=(1670.0, 2610.5)
b02 start  rc=(325, 439)  t=240.0  completed=True  world=(-1750.0, 3570.5)
b02 finish — <none>
b03 start  — <none>
b03 finish rc=(439, 251)  t=240.0  completed=True  world=(-7390.0, 150.5)
b04 start  — <none>
b04 finish — <none>
b05 start  — <none>
b05 finish — <none>
=== end ===

— end dump —

Applied action {'FireHercAgent': (2,), 'GroundCrewAgent': (2, 3)} at t=360 min
[ICS] open=[0, 1, 2, 3, 4, 5]  crew_order=[1, 2, 3, 0, 4, 5]  weights={0: 205.0, 1: 2631.0, 2: 1567.0, 3: 665.0, 4: 47.0, 5: 20.0}
simulating in place
Using multi-phase propagation with wind schedule.
[GC#01] updated fire after clearing batch
  → selected [-365.4944644   909.92551988] as drop point
FLUSHED
FLUSHED
Using multi-phase propagation with wind schedule.
DROP RAN
[DEBUG] AT#00  finished drop in sector 1 – notifying ground crews
[DEBUG] GC#01  attempting re-plan… remaining path = 309 cells
[DEBUG] GC#01 start@(322, 465)  raw_arr=inf  now=392.0  mtt=nan  within_buffer=False
[START] GC#01 using NEW (buffered by planner) → start (322, 465) on boundary 2
Start:  (322, 465)
Finish:  (357, 553)
[GC#01] fire-line length 268 cells (267.8 min; full plan)
[DEBUG] GC#01  new path accepted (length 268, ETA 267.8 min)
Using multi-phase propagation with wind schedule.
[GC#01] updated fire after clearing batch
Using multi-phase propagation with wind schedule.
[GC#01] updated fire after clearing batch
Using multi-phase propagation with wind schedule.
[GC#01] updated fire after clearing batch
Using multi-phase propagation with wind schedule.
[GC#01] updated fire after clearing batch
Using multi-phase propagation with wind schedule.
[GC#01] updated fire after clearing batch
Using multi-phase propagation with wind schedule.
[GC#02] updated fire after clearing batch
  → selected [ 677.25145197 1638.4697394 ] as drop point
FLUSHED
FLUSHED
Using multi-phase propagation with wind schedule.
DROP RAN
[DEBUG] AT#00  finished drop in sector 1 – notifying ground crews
[DEBUG] GC#01  attempting re-plan… remaining path = 268 cells
[DEBUG] GC#01 start@(285, 512)  raw_arr=inf  now=439.0  mtt=nan  within_buffer=False
[START] GC#01 using NEW (buffered by planner) → start (285, 512) on boundary 2
Start:  (285, 512)
Finish:  (357, 553)
[GC#01] fire-line length 142 cells (171.0 min; full plan)
[DEBUG] GC#01  new path accepted (length 142, ETA 171.0 min)
Using multi-phase propagation with wind schedule.
[GC#01] updated fire after clearing batch
Using multi-phase propagation with wind schedule.
[GC#01] updated fire after clearing batch
Applied action {'FireHercAgent': (2,), 'GroundCrewAgent': (2, 3)} at t=480 min
[ICS] open=[0, 1, 2, 3, 4, 5]  crew_order=[1, 2, 3, 0, 4, 5]  weights={0: 205.0, 1: 2631.0, 2: 1567.0, 3: 665.0, 4: 47.0, 5: 20.0}
simulating in place
  → selected [-773.5299924   260.95901862] as drop point
FLUSHED
FLUSHED
Using multi-phase propagation with wind schedule.
DROP RAN
[DEBUG] AT#00  finished drop in sector 2 – notifying ground crews
[DEBUG] GC#02  attempting re-plan… remaining path = 315 cells
[DEBUG] GC#02 start@(338, 388)  raw_arr=inf  now=485.0  mtt=nan  within_buffer=False
[START] GC#02 using NEW (buffered by planner) → start (338, 388) on boundary 2
Start:  (338, 388)
Finish:  (439, 251)
[GC#02] fire-line length 241 cells (707.0 min; full plan)
[DEBUG] GC#02  new path accepted (length 241, ETA 707.0 min)
Using multi-phase propagation with wind schedule.
[GC#02] updated fire after clearing batch
  → selected [-1207.51470417    68.43115092] as drop point
FLUSHED
FLUSHED
Using multi-phase propagation with wind schedule.
DROP RAN
[DEBUG] AT#00  finished drop in sector 2 – notifying ground crews
[DEBUG] GC#02  attempting re-plan… remaining path = 241 cells
[DEBUG] GC#02 start@(359, 377)  raw_arr=inf  now=532.0  mtt=nan  within_buffer=False
[START] GC#02 using NEW (buffered by planner) → start (359, 377) on boundary 2
Start:  (359, 377)
Finish:  (439, 251)
[GC#02] fire-line length 207 cells (642.0 min; full plan)
[DEBUG] GC#02  new path accepted (length 207, ETA 642.0 min)
Using multi-phase propagation with wind schedule.
[GC#01] updated fire after clearing batch
Using multi-phase propagation with wind schedule.
[GC#02] updated fire after clearing batch
  → selected [-1553.51585944  1443.60134122] as drop point
FLUSHED
FLUSHED
Using multi-phase propagation with wind schedule.
DROP RAN
[DEBUG] AT#00  finished drop in sector 2 – notifying ground crews
[DEBUG] GC#02  attempting re-plan… remaining path = 207 cells
[DEBUG] GC#02 start@(372, 363)  raw_arr=inf  now=578.0  mtt=nan  within_buffer=False
[START] GC#02 using NEW (buffered by planner) → start (372, 363) on boundary 2
Start:  (372, 363)
Finish:  (439, 251)
[GC#02] fire-line length 180 cells (579.0 min; full plan)
[DEBUG] GC#02  new path accepted (length 180, ETA 579.0 min)
Using multi-phase propagation with wind schedule.
[GC#01] updated fire after clearing batch
Applied action {'FireHercAgent': (3,), 'GroundCrewAgent': (2, 3)} at t=600 min
[ICS] open=[0, 1, 2, 3, 4, 5]  crew_order=[1, 2, 3, 0, 4, 5]  weights={0: 205.0, 1: 2631.0, 2: 1567.0, 3: 665.0, 4: 47.0, 5: 20.0}
simulating in place
Using multi-phase propagation with wind schedule.
[GC#02] updated fire after clearing batch
Using multi-phase propagation with wind schedule.
[GC#01] updated fire after clearing batch
Sector contained  1

— after _mark_anchor_completed(bdy=2, role=start, by=None) —

=== boundary_anchors (NOW) ===
b00 start  — <none>
b00 finish — <none>
b01 start  — <none>
b01 finish rc=(357, 553)  t=240.0  completed=True  world=(1670.0, 2610.5)
b02 start  rc=(325, 439)  t=240.0  completed=True  world=(-1750.0, 3570.5)
b02 finish — <none>
b03 start  — <none>
b03 finish rc=(439, 251)  t=240.0  completed=True  world=(-7390.0, 150.5)
b04 start  — <none>
b04 finish — <none>
b05 start  — <none>
b05 finish — <none>
=== end ===

— end dump —


— after _mark_anchor_completed(bdy=1, role=finish, by=None) —

=== boundary_anchors (NOW) ===
b00 start  — <none>
b00 finish — <none>
b01 start  — <none>
b01 finish rc=(357, 553)  t=240.0  completed=True  world=(1670.0, 2610.5)
b02 start  rc=(325, 439)  t=240.0  completed=True  world=(-1750.0, 3570.5)
b02 finish — <none>
b03 start  — <none>
b03 finish rc=(439, 251)  t=240.0  completed=True  world=(-7390.0, 150.5)
b04 start  — <none>
b04 finish — <none>
b05 start  — <none>
b05 finish — <none>
=== end ===

— end dump —

[GC#01] Sector 1 contained → Standby
  → selected [-407.32096086 3147.32017697] as drop point
FLUSHED
Using multi-phase propagation with wind schedule.
DROP RAN
[DEBUG] AT#00  finished drop in sector 1 – notifying ground crews
  → selected [-164.74783745 3903.17444688] as drop point
FLUSHED
Using multi-phase propagation with wind schedule.
DROP RAN
[DEBUG] AT#00  finished drop in sector 1 – notifying ground crews
  → selected [-1596.96618072  3882.9612391 ] as drop point
FLUSHED
Using multi-phase propagation with wind schedule.
DROP RAN
[DEBUG] AT#00  finished drop in sector 1 – notifying ground crews
Applied action {'FireHercAgent': (2,), 'GroundCrewAgent': (2, 3)} at t=720 min
[ICS] open=[0, 2, 3, 4, 5]  crew_order=[2, 3, 0, 4, 5]  weights={0: 205.0, 2: 1567.0, 3: 665.0, 4: 47.0, 5: 20.0}
simulating in place

— after _record_anchor(bdy=2, role=start, cell=(325, 439), by=None) —

=== boundary_anchors (NOW) ===
b00 start  — <none>
b00 finish — <none>
b01 start  — <none>
b01 finish rc=(357, 553)  t=240.0  completed=True  world=(1670.0, 2610.5)
b02 start  rc=(325, 439)  t=720.0  completed=False  world=(-1750.0, 3570.5)
b02 finish — <none>
b03 start  — <none>
b03 finish rc=(439, 251)  t=240.0  completed=True  world=(-7390.0, 150.5)
b04 start  — <none>
b04 finish — <none>
b05 start  — <none>
b05 finish — <none>
=== end ===

— end dump —


— after _record_anchor(bdy=3, role=finish, cell=(439, 251), by=None) —

=== boundary_anchors (NOW) ===
b00 start  — <none>
b00 finish — <none>
b01 start  — <none>
b01 finish rc=(357, 553)  t=240.0  completed=True  world=(1670.0, 2610.5)
b02 start  rc=(325, 439)  t=720.0  completed=False  world=(-1750.0, 3570.5)
b02 finish — <none>
b03 start  — <none>
b03 finish rc=(439, 251)  t=720.0  completed=False  world=(-7390.0, 150.5)
b04 start  — <none>
b04 finish — <none>
b05 start  — <none>
b05 finish — <none>
=== end ===

— end dump —

[DEBUG] sector 2: start@bdy2 (325, 439)   finish@bdy3 (439, 251)
[GC#01] → sector 2  start (325, 439)  finish (439, 251)
Using multi-phase propagation with wind schedule.
[GC#02] updated fire after clearing batch
  → selected [ 1321.71887868 -4160.63201721] as drop point
FLUSHED
Using multi-phase propagation with wind schedule.
DROP RAN
[DEBUG] AT#00  finished drop in sector 4 – notifying ground crews
  → selected [ 1400.58945624 -4410.77753106] as drop point
FLUSHED
Using multi-phase propagation with wind schedule.
DROP RAN
[DEBUG] AT#00  finished drop in sector 4 – notifying ground crews
[START] GC#01 using ANCHOR (unspecified source) → start (325, 439) on boundary 2
Start:  (325, 439)
Finish:  (439, 251)
[GC#01] fire-line length 305 cells (174.1 min; full plan)

— after _mark_anchor_completed(bdy=2, role=start, by=None) —

=== boundary_anchors (NOW) ===
b00 start  — <none>
b00 finish — <none>
b01 start  — <none>
b01 finish rc=(357, 553)  t=240.0  completed=True  world=(1670.0, 2610.5)
b02 start  rc=(325, 439)  t=720.0  completed=True  world=(-1750.0, 3570.5)
b02 finish — <none>
b03 start  — <none>
b03 finish rc=(439, 251)  t=720.0  completed=False  world=(-7390.0, 150.5)
b04 start  — <none>
b04 finish — <none>
b05 start  — <none>
b05 finish — <none>
=== end ===

— end dump —


— after _mark_anchor_completed(bdy=3, role=finish, by=<groundcrew.GroundCrewAgent object at 0x000001466B1315D0>) —

=== boundary_anchors (NOW) ===
b00 start  — <none>
b00 finish — <none>
b01 start  — <none>
b01 finish rc=(357, 553)  t=240.0  completed=True  world=(1670.0, 2610.5)
b02 start  rc=(325, 439)  t=720.0  completed=True  world=(-1750.0, 3570.5)
b02 finish — <none>
b03 start  — <none>
b03 finish rc=(439, 251)  t=720.0  completed=True  world=(-7390.0, 150.5)
b04 start  — <none>
b04 finish — <none>
b05 start  — <none>
b05 finish — <none>
=== end ===

— end dump —

Using multi-phase propagation with wind schedule.
[GC#01] updated fire after clearing batch
Using multi-phase propagation with wind schedule.
[GC#01] updated fire after clearing batch
Applied action {'FireHercAgent': (5,), 'GroundCrewAgent': (3, 4)} at t=840 min
[ICS] open=[0, 2, 3, 4, 5]  crew_order=[2, 3, 0, 4, 5]  weights={0: 205.0, 2: 1567.0, 3: 665.0, 4: 47.0, 5: 20.0}
simulating in place
  → selected [-4634.6678791    626.31477998] as drop point
FLUSHED
FLUSHED
Using multi-phase propagation with wind schedule.
DROP RAN
[DEBUG] AT#00  finished drop in sector 2 – notifying ground crews
[DEBUG] GC#02  attempting re-plan… remaining path = 180 cells
[DEBUG] GC#02 start@(417, 281)  raw_arr=inf  now=855.0  mtt=nan  within_buffer=False
[START] GC#02 using NEW (buffered by planner) → start (417, 281) on boundary 2
Start:  (417, 281)
Finish:  (439, 251)
[GC#02] fire-line length 53 cells (150.5 min; full plan)
[DEBUG] GC#02  new path accepted (length 53, ETA 150.5 min)
[DEBUG] GC#01  attempting re-plan… remaining path = 305 cells
[DEBUG] GC#01 start@(417, 282)  raw_arr=inf  now=855.0  mtt=nan  within_buffer=False
[START] GC#01 using NEW (buffered by planner) → start (417, 282) on boundary 2
Start:  (417, 282)
Finish:  (439, 251)
[GC#01] fire-line length 54 cells (150.5 min; full plan)
[DEBUG] GC#01  new path accepted (length 54, ETA 150.5 min)
  → selected [-4121.31091703  1724.6626125 ] as drop point
FLUSHED
FLUSHED
Using multi-phase propagation with wind schedule.
DROP RAN
[DEBUG] AT#00  finished drop in sector 2 – notifying ground crews
[DEBUG] GC#02  attempting re-plan… remaining path = 53 cells
[DEBUG] GC#02 start@(420, 264)  raw_arr=inf  now=902.0  mtt=nan  within_buffer=False
[START] GC#02 using NEW (buffered by planner) → start (420, 264) on boundary 2
Start:  (420, 264)
Finish:  (439, 251)
[GC#02] fire-line length 33 cells (92.3 min; full plan)
[DEBUG] GC#02  new path accepted (length 33, ETA 92.3 min)
[DEBUG] GC#01  attempting re-plan… remaining path = 54 cells
[DEBUG] GC#01 start@(420, 264)  raw_arr=inf  now=902.0  mtt=nan  within_buffer=False
[START] GC#01 using NEW (buffered by planner) → start (420, 264) on boundary 2
Start:  (420, 264)
Finish:  (439, 251)
[GC#01] fire-line length 33 cells (92.3 min; full plan)
[DEBUG] GC#01  new path accepted (length 33, ETA 92.3 min)
  → selected [-4605.58162495  1469.20025729] as drop point
FLUSHED
FLUSHED
Using multi-phase propagation with wind schedule.
DROP RAN
[DEBUG] AT#00  finished drop in sector 2 – notifying ground crews
[DEBUG] GC#02  attempting re-plan… remaining path = 33 cells
[DEBUG] GC#02 start@(431, 257)  raw_arr=inf  now=956.0  mtt=nan  within_buffer=False
[START] GC#02 using NEW (buffered by planner) → start (431, 257) on boundary 2
Start:  (431, 257)
Finish:  (439, 251)
[GC#02] fire-line length 15 cells (39.3 min; full plan)
[DEBUG] GC#02  new path accepted (length 15, ETA 39.3 min)
[DEBUG] GC#01  attempting re-plan… remaining path = 33 cells
[DEBUG] GC#01 start@(431, 257)  raw_arr=inf  now=956.0  mtt=nan  within_buffer=False
[START] GC#01 using NEW (buffered by planner) → start (431, 257) on boundary 2
Start:  (431, 257)
Finish:  (439, 251)
[GC#01] fire-line length 15 cells (39.3 min; full plan)
[DEBUG] GC#01  new path accepted (length 15, ETA 39.3 min)
Applied action {'FireHercAgent': (3,), 'GroundCrewAgent': (3, 4)} at t=960 min
[ICS] open=[0, 2, 3, 4, 5]  crew_order=[2, 3, 0, 4, 5]  weights={0: 205.0, 2: 1567.0, 3: 665.0, 4: 47.0, 5: 20.0}
simulating in place
Using multi-phase propagation with wind schedule.
[GC#02] updated fire after clearing batch
Sector contained  2

— after _mark_anchor_completed(bdy=2, role=start, by=None) —

=== boundary_anchors (NOW) ===
b00 start  — <none>
b00 finish — <none>
b01 start  — <none>
b01 finish rc=(357, 553)  t=240.0  completed=True  world=(1670.0, 2610.5)
b02 start  rc=(325, 439)  t=720.0  completed=True  world=(-1750.0, 3570.5)
b02 finish — <none>
b03 start  — <none>
b03 finish rc=(439, 251)  t=720.0  completed=True  world=(-7390.0, 150.5)
b04 start  — <none>
b04 finish — <none>
b05 start  — <none>
b05 finish — <none>
=== end ===

— end dump —


— after _mark_anchor_completed(bdy=3, role=finish, by=None) —

=== boundary_anchors (NOW) ===
b00 start  — <none>
b00 finish — <none>
b01 start  — <none>
b01 finish rc=(357, 553)  t=240.0  completed=True  world=(1670.0, 2610.5)
b02 start  rc=(325, 439)  t=720.0  completed=True  world=(-1750.0, 3570.5)
b02 finish — <none>
b03 start  — <none>
b03 finish rc=(439, 251)  t=720.0  completed=True  world=(-7390.0, 150.5)
b04 start  — <none>
b04 finish — <none>
b05 start  — <none>
b05 finish — <none>
=== end ===

— end dump —

[GC#02] Sector 2 contained → Standby
Using multi-phase propagation with wind schedule.
[GC#01] updated fire after clearing batch
Sector contained  2

— after _mark_anchor_completed(bdy=2, role=start, by=None) —

=== boundary_anchors (NOW) ===
b00 start  — <none>
b00 finish — <none>
b01 start  — <none>
b01 finish rc=(357, 553)  t=240.0  completed=True  world=(1670.0, 2610.5)
b02 start  rc=(325, 439)  t=720.0  completed=True  world=(-1750.0, 3570.5)
b02 finish — <none>
b03 start  — <none>
b03 finish rc=(439, 251)  t=720.0  completed=True  world=(-7390.0, 150.5)
b04 start  — <none>
b04 finish — <none>
b05 start  — <none>
b05 finish — <none>
=== end ===

— end dump —


— after _mark_anchor_completed(bdy=3, role=finish, by=None) —

=== boundary_anchors (NOW) ===
b00 start  — <none>
b00 finish — <none>
b01 start  — <none>
b01 finish rc=(357, 553)  t=240.0  completed=True  world=(1670.0, 2610.5)
b02 start  rc=(325, 439)  t=720.0  completed=True  world=(-1750.0, 3570.5)
b02 finish — <none>
b03 start  — <none>
b03 finish rc=(439, 251)  t=720.0  completed=True  world=(-7390.0, 150.5)
b04 start  — <none>
b04 finish — <none>
b05 start  — <none>
b05 finish — <none>
=== end ===

— end dump —

[GC#01] Sector 2 contained → Standby
  → selected [-5649.48584735  1269.05953183] as drop point
Using multi-phase propagation with wind schedule.
DROP RAN
[DEBUG] AT#00  finished drop in sector 2 – notifying ground crews
  → [-2596.1830991   2854.17651105] already burned – skipping
Sector retarded
{2}
Applied action {'FireHercAgent': (3,), 'GroundCrewAgent': (3, 4)} at t=1080 min
[ICS] open=[0, 3, 4, 5]  crew_order=[3, 0, 4, 5]  weights={0: 205.0, 3: 665.0, 4: 47.0, 5: 20.0}
simulating in place

— after _record_anchor(bdy=3, role=start, cell=(439, 251), by=None) —

=== boundary_anchors (NOW) ===
b00 start  — <none>
b00 finish — <none>
b01 start  — <none>
b01 finish rc=(357, 553)  t=240.0  completed=True  world=(1670.0, 2610.5)
b02 start  rc=(325, 439)  t=720.0  completed=True  world=(-1750.0, 3570.5)
b02 finish — <none>
b03 start  rc=(439, 251)  t=1080.0  completed=False  world=(-7390.0, 150.5)
b03 finish rc=(439, 251)  t=720.0  completed=True  world=(-7390.0, 150.5)
b04 start  — <none>
b04 finish — <none>
b05 start  — <none>
b05 finish — <none>
=== end ===

— end dump —


— after _record_anchor(bdy=4, role=finish, cell=(683, 365), by=None) —

=== boundary_anchors (NOW) ===
b00 start  — <none>
b00 finish — <none>
b01 start  — <none>
b01 finish rc=(357, 553)  t=240.0  completed=True  world=(1670.0, 2610.5)
b02 start  rc=(325, 439)  t=720.0  completed=True  world=(-1750.0, 3570.5)
b02 finish — <none>
b03 start  rc=(439, 251)  t=1080.0  completed=False  world=(-7390.0, 150.5)
b03 finish rc=(439, 251)  t=720.0  completed=True  world=(-7390.0, 150.5)
b04 start  — <none>
b04 finish rc=(683, 365)  t=1080.0  completed=False  world=(-3970.0, -7169.5)
b05 start  — <none>
b05 finish — <none>
=== end ===

— end dump —

[DEBUG] sector 3: start@bdy3 (439, 251)   finish@bdy4 (683, 365)
[GC#01] → sector 3  start (439, 251)  finish (683, 365)

— after _record_anchor(bdy=1, role=start, cell=(357, 553), by=None) —

=== boundary_anchors (NOW) ===
b00 start  — <none>
b00 finish — <none>
b01 start  rc=(357, 553)  t=1080.0  completed=False  world=(1670.0, 2610.5)
b01 finish rc=(357, 553)  t=240.0  completed=True  world=(1670.0, 2610.5)
b02 start  rc=(325, 439)  t=720.0  completed=True  world=(-1750.0, 3570.5)
b02 finish — <none>
b03 start  rc=(439, 251)  t=1080.0  completed=False  world=(-7390.0, 150.5)
b03 finish rc=(439, 251)  t=720.0  completed=True  world=(-7390.0, 150.5)
b04 start  — <none>
b04 finish rc=(683, 365)  t=1080.0  completed=False  world=(-3970.0, -7169.5)
b05 start  — <none>
b05 finish — <none>
=== end ===

— end dump —


— after _record_anchor(bdy=0, role=finish, cell=(439, 734), by=None) —

=== boundary_anchors (NOW) ===
b00 start  — <none>
b00 finish rc=(439, 734)  t=1080.0  completed=False  world=(7100.0, 150.5)
b01 start  rc=(357, 553)  t=1080.0  completed=False  world=(1670.0, 2610.5)
b01 finish rc=(357, 553)  t=240.0  completed=True  world=(1670.0, 2610.5)
b02 start  rc=(325, 439)  t=720.0  completed=True  world=(-1750.0, 3570.5)
b02 finish — <none>
b03 start  rc=(439, 251)  t=1080.0  completed=False  world=(-7390.0, 150.5)
b03 finish rc=(439, 251)  t=720.0  completed=True  world=(-7390.0, 150.5)
b04 start  — <none>
b04 finish rc=(683, 365)  t=1080.0  completed=False  world=(-3970.0, -7169.5)
b05 start  — <none>
b05 finish — <none>
=== end ===

— end dump —

[DEBUG] sector 0: start@bdy1 (357, 553)   finish@bdy0 (439, 734)
[GC#02] → sector 0  start (357, 553)  finish (439, 734)
[START] GC#01 using ANCHOR (unspecified source) → start (439, 251) on boundary 3
Start:  (439, 251)
Finish:  (683, 365)
[GC#01] WARNING: fire intercept at (689, 353) (burn_pen>0) – truncating path at idx 2077.
[GC#01] fire-line length 2078 cells (1110.6 min; ABORTED EARLY)

— after _mark_anchor_completed(bdy=3, role=start, by=None) —

=== boundary_anchors (NOW) ===
b00 start  — <none>
b00 finish rc=(439, 734)  t=1080.0  completed=False  world=(7100.0, 150.5)
b01 start  rc=(357, 553)  t=1080.0  completed=False  world=(1670.0, 2610.5)
b01 finish rc=(357, 553)  t=240.0  completed=True  world=(1670.0, 2610.5)
b02 start  rc=(325, 439)  t=720.0  completed=True  world=(-1750.0, 3570.5)
b02 finish — <none>
b03 start  rc=(439, 251)  t=1080.0  completed=True  world=(-7390.0, 150.5)
b03 finish rc=(439, 251)  t=720.0  completed=True  world=(-7390.0, 150.5)
b04 start  — <none>
b04 finish rc=(683, 365)  t=1080.0  completed=False  world=(-3970.0, -7169.5)
b05 start  — <none>
b05 finish — <none>
=== end ===

— end dump —


— after _mark_anchor_completed(bdy=4, role=finish, by=<groundcrew.GroundCrewAgent object at 0x000001466B1315D0>) —

=== boundary_anchors (NOW) ===
b00 start  — <none>
b00 finish rc=(439, 734)  t=1080.0  completed=False  world=(7100.0, 150.5)
b01 start  rc=(357, 553)  t=1080.0  completed=False  world=(1670.0, 2610.5)
b01 finish rc=(357, 553)  t=240.0  completed=True  world=(1670.0, 2610.5)
b02 start  rc=(325, 439)  t=720.0  completed=True  world=(-1750.0, 3570.5)
b02 finish — <none>
b03 start  rc=(439, 251)  t=1080.0  completed=True  world=(-7390.0, 150.5)
b03 finish rc=(439, 251)  t=720.0  completed=True  world=(-7390.0, 150.5)
b04 start  — <none>
b04 finish rc=(683, 365)  t=1080.0  completed=True  world=(-3970.0, -7169.5)
b05 start  — <none>
b05 finish — <none>
=== end ===

— end dump —


— after _mark_anchor_uncompleted(bdy=4, role=finish, by=<groundcrew.GroundCrewAgent object at 0x000001466B1315D0>) —

=== boundary_anchors (NOW) ===
b00 start  — <none>
b00 finish rc=(439, 734)  t=1080.0  completed=False  world=(7100.0, 150.5)
b01 start  rc=(357, 553)  t=1080.0  completed=False  world=(1670.0, 2610.5)
b01 finish rc=(357, 553)  t=240.0  completed=True  world=(1670.0, 2610.5)
b02 start  rc=(325, 439)  t=720.0  completed=True  world=(-1750.0, 3570.5)
b02 finish — <none>
b03 start  rc=(439, 251)  t=1080.0  completed=True  world=(-7390.0, 150.5)
b03 finish rc=(439, 251)  t=720.0  completed=True  world=(-7390.0, 150.5)
b04 start  — <none>
b04 finish rc=(683, 365)  t=1080.0  completed=False  world=(-3970.0, -7169.5)
b05 start  — <none>
b05 finish — <none>
=== end ===

— end dump —

Using multi-phase propagation with wind schedule.
[GC#01] updated fire after clearing batch
Using multi-phase propagation with wind schedule.
[GC#01] updated fire after clearing batch
Using multi-phase propagation with wind schedule.
[GC#01] updated fire after clearing batch
Using multi-phase propagation with wind schedule.
[GC#01] updated fire after clearing batch
  → selected [ 2345.20211701 -4480.00975773] as drop point
FLUSHED
Using multi-phase propagation with wind schedule.
DROP RAN
[DEBUG] AT#00  finished drop in sector 4 – notifying ground crews
  → selected [ 2159.63042328 -5186.26523062] as drop point
FLUSHED
Using multi-phase propagation with wind schedule.
DROP RAN
[DEBUG] AT#00  finished drop in sector 4 – notifying ground crews
Using multi-phase propagation with wind schedule.
[GC#01] updated fire after clearing batch
Using multi-phase propagation with wind schedule.
[GC#01] updated fire after clearing batch
  → selected [ 2299.05149383 -5522.85747004] as drop point
FLUSHED
Using multi-phase propagation with wind schedule.
DROP RAN
[DEBUG] AT#00  finished drop in sector 4 – notifying ground crews
Applied action {'FireHercAgent': (5,), 'GroundCrewAgent': (4, 1)} at t=1200 min
[ICS] open=[0, 3, 4, 5]  crew_order=[3, 0, 4, 5]  weights={0: 205.0, 3: 665.0, 4: 47.0, 5: 20.0}
simulating in place
  → [2809.31507235  137.93135052] already burned – skipping
Sector retarded
{0, 2}
Using multi-phase propagation with wind schedule.
[GC#01] updated fire after clearing batch
Using multi-phase propagation with wind schedule.
[GC#01] updated fire after clearing batch
Using multi-phase propagation with wind schedule.
[GC#01] updated fire after clearing batch
  → selected [4372.16869758  206.16701342] as drop point
FLUSHED
Using multi-phase propagation with wind schedule.
DROP RAN
[DEBUG] AT#00  finished drop in sector 0 – notifying ground crews
Using multi-phase propagation with wind schedule.
[GC#01] updated fire after clearing batch
Applied action {'FireHercAgent': (1,), 'GroundCrewAgent': (4, 1)} at t=1320 min
[ICS] open=[0, 3, 4, 5]  crew_order=[3, 0, 4, 5]  weights={0: 205.0, 3: 665.0, 4: 47.0, 5: 20.0}
simulating in place
  → selected [-5688.17967187 -1779.55818443] as drop point
FLUSHED
Using multi-phase propagation with wind schedule.
DROP RAN
[DEBUG] AT#00  finished drop in sector 3 – notifying ground crews
[DEBUG] GC#01  attempting re-plan… remaining path = 2078 cells
[DEBUG] GC#01 start@(169, 434)  raw_arr=inf  now=1327.0  mtt=nan  within_buffer=False
[START] GC#01 using NEW (buffered by planner) → start (169, 434) on boundary 3
Start:  (169, 434)
Finish:  (683, 365)
[GC#01] WARNING: fire intercept at (688, 353) (burn_pen>0) – truncating path at idx 1427.
[GC#01] fire-line length 1428 cells (863.3 min; ABORTED EARLY)
[DEBUG] GC#01  new path accepted (length 1428, ETA 863.3 min)
  → selected [-8096.89327437  -338.24398946] as drop point
FLUSHED
Using multi-phase propagation with wind schedule.
DROP RAN
[DEBUG] AT#00  finished drop in sector 3 – notifying ground crews
[DEBUG] GC#01  attempting re-plan… remaining path = 1428 cells
[DEBUG] GC#01 start@(153, 430)  raw_arr=inf  now=1374.0  mtt=nan  within_buffer=False
[START] GC#01 using NEW (buffered by planner) → start (153, 430) on boundary 3
Start:  (153, 430)
Finish:  (683, 365)
[GC#01] WARNING: fire intercept at (688, 353) (burn_pen>0) – truncating path at idx 1409.
[GC#01] fire-line length 1410 cells (816.2 min; ABORTED EARLY)
[DEBUG] GC#01  new path accepted (length 1410, ETA 816.2 min)
[START] GC#02 using ANCHOR (unspecified source) → start (357, 553) on boundary 1
Start:  (357, 553)
Finish:  (439, 734)
[GC#02] fire-line length 354 cells (628.8 min; full plan)

— after _mark_anchor_completed(bdy=1, role=start, by=None) —

=== boundary_anchors (NOW) ===
b00 start  — <none>
b00 finish rc=(439, 734)  t=1080.0  completed=False  world=(7100.0, 150.5)
b01 start  rc=(357, 553)  t=1080.0  completed=True  world=(1670.0, 2610.5)
b01 finish rc=(357, 553)  t=240.0  completed=True  world=(1670.0, 2610.5)
b02 start  rc=(325, 439)  t=720.0  completed=True  world=(-1750.0, 3570.5)
b02 finish — <none>
b03 start  rc=(439, 251)  t=1080.0  completed=True  world=(-7390.0, 150.5)
b03 finish rc=(439, 251)  t=720.0  completed=True  world=(-7390.0, 150.5)
b04 start  — <none>
b04 finish rc=(683, 365)  t=1080.0  completed=False  world=(-3970.0, -7169.5)
b05 start  — <none>
b05 finish — <none>
=== end ===

— end dump —


— after _mark_anchor_completed(bdy=0, role=finish, by=<groundcrew.GroundCrewAgent object at 0x000001466B1328D0>) —

=== boundary_anchors (NOW) ===
b00 start  — <none>
b00 finish rc=(439, 734)  t=1080.0  completed=True  world=(7100.0, 150.5)
b01 start  rc=(357, 553)  t=1080.0  completed=True  world=(1670.0, 2610.5)
b01 finish rc=(357, 553)  t=240.0  completed=True  world=(1670.0, 2610.5)
b02 start  rc=(325, 439)  t=720.0  completed=True  world=(-1750.0, 3570.5)
b02 finish — <none>
b03 start  rc=(439, 251)  t=1080.0  completed=True  world=(-7390.0, 150.5)
b03 finish rc=(439, 251)  t=720.0  completed=True  world=(-7390.0, 150.5)
b04 start  — <none>
b04 finish rc=(683, 365)  t=1080.0  completed=False  world=(-3970.0, -7169.5)
b05 start  — <none>
b05 finish — <none>
=== end ===

— end dump —

Using multi-phase propagation with wind schedule.
[GC#01] updated fire after clearing batch
Using multi-phase propagation with wind schedule.
[GC#01] updated fire after clearing batch
  → selected [-9136.44571672  -383.63182929] as drop point
FLUSHED
FLUSHED
Using multi-phase propagation with wind schedule.
DROP RAN
[DEBUG] AT#00  finished drop in sector 3 – notifying ground crews
[DEBUG] GC#01  attempting re-plan… remaining path = 1410 cells
[DEBUG] GC#01 start@(134, 393)  raw_arr=inf  now=1421.0  mtt=nan  within_buffer=False
[START] GC#01 using NEW (buffered by planner) → start (134, 393) on boundary 3
Start:  (134, 393)
Finish:  (683, 365)
[GC#01] WARNING: fire intercept at (688, 353) (burn_pen>0) – truncating path at idx 1351.
[GC#01] fire-line length 1352 cells (769.1 min; ABORTED EARLY)
[DEBUG] GC#01  new path accepted (length 1352, ETA 769.1 min)
Applied action {'FireHercAgent': (4,), 'GroundCrewAgent': (4, 1)} at t=1440 min
[ICS] open=[0, 3, 4, 5]  crew_order=[3, 0, 4, 5]  weights={0: 205.0, 3: 665.0, 4: 47.0, 5: 20.0}
simulating in place
Using multi-phase propagation with wind schedule.
[GC#01] updated fire after clearing batch
Using multi-phase propagation with wind schedule.
[GC#01] updated fire after clearing batch
Using multi-phase propagation with wind schedule.
[GC#01] updated fire after clearing batch
Using multi-phase propagation with wind schedule.
[GC#01] updated fire after clearing batch
  → selected [-9357.67040467 -1217.12593269] as drop point
FLUSHED
FLUSHED
Using multi-phase propagation with wind schedule.
DROP RAN
[DEBUG] AT#00  finished drop in sector 3 – notifying ground crews
[DEBUG] GC#01  attempting re-plan… remaining path = 1352 cells
[DEBUG] GC#01 start@(126, 301)  raw_arr=inf  now=1468.0  mtt=nan  within_buffer=False
[START] GC#01 using NEW (buffered by planner) → start (126, 301) on boundary 3
Start:  (126, 301)
Finish:  (683, 365)
[GC#01] WARNING: fire intercept at (688, 353) (burn_pen>0) – truncating path at idx 1255.
[GC#01] fire-line length 1256 cells (717.3 min; ABORTED EARLY)
[DEBUG] GC#01  new path accepted (length 1256, ETA 717.3 min)
Using multi-phase propagation with wind schedule.
[GC#01] updated fire after clearing batch
  → selected [-9562.84607671  -402.24887107] as drop point
FLUSHED
FLUSHED
Using multi-phase propagation with wind schedule.
DROP RAN
[DEBUG] AT#00  finished drop in sector 3 – notifying ground crews
[DEBUG] GC#01  attempting re-plan… remaining path = 1256 cells
[DEBUG] GC#01 start@(123, 283)  raw_arr=inf  now=1516.0  mtt=nan  within_buffer=False
[START] GC#01 using NEW (buffered by planner) → start (123, 283) on boundary 3
Start:  (123, 283)
Finish:  (683, 365)
[GC#01] WARNING: fire intercept at (687, 353) (burn_pen>0) – truncating path at idx 1233.
[GC#01] fire-line length 1234 cells (670.2 min; ABORTED EARLY)
[DEBUG] GC#01  new path accepted (length 1234, ETA 670.2 min)
Using multi-phase propagation with wind schedule.
[GC#01] updated fire after clearing batch
Using multi-phase propagation with wind schedule.
[GC#01] updated fire after clearing batch
Using multi-phase propagation with wind schedule.
[GC#01] updated fire after clearing batch
Using multi-phase propagation with wind schedule.
[GC#01] updated fire after clearing batch
Applied action {'FireHercAgent': (4,), 'GroundCrewAgent': (4, 1)} at t=1560 min
[ICS] open=[0, 3, 4, 5]  crew_order=[3, 0, 4, 5]  weights={0: 205.0, 3: 665.0, 4: 47.0, 5: 20.0}
simulating in place
  → selected [-6478.05288393 -4114.66316109] as drop point
FLUSHED
FLUSHED
Using multi-phase propagation with wind schedule.
DROP RAN
[DEBUG] AT#00  finished drop in sector 3 – notifying ground crews
[DEBUG] GC#01  attempting re-plan… remaining path = 1234 cells
[DEBUG] GC#01 start@(123, 188)  raw_arr=inf  now=1563.0  mtt=nan  within_buffer=False
[START] GC#01 using NEW (buffered by planner) → start (123, 188) on boundary 3
Start:  (123, 188)
Finish:  (683, 365)
[GC#01] WARNING: fire intercept at (687, 353) (burn_pen>0) – truncating path at idx 1128.
[GC#01] fire-line length 1129 cells (623.1 min; ABORTED EARLY)
[DEBUG] GC#01  new path accepted (length 1129, ETA 623.1 min)
Using multi-phase propagation with wind schedule.
[GC#01] updated fire after clearing batch
Using multi-phase propagation with wind schedule.
[GC#01] updated fire after clearing batch
Using multi-phase propagation with wind schedule.
[GC#01] updated fire after clearing batch
  → selected [-3943.34166604 -6182.15051774] as drop point
FLUSHED
FLUSHED
Using multi-phase propagation with wind schedule.
DROP RAN
[DEBUG] AT#00  finished drop in sector 3 – notifying ground crews
[DEBUG] GC#01  attempting re-plan… remaining path = 1129 cells
[DEBUG] GC#01 start@(140, 132)  raw_arr=inf  now=1610.0  mtt=nan  within_buffer=False
[START] GC#01 using NEW (buffered by planner) → start (140, 132) on boundary 3
Start:  (140, 132)
Finish:  (683, 365)
[GC#01] WARNING: fire intercept at (687, 353) (burn_pen>0) – truncating path at idx 1053.
[GC#01] fire-line length 1054 cells (576.0 min; ABORTED EARLY)
[DEBUG] GC#01  new path accepted (length 1054, ETA 576.0 min)
Using multi-phase propagation with wind schedule.
[GC#02] updated fire after clearing batch
Using multi-phase propagation with wind schedule.
[GC#02] updated fire after clearing batch
Using multi-phase propagation with wind schedule.
[GC#01] updated fire after clearing batch
Using multi-phase propagation with wind schedule.
[GC#01] updated fire after clearing batch
  → selected [-9861.27492354  -415.27855591] as drop point
FLUSHED
FLUSHED
Using multi-phase propagation with wind schedule.
DROP RAN
[DEBUG] AT#00  finished drop in sector 3 – notifying ground crews
[DEBUG] GC#01  attempting re-plan… remaining path = 1054 cells
[DEBUG] GC#01 start@(178, 118)  raw_arr=inf  now=1663.0  mtt=nan  within_buffer=False
[START] GC#01 using NEW (buffered by planner) → start (178, 118) on boundary 3
Start:  (178, 118)
Finish:  (683, 365)
[GC#01] WARNING: fire intercept at (687, 353) (burn_pen>0) – truncating path at idx 999.
[GC#01] fire-line length 1000 cells (514.8 min; ABORTED EARLY)
[DEBUG] GC#01  new path accepted (length 1000, ETA 514.8 min)
Applied action {'FireHercAgent': (4,), 'GroundCrewAgent': (4, 1)} at t=1680 min
[ICS] open=[0, 3, 4, 5]  crew_order=[3, 0, 4, 5]  weights={0: 205.0, 3: 665.0, 4: 47.0, 5: 20.0}
simulating in place
Using multi-phase propagation with wind schedule.
[GC#01] updated fire after clearing batch
Using multi-phase propagation with wind schedule.
[GC#02] updated fire after clearing batch
Using multi-phase propagation with wind schedule.
[GC#01] updated fire after clearing batch
  → selected [-9903.69539855 -1289.01148688] as drop point
FLUSHED
FLUSHED
Using multi-phase propagation with wind schedule.
DROP RAN
[DEBUG] AT#00  finished drop in sector 3 – notifying ground crews
[DEBUG] GC#01  attempting re-plan… remaining path = 1000 cells
[DEBUG] GC#01 start@(214, 101)  raw_arr=inf  now=1711.0  mtt=nan  within_buffer=False
[START] GC#01 using NEW (buffered by planner) → start (214, 101) on boundary 3
Start:  (214, 101)
Finish:  (683, 365)
[GC#01] WARNING: fire intercept at (685, 353) (burn_pen>0) – truncating path at idx 948.
[GC#01] fire-line length 949 cells (463.6 min; ABORTED EARLY)
[DEBUG] GC#01  new path accepted (length 949, ETA 463.6 min)
Using multi-phase propagation with wind schedule.
[GC#01] updated fire after clearing batch
  → selected [-4574.29540673 -5952.35163437] as drop point
FLUSHED
Using multi-phase propagation with wind schedule.
DROP RAN
[DEBUG] AT#00  finished drop in sector 3 – notifying ground crews
[DEBUG] GC#01  attempting re-plan… remaining path = 949 cells
[DEBUG] GC#01 start@(232, 95)  raw_arr=inf  now=1758.0  mtt=nan  within_buffer=False
[START] GC#01 using NEW (buffered by planner) → start (232, 95) on boundary 3
Start:  (232, 95)
Finish:  (683, 365)
[GC#01] WARNING: fire intercept at (685, 353) (burn_pen>0) – truncating path at idx 924.
[GC#01] fire-line length 925 cells (412.7 min; ABORTED EARLY)
[DEBUG] GC#01  new path accepted (length 925, ETA 412.7 min)
Using multi-phase propagation with wind schedule.
[GC#02] updated fire after clearing batch
Using multi-phase propagation with wind schedule.
[GC#01] updated fire after clearing batch
Applied action {'FireHercAgent': (4,), 'GroundCrewAgent': (4, 1)} at t=1800 min
[ICS] open=[0, 3, 4, 5]  crew_order=[3, 0, 4, 5]  weights={0: 205.0, 3: 665.0, 4: 47.0, 5: 20.0}
simulating in place
  → selected [-3561.73004088 -6836.11741692] as drop point
FLUSHED
FLUSHED
Using multi-phase propagation with wind schedule.
DROP RAN
[DEBUG] AT#00  finished drop in sector 4 – notifying ground crews
Using multi-phase propagation with wind schedule.
[GC#01] updated fire after clearing batch
  → selected [ 3109.15952053 -7478.63125508] as drop point
FLUSHED
FLUSHED
Using multi-phase propagation with wind schedule.
DROP RAN
[DEBUG] AT#00  finished drop in sector 4 – notifying ground crews
Using multi-phase propagation with wind schedule.
[GC#01] updated fire after clearing batch
Using multi-phase propagation with wind schedule.
[GC#02] updated fire after clearing batch
Using multi-phase propagation with wind schedule.
[GC#01] updated fire after clearing batch
Using multi-phase propagation with wind schedule.
[GC#01] updated fire after clearing batch
  → selected [ 3829.17883723 -7330.70251411] as drop point
FLUSHED
FLUSHED
Using multi-phase propagation with wind schedule.
DROP RAN
[DEBUG] AT#00  finished drop in sector 4 – notifying ground crews
Using multi-phase propagation with wind schedule.
[GC#01] updated fire after clearing batch
Using multi-phase propagation with wind schedule.
[GC#01] updated fire after clearing batch
Applied action {'FireHercAgent': (5,), 'GroundCrewAgent': (4, 1)} at t=1920 min
[ICS] open=[0, 3, 4, 5]  crew_order=[3, 0, 4, 5]  weights={0: 205.0, 3: 665.0, 4: 47.0, 5: 20.0}
simulating in place
Using multi-phase propagation with wind schedule.
[GC#01] updated fire after clearing batch
Using multi-phase propagation with wind schedule.
[GC#01] updated fire after clearing batch
Using multi-phase propagation with wind schedule.
[GC#01] updated fire after clearing batch
Using multi-phase propagation with wind schedule.
[GC#01] updated fire after clearing batch
Using multi-phase propagation with wind schedule.
[GC#01] updated fire after clearing batch
Using multi-phase propagation with wind schedule.
[GC#01] updated fire after clearing batch
Using multi-phase propagation with wind schedule.
[GC#01] updated fire after clearing batch
Using multi-phase propagation with wind schedule.
[GC#01] updated fire after clearing batch
  → selected [-6768.05909718 -5181.65296981] as drop point
FLUSHED
FLUSHED
Using multi-phase propagation with wind schedule.
DROP RAN
[DEBUG] AT#00  finished drop in sector 3 – notifying ground crews
[DEBUG] GC#01  attempting re-plan… remaining path = 925 cells
[DEBUG] GC#01 start@(501, 112)  raw_arr=inf  now=1946.0  mtt=nan  within_buffer=False
[START] GC#01 using NEW (buffered by planner) → start (501, 112) on boundary 3
Start:  (501, 112)
Finish:  (683, 365)
[GC#01] WARNING: fire intercept at (683, 355) (burn_pen>0) – truncating path at idx 504.
[GC#01] fire-line length 505 cells (221.4 min; ABORTED EARLY)
[DEBUG] GC#01  new path accepted (length 505, ETA 221.4 min)
Using multi-phase propagation with wind schedule.
[GC#01] updated fire after clearing batch
  → selected [-5677.87652659 -6186.27082026] as drop point
FLUSHED
FLUSHED
Using multi-phase propagation with wind schedule.
DROP RAN
[DEBUG] AT#00  finished drop in sector 3 – notifying ground crews
[DEBUG] GC#01  attempting re-plan… remaining path = 505 cells
[DEBUG] GC#01 start@(519, 137)  raw_arr=inf  now=1993.0  mtt=nan  within_buffer=False
[START] GC#01 using NEW (buffered by planner) → start (519, 137) on boundary 3
Start:  (519, 137)
Finish:  (683, 365)
[GC#01] WARNING: fire intercept at (683, 355) (burn_pen>0) – truncating path at idx 459.
[GC#01] fire-line length 460 cells (174.3 min; ABORTED EARLY)
[DEBUG] GC#01  new path accepted (length 460, ETA 174.3 min)
Using multi-phase propagation with wind schedule.
[GC#01] updated fire after clearing batch
Using multi-phase propagation with wind schedule.
[GC#02] updated fire after clearing batch
Sector contained  0

— after _mark_anchor_completed(bdy=1, role=start, by=None) —

=== boundary_anchors (NOW) ===
b00 start  — <none>
b00 finish rc=(439, 734)  t=1080.0  completed=True  world=(7100.0, 150.5)
b01 start  rc=(357, 553)  t=1080.0  completed=True  world=(1670.0, 2610.5)
b01 finish rc=(357, 553)  t=240.0  completed=True  world=(1670.0, 2610.5)
b02 start  rc=(325, 439)  t=720.0  completed=True  world=(-1750.0, 3570.5)
b02 finish — <none>
b03 start  rc=(439, 251)  t=1080.0  completed=True  world=(-7390.0, 150.5)
b03 finish rc=(439, 251)  t=720.0  completed=True  world=(-7390.0, 150.5)
b04 start  — <none>
b04 finish rc=(683, 365)  t=1080.0  completed=False  world=(-3970.0, -7169.5)
b05 start  — <none>
b05 finish — <none>
=== end ===

— end dump —


— after _mark_anchor_completed(bdy=0, role=finish, by=None) —

=== boundary_anchors (NOW) ===
b00 start  — <none>
b00 finish rc=(439, 734)  t=1080.0  completed=True  world=(7100.0, 150.5)
b01 start  rc=(357, 553)  t=1080.0  completed=True  world=(1670.0, 2610.5)
b01 finish rc=(357, 553)  t=240.0  completed=True  world=(1670.0, 2610.5)
b02 start  rc=(325, 439)  t=720.0  completed=True  world=(-1750.0, 3570.5)
b02 finish — <none>
b03 start  rc=(439, 251)  t=1080.0  completed=True  world=(-7390.0, 150.5)
b03 finish rc=(439, 251)  t=720.0  completed=True  world=(-7390.0, 150.5)
b04 start  — <none>
b04 finish rc=(683, 365)  t=1080.0  completed=False  world=(-3970.0, -7169.5)
b05 start  — <none>
b05 finish — <none>
=== end ===

— end dump —

[GC#02] Sector 0 contained → Standby
Using multi-phase propagation with wind schedule.
[GC#01] updated fire after clearing batch
Applied action {'FireHercAgent': (4,), 'GroundCrewAgent': (4, 1)} at t=2040 min
[ICS] open=[3, 4, 5]  crew_order=[3, 4, 5]  weights={3: 665.0, 4: 47.0, 5: 20.0}
simulating in place

— after _record_anchor(bdy=3, role=start, cell=(439, 251), by=None) —

=== boundary_anchors (NOW) ===
b00 start  — <none>
b00 finish rc=(439, 734)  t=1080.0  completed=True  world=(7100.0, 150.5)
b01 start  rc=(357, 553)  t=1080.0  completed=True  world=(1670.0, 2610.5)
b01 finish rc=(357, 553)  t=240.0  completed=True  world=(1670.0, 2610.5)
b02 start  rc=(325, 439)  t=720.0  completed=True  world=(-1750.0, 3570.5)
b02 finish — <none>
b03 start  rc=(439, 251)  t=2040.0  completed=False  world=(-7390.0, 150.5)
b03 finish rc=(439, 251)  t=720.0  completed=True  world=(-7390.0, 150.5)
b04 start  — <none>
b04 finish rc=(683, 365)  t=1080.0  completed=False  world=(-3970.0, -7169.5)
b05 start  — <none>
b05 finish — <none>
=== end ===

— end dump —


— after _record_anchor(bdy=4, role=finish, cell=(784, 306), by=None) —

=== boundary_anchors (NOW) ===
b00 start  — <none>
b00 finish rc=(439, 734)  t=1080.0  completed=True  world=(7100.0, 150.5)
b01 start  rc=(357, 553)  t=1080.0  completed=True  world=(1670.0, 2610.5)
b01 finish rc=(357, 553)  t=240.0  completed=True  world=(1670.0, 2610.5)
b02 start  rc=(325, 439)  t=720.0  completed=True  world=(-1750.0, 3570.5)
b02 finish — <none>
b03 start  rc=(439, 251)  t=2040.0  completed=False  world=(-7390.0, 150.5)
b03 finish rc=(439, 251)  t=720.0  completed=True  world=(-7390.0, 150.5)
b04 start  — <none>
b04 finish rc=(784, 306)  t=2040.0  completed=False  world=(-5740.0, -10199.5)
b05 start  — <none>
b05 finish — <none>
=== end ===

— end dump —

[DEBUG] sector 3: start@bdy3 (439, 251)   finish@bdy4 (784, 306)
[GC#02] → sector 3  start (439, 251)  finish (784, 306)
  → selected [-11766.66301455   -498.46959657] as drop point
FLUSHED
Using multi-phase propagation with wind schedule.
DROP RAN
[DEBUG] AT#00  finished drop in sector 3 – notifying ground crews
[DEBUG] GC#01  attempting re-plan… remaining path = 460 cells
[DEBUG] GC#01 start@(541, 175)  raw_arr=inf  now=2040.0  mtt=nan  within_buffer=False
[START] GC#01 using NEW (buffered by planner) → start (541, 175) on boundary 3
Start:  (541, 175)
Finish:  (683, 365)
[GC#01] WARNING: fire intercept at (683, 358) (burn_pen>0) – truncating path at idx 388.
[GC#01] fire-line length 389 cells (75.4 min; ABORTED EARLY)
[DEBUG] GC#01  new path accepted (length 389, ETA 75.4 min)
Using multi-phase propagation with wind schedule.
[GC#01] updated fire after clearing batch
Using multi-phase propagation with wind schedule.
[GC#01] updated fire after clearing batch
Using multi-phase propagation with wind schedule.
[GC#01] updated fire after clearing batch
Using multi-phase propagation with wind schedule.
[GC#01] updated fire after clearing batch
Using multi-phase propagation with wind schedule.
[GC#01] updated fire after clearing batch
Using multi-phase propagation with wind schedule.
[GC#01] updated fire after clearing batch
Using multi-phase propagation with wind schedule.
[GC#01] updated fire after clearing batch
Using multi-phase propagation with wind schedule.
[GC#01] updated fire after clearing batch
Using multi-phase propagation with wind schedule.
[GC#01] updated fire after clearing batch
Using multi-phase propagation with wind schedule.
[GC#01] updated fire after clearing batch
Using multi-phase propagation with wind schedule.
[GC#01] updated fire after clearing batch
Using multi-phase propagation with wind schedule.
[GC#01] updated fire after clearing batch
Using multi-phase propagation with wind schedule.
[GC#01] updated fire after clearing batch
Using multi-phase propagation with wind schedule.
[GC#01] updated fire after clearing batch
  → selected [-5203.79211619 -6772.72771826] as drop point
FLUSHED
Using multi-phase propagation with wind schedule.
DROP RAN
[DEBUG] AT#00  finished drop in sector 3 – notifying ground crews
[DEBUG] GC#01  attempting re-plan… remaining path = 389 cells
[DEBUG] GC#01 start@(688, 347)  raw_arr=inf  now=2087.0  mtt=nan  within_buffer=False
[START] GC#01 using NEW (buffered by planner) → start (688, 347) on boundary 3
Start:  (688, 347)
Finish:  (683, 365)
[GC#01] WARNING: fire intercept at (683, 359) (burn_pen>0) – truncating path at idx 16.
[GC#01] fire-line length 17 cells (25.9 min; ABORTED EARLY)
[DEBUG] GC#01  new path accepted (length 17, ETA 25.9 min)
Using multi-phase propagation with wind schedule.
[GC#01] updated fire after clearing batch
[GC#01] stopped early (fire intercept) – sector 3 NOT contained; awaiting reassignment.
  → selected [-6409.50179002 -5862.30870411] as drop point
Using multi-phase propagation with wind schedule.
DROP RAN
[DEBUG] AT#00  finished drop in sector 3 – notifying ground crews
Applied action {'FireHercAgent': (4,), 'GroundCrewAgent': (4, 5)} at t=2160 min
[ICS] open=[3, 4, 5]  crew_order=[3, 4, 5]  weights={3: 665.0, 4: 47.0, 5: 20.0}
simulating in place

— after _record_anchor(bdy=3, role=start, cell=(439, 251), by=None) —

=== boundary_anchors (NOW) ===
b00 start  — <none>
b00 finish rc=(439, 734)  t=1080.0  completed=True  world=(7100.0, 150.5)
b01 start  rc=(357, 553)  t=1080.0  completed=True  world=(1670.0, 2610.5)
b01 finish rc=(357, 553)  t=240.0  completed=True  world=(1670.0, 2610.5)
b02 start  rc=(325, 439)  t=720.0  completed=True  world=(-1750.0, 3570.5)
b02 finish — <none>
b03 start  rc=(439, 251)  t=2160.0  completed=False  world=(-7390.0, 150.5)
b03 finish rc=(439, 251)  t=720.0  completed=True  world=(-7390.0, 150.5)
b04 start  — <none>
b04 finish rc=(784, 306)  t=2040.0  completed=False  world=(-5740.0, -10199.5)
b05 start  — <none>
b05 finish — <none>
=== end ===

— end dump —


— after _record_anchor(bdy=4, role=finish, cell=(803, 295), by=None) —

=== boundary_anchors (NOW) ===
b00 start  — <none>
b00 finish rc=(439, 734)  t=1080.0  completed=True  world=(7100.0, 150.5)
b01 start  rc=(357, 553)  t=1080.0  completed=True  world=(1670.0, 2610.5)
b01 finish rc=(357, 553)  t=240.0  completed=True  world=(1670.0, 2610.5)
b02 start  rc=(325, 439)  t=720.0  completed=True  world=(-1750.0, 3570.5)
b02 finish — <none>
b03 start  rc=(439, 251)  t=2160.0  completed=False  world=(-7390.0, 150.5)
b03 finish rc=(439, 251)  t=720.0  completed=True  world=(-7390.0, 150.5)
b04 start  — <none>
b04 finish rc=(803, 295)  t=2160.0  completed=False  world=(-6070.0, -10769.5)
b05 start  — <none>
b05 finish — <none>
=== end ===

— end dump —

[DEBUG] sector 3: start@bdy3 (439, 251)   finish@bdy4 (803, 295)
[GC#01] → sector 3  start (439, 251)  finish (803, 295)
  → selected [-5903.87412315 -6432.90391861] as drop point
Using multi-phase propagation with wind schedule.
DROP RAN
[DEBUG] AT#00  finished drop in sector 3 – notifying ground crews
  → selected [-6124.96306114 -6674.18015613] as drop point
Using multi-phase propagation with wind schedule.
DROP RAN
[DEBUG] AT#00  finished drop in sector 3 – notifying ground crews
  → selected [-5580.55402846 -7263.73340184] as drop point
Using multi-phase propagation with wind schedule.
DROP RAN
[DEBUG] AT#00  finished drop in sector 3 – notifying ground crews
Applied action {'FireHercAgent': (4,), 'GroundCrewAgent': (4, 5)} at t=2280 min
[ICS] open=[3, 4, 5]  crew_order=[3, 4, 5]  weights={3: 665.0, 4: 47.0, 5: 20.0}
simulating in place
  → selected [-4908.61747582 -7697.3300343 ] as drop point
Using multi-phase propagation with wind schedule.
DROP RAN
[DEBUG] AT#00  finished drop in sector 3 – notifying ground crews
  → selected [-8070.78701188 -5129.34670738] as drop point
Using multi-phase propagation with wind schedule.
DROP RAN
[DEBUG] AT#00  finished drop in sector 3 – notifying ground crews
Applied action {'FireHercAgent': (4,), 'GroundCrewAgent': (4, 5)} at t=2400 min
[ICS] open=[3, 4, 5]  crew_order=[3, 4, 5]  weights={3: 665.0, 4: 47.0, 5: 20.0}
simulating in place
[START] GC#01 using ANCHOR (unspecified source) → start (439, 251) on boundary 3
Start:  (439, 251)
Finish:  (803, 295)
[GC#01] fire-line length 2101 cells (87.1 min; full plan)

— after _mark_anchor_completed(bdy=3, role=start, by=None) —

=== boundary_anchors (NOW) ===
b00 start  — <none>
b00 finish rc=(439, 734)  t=1080.0  completed=True  world=(7100.0, 150.5)
b01 start  rc=(357, 553)  t=1080.0  completed=True  world=(1670.0, 2610.5)
b01 finish rc=(357, 553)  t=240.0  completed=True  world=(1670.0, 2610.5)
b02 start  rc=(325, 439)  t=720.0  completed=True  world=(-1750.0, 3570.5)
b02 finish — <none>
b03 start  rc=(439, 251)  t=2160.0  completed=True  world=(-7390.0, 150.5)
b03 finish rc=(439, 251)  t=720.0  completed=True  world=(-7390.0, 150.5)
b04 start  — <none>
b04 finish rc=(803, 295)  t=2160.0  completed=False  world=(-6070.0, -10769.5)
b05 start  — <none>
b05 finish — <none>
=== end ===

— end dump —


— after _mark_anchor_completed(bdy=4, role=finish, by=<groundcrew.GroundCrewAgent object at 0x000001466B1315D0>) —

=== boundary_anchors (NOW) ===
b00 start  — <none>
b00 finish rc=(439, 734)  t=1080.0  completed=True  world=(7100.0, 150.5)
b01 start  rc=(357, 553)  t=1080.0  completed=True  world=(1670.0, 2610.5)
b01 finish rc=(357, 553)  t=240.0  completed=True  world=(1670.0, 2610.5)
b02 start  rc=(325, 439)  t=720.0  completed=True  world=(-1750.0, 3570.5)
b02 finish — <none>
b03 start  rc=(439, 251)  t=2160.0  completed=True  world=(-7390.0, 150.5)
b03 finish rc=(439, 251)  t=720.0  completed=True  world=(-7390.0, 150.5)
b04 start  — <none>
b04 finish rc=(803, 295)  t=2160.0  completed=True  world=(-6070.0, -10769.5)
b05 start  — <none>
b05 finish — <none>
=== end ===

— end dump —

Using multi-phase propagation with wind schedule.
[GC#01] updated fire after clearing batch
Using multi-phase propagation with wind schedule.
[GC#01] updated fire after clearing batch
Using multi-phase propagation with wind schedule.
[GC#01] updated fire after clearing batch
Using multi-phase propagation with wind schedule.
[GC#01] updated fire after clearing batch
Using multi-phase propagation with wind schedule.
[GC#01] updated fire after clearing batch
Using multi-phase propagation with wind schedule.
[GC#01] updated fire after clearing batch
Using multi-phase propagation with wind schedule.
[GC#01] updated fire after clearing batch
Using multi-phase propagation with wind schedule.
[GC#01] updated fire after clearing batch
Using multi-phase propagation with wind schedule.
[GC#01] updated fire after clearing batch
Using multi-phase propagation with wind schedule.
[GC#01] updated fire after clearing batch
Using multi-phase propagation with wind schedule.
[GC#01] updated fire after clearing batch
Using multi-phase propagation with wind schedule.
[GC#01] updated fire after clearing batch
Using multi-phase propagation with wind schedule.
[GC#01] updated fire after clearing batch
Using multi-phase propagation with wind schedule.
[GC#01] updated fire after clearing batch
Using multi-phase propagation with wind schedule.
[GC#01] updated fire after clearing batch
Using multi-phase propagation with wind schedule.
[GC#01] updated fire after clearing batch
Using multi-phase propagation with wind schedule.
[GC#01] updated fire after clearing batch
Using multi-phase propagation with wind schedule.
[GC#01] updated fire after clearing batch
Using multi-phase propagation with wind schedule.
[GC#01] updated fire after clearing batch
  → selected [-6200.4190953  -6756.52596767] as drop point
FLUSHED
Using multi-phase propagation with wind schedule.
DROP RAN
[DEBUG] AT#00  finished drop in sector 3 – notifying ground crews
[DEBUG] GC#01  attempting re-plan… remaining path = 2101 cells
[DEBUG] GC#01 start@(740, 324)  raw_arr=inf  now=2426.0  mtt=nan  within_buffer=False
[START] GC#01 using NEW (buffered by planner) → start (740, 324) on boundary 3
Start:  (740, 324)
Finish:  (803, 295)
[GC#01] fire-line length 99 cells (65.9 min; full plan)
[DEBUG] GC#01  new path accepted (length 99, ETA 65.9 min)
Using multi-phase propagation with wind schedule.
[GC#01] updated fire after clearing batch
Using multi-phase propagation with wind schedule.
[GC#01] updated fire after clearing batch
Using multi-phase propagation with wind schedule.
[GC#01] updated fire after clearing batch
  → selected [-5610.08884602 -7302.22392547] as drop point
Using multi-phase propagation with wind schedule.
DROP RAN
[DEBUG] AT#00  finished drop in sector 3 – notifying ground crews
[DEBUG] GC#01  attempting re-plan… remaining path = 99 cells
[DEBUG] GC#01 start@(786, 304)  raw_arr=inf  now=2473.0  mtt=nan  within_buffer=False
[START] GC#01 using NEW (buffered by planner) → start (786, 304) on boundary 3
Start:  (786, 304)
Finish:  (803, 295)
[GC#01] fire-line length 27 cells (18.8 min; full plan)
[DEBUG] GC#01  new path accepted (length 27, ETA 18.8 min)
Using multi-phase propagation with wind schedule.
[GC#01] updated fire after clearing batch
Using multi-phase propagation with wind schedule.
[GC#01] updated fire after clearing batch
Sector contained  3

— after _mark_anchor_completed(bdy=3, role=start, by=None) —

=== boundary_anchors (NOW) ===
b00 start  — <none>
b00 finish rc=(439, 734)  t=1080.0  completed=True  world=(7100.0, 150.5)
b01 start  rc=(357, 553)  t=1080.0  completed=True  world=(1670.0, 2610.5)
b01 finish rc=(357, 553)  t=240.0  completed=True  world=(1670.0, 2610.5)
b02 start  rc=(325, 439)  t=720.0  completed=True  world=(-1750.0, 3570.5)
b02 finish — <none>
b03 start  rc=(439, 251)  t=2160.0  completed=True  world=(-7390.0, 150.5)
b03 finish rc=(439, 251)  t=720.0  completed=True  world=(-7390.0, 150.5)
b04 start  — <none>
b04 finish rc=(803, 295)  t=2160.0  completed=True  world=(-6070.0, -10769.5)
b05 start  — <none>
b05 finish — <none>
=== end ===

— end dump —


— after _mark_anchor_completed(bdy=4, role=finish, by=None) —

=== boundary_anchors (NOW) ===
b00 start  — <none>
b00 finish rc=(439, 734)  t=1080.0  completed=True  world=(7100.0, 150.5)
b01 start  rc=(357, 553)  t=1080.0  completed=True  world=(1670.0, 2610.5)
b01 finish rc=(357, 553)  t=240.0  completed=True  world=(1670.0, 2610.5)
b02 start  rc=(325, 439)  t=720.0  completed=True  world=(-1750.0, 3570.5)
b02 finish — <none>
b03 start  rc=(439, 251)  t=2160.0  completed=True  world=(-7390.0, 150.5)
b03 finish rc=(439, 251)  t=720.0  completed=True  world=(-7390.0, 150.5)
b04 start  — <none>
b04 finish rc=(803, 295)  t=2160.0  completed=True  world=(-6070.0, -10769.5)
b05 start  — <none>
b05 finish — <none>
=== end ===

— end dump —

[GC#01] Sector 3 contained → Standby
Applied action {'FireHercAgent': (4,), 'GroundCrewAgent': (4, 5)} at t=2520 min
[ICS] open=[4, 5]  crew_order=[4, 5]  weights={4: 47.0, 5: 20.0}
simulating in place

— after _record_anchor(bdy=4, role=start, cell=(803, 295), by=None) —

=== boundary_anchors (NOW) ===
b00 start  — <none>
b00 finish rc=(439, 734)  t=1080.0  completed=True  world=(7100.0, 150.5)
b01 start  rc=(357, 553)  t=1080.0  completed=True  world=(1670.0, 2610.5)
b01 finish rc=(357, 553)  t=240.0  completed=True  world=(1670.0, 2610.5)
b02 start  rc=(325, 439)  t=720.0  completed=True  world=(-1750.0, 3570.5)
b02 finish — <none>
b03 start  rc=(439, 251)  t=2160.0  completed=True  world=(-7390.0, 150.5)
b03 finish rc=(439, 251)  t=720.0  completed=True  world=(-7390.0, 150.5)
b04 start  rc=(803, 295)  t=2520.0  completed=False  world=(-6070.0, -10769.5)
b04 finish rc=(803, 295)  t=2160.0  completed=True  world=(-6070.0, -10769.5)
b05 start  — <none>
b05 finish — <none>
=== end ===

— end dump —


— after _record_anchor(bdy=5, role=finish, cell=(831, 732), by=None) —

=== boundary_anchors (NOW) ===
b00 start  — <none>
b00 finish rc=(439, 734)  t=1080.0  completed=True  world=(7100.0, 150.5)
b01 start  rc=(357, 553)  t=1080.0  completed=True  world=(1670.0, 2610.5)
b01 finish rc=(357, 553)  t=240.0  completed=True  world=(1670.0, 2610.5)
b02 start  rc=(325, 439)  t=720.0  completed=True  world=(-1750.0, 3570.5)
b02 finish — <none>
b03 start  rc=(439, 251)  t=2160.0  completed=True  world=(-7390.0, 150.5)
b03 finish rc=(439, 251)  t=720.0  completed=True  world=(-7390.0, 150.5)
b04 start  rc=(803, 295)  t=2520.0  completed=False  world=(-6070.0, -10769.5)
b04 finish rc=(803, 295)  t=2160.0  completed=True  world=(-6070.0, -10769.5)
b05 start  — <none>
b05 finish rc=(831, 732)  t=2520.0  completed=False  world=(7040.0, -11609.5)
=== end ===

— end dump —

[DEBUG] sector 4: start@bdy4 (803, 295)   finish@bdy5 (831, 732)
[GC#01] → sector 4  start (803, 295)  finish (831, 732)
[START] GC#01 using ANCHOR (unspecified source) → start (803, 295) on boundary 4
Start:  (803, 295)
Finish:  (831, 732)
[GC#01] fire-line length 630 cells (890.1 min; full plan)

— after _mark_anchor_completed(bdy=4, role=start, by=None) —

=== boundary_anchors (NOW) ===
b00 start  — <none>
b00 finish rc=(439, 734)  t=1080.0  completed=True  world=(7100.0, 150.5)
b01 start  rc=(357, 553)  t=1080.0  completed=True  world=(1670.0, 2610.5)
b01 finish rc=(357, 553)  t=240.0  completed=True  world=(1670.0, 2610.5)
b02 start  rc=(325, 439)  t=720.0  completed=True  world=(-1750.0, 3570.5)
b02 finish — <none>
b03 start  rc=(439, 251)  t=2160.0  completed=True  world=(-7390.0, 150.5)
b03 finish rc=(439, 251)  t=720.0  completed=True  world=(-7390.0, 150.5)
b04 start  rc=(803, 295)  t=2520.0  completed=True  world=(-6070.0, -10769.5)
b04 finish rc=(803, 295)  t=2160.0  completed=True  world=(-6070.0, -10769.5)
b05 start  — <none>
b05 finish rc=(831, 732)  t=2520.0  completed=False  world=(7040.0, -11609.5)
=== end ===

— end dump —


— after _mark_anchor_completed(bdy=5, role=finish, by=<groundcrew.GroundCrewAgent object at 0x000001466B1315D0>) —

=== boundary_anchors (NOW) ===
b00 start  — <none>
b00 finish rc=(439, 734)  t=1080.0  completed=True  world=(7100.0, 150.5)
b01 start  rc=(357, 553)  t=1080.0  completed=True  world=(1670.0, 2610.5)
b01 finish rc=(357, 553)  t=240.0  completed=True  world=(1670.0, 2610.5)
b02 start  rc=(325, 439)  t=720.0  completed=True  world=(-1750.0, 3570.5)
b02 finish — <none>
b03 start  rc=(439, 251)  t=2160.0  completed=True  world=(-7390.0, 150.5)
b03 finish rc=(439, 251)  t=720.0  completed=True  world=(-7390.0, 150.5)
b04 start  rc=(803, 295)  t=2520.0  completed=True  world=(-6070.0, -10769.5)
b04 finish rc=(803, 295)  t=2160.0  completed=True  world=(-6070.0, -10769.5)
b05 start  — <none>
b05 finish rc=(831, 732)  t=2520.0  completed=True  world=(7040.0, -11609.5)
=== end ===

— end dump —

  → selected [ 6962.70830029 -7577.5229339 ] as drop point
FLUSHED
Using multi-phase propagation with wind schedule.
DROP RAN
[DEBUG] AT#00  finished drop in sector 5 – notifying ground crews
[START] GC#02 using ANCHOR (unspecified source) → start (439, 251) on boundary 3
Start:  (439, 251)
Finish:  (784, 306)
[GC#02] fire-line length 2027 cells (0.0 min; full plan)

— after _mark_anchor_completed(bdy=3, role=start, by=None) —

=== boundary_anchors (NOW) ===
b00 start  — <none>
b00 finish rc=(439, 734)  t=1080.0  completed=True  world=(7100.0, 150.5)
b01 start  rc=(357, 553)  t=1080.0  completed=True  world=(1670.0, 2610.5)
b01 finish rc=(357, 553)  t=240.0  completed=True  world=(1670.0, 2610.5)
b02 start  rc=(325, 439)  t=720.0  completed=True  world=(-1750.0, 3570.5)
b02 finish — <none>
b03 start  rc=(439, 251)  t=2160.0  completed=True  world=(-7390.0, 150.5)
b03 finish rc=(439, 251)  t=720.0  completed=True  world=(-7390.0, 150.5)
b04 start  rc=(803, 295)  t=2520.0  completed=True  world=(-6070.0, -10769.5)
b04 finish rc=(803, 295)  t=2160.0  completed=True  world=(-6070.0, -10769.5)
b05 start  — <none>
b05 finish rc=(831, 732)  t=2520.0  completed=True  world=(7040.0, -11609.5)
=== end ===

— end dump —


— after _mark_anchor_completed(bdy=4, role=finish, by=<groundcrew.GroundCrewAgent object at 0x000001466B1328D0>) —

=== boundary_anchors (NOW) ===
b00 start  — <none>
b00 finish rc=(439, 734)  t=1080.0  completed=True  world=(7100.0, 150.5)
b01 start  rc=(357, 553)  t=1080.0  completed=True  world=(1670.0, 2610.5)
b01 finish rc=(357, 553)  t=240.0  completed=True  world=(1670.0, 2610.5)
b02 start  rc=(325, 439)  t=720.0  completed=True  world=(-1750.0, 3570.5)
b02 finish — <none>
b03 start  rc=(439, 251)  t=2160.0  completed=True  world=(-7390.0, 150.5)
b03 finish rc=(439, 251)  t=720.0  completed=True  world=(-7390.0, 150.5)
b04 start  rc=(803, 295)  t=2520.0  completed=True  world=(-6070.0, -10769.5)
b04 finish rc=(803, 295)  t=2160.0  completed=True  world=(-6070.0, -10769.5)
b05 start  — <none>
b05 finish rc=(831, 732)  t=2520.0  completed=True  world=(7040.0, -11609.5)
=== end ===

— end dump —

Using multi-phase propagation with wind schedule.
[GC#02] updated fire after clearing batch
Using multi-phase propagation with wind schedule.
[GC#02] updated fire after clearing batch
Using multi-phase propagation with wind schedule.
[GC#02] updated fire after clearing batch
Using multi-phase propagation with wind schedule.
[GC#02] updated fire after clearing batch
Using multi-phase propagation with wind schedule.
[GC#02] updated fire after clearing batch
Using multi-phase propagation with wind schedule.
[GC#02] updated fire after clearing batch
Using multi-phase propagation with wind schedule.
[GC#02] updated fire after clearing batch
Using multi-phase propagation with wind schedule.
[GC#02] updated fire after clearing batch
Using multi-phase propagation with wind schedule.
[GC#02] updated fire after clearing batch
Using multi-phase propagation with wind schedule.
[GC#02] updated fire after clearing batch
Using multi-phase propagation with wind schedule.
[GC#02] updated fire after clearing batch
Using multi-phase propagation with wind schedule.
[GC#02] updated fire after clearing batch
Using multi-phase propagation with wind schedule.
[GC#02] updated fire after clearing batch
Using multi-phase propagation with wind schedule.
[GC#02] updated fire after clearing batch
Using multi-phase propagation with wind schedule.
[GC#02] updated fire after clearing batch
Using multi-phase propagation with wind schedule.
[GC#02] updated fire after clearing batch
Using multi-phase propagation with wind schedule.
[GC#02] updated fire after clearing batch
Sector contained  3

— after _mark_anchor_completed(bdy=3, role=start, by=None) —

=== boundary_anchors (NOW) ===
b00 start  — <none>
b00 finish rc=(439, 734)  t=1080.0  completed=True  world=(7100.0, 150.5)
b01 start  rc=(357, 553)  t=1080.0  completed=True  world=(1670.0, 2610.5)
b01 finish rc=(357, 553)  t=240.0  completed=True  world=(1670.0, 2610.5)
b02 start  rc=(325, 439)  t=720.0  completed=True  world=(-1750.0, 3570.5)
b02 finish — <none>
b03 start  rc=(439, 251)  t=2160.0  completed=True  world=(-7390.0, 150.5)
b03 finish rc=(439, 251)  t=720.0  completed=True  world=(-7390.0, 150.5)
b04 start  rc=(803, 295)  t=2520.0  completed=True  world=(-6070.0, -10769.5)
b04 finish rc=(803, 295)  t=2160.0  completed=True  world=(-6070.0, -10769.5)
b05 start  — <none>
b05 finish rc=(831, 732)  t=2520.0  completed=True  world=(7040.0, -11609.5)
=== end ===

— end dump —


— after _mark_anchor_completed(bdy=4, role=finish, by=None) —

=== boundary_anchors (NOW) ===
b00 start  — <none>
b00 finish rc=(439, 734)  t=1080.0  completed=True  world=(7100.0, 150.5)
b01 start  rc=(357, 553)  t=1080.0  completed=True  world=(1670.0, 2610.5)
b01 finish rc=(357, 553)  t=240.0  completed=True  world=(1670.0, 2610.5)
b02 start  rc=(325, 439)  t=720.0  completed=True  world=(-1750.0, 3570.5)
b02 finish — <none>
b03 start  rc=(439, 251)  t=2160.0  completed=True  world=(-7390.0, 150.5)
b03 finish rc=(439, 251)  t=720.0  completed=True  world=(-7390.0, 150.5)
b04 start  rc=(803, 295)  t=2520.0  completed=True  world=(-6070.0, -10769.5)
b04 finish rc=(803, 295)  t=2160.0  completed=True  world=(-6070.0, -10769.5)
b05 start  — <none>
b05 finish rc=(831, 732)  t=2520.0  completed=True  world=(7040.0, -11609.5)
=== end ===

— end dump —

[GC#02] Sector 3 contained → Standby
Using multi-phase propagation with wind schedule.
[GC#01] updated fire after clearing batch
  → selected [ 6648.35575888 -8642.30818931] as drop point
FLUSHED
Using multi-phase propagation with wind schedule.
DROP RAN
[DEBUG] AT#00  finished drop in sector 5 – notifying ground crews
Using multi-phase propagation with wind schedule.
[GC#01] updated fire after clearing batch
  → selected [ 7190.19979221 -7825.78633296] as drop point
FLUSHED
Using multi-phase propagation with wind schedule.
DROP RAN
[DEBUG] AT#00  finished drop in sector 5 – notifying ground crews
Applied action {'FireHercAgent': (6,), 'GroundCrewAgent': (5, 6)} at t=2640 min
[ICS] open=[4, 5]  crew_order=[4, 5]  weights={4: 47.0, 5: 20.0}
simulating in place

— after _record_anchor(bdy=4, role=start, cell=(803, 295), by=None) —

=== boundary_anchors (NOW) ===
b00 start  — <none>
b00 finish rc=(439, 734)  t=1080.0  completed=True  world=(7100.0, 150.5)
b01 start  rc=(357, 553)  t=1080.0  completed=True  world=(1670.0, 2610.5)
b01 finish rc=(357, 553)  t=240.0  completed=True  world=(1670.0, 2610.5)
b02 start  rc=(325, 439)  t=720.0  completed=True  world=(-1750.0, 3570.5)
b02 finish — <none>
b03 start  rc=(439, 251)  t=2160.0  completed=True  world=(-7390.0, 150.5)
b03 finish rc=(439, 251)  t=720.0  completed=True  world=(-7390.0, 150.5)
b04 start  rc=(803, 295)  t=2640.0  completed=False  world=(-6070.0, -10769.5)
b04 finish rc=(803, 295)  t=2160.0  completed=True  world=(-6070.0, -10769.5)
b05 start  — <none>
b05 finish rc=(831, 732)  t=2520.0  completed=True  world=(7040.0, -11609.5)
=== end ===

— end dump —


— after _record_anchor(bdy=5, role=finish, cell=(831, 732), by=None) —

=== boundary_anchors (NOW) ===
b00 start  — <none>
b00 finish rc=(439, 734)  t=1080.0  completed=True  world=(7100.0, 150.5)
b01 start  rc=(357, 553)  t=1080.0  completed=True  world=(1670.0, 2610.5)
b01 finish rc=(357, 553)  t=240.0  completed=True  world=(1670.0, 2610.5)
b02 start  rc=(325, 439)  t=720.0  completed=True  world=(-1750.0, 3570.5)
b02 finish — <none>
b03 start  rc=(439, 251)  t=2160.0  completed=True  world=(-7390.0, 150.5)
b03 finish rc=(439, 251)  t=720.0  completed=True  world=(-7390.0, 150.5)
b04 start  rc=(803, 295)  t=2640.0  completed=False  world=(-6070.0, -10769.5)
b04 finish rc=(803, 295)  t=2160.0  completed=True  world=(-6070.0, -10769.5)
b05 start  — <none>
b05 finish rc=(831, 732)  t=2640.0  completed=False  world=(7040.0, -11609.5)
=== end ===

— end dump —

[DEBUG] sector 4: start@bdy4 (803, 295)   finish@bdy5 (831, 732)
[GC#02] → sector 4  start (803, 295)  finish (831, 732)
Using multi-phase propagation with wind schedule.
[GC#01] updated fire after clearing batch
Using multi-phase propagation with wind schedule.
[GC#01] updated fire after clearing batch
[START] GC#02 using ANCHOR (unspecified source) → start (803, 295) on boundary 4
Start:  (803, 295)
Finish:  (831, 732)
[GC#02] fire-line length 622 cells (385.9 min; full plan)

— after _mark_anchor_completed(bdy=4, role=start, by=None) —

=== boundary_anchors (NOW) ===
b00 start  — <none>
b00 finish rc=(439, 734)  t=1080.0  completed=True  world=(7100.0, 150.5)
b01 start  rc=(357, 553)  t=1080.0  completed=True  world=(1670.0, 2610.5)
b01 finish rc=(357, 553)  t=240.0  completed=True  world=(1670.0, 2610.5)
b02 start  rc=(325, 439)  t=720.0  completed=True  world=(-1750.0, 3570.5)
b02 finish — <none>
b03 start  rc=(439, 251)  t=2160.0  completed=True  world=(-7390.0, 150.5)
b03 finish rc=(439, 251)  t=720.0  completed=True  world=(-7390.0, 150.5)
b04 start  rc=(803, 295)  t=2640.0  completed=True  world=(-6070.0, -10769.5)
b04 finish rc=(803, 295)  t=2160.0  completed=True  world=(-6070.0, -10769.5)
b05 start  — <none>
b05 finish rc=(831, 732)  t=2640.0  completed=False  world=(7040.0, -11609.5)
=== end ===

— end dump —


— after _mark_anchor_completed(bdy=5, role=finish, by=<groundcrew.GroundCrewAgent object at 0x000001466B1328D0>) —

=== boundary_anchors (NOW) ===
b00 start  — <none>
b00 finish rc=(439, 734)  t=1080.0  completed=True  world=(7100.0, 150.5)
b01 start  rc=(357, 553)  t=1080.0  completed=True  world=(1670.0, 2610.5)
b01 finish rc=(357, 553)  t=240.0  completed=True  world=(1670.0, 2610.5)
b02 start  rc=(325, 439)  t=720.0  completed=True  world=(-1750.0, 3570.5)
b02 finish — <none>
b03 start  rc=(439, 251)  t=2160.0  completed=True  world=(-7390.0, 150.5)
b03 finish rc=(439, 251)  t=720.0  completed=True  world=(-7390.0, 150.5)
b04 start  rc=(803, 295)  t=2640.0  completed=True  world=(-6070.0, -10769.5)
b04 finish rc=(803, 295)  t=2160.0  completed=True  world=(-6070.0, -10769.5)
b05 start  — <none>
b05 finish rc=(831, 732)  t=2640.0  completed=True  world=(7040.0, -11609.5)
=== end ===

— end dump —

  → selected [ 7622.19880727 -6964.39205177] as drop point
FLUSHED
Using multi-phase propagation with wind schedule.
DROP RAN
[DEBUG] AT#00  finished drop in sector 5 – notifying ground crews
Using multi-phase propagation with wind schedule.
[GC#02] updated fire after clearing batch
Using multi-phase propagation with wind schedule.
[GC#02] updated fire after clearing batch
Using multi-phase propagation with wind schedule.
[GC#02] updated fire after clearing batch
Using multi-phase propagation with wind schedule.
[GC#02] updated fire after clearing batch
  → selected [ 6859.22904635 -8917.12360799] as drop point
FLUSHED
FLUSHED
Using multi-phase propagation with wind schedule.
DROP RAN
[DEBUG] AT#00  finished drop in sector 5 – notifying ground crews
Using multi-phase propagation with wind schedule.
[GC#02] updated fire after clearing batch
Using multi-phase propagation with wind schedule.
[GC#02] updated fire after clearing batch
Using multi-phase propagation with wind schedule.
[GC#02] updated fire after clearing batch
  → selected [ 8035.8195335  -6146.77870437] as drop point
FLUSHED
Using multi-phase propagation with wind schedule.
DROP RAN
[DEBUG] AT#00  finished drop in sector 5 – notifying ground crews
Using multi-phase propagation with wind schedule.
[GC#02] updated fire after clearing batch
Applied action {'FireHercAgent': (6,), 'GroundCrewAgent': (5, 6)} at t=2760 min
[ICS] open=[4, 5]  crew_order=[4, 5]  weights={4: 47.0, 5: 20.0}
simulating in place
Using multi-phase propagation with wind schedule.
[GC#02] updated fire after clearing batch
Using multi-phase propagation with wind schedule.
[GC#02] updated fire after clearing batch
  → selected [  4370.09913809 -10522.80878114] as drop point
FLUSHED
Using multi-phase propagation with wind schedule.
DROP RAN
[DEBUG] AT#00  finished drop in sector 4 – notifying ground crews
[DEBUG] GC#02  attempting re-plan… remaining path = 622 cells
[DEBUG] GC#02 start@(827, 615)  raw_arr=inf  now=2797.0  mtt=nan  within_buffer=False
[START] GC#02 using NEW (buffered by planner) → start (827, 615) on boundary 4
Start:  (827, 615)
Finish:  (831, 732)
[GC#02] fire-line length 202 cells (246.9 min; full plan)
[DEBUG] GC#02  new path accepted (length 202, ETA 246.9 min)
[DEBUG] GC#01  attempting re-plan… remaining path = 630 cells
[DEBUG] GC#01 start@(805, 495)  raw_arr=inf  now=2797.0  mtt=nan  within_buffer=False
[START] GC#01 using NEW (buffered by planner) → start (805, 495) on boundary 4
Start:  (805, 495)
Finish:  (831, 732)
[GC#01] fire-line length 344 cells (246.9 min; full plan)
[DEBUG] GC#01  new path accepted (length 344, ETA 246.9 min)
Using multi-phase propagation with wind schedule.
[GC#01] updated fire after clearing batch
Using multi-phase propagation with wind schedule.
[GC#01] updated fire after clearing batch
Using multi-phase propagation with wind schedule.
[GC#01] updated fire after clearing batch
Using multi-phase propagation with wind schedule.
[GC#02] updated fire after clearing batch
Using multi-phase propagation with wind schedule.
[GC#01] updated fire after clearing batch
Using multi-phase propagation with wind schedule.
[GC#02] updated fire after clearing batch
Using multi-phase propagation with wind schedule.
[GC#01] updated fire after clearing batch
  → selected [  5344.08086238 -10240.80222853] as drop point
FLUSHED
FLUSHED
Using multi-phase propagation with wind schedule.
DROP RAN
[DEBUG] AT#00  finished drop in sector 4 – notifying ground crews
[DEBUG] GC#02  attempting re-plan… remaining path = 202 cells
[DEBUG] GC#02 start@(868, 667)  raw_arr=inf  now=2844.0  mtt=nan  within_buffer=False
[START] GC#02 using NEW (buffered by planner) → start (868, 667) on boundary 4
Start:  (868, 667)
Finish:  (831, 732)
[GC#02] fire-line length 107 cells (198.2 min; full plan)
[DEBUG] GC#02  new path accepted (length 107, ETA 198.2 min)
[DEBUG] GC#01  attempting re-plan… remaining path = 344 cells
[DEBUG] GC#01 start@(868, 667)  raw_arr=inf  now=2844.0  mtt=nan  within_buffer=False
[START] GC#01 using NEW (buffered by planner) → start (868, 667) on boundary 4
Start:  (868, 667)
Finish:  (831, 732)
[GC#01] fire-line length 107 cells (198.2 min; full plan)
[DEBUG] GC#01  new path accepted (length 107, ETA 198.2 min)
Using multi-phase propagation with wind schedule.
[GC#02] updated fire after clearing batch
Using multi-phase propagation with wind schedule.
[GC#01] updated fire after clearing batch
Applied action {'FireHercAgent': (5,), 'GroundCrewAgent': (5, 6)} at t=2880 min
[SIM] Less than one full decision slice left – terminating.
Using multi-phase propagation with wind schedule.
[GC#02] updated fire after clearing batch
Using multi-phase propagation with wind schedule.
[GC#01] updated fire after clearing batch
[SIM] Finished at t=2880 min – final fire-score = 233411.00  final buildings-destroyed = 704  final buildings-breakdown = {"11":693,"12":1,"13":2,"14":1,"21":7}
Simulation complete.
[0m