
⚑ background sched
 start  end    speed      dir
     0  120   30.000    5.000
   120  240   35.000   25.000
   240  360   40.000   25.000
   360  480   50.000   15.000
   480  600   30.000    2.500
   600  720   38.000    5.000
   720  840   28.000    0.000
   840  960   30.000    0.000
   960 1080   30.000    0.000
  1080 1200   28.000    2.500
  1200 1320   28.000    5.000
  1320 1440   30.000   15.000
  1440 1560   30.000    5.000
  1560 1680   30.000    7.500
  1680 1800   30.000   10.000
  1800 1920   30.000   10.000
  1920 2040   30.000   15.000
  2040 2160   17.500    5.000
  2160 2280   12.000    5.000
  2280 2400   12.000    5.000
  2400 2520   13.000    5.000
  2520 2640    7.000    0.000
  2640 2760    6.000    5.000
  2760 2880    6.000   10.000
  2880 3000    7.000   10.000
  3000 3000    1.000    0.000

⚑ hard σ truth schedule
 start  end    speed      dir
     0  120   30.000    5.000
   120  240   35.000   25.000
   240  360   40.000   25.000
   360  480   50.000   15.000
   480  600   30.000    2.500
   600  720   38.000    5.000
   720  840   28.000    0.000
   840  960   30.000    0.000
   960 1080   30.000    0.000
  1080 1200   28.000    2.500
  1200 1320   28.000    5.000
  1320 1440   30.000   15.000
  1440 1560   30.000    5.000
  1560 1680   30.000    7.500
  1680 1800   30.000   10.000
  1800 1920   30.000   10.000
  1920 2040   30.000   15.000
  2040 2160   17.500    5.000
  2160 2280   12.000    5.000
  2280 2400   12.000    5.000
  2400 2520   13.000    5.000
  2520 2640    7.000    0.000
  2640 2760    6.000    5.000
  2760 2880    6.000   10.000
  2880 3000    7.000   10.000
  3000 3000    1.000    0.000
RUN SEED: 3204768519
Starting random allocation simulation (headless mode)...
Using multi-phase propagation with wind schedule.
WildfireModel: Bounds: BoundingBox(left=-14935.007954473422, bottom=-13304.5080370525, right=14944.992045526578, top=13335.4919629475)
Checking Mesa Space Dimensions: Width = 49880.0, Height = 46640.0
Buffered Bounds: BoundingBox(left=-24935.00795447342, bottom=-23304.5080370525, right=24944.99204552658, top=23335.4919629475)
Original CRS: EPSG:26910
Available bases: [(20000, 20000)]
Corrected position: (20000, 20000)
[GC#01] spawned at cell (444, 498) with walk_ticks=1
[GC#02] spawned at cell (444, 498) with walk_ticks=1
[forecast_provider] get_forecast() init   DT=120 min, TAPER_HR=8, ASSIM_HR=8
  SPEED_STD_MIN=1.0, SPEED_STD_MAX=5.0
  DIR_STD_MIN=20.0,   DIR_STD_MAX=60.0

[SIM] Initial forecast updated at t = 240 min
simulating in place
no completed anchors found → making NEW dynamic START

— after _record_anchor(bdy=5, role=start, cell=(476, 525), by=None) —

=== boundary_anchors (NOW) ===
b00 start  — <none>
b00 finish — <none>
b01 start  — <none>
b01 finish — <none>
b02 start  — <none>
b02 finish — <none>
b03 start  — <none>
b03 finish — <none>
b04 start  — <none>
b04 finish — <none>
b05 start  rc=(476, 525)  t=240.0  completed=False  world=(830.0, -959.5)
b05 finish — <none>
=== end ===

— end dump —


— after _record_anchor(bdy=0, role=finish, cell=(443, 564), by=None) —

=== boundary_anchors (NOW) ===
b00 start  — <none>
b00 finish rc=(443, 564)  t=240.0  completed=False  world=(2000.0, 30.5)
b01 start  — <none>
b01 finish — <none>
b02 start  — <none>
b02 finish — <none>
b03 start  — <none>
b03 finish — <none>
b04 start  — <none>
b04 finish — <none>
b05 start  rc=(476, 525)  t=240.0  completed=False  world=(830.0, -959.5)
b05 finish — <none>
=== end ===

— end dump —

[DEBUG] sector 5: start@bdy5 (476, 525)   finish@bdy0 (443, 564)
[GC#01] → sector 5  start (476, 525)  finish (443, 564)
no completed anchors found → making NEW dynamic START

— after _record_anchor(bdy=5, role=start, cell=(476, 525), by=None) —

=== boundary_anchors (NOW) ===
b00 start  — <none>
b00 finish rc=(443, 564)  t=240.0  completed=False  world=(2000.0, 30.5)
b01 start  — <none>
b01 finish — <none>
b02 start  — <none>
b02 finish — <none>
b03 start  — <none>
b03 finish — <none>
b04 start  — <none>
b04 finish — <none>
b05 start  rc=(476, 525)  t=240.0  completed=False  world=(830.0, -959.5)
b05 finish — <none>
=== end ===

— end dump —


— after _record_anchor(bdy=0, role=finish, cell=(443, 564), by=None) —

=== boundary_anchors (NOW) ===
b00 start  — <none>
b00 finish rc=(443, 564)  t=240.0  completed=False  world=(2000.0, 30.5)
b01 start  — <none>
b01 finish — <none>
b02 start  — <none>
b02 finish — <none>
b03 start  — <none>
b03 finish — <none>
b04 start  — <none>
b04 finish — <none>
b05 start  rc=(476, 525)  t=240.0  completed=False  world=(830.0, -959.5)
b05 finish — <none>
=== end ===

— end dump —

[DEBUG] sector 5: start@bdy5 (476, 525)   finish@bdy0 (443, 564)
[SYNC] first two crews not adjacent (5,5) – no sync.
[GC#02] → sector 5  start (476, 525)  finish (443, 564)
  → selected [1275.2582429   182.72568043] as drop point
Using multi-phase propagation with wind schedule.
DROP RAN
[DEBUG] AT#00  finished drop in sector 0 – notifying ground crews
[START] GC#01 using ANCHOR (unspecified source) → start (476, 525) on boundary 5
Start:  (476, 525)
Finish:  (443, 564)
[GC#01] fire-line length 73 cells (61.6 min; full plan)

— after _mark_anchor_completed(bdy=5, role=start, by=None) —

=== boundary_anchors (NOW) ===
b00 start  — <none>
b00 finish rc=(443, 564)  t=240.0  completed=False  world=(2000.0, 30.5)
b01 start  — <none>
b01 finish — <none>
b02 start  — <none>
b02 finish — <none>
b03 start  — <none>
b03 finish — <none>
b04 start  — <none>
b04 finish — <none>
b05 start  rc=(476, 525)  t=240.0  completed=True  world=(830.0, -959.5)
b05 finish — <none>
=== end ===

— end dump —


— after _mark_anchor_completed(bdy=0, role=finish, by=<groundcrew.GroundCrewAgent object at 0x000001AE1B6D7E50>) —

=== boundary_anchors (NOW) ===
b00 start  — <none>
b00 finish rc=(443, 564)  t=240.0  completed=True  world=(2000.0, 30.5)
b01 start  — <none>
b01 finish — <none>
b02 start  — <none>
b02 finish — <none>
b03 start  — <none>
b03 finish — <none>
b04 start  — <none>
b04 finish — <none>
b05 start  rc=(476, 525)  t=240.0  completed=True  world=(830.0, -959.5)
b05 finish — <none>
=== end ===

— end dump —

[START] GC#02 using ANCHOR (unspecified source) → start (476, 525) on boundary 5
Start:  (476, 525)
Finish:  (443, 564)
[GC#02] fire-line length 73 cells (61.6 min; full plan)

— after _mark_anchor_completed(bdy=5, role=start, by=None) —

=== boundary_anchors (NOW) ===
b00 start  — <none>
b00 finish rc=(443, 564)  t=240.0  completed=True  world=(2000.0, 30.5)
b01 start  — <none>
b01 finish — <none>
b02 start  — <none>
b02 finish — <none>
b03 start  — <none>
b03 finish — <none>
b04 start  — <none>
b04 finish — <none>
b05 start  rc=(476, 525)  t=240.0  completed=True  world=(830.0, -959.5)
b05 finish — <none>
=== end ===

— end dump —


— after _mark_anchor_completed(bdy=0, role=finish, by=<groundcrew.GroundCrewAgent object at 0x000001AE3E2CB750>) —

=== boundary_anchors (NOW) ===
b00 start  — <none>
b00 finish rc=(443, 564)  t=240.0  completed=True  world=(2000.0, 30.5)
b01 start  — <none>
b01 finish — <none>
b02 start  — <none>
b02 finish — <none>
b03 start  — <none>
b03 finish — <none>
b04 start  — <none>
b04 finish — <none>
b05 start  rc=(476, 525)  t=240.0  completed=True  world=(830.0, -959.5)
b05 finish — <none>
=== end ===

— end dump —

Using multi-phase propagation with wind schedule.
[GC#01] updated fire after clearing batch
Using multi-phase propagation with wind schedule.
[GC#02] updated fire after clearing batch
  → selected [1494.24757104  485.05242647] as drop point
FLUSHED
FLUSHED
Using multi-phase propagation with wind schedule.
DROP RAN
[DEBUG] AT#00  finished drop in sector 0 – notifying ground crews
Using multi-phase propagation with wind schedule.
[GC#02] updated fire after clearing batch
Using multi-phase propagation with wind schedule.
[GC#02] updated fire after clearing batch
Sector contained  5

— after _mark_anchor_completed(bdy=5, role=start, by=None) —

=== boundary_anchors (NOW) ===
b00 start  — <none>
b00 finish rc=(443, 564)  t=240.0  completed=True  world=(2000.0, 30.5)
b01 start  — <none>
b01 finish — <none>
b02 start  — <none>
b02 finish — <none>
b03 start  — <none>
b03 finish — <none>
b04 start  — <none>
b04 finish — <none>
b05 start  rc=(476, 525)  t=240.0  completed=True  world=(830.0, -959.5)
b05 finish — <none>
=== end ===

— end dump —


— after _mark_anchor_completed(bdy=0, role=finish, by=None) —

=== boundary_anchors (NOW) ===
b00 start  — <none>
b00 finish rc=(443, 564)  t=240.0  completed=True  world=(2000.0, 30.5)
b01 start  — <none>
b01 finish — <none>
b02 start  — <none>
b02 finish — <none>
b03 start  — <none>
b03 finish — <none>
b04 start  — <none>
b04 finish — <none>
b05 start  rc=(476, 525)  t=240.0  completed=True  world=(830.0, -959.5)
b05 finish — <none>
=== end ===

— end dump —

[GC#02] Sector 5 contained → Standby
Using multi-phase propagation with wind schedule.
[GC#01] updated fire after clearing batch
Sector contained  5

— after _mark_anchor_completed(bdy=5, role=start, by=None) —

=== boundary_anchors (NOW) ===
b00 start  — <none>
b00 finish rc=(443, 564)  t=240.0  completed=True  world=(2000.0, 30.5)
b01 start  — <none>
b01 finish — <none>
b02 start  — <none>
b02 finish — <none>
b03 start  — <none>
b03 finish — <none>
b04 start  — <none>
b04 finish — <none>
b05 start  rc=(476, 525)  t=240.0  completed=True  world=(830.0, -959.5)
b05 finish — <none>
=== end ===

— end dump —


— after _mark_anchor_completed(bdy=0, role=finish, by=None) —

=== boundary_anchors (NOW) ===
b00 start  — <none>
b00 finish rc=(443, 564)  t=240.0  completed=True  world=(2000.0, 30.5)
b01 start  — <none>
b01 finish — <none>
b02 start  — <none>
b02 finish — <none>
b03 start  — <none>
b03 finish — <none>
b04 start  — <none>
b04 finish — <none>
b05 start  rc=(476, 525)  t=240.0  completed=True  world=(830.0, -959.5)
b05 finish — <none>
=== end ===

— end dump —

[GC#01] Sector 5 contained → Standby
  → selected [1473.15590527  779.76969314] as drop point
Using multi-phase propagation with wind schedule.
DROP RAN
[DEBUG] AT#00  finished drop in sector 0 – notifying ground crews
[SIM] At t = 360 min, applied random action: {'FireHercAgent': (1,), 'GroundCrewAgent': (6, 6)}
simulating in place
no completed anchors found → making NEW dynamic START

— after _record_anchor(bdy=2, role=start, cell=(278, 411), by=None) —

=== boundary_anchors (NOW) ===
b00 start  — <none>
b00 finish rc=(443, 564)  t=240.0  completed=True  world=(2000.0, 30.5)
b01 start  — <none>
b01 finish — <none>
b02 start  rc=(278, 411)  t=360.0  completed=False  world=(-2590.0, 4980.5)
b02 finish — <none>
b03 start  — <none>
b03 finish — <none>
b04 start  — <none>
b04 finish — <none>
b05 start  rc=(476, 525)  t=240.0  completed=True  world=(830.0, -959.5)
b05 finish — <none>
=== end ===

— end dump —


— after _record_anchor(bdy=3, role=finish, cell=(443, 74), by=None) —

=== boundary_anchors (NOW) ===
b00 start  — <none>
b00 finish rc=(443, 564)  t=240.0  completed=True  world=(2000.0, 30.5)
b01 start  — <none>
b01 finish — <none>
b02 start  rc=(278, 411)  t=360.0  completed=False  world=(-2590.0, 4980.5)
b02 finish — <none>
b03 start  — <none>
b03 finish rc=(443, 74)  t=360.0  completed=False  world=(-12700.0, 30.5)
b04 start  — <none>
b04 finish — <none>
b05 start  rc=(476, 525)  t=240.0  completed=True  world=(830.0, -959.5)
b05 finish — <none>
=== end ===

— end dump —

[DEBUG] sector 2: start@bdy2 (278, 411)   finish@bdy3 (443, 74)
[GC#01] → sector 2  start (278, 411)  finish (443, 74)
no completed anchors found → making NEW dynamic START

— after _record_anchor(bdy=2, role=start, cell=(278, 411), by=None) —

=== boundary_anchors (NOW) ===
b00 start  — <none>
b00 finish rc=(443, 564)  t=240.0  completed=True  world=(2000.0, 30.5)
b01 start  — <none>
b01 finish — <none>
b02 start  rc=(278, 411)  t=360.0  completed=False  world=(-2590.0, 4980.5)
b02 finish — <none>
b03 start  — <none>
b03 finish rc=(443, 74)  t=360.0  completed=False  world=(-12700.0, 30.5)
b04 start  — <none>
b04 finish — <none>
b05 start  rc=(476, 525)  t=240.0  completed=True  world=(830.0, -959.5)
b05 finish — <none>
=== end ===

— end dump —


— after _record_anchor(bdy=3, role=finish, cell=(443, 74), by=None) —

=== boundary_anchors (NOW) ===
b00 start  — <none>
b00 finish rc=(443, 564)  t=240.0  completed=True  world=(2000.0, 30.5)
b01 start  — <none>
b01 finish — <none>
b02 start  rc=(278, 411)  t=360.0  completed=False  world=(-2590.0, 4980.5)
b02 finish — <none>
b03 start  — <none>
b03 finish rc=(443, 74)  t=360.0  completed=False  world=(-12700.0, 30.5)
b04 start  — <none>
b04 finish — <none>
b05 start  rc=(476, 525)  t=240.0  completed=True  world=(830.0, -959.5)
b05 finish — <none>
=== end ===

— end dump —

[DEBUG] sector 2: start@bdy2 (278, 411)   finish@bdy3 (443, 74)
[GC#02] → sector 2  start (278, 411)  finish (443, 74)
  → selected [  66.33628342 1420.50600545] as drop point
Using multi-phase propagation with wind schedule.
DROP RAN
[DEBUG] AT#00  finished drop in sector 1 – notifying ground crews
  → selected [-386.27478043 1256.43179448] as drop point
Using multi-phase propagation with wind schedule.
DROP RAN
[DEBUG] AT#00  finished drop in sector 1 – notifying ground crews
[SIM] At t = 480 min, applied random action: {'FireHercAgent': (2,), 'GroundCrewAgent': (3, 3)}
simulating in place
  → selected [-682.66039347  765.9329154 ] as drop point
Using multi-phase propagation with wind schedule.
DROP RAN
[DEBUG] AT#00  finished drop in sector 2 – notifying ground crews
[START] GC#02 using ANCHOR (unspecified source) → start (278, 411) on boundary 2
Start:  (278, 411)
Finish:  (443, 74)
[GC#02] fire-line length 891 cells (449.2 min; full plan)

— after _mark_anchor_completed(bdy=2, role=start, by=None) —

=== boundary_anchors (NOW) ===
b00 start  — <none>
b00 finish rc=(443, 564)  t=240.0  completed=True  world=(2000.0, 30.5)
b01 start  — <none>
b01 finish — <none>
b02 start  rc=(278, 411)  t=360.0  completed=True  world=(-2590.0, 4980.5)
b02 finish — <none>
b03 start  — <none>
b03 finish rc=(443, 74)  t=360.0  completed=False  world=(-12700.0, 30.5)
b04 start  — <none>
b04 finish — <none>
b05 start  rc=(476, 525)  t=240.0  completed=True  world=(830.0, -959.5)
b05 finish — <none>
=== end ===

— end dump —


— after _mark_anchor_completed(bdy=3, role=finish, by=<groundcrew.GroundCrewAgent object at 0x000001AE3E2CB750>) —

=== boundary_anchors (NOW) ===
b00 start  — <none>
b00 finish rc=(443, 564)  t=240.0  completed=True  world=(2000.0, 30.5)
b01 start  — <none>
b01 finish — <none>
b02 start  rc=(278, 411)  t=360.0  completed=True  world=(-2590.0, 4980.5)
b02 finish — <none>
b03 start  — <none>
b03 finish rc=(443, 74)  t=360.0  completed=True  world=(-12700.0, 30.5)
b04 start  — <none>
b04 finish — <none>
b05 start  rc=(476, 525)  t=240.0  completed=True  world=(830.0, -959.5)
b05 finish — <none>
=== end ===

— end dump —

[START] GC#01 using ANCHOR (unspecified source) → start (278, 411) on boundary 2
Start:  (278, 411)
Finish:  (443, 74)
[GC#01] fire-line length 891 cells (449.2 min; full plan)

— after _mark_anchor_completed(bdy=2, role=start, by=None) —

=== boundary_anchors (NOW) ===
b00 start  — <none>
b00 finish rc=(443, 564)  t=240.0  completed=True  world=(2000.0, 30.5)
b01 start  — <none>
b01 finish — <none>
b02 start  rc=(278, 411)  t=360.0  completed=True  world=(-2590.0, 4980.5)
b02 finish — <none>
b03 start  — <none>
b03 finish rc=(443, 74)  t=360.0  completed=True  world=(-12700.0, 30.5)
b04 start  — <none>
b04 finish — <none>
b05 start  rc=(476, 525)  t=240.0  completed=True  world=(830.0, -959.5)
b05 finish — <none>
=== end ===

— end dump —


— after _mark_anchor_completed(bdy=3, role=finish, by=<groundcrew.GroundCrewAgent object at 0x000001AE1B6D7E50>) —

=== boundary_anchors (NOW) ===
b00 start  — <none>
b00 finish rc=(443, 564)  t=240.0  completed=True  world=(2000.0, 30.5)
b01 start  — <none>
b01 finish — <none>
b02 start  rc=(278, 411)  t=360.0  completed=True  world=(-2590.0, 4980.5)
b02 finish — <none>
b03 start  — <none>
b03 finish rc=(443, 74)  t=360.0  completed=True  world=(-12700.0, 30.5)
b04 start  — <none>
b04 finish — <none>
b05 start  rc=(476, 525)  t=240.0  completed=True  world=(830.0, -959.5)
b05 finish — <none>
=== end ===

— end dump —

  → selected [-1379.53653405   736.23192202] as drop point
FLUSHED
FLUSHED
Using multi-phase propagation with wind schedule.
DROP RAN
[DEBUG] AT#00  finished drop in sector 2 – notifying ground crews
[DEBUG] GC#01  attempting re-plan… remaining path = 891 cells
[DEBUG] GC#01 start@(278, 411)  raw_arr=inf  now=531.0  mtt=nan  within_buffer=False
[START] GC#01 using ANCHOR (unspecified source) → start (278, 411) on boundary 2
Start:  (278, 411)
Finish:  (443, 74)
[GC#01] fire-line length 891 cells (435.5 min; full plan)
[DEBUG] GC#01  new path accepted (length 891, ETA 435.5 min)
[DEBUG] GC#02  attempting re-plan… remaining path = 891 cells
[DEBUG] GC#02 start@(278, 411)  raw_arr=inf  now=531.0  mtt=nan  within_buffer=False
[START] GC#02 using ANCHOR (unspecified source) → start (278, 411) on boundary 2
Start:  (278, 411)
Finish:  (443, 74)
[GC#02] fire-line length 891 cells (435.5 min; full plan)
[DEBUG] GC#02  new path accepted (length 891, ETA 435.5 min)
  → selected [-1842.48907123   977.22975885] as drop point
FLUSHED
FLUSHED
Using multi-phase propagation with wind schedule.
DROP RAN
[DEBUG] AT#00  finished drop in sector 2 – notifying ground crews
[DEBUG] GC#01  attempting re-plan… remaining path = 891 cells
[DEBUG] GC#01 start@(275, 400)  raw_arr=inf  now=577.0  mtt=nan  within_buffer=False
[START] GC#01 using NEW (buffered by planner) → start (275, 400) on boundary 2
Start:  (275, 400)
Finish:  (443, 74)
[GC#01] fire-line length 883 cells (382.5 min; full plan)
[DEBUG] GC#01  new path accepted (length 883, ETA 382.5 min)
[DEBUG] GC#02  attempting re-plan… remaining path = 891 cells
[DEBUG] GC#02 start@(275, 400)  raw_arr=inf  now=577.0  mtt=nan  within_buffer=False
[START] GC#02 using NEW (buffered by planner) → start (275, 400) on boundary 2
Start:  (275, 400)
Finish:  (443, 74)
[GC#02] fire-line length 883 cells (382.5 min; full plan)
[DEBUG] GC#02  new path accepted (length 883, ETA 382.5 min)
[SIM] At t = 600 min, applied random action: {'FireHercAgent': (3,), 'GroundCrewAgent': (4, 5)}
simulating in place
Using multi-phase propagation with wind schedule.
[GC#01] updated fire after clearing batch
Using multi-phase propagation with wind schedule.
[GC#02] updated fire after clearing batch
  → selected [-1204.5894466   3851.79433641] as drop point
FLUSHED
FLUSHED
Using multi-phase propagation with wind schedule.
DROP RAN
[DEBUG] AT#00  finished drop in sector 1 – notifying ground crews
Using multi-phase propagation with wind schedule.
[GC#02] updated fire after clearing batch
Using multi-phase propagation with wind schedule.
[GC#01] updated fire after clearing batch
Using multi-phase propagation with wind schedule.
[GC#02] updated fire after clearing batch
Using multi-phase propagation with wind schedule.
[GC#01] updated fire after clearing batch
Using multi-phase propagation with wind schedule.
[GC#01] updated fire after clearing batch
Using multi-phase propagation with wind schedule.
[GC#02] updated fire after clearing batch
Using multi-phase propagation with wind schedule.
[GC#02] updated fire after clearing batch
Using multi-phase propagation with wind schedule.
[GC#01] updated fire after clearing batch
  → selected [-1959.25622478  3788.77778313] as drop point
FLUSHED
FLUSHED
Using multi-phase propagation with wind schedule.
DROP RAN
[DEBUG] AT#00  finished drop in sector 1 – notifying ground crews
Using multi-phase propagation with wind schedule.
[GC#01] updated fire after clearing batch
Using multi-phase propagation with wind schedule.
[GC#02] updated fire after clearing batch
Using multi-phase propagation with wind schedule.
[GC#02] updated fire after clearing batch
Using multi-phase propagation with wind schedule.
[GC#01] updated fire after clearing batch
  → selected [-1860.28040317  4518.6580061 ] as drop point
FLUSHED
Using multi-phase propagation with wind schedule.
DROP RAN
[DEBUG] AT#00  finished drop in sector 1 – notifying ground crews
[SIM] At t = 720 min, applied random action: {'FireHercAgent': (2,), 'GroundCrewAgent': (3, 3)}
simulating in place
Using multi-phase propagation with wind schedule.
[GC#02] updated fire after clearing batch
Using multi-phase propagation with wind schedule.
[GC#02] updated fire after clearing batch
Using multi-phase propagation with wind schedule.
[GC#02] updated fire after clearing batch
Using multi-phase propagation with wind schedule.
[GC#01] updated fire after clearing batch
Using multi-phase propagation with wind schedule.
[GC#02] updated fire after clearing batch
Using multi-phase propagation with wind schedule.
[GC#01] updated fire after clearing batch
Using multi-phase propagation with wind schedule.
[GC#02] updated fire after clearing batch
  → selected [2732.66965297  134.58493924] as drop point
FLUSHED
FLUSHED
Using multi-phase propagation with wind schedule.
DROP RAN
[DEBUG] AT#00  finished drop in sector 0 – notifying ground crews
Using multi-phase propagation with wind schedule.
[GC#01] updated fire after clearing batch
Using multi-phase propagation with wind schedule.
[GC#01] updated fire after clearing batch
Using multi-phase propagation with wind schedule.
[GC#02] updated fire after clearing batch
Using multi-phase propagation with wind schedule.
[GC#01] updated fire after clearing batch
  → selected [2871.69509078  392.9005787 ] as drop point
FLUSHED
FLUSHED
Using multi-phase propagation with wind schedule.
DROP RAN
[DEBUG] AT#00  finished drop in sector 0 – notifying ground crews
Using multi-phase propagation with wind schedule.
[GC#01] updated fire after clearing batch
Using multi-phase propagation with wind schedule.
[GC#02] updated fire after clearing batch
Using multi-phase propagation with wind schedule.
[GC#02] updated fire after clearing batch
Using multi-phase propagation with wind schedule.
[GC#01] updated fire after clearing batch
Using multi-phase propagation with wind schedule.
[GC#02] updated fire after clearing batch
[SIM] At t = 840 min, applied random action: {'FireHercAgent': (1,), 'GroundCrewAgent': (1, 4)}
simulating in place
Using multi-phase propagation with wind schedule.
[GC#01] updated fire after clearing batch
  → selected [-3238.11695926  6245.44639696] as drop point
FLUSHED
FLUSHED
Using multi-phase propagation with wind schedule.
DROP RAN
[DEBUG] AT#00  finished drop in sector 1 – notifying ground crews
Using multi-phase propagation with wind schedule.
[GC#02] updated fire after clearing batch
Using multi-phase propagation with wind schedule.
[GC#01] updated fire after clearing batch
Using multi-phase propagation with wind schedule.
[GC#02] updated fire after clearing batch
Using multi-phase propagation with wind schedule.
[GC#01] updated fire after clearing batch
Using multi-phase propagation with wind schedule.
[GC#02] updated fire after clearing batch
Using multi-phase propagation with wind schedule.
[GC#01] updated fire after clearing batch
  → selected [-1269.42391872  5764.01089008] as drop point
FLUSHED
FLUSHED
Using multi-phase propagation with wind schedule.
DROP RAN
[DEBUG] AT#00  finished drop in sector 1 – notifying ground crews
Using multi-phase propagation with wind schedule.
[GC#01] updated fire after clearing batch
Using multi-phase propagation with wind schedule.
[GC#02] updated fire after clearing batch
Using multi-phase propagation with wind schedule.
[GC#01] updated fire after clearing batch
Using multi-phase propagation with wind schedule.
[GC#01] updated fire after clearing batch
Using multi-phase propagation with wind schedule.
[GC#01] updated fire after clearing batch
Using multi-phase propagation with wind schedule.
[GC#02] updated fire after clearing batch
Using multi-phase propagation with wind schedule.
[GC#02] updated fire after clearing batch
Using multi-phase propagation with wind schedule.
[GC#02] updated fire after clearing batch
  → selected [-1326.91555251  6023.33889149] as drop point
FLUSHED
Using multi-phase propagation with wind schedule.
DROP RAN
[DEBUG] AT#00  finished drop in sector 1 – notifying ground crews
Using multi-phase propagation with wind schedule.
[GC#02] updated fire after clearing batch
Using multi-phase propagation with wind schedule.
[GC#02] updated fire after clearing batch
Using multi-phase propagation with wind schedule.
[GC#02] updated fire after clearing batch
Using multi-phase propagation with wind schedule.
[GC#01] updated fire after clearing batch
Using multi-phase propagation with wind schedule.
[GC#02] updated fire after clearing batch
[SIM] At t = 960 min, applied random action: {'FireHercAgent': (2,), 'GroundCrewAgent': (5, 3)}
simulating in place
Using multi-phase propagation with wind schedule.
[GC#02] updated fire after clearing batch
Sector contained  2

— after _mark_anchor_completed(bdy=2, role=start, by=None) —

=== boundary_anchors (NOW) ===
b00 start  — <none>
b00 finish rc=(443, 564)  t=240.0  completed=True  world=(2000.0, 30.5)
b01 start  — <none>
b01 finish — <none>
b02 start  rc=(278, 411)  t=360.0  completed=True  world=(-2590.0, 4980.5)
b02 finish — <none>
b03 start  — <none>
b03 finish rc=(443, 74)  t=360.0  completed=True  world=(-12700.0, 30.5)
b04 start  — <none>
b04 finish — <none>
b05 start  rc=(476, 525)  t=240.0  completed=True  world=(830.0, -959.5)
b05 finish — <none>
=== end ===

— end dump —


— after _mark_anchor_completed(bdy=3, role=finish, by=None) —

=== boundary_anchors (NOW) ===
b00 start  — <none>
b00 finish rc=(443, 564)  t=240.0  completed=True  world=(2000.0, 30.5)
b01 start  — <none>
b01 finish — <none>
b02 start  rc=(278, 411)  t=360.0  completed=True  world=(-2590.0, 4980.5)
b02 finish — <none>
b03 start  — <none>
b03 finish rc=(443, 74)  t=360.0  completed=True  world=(-12700.0, 30.5)
b04 start  — <none>
b04 finish — <none>
b05 start  rc=(476, 525)  t=240.0  completed=True  world=(830.0, -959.5)
b05 finish — <none>
=== end ===

— end dump —

[GC#02] Sector 2 contained → Standby
Using multi-phase propagation with wind schedule.
[GC#01] updated fire after clearing batch
Sector contained  2

— after _mark_anchor_completed(bdy=2, role=start, by=None) —

=== boundary_anchors (NOW) ===
b00 start  — <none>
b00 finish rc=(443, 564)  t=240.0  completed=True  world=(2000.0, 30.5)
b01 start  — <none>
b01 finish — <none>
b02 start  rc=(278, 411)  t=360.0  completed=True  world=(-2590.0, 4980.5)
b02 finish — <none>
b03 start  — <none>
b03 finish rc=(443, 74)  t=360.0  completed=True  world=(-12700.0, 30.5)
b04 start  — <none>
b04 finish — <none>
b05 start  rc=(476, 525)  t=240.0  completed=True  world=(830.0, -959.5)
b05 finish — <none>
=== end ===

— end dump —


— after _mark_anchor_completed(bdy=3, role=finish, by=None) —

=== boundary_anchors (NOW) ===
b00 start  — <none>
b00 finish rc=(443, 564)  t=240.0  completed=True  world=(2000.0, 30.5)
b01 start  — <none>
b01 finish — <none>
b02 start  rc=(278, 411)  t=360.0  completed=True  world=(-2590.0, 4980.5)
b02 finish — <none>
b03 start  — <none>
b03 finish rc=(443, 74)  t=360.0  completed=True  world=(-12700.0, 30.5)
b04 start  — <none>
b04 finish — <none>
b05 start  rc=(476, 525)  t=240.0  completed=True  world=(830.0, -959.5)
b05 finish — <none>
=== end ===

— end dump —

[GC#01] Sector 2 contained → Standby
  → selected [-6064.7917916   1361.13064304] as drop point
Using multi-phase propagation with wind schedule.
DROP RAN
[DEBUG] AT#00  finished drop in sector 2 – notifying ground crews
  → selected [-6178.89101798  2576.94019598] as drop point
Using multi-phase propagation with wind schedule.
DROP RAN
[DEBUG] AT#00  finished drop in sector 2 – notifying ground crews
[SIM] At t = 1080 min, applied random action: {'FireHercAgent': (3,), 'GroundCrewAgent': (5, 2)}
simulating in place

— after _record_anchor(bdy=2, role=start, cell=(278, 411), by=None) —

=== boundary_anchors (NOW) ===
b00 start  — <none>
b00 finish rc=(443, 564)  t=240.0  completed=True  world=(2000.0, 30.5)
b01 start  — <none>
b01 finish — <none>
b02 start  rc=(278, 411)  t=1080.0  completed=False  world=(-2590.0, 4980.5)
b02 finish — <none>
b03 start  — <none>
b03 finish rc=(443, 74)  t=360.0  completed=True  world=(-12700.0, 30.5)
b04 start  — <none>
b04 finish — <none>
b05 start  rc=(476, 525)  t=240.0  completed=True  world=(830.0, -959.5)
b05 finish — <none>
=== end ===

— end dump —


— after _record_anchor(bdy=1, role=finish, cell=(186, 655), by=None) —

=== boundary_anchors (NOW) ===
b00 start  — <none>
b00 finish rc=(443, 564)  t=240.0  completed=True  world=(2000.0, 30.5)
b01 start  — <none>
b01 finish rc=(186, 655)  t=1080.0  completed=False  world=(4730.0, 7740.5)
b02 start  rc=(278, 411)  t=1080.0  completed=False  world=(-2590.0, 4980.5)
b02 finish — <none>
b03 start  — <none>
b03 finish rc=(443, 74)  t=360.0  completed=True  world=(-12700.0, 30.5)
b04 start  — <none>
b04 finish — <none>
b05 start  rc=(476, 525)  t=240.0  completed=True  world=(830.0, -959.5)
b05 finish — <none>
=== end ===

— end dump —

[DEBUG] sector 1: start@bdy2 (278, 411)   finish@bdy1 (186, 655)
[GC#01] → sector 1  start (278, 411)  finish (186, 655)
no completed anchors found → making NEW dynamic START

— after _record_anchor(bdy=1, role=start, cell=(205, 643), by=None) —

=== boundary_anchors (NOW) ===
b00 start  — <none>
b00 finish rc=(443, 564)  t=240.0  completed=True  world=(2000.0, 30.5)
b01 start  rc=(205, 643)  t=1080.0  completed=False  world=(4370.0, 7170.5)
b01 finish rc=(186, 655)  t=1080.0  completed=False  world=(4730.0, 7740.5)
b02 start  rc=(278, 411)  t=1080.0  completed=False  world=(-2590.0, 4980.5)
b02 finish — <none>
b03 start  — <none>
b03 finish rc=(443, 74)  t=360.0  completed=True  world=(-12700.0, 30.5)
b04 start  — <none>
b04 finish — <none>
b05 start  rc=(476, 525)  t=240.0  completed=True  world=(830.0, -959.5)
b05 finish — <none>
=== end ===

— end dump —


— after _record_anchor(bdy=2, role=finish, cell=(123, 322), by=None) —

=== boundary_anchors (NOW) ===
b00 start  — <none>
b00 finish rc=(443, 564)  t=240.0  completed=True  world=(2000.0, 30.5)
b01 start  rc=(205, 643)  t=1080.0  completed=False  world=(4370.0, 7170.5)
b01 finish rc=(186, 655)  t=1080.0  completed=False  world=(4730.0, 7740.5)
b02 start  rc=(278, 411)  t=1080.0  completed=False  world=(-2590.0, 4980.5)
b02 finish rc=(123, 322)  t=1080.0  completed=False  world=(-5260.0, 9630.5)
b03 start  — <none>
b03 finish rc=(443, 74)  t=360.0  completed=True  world=(-12700.0, 30.5)
b04 start  — <none>
b04 finish — <none>
b05 start  rc=(476, 525)  t=240.0  completed=True  world=(830.0, -959.5)
b05 finish — <none>
=== end ===

— end dump —

[DEBUG] sector 1: start@bdy1 (205, 643)   finish@bdy2 (123, 322)
[GC#02] → sector 1  start (205, 643)  finish (123, 322)
  → selected [-241.21608788 5654.58532666] as drop point
Using multi-phase propagation with wind schedule.
DROP RAN
[DEBUG] AT#00  finished drop in sector 1 – notifying ground crews
  → selected [-812.42470497 6224.38860734] as drop point
Using multi-phase propagation with wind schedule.
DROP RAN
[DEBUG] AT#00  finished drop in sector 1 – notifying ground crews
  → selected [-262.70065831 6146.66289066] as drop point
Using multi-phase propagation with wind schedule.
DROP RAN
[DEBUG] AT#00  finished drop in sector 1 – notifying ground crews
[SIM] At t = 1200 min, applied random action: {'FireHercAgent': (2,), 'GroundCrewAgent': (2, 2)}
simulating in place
  → selected [-5375.88676645  -692.91417186] as drop point
Using multi-phase propagation with wind schedule.
DROP RAN
[DEBUG] AT#00  finished drop in sector 3 – notifying ground crews
  → selected [-5849.95705808  -240.1406356 ] as drop point
Using multi-phase propagation with wind schedule.
DROP RAN
[DEBUG] AT#00  finished drop in sector 3 – notifying ground crews
[SIM] At t = 1320 min, applied random action: {'FireHercAgent': (4,), 'GroundCrewAgent': (2, 5)}
simulating in place
  → selected [-3786.25646665  7298.41259375] as drop point
Using multi-phase propagation with wind schedule.
DROP RAN
[DEBUG] AT#00  finished drop in sector 1 – notifying ground crews
  → selected [2478.60482785 4767.25790684] as drop point
Using multi-phase propagation with wind schedule.
DROP RAN
[DEBUG] AT#00  finished drop in sector 1 – notifying ground crews
[START] GC#01 using ANCHOR (unspecified source) → start (278, 411) on boundary 2
Start:  (278, 411)
Finish:  (186, 655)
[GC#01] fire-line length 723 cells (146.0 min; full plan)

— after _mark_anchor_completed(bdy=2, role=start, by=None) —

=== boundary_anchors (NOW) ===
b00 start  — <none>
b00 finish rc=(443, 564)  t=240.0  completed=True  world=(2000.0, 30.5)
b01 start  rc=(205, 643)  t=1080.0  completed=False  world=(4370.0, 7170.5)
b01 finish rc=(186, 655)  t=1080.0  completed=False  world=(4730.0, 7740.5)
b02 start  rc=(278, 411)  t=1080.0  completed=True  world=(-2590.0, 4980.5)
b02 finish rc=(123, 322)  t=1080.0  completed=False  world=(-5260.0, 9630.5)
b03 start  — <none>
b03 finish rc=(443, 74)  t=360.0  completed=True  world=(-12700.0, 30.5)
b04 start  — <none>
b04 finish — <none>
b05 start  rc=(476, 525)  t=240.0  completed=True  world=(830.0, -959.5)
b05 finish — <none>
=== end ===

— end dump —


— after _mark_anchor_completed(bdy=1, role=finish, by=<groundcrew.GroundCrewAgent object at 0x000001AE1B6D7E50>) —

=== boundary_anchors (NOW) ===
b00 start  — <none>
b00 finish rc=(443, 564)  t=240.0  completed=True  world=(2000.0, 30.5)
b01 start  rc=(205, 643)  t=1080.0  completed=False  world=(4370.0, 7170.5)
b01 finish rc=(186, 655)  t=1080.0  completed=True  world=(4730.0, 7740.5)
b02 start  rc=(278, 411)  t=1080.0  completed=True  world=(-2590.0, 4980.5)
b02 finish rc=(123, 322)  t=1080.0  completed=False  world=(-5260.0, 9630.5)
b03 start  — <none>
b03 finish rc=(443, 74)  t=360.0  completed=True  world=(-12700.0, 30.5)
b04 start  — <none>
b04 finish — <none>
b05 start  rc=(476, 525)  t=240.0  completed=True  world=(830.0, -959.5)
b05 finish — <none>
=== end ===

— end dump —

  → selected [2162.36787826 5223.85795748] as drop point
Using multi-phase propagation with wind schedule.
DROP RAN
[DEBUG] AT#00  finished drop in sector 1 – notifying ground crews
[DEBUG] GC#01  attempting re-plan… remaining path = 723 cells
[DEBUG] GC#01 start@(278, 411)  raw_arr=inf  now=1417.0  mtt=nan  within_buffer=False
[START] GC#01 using ANCHOR (unspecified source) → start (278, 411) on boundary 2
Start:  (278, 411)
Finish:  (186, 655)
[GC#01] fire-line length 723 cells (146.0 min; full plan)
[DEBUG] GC#01  new path accepted (length 723, ETA 146.0 min)
Using multi-phase propagation with wind schedule.
[GC#01] updated fire after clearing batch
Using multi-phase propagation with wind schedule.
[GC#01] updated fire after clearing batch
Using multi-phase propagation with wind schedule.
[GC#01] updated fire after clearing batch
Using multi-phase propagation with wind schedule.
[GC#01] updated fire after clearing batch
[SIM] At t = 1440 min, applied random action: {'FireHercAgent': (2,), 'GroundCrewAgent': (5, 2)}
simulating in place
Using multi-phase propagation with wind schedule.
[GC#01] updated fire after clearing batch
  → selected [1363.36438914 6142.71364442] as drop point
FLUSHED
Using multi-phase propagation with wind schedule.
DROP RAN
[DEBUG] AT#00  finished drop in sector 1 – notifying ground crews
[DEBUG] GC#01  attempting re-plan… remaining path = 723 cells
[DEBUG] GC#01 start@(151, 334)  raw_arr=inf  now=1463.0  mtt=nan  within_buffer=False
[START] GC#01 using NEW (buffered by planner) → start (151, 334) on boundary 2
Start:  (151, 334)
Finish:  (186, 655)
[GC#01] fire-line length 487 cells (98.9 min; full plan)
[DEBUG] GC#01  new path accepted (length 487, ETA 98.9 min)
Using multi-phase propagation with wind schedule.
[GC#01] updated fire after clearing batch
Using multi-phase propagation with wind schedule.
[GC#01] updated fire after clearing batch
Using multi-phase propagation with wind schedule.
[GC#01] updated fire after clearing batch
  → selected [1479.38619696 6666.05419955] as drop point
FLUSHED
Using multi-phase propagation with wind schedule.
DROP RAN
[DEBUG] AT#00  finished drop in sector 1 – notifying ground crews
[DEBUG] GC#01  attempting re-plan… remaining path = 487 cells
[DEBUG] GC#01 start@(134, 397)  raw_arr=inf  now=1509.0  mtt=nan  within_buffer=False
[START] GC#01 using NEW (buffered by planner) → start (134, 397) on boundary 2
Start:  (134, 397)
Finish:  (186, 655)
[GC#01] fire-line length 401 cells (51.8 min; full plan)
[DEBUG] GC#01  new path accepted (length 401, ETA 51.8 min)
Using multi-phase propagation with wind schedule.
[GC#01] updated fire after clearing batch
Using multi-phase propagation with wind schedule.
[GC#01] updated fire after clearing batch
Using multi-phase propagation with wind schedule.
[GC#01] updated fire after clearing batch
Using multi-phase propagation with wind schedule.
[GC#01] updated fire after clearing batch
Using multi-phase propagation with wind schedule.
[GC#01] updated fire after clearing batch
Using multi-phase propagation with wind schedule.
[GC#01] updated fire after clearing batch
Using multi-phase propagation with wind schedule.
[GC#01] updated fire after clearing batch
Using multi-phase propagation with wind schedule.
[GC#01] updated fire after clearing batch
Using multi-phase propagation with wind schedule.
[GC#01] updated fire after clearing batch
Using multi-phase propagation with wind schedule.
[GC#01] updated fire after clearing batch
Using multi-phase propagation with wind schedule.
[GC#01] updated fire after clearing batch
Using multi-phase propagation with wind schedule.
[GC#01] updated fire after clearing batch
Using multi-phase propagation with wind schedule.
[GC#01] updated fire after clearing batch
Using multi-phase propagation with wind schedule.
[GC#01] updated fire after clearing batch
Using multi-phase propagation with wind schedule.
[GC#01] updated fire after clearing batch
Using multi-phase propagation with wind schedule.
[GC#01] updated fire after clearing batch
  → selected [1600.4173237  7211.99033215] as drop point
FLUSHED
Using multi-phase propagation with wind schedule.
DROP RAN
[DEBUG] AT#00  finished drop in sector 1 – notifying ground crews
[DEBUG] GC#01  attempting re-plan… remaining path = 401 cells
[DEBUG] GC#01 start@(183, 655)  raw_arr=inf  now=1555.0  mtt=nan  within_buffer=False
[START] GC#01 using NEW (buffered by planner) → start (183, 655) on boundary 2
Start:  (183, 655)
Finish:  (186, 655)
[GC#01] fire-line length 4 cells (4.7 min; full plan)
[DEBUG] GC#01  new path accepted (length 4, ETA 4.7 min)
[SIM] At t = 1560 min, applied random action: {'FireHercAgent': (2,), 'GroundCrewAgent': (1, 2)}
simulating in place
Using multi-phase propagation with wind schedule.
[GC#01] updated fire after clearing batch
Sector contained  1

— after _mark_anchor_completed(bdy=2, role=start, by=None) —

=== boundary_anchors (NOW) ===
b00 start  — <none>
b00 finish rc=(443, 564)  t=240.0  completed=True  world=(2000.0, 30.5)
b01 start  rc=(205, 643)  t=1080.0  completed=False  world=(4370.0, 7170.5)
b01 finish rc=(186, 655)  t=1080.0  completed=True  world=(4730.0, 7740.5)
b02 start  rc=(278, 411)  t=1080.0  completed=True  world=(-2590.0, 4980.5)
b02 finish rc=(123, 322)  t=1080.0  completed=False  world=(-5260.0, 9630.5)
b03 start  — <none>
b03 finish rc=(443, 74)  t=360.0  completed=True  world=(-12700.0, 30.5)
b04 start  — <none>
b04 finish — <none>
b05 start  rc=(476, 525)  t=240.0  completed=True  world=(830.0, -959.5)
b05 finish — <none>
=== end ===

— end dump —


— after _mark_anchor_completed(bdy=1, role=finish, by=None) —

=== boundary_anchors (NOW) ===
b00 start  — <none>
b00 finish rc=(443, 564)  t=240.0  completed=True  world=(2000.0, 30.5)
b01 start  rc=(205, 643)  t=1080.0  completed=False  world=(4370.0, 7170.5)
b01 finish rc=(186, 655)  t=1080.0  completed=True  world=(4730.0, 7740.5)
b02 start  rc=(278, 411)  t=1080.0  completed=True  world=(-2590.0, 4980.5)
b02 finish rc=(123, 322)  t=1080.0  completed=False  world=(-5260.0, 9630.5)
b03 start  — <none>
b03 finish rc=(443, 74)  t=360.0  completed=True  world=(-12700.0, 30.5)
b04 start  — <none>
b04 finish — <none>
b05 start  rc=(476, 525)  t=240.0  completed=True  world=(830.0, -959.5)
b05 finish — <none>
=== end ===

— end dump —

[GC#01] Sector 1 contained → Standby
  → selected [1003.38998118 7599.07718883] as drop point
Using multi-phase propagation with wind schedule.
DROP RAN
[DEBUG] AT#00  finished drop in sector 1 – notifying ground crews
  → selected [2823.85688766 6820.83369532] as drop point
Using multi-phase propagation with wind schedule.
DROP RAN
[DEBUG] AT#00  finished drop in sector 1 – notifying ground crews
[START] GC#02 using ANCHOR (unspecified source) → start (205, 643) on boundary 1
Start:  (205, 643)
Finish:  (123, 322)
[GC#02] fire-line length 482 cells (155.4 min; full plan)

— after _mark_anchor_completed(bdy=1, role=start, by=None) —

=== boundary_anchors (NOW) ===
b00 start  — <none>
b00 finish rc=(443, 564)  t=240.0  completed=True  world=(2000.0, 30.5)
b01 start  rc=(205, 643)  t=1080.0  completed=True  world=(4370.0, 7170.5)
b01 finish rc=(186, 655)  t=1080.0  completed=True  world=(4730.0, 7740.5)
b02 start  rc=(278, 411)  t=1080.0  completed=True  world=(-2590.0, 4980.5)
b02 finish rc=(123, 322)  t=1080.0  completed=False  world=(-5260.0, 9630.5)
b03 start  — <none>
b03 finish rc=(443, 74)  t=360.0  completed=True  world=(-12700.0, 30.5)
b04 start  — <none>
b04 finish — <none>
b05 start  rc=(476, 525)  t=240.0  completed=True  world=(830.0, -959.5)
b05 finish — <none>
=== end ===

— end dump —


— after _mark_anchor_completed(bdy=2, role=finish, by=<groundcrew.GroundCrewAgent object at 0x000001AE3E2CB750>) —

=== boundary_anchors (NOW) ===
b00 start  — <none>
b00 finish rc=(443, 564)  t=240.0  completed=True  world=(2000.0, 30.5)
b01 start  rc=(205, 643)  t=1080.0  completed=True  world=(4370.0, 7170.5)
b01 finish rc=(186, 655)  t=1080.0  completed=True  world=(4730.0, 7740.5)
b02 start  rc=(278, 411)  t=1080.0  completed=True  world=(-2590.0, 4980.5)
b02 finish rc=(123, 322)  t=1080.0  completed=True  world=(-5260.0, 9630.5)
b03 start  — <none>
b03 finish rc=(443, 74)  t=360.0  completed=True  world=(-12700.0, 30.5)
b04 start  — <none>
b04 finish — <none>
b05 start  rc=(476, 525)  t=240.0  completed=True  world=(830.0, -959.5)
b05 finish — <none>
=== end ===

— end dump —

[SIM] At t = 1680 min, applied random action: {'FireHercAgent': (2,), 'GroundCrewAgent': (2, 4)}
simulating in place

— after _record_anchor(bdy=5, role=start, cell=(476, 525), by=None) —

=== boundary_anchors (NOW) ===
b00 start  — <none>
b00 finish rc=(443, 564)  t=240.0  completed=True  world=(2000.0, 30.5)
b01 start  rc=(205, 643)  t=1080.0  completed=True  world=(4370.0, 7170.5)
b01 finish rc=(186, 655)  t=1080.0  completed=True  world=(4730.0, 7740.5)
b02 start  rc=(278, 411)  t=1080.0  completed=True  world=(-2590.0, 4980.5)
b02 finish rc=(123, 322)  t=1080.0  completed=True  world=(-5260.0, 9630.5)
b03 start  — <none>
b03 finish rc=(443, 74)  t=360.0  completed=True  world=(-12700.0, 30.5)
b04 start  — <none>
b04 finish — <none>
b05 start  rc=(476, 525)  t=1680.0  completed=False  world=(830.0, -959.5)
b05 finish — <none>
=== end ===

— end dump —


— after _record_anchor(bdy=4, role=finish, cell=(772, 316), by=None) —

=== boundary_anchors (NOW) ===
b00 start  — <none>
b00 finish rc=(443, 564)  t=240.0  completed=True  world=(2000.0, 30.5)
b01 start  rc=(205, 643)  t=1080.0  completed=True  world=(4370.0, 7170.5)
b01 finish rc=(186, 655)  t=1080.0  completed=True  world=(4730.0, 7740.5)
b02 start  rc=(278, 411)  t=1080.0  completed=True  world=(-2590.0, 4980.5)
b02 finish rc=(123, 322)  t=1080.0  completed=True  world=(-5260.0, 9630.5)
b03 start  — <none>
b03 finish rc=(443, 74)  t=360.0  completed=True  world=(-12700.0, 30.5)
b04 start  — <none>
b04 finish rc=(772, 316)  t=1680.0  completed=False  world=(-5440.0, -9839.5)
b05 start  rc=(476, 525)  t=1680.0  completed=False  world=(830.0, -959.5)
b05 finish — <none>
=== end ===

— end dump —

[DEBUG] sector 4: start@bdy5 (476, 525)   finish@bdy4 (772, 316)
[GC#01] → sector 4  start (476, 525)  finish (772, 316)
  → selected [-6365.20329345 -5821.71661074] as drop point
FLUSHED
Using multi-phase propagation with wind schedule.
DROP RAN
[DEBUG] AT#00  finished drop in sector 3 – notifying ground crews
  → selected [-5804.78832641 -6324.77074629] as drop point
FLUSHED
Using multi-phase propagation with wind schedule.
DROP RAN
[DEBUG] AT#00  finished drop in sector 3 – notifying ground crews
Using multi-phase propagation with wind schedule.
[GC#02] updated fire after clearing batch
Using multi-phase propagation with wind schedule.
[GC#02] updated fire after clearing batch
Using multi-phase propagation with wind schedule.
[GC#02] updated fire after clearing batch
Using multi-phase propagation with wind schedule.
[GC#02] updated fire after clearing batch
Using multi-phase propagation with wind schedule.
[GC#02] updated fire after clearing batch
Using multi-phase propagation with wind schedule.
[GC#02] updated fire after clearing batch
Using multi-phase propagation with wind schedule.
[GC#02] updated fire after clearing batch
  → selected [-5271.65979107 -6861.17459415] as drop point
FLUSHED
Using multi-phase propagation with wind schedule.
DROP RAN
[DEBUG] AT#00  finished drop in sector 3 – notifying ground crews
[SIM] At t = 1800 min, applied random action: {'FireHercAgent': (4,), 'GroundCrewAgent': (5, 5)}
simulating in place
Using multi-phase propagation with wind schedule.
[GC#02] updated fire after clearing batch
Sector contained  1

— after _mark_anchor_completed(bdy=1, role=start, by=None) —

=== boundary_anchors (NOW) ===
b00 start  — <none>
b00 finish rc=(443, 564)  t=240.0  completed=True  world=(2000.0, 30.5)
b01 start  rc=(205, 643)  t=1080.0  completed=True  world=(4370.0, 7170.5)
b01 finish rc=(186, 655)  t=1080.0  completed=True  world=(4730.0, 7740.5)
b02 start  rc=(278, 411)  t=1080.0  completed=True  world=(-2590.0, 4980.5)
b02 finish rc=(123, 322)  t=1080.0  completed=True  world=(-5260.0, 9630.5)
b03 start  — <none>
b03 finish rc=(443, 74)  t=360.0  completed=True  world=(-12700.0, 30.5)
b04 start  — <none>
b04 finish rc=(772, 316)  t=1680.0  completed=False  world=(-5440.0, -9839.5)
b05 start  rc=(476, 525)  t=1680.0  completed=False  world=(830.0, -959.5)
b05 finish — <none>
=== end ===

— end dump —


— after _mark_anchor_completed(bdy=2, role=finish, by=None) —

=== boundary_anchors (NOW) ===
b00 start  — <none>
b00 finish rc=(443, 564)  t=240.0  completed=True  world=(2000.0, 30.5)
b01 start  rc=(205, 643)  t=1080.0  completed=True  world=(4370.0, 7170.5)
b01 finish rc=(186, 655)  t=1080.0  completed=True  world=(4730.0, 7740.5)
b02 start  rc=(278, 411)  t=1080.0  completed=True  world=(-2590.0, 4980.5)
b02 finish rc=(123, 322)  t=1080.0  completed=True  world=(-5260.0, 9630.5)
b03 start  — <none>
b03 finish rc=(443, 74)  t=360.0  completed=True  world=(-12700.0, 30.5)
b04 start  — <none>
b04 finish rc=(772, 316)  t=1680.0  completed=False  world=(-5440.0, -9839.5)
b05 start  rc=(476, 525)  t=1680.0  completed=False  world=(830.0, -959.5)
b05 finish — <none>
=== end ===

— end dump —

[GC#02] Sector 1 contained → Standby
  → selected [6302.23422964  844.5396244 ] as drop point
Using multi-phase propagation with wind schedule.
DROP RAN
[DEBUG] AT#00  finished drop in sector 0 – notifying ground crews
  → selected [6528.60674408  300.31913186] as drop point
Using multi-phase propagation with wind schedule.
DROP RAN
[DEBUG] AT#00  finished drop in sector 0 – notifying ground crews
[SIM] At t = 1920 min, applied random action: {'FireHercAgent': (1,), 'GroundCrewAgent': (1, 4)}
simulating in place

— after _record_anchor(bdy=1, role=start, cell=(186, 655), by=None) —

=== boundary_anchors (NOW) ===
b00 start  — <none>
b00 finish rc=(443, 564)  t=240.0  completed=True  world=(2000.0, 30.5)
b01 start  rc=(186, 655)  t=1920.0  completed=False  world=(4730.0, 7740.5)
b01 finish rc=(186, 655)  t=1080.0  completed=True  world=(4730.0, 7740.5)
b02 start  rc=(278, 411)  t=1080.0  completed=True  world=(-2590.0, 4980.5)
b02 finish rc=(123, 322)  t=1080.0  completed=True  world=(-5260.0, 9630.5)
b03 start  — <none>
b03 finish rc=(443, 74)  t=360.0  completed=True  world=(-12700.0, 30.5)
b04 start  — <none>
b04 finish rc=(772, 316)  t=1680.0  completed=False  world=(-5440.0, -9839.5)
b05 start  rc=(476, 525)  t=1680.0  completed=False  world=(830.0, -959.5)
b05 finish — <none>
=== end ===

— end dump —


— after _record_anchor(bdy=0, role=finish, cell=(443, 564), by=None) —

=== boundary_anchors (NOW) ===
b00 start  — <none>
b00 finish rc=(443, 564)  t=1920.0  completed=False  world=(2000.0, 30.5)
b01 start  rc=(186, 655)  t=1920.0  completed=False  world=(4730.0, 7740.5)
b01 finish rc=(186, 655)  t=1080.0  completed=True  world=(4730.0, 7740.5)
b02 start  rc=(278, 411)  t=1080.0  completed=True  world=(-2590.0, 4980.5)
b02 finish rc=(123, 322)  t=1080.0  completed=True  world=(-5260.0, 9630.5)
b03 start  — <none>
b03 finish rc=(443, 74)  t=360.0  completed=True  world=(-12700.0, 30.5)
b04 start  — <none>
b04 finish rc=(772, 316)  t=1680.0  completed=False  world=(-5440.0, -9839.5)
b05 start  rc=(476, 525)  t=1680.0  completed=False  world=(830.0, -959.5)
b05 finish — <none>
=== end ===

— end dump —

[DEBUG] sector 0: start@bdy1 (186, 655)   finish@bdy0 (443, 564)
[GC#02] → sector 0  start (186, 655)  finish (443, 564)
  → selected [  3251.81571036 -10282.11709662] as drop point
Using multi-phase propagation with wind schedule.
DROP RAN
[DEBUG] AT#00  finished drop in sector 4 – notifying ground crews
[START] GC#01 using ANCHOR (unspecified source) → start (476, 525) on boundary 5
Start:  (476, 525)
Finish:  (772, 316)
[GC#01] WARNING: fire intercept at (446, 571) (burn_pen>0) – truncating path at idx 79.
[GC#01] fire-line length 80 cells (0.0 min; ABORTED EARLY)

— after _mark_anchor_completed(bdy=5, role=start, by=None) —

=== boundary_anchors (NOW) ===
b00 start  — <none>
b00 finish rc=(443, 564)  t=1920.0  completed=False  world=(2000.0, 30.5)
b01 start  rc=(186, 655)  t=1920.0  completed=False  world=(4730.0, 7740.5)
b01 finish rc=(186, 655)  t=1080.0  completed=True  world=(4730.0, 7740.5)
b02 start  rc=(278, 411)  t=1080.0  completed=True  world=(-2590.0, 4980.5)
b02 finish rc=(123, 322)  t=1080.0  completed=True  world=(-5260.0, 9630.5)
b03 start  — <none>
b03 finish rc=(443, 74)  t=360.0  completed=True  world=(-12700.0, 30.5)
b04 start  — <none>
b04 finish rc=(772, 316)  t=1680.0  completed=False  world=(-5440.0, -9839.5)
b05 start  rc=(476, 525)  t=1680.0  completed=True  world=(830.0, -959.5)
b05 finish — <none>
=== end ===

— end dump —


— after _mark_anchor_completed(bdy=4, role=finish, by=<groundcrew.GroundCrewAgent object at 0x000001AE1B6D7E50>) —

=== boundary_anchors (NOW) ===
b00 start  — <none>
b00 finish rc=(443, 564)  t=1920.0  completed=False  world=(2000.0, 30.5)
b01 start  rc=(186, 655)  t=1920.0  completed=False  world=(4730.0, 7740.5)
b01 finish rc=(186, 655)  t=1080.0  completed=True  world=(4730.0, 7740.5)
b02 start  rc=(278, 411)  t=1080.0  completed=True  world=(-2590.0, 4980.5)
b02 finish rc=(123, 322)  t=1080.0  completed=True  world=(-5260.0, 9630.5)
b03 start  — <none>
b03 finish rc=(443, 74)  t=360.0  completed=True  world=(-12700.0, 30.5)
b04 start  — <none>
b04 finish rc=(772, 316)  t=1680.0  completed=True  world=(-5440.0, -9839.5)
b05 start  rc=(476, 525)  t=1680.0  completed=True  world=(830.0, -959.5)
b05 finish — <none>
=== end ===

— end dump —


— after _mark_anchor_uncompleted(bdy=4, role=finish, by=<groundcrew.GroundCrewAgent object at 0x000001AE1B6D7E50>) —

=== boundary_anchors (NOW) ===
b00 start  — <none>
b00 finish rc=(443, 564)  t=1920.0  completed=False  world=(2000.0, 30.5)
b01 start  rc=(186, 655)  t=1920.0  completed=False  world=(4730.0, 7740.5)
b01 finish rc=(186, 655)  t=1080.0  completed=True  world=(4730.0, 7740.5)
b02 start  rc=(278, 411)  t=1080.0  completed=True  world=(-2590.0, 4980.5)
b02 finish rc=(123, 322)  t=1080.0  completed=True  world=(-5260.0, 9630.5)
b03 start  — <none>
b03 finish rc=(443, 74)  t=360.0  completed=True  world=(-12700.0, 30.5)
b04 start  — <none>
b04 finish rc=(772, 316)  t=1680.0  completed=False  world=(-5440.0, -9839.5)
b05 start  rc=(476, 525)  t=1680.0  completed=True  world=(830.0, -959.5)
b05 finish — <none>
=== end ===

— end dump —

Using multi-phase propagation with wind schedule.
[GC#01] updated fire after clearing batch
Using multi-phase propagation with wind schedule.
[GC#01] updated fire after clearing batch
[GC#01] stopped early (fire intercept) – sector 4 NOT contained; awaiting reassignment.
  → selected [  2267.99360584 -10192.24841898] as drop point
Using multi-phase propagation with wind schedule.
DROP RAN
[DEBUG] AT#00  finished drop in sector 4 – notifying ground crews
  → selected [ 4896.52462143 -9381.05468886] as drop point
Using multi-phase propagation with wind schedule.
DROP RAN
[DEBUG] AT#00  finished drop in sector 4 – notifying ground crews
[SIM] At t = 2040 min, applied random action: {'FireHercAgent': (5,), 'GroundCrewAgent': (1, 5)}
simulating in place

— after _record_anchor(bdy=5, role=start, cell=(476, 525), by=None) —

=== boundary_anchors (NOW) ===
b00 start  — <none>
b00 finish rc=(443, 564)  t=1920.0  completed=False  world=(2000.0, 30.5)
b01 start  rc=(186, 655)  t=1920.0  completed=False  world=(4730.0, 7740.5)
b01 finish rc=(186, 655)  t=1080.0  completed=True  world=(4730.0, 7740.5)
b02 start  rc=(278, 411)  t=1080.0  completed=True  world=(-2590.0, 4980.5)
b02 finish rc=(123, 322)  t=1080.0  completed=True  world=(-5260.0, 9630.5)
b03 start  — <none>
b03 finish rc=(443, 74)  t=360.0  completed=True  world=(-12700.0, 30.5)
b04 start  — <none>
b04 finish rc=(772, 316)  t=1680.0  completed=False  world=(-5440.0, -9839.5)
b05 start  rc=(476, 525)  t=2040.0  completed=False  world=(830.0, -959.5)
b05 finish — <none>
=== end ===

— end dump —


— after _record_anchor(bdy=4, role=finish, cell=(812, 293), by=None) —

=== boundary_anchors (NOW) ===
b00 start  — <none>
b00 finish rc=(443, 564)  t=1920.0  completed=False  world=(2000.0, 30.5)
b01 start  rc=(186, 655)  t=1920.0  completed=False  world=(4730.0, 7740.5)
b01 finish rc=(186, 655)  t=1080.0  completed=True  world=(4730.0, 7740.5)
b02 start  rc=(278, 411)  t=1080.0  completed=True  world=(-2590.0, 4980.5)
b02 finish rc=(123, 322)  t=1080.0  completed=True  world=(-5260.0, 9630.5)
b03 start  — <none>
b03 finish rc=(443, 74)  t=360.0  completed=True  world=(-12700.0, 30.5)
b04 start  — <none>
b04 finish rc=(812, 293)  t=2040.0  completed=False  world=(-6130.0, -11039.5)
b05 start  rc=(476, 525)  t=2040.0  completed=False  world=(830.0, -959.5)
b05 finish — <none>
=== end ===

— end dump —

[DEBUG] sector 4: start@bdy5 (476, 525)   finish@bdy4 (812, 293)
[GC#01] → sector 4  start (476, 525)  finish (812, 293)
  → selected [  4200.48433556 -10113.32242448] as drop point
Using multi-phase propagation with wind schedule.
DROP RAN
[DEBUG] AT#00  finished drop in sector 4 – notifying ground crews
[START] GC#01 using ANCHOR (unspecified source) → start (476, 525) on boundary 5
Start:  (476, 525)
Finish:  (812, 293)
[GC#01] WARNING: fire intercept at (447, 580) (burn_pen>0) – truncating path at idx 87.
[GC#01] fire-line length 88 cells (0.0 min; ABORTED EARLY)

— after _mark_anchor_completed(bdy=5, role=start, by=None) —

=== boundary_anchors (NOW) ===
b00 start  — <none>
b00 finish rc=(443, 564)  t=1920.0  completed=False  world=(2000.0, 30.5)
b01 start  rc=(186, 655)  t=1920.0  completed=False  world=(4730.0, 7740.5)
b01 finish rc=(186, 655)  t=1080.0  completed=True  world=(4730.0, 7740.5)
b02 start  rc=(278, 411)  t=1080.0  completed=True  world=(-2590.0, 4980.5)
b02 finish rc=(123, 322)  t=1080.0  completed=True  world=(-5260.0, 9630.5)
b03 start  — <none>
b03 finish rc=(443, 74)  t=360.0  completed=True  world=(-12700.0, 30.5)
b04 start  — <none>
b04 finish rc=(812, 293)  t=2040.0  completed=False  world=(-6130.0, -11039.5)
b05 start  rc=(476, 525)  t=2040.0  completed=True  world=(830.0, -959.5)
b05 finish — <none>
=== end ===

— end dump —


— after _mark_anchor_completed(bdy=4, role=finish, by=<groundcrew.GroundCrewAgent object at 0x000001AE1B6D7E50>) —

=== boundary_anchors (NOW) ===
b00 start  — <none>
b00 finish rc=(443, 564)  t=1920.0  completed=False  world=(2000.0, 30.5)
b01 start  rc=(186, 655)  t=1920.0  completed=False  world=(4730.0, 7740.5)
b01 finish rc=(186, 655)  t=1080.0  completed=True  world=(4730.0, 7740.5)
b02 start  rc=(278, 411)  t=1080.0  completed=True  world=(-2590.0, 4980.5)
b02 finish rc=(123, 322)  t=1080.0  completed=True  world=(-5260.0, 9630.5)
b03 start  — <none>
b03 finish rc=(443, 74)  t=360.0  completed=True  world=(-12700.0, 30.5)
b04 start  — <none>
b04 finish rc=(812, 293)  t=2040.0  completed=True  world=(-6130.0, -11039.5)
b05 start  rc=(476, 525)  t=2040.0  completed=True  world=(830.0, -959.5)
b05 finish — <none>
=== end ===

— end dump —


— after _mark_anchor_uncompleted(bdy=4, role=finish, by=<groundcrew.GroundCrewAgent object at 0x000001AE1B6D7E50>) —

=== boundary_anchors (NOW) ===
b00 start  — <none>
b00 finish rc=(443, 564)  t=1920.0  completed=False  world=(2000.0, 30.5)
b01 start  rc=(186, 655)  t=1920.0  completed=False  world=(4730.0, 7740.5)
b01 finish rc=(186, 655)  t=1080.0  completed=True  world=(4730.0, 7740.5)
b02 start  rc=(278, 411)  t=1080.0  completed=True  world=(-2590.0, 4980.5)
b02 finish rc=(123, 322)  t=1080.0  completed=True  world=(-5260.0, 9630.5)
b03 start  — <none>
b03 finish rc=(443, 74)  t=360.0  completed=True  world=(-12700.0, 30.5)
b04 start  — <none>
b04 finish rc=(812, 293)  t=2040.0  completed=False  world=(-6130.0, -11039.5)
b05 start  rc=(476, 525)  t=2040.0  completed=True  world=(830.0, -959.5)
b05 finish — <none>
=== end ===

— end dump —

Using multi-phase propagation with wind schedule.
[GC#01] updated fire after clearing batch
Using multi-phase propagation with wind schedule.
[GC#01] updated fire after clearing batch
[GC#01] stopped early (fire intercept) – sector 4 NOT contained; awaiting reassignment.
  → selected [  3300.97176389 -10438.02018051] as drop point
Using multi-phase propagation with wind schedule.
DROP RAN
[DEBUG] AT#00  finished drop in sector 4 – notifying ground crews
[SIM] At t = 2160 min, applied random action: {'FireHercAgent': (5,), 'GroundCrewAgent': (5, 4)}
simulating in place

— after _record_anchor(bdy=5, role=start, cell=(476, 525), by=None) —

=== boundary_anchors (NOW) ===
b00 start  — <none>
b00 finish rc=(443, 564)  t=1920.0  completed=False  world=(2000.0, 30.5)
b01 start  rc=(186, 655)  t=1920.0  completed=False  world=(4730.0, 7740.5)
b01 finish rc=(186, 655)  t=1080.0  completed=True  world=(4730.0, 7740.5)
b02 start  rc=(278, 411)  t=1080.0  completed=True  world=(-2590.0, 4980.5)
b02 finish rc=(123, 322)  t=1080.0  completed=True  world=(-5260.0, 9630.5)
b03 start  — <none>
b03 finish rc=(443, 74)  t=360.0  completed=True  world=(-12700.0, 30.5)
b04 start  — <none>
b04 finish rc=(812, 293)  t=2040.0  completed=False  world=(-6130.0, -11039.5)
b05 start  rc=(476, 525)  t=2160.0  completed=False  world=(830.0, -959.5)
b05 finish — <none>
=== end ===

— end dump —


— after _record_anchor(bdy=4, role=finish, cell=(841, 276), by=None) —

=== boundary_anchors (NOW) ===
b00 start  — <none>
b00 finish rc=(443, 564)  t=1920.0  completed=False  world=(2000.0, 30.5)
b01 start  rc=(186, 655)  t=1920.0  completed=False  world=(4730.0, 7740.5)
b01 finish rc=(186, 655)  t=1080.0  completed=True  world=(4730.0, 7740.5)
b02 start  rc=(278, 411)  t=1080.0  completed=True  world=(-2590.0, 4980.5)
b02 finish rc=(123, 322)  t=1080.0  completed=True  world=(-5260.0, 9630.5)
b03 start  — <none>
b03 finish rc=(443, 74)  t=360.0  completed=True  world=(-12700.0, 30.5)
b04 start  — <none>
b04 finish rc=(841, 276)  t=2160.0  completed=False  world=(-6640.0, -11909.5)
b05 start  rc=(476, 525)  t=2160.0  completed=False  world=(830.0, -959.5)
b05 finish — <none>
=== end ===

— end dump —

[DEBUG] sector 4: start@bdy5 (476, 525)   finish@bdy4 (841, 276)
[GC#01] → sector 4  start (476, 525)  finish (841, 276)
  → selected [ 5026.50434162 -9630.74340821] as drop point
Using multi-phase propagation with wind schedule.
DROP RAN
[DEBUG] AT#00  finished drop in sector 4 – notifying ground crews
[START] GC#01 using ANCHOR (unspecified source) → start (476, 525) on boundary 5
Start:  (476, 525)
Finish:  (841, 276)
[GC#01] WARNING: fire intercept at (448, 581) (burn_pen>0) – truncating path at idx 87.
[GC#01] fire-line length 88 cells (0.0 min; ABORTED EARLY)

— after _mark_anchor_completed(bdy=5, role=start, by=None) —

=== boundary_anchors (NOW) ===
b00 start  — <none>
b00 finish rc=(443, 564)  t=1920.0  completed=False  world=(2000.0, 30.5)
b01 start  rc=(186, 655)  t=1920.0  completed=False  world=(4730.0, 7740.5)
b01 finish rc=(186, 655)  t=1080.0  completed=True  world=(4730.0, 7740.5)
b02 start  rc=(278, 411)  t=1080.0  completed=True  world=(-2590.0, 4980.5)
b02 finish rc=(123, 322)  t=1080.0  completed=True  world=(-5260.0, 9630.5)
b03 start  — <none>
b03 finish rc=(443, 74)  t=360.0  completed=True  world=(-12700.0, 30.5)
b04 start  — <none>
b04 finish rc=(841, 276)  t=2160.0  completed=False  world=(-6640.0, -11909.5)
b05 start  rc=(476, 525)  t=2160.0  completed=True  world=(830.0, -959.5)
b05 finish — <none>
=== end ===

— end dump —


— after _mark_anchor_completed(bdy=4, role=finish, by=<groundcrew.GroundCrewAgent object at 0x000001AE1B6D7E50>) —

=== boundary_anchors (NOW) ===
b00 start  — <none>
b00 finish rc=(443, 564)  t=1920.0  completed=False  world=(2000.0, 30.5)
b01 start  rc=(186, 655)  t=1920.0  completed=False  world=(4730.0, 7740.5)
b01 finish rc=(186, 655)  t=1080.0  completed=True  world=(4730.0, 7740.5)
b02 start  rc=(278, 411)  t=1080.0  completed=True  world=(-2590.0, 4980.5)
b02 finish rc=(123, 322)  t=1080.0  completed=True  world=(-5260.0, 9630.5)
b03 start  — <none>
b03 finish rc=(443, 74)  t=360.0  completed=True  world=(-12700.0, 30.5)
b04 start  — <none>
b04 finish rc=(841, 276)  t=2160.0  completed=True  world=(-6640.0, -11909.5)
b05 start  rc=(476, 525)  t=2160.0  completed=True  world=(830.0, -959.5)
b05 finish — <none>
=== end ===

— end dump —


— after _mark_anchor_uncompleted(bdy=4, role=finish, by=<groundcrew.GroundCrewAgent object at 0x000001AE1B6D7E50>) —

=== boundary_anchors (NOW) ===
b00 start  — <none>
b00 finish rc=(443, 564)  t=1920.0  completed=False  world=(2000.0, 30.5)
b01 start  rc=(186, 655)  t=1920.0  completed=False  world=(4730.0, 7740.5)
b01 finish rc=(186, 655)  t=1080.0  completed=True  world=(4730.0, 7740.5)
b02 start  rc=(278, 411)  t=1080.0  completed=True  world=(-2590.0, 4980.5)
b02 finish rc=(123, 322)  t=1080.0  completed=True  world=(-5260.0, 9630.5)
b03 start  — <none>
b03 finish rc=(443, 74)  t=360.0  completed=True  world=(-12700.0, 30.5)
b04 start  — <none>
b04 finish rc=(841, 276)  t=2160.0  completed=False  world=(-6640.0, -11909.5)
b05 start  rc=(476, 525)  t=2160.0  completed=True  world=(830.0, -959.5)
b05 finish — <none>
=== end ===

— end dump —

Using multi-phase propagation with wind schedule.
[GC#01] updated fire after clearing batch
[GC#01] stopped early (fire intercept) – sector 4 NOT contained; awaiting reassignment.
  → selected [  2329.44914504 -10469.45644224] as drop point
Using multi-phase propagation with wind schedule.
DROP RAN
[DEBUG] AT#00  finished drop in sector 4 – notifying ground crews
[START] GC#02 using ANCHOR (unspecified source) → start (186, 655) on boundary 1
Start:  (186, 655)
Finish:  (443, 564)
[GC#02] WARNING: fire intercept at (459, 716) (burn_pen>0) – truncating path at idx 687.
[GC#02] fire-line length 688 cells (1440.2 min; ABORTED EARLY)

— after _mark_anchor_completed(bdy=1, role=start, by=None) —

=== boundary_anchors (NOW) ===
b00 start  — <none>
b00 finish rc=(443, 564)  t=1920.0  completed=False  world=(2000.0, 30.5)
b01 start  rc=(186, 655)  t=1920.0  completed=True  world=(4730.0, 7740.5)
b01 finish rc=(186, 655)  t=1080.0  completed=True  world=(4730.0, 7740.5)
b02 start  rc=(278, 411)  t=1080.0  completed=True  world=(-2590.0, 4980.5)
b02 finish rc=(123, 322)  t=1080.0  completed=True  world=(-5260.0, 9630.5)
b03 start  — <none>
b03 finish rc=(443, 74)  t=360.0  completed=True  world=(-12700.0, 30.5)
b04 start  — <none>
b04 finish rc=(841, 276)  t=2160.0  completed=False  world=(-6640.0, -11909.5)
b05 start  rc=(476, 525)  t=2160.0  completed=True  world=(830.0, -959.5)
b05 finish — <none>
=== end ===

— end dump —


— after _mark_anchor_completed(bdy=0, role=finish, by=<groundcrew.GroundCrewAgent object at 0x000001AE3E2CB750>) —

=== boundary_anchors (NOW) ===
b00 start  — <none>
b00 finish rc=(443, 564)  t=1920.0  completed=True  world=(2000.0, 30.5)
b01 start  rc=(186, 655)  t=1920.0  completed=True  world=(4730.0, 7740.5)
b01 finish rc=(186, 655)  t=1080.0  completed=True  world=(4730.0, 7740.5)
b02 start  rc=(278, 411)  t=1080.0  completed=True  world=(-2590.0, 4980.5)
b02 finish rc=(123, 322)  t=1080.0  completed=True  world=(-5260.0, 9630.5)
b03 start  — <none>
b03 finish rc=(443, 74)  t=360.0  completed=True  world=(-12700.0, 30.5)
b04 start  — <none>
b04 finish rc=(841, 276)  t=2160.0  completed=False  world=(-6640.0, -11909.5)
b05 start  rc=(476, 525)  t=2160.0  completed=True  world=(830.0, -959.5)
b05 finish — <none>
=== end ===

— end dump —


— after _mark_anchor_uncompleted(bdy=0, role=finish, by=<groundcrew.GroundCrewAgent object at 0x000001AE3E2CB750>) —

=== boundary_anchors (NOW) ===
b00 start  — <none>
b00 finish rc=(443, 564)  t=1920.0  completed=False  world=(2000.0, 30.5)
b01 start  rc=(186, 655)  t=1920.0  completed=True  world=(4730.0, 7740.5)
b01 finish rc=(186, 655)  t=1080.0  completed=True  world=(4730.0, 7740.5)
b02 start  rc=(278, 411)  t=1080.0  completed=True  world=(-2590.0, 4980.5)
b02 finish rc=(123, 322)  t=1080.0  completed=True  world=(-5260.0, 9630.5)
b03 start  — <none>
b03 finish rc=(443, 74)  t=360.0  completed=True  world=(-12700.0, 30.5)
b04 start  — <none>
b04 finish rc=(841, 276)  t=2160.0  completed=False  world=(-6640.0, -11909.5)
b05 start  rc=(476, 525)  t=2160.0  completed=True  world=(830.0, -959.5)
b05 finish — <none>
=== end ===

— end dump —

Using multi-phase propagation with wind schedule.
[GC#02] updated fire after clearing batch
Using multi-phase propagation with wind schedule.
[GC#02] updated fire after clearing batch
Using multi-phase propagation with wind schedule.
[GC#02] updated fire after clearing batch
Using multi-phase propagation with wind schedule.
[GC#02] updated fire after clearing batch
Using multi-phase propagation with wind schedule.
[GC#02] updated fire after clearing batch
Using multi-phase propagation with wind schedule.
[GC#02] updated fire after clearing batch
Using multi-phase propagation with wind schedule.
[GC#02] updated fire after clearing batch
  → selected [  4302.88189467 -10360.53200045] as drop point
FLUSHED
Using multi-phase propagation with wind schedule.
DROP RAN
[DEBUG] AT#00  finished drop in sector 4 – notifying ground crews
Using multi-phase propagation with wind schedule.
[GC#02] updated fire after clearing batch
[SIM] At t = 2280 min, applied random action: {'FireHercAgent': (5,), 'GroundCrewAgent': (5, 1)}
simulating in place

— after _record_anchor(bdy=3, role=start, cell=(443, 74), by=None) —

=== boundary_anchors (NOW) ===
b00 start  — <none>
b00 finish rc=(443, 564)  t=1920.0  completed=False  world=(2000.0, 30.5)
b01 start  rc=(186, 655)  t=1920.0  completed=True  world=(4730.0, 7740.5)
b01 finish rc=(186, 655)  t=1080.0  completed=True  world=(4730.0, 7740.5)
b02 start  rc=(278, 411)  t=1080.0  completed=True  world=(-2590.0, 4980.5)
b02 finish rc=(123, 322)  t=1080.0  completed=True  world=(-5260.0, 9630.5)
b03 start  rc=(443, 74)  t=2280.0  completed=False  world=(-12700.0, 30.5)
b03 finish rc=(443, 74)  t=360.0  completed=True  world=(-12700.0, 30.5)
b04 start  — <none>
b04 finish rc=(841, 276)  t=2160.0  completed=False  world=(-6640.0, -11909.5)
b05 start  rc=(476, 525)  t=2160.0  completed=True  world=(830.0, -959.5)
b05 finish — <none>
=== end ===

— end dump —


— after _record_anchor(bdy=4, role=finish, cell=(852, 270), by=None) —

=== boundary_anchors (NOW) ===
b00 start  — <none>
b00 finish rc=(443, 564)  t=1920.0  completed=False  world=(2000.0, 30.5)
b01 start  rc=(186, 655)  t=1920.0  completed=True  world=(4730.0, 7740.5)
b01 finish rc=(186, 655)  t=1080.0  completed=True  world=(4730.0, 7740.5)
b02 start  rc=(278, 411)  t=1080.0  completed=True  world=(-2590.0, 4980.5)
b02 finish rc=(123, 322)  t=1080.0  completed=True  world=(-5260.0, 9630.5)
b03 start  rc=(443, 74)  t=2280.0  completed=False  world=(-12700.0, 30.5)
b03 finish rc=(443, 74)  t=360.0  completed=True  world=(-12700.0, 30.5)
b04 start  — <none>
b04 finish rc=(852, 270)  t=2280.0  completed=False  world=(-6820.0, -12239.5)
b05 start  rc=(476, 525)  t=2160.0  completed=True  world=(830.0, -959.5)
b05 finish — <none>
=== end ===

— end dump —

[DEBUG] sector 3: start@bdy3 (443, 74)   finish@bdy4 (852, 270)
[GC#01] → sector 3  start (443, 74)  finish (852, 270)
Using multi-phase propagation with wind schedule.
[GC#02] updated fire after clearing batch
  → selected [ 5211.22403051 -9985.58662907] as drop point
FLUSHED
Using multi-phase propagation with wind schedule.
DROP RAN
[DEBUG] AT#00  finished drop in sector 4 – notifying ground crews
Using multi-phase propagation with wind schedule.
[GC#02] updated fire after clearing batch
Using multi-phase propagation with wind schedule.
[GC#02] updated fire after clearing batch
  → selected [   442.41558597 -10003.1542528 ] as drop point
FLUSHED
Using multi-phase propagation with wind schedule.
DROP RAN
[DEBUG] AT#00  finished drop in sector 4 – notifying ground crews
[SIM] At t = 2400 min, applied random action: {'FireHercAgent': (5,), 'GroundCrewAgent': (4, 5)}
simulating in place
Using multi-phase propagation with wind schedule.
[GC#02] updated fire after clearing batch
  → selected [7218.83606298  965.21254505] as drop point
FLUSHED
Using multi-phase propagation with wind schedule.
DROP RAN
[DEBUG] AT#00  finished drop in sector 0 – notifying ground crews
[DEBUG] GC#02  attempting re-plan… remaining path = 688 cells
[DEBUG] GC#02 start@(282, 819)  raw_arr=inf  now=2412.0  mtt=nan  within_buffer=False
[START] GC#02 using NEW (buffered by planner) → start (282, 819) on boundary 1
Start:  (282, 819)
Finish:  (443, 564)
[GC#02] WARNING: fire intercept at (459, 716) (burn_pen>0) – truncating path at idx 323.
[GC#02] fire-line length 324 cells (1238.3 min; ABORTED EARLY)
[DEBUG] GC#02  new path accepted (length 324, ETA 1238.3 min)
  → selected [6994.41680168 2910.60649013] as drop point
FLUSHED
Using multi-phase propagation with wind schedule.
DROP RAN
[DEBUG] AT#00  finished drop in sector 0 – notifying ground crews
[DEBUG] GC#02  attempting re-plan… remaining path = 324 cells
[DEBUG] GC#02 start@(296, 828)  raw_arr=inf  now=2458.0  mtt=nan  within_buffer=False
[START] GC#02 using NEW (buffered by planner) → start (296, 828) on boundary 1
Start:  (296, 828)
Finish:  (443, 564)
[GC#02] WARNING: fire intercept at (459, 716) (burn_pen>0) – truncating path at idx 300.
[GC#02] fire-line length 301 cells (1187.0 min; ABORTED EARLY)
[DEBUG] GC#02  new path accepted (length 301, ETA 1187.0 min)
  → selected [6663.87601143 5125.0333398 ] as drop point
FLUSHED
Using multi-phase propagation with wind schedule.
DROP RAN
[DEBUG] AT#00  finished drop in sector 0 – notifying ground crews
[DEBUG] GC#02  attempting re-plan… remaining path = 301 cells
[DEBUG] GC#02 start@(299, 835)  raw_arr=inf  now=2504.0  mtt=nan  within_buffer=False
[START] GC#02 using NEW (buffered by planner) → start (299, 835) on boundary 1
Start:  (299, 835)
Finish:  (443, 564)
[GC#02] WARNING: fire intercept at (459, 716) (burn_pen>0) – truncating path at idx 290.
[GC#02] fire-line length 291 cells (1132.0 min; ABORTED EARLY)
[DEBUG] GC#02  new path accepted (length 291, ETA 1132.0 min)
[SIM] At t = 2520 min, applied random action: {'FireHercAgent': (1,), 'GroundCrewAgent': (5, 1)}
simulating in place
  → selected [7553.18311567 1009.2301696 ] as drop point
FLUSHED
Using multi-phase propagation with wind schedule.
DROP RAN
[DEBUG] AT#00  finished drop in sector 0 – notifying ground crews
[DEBUG] GC#02  attempting re-plan… remaining path = 291 cells
[DEBUG] GC#02 start@(315, 837)  raw_arr=inf  now=2550.0  mtt=nan  within_buffer=False
[START] GC#02 using NEW (buffered by planner) → start (315, 837) on boundary 1
Start:  (315, 837)
Finish:  (443, 564)
[GC#02] WARNING: fire intercept at (369, 753) (burn_pen>0) – truncating path at idx 141.
[GC#02] fire-line length 142 cells (687.4 min; ABORTED EARLY)
[DEBUG] GC#02  new path accepted (length 142, ETA 687.4 min)
Using multi-phase propagation with wind schedule.
[GC#02] updated fire after clearing batch
  → selected [7273.92524312 3026.38267738] as drop point
FLUSHED
Using multi-phase propagation with wind schedule.
DROP RAN
[DEBUG] AT#00  finished drop in sector 0 – notifying ground crews
[DEBUG] GC#02  attempting re-plan… remaining path = 142 cells
[DEBUG] GC#02 start@(334, 832)  raw_arr=inf  now=2596.0  mtt=nan  within_buffer=False
[START] GC#02 using NEW (buffered by planner) → start (334, 832) on boundary 1
Start:  (334, 832)
Finish:  (443, 564)
[GC#02] WARNING: fire intercept at (370, 754) (burn_pen>0) – truncating path at idx 113.
[GC#02] fire-line length 114 cells (601.5 min; ABORTED EARLY)
[DEBUG] GC#02  new path accepted (length 114, ETA 601.5 min)
Using multi-phase propagation with wind schedule.
[GC#02] updated fire after clearing batch
[SIM] At t = 2640 min, applied random action: {'FireHercAgent': (1,), 'GroundCrewAgent': (5, 1)}
simulating in place
  → selected [7537.34199101 2390.43277817] as drop point
FLUSHED
Using multi-phase propagation with wind schedule.
DROP RAN
[DEBUG] AT#00  finished drop in sector 0 – notifying ground crews
[DEBUG] GC#02  attempting re-plan… remaining path = 114 cells
[DEBUG] GC#02 start@(349, 819)  raw_arr=inf  now=2642.0  mtt=nan  within_buffer=False
[START] GC#02 using NEW (buffered by planner) → start (349, 819) on boundary 1
Start:  (349, 819)
Finish:  (443, 564)
[GC#02] WARNING: fire intercept at (389, 652) (burn_pen>0) – truncating path at idx 280.
[GC#02] fire-line length 281 cells (931.4 min; ABORTED EARLY)
[DEBUG] GC#02  new path length 281 > old+5  →  rejecting and DISABLING further re-plans
  → selected [7931.64092035 1772.78771114] as drop point
FLUSHED
Using multi-phase propagation with wind schedule.
DROP RAN
[DEBUG] AT#00  finished drop in sector 0 – notifying ground crews
  → selected [8212.532026   1835.05977005] as drop point
FLUSHED
Using multi-phase propagation with wind schedule.
DROP RAN
[DEBUG] AT#00  finished drop in sector 0 – notifying ground crews
[SIM] At t = 2760 min, applied random action: {'FireHercAgent': (1,), 'GroundCrewAgent': (1, 5)}
simulating in place
  → selected [-11402.79267071  -3581.36874187] as drop point
FLUSHED
Using multi-phase propagation with wind schedule.
DROP RAN
[DEBUG] AT#00  finished drop in sector 3 – notifying ground crews
[START] GC#01 using ANCHOR (unspecified source) → start (443, 74) on boundary 3
Start:  (443, 74)
Finish:  (852, 270)
[GC#01] fire-line length 788 cells (519.6 min; full plan)

— after _mark_anchor_completed(bdy=3, role=start, by=None) —

=== boundary_anchors (NOW) ===
b00 start  — <none>
b00 finish rc=(443, 564)  t=1920.0  completed=False  world=(2000.0, 30.5)
b01 start  rc=(186, 655)  t=1920.0  completed=True  world=(4730.0, 7740.5)
b01 finish rc=(186, 655)  t=1080.0  completed=True  world=(4730.0, 7740.5)
b02 start  rc=(278, 411)  t=1080.0  completed=True  world=(-2590.0, 4980.5)
b02 finish rc=(123, 322)  t=1080.0  completed=True  world=(-5260.0, 9630.5)
b03 start  rc=(443, 74)  t=2280.0  completed=True  world=(-12700.0, 30.5)
b03 finish rc=(443, 74)  t=360.0  completed=True  world=(-12700.0, 30.5)
b04 start  — <none>
b04 finish rc=(852, 270)  t=2280.0  completed=False  world=(-6820.0, -12239.5)
b05 start  rc=(476, 525)  t=2160.0  completed=True  world=(830.0, -959.5)
b05 finish — <none>
=== end ===

— end dump —


— after _mark_anchor_completed(bdy=4, role=finish, by=<groundcrew.GroundCrewAgent object at 0x000001AE1B6D7E50>) —

=== boundary_anchors (NOW) ===
b00 start  — <none>
b00 finish rc=(443, 564)  t=1920.0  completed=False  world=(2000.0, 30.5)
b01 start  rc=(186, 655)  t=1920.0  completed=True  world=(4730.0, 7740.5)
b01 finish rc=(186, 655)  t=1080.0  completed=True  world=(4730.0, 7740.5)
b02 start  rc=(278, 411)  t=1080.0  completed=True  world=(-2590.0, 4980.5)
b02 finish rc=(123, 322)  t=1080.0  completed=True  world=(-5260.0, 9630.5)
b03 start  rc=(443, 74)  t=2280.0  completed=True  world=(-12700.0, 30.5)
b03 finish rc=(443, 74)  t=360.0  completed=True  world=(-12700.0, 30.5)
b04 start  — <none>
b04 finish rc=(852, 270)  t=2280.0  completed=True  world=(-6820.0, -12239.5)
b05 start  rc=(476, 525)  t=2160.0  completed=True  world=(830.0, -959.5)
b05 finish — <none>
=== end ===

— end dump —

Using multi-phase propagation with wind schedule.
[GC#01] updated fire after clearing batch
Using multi-phase propagation with wind schedule.
[GC#01] updated fire after clearing batch
Using multi-phase propagation with wind schedule.
[GC#01] updated fire after clearing batch
Using multi-phase propagation with wind schedule.
[GC#01] updated fire after clearing batch
Using multi-phase propagation with wind schedule.
[GC#01] updated fire after clearing batch
Using multi-phase propagation with wind schedule.
[GC#01] updated fire after clearing batch
Using multi-phase propagation with wind schedule.
[GC#01] updated fire after clearing batch
Using multi-phase propagation with wind schedule.
[GC#01] updated fire after clearing batch
  → selected [-6801.01214419 -6221.06184658] as drop point
FLUSHED
FLUSHED
Using multi-phase propagation with wind schedule.
DROP RAN
[DEBUG] AT#00  finished drop in sector 3 – notifying ground crews
[DEBUG] GC#01  attempting re-plan… remaining path = 788 cells
[DEBUG] GC#01 start@(559, 108)  raw_arr=inf  now=2828.0  mtt=nan  within_buffer=False
[START] GC#01 using NEW (buffered by planner) → start (559, 108) on boundary 3
Start:  (559, 108)
Finish:  (852, 270)
[GC#01] fire-line length 544 cells (472.8 min; full plan)
[DEBUG] GC#01  new path accepted (length 544, ETA 472.8 min)
Using multi-phase propagation with wind schedule.
[GC#01] updated fire after clearing batch
  → selected [-7562.99505035 -5791.6287804 ] as drop point
FLUSHED
FLUSHED
Using multi-phase propagation with wind schedule.
DROP RAN
[DEBUG] AT#00  finished drop in sector 3 – notifying ground crews
[DEBUG] GC#01  attempting re-plan… remaining path = 544 cells
[DEBUG] GC#01 start@(576, 152)  raw_arr=inf  now=2875.0  mtt=nan  within_buffer=False
[START] GC#01 using NEW (buffered by planner) → start (576, 152) on boundary 3
Start:  (576, 152)
Finish:  (852, 270)
[GC#01] fire-line length 481 cells (421.0 min; full plan)
[DEBUG] GC#01  new path accepted (length 481, ETA 421.0 min)
[SIM] At t = 2880 min, applied random action: {'FireHercAgent': (4,), 'GroundCrewAgent': (4, 1)}
[SIM] < 1 decision slice left – terminating simulation.
Using multi-phase propagation with wind schedule.
[GC#01] updated fire after clearing batch
[SIM] Finished at t=2880 min – final fire-score = 329357.00  final buildings-destroyed = 2912  final buildings-breakdown = {"11":1441,"12":790,"13":607,"14":18,"21":11,"22":18,"23":27}
Simulation complete.
[0m