
⚑ background sched
 start  end    speed      dir
     0  120   30.000    5.000
   120  240   35.000   25.000
   240  360   40.000   25.000
   360  480   50.000   15.000
   480  600   30.000    2.500
   600  720   38.000    5.000
   720  840   28.000    0.000
   840  960   30.000    0.000
   960 1080   30.000    0.000
  1080 1200   28.000    2.500
  1200 1320   28.000    5.000
  1320 1440   30.000   15.000
  1440 1560   30.000    5.000
  1560 1680   30.000    7.500
  1680 1800   30.000   10.000
  1800 1920   30.000   10.000
  1920 2040   30.000   15.000
  2040 2160   17.500    5.000
  2160 2280   12.000    5.000
  2280 2400   12.000    5.000
  2400 2520   13.000    5.000
  2520 2640    7.000    0.000
  2640 2760    6.000    5.000
  2760 2880    6.000   10.000
  2880 3000    7.000   10.000
  3000 3000    1.000    0.000

⚑ hard σ truth schedule
 start  end    speed      dir
     0  120   30.000    5.000
   120  240   35.000   25.000
   240  360   40.000   25.000
   360  480   50.000   15.000
   480  600   30.000    2.500
   600  720   38.000    5.000
   720  840   28.000    0.000
   840  960   30.000    0.000
   960 1080   30.000    0.000
  1080 1200   28.000    2.500
  1200 1320   28.000    5.000
  1320 1440   30.000   15.000
  1440 1560   30.000    5.000
  1560 1680   30.000    7.500
  1680 1800   30.000   10.000
  1800 1920   30.000   10.000
  1920 2040   30.000   15.000
  2040 2160   17.500    5.000
  2160 2280   12.000    5.000
  2280 2400   12.000    5.000
  2400 2520   13.000    5.000
  2520 2640    7.000    0.000
  2640 2760    6.000    5.000
  2760 2880    6.000   10.000
  2880 3000    7.000   10.000
  3000 3000    1.000    0.000
RUN SEED: 2326447625
Starting STRICT-MEAN-burned-buildings ICS simulation (headless)…
Using multi-phase propagation with wind schedule.
WildfireModel: Bounds: BoundingBox(left=-14935.007954473422, bottom=-13304.5080370525, right=14944.992045526578, top=13335.4919629475)
Checking Mesa Space Dimensions: Width = 49880.0, Height = 46640.0
Buffered Bounds: BoundingBox(left=-24935.00795447342, bottom=-23304.5080370525, right=24944.99204552658, top=23335.4919629475)
Original CRS: EPSG:26910
Available bases: [(20000, 20000)]
Corrected position: (20000, 20000)
[GC#01] spawned at cell (444, 498) with walk_ticks=1
[GC#02] spawned at cell (444, 498) with walk_ticks=1
[(0, 120, 4.5, 87.5), (120, 240, 8.5, 274.5), (240, 360, 9.5, 156.5), (360, 480, 7.5, 18.0), (480, 600, 15.5, 328.0), (600, 720, 15.5, 298.5), (720, 840, 10.0, 356.0), (840, 960, 9.0, 337.5), (960, 1080, 8.0, 284.0), (1080, 1200, 13.5, 253.5), (1200, 1320, 18.0, 232.0), (1320, 1440, 16.5, 300.0), (1440, 1560, 19.0, 297.5), (1560, 1680, 17.5, 266.0), (1680, 1800, 15.5, 336.5), (1800, 1920, 16.5, 30.5), (1920, 2040, 10.0, 332.0), (2040, 2160, 8.0, 283.0), (2160, 2280, 8.5, 343.0), (2280, 2400, 6.5, 342.5), (2400, 2520, 7.5, 247.0), (2520, 2640, 7.0, 242.0), (2640, 2760, 6.0, 235.0), (2760, 2880, 0.5, 275.0), (2880, 3000, 0.0, 247.5), (3000, 3000, 1.0, 106.0)]
Using multi-phase propagation with wind schedule.
[PRECOMPUTE] MEAN-schedule burned buildings per sector (final t=3000): [115, 2846, 2647, 259, 45, 3]  | total=5915
[ICS] open=[0, 1, 2, 3, 4, 5]  crew_order=[1, 2, 3, 0, 4, 5]  weights={0: 115.0, 1: 2846.0, 2: 2647.0, 3: 259.0, 4: 45.0, 5: 3.0}
simulating in place
no completed anchors found → making NEW dynamic START

— after _record_anchor(bdy=1, role=start, cell=(410, 537), by=None) —

=== boundary_anchors (NOW) ===
b00 start  — <none>
b00 finish — <none>
b01 start  rc=(410, 537)  t=240.0  completed=False  world=(1190.0, 1020.5)
b01 finish — <none>
b02 start  — <none>
b02 finish — <none>
b03 start  — <none>
b03 finish — <none>
b04 start  — <none>
b04 finish — <none>
b05 start  — <none>
b05 finish — <none>
=== end ===

— end dump —


— after _record_anchor(bdy=2, role=finish, cell=(317, 444), by=None) —

=== boundary_anchors (NOW) ===
b00 start  — <none>
b00 finish — <none>
b01 start  rc=(410, 537)  t=240.0  completed=False  world=(1190.0, 1020.5)
b01 finish — <none>
b02 start  — <none>
b02 finish rc=(317, 444)  t=240.0  completed=False  world=(-1600.0, 3810.5)
b03 start  — <none>
b03 finish — <none>
b04 start  — <none>
b04 finish — <none>
b05 start  — <none>
b05 finish — <none>
=== end ===

— end dump —

[DEBUG] sector 1: start@bdy1 (410, 537)   finish@bdy2 (317, 444)
[GC#01] → sector 1  start (410, 537)  finish (317, 444)
no completed anchors found → making NEW dynamic START

— after _record_anchor(bdy=2, role=start, cell=(414, 500), by=None) —

=== boundary_anchors (NOW) ===
b00 start  — <none>
b00 finish — <none>
b01 start  rc=(410, 537)  t=240.0  completed=False  world=(1190.0, 1020.5)
b01 finish — <none>
b02 start  rc=(414, 500)  t=240.0  completed=False  world=(80.0, 900.5)
b02 finish rc=(317, 444)  t=240.0  completed=False  world=(-1600.0, 3810.5)
b03 start  — <none>
b03 finish — <none>
b04 start  — <none>
b04 finish — <none>
b05 start  — <none>
b05 finish — <none>
=== end ===

— end dump —


— after _record_anchor(bdy=3, role=finish, cell=(444, 461), by=None) —

=== boundary_anchors (NOW) ===
b00 start  — <none>
b00 finish — <none>
b01 start  rc=(410, 537)  t=240.0  completed=False  world=(1190.0, 1020.5)
b01 finish — <none>
b02 start  rc=(414, 500)  t=240.0  completed=False  world=(80.0, 900.5)
b02 finish rc=(317, 444)  t=240.0  completed=False  world=(-1600.0, 3810.5)
b03 start  — <none>
b03 finish rc=(444, 461)  t=240.0  completed=False  world=(-1090.0, 0.5)
b04 start  — <none>
b04 finish — <none>
b05 start  — <none>
b05 finish — <none>
=== end ===

— end dump —

[DEBUG] sector 2: start@bdy2 (414, 500)   finish@bdy3 (444, 461)
recording from register first pair

— after _record_anchor(bdy=2, role=start, cell=(388, 486), by=None) —

=== boundary_anchors (NOW) ===
b00 start  — <none>
b00 finish — <none>
b01 start  — <none>
b01 finish — <none>
b02 start  rc=(388, 486)  t=240.0  completed=False  world=(-340.0, 1680.5)
b02 finish — <none>
b03 start  — <none>
b03 finish — <none>
b04 start  — <none>
b04 finish — <none>
b05 start  — <none>
b05 finish — <none>
=== end ===

— end dump —

recording from register first pair

— after _record_anchor(bdy=1, role=finish, cell=(373, 558), by=None) —

=== boundary_anchors (NOW) ===
b00 start  — <none>
b00 finish — <none>
b01 start  — <none>
b01 finish rc=(373, 558)  t=240.0  completed=False  world=(1820.0, 2130.5)
b02 start  rc=(388, 486)  t=240.0  completed=False  world=(-340.0, 1680.5)
b02 finish — <none>
b03 start  — <none>
b03 finish — <none>
b04 start  — <none>
b04 finish — <none>
b05 start  — <none>
b05 finish — <none>
=== end ===

— end dump —

[SYNC] GC#01 sect1 START b2 (388, 486)  FINISH b1 (373, 558)
recording from register first pair

— after _record_anchor(bdy=3, role=finish, cell=(444, 470), by=None) —

=== boundary_anchors (NOW) ===
b00 start  — <none>
b00 finish — <none>
b01 start  — <none>
b01 finish rc=(373, 558)  t=240.0  completed=False  world=(1820.0, 2130.5)
b02 start  rc=(388, 486)  t=240.0  completed=False  world=(-340.0, 1680.5)
b02 finish — <none>
b03 start  — <none>
b03 finish rc=(444, 470)  t=240.0  completed=False  world=(-820.0, 0.5)
b04 start  — <none>
b04 finish — <none>
b05 start  — <none>
b05 finish — <none>
=== end ===

— end dump —

[SYNC] GC#02 sect2 START b2 (388, 486)  FINISH b3 (444, 470)
[GC#02] → sector 2  start (388, 486)  finish (444, 470)
  → selected [-324.692728    532.99339694] as drop point
Using multi-phase propagation with wind schedule.
DROP RAN
[DEBUG] AT#00  finished drop in sector 2 – notifying ground crews
[START] GC#01 using ANCHOR (unspecified source) → start (388, 486) on boundary 2
Start:  (388, 486)
Finish:  (373, 558)
[GC#01] fire-line length 152 cells (149.5 min; full plan)

— after _mark_anchor_completed(bdy=2, role=start, by=None) —

=== boundary_anchors (NOW) ===
b00 start  — <none>
b00 finish — <none>
b01 start  — <none>
b01 finish rc=(373, 558)  t=240.0  completed=False  world=(1820.0, 2130.5)
b02 start  rc=(388, 486)  t=240.0  completed=True  world=(-340.0, 1680.5)
b02 finish — <none>
b03 start  — <none>
b03 finish rc=(444, 470)  t=240.0  completed=False  world=(-820.0, 0.5)
b04 start  — <none>
b04 finish — <none>
b05 start  — <none>
b05 finish — <none>
=== end ===

— end dump —


— after _mark_anchor_completed(bdy=1, role=finish, by=<groundcrew.GroundCrewAgent object at 0x0000026330A7A510>) —

=== boundary_anchors (NOW) ===
b00 start  — <none>
b00 finish — <none>
b01 start  — <none>
b01 finish rc=(373, 558)  t=240.0  completed=True  world=(1820.0, 2130.5)
b02 start  rc=(388, 486)  t=240.0  completed=True  world=(-340.0, 1680.5)
b02 finish — <none>
b03 start  — <none>
b03 finish rc=(444, 470)  t=240.0  completed=False  world=(-820.0, 0.5)
b04 start  — <none>
b04 finish — <none>
b05 start  — <none>
b05 finish — <none>
=== end ===

— end dump —

[START] GC#02 using ANCHOR (unspecified source) → start (388, 486) on boundary 2
Start:  (388, 486)
Finish:  (444, 470)
[GC#02] fire-line length 89 cells (88.9 min; full plan)

— after _mark_anchor_completed(bdy=2, role=start, by=None) —

=== boundary_anchors (NOW) ===
b00 start  — <none>
b00 finish — <none>
b01 start  — <none>
b01 finish rc=(373, 558)  t=240.0  completed=True  world=(1820.0, 2130.5)
b02 start  rc=(388, 486)  t=240.0  completed=True  world=(-340.0, 1680.5)
b02 finish — <none>
b03 start  — <none>
b03 finish rc=(444, 470)  t=240.0  completed=False  world=(-820.0, 0.5)
b04 start  — <none>
b04 finish — <none>
b05 start  — <none>
b05 finish — <none>
=== end ===

— end dump —


— after _mark_anchor_completed(bdy=3, role=finish, by=<groundcrew.GroundCrewAgent object at 0x0000026330A7AB90>) —

=== boundary_anchors (NOW) ===
b00 start  — <none>
b00 finish — <none>
b01 start  — <none>
b01 finish rc=(373, 558)  t=240.0  completed=True  world=(1820.0, 2130.5)
b02 start  rc=(388, 486)  t=240.0  completed=True  world=(-340.0, 1680.5)
b02 finish — <none>
b03 start  — <none>
b03 finish rc=(444, 470)  t=240.0  completed=True  world=(-820.0, 0.5)
b04 start  — <none>
b04 finish — <none>
b05 start  — <none>
b05 finish — <none>
=== end ===

— end dump —

  → selected [-539.69812685  136.24686696] as drop point
FLUSHED
Using multi-phase propagation with wind schedule.
DROP RAN
[DEBUG] AT#00  finished drop in sector 2 – notifying ground crews
[DEBUG] GC#02  attempting re-plan… remaining path = 89 cells
[DEBUG] GC#02 start@(388, 486)  raw_arr=inf  now=301.0  mtt=nan  within_buffer=False
[START] GC#02 using ANCHOR (unspecified source) → start (388, 486) on boundary 2
Start:  (388, 486)
Finish:  (444, 470)
[GC#02] fire-line length 83 cells (51.2 min; full plan)
[DEBUG] GC#02  new path accepted (length 83, ETA 51.2 min)
Using multi-phase propagation with wind schedule.
[GC#02] updated fire after clearing batch
Using multi-phase propagation with wind schedule.
[GC#02] updated fire after clearing batch
Sector retarded
{2}
Using multi-phase propagation with wind schedule.
[GC#02] updated fire after clearing batch
Sector contained  2

— after _mark_anchor_completed(bdy=2, role=start, by=None) —

=== boundary_anchors (NOW) ===
b00 start  — <none>
b00 finish — <none>
b01 start  — <none>
b01 finish rc=(373, 558)  t=240.0  completed=True  world=(1820.0, 2130.5)
b02 start  rc=(388, 486)  t=240.0  completed=True  world=(-340.0, 1680.5)
b02 finish — <none>
b03 start  — <none>
b03 finish rc=(444, 470)  t=240.0  completed=True  world=(-820.0, 0.5)
b04 start  — <none>
b04 finish — <none>
b05 start  — <none>
b05 finish — <none>
=== end ===

— end dump —


— after _mark_anchor_completed(bdy=3, role=finish, by=None) —

=== boundary_anchors (NOW) ===
b00 start  — <none>
b00 finish — <none>
b01 start  — <none>
b01 finish rc=(373, 558)  t=240.0  completed=True  world=(1820.0, 2130.5)
b02 start  rc=(388, 486)  t=240.0  completed=True  world=(-340.0, 1680.5)
b02 finish — <none>
b03 start  — <none>
b03 finish rc=(444, 470)  t=240.0  completed=True  world=(-820.0, 0.5)
b04 start  — <none>
b04 finish — <none>
b05 start  — <none>
b05 finish — <none>
=== end ===

— end dump —

[GC#02] Sector 2 contained → Standby
Applied action {'FireHercAgent': (3,), 'GroundCrewAgent': (2, 3)} at t=360 min
[ICS] open=[0, 1, 3, 4, 5]  crew_order=[1, 3, 0, 4, 5]  weights={0: 115.0, 1: 2846.0, 3: 259.0, 4: 45.0, 5: 3.0}
simulating in place

— after _record_anchor(bdy=1, role=start, cell=(373, 558), by=None) —

=== boundary_anchors (NOW) ===
b00 start  — <none>
b00 finish — <none>
b01 start  rc=(373, 558)  t=360.0  completed=False  world=(1820.0, 2130.5)
b01 finish rc=(373, 558)  t=240.0  completed=True  world=(1820.0, 2130.5)
b02 start  rc=(388, 486)  t=240.0  completed=True  world=(-340.0, 1680.5)
b02 finish — <none>
b03 start  — <none>
b03 finish rc=(444, 470)  t=240.0  completed=True  world=(-820.0, 0.5)
b04 start  — <none>
b04 finish — <none>
b05 start  — <none>
b05 finish — <none>
=== end ===

— end dump —


— after _record_anchor(bdy=2, role=finish, cell=(388, 486), by=None) —

=== boundary_anchors (NOW) ===
b00 start  — <none>
b00 finish — <none>
b01 start  rc=(373, 558)  t=360.0  completed=False  world=(1820.0, 2130.5)
b01 finish rc=(373, 558)  t=240.0  completed=True  world=(1820.0, 2130.5)
b02 start  rc=(388, 486)  t=240.0  completed=True  world=(-340.0, 1680.5)
b02 finish rc=(388, 486)  t=360.0  completed=False  world=(-340.0, 1680.5)
b03 start  — <none>
b03 finish rc=(444, 470)  t=240.0  completed=True  world=(-820.0, 0.5)
b04 start  — <none>
b04 finish — <none>
b05 start  — <none>
b05 finish — <none>
=== end ===

— end dump —

[DEBUG] sector 1: start@bdy1 (373, 558)   finish@bdy2 (388, 486)
[GC#02] → sector 1  start (373, 558)  finish (388, 486)
Using multi-phase propagation with wind schedule.
[GC#01] updated fire after clearing batch
Using multi-phase propagation with wind schedule.
[GC#01] updated fire after clearing batch
Using multi-phase propagation with wind schedule.
[GC#01] updated fire after clearing batch
Using multi-phase propagation with wind schedule.
[GC#01] updated fire after clearing batch
Using multi-phase propagation with wind schedule.
[GC#01] updated fire after clearing batch
Using multi-phase propagation with wind schedule.
[GC#01] updated fire after clearing batch
  → selected [ -40.35765448 1054.17085955] as drop point
FLUSHED
Using multi-phase propagation with wind schedule.
DROP RAN
[DEBUG] AT#00  finished drop in sector 1 – notifying ground crews
[DEBUG] GC#01  attempting re-plan… remaining path = 152 cells
[DEBUG] GC#01 start@(373, 555)  raw_arr=inf  now=435.0  mtt=nan  within_buffer=False
[START] GC#01 using NEW (buffered by planner) → start (373, 555) on boundary 2
Start:  (373, 555)
Finish:  (373, 558)
[GC#01] fire-line length 6 cells (4.6 min; full plan)
[DEBUG] GC#01  new path accepted (length 6, ETA 4.6 min)
Using multi-phase propagation with wind schedule.
[GC#01] updated fire after clearing batch
Sector contained  1

— after _mark_anchor_completed(bdy=2, role=start, by=None) —

=== boundary_anchors (NOW) ===
b00 start  — <none>
b00 finish — <none>
b01 start  rc=(373, 558)  t=360.0  completed=False  world=(1820.0, 2130.5)
b01 finish rc=(373, 558)  t=240.0  completed=True  world=(1820.0, 2130.5)
b02 start  rc=(388, 486)  t=240.0  completed=True  world=(-340.0, 1680.5)
b02 finish rc=(388, 486)  t=360.0  completed=False  world=(-340.0, 1680.5)
b03 start  — <none>
b03 finish rc=(444, 470)  t=240.0  completed=True  world=(-820.0, 0.5)
b04 start  — <none>
b04 finish — <none>
b05 start  — <none>
b05 finish — <none>
=== end ===

— end dump —


— after _mark_anchor_completed(bdy=1, role=finish, by=None) —

=== boundary_anchors (NOW) ===
b00 start  — <none>
b00 finish — <none>
b01 start  rc=(373, 558)  t=360.0  completed=False  world=(1820.0, 2130.5)
b01 finish rc=(373, 558)  t=240.0  completed=True  world=(1820.0, 2130.5)
b02 start  rc=(388, 486)  t=240.0  completed=True  world=(-340.0, 1680.5)
b02 finish rc=(388, 486)  t=360.0  completed=False  world=(-340.0, 1680.5)
b03 start  — <none>
b03 finish rc=(444, 470)  t=240.0  completed=True  world=(-820.0, 0.5)
b04 start  — <none>
b04 finish — <none>
b05 start  — <none>
b05 finish — <none>
=== end ===

— end dump —

[GC#01] Sector 1 contained → Standby
[START] GC#02 using ANCHOR (unspecified source) → start (373, 558) on boundary 1
Start:  (373, 558)
Finish:  (388, 486)
[GC#02] fire-line length 136 cells (0.0 min; full plan)

— after _mark_anchor_completed(bdy=1, role=start, by=None) —

=== boundary_anchors (NOW) ===
b00 start  — <none>
b00 finish — <none>
b01 start  rc=(373, 558)  t=360.0  completed=True  world=(1820.0, 2130.5)
b01 finish rc=(373, 558)  t=240.0  completed=True  world=(1820.0, 2130.5)
b02 start  rc=(388, 486)  t=240.0  completed=True  world=(-340.0, 1680.5)
b02 finish rc=(388, 486)  t=360.0  completed=False  world=(-340.0, 1680.5)
b03 start  — <none>
b03 finish rc=(444, 470)  t=240.0  completed=True  world=(-820.0, 0.5)
b04 start  — <none>
b04 finish — <none>
b05 start  — <none>
b05 finish — <none>
=== end ===

— end dump —


— after _mark_anchor_completed(bdy=2, role=finish, by=<groundcrew.GroundCrewAgent object at 0x0000026330A7AB90>) —

=== boundary_anchors (NOW) ===
b00 start  — <none>
b00 finish — <none>
b01 start  rc=(373, 558)  t=360.0  completed=True  world=(1820.0, 2130.5)
b01 finish rc=(373, 558)  t=240.0  completed=True  world=(1820.0, 2130.5)
b02 start  rc=(388, 486)  t=240.0  completed=True  world=(-340.0, 1680.5)
b02 finish rc=(388, 486)  t=360.0  completed=True  world=(-340.0, 1680.5)
b03 start  — <none>
b03 finish rc=(444, 470)  t=240.0  completed=True  world=(-820.0, 0.5)
b04 start  — <none>
b04 finish — <none>
b05 start  — <none>
b05 finish — <none>
=== end ===

— end dump —

Using multi-phase propagation with wind schedule.
[GC#02] updated fire after clearing batch
Using multi-phase propagation with wind schedule.
[GC#02] updated fire after clearing batch
Sector contained  1

— after _mark_anchor_completed(bdy=1, role=start, by=None) —

=== boundary_anchors (NOW) ===
b00 start  — <none>
b00 finish — <none>
b01 start  rc=(373, 558)  t=360.0  completed=True  world=(1820.0, 2130.5)
b01 finish rc=(373, 558)  t=240.0  completed=True  world=(1820.0, 2130.5)
b02 start  rc=(388, 486)  t=240.0  completed=True  world=(-340.0, 1680.5)
b02 finish rc=(388, 486)  t=360.0  completed=True  world=(-340.0, 1680.5)
b03 start  — <none>
b03 finish rc=(444, 470)  t=240.0  completed=True  world=(-820.0, 0.5)
b04 start  — <none>
b04 finish — <none>
b05 start  — <none>
b05 finish — <none>
=== end ===

— end dump —


— after _mark_anchor_completed(bdy=2, role=finish, by=None) —

=== boundary_anchors (NOW) ===
b00 start  — <none>
b00 finish — <none>
b01 start  rc=(373, 558)  t=360.0  completed=True  world=(1820.0, 2130.5)
b01 finish rc=(373, 558)  t=240.0  completed=True  world=(1820.0, 2130.5)
b02 start  rc=(388, 486)  t=240.0  completed=True  world=(-340.0, 1680.5)
b02 finish rc=(388, 486)  t=360.0  completed=True  world=(-340.0, 1680.5)
b03 start  — <none>
b03 finish rc=(444, 470)  t=240.0  completed=True  world=(-820.0, 0.5)
b04 start  — <none>
b04 finish — <none>
b05 start  — <none>
b05 finish — <none>
=== end ===

— end dump —

[GC#02] Sector 1 contained → Standby
Applied action {'FireHercAgent': (2,), 'GroundCrewAgent': (2, 4)} at t=480 min
[ICS] open=[0, 3, 4, 5]  crew_order=[3, 0, 4, 5]  weights={0: 115.0, 3: 259.0, 4: 45.0, 5: 3.0}
simulating in place

— after _record_anchor(bdy=3, role=start, cell=(444, 470), by=None) —

=== boundary_anchors (NOW) ===
b00 start  — <none>
b00 finish — <none>
b01 start  rc=(373, 558)  t=360.0  completed=True  world=(1820.0, 2130.5)
b01 finish rc=(373, 558)  t=240.0  completed=True  world=(1820.0, 2130.5)
b02 start  rc=(388, 486)  t=240.0  completed=True  world=(-340.0, 1680.5)
b02 finish rc=(388, 486)  t=360.0  completed=True  world=(-340.0, 1680.5)
b03 start  rc=(444, 470)  t=480.0  completed=False  world=(-820.0, 0.5)
b03 finish rc=(444, 470)  t=240.0  completed=True  world=(-820.0, 0.5)
b04 start  — <none>
b04 finish — <none>
b05 start  — <none>
b05 finish — <none>
=== end ===

— end dump —


— after _record_anchor(bdy=4, role=finish, cell=(576, 441), by=None) —

=== boundary_anchors (NOW) ===
b00 start  — <none>
b00 finish — <none>
b01 start  rc=(373, 558)  t=360.0  completed=True  world=(1820.0, 2130.5)
b01 finish rc=(373, 558)  t=240.0  completed=True  world=(1820.0, 2130.5)
b02 start  rc=(388, 486)  t=240.0  completed=True  world=(-340.0, 1680.5)
b02 finish rc=(388, 486)  t=360.0  completed=True  world=(-340.0, 1680.5)
b03 start  rc=(444, 470)  t=480.0  completed=False  world=(-820.0, 0.5)
b03 finish rc=(444, 470)  t=240.0  completed=True  world=(-820.0, 0.5)
b04 start  — <none>
b04 finish rc=(576, 441)  t=480.0  completed=False  world=(-1690.0, -3959.5)
b05 start  — <none>
b05 finish — <none>
=== end ===

— end dump —

[DEBUG] sector 3: start@bdy3 (444, 470)   finish@bdy4 (576, 441)
[GC#01] → sector 3  start (444, 470)  finish (576, 441)

— after _record_anchor(bdy=1, role=start, cell=(373, 558), by=None) —

=== boundary_anchors (NOW) ===
b00 start  — <none>
b00 finish — <none>
b01 start  rc=(373, 558)  t=480.0  completed=False  world=(1820.0, 2130.5)
b01 finish rc=(373, 558)  t=240.0  completed=True  world=(1820.0, 2130.5)
b02 start  rc=(388, 486)  t=240.0  completed=True  world=(-340.0, 1680.5)
b02 finish rc=(388, 486)  t=360.0  completed=True  world=(-340.0, 1680.5)
b03 start  rc=(444, 470)  t=480.0  completed=False  world=(-820.0, 0.5)
b03 finish rc=(444, 470)  t=240.0  completed=True  world=(-820.0, 0.5)
b04 start  — <none>
b04 finish rc=(576, 441)  t=480.0  completed=False  world=(-1690.0, -3959.5)
b05 start  — <none>
b05 finish — <none>
=== end ===

— end dump —


— after _record_anchor(bdy=0, role=finish, cell=(444, 614), by=None) —

=== boundary_anchors (NOW) ===
b00 start  — <none>
b00 finish rc=(444, 614)  t=480.0  completed=False  world=(3500.0, 0.5)
b01 start  rc=(373, 558)  t=480.0  completed=False  world=(1820.0, 2130.5)
b01 finish rc=(373, 558)  t=240.0  completed=True  world=(1820.0, 2130.5)
b02 start  rc=(388, 486)  t=240.0  completed=True  world=(-340.0, 1680.5)
b02 finish rc=(388, 486)  t=360.0  completed=True  world=(-340.0, 1680.5)
b03 start  rc=(444, 470)  t=480.0  completed=False  world=(-820.0, 0.5)
b03 finish rc=(444, 470)  t=240.0  completed=True  world=(-820.0, 0.5)
b04 start  — <none>
b04 finish rc=(576, 441)  t=480.0  completed=False  world=(-1690.0, -3959.5)
b05 start  — <none>
b05 finish — <none>
=== end ===

— end dump —

[DEBUG] sector 0: start@bdy1 (373, 558)   finish@bdy0 (444, 614)
[GC#02] → sector 0  start (373, 558)  finish (444, 614)
  → selected [-944.89129259 -854.91575145] as drop point
Using multi-phase propagation with wind schedule.
DROP RAN
[DEBUG] AT#00  finished drop in sector 3 – notifying ground crews
  → selected [-1132.31009915 -1769.71481037] as drop point
Using multi-phase propagation with wind schedule.
DROP RAN
[DEBUG] AT#00  finished drop in sector 3 – notifying ground crews
[START] GC#02 using ANCHOR (unspecified source) → start (373, 558) on boundary 1
Start:  (373, 558)
Finish:  (444, 614)
[GC#02] fire-line length 136 cells (225.5 min; full plan)

— after _mark_anchor_completed(bdy=1, role=start, by=None) —

=== boundary_anchors (NOW) ===
b00 start  — <none>
b00 finish rc=(444, 614)  t=480.0  completed=False  world=(3500.0, 0.5)
b01 start  rc=(373, 558)  t=480.0  completed=True  world=(1820.0, 2130.5)
b01 finish rc=(373, 558)  t=240.0  completed=True  world=(1820.0, 2130.5)
b02 start  rc=(388, 486)  t=240.0  completed=True  world=(-340.0, 1680.5)
b02 finish rc=(388, 486)  t=360.0  completed=True  world=(-340.0, 1680.5)
b03 start  rc=(444, 470)  t=480.0  completed=False  world=(-820.0, 0.5)
b03 finish rc=(444, 470)  t=240.0  completed=True  world=(-820.0, 0.5)
b04 start  — <none>
b04 finish rc=(576, 441)  t=480.0  completed=False  world=(-1690.0, -3959.5)
b05 start  — <none>
b05 finish — <none>
=== end ===

— end dump —


— after _mark_anchor_completed(bdy=0, role=finish, by=<groundcrew.GroundCrewAgent object at 0x0000026330A7AB90>) —

=== boundary_anchors (NOW) ===
b00 start  — <none>
b00 finish rc=(444, 614)  t=480.0  completed=True  world=(3500.0, 0.5)
b01 start  rc=(373, 558)  t=480.0  completed=True  world=(1820.0, 2130.5)
b01 finish rc=(373, 558)  t=240.0  completed=True  world=(1820.0, 2130.5)
b02 start  rc=(388, 486)  t=240.0  completed=True  world=(-340.0, 1680.5)
b02 finish rc=(388, 486)  t=360.0  completed=True  world=(-340.0, 1680.5)
b03 start  rc=(444, 470)  t=480.0  completed=False  world=(-820.0, 0.5)
b03 finish rc=(444, 470)  t=240.0  completed=True  world=(-820.0, 0.5)
b04 start  — <none>
b04 finish rc=(576, 441)  t=480.0  completed=False  world=(-1690.0, -3959.5)
b05 start  — <none>
b05 finish — <none>
=== end ===

— end dump —

Using multi-phase propagation with wind schedule.
[GC#02] updated fire after clearing batch
[START] GC#01 using ANCHOR (unspecified source) → start (444, 470) on boundary 3
Start:  (444, 470)
Finish:  (576, 441)
[GC#01] fire-line length 264 cells (311.7 min; full plan)

— after _mark_anchor_completed(bdy=3, role=start, by=None) —

=== boundary_anchors (NOW) ===
b00 start  — <none>
b00 finish rc=(444, 614)  t=480.0  completed=True  world=(3500.0, 0.5)
b01 start  rc=(373, 558)  t=480.0  completed=True  world=(1820.0, 2130.5)
b01 finish rc=(373, 558)  t=240.0  completed=True  world=(1820.0, 2130.5)
b02 start  rc=(388, 486)  t=240.0  completed=True  world=(-340.0, 1680.5)
b02 finish rc=(388, 486)  t=360.0  completed=True  world=(-340.0, 1680.5)
b03 start  rc=(444, 470)  t=480.0  completed=True  world=(-820.0, 0.5)
b03 finish rc=(444, 470)  t=240.0  completed=True  world=(-820.0, 0.5)
b04 start  — <none>
b04 finish rc=(576, 441)  t=480.0  completed=False  world=(-1690.0, -3959.5)
b05 start  — <none>
b05 finish — <none>
=== end ===

— end dump —


— after _mark_anchor_completed(bdy=4, role=finish, by=<groundcrew.GroundCrewAgent object at 0x0000026330A7A510>) —

=== boundary_anchors (NOW) ===
b00 start  — <none>
b00 finish rc=(444, 614)  t=480.0  completed=True  world=(3500.0, 0.5)
b01 start  rc=(373, 558)  t=480.0  completed=True  world=(1820.0, 2130.5)
b01 finish rc=(373, 558)  t=240.0  completed=True  world=(1820.0, 2130.5)
b02 start  rc=(388, 486)  t=240.0  completed=True  world=(-340.0, 1680.5)
b02 finish rc=(388, 486)  t=360.0  completed=True  world=(-340.0, 1680.5)
b03 start  rc=(444, 470)  t=480.0  completed=True  world=(-820.0, 0.5)
b03 finish rc=(444, 470)  t=240.0  completed=True  world=(-820.0, 0.5)
b04 start  — <none>
b04 finish rc=(576, 441)  t=480.0  completed=True  world=(-1690.0, -3959.5)
b05 start  — <none>
b05 finish — <none>
=== end ===

— end dump —

  → selected [-1334.0356511 -2086.3604998] as drop point
FLUSHED
FLUSHED
Using multi-phase propagation with wind schedule.
DROP RAN
[DEBUG] AT#00  finished drop in sector 3 – notifying ground crews
[DEBUG] GC#01  attempting re-plan… remaining path = 264 cells
[DEBUG] GC#01 start@(453, 474)  raw_arr=inf  now=573.0  mtt=nan  within_buffer=False
[START] GC#01 using NEW (buffered by planner) → start (453, 474) on boundary 3
Start:  (453, 474)
Finish:  (576, 441)
[GC#01] fire-line length 249 cells (297.9 min; full plan)
[DEBUG] GC#01  new path accepted (length 249, ETA 297.9 min)
Using multi-phase propagation with wind schedule.
[GC#01] updated fire after clearing batch
Using multi-phase propagation with wind schedule.
[GC#01] updated fire after clearing batch
Applied action {'FireHercAgent': (4,), 'GroundCrewAgent': (4, 1)} at t=600 min
[ICS] open=[0, 3, 4, 5]  crew_order=[3, 0, 4, 5]  weights={0: 115.0, 3: 259.0, 4: 45.0, 5: 3.0}
simulating in place
Using multi-phase propagation with wind schedule.
[GC#02] updated fire after clearing batch
Sector retarded
{2, 3}
Using multi-phase propagation with wind schedule.
[GC#02] updated fire after clearing batch
Using multi-phase propagation with wind schedule.
[GC#01] updated fire after clearing batch
Using multi-phase propagation with wind schedule.
[GC#02] updated fire after clearing batch
Using multi-phase propagation with wind schedule.
[GC#01] updated fire after clearing batch
  → selected [-1776.58616737 -2781.02566234] as drop point
FLUSHED
FLUSHED
Using multi-phase propagation with wind schedule.
DROP RAN
[DEBUG] AT#00  finished drop in sector 3 – notifying ground crews
[DEBUG] GC#01  attempting re-plan… remaining path = 249 cells
[DEBUG] GC#01 start@(531, 427)  raw_arr=inf  now=706.0  mtt=nan  within_buffer=False
[START] GC#01 using NEW (buffered by planner) → start (531, 427) on boundary 3
Start:  (531, 427)
Finish:  (576, 441)
[GC#01] fire-line length 74 cells (112.7 min; full plan)
[DEBUG] GC#01  new path accepted (length 74, ETA 112.7 min)
Applied action {'FireHercAgent': (4,), 'GroundCrewAgent': (4, 1)} at t=720 min
[ICS] open=[0, 3, 4, 5]  crew_order=[3, 0, 4, 5]  weights={0: 115.0, 3: 259.0, 4: 45.0, 5: 3.0}
simulating in place
Using multi-phase propagation with wind schedule.
[GC#01] updated fire after clearing batch
  → selected [3814.12706128  181.8023894 ] as drop point
FLUSHED
FLUSHED
Using multi-phase propagation with wind schedule.
DROP RAN
[DEBUG] AT#00  finished drop in sector 0 – notifying ground crews
[DEBUG] GC#02  attempting re-plan… remaining path = 136 cells
[DEBUG] GC#02 start@(443, 616)  raw_arr=inf  now=753.0  mtt=nan  within_buffer=False
[START] GC#02 using NEW (buffered by planner) → start (443, 616) on boundary 1
Start:  (443, 616)
Finish:  (444, 614)
[GC#02] fire-line length 4 cells (4.7 min; full plan)
[DEBUG] GC#02  new path accepted (length 4, ETA 4.7 min)
Using multi-phase propagation with wind schedule.
[GC#02] updated fire after clearing batch
Sector contained  0

— after _mark_anchor_completed(bdy=1, role=start, by=None) —

=== boundary_anchors (NOW) ===
b00 start  — <none>
b00 finish rc=(444, 614)  t=480.0  completed=True  world=(3500.0, 0.5)
b01 start  rc=(373, 558)  t=480.0  completed=True  world=(1820.0, 2130.5)
b01 finish rc=(373, 558)  t=240.0  completed=True  world=(1820.0, 2130.5)
b02 start  rc=(388, 486)  t=240.0  completed=True  world=(-340.0, 1680.5)
b02 finish rc=(388, 486)  t=360.0  completed=True  world=(-340.0, 1680.5)
b03 start  rc=(444, 470)  t=480.0  completed=True  world=(-820.0, 0.5)
b03 finish rc=(444, 470)  t=240.0  completed=True  world=(-820.0, 0.5)
b04 start  — <none>
b04 finish rc=(576, 441)  t=480.0  completed=True  world=(-1690.0, -3959.5)
b05 start  — <none>
b05 finish — <none>
=== end ===

— end dump —


— after _mark_anchor_completed(bdy=0, role=finish, by=None) —

=== boundary_anchors (NOW) ===
b00 start  — <none>
b00 finish rc=(444, 614)  t=480.0  completed=True  world=(3500.0, 0.5)
b01 start  rc=(373, 558)  t=480.0  completed=True  world=(1820.0, 2130.5)
b01 finish rc=(373, 558)  t=240.0  completed=True  world=(1820.0, 2130.5)
b02 start  rc=(388, 486)  t=240.0  completed=True  world=(-340.0, 1680.5)
b02 finish rc=(388, 486)  t=360.0  completed=True  world=(-340.0, 1680.5)
b03 start  rc=(444, 470)  t=480.0  completed=True  world=(-820.0, 0.5)
b03 finish rc=(444, 470)  t=240.0  completed=True  world=(-820.0, 0.5)
b04 start  — <none>
b04 finish rc=(576, 441)  t=480.0  completed=True  world=(-1690.0, -3959.5)
b05 start  — <none>
b05 finish — <none>
=== end ===

— end dump —

[GC#02] Sector 0 contained → Standby
  → selected [3695.07520404  501.30062707] as drop point
FLUSHED
Using multi-phase propagation with wind schedule.
DROP RAN
[DEBUG] AT#00  finished drop in sector 0 – notifying ground crews
Using multi-phase propagation with wind schedule.
[GC#01] updated fire after clearing batch
Sector contained  3

— after _mark_anchor_completed(bdy=3, role=start, by=None) —

=== boundary_anchors (NOW) ===
b00 start  — <none>
b00 finish rc=(444, 614)  t=480.0  completed=True  world=(3500.0, 0.5)
b01 start  rc=(373, 558)  t=480.0  completed=True  world=(1820.0, 2130.5)
b01 finish rc=(373, 558)  t=240.0  completed=True  world=(1820.0, 2130.5)
b02 start  rc=(388, 486)  t=240.0  completed=True  world=(-340.0, 1680.5)
b02 finish rc=(388, 486)  t=360.0  completed=True  world=(-340.0, 1680.5)
b03 start  rc=(444, 470)  t=480.0  completed=True  world=(-820.0, 0.5)
b03 finish rc=(444, 470)  t=240.0  completed=True  world=(-820.0, 0.5)
b04 start  — <none>
b04 finish rc=(576, 441)  t=480.0  completed=True  world=(-1690.0, -3959.5)
b05 start  — <none>
b05 finish — <none>
=== end ===

— end dump —


— after _mark_anchor_completed(bdy=4, role=finish, by=None) —

=== boundary_anchors (NOW) ===
b00 start  — <none>
b00 finish rc=(444, 614)  t=480.0  completed=True  world=(3500.0, 0.5)
b01 start  rc=(373, 558)  t=480.0  completed=True  world=(1820.0, 2130.5)
b01 finish rc=(373, 558)  t=240.0  completed=True  world=(1820.0, 2130.5)
b02 start  rc=(388, 486)  t=240.0  completed=True  world=(-340.0, 1680.5)
b02 finish rc=(388, 486)  t=360.0  completed=True  world=(-340.0, 1680.5)
b03 start  rc=(444, 470)  t=480.0  completed=True  world=(-820.0, 0.5)
b03 finish rc=(444, 470)  t=240.0  completed=True  world=(-820.0, 0.5)
b04 start  — <none>
b04 finish rc=(576, 441)  t=480.0  completed=True  world=(-1690.0, -3959.5)
b05 start  — <none>
b05 finish — <none>
=== end ===

— end dump —

[GC#01] Sector 3 contained → Standby
Applied action {'FireHercAgent': (1,), 'GroundCrewAgent': (4, 1)} at t=840 min
[ICS] open=[4, 5]  crew_order=[4, 5]  weights={4: 45.0, 5: 3.0}
simulating in place

— after _record_anchor(bdy=4, role=start, cell=(576, 441), by=None) —

=== boundary_anchors (NOW) ===
b00 start  — <none>
b00 finish rc=(444, 614)  t=480.0  completed=True  world=(3500.0, 0.5)
b01 start  rc=(373, 558)  t=480.0  completed=True  world=(1820.0, 2130.5)
b01 finish rc=(373, 558)  t=240.0  completed=True  world=(1820.0, 2130.5)
b02 start  rc=(388, 486)  t=240.0  completed=True  world=(-340.0, 1680.5)
b02 finish rc=(388, 486)  t=360.0  completed=True  world=(-340.0, 1680.5)
b03 start  rc=(444, 470)  t=480.0  completed=True  world=(-820.0, 0.5)
b03 finish rc=(444, 470)  t=240.0  completed=True  world=(-820.0, 0.5)
b04 start  rc=(576, 441)  t=840.0  completed=False  world=(-1690.0, -3959.5)
b04 finish rc=(576, 441)  t=480.0  completed=True  world=(-1690.0, -3959.5)
b05 start  — <none>
b05 finish — <none>
=== end ===

— end dump —


— after _record_anchor(bdy=5, role=finish, cell=(563, 587), by=None) —

=== boundary_anchors (NOW) ===
b00 start  — <none>
b00 finish rc=(444, 614)  t=480.0  completed=True  world=(3500.0, 0.5)
b01 start  rc=(373, 558)  t=480.0  completed=True  world=(1820.0, 2130.5)
b01 finish rc=(373, 558)  t=240.0  completed=True  world=(1820.0, 2130.5)
b02 start  rc=(388, 486)  t=240.0  completed=True  world=(-340.0, 1680.5)
b02 finish rc=(388, 486)  t=360.0  completed=True  world=(-340.0, 1680.5)
b03 start  rc=(444, 470)  t=480.0  completed=True  world=(-820.0, 0.5)
b03 finish rc=(444, 470)  t=240.0  completed=True  world=(-820.0, 0.5)
b04 start  rc=(576, 441)  t=840.0  completed=False  world=(-1690.0, -3959.5)
b04 finish rc=(576, 441)  t=480.0  completed=True  world=(-1690.0, -3959.5)
b05 start  — <none>
b05 finish rc=(563, 587)  t=840.0  completed=False  world=(2690.0, -3569.5)
=== end ===

— end dump —

[DEBUG] sector 4: start@bdy4 (576, 441)   finish@bdy5 (563, 587)
[GC#01] → sector 4  start (576, 441)  finish (563, 587)

— after _record_anchor(bdy=0, role=start, cell=(444, 614), by=None) —

=== boundary_anchors (NOW) ===
b00 start  rc=(444, 614)  t=840.0  completed=False  world=(3500.0, 0.5)
b00 finish rc=(444, 614)  t=480.0  completed=True  world=(3500.0, 0.5)
b01 start  rc=(373, 558)  t=480.0  completed=True  world=(1820.0, 2130.5)
b01 finish rc=(373, 558)  t=240.0  completed=True  world=(1820.0, 2130.5)
b02 start  rc=(388, 486)  t=240.0  completed=True  world=(-340.0, 1680.5)
b02 finish rc=(388, 486)  t=360.0  completed=True  world=(-340.0, 1680.5)
b03 start  rc=(444, 470)  t=480.0  completed=True  world=(-820.0, 0.5)
b03 finish rc=(444, 470)  t=240.0  completed=True  world=(-820.0, 0.5)
b04 start  rc=(576, 441)  t=840.0  completed=False  world=(-1690.0, -3959.5)
b04 finish rc=(576, 441)  t=480.0  completed=True  world=(-1690.0, -3959.5)
b05 start  — <none>
b05 finish rc=(563, 587)  t=840.0  completed=False  world=(2690.0, -3569.5)
=== end ===

— end dump —


— after _record_anchor(bdy=5, role=finish, cell=(558, 584), by=None) —

=== boundary_anchors (NOW) ===
b00 start  rc=(444, 614)  t=840.0  completed=False  world=(3500.0, 0.5)
b00 finish rc=(444, 614)  t=480.0  completed=True  world=(3500.0, 0.5)
b01 start  rc=(373, 558)  t=480.0  completed=True  world=(1820.0, 2130.5)
b01 finish rc=(373, 558)  t=240.0  completed=True  world=(1820.0, 2130.5)
b02 start  rc=(388, 486)  t=240.0  completed=True  world=(-340.0, 1680.5)
b02 finish rc=(388, 486)  t=360.0  completed=True  world=(-340.0, 1680.5)
b03 start  rc=(444, 470)  t=480.0  completed=True  world=(-820.0, 0.5)
b03 finish rc=(444, 470)  t=240.0  completed=True  world=(-820.0, 0.5)
b04 start  rc=(576, 441)  t=840.0  completed=False  world=(-1690.0, -3959.5)
b04 finish rc=(576, 441)  t=480.0  completed=True  world=(-1690.0, -3959.5)
b05 start  — <none>
b05 finish rc=(558, 584)  t=840.0  completed=False  world=(2600.0, -3419.5)
=== end ===

— end dump —

[DEBUG] sector 5: start@bdy0 (444, 614)   finish@bdy5 (558, 584)
[GC#02] → sector 5  start (444, 614)  finish (558, 584)
[START] GC#01 using ANCHOR (unspecified source) → start (576, 441) on boundary 4
Start:  (576, 441)
Finish:  (563, 587)
[GC#01] WARNING: fire intercept at (566, 573) (burn_pen>0) – truncating path at idx 261.
[GC#01] fire-line length 262 cells (829.1 min; ABORTED EARLY)

— after _mark_anchor_completed(bdy=4, role=start, by=None) —

=== boundary_anchors (NOW) ===
b00 start  rc=(444, 614)  t=840.0  completed=False  world=(3500.0, 0.5)
b00 finish rc=(444, 614)  t=480.0  completed=True  world=(3500.0, 0.5)
b01 start  rc=(373, 558)  t=480.0  completed=True  world=(1820.0, 2130.5)
b01 finish rc=(373, 558)  t=240.0  completed=True  world=(1820.0, 2130.5)
b02 start  rc=(388, 486)  t=240.0  completed=True  world=(-340.0, 1680.5)
b02 finish rc=(388, 486)  t=360.0  completed=True  world=(-340.0, 1680.5)
b03 start  rc=(444, 470)  t=480.0  completed=True  world=(-820.0, 0.5)
b03 finish rc=(444, 470)  t=240.0  completed=True  world=(-820.0, 0.5)
b04 start  rc=(576, 441)  t=840.0  completed=True  world=(-1690.0, -3959.5)
b04 finish rc=(576, 441)  t=480.0  completed=True  world=(-1690.0, -3959.5)
b05 start  — <none>
b05 finish rc=(558, 584)  t=840.0  completed=False  world=(2600.0, -3419.5)
=== end ===

— end dump —


— after _mark_anchor_completed(bdy=5, role=finish, by=<groundcrew.GroundCrewAgent object at 0x0000026330A7A510>) —

=== boundary_anchors (NOW) ===
b00 start  rc=(444, 614)  t=840.0  completed=False  world=(3500.0, 0.5)
b00 finish rc=(444, 614)  t=480.0  completed=True  world=(3500.0, 0.5)
b01 start  rc=(373, 558)  t=480.0  completed=True  world=(1820.0, 2130.5)
b01 finish rc=(373, 558)  t=240.0  completed=True  world=(1820.0, 2130.5)
b02 start  rc=(388, 486)  t=240.0  completed=True  world=(-340.0, 1680.5)
b02 finish rc=(388, 486)  t=360.0  completed=True  world=(-340.0, 1680.5)
b03 start  rc=(444, 470)  t=480.0  completed=True  world=(-820.0, 0.5)
b03 finish rc=(444, 470)  t=240.0  completed=True  world=(-820.0, 0.5)
b04 start  rc=(576, 441)  t=840.0  completed=True  world=(-1690.0, -3959.5)
b04 finish rc=(576, 441)  t=480.0  completed=True  world=(-1690.0, -3959.5)
b05 start  — <none>
b05 finish rc=(558, 584)  t=840.0  completed=True  world=(2600.0, -3419.5)
=== end ===

— end dump —


— after _mark_anchor_uncompleted(bdy=5, role=finish, by=<groundcrew.GroundCrewAgent object at 0x0000026330A7A510>) —

=== boundary_anchors (NOW) ===
b00 start  rc=(444, 614)  t=840.0  completed=False  world=(3500.0, 0.5)
b00 finish rc=(444, 614)  t=480.0  completed=True  world=(3500.0, 0.5)
b01 start  rc=(373, 558)  t=480.0  completed=True  world=(1820.0, 2130.5)
b01 finish rc=(373, 558)  t=240.0  completed=True  world=(1820.0, 2130.5)
b02 start  rc=(388, 486)  t=240.0  completed=True  world=(-340.0, 1680.5)
b02 finish rc=(388, 486)  t=360.0  completed=True  world=(-340.0, 1680.5)
b03 start  rc=(444, 470)  t=480.0  completed=True  world=(-820.0, 0.5)
b03 finish rc=(444, 470)  t=240.0  completed=True  world=(-820.0, 0.5)
b04 start  rc=(576, 441)  t=840.0  completed=True  world=(-1690.0, -3959.5)
b04 finish rc=(576, 441)  t=480.0  completed=True  world=(-1690.0, -3959.5)
b05 start  — <none>
b05 finish rc=(558, 584)  t=840.0  completed=False  world=(2600.0, -3419.5)
=== end ===

— end dump —

[START] GC#02 using ANCHOR (unspecified source) → start (444, 614) on boundary 0
Start:  (444, 614)
Finish:  (558, 584)
[GC#02] fire-line length 285 cells (385.2 min; full plan)

— after _mark_anchor_completed(bdy=0, role=start, by=None) —

=== boundary_anchors (NOW) ===
b00 start  rc=(444, 614)  t=840.0  completed=True  world=(3500.0, 0.5)
b00 finish rc=(444, 614)  t=480.0  completed=True  world=(3500.0, 0.5)
b01 start  rc=(373, 558)  t=480.0  completed=True  world=(1820.0, 2130.5)
b01 finish rc=(373, 558)  t=240.0  completed=True  world=(1820.0, 2130.5)
b02 start  rc=(388, 486)  t=240.0  completed=True  world=(-340.0, 1680.5)
b02 finish rc=(388, 486)  t=360.0  completed=True  world=(-340.0, 1680.5)
b03 start  rc=(444, 470)  t=480.0  completed=True  world=(-820.0, 0.5)
b03 finish rc=(444, 470)  t=240.0  completed=True  world=(-820.0, 0.5)
b04 start  rc=(576, 441)  t=840.0  completed=True  world=(-1690.0, -3959.5)
b04 finish rc=(576, 441)  t=480.0  completed=True  world=(-1690.0, -3959.5)
b05 start  — <none>
b05 finish rc=(558, 584)  t=840.0  completed=False  world=(2600.0, -3419.5)
=== end ===

— end dump —


— after _mark_anchor_completed(bdy=5, role=finish, by=<groundcrew.GroundCrewAgent object at 0x0000026330A7AB90>) —

=== boundary_anchors (NOW) ===
b00 start  rc=(444, 614)  t=840.0  completed=True  world=(3500.0, 0.5)
b00 finish rc=(444, 614)  t=480.0  completed=True  world=(3500.0, 0.5)
b01 start  rc=(373, 558)  t=480.0  completed=True  world=(1820.0, 2130.5)
b01 finish rc=(373, 558)  t=240.0  completed=True  world=(1820.0, 2130.5)
b02 start  rc=(388, 486)  t=240.0  completed=True  world=(-340.0, 1680.5)
b02 finish rc=(388, 486)  t=360.0  completed=True  world=(-340.0, 1680.5)
b03 start  rc=(444, 470)  t=480.0  completed=True  world=(-820.0, 0.5)
b03 finish rc=(444, 470)  t=240.0  completed=True  world=(-820.0, 0.5)
b04 start  rc=(576, 441)  t=840.0  completed=True  world=(-1690.0, -3959.5)
b04 finish rc=(576, 441)  t=480.0  completed=True  world=(-1690.0, -3959.5)
b05 start  — <none>
b05 finish rc=(558, 584)  t=840.0  completed=True  world=(2600.0, -3419.5)
=== end ===

— end dump —

  → selected [ -153.05724376 -3604.43190387] as drop point
FLUSHED
FLUSHED
Using multi-phase propagation with wind schedule.
DROP RAN
[DEBUG] AT#00  finished drop in sector 4 – notifying ground crews
[DEBUG] GC#01  attempting re-plan… remaining path = 262 cells
[DEBUG] GC#01 start@(577, 440)  raw_arr=inf  now=845.0  mtt=nan  within_buffer=False
[START] GC#01 using NEW (buffered by planner) → start (577, 440) on boundary 4
Start:  (577, 440)
Finish:  (563, 587)
[GC#01] WARNING: fire intercept at (566, 573) (burn_pen>0) – truncating path at idx 259.
[GC#01] fire-line length 260 cells (824.4 min; ABORTED EARLY)
[DEBUG] GC#01  new path accepted (length 260, ETA 824.4 min)
Using multi-phase propagation with wind schedule.
[GC#02] updated fire after clearing batch
Using multi-phase propagation with wind schedule.
[GC#02] updated fire after clearing batch
Using multi-phase propagation with wind schedule.
[GC#02] updated fire after clearing batch
  → selected [ 1293.47947424 -3095.19186241] as drop point
FLUSHED
FLUSHED
Using multi-phase propagation with wind schedule.
DROP RAN
[DEBUG] AT#00  finished drop in sector 4 – notifying ground crews
[DEBUG] GC#01  attempting re-plan… remaining path = 260 cells
[DEBUG] GC#01 start@(587, 440)  raw_arr=inf  now=892.0  mtt=nan  within_buffer=False
[START] GC#01 using NEW (buffered by planner) → start (587, 440) on boundary 4
Start:  (587, 440)
Finish:  (563, 587)
[GC#01] WARNING: fire intercept at (564, 573) (burn_pen>0) – truncating path at idx 253.
[GC#01] fire-line length 254 cells (782.0 min; ABORTED EARLY)
[DEBUG] GC#01  new path accepted (length 254, ETA 782.0 min)
  → selected [ 1597.91342536 -3044.48153738] as drop point
FLUSHED
FLUSHED
Using multi-phase propagation with wind schedule.
DROP RAN
[DEBUG] AT#00  finished drop in sector 4 – notifying ground crews
[DEBUG] GC#01  attempting re-plan… remaining path = 254 cells
[DEBUG] GC#01 start@(597, 439)  raw_arr=inf  now=939.0  mtt=nan  within_buffer=False
[START] GC#01 using NEW (buffered by planner) → start (597, 439) on boundary 4
Start:  (597, 439)
Finish:  (563, 587)
[GC#01] WARNING: fire intercept at (564, 573) (burn_pen>0) – truncating path at idx 244.
[GC#01] fire-line length 245 cells (716.6 min; ABORTED EARLY)
[DEBUG] GC#01  new path accepted (length 245, ETA 716.6 min)
Applied action {'FireHercAgent': (5,), 'GroundCrewAgent': (5, 6)} at t=960 min
[ICS] open=[4, 5]  crew_order=[4, 5]  weights={4: 45.0, 5: 3.0}
simulating in place
Using multi-phase propagation with wind schedule.
[GC#02] updated fire after clearing batch
  → [ 26.82830354 -37.22542729] already burned – skipping
Sector retarded
{2, 3, 4}
Using multi-phase propagation with wind schedule.
[GC#02] updated fire after clearing batch
Using multi-phase propagation with wind schedule.
[GC#01] updated fire after clearing batch
Using multi-phase propagation with wind schedule.
[GC#02] updated fire after clearing batch
  → [ 28.33846916 -89.81694867] already burned – skipping
Sector retarded
{2, 3, 4}
Using multi-phase propagation with wind schedule.
[GC#02] updated fire after clearing batch
Using multi-phase propagation with wind schedule.
[GC#01] updated fire after clearing batch
Applied action {'FireHercAgent': (5,), 'GroundCrewAgent': (5, 6)} at t=1080 min
[ICS] open=[4, 5]  crew_order=[4, 5]  weights={4: 45.0, 5: 3.0}
simulating in place
  → [ -8.366097  -85.9732031] already burned – skipping
Sector retarded
{2, 3, 4}
Using multi-phase propagation with wind schedule.
[GC#01] updated fire after clearing batch
Using multi-phase propagation with wind schedule.
[GC#02] updated fire after clearing batch
  → [ 18.18765879 -84.73867079] already burned – skipping
Sector retarded
{2, 3, 4}
Using multi-phase propagation with wind schedule.
[GC#02] updated fire after clearing batch
  → [  9.0843372  -15.59207839] already burned – skipping
Sector retarded
{2, 3, 4}
Applied action {'FireHercAgent': (5,), 'GroundCrewAgent': (5, 6)} at t=1200 min
[ICS] open=[4, 5]  crew_order=[4, 5]  weights={4: 45.0, 5: 3.0}
simulating in place
Using multi-phase propagation with wind schedule.
[GC#02] updated fire after clearing batch
Using multi-phase propagation with wind schedule.
[GC#01] updated fire after clearing batch
  → [  47.10709671 -118.07991449] already burned – skipping
Sector retarded
{2, 3, 4}
Using multi-phase propagation with wind schedule.
[GC#02] updated fire after clearing batch
Sector contained  5

— after _mark_anchor_completed(bdy=0, role=start, by=None) —

=== boundary_anchors (NOW) ===
b00 start  rc=(444, 614)  t=840.0  completed=True  world=(3500.0, 0.5)
b00 finish rc=(444, 614)  t=480.0  completed=True  world=(3500.0, 0.5)
b01 start  rc=(373, 558)  t=480.0  completed=True  world=(1820.0, 2130.5)
b01 finish rc=(373, 558)  t=240.0  completed=True  world=(1820.0, 2130.5)
b02 start  rc=(388, 486)  t=240.0  completed=True  world=(-340.0, 1680.5)
b02 finish rc=(388, 486)  t=360.0  completed=True  world=(-340.0, 1680.5)
b03 start  rc=(444, 470)  t=480.0  completed=True  world=(-820.0, 0.5)
b03 finish rc=(444, 470)  t=240.0  completed=True  world=(-820.0, 0.5)
b04 start  rc=(576, 441)  t=840.0  completed=True  world=(-1690.0, -3959.5)
b04 finish rc=(576, 441)  t=480.0  completed=True  world=(-1690.0, -3959.5)
b05 start  — <none>
b05 finish rc=(558, 584)  t=840.0  completed=True  world=(2600.0, -3419.5)
=== end ===

— end dump —


— after _mark_anchor_completed(bdy=5, role=finish, by=None) —

=== boundary_anchors (NOW) ===
b00 start  rc=(444, 614)  t=840.0  completed=True  world=(3500.0, 0.5)
b00 finish rc=(444, 614)  t=480.0  completed=True  world=(3500.0, 0.5)
b01 start  rc=(373, 558)  t=480.0  completed=True  world=(1820.0, 2130.5)
b01 finish rc=(373, 558)  t=240.0  completed=True  world=(1820.0, 2130.5)
b02 start  rc=(388, 486)  t=240.0  completed=True  world=(-340.0, 1680.5)
b02 finish rc=(388, 486)  t=360.0  completed=True  world=(-340.0, 1680.5)
b03 start  rc=(444, 470)  t=480.0  completed=True  world=(-820.0, 0.5)
b03 finish rc=(444, 470)  t=240.0  completed=True  world=(-820.0, 0.5)
b04 start  rc=(576, 441)  t=840.0  completed=True  world=(-1690.0, -3959.5)
b04 finish rc=(576, 441)  t=480.0  completed=True  world=(-1690.0, -3959.5)
b05 start  — <none>
b05 finish rc=(558, 584)  t=840.0  completed=True  world=(2600.0, -3419.5)
=== end ===

— end dump —

[GC#02] Sector 5 contained → Standby
  → [ 131.1503088  -289.08102725] already burned – skipping
Sector retarded
{2, 3, 4}
  → [ 24.90418108 -47.66126269] already burned – skipping
Sector retarded
{2, 3, 4}
Applied action {'FireHercAgent': (5,), 'GroundCrewAgent': (5, 6)} at t=1320 min
[ICS] open=[4]  crew_order=[4]  weights={4: 45.0}
simulating in place

— after _record_anchor(bdy=4, role=start, cell=(576, 441), by=None) —

=== boundary_anchors (NOW) ===
b00 start  rc=(444, 614)  t=840.0  completed=True  world=(3500.0, 0.5)
b00 finish rc=(444, 614)  t=480.0  completed=True  world=(3500.0, 0.5)
b01 start  rc=(373, 558)  t=480.0  completed=True  world=(1820.0, 2130.5)
b01 finish rc=(373, 558)  t=240.0  completed=True  world=(1820.0, 2130.5)
b02 start  rc=(388, 486)  t=240.0  completed=True  world=(-340.0, 1680.5)
b02 finish rc=(388, 486)  t=360.0  completed=True  world=(-340.0, 1680.5)
b03 start  rc=(444, 470)  t=480.0  completed=True  world=(-820.0, 0.5)
b03 finish rc=(444, 470)  t=240.0  completed=True  world=(-820.0, 0.5)
b04 start  rc=(576, 441)  t=1320.0  completed=False  world=(-1690.0, -3959.5)
b04 finish rc=(576, 441)  t=480.0  completed=True  world=(-1690.0, -3959.5)
b05 start  — <none>
b05 finish rc=(558, 584)  t=840.0  completed=True  world=(2600.0, -3419.5)
=== end ===

— end dump —


— after _record_anchor(bdy=5, role=finish, cell=(558, 584), by=None) —

=== boundary_anchors (NOW) ===
b00 start  rc=(444, 614)  t=840.0  completed=True  world=(3500.0, 0.5)
b00 finish rc=(444, 614)  t=480.0  completed=True  world=(3500.0, 0.5)
b01 start  rc=(373, 558)  t=480.0  completed=True  world=(1820.0, 2130.5)
b01 finish rc=(373, 558)  t=240.0  completed=True  world=(1820.0, 2130.5)
b02 start  rc=(388, 486)  t=240.0  completed=True  world=(-340.0, 1680.5)
b02 finish rc=(388, 486)  t=360.0  completed=True  world=(-340.0, 1680.5)
b03 start  rc=(444, 470)  t=480.0  completed=True  world=(-820.0, 0.5)
b03 finish rc=(444, 470)  t=240.0  completed=True  world=(-820.0, 0.5)
b04 start  rc=(576, 441)  t=1320.0  completed=False  world=(-1690.0, -3959.5)
b04 finish rc=(576, 441)  t=480.0  completed=True  world=(-1690.0, -3959.5)
b05 start  — <none>
b05 finish rc=(558, 584)  t=1320.0  completed=False  world=(2600.0, -3419.5)
=== end ===

— end dump —

[DEBUG] sector 4: start@bdy4 (576, 441)   finish@bdy5 (558, 584)
[GC#02] → sector 4  start (576, 441)  finish (558, 584)
Using multi-phase propagation with wind schedule.
[GC#01] updated fire after clearing batch
  → [ 142.01742478 -247.73134154] already burned – skipping
Sector retarded
{2, 3, 4}
Using multi-phase propagation with wind schedule.
[GC#01] updated fire after clearing batch
  → [ 165.86116053 -293.53473176] already burned – skipping
Sector retarded
{2, 3, 4}
Using multi-phase propagation with wind schedule.
[GC#01] updated fire after clearing batch
Applied action {'FireHercAgent': (5,), 'GroundCrewAgent': (5, 5)} at t=1440 min
[ICS] open=[4]  crew_order=[4]  weights={4: 45.0}
simulating in place
  → [8.22585688 5.23562366] already burned – skipping
Sector retarded
{2, 3, 4}
[START] GC#02 using ANCHOR (unspecified source) → start (576, 441) on boundary 4
Start:  (576, 441)
Finish:  (558, 584)
[GC#02] fire-line length 282 cells (153.3 min; full plan)

— after _mark_anchor_completed(bdy=4, role=start, by=None) —

=== boundary_anchors (NOW) ===
b00 start  rc=(444, 614)  t=840.0  completed=True  world=(3500.0, 0.5)
b00 finish rc=(444, 614)  t=480.0  completed=True  world=(3500.0, 0.5)
b01 start  rc=(373, 558)  t=480.0  completed=True  world=(1820.0, 2130.5)
b01 finish rc=(373, 558)  t=240.0  completed=True  world=(1820.0, 2130.5)
b02 start  rc=(388, 486)  t=240.0  completed=True  world=(-340.0, 1680.5)
b02 finish rc=(388, 486)  t=360.0  completed=True  world=(-340.0, 1680.5)
b03 start  rc=(444, 470)  t=480.0  completed=True  world=(-820.0, 0.5)
b03 finish rc=(444, 470)  t=240.0  completed=True  world=(-820.0, 0.5)
b04 start  rc=(576, 441)  t=1320.0  completed=True  world=(-1690.0, -3959.5)
b04 finish rc=(576, 441)  t=480.0  completed=True  world=(-1690.0, -3959.5)
b05 start  — <none>
b05 finish rc=(558, 584)  t=1320.0  completed=False  world=(2600.0, -3419.5)
=== end ===

— end dump —


— after _mark_anchor_completed(bdy=5, role=finish, by=<groundcrew.GroundCrewAgent object at 0x0000026330A7AB90>) —

=== boundary_anchors (NOW) ===
b00 start  rc=(444, 614)  t=840.0  completed=True  world=(3500.0, 0.5)
b00 finish rc=(444, 614)  t=480.0  completed=True  world=(3500.0, 0.5)
b01 start  rc=(373, 558)  t=480.0  completed=True  world=(1820.0, 2130.5)
b01 finish rc=(373, 558)  t=240.0  completed=True  world=(1820.0, 2130.5)
b02 start  rc=(388, 486)  t=240.0  completed=True  world=(-340.0, 1680.5)
b02 finish rc=(388, 486)  t=360.0  completed=True  world=(-340.0, 1680.5)
b03 start  rc=(444, 470)  t=480.0  completed=True  world=(-820.0, 0.5)
b03 finish rc=(444, 470)  t=240.0  completed=True  world=(-820.0, 0.5)
b04 start  rc=(576, 441)  t=1320.0  completed=True  world=(-1690.0, -3959.5)
b04 finish rc=(576, 441)  t=480.0  completed=True  world=(-1690.0, -3959.5)
b05 start  — <none>
b05 finish rc=(558, 584)  t=1320.0  completed=True  world=(2600.0, -3419.5)
=== end ===

— end dump —

Using multi-phase propagation with wind schedule.
[GC#02] updated fire after clearing batch
Using multi-phase propagation with wind schedule.
[GC#02] updated fire after clearing batch
Using multi-phase propagation with wind schedule.
[GC#01] updated fire after clearing batch
  → [ 198.95966474 -357.11636677] already burned – skipping
Sector retarded
{2, 3, 4}
Using multi-phase propagation with wind schedule.
[GC#02] updated fire after clearing batch
  → [ 25.35728331 -23.62929484] already burned – skipping
Sector retarded
{2, 3, 4}
Applied action {'FireHercAgent': (5,), 'GroundCrewAgent': (5, 5)} at t=1560 min
[ICS] open=[4]  crew_order=[4]  weights={4: 45.0}
simulating in place
Using multi-phase propagation with wind schedule.
[GC#02] updated fire after clearing batch
  → [-106.93846833 -489.39395773] already burned – skipping
Sector retarded
{2, 3, 4}
Using multi-phase propagation with wind schedule.
[GC#02] updated fire after clearing batch
Using multi-phase propagation with wind schedule.
[GC#02] updated fire after clearing batch
Sector contained  4

— after _mark_anchor_completed(bdy=4, role=start, by=None) —

=== boundary_anchors (NOW) ===
b00 start  rc=(444, 614)  t=840.0  completed=True  world=(3500.0, 0.5)
b00 finish rc=(444, 614)  t=480.0  completed=True  world=(3500.0, 0.5)
b01 start  rc=(373, 558)  t=480.0  completed=True  world=(1820.0, 2130.5)
b01 finish rc=(373, 558)  t=240.0  completed=True  world=(1820.0, 2130.5)
b02 start  rc=(388, 486)  t=240.0  completed=True  world=(-340.0, 1680.5)
b02 finish rc=(388, 486)  t=360.0  completed=True  world=(-340.0, 1680.5)
b03 start  rc=(444, 470)  t=480.0  completed=True  world=(-820.0, 0.5)
b03 finish rc=(444, 470)  t=240.0  completed=True  world=(-820.0, 0.5)
b04 start  rc=(576, 441)  t=1320.0  completed=True  world=(-1690.0, -3959.5)
b04 finish rc=(576, 441)  t=480.0  completed=True  world=(-1690.0, -3959.5)
b05 start  — <none>
b05 finish rc=(558, 584)  t=1320.0  completed=True  world=(2600.0, -3419.5)
=== end ===

— end dump —


— after _mark_anchor_completed(bdy=5, role=finish, by=None) —

=== boundary_anchors (NOW) ===
b00 start  rc=(444, 614)  t=840.0  completed=True  world=(3500.0, 0.5)
b00 finish rc=(444, 614)  t=480.0  completed=True  world=(3500.0, 0.5)
b01 start  rc=(373, 558)  t=480.0  completed=True  world=(1820.0, 2130.5)
b01 finish rc=(373, 558)  t=240.0  completed=True  world=(1820.0, 2130.5)
b02 start  rc=(388, 486)  t=240.0  completed=True  world=(-340.0, 1680.5)
b02 finish rc=(388, 486)  t=360.0  completed=True  world=(-340.0, 1680.5)
b03 start  rc=(444, 470)  t=480.0  completed=True  world=(-820.0, 0.5)
b03 finish rc=(444, 470)  t=240.0  completed=True  world=(-820.0, 0.5)
b04 start  rc=(576, 441)  t=1320.0  completed=True  world=(-1690.0, -3959.5)
b04 finish rc=(576, 441)  t=480.0  completed=True  world=(-1690.0, -3959.5)
b05 start  — <none>
b05 finish rc=(558, 584)  t=1320.0  completed=True  world=(2600.0, -3419.5)
=== end ===

— end dump —

[GC#02] Sector 4 contained → Standby
  → [-106.97291795 -339.61553326] already burned – skipping
Sector retarded
{2, 3, 4}
Using multi-phase propagation with wind schedule.
[GC#01] updated fire after clearing batch
[GC#01] stopped early (fire intercept) – sector 4 NOT contained; awaiting reassignment.
Applied action {'FireHercAgent': (5,), 'GroundCrewAgent': (5, 5)} at t=1680 min
[SIM] All sectors contained – ending simulation.
[SIM] Finished at t=1680 min – final fire-score = 32216.00  final buildings-destroyed = 87  final buildings-breakdown = {"11":87}
Simulation complete.
[0m