
⚑ background sched
 start  end    speed      dir
     0  120   30.000    5.000
   120  240   35.000   25.000
   240  360   40.000   25.000
   360  480   50.000   15.000
   480  600   30.000    2.500
   600  720   38.000    5.000
   720  840   28.000    0.000
   840  960   30.000    0.000
   960 1080   30.000    0.000
  1080 1200   28.000    2.500
  1200 1320   28.000    5.000
  1320 1440   30.000   15.000
  1440 1560   30.000    5.000
  1560 1680   30.000    7.500
  1680 1800   30.000   10.000
  1800 1920   30.000   10.000
  1920 2040   30.000   15.000
  2040 2160   17.500    5.000
  2160 2280   12.000    5.000
  2280 2400   12.000    5.000
  2400 2520   13.000    5.000
  2520 2640    7.000    0.000
  2640 2760    6.000    5.000
  2760 2880    6.000   10.000
  2880 3000    7.000   10.000
  3000 3000    1.000    0.000

⚑ hard σ truth schedule
 start  end    speed      dir
     0  120   30.000    5.000
   120  240   35.000   25.000
   240  360   40.000   25.000
   360  480   50.000   15.000
   480  600   30.000    2.500
   600  720   38.000    5.000
   720  840   28.000    0.000
   840  960   30.000    0.000
   960 1080   30.000    0.000
  1080 1200   28.000    2.500
  1200 1320   28.000    5.000
  1320 1440   30.000   15.000
  1440 1560   30.000    5.000
  1560 1680   30.000    7.500
  1680 1800   30.000   10.000
  1800 1920   30.000   10.000
  1920 2040   30.000   15.000
  2040 2160   17.500    5.000
  2160 2280   12.000    5.000
  2280 2400   12.000    5.000
  2400 2520   13.000    5.000
  2520 2640    7.000    0.000
  2640 2760    6.000    5.000
  2760 2880    6.000   10.000
  2880 3000    7.000   10.000
  3000 3000    1.000    0.000
RUN SEED: 3883358208
Starting ICS-TRUTH-LOOKAHEAD simulation…
Using multi-phase propagation with wind schedule.
WildfireModel: Bounds: BoundingBox(left=-14935.007954473422, bottom=-13304.5080370525, right=14944.992045526578, top=13335.4919629475)
Checking Mesa Space Dimensions: Width = 49880.0, Height = 46640.0
Buffered Bounds: BoundingBox(left=-24935.00795447342, bottom=-23304.5080370525, right=24944.99204552658, top=23335.4919629475)
Original CRS: EPSG:26910
Available bases: [(20000, 20000)]
Corrected position: (20000, 20000)
[GC#01] spawned at cell (444, 498) with walk_ticks=1
[GC#02] spawned at cell (444, 498) with walk_ticks=1
[ICS-ORACLE] now=240  lookahead wind= 40.2°  head=[3] flank=[1, 2, 4, 5] heel=[0]
simulating in place
no completed anchors found → making NEW dynamic START

— after _record_anchor(bdy=0, role=start, cell=(433, 573), by=None) —

=== boundary_anchors (NOW) ===
b00 start  rc=(433, 573)  t=240.0  completed=False  world=(2270.0, 330.5)
b00 finish — <none>
b01 start  — <none>
b01 finish — <none>
b02 start  — <none>
b02 finish — <none>
b03 start  — <none>
b03 finish — <none>
b04 start  — <none>
b04 finish — <none>
b05 start  — <none>
b05 finish — <none>
=== end ===

— end dump —


— after _record_anchor(bdy=1, role=finish, cell=(371, 548), by=None) —

=== boundary_anchors (NOW) ===
b00 start  rc=(433, 573)  t=240.0  completed=False  world=(2270.0, 330.5)
b00 finish — <none>
b01 start  — <none>
b01 finish rc=(371, 548)  t=240.0  completed=False  world=(1520.0, 2190.5)
b02 start  — <none>
b02 finish — <none>
b03 start  — <none>
b03 finish — <none>
b04 start  — <none>
b04 finish — <none>
b05 start  — <none>
b05 finish — <none>
=== end ===

— end dump —

[DEBUG] sector 0: start@bdy0 (433, 573)   finish@bdy1 (371, 548)
[GC#01] → sector 0  start (433, 573)  finish (371, 548)
no completed anchors found → making NEW dynamic START

— after _record_anchor(bdy=1, role=start, cell=(394, 535), by=None) —

=== boundary_anchors (NOW) ===
b00 start  rc=(433, 573)  t=240.0  completed=False  world=(2270.0, 330.5)
b00 finish — <none>
b01 start  rc=(394, 535)  t=240.0  completed=False  world=(1130.0, 1500.5)
b01 finish rc=(371, 548)  t=240.0  completed=False  world=(1520.0, 2190.5)
b02 start  — <none>
b02 finish — <none>
b03 start  — <none>
b03 finish — <none>
b04 start  — <none>
b04 finish — <none>
b05 start  — <none>
b05 finish — <none>
=== end ===

— end dump —


— after _record_anchor(bdy=2, role=finish, cell=(366, 474), by=None) —

=== boundary_anchors (NOW) ===
b00 start  rc=(433, 573)  t=240.0  completed=False  world=(2270.0, 330.5)
b00 finish — <none>
b01 start  rc=(394, 535)  t=240.0  completed=False  world=(1130.0, 1500.5)
b01 finish rc=(371, 548)  t=240.0  completed=False  world=(1520.0, 2190.5)
b02 start  — <none>
b02 finish rc=(366, 474)  t=240.0  completed=False  world=(-700.0, 2340.5)
b03 start  — <none>
b03 finish — <none>
b04 start  — <none>
b04 finish — <none>
b05 start  — <none>
b05 finish — <none>
=== end ===

— end dump —

[DEBUG] sector 1: start@bdy1 (394, 535)   finish@bdy2 (366, 474)
recording from register first pair

— after _record_anchor(bdy=1, role=start, cell=(371, 548), by=None) —

=== boundary_anchors (NOW) ===
b00 start  — <none>
b00 finish — <none>
b01 start  rc=(371, 548)  t=240.0  completed=False  world=(1520.0, 2190.5)
b01 finish — <none>
b02 start  — <none>
b02 finish — <none>
b03 start  — <none>
b03 finish — <none>
b04 start  — <none>
b04 finish — <none>
b05 start  — <none>
b05 finish — <none>
=== end ===

— end dump —

recording from register first pair

— after _record_anchor(bdy=0, role=finish, cell=(433, 593), by=None) —

=== boundary_anchors (NOW) ===
b00 start  — <none>
b00 finish rc=(433, 593)  t=240.0  completed=False  world=(2870.0, 330.5)
b01 start  rc=(371, 548)  t=240.0  completed=False  world=(1520.0, 2190.5)
b01 finish — <none>
b02 start  — <none>
b02 finish — <none>
b03 start  — <none>
b03 finish — <none>
b04 start  — <none>
b04 finish — <none>
b05 start  — <none>
b05 finish — <none>
=== end ===

— end dump —

[SYNC] GC#01 sect0 START b1 (371, 548)  FINISH b0 (433, 593)
recording from register first pair

— after _record_anchor(bdy=2, role=finish, cell=(394, 490), by=None) —

=== boundary_anchors (NOW) ===
b00 start  — <none>
b00 finish rc=(433, 593)  t=240.0  completed=False  world=(2870.0, 330.5)
b01 start  rc=(371, 548)  t=240.0  completed=False  world=(1520.0, 2190.5)
b01 finish — <none>
b02 start  — <none>
b02 finish rc=(394, 490)  t=240.0  completed=False  world=(-220.0, 1500.5)
b03 start  — <none>
b03 finish — <none>
b04 start  — <none>
b04 finish — <none>
b05 start  — <none>
b05 finish — <none>
=== end ===

— end dump —

[SYNC] GC#02 sect1 START b1 (371, 548)  FINISH b2 (394, 490)
[GC#02] → sector 1  start (371, 548)  finish (394, 490)
  → selected [-366.9791853  -568.38591318] as drop point
Using multi-phase propagation with wind schedule.
DROP RAN
[DEBUG] AT#00  finished drop in sector 3 – notifying ground crews
  → selected [-612.02278761 -305.70562888] as drop point
Using multi-phase propagation with wind schedule.
DROP RAN
[DEBUG] AT#00  finished drop in sector 3 – notifying ground crews
[START] GC#01 using ANCHOR (unspecified source) → start (371, 548) on boundary 1
Start:  (371, 548)
Finish:  (433, 593)
[GC#01] fire-line length 116 cells (185.2 min; full plan)

— after _mark_anchor_completed(bdy=1, role=start, by=None) —

=== boundary_anchors (NOW) ===
b00 start  — <none>
b00 finish rc=(433, 593)  t=240.0  completed=False  world=(2870.0, 330.5)
b01 start  rc=(371, 548)  t=240.0  completed=True  world=(1520.0, 2190.5)
b01 finish — <none>
b02 start  — <none>
b02 finish rc=(394, 490)  t=240.0  completed=False  world=(-220.0, 1500.5)
b03 start  — <none>
b03 finish — <none>
b04 start  — <none>
b04 finish — <none>
b05 start  — <none>
b05 finish — <none>
=== end ===

— end dump —


— after _mark_anchor_completed(bdy=0, role=finish, by=<groundcrew.GroundCrewAgent object at 0x000001E091F0A790>) —

=== boundary_anchors (NOW) ===
b00 start  — <none>
b00 finish rc=(433, 593)  t=240.0  completed=True  world=(2870.0, 330.5)
b01 start  rc=(371, 548)  t=240.0  completed=True  world=(1520.0, 2190.5)
b01 finish — <none>
b02 start  — <none>
b02 finish rc=(394, 490)  t=240.0  completed=False  world=(-220.0, 1500.5)
b03 start  — <none>
b03 finish — <none>
b04 start  — <none>
b04 finish — <none>
b05 start  — <none>
b05 finish — <none>
=== end ===

— end dump —

[START] GC#02 using ANCHOR (unspecified source) → start (371, 548) on boundary 1
Start:  (371, 548)
Finish:  (394, 490)
[GC#02] fire-line length 150 cells (167.7 min; full plan)

— after _mark_anchor_completed(bdy=1, role=start, by=None) —

=== boundary_anchors (NOW) ===
b00 start  — <none>
b00 finish rc=(433, 593)  t=240.0  completed=True  world=(2870.0, 330.5)
b01 start  rc=(371, 548)  t=240.0  completed=True  world=(1520.0, 2190.5)
b01 finish — <none>
b02 start  — <none>
b02 finish rc=(394, 490)  t=240.0  completed=False  world=(-220.0, 1500.5)
b03 start  — <none>
b03 finish — <none>
b04 start  — <none>
b04 finish — <none>
b05 start  — <none>
b05 finish — <none>
=== end ===

— end dump —


— after _mark_anchor_completed(bdy=2, role=finish, by=<groundcrew.GroundCrewAgent object at 0x000001E091DC2B10>) —

=== boundary_anchors (NOW) ===
b00 start  — <none>
b00 finish rc=(433, 593)  t=240.0  completed=True  world=(2870.0, 330.5)
b01 start  rc=(371, 548)  t=240.0  completed=True  world=(1520.0, 2190.5)
b01 finish — <none>
b02 start  — <none>
b02 finish rc=(394, 490)  t=240.0  completed=True  world=(-220.0, 1500.5)
b03 start  — <none>
b03 finish — <none>
b04 start  — <none>
b04 finish — <none>
b05 start  — <none>
b05 finish — <none>
=== end ===

— end dump —

Using multi-phase propagation with wind schedule.
[GC#02] updated fire after clearing batch
Using multi-phase propagation with wind schedule.
[GC#01] updated fire after clearing batch
Using multi-phase propagation with wind schedule.
[GC#01] updated fire after clearing batch
Using multi-phase propagation with wind schedule.
[GC#02] updated fire after clearing batch
  → selected [-627.43316729  -12.12031816] as drop point
FLUSHED
FLUSHED
Using multi-phase propagation with wind schedule.
DROP RAN
[DEBUG] AT#00  finished drop in sector 3 – notifying ground crews
Using multi-phase propagation with wind schedule.
[GC#02] updated fire after clearing batch
Applied {'FireHercAgent': (4,), 'GroundCrewAgent': (1, 2)} at t=360
[ICS-ORACLE] now=360  lookahead wind= 66.2°  head=[4] flank=[0, 2, 3, 5] heel=[1]
simulating in place
Using multi-phase propagation with wind schedule.
[GC#02] updated fire after clearing batch
Using multi-phase propagation with wind schedule.
[GC#01] updated fire after clearing batch
  → selected [ -131.84848919 -1023.91509145] as drop point
FLUSHED
FLUSHED
Using multi-phase propagation with wind schedule.
DROP RAN
[DEBUG] AT#00  finished drop in sector 4 – notifying ground crews
  → selected [-373.77942653 -898.94326192] as drop point
FLUSHED
FLUSHED
Using multi-phase propagation with wind schedule.
DROP RAN
[DEBUG] AT#00  finished drop in sector 4 – notifying ground crews
Applied {'FireHercAgent': (5,), 'GroundCrewAgent': (2, 1)} at t=480
[ICS-ORACLE] now=480  lookahead wind=336.6°  head=[2] flank=[0, 1, 3, 4] heel=[5]
simulating in place
Using multi-phase propagation with wind schedule.
[GC#02] updated fire after clearing batch
Sector contained  1

— after _mark_anchor_completed(bdy=1, role=start, by=None) —

=== boundary_anchors (NOW) ===
b00 start  — <none>
b00 finish rc=(433, 593)  t=240.0  completed=True  world=(2870.0, 330.5)
b01 start  rc=(371, 548)  t=240.0  completed=True  world=(1520.0, 2190.5)
b01 finish — <none>
b02 start  — <none>
b02 finish rc=(394, 490)  t=240.0  completed=True  world=(-220.0, 1500.5)
b03 start  — <none>
b03 finish — <none>
b04 start  — <none>
b04 finish — <none>
b05 start  — <none>
b05 finish — <none>
=== end ===

— end dump —


— after _mark_anchor_completed(bdy=2, role=finish, by=None) —

=== boundary_anchors (NOW) ===
b00 start  — <none>
b00 finish rc=(433, 593)  t=240.0  completed=True  world=(2870.0, 330.5)
b01 start  rc=(371, 548)  t=240.0  completed=True  world=(1520.0, 2190.5)
b01 finish — <none>
b02 start  — <none>
b02 finish rc=(394, 490)  t=240.0  completed=True  world=(-220.0, 1500.5)
b03 start  — <none>
b03 finish — <none>
b04 start  — <none>
b04 finish — <none>
b05 start  — <none>
b05 finish — <none>
=== end ===

— end dump —

[GC#02] Sector 1 contained → Standby
  → selected [-661.22763549  291.44919035] as drop point
FLUSHED
Using multi-phase propagation with wind schedule.
DROP RAN
[DEBUG] AT#00  finished drop in sector 2 – notifying ground crews
Using multi-phase propagation with wind schedule.
[GC#01] updated fire after clearing batch
Sector contained  0

— after _mark_anchor_completed(bdy=1, role=start, by=None) —

=== boundary_anchors (NOW) ===
b00 start  — <none>
b00 finish rc=(433, 593)  t=240.0  completed=True  world=(2870.0, 330.5)
b01 start  rc=(371, 548)  t=240.0  completed=True  world=(1520.0, 2190.5)
b01 finish — <none>
b02 start  — <none>
b02 finish rc=(394, 490)  t=240.0  completed=True  world=(-220.0, 1500.5)
b03 start  — <none>
b03 finish — <none>
b04 start  — <none>
b04 finish — <none>
b05 start  — <none>
b05 finish — <none>
=== end ===

— end dump —


— after _mark_anchor_completed(bdy=0, role=finish, by=None) —

=== boundary_anchors (NOW) ===
b00 start  — <none>
b00 finish rc=(433, 593)  t=240.0  completed=True  world=(2870.0, 330.5)
b01 start  rc=(371, 548)  t=240.0  completed=True  world=(1520.0, 2190.5)
b01 finish — <none>
b02 start  — <none>
b02 finish rc=(394, 490)  t=240.0  completed=True  world=(-220.0, 1500.5)
b03 start  — <none>
b03 finish — <none>
b04 start  — <none>
b04 finish — <none>
b05 start  — <none>
b05 finish — <none>
=== end ===

— end dump —

[GC#01] Sector 0 contained → Standby
  → selected [-844.91437755   52.59967876] as drop point
Using multi-phase propagation with wind schedule.
DROP RAN
[DEBUG] AT#00  finished drop in sector 2 – notifying ground crews
  → selected [-1586.55011899    84.98019453] as drop point
Using multi-phase propagation with wind schedule.
DROP RAN
[DEBUG] AT#00  finished drop in sector 2 – notifying ground crews
Applied {'FireHercAgent': (3,), 'GroundCrewAgent': (6, 1)} at t=600
[ICS-ORACLE] now=600  lookahead wind= 77.1°  head=[4] flank=[2, 3, 5] heel=[1]
simulating in place

— after _record_anchor(bdy=2, role=start, cell=(394, 490), by=None) —

=== boundary_anchors (NOW) ===
b00 start  — <none>
b00 finish rc=(433, 593)  t=240.0  completed=True  world=(2870.0, 330.5)
b01 start  rc=(371, 548)  t=240.0  completed=True  world=(1520.0, 2190.5)
b01 finish — <none>
b02 start  rc=(394, 490)  t=600.0  completed=False  world=(-220.0, 1500.5)
b02 finish rc=(394, 490)  t=240.0  completed=True  world=(-220.0, 1500.5)
b03 start  — <none>
b03 finish — <none>
b04 start  — <none>
b04 finish — <none>
b05 start  — <none>
b05 finish — <none>
=== end ===

— end dump —


— after _record_anchor(bdy=3, role=finish, cell=(433, 118), by=None) —

=== boundary_anchors (NOW) ===
b00 start  — <none>
b00 finish rc=(433, 593)  t=240.0  completed=True  world=(2870.0, 330.5)
b01 start  rc=(371, 548)  t=240.0  completed=True  world=(1520.0, 2190.5)
b01 finish — <none>
b02 start  rc=(394, 490)  t=600.0  completed=False  world=(-220.0, 1500.5)
b02 finish rc=(394, 490)  t=240.0  completed=True  world=(-220.0, 1500.5)
b03 start  — <none>
b03 finish rc=(433, 118)  t=600.0  completed=False  world=(-11380.0, 330.5)
b04 start  — <none>
b04 finish — <none>
b05 start  — <none>
b05 finish — <none>
=== end ===

— end dump —

[DEBUG] sector 2: start@bdy2 (394, 490)   finish@bdy3 (433, 118)
[GC#01] → sector 2  start (394, 490)  finish (433, 118)
no completed anchors found → making NEW dynamic START

— after _record_anchor(bdy=3, role=start, cell=(433, 341), by=None) —

=== boundary_anchors (NOW) ===
b00 start  — <none>
b00 finish rc=(433, 593)  t=240.0  completed=True  world=(2870.0, 330.5)
b01 start  rc=(371, 548)  t=240.0  completed=True  world=(1520.0, 2190.5)
b01 finish — <none>
b02 start  rc=(394, 490)  t=600.0  completed=False  world=(-220.0, 1500.5)
b02 finish rc=(394, 490)  t=240.0  completed=True  world=(-220.0, 1500.5)
b03 start  rc=(433, 341)  t=600.0  completed=False  world=(-4690.0, 330.5)
b03 finish rc=(433, 118)  t=600.0  completed=False  world=(-11380.0, 330.5)
b04 start  — <none>
b04 finish — <none>
b05 start  — <none>
b05 finish — <none>
=== end ===

— end dump —


— after _record_anchor(bdy=4, role=finish, cell=(698, 359), by=None) —

=== boundary_anchors (NOW) ===
b00 start  — <none>
b00 finish rc=(433, 593)  t=240.0  completed=True  world=(2870.0, 330.5)
b01 start  rc=(371, 548)  t=240.0  completed=True  world=(1520.0, 2190.5)
b01 finish — <none>
b02 start  rc=(394, 490)  t=600.0  completed=False  world=(-220.0, 1500.5)
b02 finish rc=(394, 490)  t=240.0  completed=True  world=(-220.0, 1500.5)
b03 start  rc=(433, 341)  t=600.0  completed=False  world=(-4690.0, 330.5)
b03 finish rc=(433, 118)  t=600.0  completed=False  world=(-11380.0, 330.5)
b04 start  — <none>
b04 finish rc=(698, 359)  t=600.0  completed=False  world=(-4150.0, -7619.5)
b05 start  — <none>
b05 finish — <none>
=== end ===

— end dump —

[DEBUG] sector 3: start@bdy3 (433, 341)   finish@bdy4 (698, 359)
[GC#02] → sector 3  start (433, 341)  finish (698, 359)
  → selected [ 1419.15331478 -3398.59535266] as drop point
Using multi-phase propagation with wind schedule.
DROP RAN
[DEBUG] AT#00  finished drop in sector 4 – notifying ground crews
  → selected [-1966.8157043  -4744.87304907] as drop point
Using multi-phase propagation with wind schedule.
DROP RAN
[DEBUG] AT#00  finished drop in sector 4 – notifying ground crews
[START] GC#01 using ANCHOR (unspecified source) → start (394, 490) on boundary 2
Start:  (394, 490)
Finish:  (433, 118)
[GC#01] fire-line length 1186 cells (1194.8 min; full plan)

— after _mark_anchor_completed(bdy=2, role=start, by=None) —

=== boundary_anchors (NOW) ===
b00 start  — <none>
b00 finish rc=(433, 593)  t=240.0  completed=True  world=(2870.0, 330.5)
b01 start  rc=(371, 548)  t=240.0  completed=True  world=(1520.0, 2190.5)
b01 finish — <none>
b02 start  rc=(394, 490)  t=600.0  completed=True  world=(-220.0, 1500.5)
b02 finish rc=(394, 490)  t=240.0  completed=True  world=(-220.0, 1500.5)
b03 start  rc=(433, 341)  t=600.0  completed=False  world=(-4690.0, 330.5)
b03 finish rc=(433, 118)  t=600.0  completed=False  world=(-11380.0, 330.5)
b04 start  — <none>
b04 finish rc=(698, 359)  t=600.0  completed=False  world=(-4150.0, -7619.5)
b05 start  — <none>
b05 finish — <none>
=== end ===

— end dump —


— after _mark_anchor_completed(bdy=3, role=finish, by=<groundcrew.GroundCrewAgent object at 0x000001E091F0A790>) —

=== boundary_anchors (NOW) ===
b00 start  — <none>
b00 finish rc=(433, 593)  t=240.0  completed=True  world=(2870.0, 330.5)
b01 start  rc=(371, 548)  t=240.0  completed=True  world=(1520.0, 2190.5)
b01 finish — <none>
b02 start  rc=(394, 490)  t=600.0  completed=True  world=(-220.0, 1500.5)
b02 finish rc=(394, 490)  t=240.0  completed=True  world=(-220.0, 1500.5)
b03 start  rc=(433, 341)  t=600.0  completed=False  world=(-4690.0, 330.5)
b03 finish rc=(433, 118)  t=600.0  completed=True  world=(-11380.0, 330.5)
b04 start  — <none>
b04 finish rc=(698, 359)  t=600.0  completed=False  world=(-4150.0, -7619.5)
b05 start  — <none>
b05 finish — <none>
=== end ===

— end dump —

Using multi-phase propagation with wind schedule.
[GC#01] updated fire after clearing batch
  → selected [  215.76043403 -4811.89779226] as drop point
FLUSHED
Using multi-phase propagation with wind schedule.
DROP RAN
[DEBUG] AT#00  finished drop in sector 4 – notifying ground crews
Applied {'FireHercAgent': (5,), 'GroundCrewAgent': (3, 4)} at t=720
[ICS-ORACLE] now=720  lookahead wind=338.8°  head=[2] flank=[3, 4] heel=[5]
simulating in place
Using multi-phase propagation with wind schedule.
[GC#01] updated fire after clearing batch
Using multi-phase propagation with wind schedule.
[GC#01] updated fire after clearing batch
Using multi-phase propagation with wind schedule.
[GC#01] updated fire after clearing batch
[START] GC#02 using ANCHOR (unspecified source) → start (433, 341) on boundary 3
Start:  (433, 341)
Finish:  (698, 359)
[GC#02] fire-line length 484 cells (1025.7 min; full plan)

— after _mark_anchor_completed(bdy=3, role=start, by=None) —

=== boundary_anchors (NOW) ===
b00 start  — <none>
b00 finish rc=(433, 593)  t=240.0  completed=True  world=(2870.0, 330.5)
b01 start  rc=(371, 548)  t=240.0  completed=True  world=(1520.0, 2190.5)
b01 finish — <none>
b02 start  rc=(394, 490)  t=600.0  completed=True  world=(-220.0, 1500.5)
b02 finish rc=(394, 490)  t=240.0  completed=True  world=(-220.0, 1500.5)
b03 start  rc=(433, 341)  t=600.0  completed=True  world=(-4690.0, 330.5)
b03 finish rc=(433, 118)  t=600.0  completed=True  world=(-11380.0, 330.5)
b04 start  — <none>
b04 finish rc=(698, 359)  t=600.0  completed=False  world=(-4150.0, -7619.5)
b05 start  — <none>
b05 finish — <none>
=== end ===

— end dump —


— after _mark_anchor_completed(bdy=4, role=finish, by=<groundcrew.GroundCrewAgent object at 0x000001E091DC2B10>) —

=== boundary_anchors (NOW) ===
b00 start  — <none>
b00 finish rc=(433, 593)  t=240.0  completed=True  world=(2870.0, 330.5)
b01 start  rc=(371, 548)  t=240.0  completed=True  world=(1520.0, 2190.5)
b01 finish — <none>
b02 start  rc=(394, 490)  t=600.0  completed=True  world=(-220.0, 1500.5)
b02 finish rc=(394, 490)  t=240.0  completed=True  world=(-220.0, 1500.5)
b03 start  rc=(433, 341)  t=600.0  completed=True  world=(-4690.0, 330.5)
b03 finish rc=(433, 118)  t=600.0  completed=True  world=(-11380.0, 330.5)
b04 start  — <none>
b04 finish rc=(698, 359)  t=600.0  completed=True  world=(-4150.0, -7619.5)
b05 start  — <none>
b05 finish — <none>
=== end ===

— end dump —

Using multi-phase propagation with wind schedule.
[GC#01] updated fire after clearing batch
  → selected [-4124.58770955   559.16145169] as drop point
FLUSHED
FLUSHED
Using multi-phase propagation with wind schedule.
DROP RAN
[DEBUG] AT#00  finished drop in sector 2 – notifying ground crews
[DEBUG] GC#01  attempting re-plan… remaining path = 1186 cells
[DEBUG] GC#01 start@(337, 421)  raw_arr=inf  now=764.0  mtt=nan  within_buffer=False
[START] GC#01 using NEW (buffered by planner) → start (337, 421) on boundary 2
Start:  (337, 421)
Finish:  (433, 118)
[GC#01] fire-line length 1026 cells (1108.6 min; full plan)
[DEBUG] GC#01  new path accepted (length 1026, ETA 1108.6 min)
Using multi-phase propagation with wind schedule.
[GC#01] updated fire after clearing batch
  → selected [-3646.89407441  1528.15272207] as drop point
FLUSHED
FLUSHED
Using multi-phase propagation with wind schedule.
DROP RAN
[DEBUG] AT#00  finished drop in sector 2 – notifying ground crews
[DEBUG] GC#01  attempting re-plan… remaining path = 1026 cells
[DEBUG] GC#01 start@(330, 389)  raw_arr=inf  now=811.0  mtt=nan  within_buffer=False
[START] GC#01 using NEW (buffered by planner) → start (330, 389) on boundary 2
Start:  (330, 389)
Finish:  (433, 118)
[GC#01] fire-line length 983 cells (1070.6 min; full plan)
[DEBUG] GC#01  new path accepted (length 983, ETA 1070.6 min)
Applied {'FireHercAgent': (3,), 'GroundCrewAgent': (6, 4)} at t=840
[ICS-ORACLE] now=840  lookahead wind=228.1°  head=[0] flank=[2, 4, 5] heel=[3]
simulating in place
  → selected [ 1314.61755211 -4138.10948678] as drop point
FLUSHED
FLUSHED
Using multi-phase propagation with wind schedule.
DROP RAN
[DEBUG] AT#00  finished drop in sector 4 – notifying ground crews
  → selected [ 1643.25581146 -3939.6266395 ] as drop point
FLUSHED
FLUSHED
Using multi-phase propagation with wind schedule.
DROP RAN
[DEBUG] AT#00  finished drop in sector 4 – notifying ground crews
Using multi-phase propagation with wind schedule.
[GC#01] updated fire after clearing batch
  → selected [ 1389.86264222 -4376.75642347] as drop point
FLUSHED
FLUSHED
Using multi-phase propagation with wind schedule.
DROP RAN
[DEBUG] AT#00  finished drop in sector 4 – notifying ground crews
Applied {'FireHercAgent': (5,), 'GroundCrewAgent': (4, 3)} at t=960
[ICS-ORACLE] now=960  lookahead wind=233.6°  head=[0] flank=[2, 4, 5] heel=[3]
simulating in place
  → selected [ 2245.99977679 -3502.18555102] as drop point
FLUSHED
FLUSHED
Using multi-phase propagation with wind schedule.
DROP RAN
[DEBUG] AT#00  finished drop in sector 5 – notifying ground crews
  → selected [ 3265.68048527 -2486.52227626] as drop point
FLUSHED
FLUSHED
Using multi-phase propagation with wind schedule.
DROP RAN
[DEBUG] AT#00  finished drop in sector 5 – notifying ground crews
Applied {'FireHercAgent': (6,), 'GroundCrewAgent': (4, 3)} at t=1080
[ICS-ORACLE] now=1080  lookahead wind=284.1°  head=[1] flank=[2, 3, 5] heel=[4]
simulating in place
Using multi-phase propagation with wind schedule.
[GC#01] updated fire after clearing batch
  → selected [ 2119.41734013 -4046.28123681] as drop point
FLUSHED
FLUSHED
Using multi-phase propagation with wind schedule.
DROP RAN
[DEBUG] AT#00  finished drop in sector 4 – notifying ground crews
Using multi-phase propagation with wind schedule.
[GC#01] updated fire after clearing batch
Using multi-phase propagation with wind schedule.
[GC#01] updated fire after clearing batch
Using multi-phase propagation with wind schedule.
[GC#01] updated fire after clearing batch
  → selected [ 1915.4563939  -4596.77697732] as drop point
FLUSHED
FLUSHED
Using multi-phase propagation with wind schedule.
DROP RAN
[DEBUG] AT#00  finished drop in sector 4 – notifying ground crews
Using multi-phase propagation with wind schedule.
[GC#01] updated fire after clearing batch
  → selected [ 1150.27360056 -5150.53928641] as drop point
FLUSHED
FLUSHED
Using multi-phase propagation with wind schedule.
DROP RAN
[DEBUG] AT#00  finished drop in sector 4 – notifying ground crews
Applied {'FireHercAgent': (5,), 'GroundCrewAgent': (5, 3)} at t=1200
[ICS-ORACLE] now=1200  lookahead wind=319.6°  head=[2] flank=[3, 4] heel=[5]
simulating in place
  → selected [-5959.22292137  1337.72658796] as drop point
FLUSHED
FLUSHED
Using multi-phase propagation with wind schedule.
DROP RAN
[DEBUG] AT#00  finished drop in sector 2 – notifying ground crews
[DEBUG] GC#01  attempting re-plan… remaining path = 983 cells
[DEBUG] GC#01 start@(200, 285)  raw_arr=inf  now=1234.0  mtt=nan  within_buffer=False
[START] GC#01 using NEW (buffered by planner) → start (200, 285) on boundary 2
Start:  (200, 285)
Finish:  (433, 118)
[GC#01] fire-line length 717 cells (644.6 min; full plan)
[DEBUG] GC#01  new path accepted (length 717, ETA 644.6 min)
Using multi-phase propagation with wind schedule.
[GC#01] updated fire after clearing batch
Using multi-phase propagation with wind schedule.
[GC#01] updated fire after clearing batch
Using multi-phase propagation with wind schedule.
[GC#01] updated fire after clearing batch
  → selected [-5996.52702944   277.52394464] as drop point
FLUSHED
FLUSHED
Using multi-phase propagation with wind schedule.
DROP RAN
[DEBUG] AT#00  finished drop in sector 2 – notifying ground crews
[DEBUG] GC#01  attempting re-plan… remaining path = 717 cells
[DEBUG] GC#01 start@(182, 224)  raw_arr=inf  now=1281.0  mtt=nan  within_buffer=False
[START] GC#01 using NEW (buffered by planner) → start (182, 224) on boundary 2
Start:  (182, 224)
Finish:  (433, 118)
[GC#01] fire-line length 624 cells (592.8 min; full plan)
[DEBUG] GC#01  new path accepted (length 624, ETA 592.8 min)
Using multi-phase propagation with wind schedule.
[GC#01] updated fire after clearing batch
Using multi-phase propagation with wind schedule.
[GC#01] updated fire after clearing batch
Applied {'FireHercAgent': (3,), 'GroundCrewAgent': (6, 4)} at t=1320
[ICS-ORACLE] now=1320  lookahead wind=314.4°  head=[2] flank=[3, 4] heel=[5]
simulating in place
  → selected [-6336.801479     292.38064796] as drop point
FLUSHED
FLUSHED
Using multi-phase propagation with wind schedule.
DROP RAN
[DEBUG] AT#00  finished drop in sector 2 – notifying ground crews
[DEBUG] GC#01  attempting re-plan… remaining path = 624 cells
[DEBUG] GC#01 start@(172, 186)  raw_arr=inf  now=1328.0  mtt=nan  within_buffer=False
[START] GC#01 using NEW (buffered by planner) → start (172, 186) on boundary 2
Start:  (172, 186)
Finish:  (433, 118)
[GC#01] fire-line length 568 cells (539.2 min; full plan)
[DEBUG] GC#01  new path accepted (length 568, ETA 539.2 min)
Using multi-phase propagation with wind schedule.
[GC#01] updated fire after clearing batch
Using multi-phase propagation with wind schedule.
[GC#01] updated fire after clearing batch
  → selected [-6678.42331854   307.29617959] as drop point
FLUSHED
FLUSHED
Using multi-phase propagation with wind schedule.
DROP RAN
[DEBUG] AT#00  finished drop in sector 2 – notifying ground crews
[DEBUG] GC#01  attempting re-plan… remaining path = 568 cells
[DEBUG] GC#01 start@(158, 135)  raw_arr=inf  now=1373.0  mtt=nan  within_buffer=False
[START] GC#01 using NEW (buffered by planner) → start (158, 135) on boundary 2
Start:  (158, 135)
Finish:  (433, 118)
[GC#01] fire-line length 497 cells (487.4 min; full plan)
[DEBUG] GC#01  new path accepted (length 497, ETA 487.4 min)
Using multi-phase propagation with wind schedule.
[GC#01] updated fire after clearing batch
  → selected [-7038.65166445   323.02408884] as drop point
FLUSHED
FLUSHED
Using multi-phase propagation with wind schedule.
DROP RAN
[DEBUG] AT#00  finished drop in sector 2 – notifying ground crews
[DEBUG] GC#01  attempting re-plan… remaining path = 497 cells
[DEBUG] GC#01 start@(174, 121)  raw_arr=inf  now=1419.0  mtt=nan  within_buffer=False
[START] GC#01 using NEW (buffered by planner) → start (174, 121) on boundary 2
Start:  (174, 121)
Finish:  (433, 118)
[GC#01] fire-line length 457 cells (463.0 min; full plan)
[DEBUG] GC#01  new path accepted (length 457, ETA 463.0 min)
Using multi-phase propagation with wind schedule.
[GC#01] updated fire after clearing batch
Applied {'FireHercAgent': (3,), 'GroundCrewAgent': (6, 4)} at t=1440
[ICS-ORACLE] now=1440  lookahead wind=232.4°  head=[0] flank=[2, 4, 5] heel=[3]
simulating in place
Using multi-phase propagation with wind schedule.
[GC#01] updated fire after clearing batch
  → selected [-5467.51835862 -2251.29606668] as drop point
FLUSHED
FLUSHED
Using multi-phase propagation with wind schedule.
DROP RAN
[DEBUG] AT#00  finished drop in sector 3 – notifying ground crews
[DEBUG] GC#02  attempting re-plan… remaining path = 484 cells
[DEBUG] GC#02 start@(550, 308)  raw_arr=inf  now=1466.0  mtt=nan  within_buffer=False
[START] GC#02 using NEW (buffered by planner) → start (550, 308) on boundary 3
Start:  (550, 308)
Finish:  (698, 359)
[GC#02] fire-line length 316 cells (306.1 min; full plan)
[DEBUG] GC#02  new path accepted (length 316, ETA 306.1 min)
  → selected [-5741.10737128 -2364.62034624] as drop point
FLUSHED
FLUSHED
Using multi-phase propagation with wind schedule.
DROP RAN
[DEBUG] AT#00  finished drop in sector 3 – notifying ground crews
[DEBUG] GC#02  attempting re-plan… remaining path = 316 cells
[DEBUG] GC#02 start@(558, 305)  raw_arr=inf  now=1513.0  mtt=nan  within_buffer=False
[START] GC#02 using NEW (buffered by planner) → start (558, 305) on boundary 3
Start:  (558, 305)
Finish:  (698, 359)
[GC#02] fire-line length 305 cells (259.1 min; full plan)
[DEBUG] GC#02  new path accepted (length 305, ETA 259.1 min)
Using multi-phase propagation with wind schedule.
[GC#01] updated fire after clearing batch
Applied {'FireHercAgent': (4,), 'GroundCrewAgent': (4, 3)} at t=1560
[ICS-ORACLE] now=1560  lookahead wind=276.3°  head=[1] flank=[2, 3, 5] heel=[4]
simulating in place
  → selected [-3933.03255758  5147.62554459] as drop point
FLUSHED
FLUSHED
Using multi-phase propagation with wind schedule.
DROP RAN
[DEBUG] AT#00  finished drop in sector 2 – notifying ground crews
[DEBUG] GC#01  attempting re-plan… remaining path = 457 cells
[DEBUG] GC#01 start@(258, 91)  raw_arr=inf  now=1560.0  mtt=nan  within_buffer=False
[START] GC#01 using NEW (buffered by planner) → start (258, 91) on boundary 2
Start:  (258, 91)
Finish:  (433, 118)
[GC#01] fire-line length 343 cells (299.9 min; full plan)
[DEBUG] GC#01  new path accepted (length 343, ETA 299.9 min)
Using multi-phase propagation with wind schedule.
[GC#01] updated fire after clearing batch
Using multi-phase propagation with wind schedule.
[GC#02] updated fire after clearing batch
Using multi-phase propagation with wind schedule.
[GC#01] updated fire after clearing batch
  → selected [-6208.69045349  5709.28294224] as drop point
FLUSHED
FLUSHED
Using multi-phase propagation with wind schedule.
DROP RAN
[DEBUG] AT#00  finished drop in sector 2 – notifying ground crews
[DEBUG] GC#01  attempting re-plan… remaining path = 343 cells
[DEBUG] GC#01 start@(301, 82)  raw_arr=inf  now=1606.0  mtt=nan  within_buffer=False
[START] GC#01 using NEW (buffered by planner) → start (301, 82) on boundary 2
Start:  (301, 82)
Finish:  (433, 118)
[GC#01] fire-line length 293 cells (234.9 min; full plan)
[DEBUG] GC#01  new path accepted (length 293, ETA 234.9 min)
Using multi-phase propagation with wind schedule.
[GC#01] updated fire after clearing batch
Using multi-phase propagation with wind schedule.
[GC#01] updated fire after clearing batch
Using multi-phase propagation with wind schedule.
[GC#01] updated fire after clearing batch
Using multi-phase propagation with wind schedule.
[GC#01] updated fire after clearing batch
Using multi-phase propagation with wind schedule.
[GC#01] updated fire after clearing batch
Using multi-phase propagation with wind schedule.
[GC#01] updated fire after clearing batch
Using multi-phase propagation with wind schedule.
[GC#01] updated fire after clearing batch
Using multi-phase propagation with wind schedule.
[GC#01] updated fire after clearing batch
Using multi-phase propagation with wind schedule.
[GC#01] updated fire after clearing batch
  → selected [-5763.14570752  6310.30972819] as drop point
FLUSHED
FLUSHED
Using multi-phase propagation with wind schedule.
DROP RAN
[DEBUG] AT#00  finished drop in sector 2 – notifying ground crews
[DEBUG] GC#01  attempting re-plan… remaining path = 293 cells
[DEBUG] GC#01 start@(429, 60)  raw_arr=inf  now=1661.0  mtt=nan  within_buffer=False
[START] GC#01 using NEW (buffered by planner) → start (429, 60) on boundary 2
Start:  (429, 60)
Finish:  (433, 118)
[GC#01] fire-line length 85 cells (155.4 min; full plan)
[DEBUG] GC#01  new path accepted (length 85, ETA 155.4 min)
Applied {'FireHercAgent': (3,), 'GroundCrewAgent': (5, 3)} at t=1680
[ICS-ORACLE] now=1680  lookahead wind= 34.1°  head=[3] flank=[2, 4, 5] heel=[0]
simulating in place
Using multi-phase propagation with wind schedule.
[GC#02] updated fire after clearing batch
Using multi-phase propagation with wind schedule.
[GC#02] updated fire after clearing batch
  → selected [-7627.81626394  -989.3863146 ] as drop point
FLUSHED
FLUSHED
Using multi-phase propagation with wind schedule.
DROP RAN
[DEBUG] AT#00  finished drop in sector 3 – notifying ground crews
[DEBUG] GC#02  attempting re-plan… remaining path = 305 cells
[DEBUG] GC#02 start@(634, 273)  raw_arr=inf  now=1707.0  mtt=nan  within_buffer=False
[START] GC#02 using NEW (buffered by planner) → start (634, 273) on boundary 3
Start:  (634, 273)
Finish:  (698, 359)
[GC#02] fire-line length 191 cells (61.2 min; full plan)
[DEBUG] GC#02  new path accepted (length 191, ETA 61.2 min)
Using multi-phase propagation with wind schedule.
[GC#01] updated fire after clearing batch
Using multi-phase propagation with wind schedule.
[GC#02] updated fire after clearing batch
Using multi-phase propagation with wind schedule.
[GC#02] updated fire after clearing batch
Using multi-phase propagation with wind schedule.
[GC#02] updated fire after clearing batch
Using multi-phase propagation with wind schedule.
[GC#02] updated fire after clearing batch
Using multi-phase propagation with wind schedule.
[GC#02] updated fire after clearing batch
Using multi-phase propagation with wind schedule.
[GC#02] updated fire after clearing batch
Using multi-phase propagation with wind schedule.
[GC#02] updated fire after clearing batch
  → selected [-8364.05071939  -349.90833541] as drop point
FLUSHED
FLUSHED
Using multi-phase propagation with wind schedule.
DROP RAN
[DEBUG] AT#00  finished drop in sector 3 – notifying ground crews
[DEBUG] GC#02  attempting re-plan… remaining path = 191 cells
[DEBUG] GC#02 start@(698, 355)  raw_arr=inf  now=1754.0  mtt=nan  within_buffer=False
[START] GC#02 using NEW (buffered by planner) → start (698, 355) on boundary 3
Start:  (698, 355)
Finish:  (698, 359)
[GC#02] fire-line length 5 cells (14.1 min; full plan)
[DEBUG] GC#02  new path accepted (length 5, ETA 14.1 min)
Using multi-phase propagation with wind schedule.
[GC#02] updated fire after clearing batch
Sector contained  3

— after _mark_anchor_completed(bdy=3, role=start, by=None) —

=== boundary_anchors (NOW) ===
b00 start  — <none>
b00 finish rc=(433, 593)  t=240.0  completed=True  world=(2870.0, 330.5)
b01 start  rc=(371, 548)  t=240.0  completed=True  world=(1520.0, 2190.5)
b01 finish — <none>
b02 start  rc=(394, 490)  t=600.0  completed=True  world=(-220.0, 1500.5)
b02 finish rc=(394, 490)  t=240.0  completed=True  world=(-220.0, 1500.5)
b03 start  rc=(433, 341)  t=600.0  completed=True  world=(-4690.0, 330.5)
b03 finish rc=(433, 118)  t=600.0  completed=True  world=(-11380.0, 330.5)
b04 start  — <none>
b04 finish rc=(698, 359)  t=600.0  completed=True  world=(-4150.0, -7619.5)
b05 start  — <none>
b05 finish — <none>
=== end ===

— end dump —


— after _mark_anchor_completed(bdy=4, role=finish, by=None) —

=== boundary_anchors (NOW) ===
b00 start  — <none>
b00 finish rc=(433, 593)  t=240.0  completed=True  world=(2870.0, 330.5)
b01 start  rc=(371, 548)  t=240.0  completed=True  world=(1520.0, 2190.5)
b01 finish — <none>
b02 start  rc=(394, 490)  t=600.0  completed=True  world=(-220.0, 1500.5)
b02 finish rc=(394, 490)  t=240.0  completed=True  world=(-220.0, 1500.5)
b03 start  rc=(433, 341)  t=600.0  completed=True  world=(-4690.0, 330.5)
b03 finish rc=(433, 118)  t=600.0  completed=True  world=(-11380.0, 330.5)
b04 start  — <none>
b04 finish rc=(698, 359)  t=600.0  completed=True  world=(-4150.0, -7619.5)
b05 start  — <none>
b05 finish — <none>
=== end ===

— end dump —

[GC#02] Sector 3 contained → Standby
Applied {'FireHercAgent': (4,), 'GroundCrewAgent': (3, 5)} at t=1800
[ICS-ORACLE] now=1800  lookahead wind=357.7°  head=[2] flank=[4] heel=[5]
simulating in place

— after _record_anchor(bdy=0, role=start, cell=(433, 593), by=None) —

=== boundary_anchors (NOW) ===
b00 start  rc=(433, 593)  t=1800.0  completed=False  world=(2870.0, 330.5)
b00 finish rc=(433, 593)  t=240.0  completed=True  world=(2870.0, 330.5)
b01 start  rc=(371, 548)  t=240.0  completed=True  world=(1520.0, 2190.5)
b01 finish — <none>
b02 start  rc=(394, 490)  t=600.0  completed=True  world=(-220.0, 1500.5)
b02 finish rc=(394, 490)  t=240.0  completed=True  world=(-220.0, 1500.5)
b03 start  rc=(433, 341)  t=600.0  completed=True  world=(-4690.0, 330.5)
b03 finish rc=(433, 118)  t=600.0  completed=True  world=(-11380.0, 330.5)
b04 start  — <none>
b04 finish rc=(698, 359)  t=600.0  completed=True  world=(-4150.0, -7619.5)
b05 start  — <none>
b05 finish — <none>
=== end ===

— end dump —


— after _record_anchor(bdy=5, role=finish, cell=(727, 682), by=None) —

=== boundary_anchors (NOW) ===
b00 start  rc=(433, 593)  t=1800.0  completed=False  world=(2870.0, 330.5)
b00 finish rc=(433, 593)  t=240.0  completed=True  world=(2870.0, 330.5)
b01 start  rc=(371, 548)  t=240.0  completed=True  world=(1520.0, 2190.5)
b01 finish — <none>
b02 start  rc=(394, 490)  t=600.0  completed=True  world=(-220.0, 1500.5)
b02 finish rc=(394, 490)  t=240.0  completed=True  world=(-220.0, 1500.5)
b03 start  rc=(433, 341)  t=600.0  completed=True  world=(-4690.0, 330.5)
b03 finish rc=(433, 118)  t=600.0  completed=True  world=(-11380.0, 330.5)
b04 start  — <none>
b04 finish rc=(698, 359)  t=600.0  completed=True  world=(-4150.0, -7619.5)
b05 start  — <none>
b05 finish rc=(727, 682)  t=1800.0  completed=False  world=(5540.0, -8489.5)
=== end ===

— end dump —

[DEBUG] sector 5: start@bdy0 (433, 593)   finish@bdy5 (727, 682)
[GC#02] → sector 5  start (433, 593)  finish (727, 682)
  → selected [-9374.94628377  2972.97515793] as drop point
FLUSHED
Using multi-phase propagation with wind schedule.
DROP RAN
[DEBUG] AT#00  finished drop in sector 2 – notifying ground crews
[DEBUG] GC#01  attempting re-plan… remaining path = 85 cells
[DEBUG] GC#01 start@(435, 111)  raw_arr=inf  now=1801.0  mtt=nan  within_buffer=False
[START] GC#01 using NEW (buffered by planner) → start (435, 111) on boundary 2
Start:  (435, 111)
Finish:  (433, 118)
[GC#01] fire-line length 10 cells (14.1 min; full plan)
[DEBUG] GC#01  new path accepted (length 10, ETA 14.1 min)
Using multi-phase propagation with wind schedule.
[GC#01] updated fire after clearing batch
Sector contained  2

— after _mark_anchor_completed(bdy=2, role=start, by=None) —

=== boundary_anchors (NOW) ===
b00 start  rc=(433, 593)  t=1800.0  completed=False  world=(2870.0, 330.5)
b00 finish rc=(433, 593)  t=240.0  completed=True  world=(2870.0, 330.5)
b01 start  rc=(371, 548)  t=240.0  completed=True  world=(1520.0, 2190.5)
b01 finish — <none>
b02 start  rc=(394, 490)  t=600.0  completed=True  world=(-220.0, 1500.5)
b02 finish rc=(394, 490)  t=240.0  completed=True  world=(-220.0, 1500.5)
b03 start  rc=(433, 341)  t=600.0  completed=True  world=(-4690.0, 330.5)
b03 finish rc=(433, 118)  t=600.0  completed=True  world=(-11380.0, 330.5)
b04 start  — <none>
b04 finish rc=(698, 359)  t=600.0  completed=True  world=(-4150.0, -7619.5)
b05 start  — <none>
b05 finish rc=(727, 682)  t=1800.0  completed=False  world=(5540.0, -8489.5)
=== end ===

— end dump —


— after _mark_anchor_completed(bdy=3, role=finish, by=None) —

=== boundary_anchors (NOW) ===
b00 start  rc=(433, 593)  t=1800.0  completed=False  world=(2870.0, 330.5)
b00 finish rc=(433, 593)  t=240.0  completed=True  world=(2870.0, 330.5)
b01 start  rc=(371, 548)  t=240.0  completed=True  world=(1520.0, 2190.5)
b01 finish — <none>
b02 start  rc=(394, 490)  t=600.0  completed=True  world=(-220.0, 1500.5)
b02 finish rc=(394, 490)  t=240.0  completed=True  world=(-220.0, 1500.5)
b03 start  rc=(433, 341)  t=600.0  completed=True  world=(-4690.0, 330.5)
b03 finish rc=(433, 118)  t=600.0  completed=True  world=(-11380.0, 330.5)
b04 start  — <none>
b04 finish rc=(698, 359)  t=600.0  completed=True  world=(-4150.0, -7619.5)
b05 start  — <none>
b05 finish rc=(727, 682)  t=1800.0  completed=False  world=(5540.0, -8489.5)
=== end ===

— end dump —

[GC#01] Sector 2 contained → Standby
  → selected [-10002.82337529   1333.04585849] as drop point
Using multi-phase propagation with wind schedule.
DROP RAN
[DEBUG] AT#00  finished drop in sector 2 – notifying ground crews
  → selected [-8285.56344448  6377.05893577] as drop point
Using multi-phase propagation with wind schedule.
DROP RAN
[DEBUG] AT#00  finished drop in sector 2 – notifying ground crews
Applied {'FireHercAgent': (3,), 'GroundCrewAgent': (6, 5)} at t=1920
[ICS-ORACLE] now=1920  lookahead wind=324.7°  head=[2] flank=[4] heel=[5]
simulating in place

— after _record_anchor(bdy=0, role=start, cell=(433, 593), by=None) —

=== boundary_anchors (NOW) ===
b00 start  rc=(433, 593)  t=1920.0  completed=False  world=(2870.0, 330.5)
b00 finish rc=(433, 593)  t=240.0  completed=True  world=(2870.0, 330.5)
b01 start  rc=(371, 548)  t=240.0  completed=True  world=(1520.0, 2190.5)
b01 finish — <none>
b02 start  rc=(394, 490)  t=600.0  completed=True  world=(-220.0, 1500.5)
b02 finish rc=(394, 490)  t=240.0  completed=True  world=(-220.0, 1500.5)
b03 start  rc=(433, 341)  t=600.0  completed=True  world=(-4690.0, 330.5)
b03 finish rc=(433, 118)  t=600.0  completed=True  world=(-11380.0, 330.5)
b04 start  — <none>
b04 finish rc=(698, 359)  t=600.0  completed=True  world=(-4150.0, -7619.5)
b05 start  — <none>
b05 finish rc=(727, 682)  t=1800.0  completed=False  world=(5540.0, -8489.5)
=== end ===

— end dump —


— after _record_anchor(bdy=5, role=finish, cell=(756, 699), by=None) —

=== boundary_anchors (NOW) ===
b00 start  rc=(433, 593)  t=1920.0  completed=False  world=(2870.0, 330.5)
b00 finish rc=(433, 593)  t=240.0  completed=True  world=(2870.0, 330.5)
b01 start  rc=(371, 548)  t=240.0  completed=True  world=(1520.0, 2190.5)
b01 finish — <none>
b02 start  rc=(394, 490)  t=600.0  completed=True  world=(-220.0, 1500.5)
b02 finish rc=(394, 490)  t=240.0  completed=True  world=(-220.0, 1500.5)
b03 start  rc=(433, 341)  t=600.0  completed=True  world=(-4690.0, 330.5)
b03 finish rc=(433, 118)  t=600.0  completed=True  world=(-11380.0, 330.5)
b04 start  — <none>
b04 finish rc=(698, 359)  t=600.0  completed=True  world=(-4150.0, -7619.5)
b05 start  — <none>
b05 finish rc=(756, 699)  t=1920.0  completed=False  world=(6050.0, -9359.5)
=== end ===

— end dump —

[DEBUG] sector 5: start@bdy0 (433, 593)   finish@bdy5 (756, 699)
[GC#01] → sector 5  start (433, 593)  finish (756, 699)
  → selected [ 3203.42036041 -5005.03483237] as drop point
Using multi-phase propagation with wind schedule.
DROP RAN
[DEBUG] AT#00  finished drop in sector 5 – notifying ground crews
  → selected [ 3622.42731035 -4698.84145878] as drop point
Using multi-phase propagation with wind schedule.
DROP RAN
[DEBUG] AT#00  finished drop in sector 5 – notifying ground crews
  → selected [ 3965.67255747 -4306.83234976] as drop point
Using multi-phase propagation with wind schedule.
DROP RAN
[DEBUG] AT#00  finished drop in sector 5 – notifying ground crews
Applied {'FireHercAgent': (6,), 'GroundCrewAgent': (6, 5)} at t=2040
[ICS-ORACLE] now=2040  lookahead wind=349.2°  head=[2] flank=[4] heel=[5]
simulating in place
[START] GC#02 using ANCHOR (unspecified source) → start (433, 593) on boundary 0
Start:  (433, 593)
Finish:  (727, 682)
[GC#02] fire-line length 608 cells (575.7 min; full plan)

— after _mark_anchor_completed(bdy=0, role=start, by=None) —

=== boundary_anchors (NOW) ===
b00 start  rc=(433, 593)  t=1920.0  completed=True  world=(2870.0, 330.5)
b00 finish rc=(433, 593)  t=240.0  completed=True  world=(2870.0, 330.5)
b01 start  rc=(371, 548)  t=240.0  completed=True  world=(1520.0, 2190.5)
b01 finish — <none>
b02 start  rc=(394, 490)  t=600.0  completed=True  world=(-220.0, 1500.5)
b02 finish rc=(394, 490)  t=240.0  completed=True  world=(-220.0, 1500.5)
b03 start  rc=(433, 341)  t=600.0  completed=True  world=(-4690.0, 330.5)
b03 finish rc=(433, 118)  t=600.0  completed=True  world=(-11380.0, 330.5)
b04 start  — <none>
b04 finish rc=(698, 359)  t=600.0  completed=True  world=(-4150.0, -7619.5)
b05 start  — <none>
b05 finish rc=(756, 699)  t=1920.0  completed=False  world=(6050.0, -9359.5)
=== end ===

— end dump —


— after _mark_anchor_completed(bdy=5, role=finish, by=<groundcrew.GroundCrewAgent object at 0x000001E091DC2B10>) —

=== boundary_anchors (NOW) ===
b00 start  rc=(433, 593)  t=1920.0  completed=True  world=(2870.0, 330.5)
b00 finish rc=(433, 593)  t=240.0  completed=True  world=(2870.0, 330.5)
b01 start  rc=(371, 548)  t=240.0  completed=True  world=(1520.0, 2190.5)
b01 finish — <none>
b02 start  rc=(394, 490)  t=600.0  completed=True  world=(-220.0, 1500.5)
b02 finish rc=(394, 490)  t=240.0  completed=True  world=(-220.0, 1500.5)
b03 start  rc=(433, 341)  t=600.0  completed=True  world=(-4690.0, 330.5)
b03 finish rc=(433, 118)  t=600.0  completed=True  world=(-11380.0, 330.5)
b04 start  — <none>
b04 finish rc=(698, 359)  t=600.0  completed=True  world=(-4150.0, -7619.5)
b05 start  — <none>
b05 finish rc=(756, 699)  t=1920.0  completed=True  world=(6050.0, -9359.5)
=== end ===

— end dump —

Using multi-phase propagation with wind schedule.
[GC#02] updated fire after clearing batch
  → selected [  939.60453612 -7083.59470628] as drop point
FLUSHED
Using multi-phase propagation with wind schedule.
DROP RAN
[DEBUG] AT#00  finished drop in sector 4 – notifying ground crews
Using multi-phase propagation with wind schedule.
[GC#02] updated fire after clearing batch
Using multi-phase propagation with wind schedule.
[GC#02] updated fire after clearing batch
  → selected [-3803.88214455 -7301.28728008] as drop point
FLUSHED
Using multi-phase propagation with wind schedule.
DROP RAN
[DEBUG] AT#00  finished drop in sector 4 – notifying ground crews
Applied {'FireHercAgent': (5,), 'GroundCrewAgent': (6, 5)} at t=2160
[ICS-ORACLE] now=2160  lookahead wind=293.7°  head=[1] flank=[5] heel=[4]
simulating in place
  → selected [ 3780.55198667 -4904.91354903] as drop point
FLUSHED
Using multi-phase propagation with wind schedule.
DROP RAN
[DEBUG] AT#00  finished drop in sector 5 – notifying ground crews
[DEBUG] GC#02  attempting re-plan… remaining path = 608 cells
[DEBUG] GC#02 start@(447, 642)  raw_arr=inf  now=2176.0  mtt=nan  within_buffer=False
[START] GC#02 using NEW (buffered by planner) → start (447, 642) on boundary 0
Start:  (447, 642)
Finish:  (727, 682)
[GC#02] fire-line length 481 cells (453.6 min; full plan)
[DEBUG] GC#02  new path accepted (length 481, ETA 453.6 min)
Using multi-phase propagation with wind schedule.
[GC#02] updated fire after clearing batch
Using multi-phase propagation with wind schedule.
[GC#02] updated fire after clearing batch
Using multi-phase propagation with wind schedule.
[GC#02] updated fire after clearing batch
  → selected [ 4384.20973052 -3344.79995298] as drop point
FLUSHED
Using multi-phase propagation with wind schedule.
DROP RAN
[DEBUG] AT#00  finished drop in sector 5 – notifying ground crews
[DEBUG] GC#02  attempting re-plan… remaining path = 481 cells
[DEBUG] GC#02 start@(480, 683)  raw_arr=inf  now=2222.0  mtt=nan  within_buffer=False
[START] GC#02 using NEW (buffered by planner) → start (480, 683) on boundary 0
Start:  (480, 683)
Finish:  (727, 682)
[GC#02] fire-line length 403 cells (408.6 min; full plan)
[DEBUG] GC#02  new path accepted (length 403, ETA 408.6 min)
Using multi-phase propagation with wind schedule.
[GC#02] updated fire after clearing batch
Using multi-phase propagation with wind schedule.
[GC#02] updated fire after clearing batch
Using multi-phase propagation with wind schedule.
[GC#02] updated fire after clearing batch
  → selected [ 4434.12878372 -4043.06410424] as drop point
FLUSHED
Using multi-phase propagation with wind schedule.
DROP RAN
[DEBUG] AT#00  finished drop in sector 5 – notifying ground crews
[DEBUG] GC#02  attempting re-plan… remaining path = 403 cells
[DEBUG] GC#02 start@(528, 706)  raw_arr=inf  now=2269.0  mtt=nan  within_buffer=False
[START] GC#02 using NEW (buffered by planner) → start (528, 706) on boundary 0
Start:  (528, 706)
Finish:  (727, 682)
[GC#02] fire-line length 328 cells (345.9 min; full plan)
[DEBUG] GC#02  new path accepted (length 328, ETA 345.9 min)
Applied {'FireHercAgent': (6,), 'GroundCrewAgent': (5, 6)} at t=2280
[ICS-ORACLE] now=2280  lookahead wind=164.4°  head=[5] flank=[4] heel=[2]
simulating in place
Using multi-phase propagation with wind schedule.
[GC#02] updated fire after clearing batch
  → selected [ 3551.02798634 -5550.66950928] as drop point
FLUSHED
Using multi-phase propagation with wind schedule.
DROP RAN
[DEBUG] AT#00  finished drop in sector 5 – notifying ground crews
[DEBUG] GC#02  attempting re-plan… remaining path = 328 cells
[DEBUG] GC#02 start@(563, 712)  raw_arr=inf  now=2315.0  mtt=nan  within_buffer=False
[START] GC#02 using NEW (buffered by planner) → start (563, 712) on boundary 0
Start:  (563, 712)
Finish:  (727, 682)
[GC#02] fire-line length 281 cells (300.8 min; full plan)
[DEBUG] GC#02  new path accepted (length 281, ETA 300.8 min)
Using multi-phase propagation with wind schedule.
[GC#02] updated fire after clearing batch
Using multi-phase propagation with wind schedule.
[GC#02] updated fire after clearing batch
  → [ 3576.3506483  -2259.71439356] already burned – skipping
Sector retarded
{5}
Using multi-phase propagation with wind schedule.
[GC#02] updated fire after clearing batch
[START] GC#01 using ANCHOR (unspecified source) → start (433, 593) on boundary 0
Start:  (433, 593)
Finish:  (756, 699)
[GC#01] fire-line length 588 cells (381.9 min; full plan)

— after _mark_anchor_completed(bdy=0, role=start, by=None) —

=== boundary_anchors (NOW) ===
b00 start  rc=(433, 593)  t=1920.0  completed=True  world=(2870.0, 330.5)
b00 finish rc=(433, 593)  t=240.0  completed=True  world=(2870.0, 330.5)
b01 start  rc=(371, 548)  t=240.0  completed=True  world=(1520.0, 2190.5)
b01 finish — <none>
b02 start  rc=(394, 490)  t=600.0  completed=True  world=(-220.0, 1500.5)
b02 finish rc=(394, 490)  t=240.0  completed=True  world=(-220.0, 1500.5)
b03 start  rc=(433, 341)  t=600.0  completed=True  world=(-4690.0, 330.5)
b03 finish rc=(433, 118)  t=600.0  completed=True  world=(-11380.0, 330.5)
b04 start  — <none>
b04 finish rc=(698, 359)  t=600.0  completed=True  world=(-4150.0, -7619.5)
b05 start  — <none>
b05 finish rc=(756, 699)  t=1920.0  completed=True  world=(6050.0, -9359.5)
=== end ===

— end dump —


— after _mark_anchor_completed(bdy=5, role=finish, by=<groundcrew.GroundCrewAgent object at 0x000001E091F0A790>) —

=== boundary_anchors (NOW) ===
b00 start  rc=(433, 593)  t=1920.0  completed=True  world=(2870.0, 330.5)
b00 finish rc=(433, 593)  t=240.0  completed=True  world=(2870.0, 330.5)
b01 start  rc=(371, 548)  t=240.0  completed=True  world=(1520.0, 2190.5)
b01 finish — <none>
b02 start  rc=(394, 490)  t=600.0  completed=True  world=(-220.0, 1500.5)
b02 finish rc=(394, 490)  t=240.0  completed=True  world=(-220.0, 1500.5)
b03 start  rc=(433, 341)  t=600.0  completed=True  world=(-4690.0, 330.5)
b03 finish rc=(433, 118)  t=600.0  completed=True  world=(-11380.0, 330.5)
b04 start  — <none>
b04 finish rc=(698, 359)  t=600.0  completed=True  world=(-4150.0, -7619.5)
b05 start  — <none>
b05 finish rc=(756, 699)  t=1920.0  completed=True  world=(6050.0, -9359.5)
=== end ===

— end dump —

Using multi-phase propagation with wind schedule.
[GC#01] updated fire after clearing batch
Using multi-phase propagation with wind schedule.
[GC#01] updated fire after clearing batch
Using multi-phase propagation with wind schedule.
[GC#02] updated fire after clearing batch
Applied {'FireHercAgent': (6,), 'GroundCrewAgent': (5, 6)} at t=2400
[ICS-ORACLE] now=2400  lookahead wind=159.0°  head=[5] flank=[4] heel=[2]
simulating in place
Using multi-phase propagation with wind schedule.
[GC#02] updated fire after clearing batch
  → [ 4241.6259082  -2683.54147689] already burned – skipping
Sector retarded
{5}
Using multi-phase propagation with wind schedule.
[GC#02] updated fire after clearing batch
Using multi-phase propagation with wind schedule.
[GC#01] updated fire after clearing batch
Using multi-phase propagation with wind schedule.
[GC#02] updated fire after clearing batch
  → selected [ 4176.73555645 -5421.23002947] as drop point
FLUSHED
FLUSHED
Using multi-phase propagation with wind schedule.
DROP RAN
[DEBUG] AT#00  finished drop in sector 5 – notifying ground crews
[DEBUG] GC#01  attempting re-plan… remaining path = 588 cells
[DEBUG] GC#01 start@(662, 731)  raw_arr=inf  now=2463.0  mtt=nan  within_buffer=False
[START] GC#01 using NEW (buffered by planner) → start (662, 731) on boundary 0
Start:  (662, 731)
Finish:  (756, 699)
[GC#01] fire-line length 127 cells (295.7 min; full plan)
[DEBUG] GC#01  new path accepted (length 127, ETA 295.7 min)
[DEBUG] GC#02  attempting re-plan… remaining path = 281 cells
[DEBUG] GC#02 start@(673, 717)  raw_arr=inf  now=2463.0  mtt=nan  within_buffer=False
[START] GC#02 using NEW (buffered by planner) → start (673, 717) on boundary 0
Start:  (673, 717)
Finish:  (727, 682)
[GC#02] fire-line length 92 cells (167.9 min; full plan)
[DEBUG] GC#02  new path accepted (length 92, ETA 167.9 min)
  → selected [ 4623.42536227 -5024.64357724] as drop point
FLUSHED
FLUSHED
Using multi-phase propagation with wind schedule.
DROP RAN
[DEBUG] AT#00  finished drop in sector 5 – notifying ground crews
[DEBUG] GC#01  attempting re-plan… remaining path = 127 cells
[DEBUG] GC#01 start@(675, 706)  raw_arr=inf  now=2509.0  mtt=nan  within_buffer=False
[START] GC#01 using NEW (buffered by planner) → start (675, 706) on boundary 0
Start:  (675, 706)
Finish:  (756, 699)
[GC#01] fire-line length 93 cells (239.6 min; full plan)
[DEBUG] GC#01  new path accepted (length 93, ETA 239.6 min)
[DEBUG] GC#02  attempting re-plan… remaining path = 92 cells
[DEBUG] GC#02 start@(676, 706)  raw_arr=inf  now=2509.0  mtt=nan  within_buffer=False
[START] GC#02 using NEW (buffered by planner) → start (676, 706) on boundary 0
Start:  (676, 706)
Finish:  (727, 682)
[GC#02] fire-line length 80 cells (116.4 min; full plan)
[DEBUG] GC#02  new path accepted (length 80, ETA 116.4 min)
Applied {'FireHercAgent': (6,), 'GroundCrewAgent': (5, 6)} at t=2520
[ICS-ORACLE] now=2520  lookahead wind=304.5°  head=[2] flank=[4] heel=[5]
simulating in place
Using multi-phase propagation with wind schedule.
[GC#02] updated fire after clearing batch
Using multi-phase propagation with wind schedule.
[GC#01] updated fire after clearing batch
  → selected [ 3489.52085874 -6678.22560816] as drop point
FLUSHED
FLUSHED
Using multi-phase propagation with wind schedule.
DROP RAN
[DEBUG] AT#00  finished drop in sector 4 – notifying ground crews
Using multi-phase propagation with wind schedule.
[GC#02] updated fire after clearing batch
  → selected [ 2971.0393175 -7145.1795877] as drop point
FLUSHED
FLUSHED
Using multi-phase propagation with wind schedule.
DROP RAN
[DEBUG] AT#00  finished drop in sector 4 – notifying ground crews
Using multi-phase propagation with wind schedule.
[GC#02] updated fire after clearing batch
Sector contained  5

— after _mark_anchor_completed(bdy=0, role=start, by=None) —

=== boundary_anchors (NOW) ===
b00 start  rc=(433, 593)  t=1920.0  completed=True  world=(2870.0, 330.5)
b00 finish rc=(433, 593)  t=240.0  completed=True  world=(2870.0, 330.5)
b01 start  rc=(371, 548)  t=240.0  completed=True  world=(1520.0, 2190.5)
b01 finish — <none>
b02 start  rc=(394, 490)  t=600.0  completed=True  world=(-220.0, 1500.5)
b02 finish rc=(394, 490)  t=240.0  completed=True  world=(-220.0, 1500.5)
b03 start  rc=(433, 341)  t=600.0  completed=True  world=(-4690.0, 330.5)
b03 finish rc=(433, 118)  t=600.0  completed=True  world=(-11380.0, 330.5)
b04 start  — <none>
b04 finish rc=(698, 359)  t=600.0  completed=True  world=(-4150.0, -7619.5)
b05 start  — <none>
b05 finish rc=(756, 699)  t=1920.0  completed=True  world=(6050.0, -9359.5)
=== end ===

— end dump —


— after _mark_anchor_completed(bdy=5, role=finish, by=None) —

=== boundary_anchors (NOW) ===
b00 start  rc=(433, 593)  t=1920.0  completed=True  world=(2870.0, 330.5)
b00 finish rc=(433, 593)  t=240.0  completed=True  world=(2870.0, 330.5)
b01 start  rc=(371, 548)  t=240.0  completed=True  world=(1520.0, 2190.5)
b01 finish — <none>
b02 start  rc=(394, 490)  t=600.0  completed=True  world=(-220.0, 1500.5)
b02 finish rc=(394, 490)  t=240.0  completed=True  world=(-220.0, 1500.5)
b03 start  rc=(433, 341)  t=600.0  completed=True  world=(-4690.0, 330.5)
b03 finish rc=(433, 118)  t=600.0  completed=True  world=(-11380.0, 330.5)
b04 start  — <none>
b04 finish rc=(698, 359)  t=600.0  completed=True  world=(-4150.0, -7619.5)
b05 start  — <none>
b05 finish rc=(756, 699)  t=1920.0  completed=True  world=(6050.0, -9359.5)
=== end ===

— end dump —

[GC#02] Sector 5 contained → Standby
Applied {'FireHercAgent': (5,), 'GroundCrewAgent': (6, 5)} at t=2640
[ICS-ORACLE] now=2640  lookahead wind=198.8°  head=[0] flank=[4] heel=[3]
simulating in place

— after _record_anchor(bdy=5, role=start, cell=(756, 699), by=None) —

=== boundary_anchors (NOW) ===
b00 start  rc=(433, 593)  t=1920.0  completed=True  world=(2870.0, 330.5)
b00 finish rc=(433, 593)  t=240.0  completed=True  world=(2870.0, 330.5)
b01 start  rc=(371, 548)  t=240.0  completed=True  world=(1520.0, 2190.5)
b01 finish — <none>
b02 start  rc=(394, 490)  t=600.0  completed=True  world=(-220.0, 1500.5)
b02 finish rc=(394, 490)  t=240.0  completed=True  world=(-220.0, 1500.5)
b03 start  rc=(433, 341)  t=600.0  completed=True  world=(-4690.0, 330.5)
b03 finish rc=(433, 118)  t=600.0  completed=True  world=(-11380.0, 330.5)
b04 start  — <none>
b04 finish rc=(698, 359)  t=600.0  completed=True  world=(-4150.0, -7619.5)
b05 start  rc=(756, 699)  t=2640.0  completed=False  world=(6050.0, -9359.5)
b05 finish rc=(756, 699)  t=1920.0  completed=True  world=(6050.0, -9359.5)
=== end ===

— end dump —


— after _record_anchor(bdy=4, role=finish, cell=(698, 359), by=None) —

=== boundary_anchors (NOW) ===
b00 start  rc=(433, 593)  t=1920.0  completed=True  world=(2870.0, 330.5)
b00 finish rc=(433, 593)  t=240.0  completed=True  world=(2870.0, 330.5)
b01 start  rc=(371, 548)  t=240.0  completed=True  world=(1520.0, 2190.5)
b01 finish — <none>
b02 start  rc=(394, 490)  t=600.0  completed=True  world=(-220.0, 1500.5)
b02 finish rc=(394, 490)  t=240.0  completed=True  world=(-220.0, 1500.5)
b03 start  rc=(433, 341)  t=600.0  completed=True  world=(-4690.0, 330.5)
b03 finish rc=(433, 118)  t=600.0  completed=True  world=(-11380.0, 330.5)
b04 start  — <none>
b04 finish rc=(698, 359)  t=2640.0  completed=False  world=(-4150.0, -7619.5)
b05 start  rc=(756, 699)  t=2640.0  completed=False  world=(6050.0, -9359.5)
b05 finish rc=(756, 699)  t=1920.0  completed=True  world=(6050.0, -9359.5)
=== end ===

— end dump —

[DEBUG] sector 4: start@bdy5 (756, 699)   finish@bdy4 (698, 359)
[GC#02] → sector 4  start (756, 699)  finish (698, 359)
  → selected [ 1759.56591721 -7898.87932036] as drop point
FLUSHED
Using multi-phase propagation with wind schedule.
DROP RAN
[DEBUG] AT#00  finished drop in sector 4 – notifying ground crews
[START] GC#02 using ANCHOR (unspecified source) → start (756, 699) on boundary 5
Start:  (756, 699)
Finish:  (698, 359)
[GC#02] fire-line length 641 cells (817.8 min; full plan)

— after _mark_anchor_completed(bdy=5, role=start, by=None) —

=== boundary_anchors (NOW) ===
b00 start  rc=(433, 593)  t=1920.0  completed=True  world=(2870.0, 330.5)
b00 finish rc=(433, 593)  t=240.0  completed=True  world=(2870.0, 330.5)
b01 start  rc=(371, 548)  t=240.0  completed=True  world=(1520.0, 2190.5)
b01 finish — <none>
b02 start  rc=(394, 490)  t=600.0  completed=True  world=(-220.0, 1500.5)
b02 finish rc=(394, 490)  t=240.0  completed=True  world=(-220.0, 1500.5)
b03 start  rc=(433, 341)  t=600.0  completed=True  world=(-4690.0, 330.5)
b03 finish rc=(433, 118)  t=600.0  completed=True  world=(-11380.0, 330.5)
b04 start  — <none>
b04 finish rc=(698, 359)  t=2640.0  completed=False  world=(-4150.0, -7619.5)
b05 start  rc=(756, 699)  t=2640.0  completed=True  world=(6050.0, -9359.5)
b05 finish rc=(756, 699)  t=1920.0  completed=True  world=(6050.0, -9359.5)
=== end ===

— end dump —


— after _mark_anchor_completed(bdy=4, role=finish, by=<groundcrew.GroundCrewAgent object at 0x000001E091DC2B10>) —

=== boundary_anchors (NOW) ===
b00 start  rc=(433, 593)  t=1920.0  completed=True  world=(2870.0, 330.5)
b00 finish rc=(433, 593)  t=240.0  completed=True  world=(2870.0, 330.5)
b01 start  rc=(371, 548)  t=240.0  completed=True  world=(1520.0, 2190.5)
b01 finish — <none>
b02 start  rc=(394, 490)  t=600.0  completed=True  world=(-220.0, 1500.5)
b02 finish rc=(394, 490)  t=240.0  completed=True  world=(-220.0, 1500.5)
b03 start  rc=(433, 341)  t=600.0  completed=True  world=(-4690.0, 330.5)
b03 finish rc=(433, 118)  t=600.0  completed=True  world=(-11380.0, 330.5)
b04 start  — <none>
b04 finish rc=(698, 359)  t=2640.0  completed=True  world=(-4150.0, -7619.5)
b05 start  rc=(756, 699)  t=2640.0  completed=True  world=(6050.0, -9359.5)
b05 finish rc=(756, 699)  t=1920.0  completed=True  world=(6050.0, -9359.5)
=== end ===

— end dump —

  → selected [ 3620.3877386  -6929.61854538] as drop point
FLUSHED
FLUSHED
Using multi-phase propagation with wind schedule.
DROP RAN
[DEBUG] AT#00  finished drop in sector 4 – notifying ground crews
[DEBUG] GC#02  attempting re-plan… remaining path = 641 cells
[DEBUG] GC#02 start@(755, 699)  raw_arr=inf  now=2694.0  mtt=nan  within_buffer=False
[START] GC#02 using NEW (buffered by planner) → start (755, 699) on boundary 5
Start:  (755, 699)
Finish:  (698, 359)
[GC#02] fire-line length 640 cells (694.8 min; full plan)
[DEBUG] GC#02  new path accepted (length 640, ETA 694.8 min)
  → selected [ 3068.31672341 -7380.02802036] as drop point
FLUSHED
FLUSHED
Using multi-phase propagation with wind schedule.
DROP RAN
[DEBUG] AT#00  finished drop in sector 4 – notifying ground crews
[DEBUG] GC#02  attempting re-plan… remaining path = 640 cells
[DEBUG] GC#02 start@(748, 698)  raw_arr=inf  now=2740.0  mtt=nan  within_buffer=False
[START] GC#02 using NEW (buffered by planner) → start (748, 698) on boundary 5
Start:  (748, 698)
Finish:  (698, 359)
[GC#02] fire-line length 632 cells (626.0 min; full plan)
[DEBUG] GC#02  new path accepted (length 632, ETA 626.0 min)
Sector contained  5

— after _mark_anchor_completed(bdy=0, role=start, by=None) —

=== boundary_anchors (NOW) ===
b00 start  rc=(433, 593)  t=1920.0  completed=True  world=(2870.0, 330.5)
b00 finish rc=(433, 593)  t=240.0  completed=True  world=(2870.0, 330.5)
b01 start  rc=(371, 548)  t=240.0  completed=True  world=(1520.0, 2190.5)
b01 finish — <none>
b02 start  rc=(394, 490)  t=600.0  completed=True  world=(-220.0, 1500.5)
b02 finish rc=(394, 490)  t=240.0  completed=True  world=(-220.0, 1500.5)
b03 start  rc=(433, 341)  t=600.0  completed=True  world=(-4690.0, 330.5)
b03 finish rc=(433, 118)  t=600.0  completed=True  world=(-11380.0, 330.5)
b04 start  — <none>
b04 finish rc=(698, 359)  t=2640.0  completed=True  world=(-4150.0, -7619.5)
b05 start  rc=(756, 699)  t=2640.0  completed=True  world=(6050.0, -9359.5)
b05 finish rc=(756, 699)  t=1920.0  completed=True  world=(6050.0, -9359.5)
=== end ===

— end dump —


— after _mark_anchor_completed(bdy=5, role=finish, by=None) —

=== boundary_anchors (NOW) ===
b00 start  rc=(433, 593)  t=1920.0  completed=True  world=(2870.0, 330.5)
b00 finish rc=(433, 593)  t=240.0  completed=True  world=(2870.0, 330.5)
b01 start  rc=(371, 548)  t=240.0  completed=True  world=(1520.0, 2190.5)
b01 finish — <none>
b02 start  rc=(394, 490)  t=600.0  completed=True  world=(-220.0, 1500.5)
b02 finish rc=(394, 490)  t=240.0  completed=True  world=(-220.0, 1500.5)
b03 start  rc=(433, 341)  t=600.0  completed=True  world=(-4690.0, 330.5)
b03 finish rc=(433, 118)  t=600.0  completed=True  world=(-11380.0, 330.5)
b04 start  — <none>
b04 finish rc=(698, 359)  t=2640.0  completed=True  world=(-4150.0, -7619.5)
b05 start  rc=(756, 699)  t=2640.0  completed=True  world=(6050.0, -9359.5)
b05 finish rc=(756, 699)  t=1920.0  completed=True  world=(6050.0, -9359.5)
=== end ===

— end dump —

[GC#01] Sector 5 contained → Standby
Applied {'FireHercAgent': (5,), 'GroundCrewAgent': (5, 5)} at t=2760
[ICS-ORACLE] now=2760  lookahead wind=318.8°  head=[2] flank=[4] heel=[5]
simulating in place

— after _record_anchor(bdy=4, role=start, cell=(698, 359), by=None) —

=== boundary_anchors (NOW) ===
b00 start  rc=(433, 593)  t=1920.0  completed=True  world=(2870.0, 330.5)
b00 finish rc=(433, 593)  t=240.0  completed=True  world=(2870.0, 330.5)
b01 start  rc=(371, 548)  t=240.0  completed=True  world=(1520.0, 2190.5)
b01 finish — <none>
b02 start  rc=(394, 490)  t=600.0  completed=True  world=(-220.0, 1500.5)
b02 finish rc=(394, 490)  t=240.0  completed=True  world=(-220.0, 1500.5)
b03 start  rc=(433, 341)  t=600.0  completed=True  world=(-4690.0, 330.5)
b03 finish rc=(433, 118)  t=600.0  completed=True  world=(-11380.0, 330.5)
b04 start  rc=(698, 359)  t=2760.0  completed=False  world=(-4150.0, -7619.5)
b04 finish rc=(698, 359)  t=2640.0  completed=True  world=(-4150.0, -7619.5)
b05 start  rc=(756, 699)  t=2640.0  completed=True  world=(6050.0, -9359.5)
b05 finish rc=(756, 699)  t=1920.0  completed=True  world=(6050.0, -9359.5)
=== end ===

— end dump —


— after _record_anchor(bdy=5, role=finish, cell=(756, 699), by=None) —

=== boundary_anchors (NOW) ===
b00 start  rc=(433, 593)  t=1920.0  completed=True  world=(2870.0, 330.5)
b00 finish rc=(433, 593)  t=240.0  completed=True  world=(2870.0, 330.5)
b01 start  rc=(371, 548)  t=240.0  completed=True  world=(1520.0, 2190.5)
b01 finish — <none>
b02 start  rc=(394, 490)  t=600.0  completed=True  world=(-220.0, 1500.5)
b02 finish rc=(394, 490)  t=240.0  completed=True  world=(-220.0, 1500.5)
b03 start  rc=(433, 341)  t=600.0  completed=True  world=(-4690.0, 330.5)
b03 finish rc=(433, 118)  t=600.0  completed=True  world=(-11380.0, 330.5)
b04 start  rc=(698, 359)  t=2760.0  completed=False  world=(-4150.0, -7619.5)
b04 finish rc=(698, 359)  t=2640.0  completed=True  world=(-4150.0, -7619.5)
b05 start  rc=(756, 699)  t=2640.0  completed=True  world=(6050.0, -9359.5)
b05 finish rc=(756, 699)  t=2760.0  completed=False  world=(6050.0, -9359.5)
=== end ===

— end dump —

[DEBUG] sector 4: start@bdy4 (698, 359)   finish@bdy5 (756, 699)
[GC#01] → sector 4  start (698, 359)  finish (756, 699)
Using multi-phase propagation with wind schedule.
[GC#02] updated fire after clearing batch
  → selected [ 2480.52476279 -7835.89473621] as drop point
FLUSHED
Using multi-phase propagation with wind schedule.
DROP RAN
[DEBUG] AT#00  finished drop in sector 4 – notifying ground crews
[DEBUG] GC#02  attempting re-plan… remaining path = 632 cells
[DEBUG] GC#02 start@(727, 670)  raw_arr=inf  now=2787.0  mtt=nan  within_buffer=False
[START] GC#02 using NEW (buffered by planner) → start (727, 670) on boundary 5
Start:  (727, 670)
Finish:  (698, 359)
[GC#02] fire-line length 535 cells (291.3 min; full plan)
[DEBUG] GC#02  new path accepted (length 535, ETA 291.3 min)
Using multi-phase propagation with wind schedule.
[GC#02] updated fire after clearing batch
  → selected [ 1813.78671709 -8143.45354347] as drop point
FLUSHED
Using multi-phase propagation with wind schedule.
DROP RAN
[DEBUG] AT#00  finished drop in sector 4 – notifying ground crews
[DEBUG] GC#02  attempting re-plan… remaining path = 535 cells
[DEBUG] GC#02 start@(740, 645)  raw_arr=inf  now=2833.0  mtt=nan  within_buffer=False
[START] GC#02 using NEW (buffered by planner) → start (740, 645) on boundary 5
Start:  (740, 645)
Finish:  (698, 359)
[GC#02] fire-line length 495 cells (240.9 min; full plan)
[DEBUG] GC#02  new path accepted (length 495, ETA 240.9 min)
Using multi-phase propagation with wind schedule.
[GC#02] updated fire after clearing batch
Applied {'FireHercAgent': (5,), 'GroundCrewAgent': (5, 5)} at t=2880
[SIM] < slice left – quitting.
Using multi-phase propagation with wind schedule.
[GC#02] updated fire after clearing batch
[SIM] Finished at t=2880 min – final fire-score = 187907.00  final buildings-destroyed = 839  final buildings-breakdown = {"11":598,"12":66,"13":160,"14":13,"21":1,"23":1}
Simulation complete.
[0m