
⚑ background sched
 start  end    speed      dir
     0  120   30.000    5.000
   120  240   35.000   25.000
   240  360   40.000   25.000
   360  480   50.000   15.000
   480  600   30.000    2.500
   600  720   38.000    5.000
   720  840   28.000    0.000
   840  960   30.000    0.000
   960 1080   30.000    0.000
  1080 1200   28.000    2.500
  1200 1320   28.000    5.000
  1320 1440   30.000   15.000
  1440 1560   30.000    5.000
  1560 1680   30.000    7.500
  1680 1800   30.000   10.000
  1800 1920   30.000   10.000
  1920 2040   30.000   15.000
  2040 2160   17.500    5.000
  2160 2280   12.000    5.000
  2280 2400   12.000    5.000
  2400 2520   13.000    5.000
  2520 2640    7.000    0.000
  2640 2760    6.000    5.000
  2760 2880    6.000   10.000
  2880 3000    7.000   10.000
  3000 3000    1.000    0.000

⚑ hard σ truth schedule
 start  end    speed      dir
     0  120   30.000    5.000
   120  240   35.000   25.000
   240  360   40.000   25.000
   360  480   50.000   15.000
   480  600   30.000    2.500
   600  720   38.000    5.000
   720  840   28.000    0.000
   840  960   30.000    0.000
   960 1080   30.000    0.000
  1080 1200   28.000    2.500
  1200 1320   28.000    5.000
  1320 1440   30.000   15.000
  1440 1560   30.000    5.000
  1560 1680   30.000    7.500
  1680 1800   30.000   10.000
  1800 1920   30.000   10.000
  1920 2040   30.000   15.000
  2040 2160   17.500    5.000
  2160 2280   12.000    5.000
  2280 2400   12.000    5.000
  2400 2520   13.000    5.000
  2520 2640    7.000    0.000
  2640 2760    6.000    5.000
  2760 2880    6.000   10.000
  2880 3000    7.000   10.000
  3000 3000    1.000    0.000
RUN SEED: 2326447624
Starting TRUTH-burned-buildings ICS simulation (headless)…
Using multi-phase propagation with wind schedule.
WildfireModel: Bounds: BoundingBox(left=-14935.007954473422, bottom=-13304.5080370525, right=14944.992045526578, top=13335.4919629475)
Checking Mesa Space Dimensions: Width = 49880.0, Height = 46640.0
Buffered Bounds: BoundingBox(left=-24935.00795447342, bottom=-23304.5080370525, right=24944.99204552658, top=23335.4919629475)
Original CRS: EPSG:26910
Available bases: [(20000, 20000)]
Corrected position: (20000, 20000)
[GC#01] spawned at cell (444, 498) with walk_ticks=1
[GC#02] spawned at cell (444, 498) with walk_ticks=1
Using multi-phase propagation with wind schedule.
[PRECOMPUTE] Truth burned buildings per sector (final t=3000): [155, 3446, 2835, 635, 45, 3]  | total=7119
[ICS] open=[0, 1, 2, 3, 4, 5]  crew_order=[1, 2, 3, 0, 4, 5]  weights={0: 155.0, 1: 3446.0, 2: 2835.0, 3: 635.0, 4: 45.0, 5: 3.0}
simulating in place
no completed anchors found → making NEW dynamic START

— after _record_anchor(bdy=1, role=start, cell=(393, 524), by=None) —

=== boundary_anchors (NOW) ===
b00 start  — <none>
b00 finish — <none>
b01 start  rc=(393, 524)  t=240.0  completed=False  world=(800.0, 1530.5)
b01 finish — <none>
b02 start  — <none>
b02 finish — <none>
b03 start  — <none>
b03 finish — <none>
b04 start  — <none>
b04 finish — <none>
b05 start  — <none>
b05 finish — <none>
=== end ===

— end dump —


— after _record_anchor(bdy=2, role=finish, cell=(373, 458), by=None) —

=== boundary_anchors (NOW) ===
b00 start  — <none>
b00 finish — <none>
b01 start  rc=(393, 524)  t=240.0  completed=False  world=(800.0, 1530.5)
b01 finish — <none>
b02 start  — <none>
b02 finish rc=(373, 458)  t=240.0  completed=False  world=(-1180.0, 2130.5)
b03 start  — <none>
b03 finish — <none>
b04 start  — <none>
b04 finish — <none>
b05 start  — <none>
b05 finish — <none>
=== end ===

— end dump —

[DEBUG] sector 1: start@bdy1 (393, 524)   finish@bdy2 (373, 458)
[GC#01] → sector 1  start (393, 524)  finish (373, 458)
no completed anchors found → making NEW dynamic START

— after _record_anchor(bdy=2, role=start, cell=(404, 476), by=None) —

=== boundary_anchors (NOW) ===
b00 start  — <none>
b00 finish — <none>
b01 start  rc=(393, 524)  t=240.0  completed=False  world=(800.0, 1530.5)
b01 finish — <none>
b02 start  rc=(404, 476)  t=240.0  completed=False  world=(-640.0, 1200.5)
b02 finish rc=(373, 458)  t=240.0  completed=False  world=(-1180.0, 2130.5)
b03 start  — <none>
b03 finish — <none>
b04 start  — <none>
b04 finish — <none>
b05 start  — <none>
b05 finish — <none>
=== end ===

— end dump —


— after _record_anchor(bdy=3, role=finish, cell=(440, 71), by=None) —

=== boundary_anchors (NOW) ===
b00 start  — <none>
b00 finish — <none>
b01 start  rc=(393, 524)  t=240.0  completed=False  world=(800.0, 1530.5)
b01 finish — <none>
b02 start  rc=(404, 476)  t=240.0  completed=False  world=(-640.0, 1200.5)
b02 finish rc=(373, 458)  t=240.0  completed=False  world=(-1180.0, 2130.5)
b03 start  — <none>
b03 finish rc=(440, 71)  t=240.0  completed=False  world=(-12790.0, 120.5)
b04 start  — <none>
b04 finish — <none>
b05 start  — <none>
b05 finish — <none>
=== end ===

— end dump —

[DEBUG] sector 2: start@bdy2 (404, 476)   finish@bdy3 (440, 71)
recording from register first pair

— after _record_anchor(bdy=2, role=start, cell=(373, 458), by=None) —

=== boundary_anchors (NOW) ===
b00 start  — <none>
b00 finish — <none>
b01 start  — <none>
b01 finish — <none>
b02 start  rc=(373, 458)  t=240.0  completed=False  world=(-1180.0, 2130.5)
b02 finish — <none>
b03 start  — <none>
b03 finish — <none>
b04 start  — <none>
b04 finish — <none>
b05 start  — <none>
b05 finish — <none>
=== end ===

— end dump —

recording from register first pair

— after _record_anchor(bdy=1, role=finish, cell=(370, 537), by=None) —

=== boundary_anchors (NOW) ===
b00 start  — <none>
b00 finish — <none>
b01 start  — <none>
b01 finish rc=(370, 537)  t=240.0  completed=False  world=(1190.0, 2220.5)
b02 start  rc=(373, 458)  t=240.0  completed=False  world=(-1180.0, 2130.5)
b02 finish — <none>
b03 start  — <none>
b03 finish — <none>
b04 start  — <none>
b04 finish — <none>
b05 start  — <none>
b05 finish — <none>
=== end ===

— end dump —

[SYNC] GC#01 sect1 START b2 (373, 458)  FINISH b1 (370, 537)
recording from register first pair

— after _record_anchor(bdy=3, role=finish, cell=(440, 95), by=None) —

=== boundary_anchors (NOW) ===
b00 start  — <none>
b00 finish — <none>
b01 start  — <none>
b01 finish rc=(370, 537)  t=240.0  completed=False  world=(1190.0, 2220.5)
b02 start  rc=(373, 458)  t=240.0  completed=False  world=(-1180.0, 2130.5)
b02 finish — <none>
b03 start  — <none>
b03 finish rc=(440, 95)  t=240.0  completed=False  world=(-12070.0, 120.5)
b04 start  — <none>
b04 finish — <none>
b05 start  — <none>
b05 finish — <none>
=== end ===

— end dump —

[SYNC] GC#02 sect2 START b2 (373, 458)  FINISH b3 (440, 95)
[GC#02] → sector 2  start (373, 458)  finish (440, 95)
  → selected [-831.15205578   51.99880282] as drop point
Using multi-phase propagation with wind schedule.
DROP RAN
[DEBUG] AT#00  finished drop in sector 2 – notifying ground crews
  → selected [-766.28353947  334.96477058] as drop point
Using multi-phase propagation with wind schedule.
DROP RAN
[DEBUG] AT#00  finished drop in sector 2 – notifying ground crews
[START] GC#01 using ANCHOR (unspecified source) → start (373, 458) on boundary 2
Start:  (373, 458)
Finish:  (370, 537)
[GC#01] fire-line length 115 cells (138.1 min; full plan)

— after _mark_anchor_completed(bdy=2, role=start, by=None) —

=== boundary_anchors (NOW) ===
b00 start  — <none>
b00 finish — <none>
b01 start  — <none>
b01 finish rc=(370, 537)  t=240.0  completed=False  world=(1190.0, 2220.5)
b02 start  rc=(373, 458)  t=240.0  completed=True  world=(-1180.0, 2130.5)
b02 finish — <none>
b03 start  — <none>
b03 finish rc=(440, 95)  t=240.0  completed=False  world=(-12070.0, 120.5)
b04 start  — <none>
b04 finish — <none>
b05 start  — <none>
b05 finish — <none>
=== end ===

— end dump —


— after _mark_anchor_completed(bdy=1, role=finish, by=<groundcrew.GroundCrewAgent object at 0x000001A9E6F61510>) —

=== boundary_anchors (NOW) ===
b00 start  — <none>
b00 finish — <none>
b01 start  — <none>
b01 finish rc=(370, 537)  t=240.0  completed=True  world=(1190.0, 2220.5)
b02 start  rc=(373, 458)  t=240.0  completed=True  world=(-1180.0, 2130.5)
b02 finish — <none>
b03 start  — <none>
b03 finish rc=(440, 95)  t=240.0  completed=False  world=(-12070.0, 120.5)
b04 start  — <none>
b04 finish — <none>
b05 start  — <none>
b05 finish — <none>
=== end ===

— end dump —

[START] GC#02 using ANCHOR (unspecified source) → start (373, 458) on boundary 2
Start:  (373, 458)
Finish:  (440, 95)
[GC#02] fire-line length 1121 cells (1138.6 min; full plan)

— after _mark_anchor_completed(bdy=2, role=start, by=None) —

=== boundary_anchors (NOW) ===
b00 start  — <none>
b00 finish — <none>
b01 start  — <none>
b01 finish rc=(370, 537)  t=240.0  completed=True  world=(1190.0, 2220.5)
b02 start  rc=(373, 458)  t=240.0  completed=True  world=(-1180.0, 2130.5)
b02 finish — <none>
b03 start  — <none>
b03 finish rc=(440, 95)  t=240.0  completed=False  world=(-12070.0, 120.5)
b04 start  — <none>
b04 finish — <none>
b05 start  — <none>
b05 finish — <none>
=== end ===

— end dump —


— after _mark_anchor_completed(bdy=3, role=finish, by=<groundcrew.GroundCrewAgent object at 0x000001A9E6E12450>) —

=== boundary_anchors (NOW) ===
b00 start  — <none>
b00 finish — <none>
b01 start  — <none>
b01 finish rc=(370, 537)  t=240.0  completed=True  world=(1190.0, 2220.5)
b02 start  rc=(373, 458)  t=240.0  completed=True  world=(-1180.0, 2130.5)
b02 finish — <none>
b03 start  — <none>
b03 finish rc=(440, 95)  t=240.0  completed=True  world=(-12070.0, 120.5)
b04 start  — <none>
b04 finish — <none>
b05 start  — <none>
b05 finish — <none>
=== end ===

— end dump —

Using multi-phase propagation with wind schedule.
[GC#01] updated fire after clearing batch
Sector retarded
{2}
Using multi-phase propagation with wind schedule.
[GC#02] updated fire after clearing batch
Using multi-phase propagation with wind schedule.
[GC#01] updated fire after clearing batch
Applied action {'FireHercAgent': (3,), 'GroundCrewAgent': (2, 3)} at t=360 min
[ICS] open=[0, 1, 2, 3, 4, 5]  crew_order=[1, 2, 3, 0, 4, 5]  weights={0: 155.0, 1: 3446.0, 2: 2835.0, 3: 635.0, 4: 45.0, 5: 3.0}
simulating in place
Using multi-phase propagation with wind schedule.
[GC#02] updated fire after clearing batch
Using multi-phase propagation with wind schedule.
[GC#01] updated fire after clearing batch
Using multi-phase propagation with wind schedule.
[GC#02] updated fire after clearing batch
Using multi-phase propagation with wind schedule.
[GC#02] updated fire after clearing batch
Using multi-phase propagation with wind schedule.
[GC#01] updated fire after clearing batch
Using multi-phase propagation with wind schedule.
[GC#02] updated fire after clearing batch
Using multi-phase propagation with wind schedule.
[GC#02] updated fire after clearing batch
  → selected [-340.06248643 1571.93237448] as drop point
FLUSHED
FLUSHED
Using multi-phase propagation with wind schedule.
DROP RAN
[DEBUG] AT#00  finished drop in sector 1 – notifying ground crews
[DEBUG] GC#01  attempting re-plan… remaining path = 115 cells
[DEBUG] GC#01 start@(371, 533)  raw_arr=inf  now=435.0  mtt=nan  within_buffer=False
[START] GC#01 using NEW (buffered by planner) → start (371, 533) on boundary 2
Start:  (371, 533)
Finish:  (370, 537)
[GC#01] fire-line length 6 cells (9.1 min; full plan)
[DEBUG] GC#01  new path accepted (length 6, ETA 9.1 min)
Using multi-phase propagation with wind schedule.
[GC#01] updated fire after clearing batch
Sector contained  1

— after _mark_anchor_completed(bdy=2, role=start, by=None) —

=== boundary_anchors (NOW) ===
b00 start  — <none>
b00 finish — <none>
b01 start  — <none>
b01 finish rc=(370, 537)  t=240.0  completed=True  world=(1190.0, 2220.5)
b02 start  rc=(373, 458)  t=240.0  completed=True  world=(-1180.0, 2130.5)
b02 finish — <none>
b03 start  — <none>
b03 finish rc=(440, 95)  t=240.0  completed=True  world=(-12070.0, 120.5)
b04 start  — <none>
b04 finish — <none>
b05 start  — <none>
b05 finish — <none>
=== end ===

— end dump —


— after _mark_anchor_completed(bdy=1, role=finish, by=None) —

=== boundary_anchors (NOW) ===
b00 start  — <none>
b00 finish — <none>
b01 start  — <none>
b01 finish rc=(370, 537)  t=240.0  completed=True  world=(1190.0, 2220.5)
b02 start  rc=(373, 458)  t=240.0  completed=True  world=(-1180.0, 2130.5)
b02 finish — <none>
b03 start  — <none>
b03 finish rc=(440, 95)  t=240.0  completed=True  world=(-12070.0, 120.5)
b04 start  — <none>
b04 finish — <none>
b05 start  — <none>
b05 finish — <none>
=== end ===

— end dump —

[GC#01] Sector 1 contained → Standby
Using multi-phase propagation with wind schedule.
[GC#02] updated fire after clearing batch
Applied action {'FireHercAgent': (2,), 'GroundCrewAgent': (2, 3)} at t=480 min
[ICS] open=[0, 2, 3, 4, 5]  crew_order=[2, 3, 0, 4, 5]  weights={0: 155.0, 2: 2835.0, 3: 635.0, 4: 45.0, 5: 3.0}
simulating in place

— after _record_anchor(bdy=2, role=start, cell=(373, 458), by=None) —

=== boundary_anchors (NOW) ===
b00 start  — <none>
b00 finish — <none>
b01 start  — <none>
b01 finish rc=(370, 537)  t=240.0  completed=True  world=(1190.0, 2220.5)
b02 start  rc=(373, 458)  t=480.0  completed=False  world=(-1180.0, 2130.5)
b02 finish — <none>
b03 start  — <none>
b03 finish rc=(440, 95)  t=240.0  completed=True  world=(-12070.0, 120.5)
b04 start  — <none>
b04 finish — <none>
b05 start  — <none>
b05 finish — <none>
=== end ===

— end dump —


— after _record_anchor(bdy=3, role=finish, cell=(440, 95), by=None) —

=== boundary_anchors (NOW) ===
b00 start  — <none>
b00 finish — <none>
b01 start  — <none>
b01 finish rc=(370, 537)  t=240.0  completed=True  world=(1190.0, 2220.5)
b02 start  rc=(373, 458)  t=480.0  completed=False  world=(-1180.0, 2130.5)
b02 finish — <none>
b03 start  — <none>
b03 finish rc=(440, 95)  t=480.0  completed=False  world=(-12070.0, 120.5)
b04 start  — <none>
b04 finish — <none>
b05 start  — <none>
b05 finish — <none>
=== end ===

— end dump —

[DEBUG] sector 2: start@bdy2 (373, 458)   finish@bdy3 (440, 95)
[GC#01] → sector 2  start (373, 458)  finish (440, 95)
  → selected [-1200.18786185   -37.12732818] as drop point
FLUSHED
Using multi-phase propagation with wind schedule.
DROP RAN
[DEBUG] AT#00  finished drop in sector 3 – notifying ground crews
  → selected [-2692.76615781  -102.29470395] as drop point
FLUSHED
Using multi-phase propagation with wind schedule.
DROP RAN
[DEBUG] AT#00  finished drop in sector 3 – notifying ground crews
[START] GC#01 using ANCHOR (unspecified source) → start (373, 458) on boundary 2
Start:  (373, 458)
Finish:  (440, 95)
[GC#01] fire-line length 1103 cells (453.0 min; full plan)

— after _mark_anchor_completed(bdy=2, role=start, by=None) —

=== boundary_anchors (NOW) ===
b00 start  — <none>
b00 finish — <none>
b01 start  — <none>
b01 finish rc=(370, 537)  t=240.0  completed=True  world=(1190.0, 2220.5)
b02 start  rc=(373, 458)  t=480.0  completed=True  world=(-1180.0, 2130.5)
b02 finish — <none>
b03 start  — <none>
b03 finish rc=(440, 95)  t=480.0  completed=False  world=(-12070.0, 120.5)
b04 start  — <none>
b04 finish — <none>
b05 start  — <none>
b05 finish — <none>
=== end ===

— end dump —


— after _mark_anchor_completed(bdy=3, role=finish, by=<groundcrew.GroundCrewAgent object at 0x000001A9E6F61510>) —

=== boundary_anchors (NOW) ===
b00 start  — <none>
b00 finish — <none>
b01 start  — <none>
b01 finish rc=(370, 537)  t=240.0  completed=True  world=(1190.0, 2220.5)
b02 start  rc=(373, 458)  t=480.0  completed=True  world=(-1180.0, 2130.5)
b02 finish — <none>
b03 start  — <none>
b03 finish rc=(440, 95)  t=480.0  completed=True  world=(-12070.0, 120.5)
b04 start  — <none>
b04 finish — <none>
b05 start  — <none>
b05 finish — <none>
=== end ===

— end dump —

Using multi-phase propagation with wind schedule.
[GC#01] updated fire after clearing batch
Using multi-phase propagation with wind schedule.
[GC#01] updated fire after clearing batch
  → selected [-3721.2774274   -147.20047577] as drop point
FLUSHED
FLUSHED
Using multi-phase propagation with wind schedule.
DROP RAN
[DEBUG] AT#00  finished drop in sector 3 – notifying ground crews
Using multi-phase propagation with wind schedule.
[GC#01] updated fire after clearing batch
Applied action {'FireHercAgent': (4,), 'GroundCrewAgent': (3, 4)} at t=600 min
[ICS] open=[0, 2, 3, 4, 5]  crew_order=[2, 3, 0, 4, 5]  weights={0: 155.0, 2: 2835.0, 3: 635.0, 4: 45.0, 5: 3.0}
simulating in place
  → selected [-5012.7187098    234.56994577] as drop point
FLUSHED
FLUSHED
Using multi-phase propagation with wind schedule.
DROP RAN
[DEBUG] AT#00  finished drop in sector 2 – notifying ground crews
[DEBUG] GC#01  attempting re-plan… remaining path = 1103 cells
[DEBUG] GC#01 start@(280, 357)  raw_arr=inf  now=619.0  mtt=nan  within_buffer=False
[START] GC#01 using NEW (buffered by planner) → start (280, 357) on boundary 2
Start:  (280, 357)
Finish:  (440, 95)
[GC#01] fire-line length 899 cells (392.1 min; full plan)
[DEBUG] GC#01  new path accepted (length 899, ETA 392.1 min)
[DEBUG] GC#02  attempting re-plan… remaining path = 1121 cells
[DEBUG] GC#02 start@(293, 357)  raw_arr=inf  now=619.0  mtt=nan  within_buffer=False
[START] GC#02 using NEW (buffered by planner) → start (293, 357) on boundary 2
Start:  (293, 357)
Finish:  (440, 95)
[GC#02] fire-line length 914 cells (394.4 min; full plan)
[DEBUG] GC#02  new path accepted (length 914, ETA 394.4 min)
Using multi-phase propagation with wind schedule.
[GC#02] updated fire after clearing batch
Using multi-phase propagation with wind schedule.
[GC#01] updated fire after clearing batch
Using multi-phase propagation with wind schedule.
[GC#01] updated fire after clearing batch
Using multi-phase propagation with wind schedule.
[GC#02] updated fire after clearing batch
Using multi-phase propagation with wind schedule.
[GC#01] updated fire after clearing batch
Using multi-phase propagation with wind schedule.
[GC#01] updated fire after clearing batch
Using multi-phase propagation with wind schedule.
[GC#01] updated fire after clearing batch
  → selected [-6063.88915914   280.46503874] as drop point
FLUSHED
FLUSHED
Using multi-phase propagation with wind schedule.
DROP RAN
[DEBUG] AT#00  finished drop in sector 2 – notifying ground crews
[DEBUG] GC#01  attempting re-plan… remaining path = 899 cells
[DEBUG] GC#01 start@(211, 325)  raw_arr=inf  now=666.0  mtt=nan  within_buffer=False
[START] GC#01 using NEW (buffered by planner) → start (211, 325) on boundary 2
Start:  (211, 325)
Finish:  (440, 95)
[GC#01] fire-line length 732 cells (330.9 min; full plan)
[DEBUG] GC#01  new path accepted (length 732, ETA 330.9 min)
[DEBUG] GC#02  attempting re-plan… remaining path = 914 cells
[DEBUG] GC#02 start@(211, 329)  raw_arr=inf  now=666.0  mtt=nan  within_buffer=False
[START] GC#02 using NEW (buffered by planner) → start (211, 329) on boundary 2
Start:  (211, 329)
Finish:  (440, 95)
[GC#02] fire-line length 736 cells (330.9 min; full plan)
[DEBUG] GC#02  new path accepted (length 736, ETA 330.9 min)
Using multi-phase propagation with wind schedule.
[GC#02] updated fire after clearing batch
Using multi-phase propagation with wind schedule.
[GC#01] updated fire after clearing batch
Using multi-phase propagation with wind schedule.
[GC#02] updated fire after clearing batch
  → selected [-6702.59412177   898.56243466] as drop point
FLUSHED
FLUSHED
Using multi-phase propagation with wind schedule.
DROP RAN
[DEBUG] AT#00  finished drop in sector 2 – notifying ground crews
[DEBUG] GC#02  attempting re-plan… remaining path = 736 cells
[DEBUG] GC#02 start@(200, 280)  raw_arr=inf  now=713.0  mtt=nan  within_buffer=False
[START] GC#02 using NEW (buffered by planner) → start (200, 280) on boundary 2
Start:  (200, 280)
Finish:  (440, 95)
[GC#02] fire-line length 682 cells (274.3 min; full plan)
[DEBUG] GC#02  new path accepted (length 682, ETA 274.3 min)
[DEBUG] GC#01  attempting re-plan… remaining path = 732 cells
[DEBUG] GC#01 start@(200, 280)  raw_arr=inf  now=713.0  mtt=nan  within_buffer=False
[START] GC#01 using NEW (buffered by planner) → start (200, 280) on boundary 2
Start:  (200, 280)
Finish:  (440, 95)
[GC#01] fire-line length 682 cells (274.3 min; full plan)
[DEBUG] GC#01  new path accepted (length 682, ETA 274.3 min)
Applied action {'FireHercAgent': (3,), 'GroundCrewAgent': (3, 4)} at t=720 min
[ICS] open=[0, 2, 3, 4, 5]  crew_order=[2, 3, 0, 4, 5]  weights={0: 155.0, 2: 2835.0, 3: 635.0, 4: 45.0, 5: 3.0}
simulating in place
Using multi-phase propagation with wind schedule.
[GC#01] updated fire after clearing batch
Using multi-phase propagation with wind schedule.
[GC#01] updated fire after clearing batch
Using multi-phase propagation with wind schedule.
[GC#01] updated fire after clearing batch
Using multi-phase propagation with wind schedule.
[GC#01] updated fire after clearing batch
Using multi-phase propagation with wind schedule.
[GC#02] updated fire after clearing batch
Using multi-phase propagation with wind schedule.
[GC#01] updated fire after clearing batch
Using multi-phase propagation with wind schedule.
[GC#02] updated fire after clearing batch
Using multi-phase propagation with wind schedule.
[GC#01] updated fire after clearing batch
Using multi-phase propagation with wind schedule.
[GC#02] updated fire after clearing batch
  → selected [-7017.21454557   939.98299924] as drop point
FLUSHED
FLUSHED
Using multi-phase propagation with wind schedule.
DROP RAN
[DEBUG] AT#00  finished drop in sector 2 – notifying ground crews
[DEBUG] GC#02  attempting re-plan… remaining path = 682 cells
[DEBUG] GC#02 start@(161, 165)  raw_arr=inf  now=758.0  mtt=nan  within_buffer=False
[START] GC#02 using NEW (buffered by planner) → start (161, 165) on boundary 2
Start:  (161, 165)
Finish:  (440, 95)
[GC#02] fire-line length 514 cells (227.2 min; full plan)
[DEBUG] GC#02  new path accepted (length 514, ETA 227.2 min)
[DEBUG] GC#01  attempting re-plan… remaining path = 682 cells
[DEBUG] GC#01 start@(163, 171)  raw_arr=inf  now=758.0  mtt=nan  within_buffer=False
[START] GC#01 using NEW (buffered by planner) → start (163, 171) on boundary 2
Start:  (163, 171)
Finish:  (440, 95)
[GC#01] fire-line length 522 cells (227.2 min; full plan)
[DEBUG] GC#01  new path accepted (length 522, ETA 227.2 min)
Using multi-phase propagation with wind schedule.
[GC#02] updated fire after clearing batch
Using multi-phase propagation with wind schedule.
[GC#01] updated fire after clearing batch
Using multi-phase propagation with wind schedule.
[GC#02] updated fire after clearing batch
Using multi-phase propagation with wind schedule.
[GC#01] updated fire after clearing batch
Using multi-phase propagation with wind schedule.
[GC#02] updated fire after clearing batch
  → selected [-7604.97209039   347.75017262] as drop point
FLUSHED
FLUSHED
Using multi-phase propagation with wind schedule.
DROP RAN
[DEBUG] AT#00  finished drop in sector 2 – notifying ground crews
[DEBUG] GC#02  attempting re-plan… remaining path = 514 cells
[DEBUG] GC#02 start@(181, 117)  raw_arr=inf  now=804.0  mtt=nan  within_buffer=False
[START] GC#02 using NEW (buffered by planner) → start (181, 117) on boundary 2
Start:  (181, 117)
Finish:  (440, 95)
[GC#02] fire-line length 426 cells (193.8 min; full plan)
[DEBUG] GC#02  new path accepted (length 426, ETA 193.8 min)
[DEBUG] GC#01  attempting re-plan… remaining path = 522 cells
[DEBUG] GC#01 start@(181, 117)  raw_arr=inf  now=804.0  mtt=nan  within_buffer=False
[START] GC#01 using NEW (buffered by planner) → start (181, 117) on boundary 2
Start:  (181, 117)
Finish:  (440, 95)
[GC#01] fire-line length 426 cells (193.8 min; full plan)
[DEBUG] GC#01  new path accepted (length 426, ETA 193.8 min)
Using multi-phase propagation with wind schedule.
[GC#02] updated fire after clearing batch
Using multi-phase propagation with wind schedule.
[GC#01] updated fire after clearing batch
Using multi-phase propagation with wind schedule.
[GC#02] updated fire after clearing batch
Using multi-phase propagation with wind schedule.
[GC#01] updated fire after clearing batch
Applied action {'FireHercAgent': (3,), 'GroundCrewAgent': (3, 4)} at t=840 min
[ICS] open=[0, 2, 3, 4, 5]  crew_order=[2, 3, 0, 4, 5]  weights={0: 155.0, 2: 2835.0, 3: 635.0, 4: 45.0, 5: 3.0}
simulating in place
  → selected [-7201.99537484  1613.24260778] as drop point
FLUSHED
FLUSHED
Using multi-phase propagation with wind schedule.
DROP RAN
[DEBUG] AT#00  finished drop in sector 2 – notifying ground crews
[DEBUG] GC#01  attempting re-plan… remaining path = 426 cells
[DEBUG] GC#01 start@(230, 95)  raw_arr=inf  now=851.0  mtt=nan  within_buffer=False
[START] GC#01 using NEW (buffered by planner) → start (230, 95) on boundary 2
Start:  (230, 95)
Finish:  (440, 95)
[GC#01] fire-line length 357 cells (138.0 min; full plan)
[DEBUG] GC#01  new path accepted (length 357, ETA 138.0 min)
[DEBUG] GC#02  attempting re-plan… remaining path = 426 cells
[DEBUG] GC#02 start@(228, 95)  raw_arr=inf  now=851.0  mtt=nan  within_buffer=False
[START] GC#02 using NEW (buffered by planner) → start (228, 95) on boundary 2
Start:  (228, 95)
Finish:  (440, 95)
[GC#02] fire-line length 359 cells (138.0 min; full plan)
[DEBUG] GC#02  new path accepted (length 359, ETA 138.0 min)
Using multi-phase propagation with wind schedule.
[GC#02] updated fire after clearing batch
Using multi-phase propagation with wind schedule.
[GC#01] updated fire after clearing batch
Using multi-phase propagation with wind schedule.
[GC#02] updated fire after clearing batch
Using multi-phase propagation with wind schedule.
[GC#01] updated fire after clearing batch
Using multi-phase propagation with wind schedule.
[GC#02] updated fire after clearing batch
  → selected [-7975.66913602   363.93515517] as drop point
FLUSHED
FLUSHED
Using multi-phase propagation with wind schedule.
DROP RAN
[DEBUG] AT#00  finished drop in sector 2 – notifying ground crews
[DEBUG] GC#02  attempting re-plan… remaining path = 359 cells
[DEBUG] GC#02 start@(294, 83)  raw_arr=inf  now=898.0  mtt=nan  within_buffer=False
[START] GC#02 using NEW (buffered by planner) → start (294, 83) on boundary 2
Start:  (294, 83)
Finish:  (440, 95)
[GC#02] fire-line length 279 cells (91.4 min; full plan)
[DEBUG] GC#02  new path accepted (length 279, ETA 91.4 min)
[DEBUG] GC#01  attempting re-plan… remaining path = 357 cells
[DEBUG] GC#01 start@(294, 83)  raw_arr=inf  now=898.0  mtt=nan  within_buffer=False
[START] GC#01 using NEW (buffered by planner) → start (294, 83) on boundary 2
Start:  (294, 83)
Finish:  (440, 95)
[GC#01] fire-line length 279 cells (91.4 min; full plan)
[DEBUG] GC#01  new path accepted (length 279, ETA 91.4 min)
Using multi-phase propagation with wind schedule.
[GC#02] updated fire after clearing batch
Using multi-phase propagation with wind schedule.
[GC#01] updated fire after clearing batch
Using multi-phase propagation with wind schedule.
[GC#01] updated fire after clearing batch
Using multi-phase propagation with wind schedule.
[GC#01] updated fire after clearing batch
Using multi-phase propagation with wind schedule.
[GC#02] updated fire after clearing batch
Using multi-phase propagation with wind schedule.
[GC#01] updated fire after clearing batch
Using multi-phase propagation with wind schedule.
[GC#02] updated fire after clearing batch
Using multi-phase propagation with wind schedule.
[GC#02] updated fire after clearing batch
Using multi-phase propagation with wind schedule.
[GC#02] updated fire after clearing batch
Using multi-phase propagation with wind schedule.
[GC#01] updated fire after clearing batch
Using multi-phase propagation with wind schedule.
[GC#02] updated fire after clearing batch
Using multi-phase propagation with wind schedule.
[GC#02] updated fire after clearing batch
Using multi-phase propagation with wind schedule.
[GC#01] updated fire after clearing batch
Using multi-phase propagation with wind schedule.
[GC#02] updated fire after clearing batch
Using multi-phase propagation with wind schedule.
[GC#02] updated fire after clearing batch
Using multi-phase propagation with wind schedule.
[GC#01] updated fire after clearing batch
  → selected [-8137.29847477  1087.44484603] as drop point
FLUSHED
FLUSHED
Using multi-phase propagation with wind schedule.
DROP RAN
[DEBUG] AT#00  finished drop in sector 2 – notifying ground crews
[DEBUG] GC#01  attempting re-plan… remaining path = 279 cells
[DEBUG] GC#01 start@(442, 75)  raw_arr=inf  now=945.0  mtt=nan  within_buffer=False
[START] GC#01 using NEW (buffered by planner) → start (442, 75) on boundary 2
Start:  (442, 75)
Finish:  (440, 95)
[GC#01] fire-line length 23 cells (42.4 min; full plan)
[DEBUG] GC#01  new path accepted (length 23, ETA 42.4 min)
[DEBUG] GC#02  attempting re-plan… remaining path = 279 cells
[DEBUG] GC#02 start@(442, 75)  raw_arr=inf  now=945.0  mtt=nan  within_buffer=False
[START] GC#02 using NEW (buffered by planner) → start (442, 75) on boundary 2
Start:  (442, 75)
Finish:  (440, 95)
[GC#02] fire-line length 23 cells (42.4 min; full plan)
[DEBUG] GC#02  new path accepted (length 23, ETA 42.4 min)
Applied action {'FireHercAgent': (3,), 'GroundCrewAgent': (3, 4)} at t=960 min
[ICS] open=[0, 2, 3, 4, 5]  crew_order=[2, 3, 0, 4, 5]  weights={0: 155.0, 2: 2835.0, 3: 635.0, 4: 45.0, 5: 3.0}
simulating in place
Using multi-phase propagation with wind schedule.
[GC#02] updated fire after clearing batch
Sector contained  2

— after _mark_anchor_completed(bdy=2, role=start, by=None) —

=== boundary_anchors (NOW) ===
b00 start  — <none>
b00 finish — <none>
b01 start  — <none>
b01 finish rc=(370, 537)  t=240.0  completed=True  world=(1190.0, 2220.5)
b02 start  rc=(373, 458)  t=480.0  completed=True  world=(-1180.0, 2130.5)
b02 finish — <none>
b03 start  — <none>
b03 finish rc=(440, 95)  t=480.0  completed=True  world=(-12070.0, 120.5)
b04 start  — <none>
b04 finish — <none>
b05 start  — <none>
b05 finish — <none>
=== end ===

— end dump —


— after _mark_anchor_completed(bdy=3, role=finish, by=None) —

=== boundary_anchors (NOW) ===
b00 start  — <none>
b00 finish — <none>
b01 start  — <none>
b01 finish rc=(370, 537)  t=240.0  completed=True  world=(1190.0, 2220.5)
b02 start  rc=(373, 458)  t=480.0  completed=True  world=(-1180.0, 2130.5)
b02 finish — <none>
b03 start  — <none>
b03 finish rc=(440, 95)  t=480.0  completed=True  world=(-12070.0, 120.5)
b04 start  — <none>
b04 finish — <none>
b05 start  — <none>
b05 finish — <none>
=== end ===

— end dump —

[GC#02] Sector 2 contained → Standby
Using multi-phase propagation with wind schedule.
[GC#01] updated fire after clearing batch
Sector contained  2

— after _mark_anchor_completed(bdy=2, role=start, by=None) —

=== boundary_anchors (NOW) ===
b00 start  — <none>
b00 finish — <none>
b01 start  — <none>
b01 finish rc=(370, 537)  t=240.0  completed=True  world=(1190.0, 2220.5)
b02 start  rc=(373, 458)  t=480.0  completed=True  world=(-1180.0, 2130.5)
b02 finish — <none>
b03 start  — <none>
b03 finish rc=(440, 95)  t=480.0  completed=True  world=(-12070.0, 120.5)
b04 start  — <none>
b04 finish — <none>
b05 start  — <none>
b05 finish — <none>
=== end ===

— end dump —


— after _mark_anchor_completed(bdy=3, role=finish, by=None) —

=== boundary_anchors (NOW) ===
b00 start  — <none>
b00 finish — <none>
b01 start  — <none>
b01 finish rc=(370, 537)  t=240.0  completed=True  world=(1190.0, 2220.5)
b02 start  rc=(373, 458)  t=480.0  completed=True  world=(-1180.0, 2130.5)
b02 finish — <none>
b03 start  — <none>
b03 finish rc=(440, 95)  t=480.0  completed=True  world=(-12070.0, 120.5)
b04 start  — <none>
b04 finish — <none>
b05 start  — <none>
b05 finish — <none>
=== end ===

— end dump —

[GC#01] Sector 2 contained → Standby
  → selected [-8495.09977903   386.61398682] as drop point
Using multi-phase propagation with wind schedule.
DROP RAN
[DEBUG] AT#00  finished drop in sector 2 – notifying ground crews
  → selected [-7115.26699908  2260.50101622] as drop point
Using multi-phase propagation with wind schedule.
DROP RAN
[DEBUG] AT#00  finished drop in sector 2 – notifying ground crews
Applied action {'FireHercAgent': (3,), 'GroundCrewAgent': (3, 4)} at t=1080 min
[ICS] open=[0, 3, 4, 5]  crew_order=[3, 0, 4, 5]  weights={0: 155.0, 3: 635.0, 4: 45.0, 5: 3.0}
simulating in place

— after _record_anchor(bdy=3, role=start, cell=(440, 95), by=None) —

=== boundary_anchors (NOW) ===
b00 start  — <none>
b00 finish — <none>
b01 start  — <none>
b01 finish rc=(370, 537)  t=240.0  completed=True  world=(1190.0, 2220.5)
b02 start  rc=(373, 458)  t=480.0  completed=True  world=(-1180.0, 2130.5)
b02 finish — <none>
b03 start  rc=(440, 95)  t=1080.0  completed=False  world=(-12070.0, 120.5)
b03 finish rc=(440, 95)  t=480.0  completed=True  world=(-12070.0, 120.5)
b04 start  — <none>
b04 finish — <none>
b05 start  — <none>
b05 finish — <none>
=== end ===

— end dump —


— after _record_anchor(bdy=4, role=finish, cell=(702, 346), by=None) —

=== boundary_anchors (NOW) ===
b00 start  — <none>
b00 finish — <none>
b01 start  — <none>
b01 finish rc=(370, 537)  t=240.0  completed=True  world=(1190.0, 2220.5)
b02 start  rc=(373, 458)  t=480.0  completed=True  world=(-1180.0, 2130.5)
b02 finish — <none>
b03 start  rc=(440, 95)  t=1080.0  completed=False  world=(-12070.0, 120.5)
b03 finish rc=(440, 95)  t=480.0  completed=True  world=(-12070.0, 120.5)
b04 start  — <none>
b04 finish rc=(702, 346)  t=1080.0  completed=False  world=(-4540.0, -7739.5)
b05 start  — <none>
b05 finish — <none>
=== end ===

— end dump —

[DEBUG] sector 3: start@bdy3 (440, 95)   finish@bdy4 (702, 346)
[GC#01] → sector 3  start (440, 95)  finish (702, 346)

— after _record_anchor(bdy=1, role=start, cell=(370, 537), by=None) —

=== boundary_anchors (NOW) ===
b00 start  — <none>
b00 finish — <none>
b01 start  rc=(370, 537)  t=1080.0  completed=False  world=(1190.0, 2220.5)
b01 finish rc=(370, 537)  t=240.0  completed=True  world=(1190.0, 2220.5)
b02 start  rc=(373, 458)  t=480.0  completed=True  world=(-1180.0, 2130.5)
b02 finish — <none>
b03 start  rc=(440, 95)  t=1080.0  completed=False  world=(-12070.0, 120.5)
b03 finish rc=(440, 95)  t=480.0  completed=True  world=(-12070.0, 120.5)
b04 start  — <none>
b04 finish rc=(702, 346)  t=1080.0  completed=False  world=(-4540.0, -7739.5)
b05 start  — <none>
b05 finish — <none>
=== end ===

— end dump —


— after _record_anchor(bdy=0, role=finish, cell=(440, 799), by=None) —

=== boundary_anchors (NOW) ===
b00 start  — <none>
b00 finish rc=(440, 799)  t=1080.0  completed=False  world=(9050.0, 120.5)
b01 start  rc=(370, 537)  t=1080.0  completed=False  world=(1190.0, 2220.5)
b01 finish rc=(370, 537)  t=240.0  completed=True  world=(1190.0, 2220.5)
b02 start  rc=(373, 458)  t=480.0  completed=True  world=(-1180.0, 2130.5)
b02 finish — <none>
b03 start  rc=(440, 95)  t=1080.0  completed=False  world=(-12070.0, 120.5)
b03 finish rc=(440, 95)  t=480.0  completed=True  world=(-12070.0, 120.5)
b04 start  — <none>
b04 finish rc=(702, 346)  t=1080.0  completed=False  world=(-4540.0, -7739.5)
b05 start  — <none>
b05 finish — <none>
=== end ===

— end dump —

[DEBUG] sector 0: start@bdy1 (370, 537)   finish@bdy0 (440, 799)
[GC#02] → sector 0  start (370, 537)  finish (440, 799)
[START] GC#01 using ANCHOR (unspecified source) → start (440, 95) on boundary 3
Start:  (440, 95)
Finish:  (702, 346)
[GC#01] fire-line length 678 cells (183.7 min; full plan)

— after _mark_anchor_completed(bdy=3, role=start, by=None) —

=== boundary_anchors (NOW) ===
b00 start  — <none>
b00 finish rc=(440, 799)  t=1080.0  completed=False  world=(9050.0, 120.5)
b01 start  rc=(370, 537)  t=1080.0  completed=False  world=(1190.0, 2220.5)
b01 finish rc=(370, 537)  t=240.0  completed=True  world=(1190.0, 2220.5)
b02 start  rc=(373, 458)  t=480.0  completed=True  world=(-1180.0, 2130.5)
b02 finish — <none>
b03 start  rc=(440, 95)  t=1080.0  completed=True  world=(-12070.0, 120.5)
b03 finish rc=(440, 95)  t=480.0  completed=True  world=(-12070.0, 120.5)
b04 start  — <none>
b04 finish rc=(702, 346)  t=1080.0  completed=False  world=(-4540.0, -7739.5)
b05 start  — <none>
b05 finish — <none>
=== end ===

— end dump —


— after _mark_anchor_completed(bdy=4, role=finish, by=<groundcrew.GroundCrewAgent object at 0x000001A9E6F61510>) —

=== boundary_anchors (NOW) ===
b00 start  — <none>
b00 finish rc=(440, 799)  t=1080.0  completed=False  world=(9050.0, 120.5)
b01 start  rc=(370, 537)  t=1080.0  completed=False  world=(1190.0, 2220.5)
b01 finish rc=(370, 537)  t=240.0  completed=True  world=(1190.0, 2220.5)
b02 start  rc=(373, 458)  t=480.0  completed=True  world=(-1180.0, 2130.5)
b02 finish — <none>
b03 start  rc=(440, 95)  t=1080.0  completed=True  world=(-12070.0, 120.5)
b03 finish rc=(440, 95)  t=480.0  completed=True  world=(-12070.0, 120.5)
b04 start  — <none>
b04 finish rc=(702, 346)  t=1080.0  completed=True  world=(-4540.0, -7739.5)
b05 start  — <none>
b05 finish — <none>
=== end ===

— end dump —

Using multi-phase propagation with wind schedule.
[GC#01] updated fire after clearing batch
Using multi-phase propagation with wind schedule.
[GC#01] updated fire after clearing batch
Using multi-phase propagation with wind schedule.
[GC#01] updated fire after clearing batch
Using multi-phase propagation with wind schedule.
[GC#01] updated fire after clearing batch
Using multi-phase propagation with wind schedule.
[GC#01] updated fire after clearing batch
Using multi-phase propagation with wind schedule.
[GC#01] updated fire after clearing batch
  → selected [-9168.21432664  -385.01887676] as drop point
FLUSHED
Using multi-phase propagation with wind schedule.
DROP RAN
[DEBUG] AT#00  finished drop in sector 3 – notifying ground crews
[DEBUG] GC#01  attempting re-plan… remaining path = 678 cells
[DEBUG] GC#01 start@(501, 108)  raw_arr=inf  now=1093.0  mtt=nan  within_buffer=False
[START] GC#01 using NEW (buffered by planner) → start (501, 108) on boundary 3
Start:  (501, 108)
Finish:  (702, 346)
[GC#01] fire-line length 480 cells (188.4 min; full plan)
[DEBUG] GC#01  new path accepted (length 480, ETA 188.4 min)
  → selected [-7443.71221313 -2333.07546852] as drop point
FLUSHED
Using multi-phase propagation with wind schedule.
DROP RAN
[DEBUG] AT#00  finished drop in sector 3 – notifying ground crews
[DEBUG] GC#01  attempting re-plan… remaining path = 480 cells
[DEBUG] GC#01 start@(506, 125)  raw_arr=inf  now=1140.0  mtt=nan  within_buffer=False
[START] GC#01 using NEW (buffered by planner) → start (506, 125) on boundary 3
Start:  (506, 125)
Finish:  (702, 346)
[GC#01] fire-line length 444 cells (127.2 min; full plan)
[DEBUG] GC#01  new path accepted (length 444, ETA 127.2 min)
Using multi-phase propagation with wind schedule.
[GC#01] updated fire after clearing batch
  → selected [-8880.48758626 -1154.30362284] as drop point
FLUSHED
Using multi-phase propagation with wind schedule.
DROP RAN
[DEBUG] AT#00  finished drop in sector 3 – notifying ground crews
[DEBUG] GC#01  attempting re-plan… remaining path = 444 cells
[DEBUG] GC#01 start@(512, 154)  raw_arr=inf  now=1188.0  mtt=nan  within_buffer=False
[START] GC#01 using NEW (buffered by planner) → start (512, 154) on boundary 3
Start:  (512, 154)
Finish:  (702, 346)
[GC#01] fire-line length 409 cells (84.8 min; full plan)
[DEBUG] GC#01  new path accepted (length 409, ETA 84.8 min)
Using multi-phase propagation with wind schedule.
[GC#01] updated fire after clearing batch
Applied action {'FireHercAgent': (4,), 'GroundCrewAgent': (4, 1)} at t=1200 min
[ICS] open=[0, 3, 4, 5]  crew_order=[3, 0, 4, 5]  weights={0: 155.0, 3: 635.0, 4: 45.0, 5: 3.0}
simulating in place
Using multi-phase propagation with wind schedule.
[GC#01] updated fire after clearing batch
  → selected [-8306.35732112 -1827.089831  ] as drop point
FLUSHED
Using multi-phase propagation with wind schedule.
DROP RAN
[DEBUG] AT#00  finished drop in sector 3 – notifying ground crews
[DEBUG] GC#01  attempting re-plan… remaining path = 409 cells
[DEBUG] GC#01 start@(547, 202)  raw_arr=inf  now=1235.0  mtt=nan  within_buffer=False
[START] GC#01 using NEW (buffered by planner) → start (547, 202) on boundary 3
Start:  (547, 202)
Finish:  (702, 346)
[GC#01] fire-line length 328 cells (18.8 min; full plan)
[DEBUG] GC#01  new path accepted (length 328, ETA 18.8 min)
Using multi-phase propagation with wind schedule.
[GC#01] updated fire after clearing batch
Using multi-phase propagation with wind schedule.
[GC#01] updated fire after clearing batch
Using multi-phase propagation with wind schedule.
[GC#01] updated fire after clearing batch
Using multi-phase propagation with wind schedule.
[GC#01] updated fire after clearing batch
Using multi-phase propagation with wind schedule.
[GC#01] updated fire after clearing batch
Using multi-phase propagation with wind schedule.
[GC#01] updated fire after clearing batch
Using multi-phase propagation with wind schedule.
[GC#01] updated fire after clearing batch
Using multi-phase propagation with wind schedule.
[GC#01] updated fire after clearing batch
Using multi-phase propagation with wind schedule.
[GC#01] updated fire after clearing batch
Using multi-phase propagation with wind schedule.
[GC#01] updated fire after clearing batch
Using multi-phase propagation with wind schedule.
[GC#01] updated fire after clearing batch
Using multi-phase propagation with wind schedule.
[GC#01] updated fire after clearing batch
Using multi-phase propagation with wind schedule.
[GC#01] updated fire after clearing batch
Sector contained  3

— after _mark_anchor_completed(bdy=3, role=start, by=None) —

=== boundary_anchors (NOW) ===
b00 start  — <none>
b00 finish rc=(440, 799)  t=1080.0  completed=False  world=(9050.0, 120.5)
b01 start  rc=(370, 537)  t=1080.0  completed=False  world=(1190.0, 2220.5)
b01 finish rc=(370, 537)  t=240.0  completed=True  world=(1190.0, 2220.5)
b02 start  rc=(373, 458)  t=480.0  completed=True  world=(-1180.0, 2130.5)
b02 finish — <none>
b03 start  rc=(440, 95)  t=1080.0  completed=True  world=(-12070.0, 120.5)
b03 finish rc=(440, 95)  t=480.0  completed=True  world=(-12070.0, 120.5)
b04 start  — <none>
b04 finish rc=(702, 346)  t=1080.0  completed=True  world=(-4540.0, -7739.5)
b05 start  — <none>
b05 finish — <none>
=== end ===

— end dump —


— after _mark_anchor_completed(bdy=4, role=finish, by=None) —

=== boundary_anchors (NOW) ===
b00 start  — <none>
b00 finish rc=(440, 799)  t=1080.0  completed=False  world=(9050.0, 120.5)
b01 start  rc=(370, 537)  t=1080.0  completed=False  world=(1190.0, 2220.5)
b01 finish rc=(370, 537)  t=240.0  completed=True  world=(1190.0, 2220.5)
b02 start  rc=(373, 458)  t=480.0  completed=True  world=(-1180.0, 2130.5)
b02 finish — <none>
b03 start  rc=(440, 95)  t=1080.0  completed=True  world=(-12070.0, 120.5)
b03 finish rc=(440, 95)  t=480.0  completed=True  world=(-12070.0, 120.5)
b04 start  — <none>
b04 finish rc=(702, 346)  t=1080.0  completed=True  world=(-4540.0, -7739.5)
b05 start  — <none>
b05 finish — <none>
=== end ===

— end dump —

[GC#01] Sector 3 contained → Standby
  → selected [-9565.53369365  -402.36621496] as drop point
Using multi-phase propagation with wind schedule.
DROP RAN
[DEBUG] AT#00  finished drop in sector 3 – notifying ground crews
Applied action {'FireHercAgent': (4,), 'GroundCrewAgent': (4, 1)} at t=1320 min
[ICS] open=[0, 4, 5]  crew_order=[0, 4, 5]  weights={0: 155.0, 4: 45.0, 5: 3.0}
simulating in place

— after _record_anchor(bdy=1, role=start, cell=(370, 537), by=None) —

=== boundary_anchors (NOW) ===
b00 start  — <none>
b00 finish rc=(440, 799)  t=1080.0  completed=False  world=(9050.0, 120.5)
b01 start  rc=(370, 537)  t=1320.0  completed=False  world=(1190.0, 2220.5)
b01 finish rc=(370, 537)  t=240.0  completed=True  world=(1190.0, 2220.5)
b02 start  rc=(373, 458)  t=480.0  completed=True  world=(-1180.0, 2130.5)
b02 finish — <none>
b03 start  rc=(440, 95)  t=1080.0  completed=True  world=(-12070.0, 120.5)
b03 finish rc=(440, 95)  t=480.0  completed=True  world=(-12070.0, 120.5)
b04 start  — <none>
b04 finish rc=(702, 346)  t=1080.0  completed=True  world=(-4540.0, -7739.5)
b05 start  — <none>
b05 finish — <none>
=== end ===

— end dump —


— after _record_anchor(bdy=0, role=finish, cell=(440, 814), by=None) —

=== boundary_anchors (NOW) ===
b00 start  — <none>
b00 finish rc=(440, 814)  t=1320.0  completed=False  world=(9500.0, 120.5)
b01 start  rc=(370, 537)  t=1320.0  completed=False  world=(1190.0, 2220.5)
b01 finish rc=(370, 537)  t=240.0  completed=True  world=(1190.0, 2220.5)
b02 start  rc=(373, 458)  t=480.0  completed=True  world=(-1180.0, 2130.5)
b02 finish — <none>
b03 start  rc=(440, 95)  t=1080.0  completed=True  world=(-12070.0, 120.5)
b03 finish rc=(440, 95)  t=480.0  completed=True  world=(-12070.0, 120.5)
b04 start  — <none>
b04 finish rc=(702, 346)  t=1080.0  completed=True  world=(-4540.0, -7739.5)
b05 start  — <none>
b05 finish — <none>
=== end ===

— end dump —

[DEBUG] sector 0: start@bdy1 (370, 537)   finish@bdy0 (440, 814)
[GC#01] → sector 0  start (370, 537)  finish (440, 814)
  → selected [2526.6048111  3973.63115215] as drop point
Using multi-phase propagation with wind schedule.
DROP RAN
[DEBUG] AT#00  finished drop in sector 0 – notifying ground crews
  → selected [2863.31396642 3740.52961401] as drop point
Using multi-phase propagation with wind schedule.
DROP RAN
[DEBUG] AT#00  finished drop in sector 0 – notifying ground crews
  → selected [3202.54814355 2945.51229624] as drop point
Using multi-phase propagation with wind schedule.
DROP RAN
[DEBUG] AT#00  finished drop in sector 0 – notifying ground crews
Applied action {'FireHercAgent': (1,), 'GroundCrewAgent': (1, 5)} at t=1440 min
[ICS] open=[0, 4, 5]  crew_order=[0, 4, 5]  weights={0: 155.0, 4: 45.0, 5: 3.0}
simulating in place
  → selected [-2286.81479779 -5517.41920052] as drop point
Using multi-phase propagation with wind schedule.
DROP RAN
[DEBUG] AT#00  finished drop in sector 4 – notifying ground crews
  → selected [ 1779.48130637 -5612.46895359] as drop point
Using multi-phase propagation with wind schedule.
DROP RAN
[DEBUG] AT#00  finished drop in sector 4 – notifying ground crews
[START] GC#02 using ANCHOR (unspecified source) → start (370, 537) on boundary 1
Start:  (370, 537)
Finish:  (440, 799)
[GC#02] fire-line length 1365 cells (566.8 min; full plan)

— after _mark_anchor_completed(bdy=1, role=start, by=None) —

=== boundary_anchors (NOW) ===
b00 start  — <none>
b00 finish rc=(440, 814)  t=1320.0  completed=False  world=(9500.0, 120.5)
b01 start  rc=(370, 537)  t=1320.0  completed=True  world=(1190.0, 2220.5)
b01 finish rc=(370, 537)  t=240.0  completed=True  world=(1190.0, 2220.5)
b02 start  rc=(373, 458)  t=480.0  completed=True  world=(-1180.0, 2130.5)
b02 finish — <none>
b03 start  rc=(440, 95)  t=1080.0  completed=True  world=(-12070.0, 120.5)
b03 finish rc=(440, 95)  t=480.0  completed=True  world=(-12070.0, 120.5)
b04 start  — <none>
b04 finish rc=(702, 346)  t=1080.0  completed=True  world=(-4540.0, -7739.5)
b05 start  — <none>
b05 finish — <none>
=== end ===

— end dump —


— after _mark_anchor_completed(bdy=0, role=finish, by=<groundcrew.GroundCrewAgent object at 0x000001A9E6E12450>) —

=== boundary_anchors (NOW) ===
b00 start  — <none>
b00 finish rc=(440, 814)  t=1320.0  completed=True  world=(9500.0, 120.5)
b01 start  rc=(370, 537)  t=1320.0  completed=True  world=(1190.0, 2220.5)
b01 finish rc=(370, 537)  t=240.0  completed=True  world=(1190.0, 2220.5)
b02 start  rc=(373, 458)  t=480.0  completed=True  world=(-1180.0, 2130.5)
b02 finish — <none>
b03 start  rc=(440, 95)  t=1080.0  completed=True  world=(-12070.0, 120.5)
b03 finish rc=(440, 95)  t=480.0  completed=True  world=(-12070.0, 120.5)
b04 start  — <none>
b04 finish rc=(702, 346)  t=1080.0  completed=True  world=(-4540.0, -7739.5)
b05 start  — <none>
b05 finish — <none>
=== end ===

— end dump —

Using multi-phase propagation with wind schedule.
[GC#02] updated fire after clearing batch
Using multi-phase propagation with wind schedule.
[GC#02] updated fire after clearing batch
Using multi-phase propagation with wind schedule.
[GC#02] updated fire after clearing batch
Using multi-phase propagation with wind schedule.
[GC#02] updated fire after clearing batch
Using multi-phase propagation with wind schedule.
[GC#02] updated fire after clearing batch
Using multi-phase propagation with wind schedule.
[GC#02] updated fire after clearing batch
  → selected [-2375.35901799 -7534.01709791] as drop point
FLUSHED
Using multi-phase propagation with wind schedule.
DROP RAN
[DEBUG] AT#00  finished drop in sector 4 – notifying ground crews
Applied action {'FireHercAgent': (5,), 'GroundCrewAgent': (1, 5)} at t=1560 min
[ICS] open=[0, 4, 5]  crew_order=[0, 4, 5]  weights={0: 155.0, 4: 45.0, 5: 3.0}
simulating in place
Using multi-phase propagation with wind schedule.
[GC#02] updated fire after clearing batch
Using multi-phase propagation with wind schedule.
[GC#02] updated fire after clearing batch
Using multi-phase propagation with wind schedule.
[GC#02] updated fire after clearing batch
  → selected [3245.63977997 5102.28997222] as drop point
FLUSHED
Using multi-phase propagation with wind schedule.
DROP RAN
[DEBUG] AT#00  finished drop in sector 0 – notifying ground crews
[DEBUG] GC#02  attempting re-plan… remaining path = 1365 cells
[DEBUG] GC#02 start@(157, 430)  raw_arr=inf  now=1607.0  mtt=nan  within_buffer=False
[START] GC#02 using NEW (buffered by planner) → start (157, 430) on boundary 1
Start:  (157, 430)
Finish:  (440, 799)
[GC#02] fire-line length 837 cells (489.1 min; full plan)
[DEBUG] GC#02  new path accepted (length 837, ETA 489.1 min)
Using multi-phase propagation with wind schedule.
[GC#02] updated fire after clearing batch
Using multi-phase propagation with wind schedule.
[GC#02] updated fire after clearing batch
Using multi-phase propagation with wind schedule.
[GC#02] updated fire after clearing batch
[START] GC#01 using ANCHOR (unspecified source) → start (370, 537) on boundary 1
Start:  (370, 537)
Finish:  (440, 814)
[GC#01] fire-line length 1396 cells (506.9 min; full plan)

— after _mark_anchor_completed(bdy=1, role=start, by=None) —

=== boundary_anchors (NOW) ===
b00 start  — <none>
b00 finish rc=(440, 814)  t=1320.0  completed=True  world=(9500.0, 120.5)
b01 start  rc=(370, 537)  t=1320.0  completed=True  world=(1190.0, 2220.5)
b01 finish rc=(370, 537)  t=240.0  completed=True  world=(1190.0, 2220.5)
b02 start  rc=(373, 458)  t=480.0  completed=True  world=(-1180.0, 2130.5)
b02 finish — <none>
b03 start  rc=(440, 95)  t=1080.0  completed=True  world=(-12070.0, 120.5)
b03 finish rc=(440, 95)  t=480.0  completed=True  world=(-12070.0, 120.5)
b04 start  — <none>
b04 finish rc=(702, 346)  t=1080.0  completed=True  world=(-4540.0, -7739.5)
b05 start  — <none>
b05 finish — <none>
=== end ===

— end dump —


— after _mark_anchor_completed(bdy=0, role=finish, by=<groundcrew.GroundCrewAgent object at 0x000001A9E6F61510>) —

=== boundary_anchors (NOW) ===
b00 start  — <none>
b00 finish rc=(440, 814)  t=1320.0  completed=True  world=(9500.0, 120.5)
b01 start  rc=(370, 537)  t=1320.0  completed=True  world=(1190.0, 2220.5)
b01 finish rc=(370, 537)  t=240.0  completed=True  world=(1190.0, 2220.5)
b02 start  rc=(373, 458)  t=480.0  completed=True  world=(-1180.0, 2130.5)
b02 finish — <none>
b03 start  rc=(440, 95)  t=1080.0  completed=True  world=(-12070.0, 120.5)
b03 finish rc=(440, 95)  t=480.0  completed=True  world=(-12070.0, 120.5)
b04 start  — <none>
b04 finish rc=(702, 346)  t=1080.0  completed=True  world=(-4540.0, -7739.5)
b05 start  — <none>
b05 finish — <none>
=== end ===

— end dump —

Using multi-phase propagation with wind schedule.
[GC#01] updated fire after clearing batch
Using multi-phase propagation with wind schedule.
[GC#01] updated fire after clearing batch
Using multi-phase propagation with wind schedule.
[GC#01] updated fire after clearing batch
Using multi-phase propagation with wind schedule.
[GC#01] updated fire after clearing batch
Using multi-phase propagation with wind schedule.
[GC#01] updated fire after clearing batch
  → selected [3608.1445258  4711.21169746] as drop point
FLUSHED
FLUSHED
Using multi-phase propagation with wind schedule.
DROP RAN
[DEBUG] AT#00  finished drop in sector 0 – notifying ground crews
[DEBUG] GC#02  attempting re-plan… remaining path = 837 cells
[DEBUG] GC#02 start@(135, 494)  raw_arr=inf  now=1653.0  mtt=nan  within_buffer=False
[START] GC#02 using NEW (buffered by planner) → start (135, 494) on boundary 1
Start:  (135, 494)
Finish:  (440, 799)
[GC#02] fire-line length 775 cells (451.2 min; full plan)
[DEBUG] GC#02  new path accepted (length 775, ETA 451.2 min)
[DEBUG] GC#01  attempting re-plan… remaining path = 1396 cells
[DEBUG] GC#01 start@(134, 485)  raw_arr=inf  now=1653.0  mtt=nan  within_buffer=False
[START] GC#01 using NEW (buffered by planner) → start (134, 485) on boundary 1
Start:  (134, 485)
Finish:  (440, 814)
[GC#01] fire-line length 798 cells (495.1 min; full plan)
[DEBUG] GC#01  new path accepted (length 798, ETA 495.1 min)
Using multi-phase propagation with wind schedule.
[GC#02] updated fire after clearing batch
Using multi-phase propagation with wind schedule.
[GC#02] updated fire after clearing batch
Using multi-phase propagation with wind schedule.
[GC#02] updated fire after clearing batch
Using multi-phase propagation with wind schedule.
[GC#02] updated fire after clearing batch
Using multi-phase propagation with wind schedule.
[GC#02] updated fire after clearing batch
Using multi-phase propagation with wind schedule.
[GC#02] updated fire after clearing batch
Using multi-phase propagation with wind schedule.
[GC#02] updated fire after clearing batch
Using multi-phase propagation with wind schedule.
[GC#02] updated fire after clearing batch
Using multi-phase propagation with wind schedule.
[GC#02] updated fire after clearing batch
Using multi-phase propagation with wind schedule.
[GC#02] updated fire after clearing batch
Using multi-phase propagation with wind schedule.
[GC#02] updated fire after clearing batch
Using multi-phase propagation with wind schedule.
[GC#02] updated fire after clearing batch
Using multi-phase propagation with wind schedule.
[GC#01] updated fire after clearing batch
Applied action {'FireHercAgent': (1,), 'GroundCrewAgent': (1, 5)} at t=1680 min
[ICS] open=[0, 4, 5]  crew_order=[0, 4, 5]  weights={0: 155.0, 4: 45.0, 5: 3.0}
simulating in place
Using multi-phase propagation with wind schedule.
[GC#02] updated fire after clearing batch
Using multi-phase propagation with wind schedule.
[GC#02] updated fire after clearing batch
Using multi-phase propagation with wind schedule.
[GC#01] updated fire after clearing batch
Using multi-phase propagation with wind schedule.
[GC#02] updated fire after clearing batch
Using multi-phase propagation with wind schedule.
[GC#01] updated fire after clearing batch
  → selected [4383.56490024  986.19819483] as drop point
FLUSHED
FLUSHED
Using multi-phase propagation with wind schedule.
DROP RAN
[DEBUG] AT#00  finished drop in sector 0 – notifying ground crews
[DEBUG] GC#01  attempting re-plan… remaining path = 798 cells
[DEBUG] GC#01 start@(240, 701)  raw_arr=inf  now=1707.0  mtt=nan  within_buffer=False
[START] GC#01 using NEW (buffered by planner) → start (240, 701) on boundary 1
Start:  (240, 701)
Finish:  (440, 814)
[GC#01] fire-line length 388 cells (434.6 min; full plan)
[DEBUG] GC#01  new path accepted (length 388, ETA 434.6 min)
[DEBUG] GC#02  attempting re-plan… remaining path = 775 cells
[DEBUG] GC#02 start@(240, 701)  raw_arr=inf  now=1707.0  mtt=nan  within_buffer=False
[START] GC#02 using NEW (buffered by planner) → start (240, 701) on boundary 1
Start:  (240, 701)
Finish:  (440, 799)
[GC#02] fire-line length 373 cells (389.1 min; full plan)
[DEBUG] GC#02  new path accepted (length 373, ETA 389.1 min)
Using multi-phase propagation with wind schedule.
[GC#01] updated fire after clearing batch
Using multi-phase propagation with wind schedule.
[GC#02] updated fire after clearing batch
Using multi-phase propagation with wind schedule.
[GC#02] updated fire after clearing batch
Using multi-phase propagation with wind schedule.
[GC#01] updated fire after clearing batch
  → selected [3771.10592066 4923.58712203] as drop point
FLUSHED
FLUSHED
Using multi-phase propagation with wind schedule.
DROP RAN
[DEBUG] AT#00  finished drop in sector 0 – notifying ground crews
[DEBUG] GC#01  attempting re-plan… remaining path = 388 cells
[DEBUG] GC#01 start@(275, 683)  raw_arr=inf  now=1753.0  mtt=nan  within_buffer=False
[START] GC#01 using NEW (buffered by planner) → start (275, 683) on boundary 1
Start:  (275, 683)
Finish:  (440, 814)
[GC#01] fire-line length 325 cells (386.5 min; full plan)
[DEBUG] GC#01  new path accepted (length 325, ETA 386.5 min)
[DEBUG] GC#02  attempting re-plan… remaining path = 373 cells
[DEBUG] GC#02 start@(275, 683)  raw_arr=inf  now=1753.0  mtt=nan  within_buffer=False
[START] GC#02 using NEW (buffered by planner) → start (275, 683) on boundary 1
Start:  (275, 683)
Finish:  (440, 799)
[GC#02] fire-line length 310 cells (342.0 min; full plan)
[DEBUG] GC#02  new path accepted (length 310, ETA 342.0 min)
Using multi-phase propagation with wind schedule.
[GC#01] updated fire after clearing batch
Using multi-phase propagation with wind schedule.
[GC#02] updated fire after clearing batch
Using multi-phase propagation with wind schedule.
[GC#01] updated fire after clearing batch
Using multi-phase propagation with wind schedule.
[GC#02] updated fire after clearing batch
Using multi-phase propagation with wind schedule.
[GC#02] updated fire after clearing batch
Using multi-phase propagation with wind schedule.
[GC#01] updated fire after clearing batch
Using multi-phase propagation with wind schedule.
[GC#02] updated fire after clearing batch
  → selected [3929.30431623 4298.12730482] as drop point
FLUSHED
FLUSHED
Using multi-phase propagation with wind schedule.
DROP RAN
[DEBUG] AT#00  finished drop in sector 0 – notifying ground crews
[DEBUG] GC#01  attempting re-plan… remaining path = 325 cells
[DEBUG] GC#01 start@(337, 699)  raw_arr=inf  now=1799.0  mtt=nan  within_buffer=False
[START] GC#01 using NEW (buffered by planner) → start (337, 699) on boundary 1
Start:  (337, 699)
Finish:  (440, 814)
[GC#01] fire-line length 219 cells (344.3 min; full plan)
[DEBUG] GC#01  new path accepted (length 219, ETA 344.3 min)
[DEBUG] GC#02  attempting re-plan… remaining path = 310 cells
[DEBUG] GC#02 start@(337, 699)  raw_arr=inf  now=1799.0  mtt=nan  within_buffer=False
[START] GC#02 using NEW (buffered by planner) → start (337, 699) on boundary 1
Start:  (337, 699)
Finish:  (440, 799)
[GC#02] fire-line length 204 cells (298.8 min; full plan)
[DEBUG] GC#02  new path accepted (length 204, ETA 298.8 min)
Applied action {'FireHercAgent': (1,), 'GroundCrewAgent': (1, 5)} at t=1800 min
[ICS] open=[0, 4, 5]  crew_order=[0, 4, 5]  weights={0: 155.0, 4: 45.0, 5: 3.0}
simulating in place
Using multi-phase propagation with wind schedule.
[GC#01] updated fire after clearing batch
Using multi-phase propagation with wind schedule.
[GC#02] updated fire after clearing batch
  → selected [4500.85313419 1433.03151917] as drop point
FLUSHED
FLUSHED
Using multi-phase propagation with wind schedule.
DROP RAN
[DEBUG] AT#00  finished drop in sector 0 – notifying ground crews
[DEBUG] GC#01  attempting re-plan… remaining path = 219 cells
[DEBUG] GC#01 start@(368, 715)  raw_arr=inf  now=1845.0  mtt=nan  within_buffer=False
[START] GC#01 using NEW (buffered by planner) → start (368, 715) on boundary 1
Start:  (368, 715)
Finish:  (440, 814)
[GC#01] fire-line length 172 cells (291.4 min; full plan)
[DEBUG] GC#01  new path accepted (length 172, ETA 291.4 min)
[DEBUG] GC#02  attempting re-plan… remaining path = 204 cells
[DEBUG] GC#02 start@(368, 715)  raw_arr=inf  now=1845.0  mtt=nan  within_buffer=False
[START] GC#02 using NEW (buffered by planner) → start (368, 715) on boundary 1
Start:  (368, 715)
Finish:  (440, 799)
[GC#02] fire-line length 157 cells (245.9 min; full plan)
[DEBUG] GC#02  new path accepted (length 157, ETA 245.9 min)
Using multi-phase propagation with wind schedule.
[GC#01] updated fire after clearing batch
Using multi-phase propagation with wind schedule.
[GC#02] updated fire after clearing batch
Using multi-phase propagation with wind schedule.
[GC#01] updated fire after clearing batch
Using multi-phase propagation with wind schedule.
[GC#02] updated fire after clearing batch
  → selected [4732.7603827  1063.61296951] as drop point
FLUSHED
FLUSHED
Using multi-phase propagation with wind schedule.
DROP RAN
[DEBUG] AT#00  finished drop in sector 0 – notifying ground crews
[DEBUG] GC#01  attempting re-plan… remaining path = 172 cells
[DEBUG] GC#01 start@(396, 747)  raw_arr=inf  now=1891.0  mtt=nan  within_buffer=False
[START] GC#01 using NEW (buffered by planner) → start (396, 747) on boundary 1
Start:  (396, 747)
Finish:  (440, 814)
[GC#01] fire-line length 112 cells (242.3 min; full plan)
[DEBUG] GC#01  new path accepted (length 112, ETA 242.3 min)
[DEBUG] GC#02  attempting re-plan… remaining path = 157 cells
[DEBUG] GC#02 start@(396, 747)  raw_arr=inf  now=1891.0  mtt=nan  within_buffer=False
[START] GC#02 using NEW (buffered by planner) → start (396, 747) on boundary 1
Start:  (396, 747)
Finish:  (440, 799)
[GC#02] fire-line length 97 cells (198.4 min; full plan)
[DEBUG] GC#02  new path accepted (length 97, ETA 198.4 min)
Applied action {'FireHercAgent': (1,), 'GroundCrewAgent': (1, 5)} at t=1920 min
[ICS] open=[0, 4, 5]  crew_order=[0, 4, 5]  weights={0: 155.0, 4: 45.0, 5: 3.0}
simulating in place
Using multi-phase propagation with wind schedule.
[GC#02] updated fire after clearing batch
Using multi-phase propagation with wind schedule.
[GC#01] updated fire after clearing batch
  → selected [4793.72124466 1525.37247971] as drop point
FLUSHED
FLUSHED
Using multi-phase propagation with wind schedule.
DROP RAN
[DEBUG] AT#00  finished drop in sector 0 – notifying ground crews
[DEBUG] GC#02  attempting re-plan… remaining path = 97 cells
[DEBUG] GC#02 start@(415, 762)  raw_arr=inf  now=1937.0  mtt=nan  within_buffer=False
[START] GC#02 using NEW (buffered by planner) → start (415, 762) on boundary 1
Start:  (415, 762)
Finish:  (440, 799)
[GC#02] fire-line length 63 cells (148.7 min; full plan)
[DEBUG] GC#02  new path accepted (length 63, ETA 148.7 min)
[DEBUG] GC#01  attempting re-plan… remaining path = 112 cells
[DEBUG] GC#01 start@(415, 762)  raw_arr=inf  now=1937.0  mtt=nan  within_buffer=False
[START] GC#01 using NEW (buffered by planner) → start (415, 762) on boundary 1
Start:  (415, 762)
Finish:  (440, 814)
[GC#01] fire-line length 78 cells (194.2 min; full plan)
[DEBUG] GC#01  new path accepted (length 78, ETA 194.2 min)
  → selected [4656.6312023  2978.91293373] as drop point
FLUSHED
FLUSHED
Using multi-phase propagation with wind schedule.
DROP RAN
[DEBUG] AT#00  finished drop in sector 0 – notifying ground crews
[DEBUG] GC#02  attempting re-plan… remaining path = 63 cells
[DEBUG] GC#02 start@(425, 772)  raw_arr=inf  now=1983.0  mtt=nan  within_buffer=False
[START] GC#02 using NEW (buffered by planner) → start (425, 772) on boundary 1
Start:  (425, 772)
Finish:  (440, 799)
[GC#02] fire-line length 43 cells (100.7 min; full plan)
[DEBUG] GC#02  new path accepted (length 43, ETA 100.7 min)
[DEBUG] GC#01  attempting re-plan… remaining path = 78 cells
[DEBUG] GC#01 start@(425, 772)  raw_arr=inf  now=1983.0  mtt=nan  within_buffer=False
[START] GC#01 using NEW (buffered by planner) → start (425, 772) on boundary 1
Start:  (425, 772)
Finish:  (440, 814)
[GC#01] fire-line length 58 cells (146.2 min; full plan)
[DEBUG] GC#01  new path accepted (length 58, ETA 146.2 min)
  → selected [4753.14137243 2487.22205363] as drop point
FLUSHED
FLUSHED
Using multi-phase propagation with wind schedule.
DROP RAN
[DEBUG] AT#00  finished drop in sector 0 – notifying ground crews
[DEBUG] GC#01  attempting re-plan… remaining path = 58 cells
[DEBUG] GC#01 start@(432, 784)  raw_arr=inf  now=2029.0  mtt=nan  within_buffer=False
[START] GC#01 using NEW (buffered by planner) → start (432, 784) on boundary 1
Start:  (432, 784)
Finish:  (440, 814)
[GC#01] fire-line length 39 cells (95.2 min; full plan)
[DEBUG] GC#01  new path accepted (length 39, ETA 95.2 min)
[DEBUG] GC#02  attempting re-plan… remaining path = 43 cells
[DEBUG] GC#02 start@(432, 784)  raw_arr=inf  now=2029.0  mtt=nan  within_buffer=False
[START] GC#02 using NEW (buffered by planner) → start (432, 784) on boundary 1
Start:  (432, 784)
Finish:  (440, 799)
[GC#02] fire-line length 24 cells (50.2 min; full plan)
[DEBUG] GC#02  new path accepted (length 24, ETA 50.2 min)
Applied action {'FireHercAgent': (1,), 'GroundCrewAgent': (1, 5)} at t=2040 min
[ICS] open=[0, 4, 5]  crew_order=[0, 4, 5]  weights={0: 155.0, 4: 45.0, 5: 3.0}
simulating in place
  → selected [4556.57475548 4186.2490912 ] as drop point
FLUSHED
FLUSHED
Using multi-phase propagation with wind schedule.
DROP RAN
[DEBUG] AT#00  finished drop in sector 0 – notifying ground crews
[DEBUG] GC#01  attempting re-plan… remaining path = 39 cells
[DEBUG] GC#01 start@(438, 799)  raw_arr=inf  now=2075.0  mtt=nan  within_buffer=False
[START] GC#01 using NEW (buffered by planner) → start (438, 799) on boundary 1
Start:  (438, 799)
Finish:  (440, 814)
[GC#01] fire-line length 18 cells (45.1 min; full plan)
[DEBUG] GC#01  new path accepted (length 18, ETA 45.1 min)
[DEBUG] GC#02  attempting re-plan… remaining path = 24 cells
[DEBUG] GC#02 start@(438, 799)  raw_arr=inf  now=2075.0  mtt=nan  within_buffer=False
[START] GC#02 using NEW (buffered by planner) → start (438, 799) on boundary 1
Start:  (438, 799)
Finish:  (440, 799)
[GC#02] fire-line length 3 cells (2.4 min; full plan)
[DEBUG] GC#02  new path accepted (length 3, ETA 2.4 min)
Using multi-phase propagation with wind schedule.
[GC#02] updated fire after clearing batch
Sector contained  0

— after _mark_anchor_completed(bdy=1, role=start, by=None) —

=== boundary_anchors (NOW) ===
b00 start  — <none>
b00 finish rc=(440, 814)  t=1320.0  completed=True  world=(9500.0, 120.5)
b01 start  rc=(370, 537)  t=1320.0  completed=True  world=(1190.0, 2220.5)
b01 finish rc=(370, 537)  t=240.0  completed=True  world=(1190.0, 2220.5)
b02 start  rc=(373, 458)  t=480.0  completed=True  world=(-1180.0, 2130.5)
b02 finish — <none>
b03 start  rc=(440, 95)  t=1080.0  completed=True  world=(-12070.0, 120.5)
b03 finish rc=(440, 95)  t=480.0  completed=True  world=(-12070.0, 120.5)
b04 start  — <none>
b04 finish rc=(702, 346)  t=1080.0  completed=True  world=(-4540.0, -7739.5)
b05 start  — <none>
b05 finish — <none>
=== end ===

— end dump —


— after _mark_anchor_completed(bdy=0, role=finish, by=None) —

=== boundary_anchors (NOW) ===
b00 start  — <none>
b00 finish rc=(440, 814)  t=1320.0  completed=True  world=(9500.0, 120.5)
b01 start  rc=(370, 537)  t=1320.0  completed=True  world=(1190.0, 2220.5)
b01 finish rc=(370, 537)  t=240.0  completed=True  world=(1190.0, 2220.5)
b02 start  rc=(373, 458)  t=480.0  completed=True  world=(-1180.0, 2130.5)
b02 finish — <none>
b03 start  rc=(440, 95)  t=1080.0  completed=True  world=(-12070.0, 120.5)
b03 finish rc=(440, 95)  t=480.0  completed=True  world=(-12070.0, 120.5)
b04 start  — <none>
b04 finish rc=(702, 346)  t=1080.0  completed=True  world=(-4540.0, -7739.5)
b05 start  — <none>
b05 finish — <none>
=== end ===

— end dump —

[GC#02] Sector 0 contained → Standby
Using multi-phase propagation with wind schedule.
[GC#01] updated fire after clearing batch
Sector contained  0

— after _mark_anchor_completed(bdy=1, role=start, by=None) —

=== boundary_anchors (NOW) ===
b00 start  — <none>
b00 finish rc=(440, 814)  t=1320.0  completed=True  world=(9500.0, 120.5)
b01 start  rc=(370, 537)  t=1320.0  completed=True  world=(1190.0, 2220.5)
b01 finish rc=(370, 537)  t=240.0  completed=True  world=(1190.0, 2220.5)
b02 start  rc=(373, 458)  t=480.0  completed=True  world=(-1180.0, 2130.5)
b02 finish — <none>
b03 start  rc=(440, 95)  t=1080.0  completed=True  world=(-12070.0, 120.5)
b03 finish rc=(440, 95)  t=480.0  completed=True  world=(-12070.0, 120.5)
b04 start  — <none>
b04 finish rc=(702, 346)  t=1080.0  completed=True  world=(-4540.0, -7739.5)
b05 start  — <none>
b05 finish — <none>
=== end ===

— end dump —


— after _mark_anchor_completed(bdy=0, role=finish, by=None) —

=== boundary_anchors (NOW) ===
b00 start  — <none>
b00 finish rc=(440, 814)  t=1320.0  completed=True  world=(9500.0, 120.5)
b01 start  rc=(370, 537)  t=1320.0  completed=True  world=(1190.0, 2220.5)
b01 finish rc=(370, 537)  t=240.0  completed=True  world=(1190.0, 2220.5)
b02 start  rc=(373, 458)  t=480.0  completed=True  world=(-1180.0, 2130.5)
b02 finish — <none>
b03 start  rc=(440, 95)  t=1080.0  completed=True  world=(-12070.0, 120.5)
b03 finish rc=(440, 95)  t=480.0  completed=True  world=(-12070.0, 120.5)
b04 start  — <none>
b04 finish rc=(702, 346)  t=1080.0  completed=True  world=(-4540.0, -7739.5)
b05 start  — <none>
b05 finish — <none>
=== end ===

— end dump —

[GC#01] Sector 0 contained → Standby
  → selected [4278.75463353 6723.95545736] as drop point
Using multi-phase propagation with wind schedule.
DROP RAN
[DEBUG] AT#00  finished drop in sector 0 – notifying ground crews
Applied action {'FireHercAgent': (1,), 'GroundCrewAgent': (1, 5)} at t=2160 min
[ICS] open=[4, 5]  crew_order=[4, 5]  weights={4: 45.0, 5: 3.0}
simulating in place

— after _record_anchor(bdy=4, role=start, cell=(702, 346), by=None) —

=== boundary_anchors (NOW) ===
b00 start  — <none>
b00 finish rc=(440, 814)  t=1320.0  completed=True  world=(9500.0, 120.5)
b01 start  rc=(370, 537)  t=1320.0  completed=True  world=(1190.0, 2220.5)
b01 finish rc=(370, 537)  t=240.0  completed=True  world=(1190.0, 2220.5)
b02 start  rc=(373, 458)  t=480.0  completed=True  world=(-1180.0, 2130.5)
b02 finish — <none>
b03 start  rc=(440, 95)  t=1080.0  completed=True  world=(-12070.0, 120.5)
b03 finish rc=(440, 95)  t=480.0  completed=True  world=(-12070.0, 120.5)
b04 start  rc=(702, 346)  t=2160.0  completed=False  world=(-4540.0, -7739.5)
b04 finish rc=(702, 346)  t=1080.0  completed=True  world=(-4540.0, -7739.5)
b05 start  — <none>
b05 finish — <none>
=== end ===

— end dump —


— after _record_anchor(bdy=5, role=finish, cell=(850, 733), by=None) —

=== boundary_anchors (NOW) ===
b00 start  — <none>
b00 finish rc=(440, 814)  t=1320.0  completed=True  world=(9500.0, 120.5)
b01 start  rc=(370, 537)  t=1320.0  completed=True  world=(1190.0, 2220.5)
b01 finish rc=(370, 537)  t=240.0  completed=True  world=(1190.0, 2220.5)
b02 start  rc=(373, 458)  t=480.0  completed=True  world=(-1180.0, 2130.5)
b02 finish — <none>
b03 start  rc=(440, 95)  t=1080.0  completed=True  world=(-12070.0, 120.5)
b03 finish rc=(440, 95)  t=480.0  completed=True  world=(-12070.0, 120.5)
b04 start  rc=(702, 346)  t=2160.0  completed=False  world=(-4540.0, -7739.5)
b04 finish rc=(702, 346)  t=1080.0  completed=True  world=(-4540.0, -7739.5)
b05 start  — <none>
b05 finish rc=(850, 733)  t=2160.0  completed=False  world=(7070.0, -12179.5)
=== end ===

— end dump —

[DEBUG] sector 4: start@bdy4 (702, 346)   finish@bdy5 (850, 733)
[GC#01] → sector 4  start (702, 346)  finish (850, 733)

— after _record_anchor(bdy=0, role=start, cell=(440, 814), by=None) —

=== boundary_anchors (NOW) ===
b00 start  rc=(440, 814)  t=2160.0  completed=False  world=(9500.0, 120.5)
b00 finish rc=(440, 814)  t=1320.0  completed=True  world=(9500.0, 120.5)
b01 start  rc=(370, 537)  t=1320.0  completed=True  world=(1190.0, 2220.5)
b01 finish rc=(370, 537)  t=240.0  completed=True  world=(1190.0, 2220.5)
b02 start  rc=(373, 458)  t=480.0  completed=True  world=(-1180.0, 2130.5)
b02 finish — <none>
b03 start  rc=(440, 95)  t=1080.0  completed=True  world=(-12070.0, 120.5)
b03 finish rc=(440, 95)  t=480.0  completed=True  world=(-12070.0, 120.5)
b04 start  rc=(702, 346)  t=2160.0  completed=False  world=(-4540.0, -7739.5)
b04 finish rc=(702, 346)  t=1080.0  completed=True  world=(-4540.0, -7739.5)
b05 start  — <none>
b05 finish rc=(850, 733)  t=2160.0  completed=False  world=(7070.0, -12179.5)
=== end ===

— end dump —


— after _record_anchor(bdy=5, role=finish, cell=(850, 733), by=None) —

=== boundary_anchors (NOW) ===
b00 start  rc=(440, 814)  t=2160.0  completed=False  world=(9500.0, 120.5)
b00 finish rc=(440, 814)  t=1320.0  completed=True  world=(9500.0, 120.5)
b01 start  rc=(370, 537)  t=1320.0  completed=True  world=(1190.0, 2220.5)
b01 finish rc=(370, 537)  t=240.0  completed=True  world=(1190.0, 2220.5)
b02 start  rc=(373, 458)  t=480.0  completed=True  world=(-1180.0, 2130.5)
b02 finish — <none>
b03 start  rc=(440, 95)  t=1080.0  completed=True  world=(-12070.0, 120.5)
b03 finish rc=(440, 95)  t=480.0  completed=True  world=(-12070.0, 120.5)
b04 start  rc=(702, 346)  t=2160.0  completed=False  world=(-4540.0, -7739.5)
b04 finish rc=(702, 346)  t=1080.0  completed=True  world=(-4540.0, -7739.5)
b05 start  — <none>
b05 finish rc=(850, 733)  t=2160.0  completed=False  world=(7070.0, -12179.5)
=== end ===

— end dump —

[DEBUG] sector 5: start@bdy0 (440, 814)   finish@bdy5 (850, 733)
[GC#02] → sector 5  start (440, 814)  finish (850, 733)
  → selected [ 3240.88322003 -6200.5971481 ] as drop point
Using multi-phase propagation with wind schedule.
DROP RAN
[DEBUG] AT#00  finished drop in sector 4 – notifying ground crews
[START] GC#02 using ANCHOR (unspecified source) → start (440, 814) on boundary 0
Start:  (440, 814)
Finish:  (850, 733)
[GC#02] fire-line length 732 cells (1634.1 min; full plan)

— after _mark_anchor_completed(bdy=0, role=start, by=None) —

=== boundary_anchors (NOW) ===
b00 start  rc=(440, 814)  t=2160.0  completed=True  world=(9500.0, 120.5)
b00 finish rc=(440, 814)  t=1320.0  completed=True  world=(9500.0, 120.5)
b01 start  rc=(370, 537)  t=1320.0  completed=True  world=(1190.0, 2220.5)
b01 finish rc=(370, 537)  t=240.0  completed=True  world=(1190.0, 2220.5)
b02 start  rc=(373, 458)  t=480.0  completed=True  world=(-1180.0, 2130.5)
b02 finish — <none>
b03 start  rc=(440, 95)  t=1080.0  completed=True  world=(-12070.0, 120.5)
b03 finish rc=(440, 95)  t=480.0  completed=True  world=(-12070.0, 120.5)
b04 start  rc=(702, 346)  t=2160.0  completed=False  world=(-4540.0, -7739.5)
b04 finish rc=(702, 346)  t=1080.0  completed=True  world=(-4540.0, -7739.5)
b05 start  — <none>
b05 finish rc=(850, 733)  t=2160.0  completed=False  world=(7070.0, -12179.5)
=== end ===

— end dump —


— after _mark_anchor_completed(bdy=5, role=finish, by=<groundcrew.GroundCrewAgent object at 0x000001A9E6E12450>) —

=== boundary_anchors (NOW) ===
b00 start  rc=(440, 814)  t=2160.0  completed=True  world=(9500.0, 120.5)
b00 finish rc=(440, 814)  t=1320.0  completed=True  world=(9500.0, 120.5)
b01 start  rc=(370, 537)  t=1320.0  completed=True  world=(1190.0, 2220.5)
b01 finish rc=(370, 537)  t=240.0  completed=True  world=(1190.0, 2220.5)
b02 start  rc=(373, 458)  t=480.0  completed=True  world=(-1180.0, 2130.5)
b02 finish — <none>
b03 start  rc=(440, 95)  t=1080.0  completed=True  world=(-12070.0, 120.5)
b03 finish rc=(440, 95)  t=480.0  completed=True  world=(-12070.0, 120.5)
b04 start  rc=(702, 346)  t=2160.0  completed=False  world=(-4540.0, -7739.5)
b04 finish rc=(702, 346)  t=1080.0  completed=True  world=(-4540.0, -7739.5)
b05 start  — <none>
b05 finish rc=(850, 733)  t=2160.0  completed=True  world=(7070.0, -12179.5)
=== end ===

— end dump —

  → selected [ 2820.50615548 -6781.76038635] as drop point
FLUSHED
Using multi-phase propagation with wind schedule.
DROP RAN
[DEBUG] AT#00  finished drop in sector 4 – notifying ground crews
  → selected [ 2330.72159164 -7360.77977722] as drop point
FLUSHED
Using multi-phase propagation with wind schedule.
DROP RAN
[DEBUG] AT#00  finished drop in sector 4 – notifying ground crews
Applied action {'FireHercAgent': (5,), 'GroundCrewAgent': (5, 6)} at t=2280 min
[ICS] open=[4, 5]  crew_order=[4, 5]  weights={4: 45.0, 5: 3.0}
simulating in place
  → selected [ 3396.74774861 -6500.01012173] as drop point
FLUSHED
Using multi-phase propagation with wind schedule.
DROP RAN
[DEBUG] AT#00  finished drop in sector 4 – notifying ground crews
  → selected [ 2927.44378491 -7039.93066165] as drop point
FLUSHED
Using multi-phase propagation with wind schedule.
DROP RAN
[DEBUG] AT#00  finished drop in sector 4 – notifying ground crews
Applied action {'FireHercAgent': (5,), 'GroundCrewAgent': (5, 6)} at t=2400 min
[ICS] open=[4, 5]  crew_order=[4, 5]  weights={4: 45.0, 5: 3.0}
simulating in place
  → selected [ 5152.52283191 -2664.14295614] as drop point
FLUSHED
Using multi-phase propagation with wind schedule.
DROP RAN
[DEBUG] AT#00  finished drop in sector 5 – notifying ground crews
[DEBUG] GC#02  attempting re-plan… remaining path = 732 cells
[DEBUG] GC#02 start@(475, 820)  raw_arr=inf  now=2406.0  mtt=nan  within_buffer=False
[START] GC#02 using NEW (buffered by planner) → start (475, 820) on boundary 0
Start:  (475, 820)
Finish:  (850, 733)
[GC#02] fire-line length 689 cells (1394.7 min; full plan)
[DEBUG] GC#02  new path accepted (length 689, ETA 1394.7 min)
  → selected [ 5346.21290165 -4878.83521483] as drop point
FLUSHED
Using multi-phase propagation with wind schedule.
DROP RAN
[DEBUG] AT#00  finished drop in sector 5 – notifying ground crews
[DEBUG] GC#02  attempting re-plan… remaining path = 689 cells
[DEBUG] GC#02 start@(482, 822)  raw_arr=inf  now=2452.0  mtt=nan  within_buffer=False
[START] GC#02 using NEW (buffered by planner) → start (482, 822) on boundary 0
Start:  (482, 822)
Finish:  (850, 733)
[GC#02] fire-line length 680 cells (1332.6 min; full plan)
[DEBUG] GC#02  new path accepted (length 680, ETA 1332.6 min)
Using multi-phase propagation with wind schedule.
[GC#02] updated fire after clearing batch
  → selected [6453.25589333 -833.43807772] as drop point
FLUSHED
Using multi-phase propagation with wind schedule.
DROP RAN
[DEBUG] AT#00  finished drop in sector 5 – notifying ground crews
[DEBUG] GC#02  attempting re-plan… remaining path = 680 cells
[DEBUG] GC#02 start@(505, 824)  raw_arr=inf  now=2499.0  mtt=nan  within_buffer=False
[START] GC#02 using NEW (buffered by planner) → start (505, 824) on boundary 0
Start:  (505, 824)
Finish:  (850, 733)
[GC#02] fire-line length 649 cells (1275.2 min; full plan)
[DEBUG] GC#02  new path accepted (length 649, ETA 1275.2 min)
Using multi-phase propagation with wind schedule.
[GC#02] updated fire after clearing batch
Applied action {'FireHercAgent': (6,), 'GroundCrewAgent': (5, 6)} at t=2520 min
[ICS] open=[4, 5]  crew_order=[4, 5]  weights={4: 45.0, 5: 3.0}
simulating in place
Using multi-phase propagation with wind schedule.
[GC#02] updated fire after clearing batch
  → selected [ 3183.37513665 -7657.80360206] as drop point
FLUSHED
Using multi-phase propagation with wind schedule.
DROP RAN
[DEBUG] AT#00  finished drop in sector 4 – notifying ground crews
Using multi-phase propagation with wind schedule.
[GC#02] updated fire after clearing batch
  → selected [ 3871.81915736 -7412.61380698] as drop point
FLUSHED
Using multi-phase propagation with wind schedule.
DROP RAN
[DEBUG] AT#00  finished drop in sector 4 – notifying ground crews
[START] GC#01 using ANCHOR (unspecified source) → start (702, 346) on boundary 4
Start:  (702, 346)
Finish:  (850, 733)
[GC#01] fire-line length 602 cells (742.4 min; full plan)

— after _mark_anchor_completed(bdy=4, role=start, by=None) —

=== boundary_anchors (NOW) ===
b00 start  rc=(440, 814)  t=2160.0  completed=True  world=(9500.0, 120.5)
b00 finish rc=(440, 814)  t=1320.0  completed=True  world=(9500.0, 120.5)
b01 start  rc=(370, 537)  t=1320.0  completed=True  world=(1190.0, 2220.5)
b01 finish rc=(370, 537)  t=240.0  completed=True  world=(1190.0, 2220.5)
b02 start  rc=(373, 458)  t=480.0  completed=True  world=(-1180.0, 2130.5)
b02 finish — <none>
b03 start  rc=(440, 95)  t=1080.0  completed=True  world=(-12070.0, 120.5)
b03 finish rc=(440, 95)  t=480.0  completed=True  world=(-12070.0, 120.5)
b04 start  rc=(702, 346)  t=2160.0  completed=True  world=(-4540.0, -7739.5)
b04 finish rc=(702, 346)  t=1080.0  completed=True  world=(-4540.0, -7739.5)
b05 start  — <none>
b05 finish rc=(850, 733)  t=2160.0  completed=True  world=(7070.0, -12179.5)
=== end ===

— end dump —


— after _mark_anchor_completed(bdy=5, role=finish, by=<groundcrew.GroundCrewAgent object at 0x000001A9E6F61510>) —

=== boundary_anchors (NOW) ===
b00 start  rc=(440, 814)  t=2160.0  completed=True  world=(9500.0, 120.5)
b00 finish rc=(440, 814)  t=1320.0  completed=True  world=(9500.0, 120.5)
b01 start  rc=(370, 537)  t=1320.0  completed=True  world=(1190.0, 2220.5)
b01 finish rc=(370, 537)  t=240.0  completed=True  world=(1190.0, 2220.5)
b02 start  rc=(373, 458)  t=480.0  completed=True  world=(-1180.0, 2130.5)
b02 finish — <none>
b03 start  rc=(440, 95)  t=1080.0  completed=True  world=(-12070.0, 120.5)
b03 finish rc=(440, 95)  t=480.0  completed=True  world=(-12070.0, 120.5)
b04 start  rc=(702, 346)  t=2160.0  completed=True  world=(-4540.0, -7739.5)
b04 finish rc=(702, 346)  t=1080.0  completed=True  world=(-4540.0, -7739.5)
b05 start  — <none>
b05 finish rc=(850, 733)  t=2160.0  completed=True  world=(7070.0, -12179.5)
=== end ===

— end dump —

Using multi-phase propagation with wind schedule.
[GC#01] updated fire after clearing batch
Using multi-phase propagation with wind schedule.
[GC#02] updated fire after clearing batch
  → selected [ 2573.81590655 -8131.77644285] as drop point
FLUSHED
FLUSHED
Using multi-phase propagation with wind schedule.
DROP RAN
[DEBUG] AT#00  finished drop in sector 4 – notifying ground crews
[DEBUG] GC#01  attempting re-plan… remaining path = 602 cells
[DEBUG] GC#01 start@(731, 376)  raw_arr=inf  now=2638.0  mtt=nan  within_buffer=False
[START] GC#01 using NEW (buffered by planner) → start (731, 376) on boundary 4
Start:  (731, 376)
Finish:  (850, 733)
[GC#01] fire-line length 535 cells (732.9 min; full plan)
[DEBUG] GC#01  new path accepted (length 535, ETA 732.9 min)
Applied action {'FireHercAgent': (5,), 'GroundCrewAgent': (5, 6)} at t=2640 min
[ICS] open=[4, 5]  crew_order=[4, 5]  weights={4: 45.0, 5: 3.0}
simulating in place
Using multi-phase propagation with wind schedule.
[GC#01] updated fire after clearing batch
Using multi-phase propagation with wind schedule.
[GC#01] updated fire after clearing batch
  → selected [ 3306.07297719 -7954.02239276] as drop point
FLUSHED
FLUSHED
Using multi-phase propagation with wind schedule.
DROP RAN
[DEBUG] AT#00  finished drop in sector 4 – notifying ground crews
[DEBUG] GC#01  attempting re-plan… remaining path = 535 cells
[DEBUG] GC#01 start@(757, 410)  raw_arr=inf  now=2685.0  mtt=nan  within_buffer=False
[START] GC#01 using NEW (buffered by planner) → start (757, 410) on boundary 4
Start:  (757, 410)
Finish:  (850, 733)
[GC#01] fire-line length 475 cells (671.7 min; full plan)
[DEBUG] GC#01  new path accepted (length 475, ETA 671.7 min)
Using multi-phase propagation with wind schedule.
[GC#01] updated fire after clearing batch
Using multi-phase propagation with wind schedule.
[GC#01] updated fire after clearing batch
  → selected [ 4021.35685737 -7699.873056  ] as drop point
FLUSHED
FLUSHED
Using multi-phase propagation with wind schedule.
DROP RAN
[DEBUG] AT#00  finished drop in sector 4 – notifying ground crews
[DEBUG] GC#01  attempting re-plan… remaining path = 475 cells
[DEBUG] GC#01 start@(784, 434)  raw_arr=inf  now=2731.0  mtt=nan  within_buffer=False
[START] GC#01 using NEW (buffered by planner) → start (784, 434) on boundary 4
Start:  (784, 434)
Finish:  (850, 733)
[GC#01] fire-line length 424 cells (624.6 min; full plan)
[DEBUG] GC#01  new path accepted (length 424, ETA 624.6 min)
Applied action {'FireHercAgent': (5,), 'GroundCrewAgent': (5, 6)} at t=2760 min
[ICS] open=[4, 5]  crew_order=[4, 5]  weights={4: 45.0, 5: 3.0}
simulating in place
Using multi-phase propagation with wind schedule.
[GC#01] updated fire after clearing batch
  → selected [ 1883.60325465 -8458.3755931 ] as drop point
FLUSHED
FLUSHED
Using multi-phase propagation with wind schedule.
DROP RAN
[DEBUG] AT#00  finished drop in sector 4 – notifying ground crews
[DEBUG] GC#01  attempting re-plan… remaining path = 424 cells
[DEBUG] GC#01 start@(786, 458)  raw_arr=inf  now=2778.0  mtt=nan  within_buffer=False
[START] GC#01 using NEW (buffered by planner) → start (786, 458) on boundary 4
Start:  (786, 458)
Finish:  (850, 733)
[GC#01] fire-line length 394 cells (572.8 min; full plan)
[DEBUG] GC#01  new path accepted (length 394, ETA 572.8 min)
Using multi-phase propagation with wind schedule.
[GC#01] updated fire after clearing batch
  → selected [ 2671.34730689 -8441.10652526] as drop point
FLUSHED
FLUSHED
Using multi-phase propagation with wind schedule.
DROP RAN
[DEBUG] AT#00  finished drop in sector 4 – notifying ground crews
[DEBUG] GC#01  attempting re-plan… remaining path = 394 cells
[DEBUG] GC#01 start@(801, 478)  raw_arr=inf  now=2823.0  mtt=nan  within_buffer=False
[START] GC#01 using NEW (buffered by planner) → start (801, 478) on boundary 4
Start:  (801, 478)
Finish:  (850, 733)
[GC#01] fire-line length 359 cells (516.3 min; full plan)
[DEBUG] GC#01  new path accepted (length 359, ETA 516.3 min)
Using multi-phase propagation with wind schedule.
[GC#02] updated fire after clearing batch
Using multi-phase propagation with wind schedule.
[GC#01] updated fire after clearing batch
  → selected [ 4183.5625259  -8011.46724613] as drop point
FLUSHED
FLUSHED
Using multi-phase propagation with wind schedule.
DROP RAN
[DEBUG] AT#00  finished drop in sector 4 – notifying ground crews
[DEBUG] GC#01  attempting re-plan… remaining path = 359 cells
[DEBUG] GC#01 start@(806, 500)  raw_arr=inf  now=2871.0  mtt=nan  within_buffer=False
[START] GC#01 using NEW (buffered by planner) → start (806, 500) on boundary 4
Start:  (806, 500)
Finish:  (850, 733)
[GC#01] fire-line length 330 cells (464.5 min; full plan)
[DEBUG] GC#01  new path accepted (length 330, ETA 464.5 min)
Applied action {'FireHercAgent': (5,), 'GroundCrewAgent': (5, 6)} at t=2880 min
[SIM] Less than one full decision slice left – terminating.
Using multi-phase propagation with wind schedule.
[GC#02] updated fire after clearing batch
Using multi-phase propagation with wind schedule.
[GC#01] updated fire after clearing batch
[SIM] Finished at t=2880 min – final fire-score = 274516.00  final buildings-destroyed = 2207  final buildings-breakdown = {"11":1133,"12":505,"13":521,"14":21,"21":12,"22":5,"23":10}
Simulation complete.
[0m