
⚑ background sched
 start  end    speed      dir
     0  120   30.000    5.000
   120  240   35.000   25.000
   240  360   40.000   25.000
   360  480   50.000   15.000
   480  600   30.000    2.500
   600  720   38.000    5.000
   720  840   28.000    0.000
   840  960   30.000    0.000
   960 1080   30.000    0.000
  1080 1200   28.000    2.500
  1200 1320   28.000    5.000
  1320 1440   30.000   15.000
  1440 1560   30.000    5.000
  1560 1680   30.000    7.500
  1680 1800   30.000   10.000
  1800 1920   30.000   10.000
  1920 2040   30.000   15.000
  2040 2160   17.500    5.000
  2160 2280   12.000    5.000
  2280 2400   12.000    5.000
  2400 2520   13.000    5.000
  2520 2640    7.000    0.000
  2640 2760    6.000    5.000
  2760 2880    6.000   10.000
  2880 3000    7.000   10.000
  3000 3000    1.000    0.000

⚑ hard σ truth schedule
 start  end    speed      dir
     0  120   30.000    5.000
   120  240   35.000   25.000
   240  360   40.000   25.000
   360  480   50.000   15.000
   480  600   30.000    2.500
   600  720   38.000    5.000
   720  840   28.000    0.000
   840  960   30.000    0.000
   960 1080   30.000    0.000
  1080 1200   28.000    2.500
  1200 1320   28.000    5.000
  1320 1440   30.000   15.000
  1440 1560   30.000    5.000
  1560 1680   30.000    7.500
  1680 1800   30.000   10.000
  1800 1920   30.000   10.000
  1920 2040   30.000   15.000
  2040 2160   17.500    5.000
  2160 2280   12.000    5.000
  2280 2400   12.000    5.000
  2400 2520   13.000    5.000
  2520 2640    7.000    0.000
  2640 2760    6.000    5.000
  2760 2880    6.000   10.000
  2880 3000    7.000   10.000
  3000 3000    1.000    0.000
RUN SEED: 2326447626
Starting STRICT-MEAN-burned-buildings ICS simulation (headless)…
Using multi-phase propagation with wind schedule.
WildfireModel: Bounds: BoundingBox(left=-14935.007954473422, bottom=-13304.5080370525, right=14944.992045526578, top=13335.4919629475)
Checking Mesa Space Dimensions: Width = 49880.0, Height = 46640.0
Buffered Bounds: BoundingBox(left=-24935.00795447342, bottom=-23304.5080370525, right=24944.99204552658, top=23335.4919629475)
Original CRS: EPSG:26910
Available bases: [(20000, 20000)]
Corrected position: (20000, 20000)
[GC#01] spawned at cell (444, 498) with walk_ticks=1
[GC#02] spawned at cell (444, 498) with walk_ticks=1
[(0, 120, 4.5, 87.5), (120, 240, 8.5, 274.5), (240, 360, 9.5, 156.5), (360, 480, 7.5, 18.0), (480, 600, 15.5, 328.0), (600, 720, 15.5, 298.5), (720, 840, 10.0, 356.0), (840, 960, 9.0, 337.5), (960, 1080, 8.0, 284.0), (1080, 1200, 13.5, 253.5), (1200, 1320, 18.0, 232.0), (1320, 1440, 16.5, 300.0), (1440, 1560, 19.0, 297.5), (1560, 1680, 17.5, 266.0), (1680, 1800, 15.5, 336.5), (1800, 1920, 16.5, 30.5), (1920, 2040, 10.0, 332.0), (2040, 2160, 8.0, 283.0), (2160, 2280, 8.5, 343.0), (2280, 2400, 6.5, 342.5), (2400, 2520, 7.5, 247.0), (2520, 2640, 7.0, 242.0), (2640, 2760, 6.0, 235.0), (2760, 2880, 0.5, 275.0), (2880, 3000, 0.0, 247.5), (3000, 3000, 1.0, 106.0)]
Using multi-phase propagation with wind schedule.
[PRECOMPUTE] MEAN-schedule burned buildings per sector (final t=3000): [115, 2846, 2647, 259, 45, 3]  | total=5915
[ICS] open=[0, 1, 2, 3, 4, 5]  crew_order=[1, 2, 3, 0, 4, 5]  weights={0: 115.0, 1: 2846.0, 2: 2647.0, 3: 259.0, 4: 45.0, 5: 3.0}
simulating in place
no completed anchors found → making NEW dynamic START

— after _record_anchor(bdy=1, role=start, cell=(389, 543), by=None) —

=== boundary_anchors (NOW) ===
b00 start  — <none>
b00 finish — <none>
b01 start  rc=(389, 543)  t=240.0  completed=False  world=(1370.0, 1650.5)
b01 finish — <none>
b02 start  — <none>
b02 finish — <none>
b03 start  — <none>
b03 finish — <none>
b04 start  — <none>
b04 finish — <none>
b05 start  — <none>
b05 finish — <none>
=== end ===

— end dump —


— after _record_anchor(bdy=2, role=finish, cell=(389, 487), by=None) —

=== boundary_anchors (NOW) ===
b00 start  — <none>
b00 finish — <none>
b01 start  rc=(389, 543)  t=240.0  completed=False  world=(1370.0, 1650.5)
b01 finish — <none>
b02 start  — <none>
b02 finish rc=(389, 487)  t=240.0  completed=False  world=(-310.0, 1650.5)
b03 start  — <none>
b03 finish — <none>
b04 start  — <none>
b04 finish — <none>
b05 start  — <none>
b05 finish — <none>
=== end ===

— end dump —

[DEBUG] sector 1: start@bdy1 (389, 543)   finish@bdy2 (389, 487)
[GC#01] → sector 1  start (389, 543)  finish (389, 487)
no completed anchors found → making NEW dynamic START

— after _record_anchor(bdy=2, role=start, cell=(393, 490), by=None) —

=== boundary_anchors (NOW) ===
b00 start  — <none>
b00 finish — <none>
b01 start  rc=(389, 543)  t=240.0  completed=False  world=(1370.0, 1650.5)
b01 finish — <none>
b02 start  rc=(393, 490)  t=240.0  completed=False  world=(-220.0, 1530.5)
b02 finish rc=(389, 487)  t=240.0  completed=False  world=(-310.0, 1650.5)
b03 start  — <none>
b03 finish — <none>
b04 start  — <none>
b04 finish — <none>
b05 start  — <none>
b05 finish — <none>
=== end ===

— end dump —


— after _record_anchor(bdy=3, role=finish, cell=(438, 239), by=None) —

=== boundary_anchors (NOW) ===
b00 start  — <none>
b00 finish — <none>
b01 start  rc=(389, 543)  t=240.0  completed=False  world=(1370.0, 1650.5)
b01 finish — <none>
b02 start  rc=(393, 490)  t=240.0  completed=False  world=(-220.0, 1530.5)
b02 finish rc=(389, 487)  t=240.0  completed=False  world=(-310.0, 1650.5)
b03 start  — <none>
b03 finish rc=(438, 239)  t=240.0  completed=False  world=(-7750.0, 180.5)
b04 start  — <none>
b04 finish — <none>
b05 start  — <none>
b05 finish — <none>
=== end ===

— end dump —

[DEBUG] sector 2: start@bdy2 (393, 490)   finish@bdy3 (438, 239)
recording from register first pair

— after _record_anchor(bdy=2, role=start, cell=(365, 473), by=None) —

=== boundary_anchors (NOW) ===
b00 start  — <none>
b00 finish — <none>
b01 start  — <none>
b01 finish — <none>
b02 start  rc=(365, 473)  t=240.0  completed=False  world=(-730.0, 2370.5)
b02 finish — <none>
b03 start  — <none>
b03 finish — <none>
b04 start  — <none>
b04 finish — <none>
b05 start  — <none>
b05 finish — <none>
=== end ===

— end dump —

recording from register first pair

— after _record_anchor(bdy=1, role=finish, cell=(389, 543), by=None) —

=== boundary_anchors (NOW) ===
b00 start  — <none>
b00 finish — <none>
b01 start  — <none>
b01 finish rc=(389, 543)  t=240.0  completed=False  world=(1370.0, 1650.5)
b02 start  rc=(365, 473)  t=240.0  completed=False  world=(-730.0, 2370.5)
b02 finish — <none>
b03 start  — <none>
b03 finish — <none>
b04 start  — <none>
b04 finish — <none>
b05 start  — <none>
b05 finish — <none>
=== end ===

— end dump —

[SYNC] GC#01 sect1 START b2 (365, 473)  FINISH b1 (389, 543)
recording from register first pair

— after _record_anchor(bdy=3, role=finish, cell=(438, 325), by=None) —

=== boundary_anchors (NOW) ===
b00 start  — <none>
b00 finish — <none>
b01 start  — <none>
b01 finish rc=(389, 543)  t=240.0  completed=False  world=(1370.0, 1650.5)
b02 start  rc=(365, 473)  t=240.0  completed=False  world=(-730.0, 2370.5)
b02 finish — <none>
b03 start  — <none>
b03 finish rc=(438, 325)  t=240.0  completed=False  world=(-5170.0, 180.5)
b04 start  — <none>
b04 finish — <none>
b05 start  — <none>
b05 finish — <none>
=== end ===

— end dump —

[SYNC] GC#02 sect2 START b2 (365, 473)  FINISH b3 (438, 325)
[GC#02] → sector 2  start (365, 473)  finish (438, 325)
  → selected [ 750.96343831 1448.48967572] as drop point
Using multi-phase propagation with wind schedule.
DROP RAN
[DEBUG] AT#00  finished drop in sector 1 – notifying ground crews
  → selected [  68.54540584 1471.1032273 ] as drop point
Using multi-phase propagation with wind schedule.
DROP RAN
[DEBUG] AT#00  finished drop in sector 1 – notifying ground crews
[START] GC#02 using ANCHOR (unspecified source) → start (365, 473) on boundary 2
Start:  (365, 473)
Finish:  (438, 325)
[GC#02] WARNING: fire intercept at (428, 322) (burn_pen>0) – truncating path at idx 347.
[GC#02] fire-line length 348 cells (593.4 min; ABORTED EARLY)

— after _mark_anchor_completed(bdy=2, role=start, by=None) —

=== boundary_anchors (NOW) ===
b00 start  — <none>
b00 finish — <none>
b01 start  — <none>
b01 finish rc=(389, 543)  t=240.0  completed=False  world=(1370.0, 1650.5)
b02 start  rc=(365, 473)  t=240.0  completed=True  world=(-730.0, 2370.5)
b02 finish — <none>
b03 start  — <none>
b03 finish rc=(438, 325)  t=240.0  completed=False  world=(-5170.0, 180.5)
b04 start  — <none>
b04 finish — <none>
b05 start  — <none>
b05 finish — <none>
=== end ===

— end dump —


— after _mark_anchor_completed(bdy=3, role=finish, by=<groundcrew.GroundCrewAgent object at 0x000002263407A8D0>) —

=== boundary_anchors (NOW) ===
b00 start  — <none>
b00 finish — <none>
b01 start  — <none>
b01 finish rc=(389, 543)  t=240.0  completed=False  world=(1370.0, 1650.5)
b02 start  rc=(365, 473)  t=240.0  completed=True  world=(-730.0, 2370.5)
b02 finish — <none>
b03 start  — <none>
b03 finish rc=(438, 325)  t=240.0  completed=True  world=(-5170.0, 180.5)
b04 start  — <none>
b04 finish — <none>
b05 start  — <none>
b05 finish — <none>
=== end ===

— end dump —


— after _mark_anchor_uncompleted(bdy=3, role=finish, by=<groundcrew.GroundCrewAgent object at 0x000002263407A8D0>) —

=== boundary_anchors (NOW) ===
b00 start  — <none>
b00 finish — <none>
b01 start  — <none>
b01 finish rc=(389, 543)  t=240.0  completed=False  world=(1370.0, 1650.5)
b02 start  rc=(365, 473)  t=240.0  completed=True  world=(-730.0, 2370.5)
b02 finish — <none>
b03 start  — <none>
b03 finish rc=(438, 325)  t=240.0  completed=False  world=(-5170.0, 180.5)
b04 start  — <none>
b04 finish — <none>
b05 start  — <none>
b05 finish — <none>
=== end ===

— end dump —

[START] GC#01 using ANCHOR (unspecified source) → start (365, 473) on boundary 2
Start:  (365, 473)
Finish:  (389, 543)
[GC#01] fire-line length 123 cells (101.0 min; full plan)

— after _mark_anchor_completed(bdy=2, role=start, by=None) —

=== boundary_anchors (NOW) ===
b00 start  — <none>
b00 finish — <none>
b01 start  — <none>
b01 finish rc=(389, 543)  t=240.0  completed=False  world=(1370.0, 1650.5)
b02 start  rc=(365, 473)  t=240.0  completed=True  world=(-730.0, 2370.5)
b02 finish — <none>
b03 start  — <none>
b03 finish rc=(438, 325)  t=240.0  completed=False  world=(-5170.0, 180.5)
b04 start  — <none>
b04 finish — <none>
b05 start  — <none>
b05 finish — <none>
=== end ===

— end dump —


— after _mark_anchor_completed(bdy=1, role=finish, by=<groundcrew.GroundCrewAgent object at 0x0000022633F42C10>) —

=== boundary_anchors (NOW) ===
b00 start  — <none>
b00 finish — <none>
b01 start  — <none>
b01 finish rc=(389, 543)  t=240.0  completed=True  world=(1370.0, 1650.5)
b02 start  rc=(365, 473)  t=240.0  completed=True  world=(-730.0, 2370.5)
b02 finish — <none>
b03 start  — <none>
b03 finish rc=(438, 325)  t=240.0  completed=False  world=(-5170.0, 180.5)
b04 start  — <none>
b04 finish — <none>
b05 start  — <none>
b05 finish — <none>
=== end ===

— end dump —

Using multi-phase propagation with wind schedule.
[GC#01] updated fire after clearing batch
Using multi-phase propagation with wind schedule.
[GC#02] updated fire after clearing batch
Using multi-phase propagation with wind schedule.
[GC#02] updated fire after clearing batch
  → selected [-152.67648872 1213.1033804 ] as drop point
FLUSHED
FLUSHED
Using multi-phase propagation with wind schedule.
DROP RAN
[DEBUG] AT#00  finished drop in sector 1 – notifying ground crews
[DEBUG] GC#01  attempting re-plan… remaining path = 123 cells
[DEBUG] GC#01 start@(371, 505)  raw_arr=inf  now=346.0  mtt=nan  within_buffer=False
[START] GC#01 using NEW (buffered by planner) → start (371, 505) on boundary 2
Start:  (371, 505)
Finish:  (389, 543)
[GC#01] fire-line length 81 cells (69.8 min; full plan)
[DEBUG] GC#01  new path accepted (length 81, ETA 69.8 min)
Using multi-phase propagation with wind schedule.
[GC#01] updated fire after clearing batch
Using multi-phase propagation with wind schedule.
[GC#02] updated fire after clearing batch
Using multi-phase propagation with wind schedule.
[GC#01] updated fire after clearing batch
Applied action {'FireHercAgent': (2,), 'GroundCrewAgent': (2, 3)} at t=360 min
[ICS] open=[0, 1, 2, 3, 4, 5]  crew_order=[1, 2, 3, 0, 4, 5]  weights={0: 115.0, 1: 2846.0, 2: 2647.0, 3: 259.0, 4: 45.0, 5: 3.0}
simulating in place
Using multi-phase propagation with wind schedule.
[GC#02] updated fire after clearing batch
Using multi-phase propagation with wind schedule.
[GC#01] updated fire after clearing batch
  → selected [ 880.50058839 1697.3282258 ] as drop point
FLUSHED
FLUSHED
Using multi-phase propagation with wind schedule.
DROP RAN
[DEBUG] AT#00  finished drop in sector 1 – notifying ground crews
[DEBUG] GC#01  attempting re-plan… remaining path = 81 cells
[DEBUG] GC#01 start@(388, 539)  raw_arr=inf  now=392.0  mtt=nan  within_buffer=False
[START] GC#01 using NEW (buffered by planner) → start (388, 539) on boundary 2
Start:  (388, 539)
Finish:  (389, 543)
[GC#01] fire-line length 8 cells (6.5 min; full plan)
[DEBUG] GC#01  new path accepted (length 8, ETA 6.5 min)
Using multi-phase propagation with wind schedule.
[GC#01] updated fire after clearing batch
Sector contained  1

— after _mark_anchor_completed(bdy=2, role=start, by=None) —

=== boundary_anchors (NOW) ===
b00 start  — <none>
b00 finish — <none>
b01 start  — <none>
b01 finish rc=(389, 543)  t=240.0  completed=True  world=(1370.0, 1650.5)
b02 start  rc=(365, 473)  t=240.0  completed=True  world=(-730.0, 2370.5)
b02 finish — <none>
b03 start  — <none>
b03 finish rc=(438, 325)  t=240.0  completed=False  world=(-5170.0, 180.5)
b04 start  — <none>
b04 finish — <none>
b05 start  — <none>
b05 finish — <none>
=== end ===

— end dump —


— after _mark_anchor_completed(bdy=1, role=finish, by=None) —

=== boundary_anchors (NOW) ===
b00 start  — <none>
b00 finish — <none>
b01 start  — <none>
b01 finish rc=(389, 543)  t=240.0  completed=True  world=(1370.0, 1650.5)
b02 start  rc=(365, 473)  t=240.0  completed=True  world=(-730.0, 2370.5)
b02 finish — <none>
b03 start  — <none>
b03 finish rc=(438, 325)  t=240.0  completed=False  world=(-5170.0, 180.5)
b04 start  — <none>
b04 finish — <none>
b05 start  — <none>
b05 finish — <none>
=== end ===

— end dump —

[GC#01] Sector 1 contained → Standby
Using multi-phase propagation with wind schedule.
[GC#02] updated fire after clearing batch
  → selected [ 239.04024755 1793.26455604] as drop point
FLUSHED
Using multi-phase propagation with wind schedule.
DROP RAN
[DEBUG] AT#00  finished drop in sector 1 – notifying ground crews
Applied action {'FireHercAgent': (2,), 'GroundCrewAgent': (2, 3)} at t=480 min
[ICS] open=[0, 2, 3, 4, 5]  crew_order=[2, 3, 0, 4, 5]  weights={0: 115.0, 2: 2647.0, 3: 259.0, 4: 45.0, 5: 3.0}
simulating in place

— after _record_anchor(bdy=2, role=start, cell=(365, 473), by=None) —

=== boundary_anchors (NOW) ===
b00 start  — <none>
b00 finish — <none>
b01 start  — <none>
b01 finish rc=(389, 543)  t=240.0  completed=True  world=(1370.0, 1650.5)
b02 start  rc=(365, 473)  t=480.0  completed=False  world=(-730.0, 2370.5)
b02 finish — <none>
b03 start  — <none>
b03 finish rc=(438, 325)  t=240.0  completed=False  world=(-5170.0, 180.5)
b04 start  — <none>
b04 finish — <none>
b05 start  — <none>
b05 finish — <none>
=== end ===

— end dump —


— after _record_anchor(bdy=3, role=finish, cell=(438, 101), by=None) —

=== boundary_anchors (NOW) ===
b00 start  — <none>
b00 finish — <none>
b01 start  — <none>
b01 finish rc=(389, 543)  t=240.0  completed=True  world=(1370.0, 1650.5)
b02 start  rc=(365, 473)  t=480.0  completed=False  world=(-730.0, 2370.5)
b02 finish — <none>
b03 start  — <none>
b03 finish rc=(438, 101)  t=480.0  completed=False  world=(-11890.0, 180.5)
b04 start  — <none>
b04 finish — <none>
b05 start  — <none>
b05 finish — <none>
=== end ===

— end dump —

[DEBUG] sector 2: start@bdy2 (365, 473)   finish@bdy3 (438, 101)
[GC#01] → sector 2  start (365, 473)  finish (438, 101)
Using multi-phase propagation with wind schedule.
[GC#02] updated fire after clearing batch
  → selected [-653.00722244  358.02470114] as drop point
FLUSHED
Using multi-phase propagation with wind schedule.
DROP RAN
[DEBUG] AT#00  finished drop in sector 2 – notifying ground crews
[DEBUG] GC#02  attempting re-plan… remaining path = 348 cells
[DEBUG] GC#02 start@(353, 385)  raw_arr=inf  now=484.0  mtt=nan  within_buffer=False
[START] GC#02 using NEW (buffered by planner) → start (353, 385) on boundary 2
Start:  (353, 385)
Finish:  (438, 325)
[GC#02] fire-line length 188 cells (233.3 min; full plan)
[DEBUG] GC#02  new path accepted (length 188, ETA 233.3 min)
Using multi-phase propagation with wind schedule.
[GC#02] updated fire after clearing batch
  → selected [-1013.71589746   149.60740795] as drop point
FLUSHED
Using multi-phase propagation with wind schedule.
DROP RAN
[DEBUG] AT#00  finished drop in sector 2 – notifying ground crews
[DEBUG] GC#02  attempting re-plan… remaining path = 188 cells
[DEBUG] GC#02 start@(372, 363)  raw_arr=inf  now=531.0  mtt=nan  within_buffer=False
[START] GC#02 using NEW (buffered by planner) → start (372, 363) on boundary 2
Start:  (372, 363)
Finish:  (438, 325)
[GC#02] fire-line length 147 cells (182.2 min; full plan)
[DEBUG] GC#02  new path accepted (length 147, ETA 182.2 min)
Using multi-phase propagation with wind schedule.
[GC#02] updated fire after clearing batch
[START] GC#01 using ANCHOR (unspecified source) → start (365, 473) on boundary 2
Start:  (365, 473)
Finish:  (438, 101)
[GC#01] fire-line length 542 cells (545.2 min; full plan)

— after _mark_anchor_completed(bdy=2, role=start, by=None) —

=== boundary_anchors (NOW) ===
b00 start  — <none>
b00 finish — <none>
b01 start  — <none>
b01 finish rc=(389, 543)  t=240.0  completed=True  world=(1370.0, 1650.5)
b02 start  rc=(365, 473)  t=480.0  completed=True  world=(-730.0, 2370.5)
b02 finish — <none>
b03 start  — <none>
b03 finish rc=(438, 101)  t=480.0  completed=False  world=(-11890.0, 180.5)
b04 start  — <none>
b04 finish — <none>
b05 start  — <none>
b05 finish — <none>
=== end ===

— end dump —


— after _mark_anchor_completed(bdy=3, role=finish, by=<groundcrew.GroundCrewAgent object at 0x0000022633F42C10>) —

=== boundary_anchors (NOW) ===
b00 start  — <none>
b00 finish — <none>
b01 start  — <none>
b01 finish rc=(389, 543)  t=240.0  completed=True  world=(1370.0, 1650.5)
b02 start  rc=(365, 473)  t=480.0  completed=True  world=(-730.0, 2370.5)
b02 finish — <none>
b03 start  — <none>
b03 finish rc=(438, 101)  t=480.0  completed=True  world=(-11890.0, 180.5)
b04 start  — <none>
b04 finish — <none>
b05 start  — <none>
b05 finish — <none>
=== end ===

— end dump —

Using multi-phase propagation with wind schedule.
[GC#01] updated fire after clearing batch
Using multi-phase propagation with wind schedule.
[GC#01] updated fire after clearing batch
Using multi-phase propagation with wind schedule.
[GC#01] updated fire after clearing batch
  → selected [-1446.1517075    337.20278772] as drop point
FLUSHED
Using multi-phase propagation with wind schedule.
DROP RAN
[DEBUG] AT#00  finished drop in sector 2 – notifying ground crews
[DEBUG] GC#02  attempting re-plan… remaining path = 147 cells
[DEBUG] GC#02 start@(384, 328)  raw_arr=inf  now=577.0  mtt=nan  within_buffer=False
[START] GC#02 using NEW (buffered by planner) → start (384, 328) on boundary 2
Start:  (384, 328)
Finish:  (438, 325)
[GC#02] fire-line length 100 cells (132.6 min; full plan)
[DEBUG] GC#02  new path accepted (length 100, ETA 132.6 min)
[DEBUG] GC#01  attempting re-plan… remaining path = 542 cells
[DEBUG] GC#01 start@(385, 327)  raw_arr=inf  now=577.0  mtt=nan  within_buffer=False
[START] GC#01 using NEW (buffered by planner) → start (385, 327) on boundary 2
Start:  (385, 327)
Finish:  (438, 101)
[GC#01] fire-line length 298 cells (516.6 min; full plan)
[DEBUG] GC#01  new path accepted (length 298, ETA 516.6 min)
Applied action {'FireHercAgent': (3,), 'GroundCrewAgent': (3, 4)} at t=600 min
[ICS] open=[0, 2, 3, 4, 5]  crew_order=[2, 3, 0, 4, 5]  weights={0: 115.0, 2: 2647.0, 3: 259.0, 4: 45.0, 5: 3.0}
simulating in place
Using multi-phase propagation with wind schedule.
[GC#02] updated fire after clearing batch
Using multi-phase propagation with wind schedule.
[GC#01] updated fire after clearing batch
  → selected [-1530.39685002   993.64256707] as drop point
FLUSHED
FLUSHED
Using multi-phase propagation with wind schedule.
DROP RAN
[DEBUG] AT#00  finished drop in sector 2 – notifying ground crews
[DEBUG] GC#02  attempting re-plan… remaining path = 100 cells
[DEBUG] GC#02 start@(408, 305)  raw_arr=inf  now=624.0  mtt=nan  within_buffer=False
[START] GC#02 using NEW (buffered by planner) → start (408, 305) on boundary 2
Start:  (408, 305)
Finish:  (438, 325)
[GC#02] fire-line length 59 cells (92.9 min; full plan)
[DEBUG] GC#02  new path accepted (length 59, ETA 92.9 min)
[DEBUG] GC#01  attempting re-plan… remaining path = 298 cells
[DEBUG] GC#01 start@(388, 303)  raw_arr=inf  now=624.0  mtt=nan  within_buffer=False
[START] GC#01 using NEW (buffered by planner) → start (388, 303) on boundary 2
Start:  (388, 303)
Finish:  (438, 101)
[GC#01] fire-line length 271 cells (466.0 min; full plan)
[DEBUG] GC#01  new path accepted (length 271, ETA 466.0 min)
Using multi-phase propagation with wind schedule.
[GC#02] updated fire after clearing batch
Using multi-phase propagation with wind schedule.
[GC#01] updated fire after clearing batch
  → selected [-2619.03676595   130.05953508] as drop point
FLUSHED
FLUSHED
Using multi-phase propagation with wind schedule.
DROP RAN
[DEBUG] AT#00  finished drop in sector 2 – notifying ground crews
[DEBUG] GC#02  attempting re-plan… remaining path = 59 cells
[DEBUG] GC#02 start@(423, 316)  raw_arr=inf  now=669.0  mtt=nan  within_buffer=False
[START] GC#02 using NEW (buffered by planner) → start (423, 316) on boundary 2
Start:  (423, 316)
Finish:  (438, 325)
[GC#02] fire-line length 27 cells (37.2 min; full plan)
[DEBUG] GC#02  new path accepted (length 27, ETA 37.2 min)
[DEBUG] GC#01  attempting re-plan… remaining path = 271 cells
[DEBUG] GC#01 start@(385, 277)  raw_arr=inf  now=669.0  mtt=nan  within_buffer=False
[START] GC#01 using NEW (buffered by planner) → start (385, 277) on boundary 2
Start:  (385, 277)
Finish:  (438, 101)
[GC#01] fire-line length 238 cells (416.7 min; full plan)
[DEBUG] GC#01  new path accepted (length 238, ETA 416.7 min)
Using multi-phase propagation with wind schedule.
[GC#01] updated fire after clearing batch
Using multi-phase propagation with wind schedule.
[GC#02] updated fire after clearing batch
Using multi-phase propagation with wind schedule.
[GC#02] updated fire after clearing batch
Sector contained  2

— after _mark_anchor_completed(bdy=2, role=start, by=None) —

=== boundary_anchors (NOW) ===
b00 start  — <none>
b00 finish — <none>
b01 start  — <none>
b01 finish rc=(389, 543)  t=240.0  completed=True  world=(1370.0, 1650.5)
b02 start  rc=(365, 473)  t=480.0  completed=True  world=(-730.0, 2370.5)
b02 finish — <none>
b03 start  — <none>
b03 finish rc=(438, 101)  t=480.0  completed=True  world=(-11890.0, 180.5)
b04 start  — <none>
b04 finish — <none>
b05 start  — <none>
b05 finish — <none>
=== end ===

— end dump —


— after _mark_anchor_completed(bdy=3, role=finish, by=None) —

=== boundary_anchors (NOW) ===
b00 start  — <none>
b00 finish — <none>
b01 start  — <none>
b01 finish rc=(389, 543)  t=240.0  completed=True  world=(1370.0, 1650.5)
b02 start  rc=(365, 473)  t=480.0  completed=True  world=(-730.0, 2370.5)
b02 finish — <none>
b03 start  — <none>
b03 finish rc=(438, 101)  t=480.0  completed=True  world=(-11890.0, 180.5)
b04 start  — <none>
b04 finish — <none>
b05 start  — <none>
b05 finish — <none>
=== end ===

— end dump —

[GC#02] Sector 2 contained → Standby
  → selected [-2880.52715242   395.37777219] as drop point
FLUSHED
Using multi-phase propagation with wind schedule.
DROP RAN
[DEBUG] AT#00  finished drop in sector 2 – notifying ground crews
[DEBUG] GC#01  attempting re-plan… remaining path = 238 cells
[DEBUG] GC#01 start@(387, 246)  raw_arr=inf  now=715.0  mtt=nan  within_buffer=False
[START] GC#01 using NEW (buffered by planner) → start (387, 246) on boundary 2
Start:  (387, 246)
Finish:  (438, 101)
[GC#01] fire-line length 227 cells (708.6 min; full plan)
[DEBUG] GC#01  new path accepted (length 227, ETA 708.6 min)
Applied action {'FireHercAgent': (3,), 'GroundCrewAgent': (3, 4)} at t=720 min
[ICS] open=[0, 3, 4, 5]  crew_order=[3, 0, 4, 5]  weights={0: 115.0, 3: 259.0, 4: 45.0, 5: 3.0}
simulating in place

— after _record_anchor(bdy=3, role=start, cell=(438, 101), by=None) —

=== boundary_anchors (NOW) ===
b00 start  — <none>
b00 finish — <none>
b01 start  — <none>
b01 finish rc=(389, 543)  t=240.0  completed=True  world=(1370.0, 1650.5)
b02 start  rc=(365, 473)  t=480.0  completed=True  world=(-730.0, 2370.5)
b02 finish — <none>
b03 start  rc=(438, 101)  t=720.0  completed=False  world=(-11890.0, 180.5)
b03 finish rc=(438, 101)  t=480.0  completed=True  world=(-11890.0, 180.5)
b04 start  — <none>
b04 finish — <none>
b05 start  — <none>
b05 finish — <none>
=== end ===

— end dump —


— after _record_anchor(bdy=4, role=finish, cell=(712, 357), by=None) —

=== boundary_anchors (NOW) ===
b00 start  — <none>
b00 finish — <none>
b01 start  — <none>
b01 finish rc=(389, 543)  t=240.0  completed=True  world=(1370.0, 1650.5)
b02 start  rc=(365, 473)  t=480.0  completed=True  world=(-730.0, 2370.5)
b02 finish — <none>
b03 start  rc=(438, 101)  t=720.0  completed=False  world=(-11890.0, 180.5)
b03 finish rc=(438, 101)  t=480.0  completed=True  world=(-11890.0, 180.5)
b04 start  — <none>
b04 finish rc=(712, 357)  t=720.0  completed=False  world=(-4210.0, -8039.5)
b05 start  — <none>
b05 finish — <none>
=== end ===

— end dump —

[DEBUG] sector 3: start@bdy3 (438, 101)   finish@bdy4 (712, 357)
[GC#02] → sector 3  start (438, 101)  finish (712, 357)
  → selected [3256.69783924 1040.75086149] as drop point
FLUSHED
Using multi-phase propagation with wind schedule.
DROP RAN
[DEBUG] AT#00  finished drop in sector 0 – notifying ground crews
  → selected [1705.38038473 2684.5670145 ] as drop point
FLUSHED
Using multi-phase propagation with wind schedule.
DROP RAN
[DEBUG] AT#00  finished drop in sector 0 – notifying ground crews
Applied action {'FireHercAgent': (1,), 'GroundCrewAgent': (4, 1)} at t=840 min
[ICS] open=[0, 3, 4, 5]  crew_order=[3, 0, 4, 5]  weights={0: 115.0, 3: 259.0, 4: 45.0, 5: 3.0}
simulating in place
  → selected [-4353.9465374   -174.82340566] as drop point
FLUSHED
Using multi-phase propagation with wind schedule.
DROP RAN
[DEBUG] AT#00  finished drop in sector 3 – notifying ground crews
  → selected [-5228.48388525  -213.00653088] as drop point
FLUSHED
Using multi-phase propagation with wind schedule.
DROP RAN
[DEBUG] AT#00  finished drop in sector 3 – notifying ground crews
[START] GC#02 using ANCHOR (unspecified source) → start (438, 101) on boundary 3
Start:  (438, 101)
Finish:  (712, 357)
[GC#02] fire-line length 547 cells (326.8 min; full plan)

— after _mark_anchor_completed(bdy=3, role=start, by=None) —

=== boundary_anchors (NOW) ===
b00 start  — <none>
b00 finish — <none>
b01 start  — <none>
b01 finish rc=(389, 543)  t=240.0  completed=True  world=(1370.0, 1650.5)
b02 start  rc=(365, 473)  t=480.0  completed=True  world=(-730.0, 2370.5)
b02 finish — <none>
b03 start  rc=(438, 101)  t=720.0  completed=True  world=(-11890.0, 180.5)
b03 finish rc=(438, 101)  t=480.0  completed=True  world=(-11890.0, 180.5)
b04 start  — <none>
b04 finish rc=(712, 357)  t=720.0  completed=False  world=(-4210.0, -8039.5)
b05 start  — <none>
b05 finish — <none>
=== end ===

— end dump —


— after _mark_anchor_completed(bdy=4, role=finish, by=<groundcrew.GroundCrewAgent object at 0x000002263407A8D0>) —

=== boundary_anchors (NOW) ===
b00 start  — <none>
b00 finish — <none>
b01 start  — <none>
b01 finish rc=(389, 543)  t=240.0  completed=True  world=(1370.0, 1650.5)
b02 start  rc=(365, 473)  t=480.0  completed=True  world=(-730.0, 2370.5)
b02 finish — <none>
b03 start  rc=(438, 101)  t=720.0  completed=True  world=(-11890.0, 180.5)
b03 finish rc=(438, 101)  t=480.0  completed=True  world=(-11890.0, 180.5)
b04 start  — <none>
b04 finish rc=(712, 357)  t=720.0  completed=True  world=(-4210.0, -8039.5)
b05 start  — <none>
b05 finish — <none>
=== end ===

— end dump —

  → selected [-6130.46753231  -792.25661432] as drop point
FLUSHED
FLUSHED
Using multi-phase propagation with wind schedule.
DROP RAN
[DEBUG] AT#00  finished drop in sector 3 – notifying ground crews
[DEBUG] GC#02  attempting re-plan… remaining path = 547 cells
[DEBUG] GC#02 start@(439, 101)  raw_arr=inf  now=956.0  mtt=nan  within_buffer=False
[START] GC#02 using NEW (buffered by planner) → start (439, 101) on boundary 3
Start:  (439, 101)
Finish:  (712, 357)
[GC#02] fire-line length 546 cells (307.9 min; full plan)
[DEBUG] GC#02  new path accepted (length 546, ETA 307.9 min)
Applied action {'FireHercAgent': (4,), 'GroundCrewAgent': (4, 1)} at t=960 min
[ICS] open=[0, 3, 4, 5]  crew_order=[3, 0, 4, 5]  weights={0: 115.0, 3: 259.0, 4: 45.0, 5: 3.0}
simulating in place
  → selected [-6533.93696992 -2046.22443619] as drop point
FLUSHED
FLUSHED
Using multi-phase propagation with wind schedule.
DROP RAN
[DEBUG] AT#00  finished drop in sector 3 – notifying ground crews
[DEBUG] GC#02  attempting re-plan… remaining path = 546 cells
[DEBUG] GC#02 start@(450, 98)  raw_arr=inf  now=1001.0  mtt=nan  within_buffer=False
[START] GC#02 using NEW (buffered by planner) → start (450, 98) on boundary 3
Start:  (450, 98)
Finish:  (712, 357)
[GC#02] fire-line length 532 cells (260.8 min; full plan)
[DEBUG] GC#02  new path accepted (length 532, ETA 260.8 min)
  → selected [-6458.69000863  -835.46792309] as drop point
FLUSHED
FLUSHED
Using multi-phase propagation with wind schedule.
DROP RAN
[DEBUG] AT#00  finished drop in sector 3 – notifying ground crews
[DEBUG] GC#02  attempting re-plan… remaining path = 532 cells
[DEBUG] GC#02 start@(460, 98)  raw_arr=inf  now=1047.0  mtt=nan  within_buffer=False
[START] GC#02 using NEW (buffered by planner) → start (460, 98) on boundary 3
Start:  (460, 98)
Finish:  (712, 357)
[GC#02] fire-line length 522 cells (213.7 min; full plan)
[DEBUG] GC#02  new path accepted (length 522, ETA 213.7 min)
Applied action {'FireHercAgent': (4,), 'GroundCrewAgent': (4, 1)} at t=1080 min
[ICS] open=[0, 3, 4, 5]  crew_order=[3, 0, 4, 5]  weights={0: 115.0, 3: 259.0, 4: 45.0, 5: 3.0}
simulating in place
  → selected [-6783.21249267 -2124.82070661] as drop point
FLUSHED
FLUSHED
Using multi-phase propagation with wind schedule.
DROP RAN
[DEBUG] AT#00  finished drop in sector 3 – notifying ground crews
[DEBUG] GC#02  attempting re-plan… remaining path = 522 cells
[DEBUG] GC#02 start@(476, 104)  raw_arr=inf  now=1094.0  mtt=nan  within_buffer=False
[START] GC#02 using NEW (buffered by planner) → start (476, 104) on boundary 3
Start:  (476, 104)
Finish:  (712, 357)
[GC#02] fire-line length 500 cells (164.8 min; full plan)
[DEBUG] GC#02  new path accepted (length 500, ETA 164.8 min)
Using multi-phase propagation with wind schedule.
[GC#02] updated fire after clearing batch
Using multi-phase propagation with wind schedule.
[GC#02] updated fire after clearing batch
Using multi-phase propagation with wind schedule.
[GC#02] updated fire after clearing batch
  → selected [-6556.73756745  -270.99933907] as drop point
FLUSHED
FLUSHED
Using multi-phase propagation with wind schedule.
DROP RAN
[DEBUG] AT#00  finished drop in sector 3 – notifying ground crews
[DEBUG] GC#02  attempting re-plan… remaining path = 500 cells
[DEBUG] GC#02 start@(510, 146)  raw_arr=inf  now=1141.0  mtt=nan  within_buffer=False
[START] GC#02 using NEW (buffered by planner) → start (510, 146) on boundary 3
Start:  (510, 146)
Finish:  (712, 357)
[GC#02] fire-line length 424 cells (113.0 min; full plan)
[DEBUG] GC#02  new path accepted (length 424, ETA 113.0 min)
Using multi-phase propagation with wind schedule.
[GC#02] updated fire after clearing batch
  → selected [-6819.64051447  -882.98795869] as drop point
FLUSHED
FLUSHED
Using multi-phase propagation with wind schedule.
DROP RAN
[DEBUG] AT#00  finished drop in sector 3 – notifying ground crews
[DEBUG] GC#02  attempting re-plan… remaining path = 424 cells
[DEBUG] GC#02 start@(532, 173)  raw_arr=inf  now=1188.0  mtt=nan  within_buffer=False
[START] GC#02 using NEW (buffered by planner) → start (532, 173) on boundary 3
Start:  (532, 173)
Finish:  (712, 357)
[GC#02] fire-line length 377 cells (47.1 min; full plan)
[DEBUG] GC#02  new path accepted (length 377, ETA 47.1 min)
Using multi-phase propagation with wind schedule.
[GC#02] updated fire after clearing batch
Applied action {'FireHercAgent': (4,), 'GroundCrewAgent': (4, 1)} at t=1200 min
[ICS] open=[0, 3, 4, 5]  crew_order=[3, 0, 4, 5]  weights={0: 115.0, 3: 259.0, 4: 45.0, 5: 3.0}
simulating in place
Using multi-phase propagation with wind schedule.
[GC#02] updated fire after clearing batch
Using multi-phase propagation with wind schedule.
[GC#02] updated fire after clearing batch
Using multi-phase propagation with wind schedule.
[GC#02] updated fire after clearing batch
Using multi-phase propagation with wind schedule.
[GC#02] updated fire after clearing batch
Using multi-phase propagation with wind schedule.
[GC#02] updated fire after clearing batch
Using multi-phase propagation with wind schedule.
[GC#02] updated fire after clearing batch
Using multi-phase propagation with wind schedule.
[GC#02] updated fire after clearing batch
Using multi-phase propagation with wind schedule.
[GC#02] updated fire after clearing batch
Using multi-phase propagation with wind schedule.
[GC#02] updated fire after clearing batch
Using multi-phase propagation with wind schedule.
[GC#02] updated fire after clearing batch
Using multi-phase propagation with wind schedule.
[GC#02] updated fire after clearing batch
Using multi-phase propagation with wind schedule.
[GC#02] updated fire after clearing batch
Using multi-phase propagation with wind schedule.
[GC#01] updated fire after clearing batch
  → selected [2306.44451347 3628.04870829] as drop point
FLUSHED
FLUSHED
Using multi-phase propagation with wind schedule.
DROP RAN
[DEBUG] AT#00  finished drop in sector 0 – notifying ground crews
Using multi-phase propagation with wind schedule.
[GC#02] updated fire after clearing batch
Sector contained  3

— after _mark_anchor_completed(bdy=3, role=start, by=None) —

=== boundary_anchors (NOW) ===
b00 start  — <none>
b00 finish — <none>
b01 start  — <none>
b01 finish rc=(389, 543)  t=240.0  completed=True  world=(1370.0, 1650.5)
b02 start  rc=(365, 473)  t=480.0  completed=True  world=(-730.0, 2370.5)
b02 finish — <none>
b03 start  rc=(438, 101)  t=720.0  completed=True  world=(-11890.0, 180.5)
b03 finish rc=(438, 101)  t=480.0  completed=True  world=(-11890.0, 180.5)
b04 start  — <none>
b04 finish rc=(712, 357)  t=720.0  completed=True  world=(-4210.0, -8039.5)
b05 start  — <none>
b05 finish — <none>
=== end ===

— end dump —


— after _mark_anchor_completed(bdy=4, role=finish, by=None) —

=== boundary_anchors (NOW) ===
b00 start  — <none>
b00 finish — <none>
b01 start  — <none>
b01 finish rc=(389, 543)  t=240.0  completed=True  world=(1370.0, 1650.5)
b02 start  rc=(365, 473)  t=480.0  completed=True  world=(-730.0, 2370.5)
b02 finish — <none>
b03 start  rc=(438, 101)  t=720.0  completed=True  world=(-11890.0, 180.5)
b03 finish rc=(438, 101)  t=480.0  completed=True  world=(-11890.0, 180.5)
b04 start  — <none>
b04 finish rc=(712, 357)  t=720.0  completed=True  world=(-4210.0, -8039.5)
b05 start  — <none>
b05 finish — <none>
=== end ===

— end dump —

[GC#02] Sector 3 contained → Standby
  → selected [4370.98579953  206.11536698] as drop point
FLUSHED
Using multi-phase propagation with wind schedule.
DROP RAN
[DEBUG] AT#00  finished drop in sector 0 – notifying ground crews
Applied action {'FireHercAgent': (1,), 'GroundCrewAgent': (4, 1)} at t=1320 min
[ICS] open=[0, 4, 5]  crew_order=[0, 4, 5]  weights={0: 115.0, 4: 45.0, 5: 3.0}
simulating in place

— after _record_anchor(bdy=1, role=start, cell=(389, 543), by=None) —

=== boundary_anchors (NOW) ===
b00 start  — <none>
b00 finish — <none>
b01 start  rc=(389, 543)  t=1320.0  completed=False  world=(1370.0, 1650.5)
b01 finish rc=(389, 543)  t=240.0  completed=True  world=(1370.0, 1650.5)
b02 start  rc=(365, 473)  t=480.0  completed=True  world=(-730.0, 2370.5)
b02 finish — <none>
b03 start  rc=(438, 101)  t=720.0  completed=True  world=(-11890.0, 180.5)
b03 finish rc=(438, 101)  t=480.0  completed=True  world=(-11890.0, 180.5)
b04 start  — <none>
b04 finish rc=(712, 357)  t=720.0  completed=True  world=(-4210.0, -8039.5)
b05 start  — <none>
b05 finish — <none>
=== end ===

— end dump —


— after _record_anchor(bdy=0, role=finish, cell=(438, 861), by=None) —

=== boundary_anchors (NOW) ===
b00 start  — <none>
b00 finish rc=(438, 861)  t=1320.0  completed=False  world=(10910.0, 180.5)
b01 start  rc=(389, 543)  t=1320.0  completed=False  world=(1370.0, 1650.5)
b01 finish rc=(389, 543)  t=240.0  completed=True  world=(1370.0, 1650.5)
b02 start  rc=(365, 473)  t=480.0  completed=True  world=(-730.0, 2370.5)
b02 finish — <none>
b03 start  rc=(438, 101)  t=720.0  completed=True  world=(-11890.0, 180.5)
b03 finish rc=(438, 101)  t=480.0  completed=True  world=(-11890.0, 180.5)
b04 start  — <none>
b04 finish rc=(712, 357)  t=720.0  completed=True  world=(-4210.0, -8039.5)
b05 start  — <none>
b05 finish — <none>
=== end ===

— end dump —

[DEBUG] sector 0: start@bdy1 (389, 543)   finish@bdy0 (438, 861)
[GC#02] → sector 0  start (389, 543)  finish (438, 861)
  → selected [4148.47508902  560.99185433] as drop point
FLUSHED
Using multi-phase propagation with wind schedule.
DROP RAN
[DEBUG] AT#00  finished drop in sector 0 – notifying ground crews
Using multi-phase propagation with wind schedule.
[GC#01] updated fire after clearing batch
  → selected [2556.29636393 4020.23755439] as drop point
FLUSHED
Using multi-phase propagation with wind schedule.
DROP RAN
[DEBUG] AT#00  finished drop in sector 0 – notifying ground crews
  → selected [2861.61056131 3738.30969324] as drop point
FLUSHED
Using multi-phase propagation with wind schedule.
DROP RAN
[DEBUG] AT#00  finished drop in sector 0 – notifying ground crews
Sector contained  2

— after _mark_anchor_completed(bdy=2, role=start, by=None) —

=== boundary_anchors (NOW) ===
b00 start  — <none>
b00 finish rc=(438, 861)  t=1320.0  completed=False  world=(10910.0, 180.5)
b01 start  rc=(389, 543)  t=1320.0  completed=False  world=(1370.0, 1650.5)
b01 finish rc=(389, 543)  t=240.0  completed=True  world=(1370.0, 1650.5)
b02 start  rc=(365, 473)  t=480.0  completed=True  world=(-730.0, 2370.5)
b02 finish — <none>
b03 start  rc=(438, 101)  t=720.0  completed=True  world=(-11890.0, 180.5)
b03 finish rc=(438, 101)  t=480.0  completed=True  world=(-11890.0, 180.5)
b04 start  — <none>
b04 finish rc=(712, 357)  t=720.0  completed=True  world=(-4210.0, -8039.5)
b05 start  — <none>
b05 finish — <none>
=== end ===

— end dump —


— after _mark_anchor_completed(bdy=3, role=finish, by=None) —

=== boundary_anchors (NOW) ===
b00 start  — <none>
b00 finish rc=(438, 861)  t=1320.0  completed=False  world=(10910.0, 180.5)
b01 start  rc=(389, 543)  t=1320.0  completed=False  world=(1370.0, 1650.5)
b01 finish rc=(389, 543)  t=240.0  completed=True  world=(1370.0, 1650.5)
b02 start  rc=(365, 473)  t=480.0  completed=True  world=(-730.0, 2370.5)
b02 finish — <none>
b03 start  rc=(438, 101)  t=720.0  completed=True  world=(-11890.0, 180.5)
b03 finish rc=(438, 101)  t=480.0  completed=True  world=(-11890.0, 180.5)
b04 start  — <none>
b04 finish rc=(712, 357)  t=720.0  completed=True  world=(-4210.0, -8039.5)
b05 start  — <none>
b05 finish — <none>
=== end ===

— end dump —

[GC#01] Sector 2 contained → Standby
Applied action {'FireHercAgent': (1,), 'GroundCrewAgent': (1, 5)} at t=1440 min
[ICS] open=[0, 4, 5]  crew_order=[0, 4, 5]  weights={0: 115.0, 4: 45.0, 5: 3.0}
simulating in place

— after _record_anchor(bdy=1, role=start, cell=(389, 543), by=None) —

=== boundary_anchors (NOW) ===
b00 start  — <none>
b00 finish rc=(438, 861)  t=1320.0  completed=False  world=(10910.0, 180.5)
b01 start  rc=(389, 543)  t=1440.0  completed=False  world=(1370.0, 1650.5)
b01 finish rc=(389, 543)  t=240.0  completed=True  world=(1370.0, 1650.5)
b02 start  rc=(365, 473)  t=480.0  completed=True  world=(-730.0, 2370.5)
b02 finish — <none>
b03 start  rc=(438, 101)  t=720.0  completed=True  world=(-11890.0, 180.5)
b03 finish rc=(438, 101)  t=480.0  completed=True  world=(-11890.0, 180.5)
b04 start  — <none>
b04 finish rc=(712, 357)  t=720.0  completed=True  world=(-4210.0, -8039.5)
b05 start  — <none>
b05 finish — <none>
=== end ===

— end dump —


— after _record_anchor(bdy=0, role=finish, cell=(438, 872), by=None) —

=== boundary_anchors (NOW) ===
b00 start  — <none>
b00 finish rc=(438, 872)  t=1440.0  completed=False  world=(11240.0, 180.5)
b01 start  rc=(389, 543)  t=1440.0  completed=False  world=(1370.0, 1650.5)
b01 finish rc=(389, 543)  t=240.0  completed=True  world=(1370.0, 1650.5)
b02 start  rc=(365, 473)  t=480.0  completed=True  world=(-730.0, 2370.5)
b02 finish — <none>
b03 start  rc=(438, 101)  t=720.0  completed=True  world=(-11890.0, 180.5)
b03 finish rc=(438, 101)  t=480.0  completed=True  world=(-11890.0, 180.5)
b04 start  — <none>
b04 finish rc=(712, 357)  t=720.0  completed=True  world=(-4210.0, -8039.5)
b05 start  — <none>
b05 finish — <none>
=== end ===

— end dump —

[DEBUG] sector 0: start@bdy1 (389, 543)   finish@bdy0 (438, 872)
[GC#01] → sector 0  start (389, 543)  finish (438, 872)
  → selected [2759.23466176 4338.78687353] as drop point
Using multi-phase propagation with wind schedule.
DROP RAN
[DEBUG] AT#00  finished drop in sector 0 – notifying ground crews
  → selected [3076.82591694 4018.78380533] as drop point
Using multi-phase propagation with wind schedule.
DROP RAN
[DEBUG] AT#00  finished drop in sector 0 – notifying ground crews
  → selected [2955.23694139 4646.44882495] as drop point
Using multi-phase propagation with wind schedule.
DROP RAN
[DEBUG] AT#00  finished drop in sector 0 – notifying ground crews
Applied action {'FireHercAgent': (1,), 'GroundCrewAgent': (1, 5)} at t=1560 min
[ICS] open=[0, 4, 5]  crew_order=[0, 4, 5]  weights={0: 115.0, 4: 45.0, 5: 3.0}
simulating in place
  → selected [ 2748.27570196 -5254.30691027] as drop point
Using multi-phase propagation with wind schedule.
DROP RAN
[DEBUG] AT#00  finished drop in sector 4 – notifying ground crews
[START] GC#02 using ANCHOR (unspecified source) → start (389, 543) on boundary 1
Start:  (389, 543)
Finish:  (438, 861)
[GC#02] fire-line length 1814 cells (964.0 min; full plan)

— after _mark_anchor_completed(bdy=1, role=start, by=None) —

=== boundary_anchors (NOW) ===
b00 start  — <none>
b00 finish rc=(438, 872)  t=1440.0  completed=False  world=(11240.0, 180.5)
b01 start  rc=(389, 543)  t=1440.0  completed=True  world=(1370.0, 1650.5)
b01 finish rc=(389, 543)  t=240.0  completed=True  world=(1370.0, 1650.5)
b02 start  rc=(365, 473)  t=480.0  completed=True  world=(-730.0, 2370.5)
b02 finish — <none>
b03 start  rc=(438, 101)  t=720.0  completed=True  world=(-11890.0, 180.5)
b03 finish rc=(438, 101)  t=480.0  completed=True  world=(-11890.0, 180.5)
b04 start  — <none>
b04 finish rc=(712, 357)  t=720.0  completed=True  world=(-4210.0, -8039.5)
b05 start  — <none>
b05 finish — <none>
=== end ===

— end dump —


— after _mark_anchor_completed(bdy=0, role=finish, by=<groundcrew.GroundCrewAgent object at 0x000002263407A8D0>) —

=== boundary_anchors (NOW) ===
b00 start  — <none>
b00 finish rc=(438, 872)  t=1440.0  completed=True  world=(11240.0, 180.5)
b01 start  rc=(389, 543)  t=1440.0  completed=True  world=(1370.0, 1650.5)
b01 finish rc=(389, 543)  t=240.0  completed=True  world=(1370.0, 1650.5)
b02 start  rc=(365, 473)  t=480.0  completed=True  world=(-730.0, 2370.5)
b02 finish — <none>
b03 start  rc=(438, 101)  t=720.0  completed=True  world=(-11890.0, 180.5)
b03 finish rc=(438, 101)  t=480.0  completed=True  world=(-11890.0, 180.5)
b04 start  — <none>
b04 finish rc=(712, 357)  t=720.0  completed=True  world=(-4210.0, -8039.5)
b05 start  — <none>
b05 finish — <none>
=== end ===

— end dump —

Using multi-phase propagation with wind schedule.
[GC#02] updated fire after clearing batch
Using multi-phase propagation with wind schedule.
[GC#02] updated fire after clearing batch
Using multi-phase propagation with wind schedule.
[GC#02] updated fire after clearing batch
  → selected [ -941.90663357 -7176.91757315] as drop point
FLUSHED
Using multi-phase propagation with wind schedule.
DROP RAN
[DEBUG] AT#00  finished drop in sector 4 – notifying ground crews
Applied action {'FireHercAgent': (5,), 'GroundCrewAgent': (1, 5)} at t=1680 min
[ICS] open=[0, 4, 5]  crew_order=[0, 4, 5]  weights={0: 115.0, 4: 45.0, 5: 3.0}
simulating in place
  → selected [4100.21409626 4484.64260068] as drop point
FLUSHED
Using multi-phase propagation with wind schedule.
DROP RAN
[DEBUG] AT#00  finished drop in sector 0 – notifying ground crews
[DEBUG] GC#02  attempting re-plan… remaining path = 1814 cells
[DEBUG] GC#02 start@(356, 256)  raw_arr=inf  now=1702.0  mtt=nan  within_buffer=False
[START] GC#02 using NEW (buffered by planner) → start (356, 256) on boundary 1
Start:  (356, 256)
Finish:  (438, 861)
[GC#02] fire-line length 1370 cells (905.1 min; full plan)
[DEBUG] GC#02  new path accepted (length 1370, ETA 905.1 min)
  → selected [4621.32212259 2956.41856911] as drop point
FLUSHED
Using multi-phase propagation with wind schedule.
DROP RAN
[DEBUG] AT#00  finished drop in sector 0 – notifying ground crews
[DEBUG] GC#02  attempting re-plan… remaining path = 1370 cells
[DEBUG] GC#02 start@(336, 256)  raw_arr=inf  now=1748.0  mtt=nan  within_buffer=False
[START] GC#02 using NEW (buffered by planner) → start (336, 256) on boundary 1
Start:  (336, 256)
Finish:  (438, 861)
[GC#02] fire-line length 1350 cells (860.3 min; full plan)
[DEBUG] GC#02  new path accepted (length 1350, ETA 860.3 min)
  → selected [4794.76196424 2508.88836235] as drop point
FLUSHED
Using multi-phase propagation with wind schedule.
DROP RAN
[DEBUG] AT#00  finished drop in sector 0 – notifying ground crews
[DEBUG] GC#02  attempting re-plan… remaining path = 1350 cells
[DEBUG] GC#02 start@(317, 256)  raw_arr=inf  now=1794.0  mtt=nan  within_buffer=False
[START] GC#02 using NEW (buffered by planner) → start (317, 256) on boundary 1
Start:  (317, 256)
Finish:  (438, 861)
[GC#02] fire-line length 1331 cells (813.4 min; full plan)
[DEBUG] GC#02  new path accepted (length 1331, ETA 813.4 min)
Applied action {'FireHercAgent': (1,), 'GroundCrewAgent': (1, 5)} at t=1800 min
[ICS] open=[0, 4, 5]  crew_order=[0, 4, 5]  weights={0: 115.0, 4: 45.0, 5: 3.0}
simulating in place
  → selected [4475.54976903 4112.00337024] as drop point
FLUSHED
Using multi-phase propagation with wind schedule.
DROP RAN
[DEBUG] AT#00  finished drop in sector 0 – notifying ground crews
[DEBUG] GC#02  attempting re-plan… remaining path = 1331 cells
[DEBUG] GC#02 start@(296, 257)  raw_arr=inf  now=1840.0  mtt=nan  within_buffer=False
[START] GC#02 using NEW (buffered by planner) → start (296, 257) on boundary 1
Start:  (296, 257)
Finish:  (438, 861)
[GC#02] fire-line length 1309 cells (761.6 min; full plan)
[DEBUG] GC#02  new path accepted (length 1309, ETA 761.6 min)
[START] GC#01 using ANCHOR (unspecified source) → start (389, 543) on boundary 1
Start:  (389, 543)
Finish:  (438, 872)
[GC#01] fire-line length 1805 cells (813.2 min; full plan)

— after _mark_anchor_completed(bdy=1, role=start, by=None) —

=== boundary_anchors (NOW) ===
b00 start  — <none>
b00 finish rc=(438, 872)  t=1440.0  completed=True  world=(11240.0, 180.5)
b01 start  rc=(389, 543)  t=1440.0  completed=True  world=(1370.0, 1650.5)
b01 finish rc=(389, 543)  t=240.0  completed=True  world=(1370.0, 1650.5)
b02 start  rc=(365, 473)  t=480.0  completed=True  world=(-730.0, 2370.5)
b02 finish — <none>
b03 start  rc=(438, 101)  t=720.0  completed=True  world=(-11890.0, 180.5)
b03 finish rc=(438, 101)  t=480.0  completed=True  world=(-11890.0, 180.5)
b04 start  — <none>
b04 finish rc=(712, 357)  t=720.0  completed=True  world=(-4210.0, -8039.5)
b05 start  — <none>
b05 finish — <none>
=== end ===

— end dump —


— after _mark_anchor_completed(bdy=0, role=finish, by=<groundcrew.GroundCrewAgent object at 0x0000022633F42C10>) —

=== boundary_anchors (NOW) ===
b00 start  — <none>
b00 finish rc=(438, 872)  t=1440.0  completed=True  world=(11240.0, 180.5)
b01 start  rc=(389, 543)  t=1440.0  completed=True  world=(1370.0, 1650.5)
b01 finish rc=(389, 543)  t=240.0  completed=True  world=(1370.0, 1650.5)
b02 start  rc=(365, 473)  t=480.0  completed=True  world=(-730.0, 2370.5)
b02 finish — <none>
b03 start  rc=(438, 101)  t=720.0  completed=True  world=(-11890.0, 180.5)
b03 finish rc=(438, 101)  t=480.0  completed=True  world=(-11890.0, 180.5)
b04 start  — <none>
b04 finish rc=(712, 357)  t=720.0  completed=True  world=(-4210.0, -8039.5)
b05 start  — <none>
b05 finish — <none>
=== end ===

— end dump —

Using multi-phase propagation with wind schedule.
[GC#01] updated fire after clearing batch
Using multi-phase propagation with wind schedule.
[GC#01] updated fire after clearing batch
Using multi-phase propagation with wind schedule.
[GC#01] updated fire after clearing batch
Using multi-phase propagation with wind schedule.
[GC#01] updated fire after clearing batch
Using multi-phase propagation with wind schedule.
[GC#01] updated fire after clearing batch
  → selected [4837.51787007 3094.15045035] as drop point
FLUSHED
FLUSHED
Using multi-phase propagation with wind schedule.
DROP RAN
[DEBUG] AT#00  finished drop in sector 0 – notifying ground crews
[DEBUG] GC#01  attempting re-plan… remaining path = 1805 cells
[DEBUG] GC#01 start@(295, 255)  raw_arr=inf  now=1886.0  mtt=nan  within_buffer=False
[START] GC#01 using NEW (buffered by planner) → start (295, 255) on boundary 1
Start:  (295, 255)
Finish:  (438, 872)
[GC#01] fire-line length 1341 cells (726.0 min; full plan)
[DEBUG] GC#01  new path accepted (length 1341, ETA 726.0 min)
[DEBUG] GC#02  attempting re-plan… remaining path = 1309 cells
[DEBUG] GC#02 start@(278, 262)  raw_arr=inf  now=1886.0  mtt=nan  within_buffer=False
[START] GC#02 using NEW (buffered by planner) → start (278, 262) on boundary 1
Start:  (278, 262)
Finish:  (438, 861)
[GC#02] fire-line length 1286 cells (714.5 min; full plan)
[DEBUG] GC#02  new path accepted (length 1286, ETA 714.5 min)
Using multi-phase propagation with wind schedule.
[GC#01] updated fire after clearing batch
Using multi-phase propagation with wind schedule.
[GC#01] updated fire after clearing batch
Using multi-phase propagation with wind schedule.
[GC#01] updated fire after clearing batch
Using multi-phase propagation with wind schedule.
[GC#02] updated fire after clearing batch
Applied action {'FireHercAgent': (1,), 'GroundCrewAgent': (1, 5)} at t=1920 min
[ICS] open=[0, 4, 5]  crew_order=[0, 4, 5]  weights={0: 115.0, 4: 45.0, 5: 3.0}
simulating in place
Using multi-phase propagation with wind schedule.
[GC#01] updated fire after clearing batch
  → selected [4404.46200264 4816.67092735] as drop point
FLUSHED
FLUSHED
Using multi-phase propagation with wind schedule.
DROP RAN
[DEBUG] AT#00  finished drop in sector 0 – notifying ground crews
[DEBUG] GC#01  attempting re-plan… remaining path = 1341 cells
[DEBUG] GC#01 start@(226, 219)  raw_arr=inf  now=1932.0  mtt=nan  within_buffer=False
[START] GC#01 using NEW (buffered by planner) → start (226, 219) on boundary 1
Start:  (226, 219)
Finish:  (438, 872)
[GC#01] fire-line length 1222 cells (681.7 min; full plan)
[DEBUG] GC#01  new path accepted (length 1222, ETA 681.7 min)
[DEBUG] GC#02  attempting re-plan… remaining path = 1286 cells
[DEBUG] GC#02 start@(226, 219)  raw_arr=inf  now=1932.0  mtt=nan  within_buffer=False
[START] GC#02 using NEW (buffered by planner) → start (226, 219) on boundary 1
Start:  (226, 219)
Finish:  (438, 861)
[GC#02] fire-line length 1191 cells (670.2 min; full plan)
[DEBUG] GC#02  new path accepted (length 1191, ETA 670.2 min)
Using multi-phase propagation with wind schedule.
[GC#02] updated fire after clearing batch
Using multi-phase propagation with wind schedule.
[GC#01] updated fire after clearing batch
Using multi-phase propagation with wind schedule.
[GC#02] updated fire after clearing batch
Using multi-phase propagation with wind schedule.
[GC#02] updated fire after clearing batch
Using multi-phase propagation with wind schedule.
[GC#01] updated fire after clearing batch
Using multi-phase propagation with wind schedule.
[GC#02] updated fire after clearing batch
Using multi-phase propagation with wind schedule.
[GC#01] updated fire after clearing batch
Using multi-phase propagation with wind schedule.
[GC#02] updated fire after clearing batch
  → selected [5065.36316782 2649.75443277] as drop point
FLUSHED
FLUSHED
Using multi-phase propagation with wind schedule.
DROP RAN
[DEBUG] AT#00  finished drop in sector 0 – notifying ground crews
[DEBUG] GC#02  attempting re-plan… remaining path = 1191 cells
[DEBUG] GC#02 start@(161, 271)  raw_arr=inf  now=1978.0  mtt=nan  within_buffer=False
[START] GC#02 using NEW (buffered by planner) → start (161, 271) on boundary 1
Start:  (161, 271)
Finish:  (438, 861)
[GC#02] fire-line length 1082 cells (649.0 min; full plan)
[DEBUG] GC#02  new path accepted (length 1082, ETA 649.0 min)
[DEBUG] GC#01  attempting re-plan… remaining path = 1222 cells
[DEBUG] GC#01 start@(161, 271)  raw_arr=inf  now=1978.0  mtt=nan  within_buffer=False
[START] GC#01 using NEW (buffered by planner) → start (161, 271) on boundary 1
Start:  (161, 271)
Finish:  (438, 872)
[GC#01] fire-line length 1113 cells (660.5 min; full plan)
[DEBUG] GC#01  new path accepted (length 1113, ETA 660.5 min)
Using multi-phase propagation with wind schedule.
[GC#02] updated fire after clearing batch
Using multi-phase propagation with wind schedule.
[GC#01] updated fire after clearing batch
Using multi-phase propagation with wind schedule.
[GC#02] updated fire after clearing batch
Using multi-phase propagation with wind schedule.
[GC#01] updated fire after clearing batch
  → selected [4683.72640698 4302.76211329] as drop point
FLUSHED
FLUSHED
Using multi-phase propagation with wind schedule.
DROP RAN
[DEBUG] AT#00  finished drop in sector 0 – notifying ground crews
[DEBUG] GC#01  attempting re-plan… remaining path = 1113 cells
[DEBUG] GC#01 start@(126, 284)  raw_arr=inf  now=2024.0  mtt=nan  within_buffer=False
[START] GC#01 using NEW (buffered by planner) → start (126, 284) on boundary 1
Start:  (126, 284)
Finish:  (438, 872)
[GC#01] fire-line length 1041 cells (604.0 min; full plan)
[DEBUG] GC#01  new path accepted (length 1041, ETA 604.0 min)
[DEBUG] GC#02  attempting re-plan… remaining path = 1082 cells
[DEBUG] GC#02 start@(126, 284)  raw_arr=inf  now=2024.0  mtt=nan  within_buffer=False
[START] GC#02 using NEW (buffered by planner) → start (126, 284) on boundary 1
Start:  (126, 284)
Finish:  (438, 861)
[GC#02] fire-line length 1010 cells (592.5 min; full plan)
[DEBUG] GC#02  new path accepted (length 1010, ETA 592.5 min)
Applied action {'FireHercAgent': (1,), 'GroundCrewAgent': (1, 5)} at t=2040 min
[ICS] open=[0, 4, 5]  crew_order=[0, 4, 5]  weights={0: 115.0, 4: 45.0, 5: 3.0}
simulating in place
Using multi-phase propagation with wind schedule.
[GC#02] updated fire after clearing batch
Using multi-phase propagation with wind schedule.
[GC#01] updated fire after clearing batch
Using multi-phase propagation with wind schedule.
[GC#02] updated fire after clearing batch
Using multi-phase propagation with wind schedule.
[GC#01] updated fire after clearing batch
Using multi-phase propagation with wind schedule.
[GC#01] updated fire after clearing batch
Using multi-phase propagation with wind schedule.
[GC#02] updated fire after clearing batch
  → selected [4987.52740753 3189.7170655 ] as drop point
FLUSHED
FLUSHED
Using multi-phase propagation with wind schedule.
DROP RAN
[DEBUG] AT#00  finished drop in sector 0 – notifying ground crews
[DEBUG] GC#02  attempting re-plan… remaining path = 1010 cells
[DEBUG] GC#02 start@(133, 367)  raw_arr=inf  now=2070.0  mtt=nan  within_buffer=False
[START] GC#02 using NEW (buffered by planner) → start (133, 367) on boundary 1
Start:  (133, 367)
Finish:  (438, 861)
[GC#02] fire-line length 902 cells (528.9 min; full plan)
[DEBUG] GC#02  new path accepted (length 902, ETA 528.9 min)
[DEBUG] GC#01  attempting re-plan… remaining path = 1041 cells
[DEBUG] GC#01 start@(133, 367)  raw_arr=inf  now=2070.0  mtt=nan  within_buffer=False
[START] GC#01 using NEW (buffered by planner) → start (133, 367) on boundary 1
Start:  (133, 367)
Finish:  (438, 872)
[GC#01] fire-line length 933 cells (540.4 min; full plan)
[DEBUG] GC#01  new path accepted (length 933, ETA 540.4 min)
Using multi-phase propagation with wind schedule.
[GC#01] updated fire after clearing batch
Using multi-phase propagation with wind schedule.
[GC#02] updated fire after clearing batch
Using multi-phase propagation with wind schedule.
[GC#01] updated fire after clearing batch
Using multi-phase propagation with wind schedule.
[GC#01] updated fire after clearing batch
Using multi-phase propagation with wind schedule.
[GC#01] updated fire after clearing batch
Using multi-phase propagation with wind schedule.
[GC#02] updated fire after clearing batch
Using multi-phase propagation with wind schedule.
[GC#01] updated fire after clearing batch
Using multi-phase propagation with wind schedule.
[GC#02] updated fire after clearing batch
Using multi-phase propagation with wind schedule.
[GC#02] updated fire after clearing batch
Using multi-phase propagation with wind schedule.
[GC#02] updated fire after clearing batch
Using multi-phase propagation with wind schedule.
[GC#02] updated fire after clearing batch
Using multi-phase propagation with wind schedule.
[GC#02] updated fire after clearing batch
Using multi-phase propagation with wind schedule.
[GC#02] updated fire after clearing batch
Using multi-phase propagation with wind schedule.
[GC#02] updated fire after clearing batch
Using multi-phase propagation with wind schedule.
[GC#02] updated fire after clearing batch
Using multi-phase propagation with wind schedule.
[GC#02] updated fire after clearing batch
Using multi-phase propagation with wind schedule.
[GC#02] updated fire after clearing batch
Using multi-phase propagation with wind schedule.
[GC#02] updated fire after clearing batch
Using multi-phase propagation with wind schedule.
[GC#02] updated fire after clearing batch
Using multi-phase propagation with wind schedule.
[GC#02] updated fire after clearing batch
Using multi-phase propagation with wind schedule.
[GC#02] updated fire after clearing batch
Using multi-phase propagation with wind schedule.
[GC#02] updated fire after clearing batch
Using multi-phase propagation with wind schedule.
[GC#02] updated fire after clearing batch
Using multi-phase propagation with wind schedule.
[GC#02] updated fire after clearing batch
Using multi-phase propagation with wind schedule.
[GC#01] updated fire after clearing batch
Using multi-phase propagation with wind schedule.
[GC#01] updated fire after clearing batch
Using multi-phase propagation with wind schedule.
[GC#02] updated fire after clearing batch
Using multi-phase propagation with wind schedule.
[GC#02] updated fire after clearing batch
  → selected [4172.8925695  6557.78530229] as drop point
FLUSHED
FLUSHED
Using multi-phase propagation with wind schedule.
DROP RAN
[DEBUG] AT#00  finished drop in sector 0 – notifying ground crews
[DEBUG] GC#02  attempting re-plan… remaining path = 902 cells
[DEBUG] GC#02 start@(205, 826)  raw_arr=inf  now=2116.0  mtt=nan  within_buffer=False
[START] GC#02 using NEW (buffered by planner) → start (205, 826) on boundary 1
Start:  (205, 826)
Finish:  (438, 861)
[GC#02] fire-line length 309 cells (481.5 min; full plan)
[DEBUG] GC#02  new path accepted (length 309, ETA 481.5 min)
[DEBUG] GC#01  attempting re-plan… remaining path = 933 cells
[DEBUG] GC#01 start@(205, 826)  raw_arr=inf  now=2116.0  mtt=nan  within_buffer=False
[START] GC#01 using NEW (buffered by planner) → start (205, 826) on boundary 1
Start:  (205, 826)
Finish:  (438, 872)
[GC#01] fire-line length 340 cells (493.0 min; full plan)
[DEBUG] GC#01  new path accepted (length 340, ETA 493.0 min)
Using multi-phase propagation with wind schedule.
[GC#02] updated fire after clearing batch
Using multi-phase propagation with wind schedule.
[GC#02] updated fire after clearing batch
Using multi-phase propagation with wind schedule.
[GC#01] updated fire after clearing batch
Using multi-phase propagation with wind schedule.
[GC#02] updated fire after clearing batch
Using multi-phase propagation with wind schedule.
[GC#01] updated fire after clearing batch
Applied action {'FireHercAgent': (1,), 'GroundCrewAgent': (1, 5)} at t=2160 min
[ICS] open=[0, 4, 5]  crew_order=[0, 4, 5]  weights={0: 115.0, 4: 45.0, 5: 3.0}
simulating in place
  → selected [5380.57504471 2242.13134687] as drop point
FLUSHED
FLUSHED
Using multi-phase propagation with wind schedule.
DROP RAN
[DEBUG] AT#00  finished drop in sector 0 – notifying ground crews
[DEBUG] GC#02  attempting re-plan… remaining path = 309 cells
[DEBUG] GC#02 start@(265, 820)  raw_arr=inf  now=2162.0  mtt=nan  within_buffer=False
[START] GC#02 using NEW (buffered by planner) → start (265, 820) on boundary 1
Start:  (265, 820)
Finish:  (438, 861)
[GC#02] fire-line length 221 cells (434.4 min; full plan)
[DEBUG] GC#02  new path accepted (length 221, ETA 434.4 min)
[DEBUG] GC#01  attempting re-plan… remaining path = 340 cells
[DEBUG] GC#01 start@(265, 820)  raw_arr=inf  now=2162.0  mtt=nan  within_buffer=False
[START] GC#01 using NEW (buffered by planner) → start (265, 820) on boundary 1
Start:  (265, 820)
Finish:  (438, 872)
[GC#01] fire-line length 254 cells (442.8 min; full plan)
[DEBUG] GC#01  new path accepted (length 254, ETA 442.8 min)
Using multi-phase propagation with wind schedule.
[GC#01] updated fire after clearing batch
Using multi-phase propagation with wind schedule.
[GC#02] updated fire after clearing batch
  → selected [4492.90022614 5864.24777491] as drop point
FLUSHED
FLUSHED
Using multi-phase propagation with wind schedule.
DROP RAN
[DEBUG] AT#00  finished drop in sector 0 – notifying ground crews
[DEBUG] GC#01  attempting re-plan… remaining path = 254 cells
[DEBUG] GC#01 start@(295, 829)  raw_arr=inf  now=2208.0  mtt=nan  within_buffer=False
[START] GC#01 using NEW (buffered by planner) → start (295, 829) on boundary 1
Start:  (295, 829)
Finish:  (438, 872)
[GC#01] fire-line length 213 cells (389.4 min; full plan)
[DEBUG] GC#01  new path accepted (length 213, ETA 389.4 min)
[DEBUG] GC#02  attempting re-plan… remaining path = 221 cells
[DEBUG] GC#02 start@(295, 829)  raw_arr=inf  now=2208.0  mtt=nan  within_buffer=False
[START] GC#02 using NEW (buffered by planner) → start (295, 829) on boundary 1
Start:  (295, 829)
Finish:  (438, 861)
[GC#02] fire-line length 180 cells (381.0 min; full plan)
[DEBUG] GC#02  new path accepted (length 180, ETA 381.0 min)
Using multi-phase propagation with wind schedule.
[GC#02] updated fire after clearing batch
  → selected [5401.29142624 2824.62761546] as drop point
FLUSHED
FLUSHED
Using multi-phase propagation with wind schedule.
DROP RAN
[DEBUG] AT#00  finished drop in sector 0 – notifying ground crews
[DEBUG] GC#01  attempting re-plan… remaining path = 213 cells
[DEBUG] GC#01 start@(313, 836)  raw_arr=inf  now=2254.0  mtt=nan  within_buffer=False
[START] GC#01 using NEW (buffered by planner) → start (313, 836) on boundary 1
Start:  (313, 836)
Finish:  (438, 872)
[GC#01] fire-line length 188 cells (341.0 min; full plan)
[DEBUG] GC#01  new path accepted (length 188, ETA 341.0 min)
[DEBUG] GC#02  attempting re-plan… remaining path = 180 cells
[DEBUG] GC#02 start@(313, 836)  raw_arr=inf  now=2254.0  mtt=nan  within_buffer=False
[START] GC#02 using NEW (buffered by planner) → start (313, 836) on boundary 1
Start:  (313, 836)
Finish:  (438, 861)
[GC#02] fire-line length 155 cells (332.6 min; full plan)
[DEBUG] GC#02  new path accepted (length 155, ETA 332.6 min)
Using multi-phase propagation with wind schedule.
[GC#01] updated fire after clearing batch
Using multi-phase propagation with wind schedule.
[GC#02] updated fire after clearing batch
Applied action {'FireHercAgent': (1,), 'GroundCrewAgent': (1, 5)} at t=2280 min
[ICS] open=[0, 4, 5]  crew_order=[0, 4, 5]  weights={0: 115.0, 4: 45.0, 5: 3.0}
simulating in place
  → selected [5625.879896   2343.73994319] as drop point
FLUSHED
FLUSHED
Using multi-phase propagation with wind schedule.
DROP RAN
[DEBUG] AT#00  finished drop in sector 0 – notifying ground crews
[DEBUG] GC#01  attempting re-plan… remaining path = 188 cells
[DEBUG] GC#01 start@(350, 844)  raw_arr=inf  now=2300.0  mtt=nan  within_buffer=False
[START] GC#01 using NEW (buffered by planner) → start (350, 844) on boundary 1
Start:  (350, 844)
Finish:  (438, 872)
[GC#01] fire-line length 141 cells (294.4 min; full plan)
[DEBUG] GC#01  new path accepted (length 141, ETA 294.4 min)
[DEBUG] GC#02  attempting re-plan… remaining path = 155 cells
[DEBUG] GC#02 start@(350, 843)  raw_arr=inf  now=2300.0  mtt=nan  within_buffer=False
[START] GC#02 using NEW (buffered by planner) → start (350, 843) on boundary 1
Start:  (350, 843)
Finish:  (438, 861)
[GC#02] fire-line length 109 cells (286.1 min; full plan)
[DEBUG] GC#02  new path accepted (length 109, ETA 286.1 min)
  → selected [5453.60753002 3486.64285069] as drop point
FLUSHED
FLUSHED
Using multi-phase propagation with wind schedule.
DROP RAN
[DEBUG] AT#00  finished drop in sector 0 – notifying ground crews
[DEBUG] GC#02  attempting re-plan… remaining path = 109 cells
[DEBUG] GC#02 start@(365, 845)  raw_arr=inf  now=2346.0  mtt=nan  within_buffer=False
[START] GC#02 using NEW (buffered by planner) → start (365, 845) on boundary 1
Start:  (365, 845)
Finish:  (438, 861)
[GC#02] fire-line length 92 cells (236.5 min; full plan)
[DEBUG] GC#02  new path accepted (length 92, ETA 236.5 min)
[DEBUG] GC#01  attempting re-plan… remaining path = 141 cells
[DEBUG] GC#01 start@(356, 852)  raw_arr=inf  now=2346.0  mtt=nan  within_buffer=False
[START] GC#01 using NEW (buffered by planner) → start (356, 852) on boundary 1
Start:  (356, 852)
Finish:  (438, 872)
[GC#01] fire-line length 127 cells (248.3 min; full plan)
[DEBUG] GC#01  new path accepted (length 127, ETA 248.3 min)
Using multi-phase propagation with wind schedule.
[GC#01] updated fire after clearing batch
Applied action {'FireHercAgent': (1,), 'GroundCrewAgent': (1, 5)} at t=2400 min
[ICS] open=[0, 4, 5]  crew_order=[0, 4, 5]  weights={0: 115.0, 4: 45.0, 5: 3.0}
simulating in place
  → selected [5695.11639664 2977.58321368] as drop point
FLUSHED
FLUSHED
Using multi-phase propagation with wind schedule.
DROP RAN
[DEBUG] AT#00  finished drop in sector 0 – notifying ground crews
[DEBUG] GC#02  attempting re-plan… remaining path = 92 cells
[DEBUG] GC#02 start@(381, 850)  raw_arr=inf  now=2400.0  mtt=nan  within_buffer=False
[START] GC#02 using NEW (buffered by planner) → start (381, 850) on boundary 1
Start:  (381, 850)
Finish:  (438, 861)
[GC#02] fire-line length 71 cells (179.6 min; full plan)
[DEBUG] GC#02  new path accepted (length 71, ETA 179.6 min)
[DEBUG] GC#01  attempting re-plan… remaining path = 127 cells
[DEBUG] GC#01 start@(364, 872)  raw_arr=inf  now=2400.0  mtt=nan  within_buffer=False
[START] GC#01 using NEW (buffered by planner) → start (364, 872) on boundary 1
Start:  (364, 872)
Finish:  (438, 872)
[GC#01] fire-line length 97 cells (190.9 min; full plan)
[DEBUG] GC#01  new path accepted (length 97, ETA 190.9 min)
  → selected [5182.49461515 5665.74453148] as drop point
FLUSHED
FLUSHED
Using multi-phase propagation with wind schedule.
DROP RAN
[DEBUG] AT#00  finished drop in sector 0 – notifying ground crews
[DEBUG] GC#01  attempting re-plan… remaining path = 97 cells
[DEBUG] GC#01 start@(376, 877)  raw_arr=inf  now=2446.0  mtt=nan  within_buffer=False
[START] GC#01 using NEW (buffered by planner) → start (376, 877) on boundary 1
Start:  (376, 877)
Finish:  (438, 872)
[GC#01] fire-line length 80 cells (144.3 min; full plan)
[DEBUG] GC#01  new path accepted (length 80, ETA 144.3 min)
[DEBUG] GC#02  attempting re-plan… remaining path = 71 cells
[DEBUG] GC#02 start@(398, 851)  raw_arr=inf  now=2446.0  mtt=nan  within_buffer=False
[START] GC#02 using NEW (buffered by planner) → start (398, 851) on boundary 1
Start:  (398, 851)
Finish:  (438, 861)
[GC#02] fire-line length 53 cells (129.6 min; full plan)
[DEBUG] GC#02  new path accepted (length 53, ETA 129.6 min)
Using multi-phase propagation with wind schedule.
[GC#01] updated fire after clearing batch
  → selected [4595.40255073 7220.99312601] as drop point
FLUSHED
FLUSHED
Using multi-phase propagation with wind schedule.
DROP RAN
[DEBUG] AT#00  finished drop in sector 0 – notifying ground crews
[DEBUG] GC#02  attempting re-plan… remaining path = 53 cells
[DEBUG] GC#02 start@(413, 853)  raw_arr=inf  now=2492.0  mtt=nan  within_buffer=False
[START] GC#02 using NEW (buffered by planner) → start (413, 853) on boundary 1
Start:  (413, 853)
Finish:  (438, 861)
[GC#02] fire-line length 36 cells (78.0 min; full plan)
[DEBUG] GC#02  new path accepted (length 36, ETA 78.0 min)
[DEBUG] GC#01  attempting re-plan… remaining path = 80 cells
[DEBUG] GC#01 start@(398, 879)  raw_arr=inf  now=2492.0  mtt=nan  within_buffer=False
[START] GC#01 using NEW (buffered by planner) → start (398, 879) on boundary 1
Start:  (398, 879)
Finish:  (438, 872)
[GC#01] fire-line length 54 cells (97.2 min; full plan)
[DEBUG] GC#01  new path accepted (length 54, ETA 97.2 min)
Applied action {'FireHercAgent': (1,), 'GroundCrewAgent': (1, 5)} at t=2520 min
[ICS] open=[0, 4, 5]  crew_order=[0, 4, 5]  weights={0: 115.0, 4: 45.0, 5: 3.0}
simulating in place
Using multi-phase propagation with wind schedule.
[GC#01] updated fire after clearing batch
  → selected [5371.52443167 5872.03437721] as drop point
FLUSHED
FLUSHED
Using multi-phase propagation with wind schedule.
DROP RAN
[DEBUG] AT#00  finished drop in sector 0 – notifying ground crews
[DEBUG] GC#01  attempting re-plan… remaining path = 54 cells
[DEBUG] GC#01 start@(421, 881)  raw_arr=inf  now=2538.0  mtt=nan  within_buffer=False
[START] GC#01 using NEW (buffered by planner) → start (421, 881) on boundary 1
Start:  (421, 881)
Finish:  (438, 872)
[GC#01] fire-line length 27 cells (49.6 min; full plan)
[DEBUG] GC#01  new path accepted (length 27, ETA 49.6 min)
[DEBUG] GC#02  attempting re-plan… remaining path = 36 cells
[DEBUG] GC#02 start@(425, 858)  raw_arr=inf  now=2538.0  mtt=nan  within_buffer=False
[START] GC#02 using NEW (buffered by planner) → start (425, 858) on boundary 1
Start:  (425, 858)
Finish:  (438, 861)
[GC#02] fire-line length 21 cells (25.9 min; full plan)
[DEBUG] GC#02  new path accepted (length 21, ETA 25.9 min)
Using multi-phase propagation with wind schedule.
[GC#02] updated fire after clearing batch
Sector contained  0

— after _mark_anchor_completed(bdy=1, role=start, by=None) —

=== boundary_anchors (NOW) ===
b00 start  — <none>
b00 finish rc=(438, 872)  t=1440.0  completed=True  world=(11240.0, 180.5)
b01 start  rc=(389, 543)  t=1440.0  completed=True  world=(1370.0, 1650.5)
b01 finish rc=(389, 543)  t=240.0  completed=True  world=(1370.0, 1650.5)
b02 start  rc=(365, 473)  t=480.0  completed=True  world=(-730.0, 2370.5)
b02 finish — <none>
b03 start  rc=(438, 101)  t=720.0  completed=True  world=(-11890.0, 180.5)
b03 finish rc=(438, 101)  t=480.0  completed=True  world=(-11890.0, 180.5)
b04 start  — <none>
b04 finish rc=(712, 357)  t=720.0  completed=True  world=(-4210.0, -8039.5)
b05 start  — <none>
b05 finish — <none>
=== end ===

— end dump —


— after _mark_anchor_completed(bdy=0, role=finish, by=None) —

=== boundary_anchors (NOW) ===
b00 start  — <none>
b00 finish rc=(438, 872)  t=1440.0  completed=True  world=(11240.0, 180.5)
b01 start  rc=(389, 543)  t=1440.0  completed=True  world=(1370.0, 1650.5)
b01 finish rc=(389, 543)  t=240.0  completed=True  world=(1370.0, 1650.5)
b02 start  rc=(365, 473)  t=480.0  completed=True  world=(-730.0, 2370.5)
b02 finish — <none>
b03 start  rc=(438, 101)  t=720.0  completed=True  world=(-11890.0, 180.5)
b03 finish rc=(438, 101)  t=480.0  completed=True  world=(-11890.0, 180.5)
b04 start  — <none>
b04 finish rc=(712, 357)  t=720.0  completed=True  world=(-4210.0, -8039.5)
b05 start  — <none>
b05 finish — <none>
=== end ===

— end dump —

[GC#02] Sector 0 contained → Standby
Using multi-phase propagation with wind schedule.
[GC#01] updated fire after clearing batch
  → selected [5784.27383876 4450.09085403] as drop point
Using multi-phase propagation with wind schedule.
DROP RAN
[DEBUG] AT#00  finished drop in sector 0 – notifying ground crews
[DEBUG] GC#01  attempting re-plan… remaining path = 27 cells
[DEBUG] GC#01 start@(437, 873)  raw_arr=inf  now=2584.0  mtt=nan  within_buffer=False
[START] GC#01 using NEW (buffered by planner) → start (437, 873) on boundary 1
Start:  (437, 873)
Finish:  (438, 872)
[GC#01] fire-line length 3 cells (0.0 min; full plan)
[DEBUG] GC#01  new path accepted (length 3, ETA 0.0 min)
Using multi-phase propagation with wind schedule.
[GC#01] updated fire after clearing batch
Sector contained  0

— after _mark_anchor_completed(bdy=1, role=start, by=None) —

=== boundary_anchors (NOW) ===
b00 start  — <none>
b00 finish rc=(438, 872)  t=1440.0  completed=True  world=(11240.0, 180.5)
b01 start  rc=(389, 543)  t=1440.0  completed=True  world=(1370.0, 1650.5)
b01 finish rc=(389, 543)  t=240.0  completed=True  world=(1370.0, 1650.5)
b02 start  rc=(365, 473)  t=480.0  completed=True  world=(-730.0, 2370.5)
b02 finish — <none>
b03 start  rc=(438, 101)  t=720.0  completed=True  world=(-11890.0, 180.5)
b03 finish rc=(438, 101)  t=480.0  completed=True  world=(-11890.0, 180.5)
b04 start  — <none>
b04 finish rc=(712, 357)  t=720.0  completed=True  world=(-4210.0, -8039.5)
b05 start  — <none>
b05 finish — <none>
=== end ===

— end dump —


— after _mark_anchor_completed(bdy=0, role=finish, by=None) —

=== boundary_anchors (NOW) ===
b00 start  — <none>
b00 finish rc=(438, 872)  t=1440.0  completed=True  world=(11240.0, 180.5)
b01 start  rc=(389, 543)  t=1440.0  completed=True  world=(1370.0, 1650.5)
b01 finish rc=(389, 543)  t=240.0  completed=True  world=(1370.0, 1650.5)
b02 start  rc=(365, 473)  t=480.0  completed=True  world=(-730.0, 2370.5)
b02 finish — <none>
b03 start  rc=(438, 101)  t=720.0  completed=True  world=(-11890.0, 180.5)
b03 finish rc=(438, 101)  t=480.0  completed=True  world=(-11890.0, 180.5)
b04 start  — <none>
b04 finish rc=(712, 357)  t=720.0  completed=True  world=(-4210.0, -8039.5)
b05 start  — <none>
b05 finish — <none>
=== end ===

— end dump —

[GC#01] Sector 0 contained → Standby
  → selected [5961.58803474 3810.26212332] as drop point
Using multi-phase propagation with wind schedule.
DROP RAN
[DEBUG] AT#00  finished drop in sector 0 – notifying ground crews
Applied action {'FireHercAgent': (1,), 'GroundCrewAgent': (1, 5)} at t=2640 min
[ICS] open=[4, 5]  crew_order=[4, 5]  weights={4: 45.0, 5: 3.0}
simulating in place

— after _record_anchor(bdy=4, role=start, cell=(712, 357), by=None) —

=== boundary_anchors (NOW) ===
b00 start  — <none>
b00 finish rc=(438, 872)  t=1440.0  completed=True  world=(11240.0, 180.5)
b01 start  rc=(389, 543)  t=1440.0  completed=True  world=(1370.0, 1650.5)
b01 finish rc=(389, 543)  t=240.0  completed=True  world=(1370.0, 1650.5)
b02 start  rc=(365, 473)  t=480.0  completed=True  world=(-730.0, 2370.5)
b02 finish — <none>
b03 start  rc=(438, 101)  t=720.0  completed=True  world=(-11890.0, 180.5)
b03 finish rc=(438, 101)  t=480.0  completed=True  world=(-11890.0, 180.5)
b04 start  rc=(712, 357)  t=2640.0  completed=False  world=(-4210.0, -8039.5)
b04 finish rc=(712, 357)  t=720.0  completed=True  world=(-4210.0, -8039.5)
b05 start  — <none>
b05 finish — <none>
=== end ===

— end dump —


— after _record_anchor(bdy=5, role=finish, cell=(808, 729), by=None) —

=== boundary_anchors (NOW) ===
b00 start  — <none>
b00 finish rc=(438, 872)  t=1440.0  completed=True  world=(11240.0, 180.5)
b01 start  rc=(389, 543)  t=1440.0  completed=True  world=(1370.0, 1650.5)
b01 finish rc=(389, 543)  t=240.0  completed=True  world=(1370.0, 1650.5)
b02 start  rc=(365, 473)  t=480.0  completed=True  world=(-730.0, 2370.5)
b02 finish — <none>
b03 start  rc=(438, 101)  t=720.0  completed=True  world=(-11890.0, 180.5)
b03 finish rc=(438, 101)  t=480.0  completed=True  world=(-11890.0, 180.5)
b04 start  rc=(712, 357)  t=2640.0  completed=False  world=(-4210.0, -8039.5)
b04 finish rc=(712, 357)  t=720.0  completed=True  world=(-4210.0, -8039.5)
b05 start  — <none>
b05 finish rc=(808, 729)  t=2640.0  completed=False  world=(6950.0, -10919.5)
=== end ===

— end dump —

[DEBUG] sector 4: start@bdy4 (712, 357)   finish@bdy5 (808, 729)
[GC#01] → sector 4  start (712, 357)  finish (808, 729)

— after _record_anchor(bdy=0, role=start, cell=(438, 872), by=None) —

=== boundary_anchors (NOW) ===
b00 start  rc=(438, 872)  t=2640.0  completed=False  world=(11240.0, 180.5)
b00 finish rc=(438, 872)  t=1440.0  completed=True  world=(11240.0, 180.5)
b01 start  rc=(389, 543)  t=1440.0  completed=True  world=(1370.0, 1650.5)
b01 finish rc=(389, 543)  t=240.0  completed=True  world=(1370.0, 1650.5)
b02 start  rc=(365, 473)  t=480.0  completed=True  world=(-730.0, 2370.5)
b02 finish — <none>
b03 start  rc=(438, 101)  t=720.0  completed=True  world=(-11890.0, 180.5)
b03 finish rc=(438, 101)  t=480.0  completed=True  world=(-11890.0, 180.5)
b04 start  rc=(712, 357)  t=2640.0  completed=False  world=(-4210.0, -8039.5)
b04 finish rc=(712, 357)  t=720.0  completed=True  world=(-4210.0, -8039.5)
b05 start  — <none>
b05 finish rc=(808, 729)  t=2640.0  completed=False  world=(6950.0, -10919.5)
=== end ===

— end dump —


— after _record_anchor(bdy=5, role=finish, cell=(808, 729), by=None) —

=== boundary_anchors (NOW) ===
b00 start  rc=(438, 872)  t=2640.0  completed=False  world=(11240.0, 180.5)
b00 finish rc=(438, 872)  t=1440.0  completed=True  world=(11240.0, 180.5)
b01 start  rc=(389, 543)  t=1440.0  completed=True  world=(1370.0, 1650.5)
b01 finish rc=(389, 543)  t=240.0  completed=True  world=(1370.0, 1650.5)
b02 start  rc=(365, 473)  t=480.0  completed=True  world=(-730.0, 2370.5)
b02 finish — <none>
b03 start  rc=(438, 101)  t=720.0  completed=True  world=(-11890.0, 180.5)
b03 finish rc=(438, 101)  t=480.0  completed=True  world=(-11890.0, 180.5)
b04 start  rc=(712, 357)  t=2640.0  completed=False  world=(-4210.0, -8039.5)
b04 finish rc=(712, 357)  t=720.0  completed=True  world=(-4210.0, -8039.5)
b05 start  — <none>
b05 finish rc=(808, 729)  t=2640.0  completed=False  world=(6950.0, -10919.5)
=== end ===

— end dump —

[DEBUG] sector 5: start@bdy0 (438, 872)   finish@bdy5 (808, 729)
[GC#02] → sector 5  start (438, 872)  finish (808, 729)
[START] GC#02 using ANCHOR (unspecified source) → start (438, 872) on boundary 0
Start:  (438, 872)
Finish:  (808, 729)
[GC#02] fire-line length 798 cells (1358.3 min; full plan)

— after _mark_anchor_completed(bdy=0, role=start, by=None) —

=== boundary_anchors (NOW) ===
b00 start  rc=(438, 872)  t=2640.0  completed=True  world=(11240.0, 180.5)
b00 finish rc=(438, 872)  t=1440.0  completed=True  world=(11240.0, 180.5)
b01 start  rc=(389, 543)  t=1440.0  completed=True  world=(1370.0, 1650.5)
b01 finish rc=(389, 543)  t=240.0  completed=True  world=(1370.0, 1650.5)
b02 start  rc=(365, 473)  t=480.0  completed=True  world=(-730.0, 2370.5)
b02 finish — <none>
b03 start  rc=(438, 101)  t=720.0  completed=True  world=(-11890.0, 180.5)
b03 finish rc=(438, 101)  t=480.0  completed=True  world=(-11890.0, 180.5)
b04 start  rc=(712, 357)  t=2640.0  completed=False  world=(-4210.0, -8039.5)
b04 finish rc=(712, 357)  t=720.0  completed=True  world=(-4210.0, -8039.5)
b05 start  — <none>
b05 finish rc=(808, 729)  t=2640.0  completed=False  world=(6950.0, -10919.5)
=== end ===

— end dump —


— after _mark_anchor_completed(bdy=5, role=finish, by=<groundcrew.GroundCrewAgent object at 0x000002263407A8D0>) —

=== boundary_anchors (NOW) ===
b00 start  rc=(438, 872)  t=2640.0  completed=True  world=(11240.0, 180.5)
b00 finish rc=(438, 872)  t=1440.0  completed=True  world=(11240.0, 180.5)
b01 start  rc=(389, 543)  t=1440.0  completed=True  world=(1370.0, 1650.5)
b01 finish rc=(389, 543)  t=240.0  completed=True  world=(1370.0, 1650.5)
b02 start  rc=(365, 473)  t=480.0  completed=True  world=(-730.0, 2370.5)
b02 finish — <none>
b03 start  rc=(438, 101)  t=720.0  completed=True  world=(-11890.0, 180.5)
b03 finish rc=(438, 101)  t=480.0  completed=True  world=(-11890.0, 180.5)
b04 start  rc=(712, 357)  t=2640.0  completed=False  world=(-4210.0, -8039.5)
b04 finish rc=(712, 357)  t=720.0  completed=True  world=(-4210.0, -8039.5)
b05 start  — <none>
b05 finish rc=(808, 729)  t=2640.0  completed=True  world=(6950.0, -10919.5)
=== end ===

— end dump —

  → selected [ 5212.4566391  -9987.95444814] as drop point
FLUSHED
Using multi-phase propagation with wind schedule.
DROP RAN
[DEBUG] AT#00  finished drop in sector 4 – notifying ground crews
Using multi-phase propagation with wind schedule.
[GC#02] updated fire after clearing batch
  → selected [  418.60575397 -9457.81944296] as drop point
Using multi-phase propagation with wind schedule.
DROP RAN
[DEBUG] AT#00  finished drop in sector 4 – notifying ground crews
Using multi-phase propagation with wind schedule.
[GC#02] updated fire after clearing batch
Applied action {'FireHercAgent': (5,), 'GroundCrewAgent': (5, 6)} at t=2760 min
[ICS] open=[4, 5]  crew_order=[4, 5]  weights={4: 45.0, 5: 3.0}
simulating in place
  → selected [  4412.14977084 -10624.32798901] as drop point
FLUSHED
Using multi-phase propagation with wind schedule.
DROP RAN
[DEBUG] AT#00  finished drop in sector 4 – notifying ground crews
Using multi-phase propagation with wind schedule.
[GC#02] updated fire after clearing batch
  → selected [  5343.24244833 -10239.19165013] as drop point
FLUSHED
Using multi-phase propagation with wind schedule.
DROP RAN
[DEBUG] AT#00  finished drop in sector 4 – notifying ground crews
Using multi-phase propagation with wind schedule.
[GC#02] updated fire after clearing batch
  → selected [  3380.76261648 -10691.08443387] as drop point
FLUSHED
Using multi-phase propagation with wind schedule.
DROP RAN
[DEBUG] AT#00  finished drop in sector 4 – notifying ground crews
Applied action {'FireHercAgent': (5,), 'GroundCrewAgent': (5, 6)} at t=2880 min
[SIM] Less than one full decision slice left – terminating.
Using multi-phase propagation with wind schedule.
[GC#02] updated fire after clearing batch
[SIM] Finished at t=2880 min – final fire-score = 254460.00  final buildings-destroyed = 2288  final buildings-breakdown = {"11":1224,"12":736,"13":283,"21":12,"22":21,"23":12}
Simulation complete.
[0m