
⚑ background sched
 start  end    speed      dir
     0  120   30.000    5.000
   120  240   35.000   25.000
   240  360   40.000   25.000
   360  480   50.000   15.000
   480  600   30.000    2.500
   600  720   38.000    5.000
   720  840   28.000    0.000
   840  960   30.000    0.000
   960 1080   30.000    0.000
  1080 1200   28.000    2.500
  1200 1320   28.000    5.000
  1320 1440   30.000   15.000
  1440 1560   30.000    5.000
  1560 1680   30.000    7.500
  1680 1800   30.000   10.000
  1800 1920   30.000   10.000
  1920 2040   30.000   15.000
  2040 2160   17.500    5.000
  2160 2280   12.000    5.000
  2280 2400   12.000    5.000
  2400 2520   13.000    5.000
  2520 2640    7.000    0.000
  2640 2760    6.000    5.000
  2760 2880    6.000   10.000
  2880 3000    7.000   10.000
  3000 3000    1.000    0.000

⚑ hard σ truth schedule
 start  end    speed      dir
     0  120   30.000    5.000
   120  240   35.000   25.000
   240  360   40.000   25.000
   360  480   50.000   15.000
   480  600   30.000    2.500
   600  720   38.000    5.000
   720  840   28.000    0.000
   840  960   30.000    0.000
   960 1080   30.000    0.000
  1080 1200   28.000    2.500
  1200 1320   28.000    5.000
  1320 1440   30.000   15.000
  1440 1560   30.000    5.000
  1560 1680   30.000    7.500
  1680 1800   30.000   10.000
  1800 1920   30.000   10.000
  1920 2040   30.000   15.000
  2040 2160   17.500    5.000
  2160 2280   12.000    5.000
  2280 2400   12.000    5.000
  2400 2520   13.000    5.000
  2520 2640    7.000    0.000
  2640 2760    6.000    5.000
  2760 2880    6.000   10.000
  2880 3000    7.000   10.000
  3000 3000    1.000    0.000
RUN SEED: 2326447626
Starting TRUTH-burned-buildings ICS simulation (headless)…
Using multi-phase propagation with wind schedule.
WildfireModel: Bounds: BoundingBox(left=-14935.007954473422, bottom=-13304.5080370525, right=14944.992045526578, top=13335.4919629475)
Checking Mesa Space Dimensions: Width = 49880.0, Height = 46640.0
Buffered Bounds: BoundingBox(left=-24935.00795447342, bottom=-23304.5080370525, right=24944.99204552658, top=23335.4919629475)
Original CRS: EPSG:26910
Available bases: [(20000, 20000)]
Corrected position: (20000, 20000)
[GC#01] spawned at cell (444, 498) with walk_ticks=1
[GC#02] spawned at cell (444, 498) with walk_ticks=1
Using multi-phase propagation with wind schedule.
[PRECOMPUTE] Truth burned buildings per sector (final t=3000): [138, 1488, 693, 805, 45, 14]  | total=3183
[ICS] open=[0, 1, 2, 3, 4, 5]  crew_order=[1, 3, 2, 0, 4, 5]  weights={0: 138.0, 1: 1488.0, 2: 693.0, 3: 805.0, 4: 45.0, 5: 14.0}
simulating in place
no completed anchors found → making NEW dynamic START

— after _record_anchor(bdy=1, role=start, cell=(389, 543), by=None) —

=== boundary_anchors (NOW) ===
b00 start  — <none>
b00 finish — <none>
b01 start  rc=(389, 543)  t=240.0  completed=False  world=(1370.0, 1650.5)
b01 finish — <none>
b02 start  — <none>
b02 finish — <none>
b03 start  — <none>
b03 finish — <none>
b04 start  — <none>
b04 finish — <none>
b05 start  — <none>
b05 finish — <none>
=== end ===

— end dump —


— after _record_anchor(bdy=2, role=finish, cell=(389, 487), by=None) —

=== boundary_anchors (NOW) ===
b00 start  — <none>
b00 finish — <none>
b01 start  rc=(389, 543)  t=240.0  completed=False  world=(1370.0, 1650.5)
b01 finish — <none>
b02 start  — <none>
b02 finish rc=(389, 487)  t=240.0  completed=False  world=(-310.0, 1650.5)
b03 start  — <none>
b03 finish — <none>
b04 start  — <none>
b04 finish — <none>
b05 start  — <none>
b05 finish — <none>
=== end ===

— end dump —

[DEBUG] sector 1: start@bdy1 (389, 543)   finish@bdy2 (389, 487)
[GC#01] → sector 1  start (389, 543)  finish (389, 487)
no completed anchors found → making NEW dynamic START

— after _record_anchor(bdy=3, role=start, cell=(438, 478), by=None) —

=== boundary_anchors (NOW) ===
b00 start  — <none>
b00 finish — <none>
b01 start  rc=(389, 543)  t=240.0  completed=False  world=(1370.0, 1650.5)
b01 finish — <none>
b02 start  — <none>
b02 finish rc=(389, 487)  t=240.0  completed=False  world=(-310.0, 1650.5)
b03 start  rc=(438, 478)  t=240.0  completed=False  world=(-580.0, 180.5)
b03 finish — <none>
b04 start  — <none>
b04 finish — <none>
b05 start  — <none>
b05 finish — <none>
=== end ===

— end dump —


— after _record_anchor(bdy=4, role=finish, cell=(567, 440), by=None) —

=== boundary_anchors (NOW) ===
b00 start  — <none>
b00 finish — <none>
b01 start  rc=(389, 543)  t=240.0  completed=False  world=(1370.0, 1650.5)
b01 finish — <none>
b02 start  — <none>
b02 finish rc=(389, 487)  t=240.0  completed=False  world=(-310.0, 1650.5)
b03 start  rc=(438, 478)  t=240.0  completed=False  world=(-580.0, 180.5)
b03 finish — <none>
b04 start  — <none>
b04 finish rc=(567, 440)  t=240.0  completed=False  world=(-1720.0, -3689.5)
b05 start  — <none>
b05 finish — <none>
=== end ===

— end dump —

[DEBUG] sector 3: start@bdy3 (438, 478)   finish@bdy4 (567, 440)
[SYNC] first two crews not adjacent (1,3) – no sync.
[GC#02] → sector 3  start (438, 478)  finish (567, 440)
  → selected [ 750.96343831 1448.48967572] as drop point
Using multi-phase propagation with wind schedule.
DROP RAN
[DEBUG] AT#00  finished drop in sector 1 – notifying ground crews
[START] GC#02 using ANCHOR (unspecified source) → start (438, 478) on boundary 3
Start:  (438, 478)
Finish:  (567, 440)
[GC#02] fire-line length 270 cells (252.0 min; full plan)

— after _mark_anchor_completed(bdy=3, role=start, by=None) —

=== boundary_anchors (NOW) ===
b00 start  — <none>
b00 finish — <none>
b01 start  rc=(389, 543)  t=240.0  completed=False  world=(1370.0, 1650.5)
b01 finish — <none>
b02 start  — <none>
b02 finish rc=(389, 487)  t=240.0  completed=False  world=(-310.0, 1650.5)
b03 start  rc=(438, 478)  t=240.0  completed=True  world=(-580.0, 180.5)
b03 finish — <none>
b04 start  — <none>
b04 finish rc=(567, 440)  t=240.0  completed=False  world=(-1720.0, -3689.5)
b05 start  — <none>
b05 finish — <none>
=== end ===

— end dump —


— after _mark_anchor_completed(bdy=4, role=finish, by=<groundcrew.GroundCrewAgent object at 0x000001D54CC59410>) —

=== boundary_anchors (NOW) ===
b00 start  — <none>
b00 finish — <none>
b01 start  rc=(389, 543)  t=240.0  completed=False  world=(1370.0, 1650.5)
b01 finish — <none>
b02 start  — <none>
b02 finish rc=(389, 487)  t=240.0  completed=False  world=(-310.0, 1650.5)
b03 start  rc=(438, 478)  t=240.0  completed=True  world=(-580.0, 180.5)
b03 finish — <none>
b04 start  — <none>
b04 finish rc=(567, 440)  t=240.0  completed=True  world=(-1720.0, -3689.5)
b05 start  — <none>
b05 finish — <none>
=== end ===

— end dump —

Using multi-phase propagation with wind schedule.
[GC#02] updated fire after clearing batch
[START] GC#01 using ANCHOR (unspecified source) → start (389, 543) on boundary 1
Start:  (389, 543)
Finish:  (389, 487)
[GC#01] fire-line length 131 cells (136.9 min; full plan)

— after _mark_anchor_completed(bdy=1, role=start, by=None) —

=== boundary_anchors (NOW) ===
b00 start  — <none>
b00 finish — <none>
b01 start  rc=(389, 543)  t=240.0  completed=True  world=(1370.0, 1650.5)
b01 finish — <none>
b02 start  — <none>
b02 finish rc=(389, 487)  t=240.0  completed=False  world=(-310.0, 1650.5)
b03 start  rc=(438, 478)  t=240.0  completed=True  world=(-580.0, 180.5)
b03 finish — <none>
b04 start  — <none>
b04 finish rc=(567, 440)  t=240.0  completed=True  world=(-1720.0, -3689.5)
b05 start  — <none>
b05 finish — <none>
=== end ===

— end dump —


— after _mark_anchor_completed(bdy=2, role=finish, by=<groundcrew.GroundCrewAgent object at 0x000001D54C059E90>) —

=== boundary_anchors (NOW) ===
b00 start  — <none>
b00 finish — <none>
b01 start  rc=(389, 543)  t=240.0  completed=True  world=(1370.0, 1650.5)
b01 finish — <none>
b02 start  — <none>
b02 finish rc=(389, 487)  t=240.0  completed=True  world=(-310.0, 1650.5)
b03 start  rc=(438, 478)  t=240.0  completed=True  world=(-580.0, 180.5)
b03 finish — <none>
b04 start  — <none>
b04 finish rc=(567, 440)  t=240.0  completed=True  world=(-1720.0, -3689.5)
b05 start  — <none>
b05 finish — <none>
=== end ===

— end dump —

  → selected [  68.54540584 1471.1032273 ] as drop point
FLUSHED
Using multi-phase propagation with wind schedule.
DROP RAN
[DEBUG] AT#00  finished drop in sector 1 – notifying ground crews
[DEBUG] GC#01  attempting re-plan… remaining path = 131 cells
[DEBUG] GC#01 start@(389, 543)  raw_arr=514.5  now=301.0  mtt=213.5  within_buffer=False
[START] GC#01 using ANCHOR (unspecified source) → start (389, 543) on boundary 1
Start:  (389, 543)
Finish:  (389, 487)
[GC#01] fire-line length 131 cells (136.9 min; full plan)
[DEBUG] GC#01  new path accepted (length 131, ETA 136.9 min)
Using multi-phase propagation with wind schedule.
[GC#02] updated fire after clearing batch
Using multi-phase propagation with wind schedule.
[GC#02] updated fire after clearing batch
Using multi-phase propagation with wind schedule.
[GC#02] updated fire after clearing batch
Using multi-phase propagation with wind schedule.
[GC#01] updated fire after clearing batch
Using multi-phase propagation with wind schedule.
[GC#01] updated fire after clearing batch
  → selected [-152.67648872 1213.1033804 ] as drop point
FLUSHED
FLUSHED
Using multi-phase propagation with wind schedule.
DROP RAN
[DEBUG] AT#00  finished drop in sector 1 – notifying ground crews
[DEBUG] GC#01  attempting re-plan… remaining path = 131 cells
[DEBUG] GC#01 start@(390, 512)  raw_arr=inf  now=346.0  mtt=nan  within_buffer=False
[START] GC#01 using NEW (buffered by planner) → start (390, 512) on boundary 1
Start:  (390, 512)
Finish:  (389, 487)
[GC#01] fire-line length 69 cells (28.3 min; full plan)
[DEBUG] GC#01  new path accepted (length 69, ETA 28.3 min)
Using multi-phase propagation with wind schedule.
[GC#02] updated fire after clearing batch
Applied action {'FireHercAgent': (2,), 'GroundCrewAgent': (2, 4)} at t=360 min
[ICS] open=[0, 1, 2, 3, 4, 5]  crew_order=[1, 3, 2, 0, 4, 5]  weights={0: 138.0, 1: 1488.0, 2: 693.0, 3: 805.0, 4: 45.0, 5: 14.0}
simulating in place
Using multi-phase propagation with wind schedule.
[GC#01] updated fire after clearing batch
Using multi-phase propagation with wind schedule.
[GC#01] updated fire after clearing batch
Sector contained  1

— after _mark_anchor_completed(bdy=1, role=start, by=None) —

=== boundary_anchors (NOW) ===
b00 start  — <none>
b00 finish — <none>
b01 start  rc=(389, 543)  t=240.0  completed=True  world=(1370.0, 1650.5)
b01 finish — <none>
b02 start  — <none>
b02 finish rc=(389, 487)  t=240.0  completed=True  world=(-310.0, 1650.5)
b03 start  rc=(438, 478)  t=240.0  completed=True  world=(-580.0, 180.5)
b03 finish — <none>
b04 start  — <none>
b04 finish rc=(567, 440)  t=240.0  completed=True  world=(-1720.0, -3689.5)
b05 start  — <none>
b05 finish — <none>
=== end ===

— end dump —


— after _mark_anchor_completed(bdy=2, role=finish, by=None) —

=== boundary_anchors (NOW) ===
b00 start  — <none>
b00 finish — <none>
b01 start  rc=(389, 543)  t=240.0  completed=True  world=(1370.0, 1650.5)
b01 finish — <none>
b02 start  — <none>
b02 finish rc=(389, 487)  t=240.0  completed=True  world=(-310.0, 1650.5)
b03 start  rc=(438, 478)  t=240.0  completed=True  world=(-580.0, 180.5)
b03 finish — <none>
b04 start  — <none>
b04 finish rc=(567, 440)  t=240.0  completed=True  world=(-1720.0, -3689.5)
b05 start  — <none>
b05 finish — <none>
=== end ===

— end dump —

[GC#01] Sector 1 contained → Standby
Using multi-phase propagation with wind schedule.
[GC#02] updated fire after clearing batch
Using multi-phase propagation with wind schedule.
[GC#02] updated fire after clearing batch
  → selected [1286.8308491  1686.01681566] as drop point
FLUSHED
Using multi-phase propagation with wind schedule.
DROP RAN
[DEBUG] AT#00  finished drop in sector 0 – notifying ground crews
Using multi-phase propagation with wind schedule.
[GC#02] updated fire after clearing batch
Using multi-phase propagation with wind schedule.
[GC#02] updated fire after clearing batch
  → selected [1806.65440487 1666.41134787] as drop point
Using multi-phase propagation with wind schedule.
DROP RAN
[DEBUG] AT#00  finished drop in sector 0 – notifying ground crews
Applied action {'FireHercAgent': (1,), 'GroundCrewAgent': (2, 4)} at t=480 min
[ICS] open=[0, 2, 3, 4, 5]  crew_order=[3, 2, 0, 4, 5]  weights={0: 138.0, 2: 693.0, 3: 805.0, 4: 45.0, 5: 14.0}
simulating in place

— after _record_anchor(bdy=3, role=start, cell=(438, 478), by=None) —

=== boundary_anchors (NOW) ===
b00 start  — <none>
b00 finish — <none>
b01 start  rc=(389, 543)  t=240.0  completed=True  world=(1370.0, 1650.5)
b01 finish — <none>
b02 start  — <none>
b02 finish rc=(389, 487)  t=240.0  completed=True  world=(-310.0, 1650.5)
b03 start  rc=(438, 478)  t=480.0  completed=False  world=(-580.0, 180.5)
b03 finish — <none>
b04 start  — <none>
b04 finish rc=(567, 440)  t=240.0  completed=True  world=(-1720.0, -3689.5)
b05 start  — <none>
b05 finish — <none>
=== end ===

— end dump —


— after _record_anchor(bdy=4, role=finish, cell=(567, 440), by=None) —

=== boundary_anchors (NOW) ===
b00 start  — <none>
b00 finish — <none>
b01 start  rc=(389, 543)  t=240.0  completed=True  world=(1370.0, 1650.5)
b01 finish — <none>
b02 start  — <none>
b02 finish rc=(389, 487)  t=240.0  completed=True  world=(-310.0, 1650.5)
b03 start  rc=(438, 478)  t=480.0  completed=False  world=(-580.0, 180.5)
b03 finish — <none>
b04 start  — <none>
b04 finish rc=(567, 440)  t=480.0  completed=False  world=(-1720.0, -3689.5)
b05 start  — <none>
b05 finish — <none>
=== end ===

— end dump —

[DEBUG] sector 3: start@bdy3 (438, 478)   finish@bdy4 (567, 440)
[GC#01] → sector 3  start (438, 478)  finish (567, 440)
  → selected [ -991.98193419 -1549.44371378] as drop point
FLUSHED
Using multi-phase propagation with wind schedule.
DROP RAN
[DEBUG] AT#00  finished drop in sector 3 – notifying ground crews
[DEBUG] GC#02  attempting re-plan… remaining path = 270 cells
[DEBUG] GC#02 start@(569, 431)  raw_arr=inf  now=484.0  mtt=nan  within_buffer=False
[START] GC#02 using NEW (buffered by planner) → start (569, 431) on boundary 3
Start:  (569, 431)
Finish:  (567, 440)
[GC#02] fire-line length 12 cells (9.4 min; full plan)
[DEBUG] GC#02  new path accepted (length 12, ETA 9.4 min)
Using multi-phase propagation with wind schedule.
[GC#02] updated fire after clearing batch
Sector contained  3

— after _mark_anchor_completed(bdy=3, role=start, by=None) —

=== boundary_anchors (NOW) ===
b00 start  — <none>
b00 finish — <none>
b01 start  rc=(389, 543)  t=240.0  completed=True  world=(1370.0, 1650.5)
b01 finish — <none>
b02 start  — <none>
b02 finish rc=(389, 487)  t=240.0  completed=True  world=(-310.0, 1650.5)
b03 start  rc=(438, 478)  t=480.0  completed=True  world=(-580.0, 180.5)
b03 finish — <none>
b04 start  — <none>
b04 finish rc=(567, 440)  t=480.0  completed=False  world=(-1720.0, -3689.5)
b05 start  — <none>
b05 finish — <none>
=== end ===

— end dump —


— after _mark_anchor_completed(bdy=4, role=finish, by=None) —

=== boundary_anchors (NOW) ===
b00 start  — <none>
b00 finish — <none>
b01 start  rc=(389, 543)  t=240.0  completed=True  world=(1370.0, 1650.5)
b01 finish — <none>
b02 start  — <none>
b02 finish rc=(389, 487)  t=240.0  completed=True  world=(-310.0, 1650.5)
b03 start  rc=(438, 478)  t=480.0  completed=True  world=(-580.0, 180.5)
b03 finish — <none>
b04 start  — <none>
b04 finish rc=(567, 440)  t=480.0  completed=True  world=(-1720.0, -3689.5)
b05 start  — <none>
b05 finish — <none>
=== end ===

— end dump —

[GC#02] Sector 3 contained → Standby
[START] GC#01 using ANCHOR (unspecified source) → start (438, 478) on boundary 3
Start:  (438, 478)
Finish:  (567, 440)
[GC#01] fire-line length 254 cells (0.0 min; full plan)

— after _mark_anchor_completed(bdy=3, role=start, by=None) —

=== boundary_anchors (NOW) ===
b00 start  — <none>
b00 finish — <none>
b01 start  rc=(389, 543)  t=240.0  completed=True  world=(1370.0, 1650.5)
b01 finish — <none>
b02 start  — <none>
b02 finish rc=(389, 487)  t=240.0  completed=True  world=(-310.0, 1650.5)
b03 start  rc=(438, 478)  t=480.0  completed=True  world=(-580.0, 180.5)
b03 finish — <none>
b04 start  — <none>
b04 finish rc=(567, 440)  t=480.0  completed=True  world=(-1720.0, -3689.5)
b05 start  — <none>
b05 finish — <none>
=== end ===

— end dump —


— after _mark_anchor_completed(bdy=4, role=finish, by=<groundcrew.GroundCrewAgent object at 0x000001D54C059E90>) —

=== boundary_anchors (NOW) ===
b00 start  — <none>
b00 finish — <none>
b01 start  rc=(389, 543)  t=240.0  completed=True  world=(1370.0, 1650.5)
b01 finish — <none>
b02 start  — <none>
b02 finish rc=(389, 487)  t=240.0  completed=True  world=(-310.0, 1650.5)
b03 start  rc=(438, 478)  t=480.0  completed=True  world=(-580.0, 180.5)
b03 finish — <none>
b04 start  — <none>
b04 finish rc=(567, 440)  t=480.0  completed=True  world=(-1720.0, -3689.5)
b05 start  — <none>
b05 finish — <none>
=== end ===

— end dump —

Using multi-phase propagation with wind schedule.
[GC#01] updated fire after clearing batch
Using multi-phase propagation with wind schedule.
[GC#01] updated fire after clearing batch
Using multi-phase propagation with wind schedule.
[GC#01] updated fire after clearing batch
Sector contained  3

— after _mark_anchor_completed(bdy=3, role=start, by=None) —

=== boundary_anchors (NOW) ===
b00 start  — <none>
b00 finish — <none>
b01 start  rc=(389, 543)  t=240.0  completed=True  world=(1370.0, 1650.5)
b01 finish — <none>
b02 start  — <none>
b02 finish rc=(389, 487)  t=240.0  completed=True  world=(-310.0, 1650.5)
b03 start  rc=(438, 478)  t=480.0  completed=True  world=(-580.0, 180.5)
b03 finish — <none>
b04 start  — <none>
b04 finish rc=(567, 440)  t=480.0  completed=True  world=(-1720.0, -3689.5)
b05 start  — <none>
b05 finish — <none>
=== end ===

— end dump —


— after _mark_anchor_completed(bdy=4, role=finish, by=None) —

=== boundary_anchors (NOW) ===
b00 start  — <none>
b00 finish — <none>
b01 start  rc=(389, 543)  t=240.0  completed=True  world=(1370.0, 1650.5)
b01 finish — <none>
b02 start  — <none>
b02 finish rc=(389, 487)  t=240.0  completed=True  world=(-310.0, 1650.5)
b03 start  rc=(438, 478)  t=480.0  completed=True  world=(-580.0, 180.5)
b03 finish — <none>
b04 start  — <none>
b04 finish rc=(567, 440)  t=480.0  completed=True  world=(-1720.0, -3689.5)
b05 start  — <none>
b05 finish — <none>
=== end ===

— end dump —

[GC#01] Sector 3 contained → Standby
  → selected [-1357.12575289 -2122.60469956] as drop point
Using multi-phase propagation with wind schedule.
DROP RAN
[DEBUG] AT#00  finished drop in sector 3 – notifying ground crews
  → selected [-1707.53905782 -2672.64341034] as drop point
Using multi-phase propagation with wind schedule.
DROP RAN
[DEBUG] AT#00  finished drop in sector 3 – notifying ground crews
Applied action {'FireHercAgent': (4,), 'GroundCrewAgent': (4, 3)} at t=600 min
[ICS] open=[0, 2, 4, 5]  crew_order=[2, 0, 4, 5]  weights={0: 138.0, 2: 693.0, 4: 45.0, 5: 14.0}
simulating in place

— after _record_anchor(bdy=3, role=start, cell=(438, 478), by=None) —

=== boundary_anchors (NOW) ===
b00 start  — <none>
b00 finish — <none>
b01 start  rc=(389, 543)  t=240.0  completed=True  world=(1370.0, 1650.5)
b01 finish — <none>
b02 start  — <none>
b02 finish rc=(389, 487)  t=240.0  completed=True  world=(-310.0, 1650.5)
b03 start  rc=(438, 478)  t=600.0  completed=False  world=(-580.0, 180.5)
b03 finish — <none>
b04 start  — <none>
b04 finish rc=(567, 440)  t=480.0  completed=True  world=(-1720.0, -3689.5)
b05 start  — <none>
b05 finish — <none>
=== end ===

— end dump —


— after _record_anchor(bdy=2, role=finish, cell=(389, 487), by=None) —

=== boundary_anchors (NOW) ===
b00 start  — <none>
b00 finish — <none>
b01 start  rc=(389, 543)  t=240.0  completed=True  world=(1370.0, 1650.5)
b01 finish — <none>
b02 start  — <none>
b02 finish rc=(389, 487)  t=600.0  completed=False  world=(-310.0, 1650.5)
b03 start  rc=(438, 478)  t=600.0  completed=False  world=(-580.0, 180.5)
b03 finish — <none>
b04 start  — <none>
b04 finish rc=(567, 440)  t=480.0  completed=True  world=(-1720.0, -3689.5)
b05 start  — <none>
b05 finish — <none>
=== end ===

— end dump —

[DEBUG] sector 2: start@bdy3 (438, 478)   finish@bdy2 (389, 487)
[GC#01] → sector 2  start (438, 478)  finish (389, 487)

— after _record_anchor(bdy=1, role=start, cell=(389, 543), by=None) —

=== boundary_anchors (NOW) ===
b00 start  — <none>
b00 finish — <none>
b01 start  rc=(389, 543)  t=600.0  completed=False  world=(1370.0, 1650.5)
b01 finish — <none>
b02 start  — <none>
b02 finish rc=(389, 487)  t=600.0  completed=False  world=(-310.0, 1650.5)
b03 start  rc=(438, 478)  t=600.0  completed=False  world=(-580.0, 180.5)
b03 finish — <none>
b04 start  — <none>
b04 finish rc=(567, 440)  t=480.0  completed=True  world=(-1720.0, -3689.5)
b05 start  — <none>
b05 finish — <none>
=== end ===

— end dump —


— after _record_anchor(bdy=0, role=finish, cell=(438, 641), by=None) —

=== boundary_anchors (NOW) ===
b00 start  — <none>
b00 finish rc=(438, 641)  t=600.0  completed=False  world=(4310.0, 180.5)
b01 start  rc=(389, 543)  t=600.0  completed=False  world=(1370.0, 1650.5)
b01 finish — <none>
b02 start  — <none>
b02 finish rc=(389, 487)  t=600.0  completed=False  world=(-310.0, 1650.5)
b03 start  rc=(438, 478)  t=600.0  completed=False  world=(-580.0, 180.5)
b03 finish — <none>
b04 start  — <none>
b04 finish rc=(567, 440)  t=480.0  completed=True  world=(-1720.0, -3689.5)
b05 start  — <none>
b05 finish — <none>
=== end ===

— end dump —

[DEBUG] sector 0: start@bdy1 (389, 543)   finish@bdy0 (438, 641)
[GC#02] → sector 0  start (389, 543)  finish (438, 641)
  → selected [-672.83661981  535.60819108] as drop point
Using multi-phase propagation with wind schedule.
DROP RAN
[DEBUG] AT#00  finished drop in sector 2 – notifying ground crews
  → selected [-946.4086233   140.74623721] as drop point
Using multi-phase propagation with wind schedule.
DROP RAN
[DEBUG] AT#00  finished drop in sector 2 – notifying ground crews
  → selected [-1238.9673873     69.80440472] as drop point
Using multi-phase propagation with wind schedule.
DROP RAN
[DEBUG] AT#00  finished drop in sector 2 – notifying ground crews
Applied action {'FireHercAgent': (3,), 'GroundCrewAgent': (3, 1)} at t=720 min
[ICS] open=[0, 2, 4, 5]  crew_order=[2, 0, 4, 5]  weights={0: 138.0, 2: 693.0, 4: 45.0, 5: 14.0}
simulating in place
[START] GC#01 using ANCHOR (unspecified source) → start (438, 478) on boundary 3
Start:  (438, 478)
Finish:  (389, 487)
[GC#01] WARNING: fire intercept at (427, 488) (burn_pen>0) – truncating path at idx 22.
[GC#01] fire-line length 23 cells (4.7 min; ABORTED EARLY)

— after _mark_anchor_completed(bdy=3, role=start, by=None) —

=== boundary_anchors (NOW) ===
b00 start  — <none>
b00 finish rc=(438, 641)  t=600.0  completed=False  world=(4310.0, 180.5)
b01 start  rc=(389, 543)  t=600.0  completed=False  world=(1370.0, 1650.5)
b01 finish — <none>
b02 start  — <none>
b02 finish rc=(389, 487)  t=600.0  completed=False  world=(-310.0, 1650.5)
b03 start  rc=(438, 478)  t=600.0  completed=True  world=(-580.0, 180.5)
b03 finish — <none>
b04 start  — <none>
b04 finish rc=(567, 440)  t=480.0  completed=True  world=(-1720.0, -3689.5)
b05 start  — <none>
b05 finish — <none>
=== end ===

— end dump —


— after _mark_anchor_completed(bdy=2, role=finish, by=<groundcrew.GroundCrewAgent object at 0x000001D54C059E90>) —

=== boundary_anchors (NOW) ===
b00 start  — <none>
b00 finish rc=(438, 641)  t=600.0  completed=False  world=(4310.0, 180.5)
b01 start  rc=(389, 543)  t=600.0  completed=False  world=(1370.0, 1650.5)
b01 finish — <none>
b02 start  — <none>
b02 finish rc=(389, 487)  t=600.0  completed=True  world=(-310.0, 1650.5)
b03 start  rc=(438, 478)  t=600.0  completed=True  world=(-580.0, 180.5)
b03 finish — <none>
b04 start  — <none>
b04 finish rc=(567, 440)  t=480.0  completed=True  world=(-1720.0, -3689.5)
b05 start  — <none>
b05 finish — <none>
=== end ===

— end dump —


— after _mark_anchor_uncompleted(bdy=2, role=finish, by=<groundcrew.GroundCrewAgent object at 0x000001D54C059E90>) —

=== boundary_anchors (NOW) ===
b00 start  — <none>
b00 finish rc=(438, 641)  t=600.0  completed=False  world=(4310.0, 180.5)
b01 start  rc=(389, 543)  t=600.0  completed=False  world=(1370.0, 1650.5)
b01 finish — <none>
b02 start  — <none>
b02 finish rc=(389, 487)  t=600.0  completed=False  world=(-310.0, 1650.5)
b03 start  rc=(438, 478)  t=600.0  completed=True  world=(-580.0, 180.5)
b03 finish — <none>
b04 start  — <none>
b04 finish rc=(567, 440)  t=480.0  completed=True  world=(-1720.0, -3689.5)
b05 start  — <none>
b05 finish — <none>
=== end ===

— end dump —

Using multi-phase propagation with wind schedule.
[GC#01] updated fire after clearing batch
[GC#01] stopped early (fire intercept) – sector 2 NOT contained; awaiting reassignment.
  → selected [-1763.42878901    92.70288404] as drop point
Using multi-phase propagation with wind schedule.
DROP RAN
[DEBUG] AT#00  finished drop in sector 2 – notifying ground crews
[START] GC#02 using ANCHOR (unspecified source) → start (389, 543) on boundary 1
Start:  (389, 543)
Finish:  (438, 641)
[GC#02] WARNING: fire intercept at (388, 549) (burn_pen>0) – truncating path at idx 6.
[GC#02] fire-line length 7 cells (0.0 min; ABORTED EARLY)

— after _mark_anchor_completed(bdy=1, role=start, by=None) —

=== boundary_anchors (NOW) ===
b00 start  — <none>
b00 finish rc=(438, 641)  t=600.0  completed=False  world=(4310.0, 180.5)
b01 start  rc=(389, 543)  t=600.0  completed=True  world=(1370.0, 1650.5)
b01 finish — <none>
b02 start  — <none>
b02 finish rc=(389, 487)  t=600.0  completed=False  world=(-310.0, 1650.5)
b03 start  rc=(438, 478)  t=600.0  completed=True  world=(-580.0, 180.5)
b03 finish — <none>
b04 start  — <none>
b04 finish rc=(567, 440)  t=480.0  completed=True  world=(-1720.0, -3689.5)
b05 start  — <none>
b05 finish — <none>
=== end ===

— end dump —


— after _mark_anchor_completed(bdy=0, role=finish, by=<groundcrew.GroundCrewAgent object at 0x000001D54CC59410>) —

=== boundary_anchors (NOW) ===
b00 start  — <none>
b00 finish rc=(438, 641)  t=600.0  completed=True  world=(4310.0, 180.5)
b01 start  rc=(389, 543)  t=600.0  completed=True  world=(1370.0, 1650.5)
b01 finish — <none>
b02 start  — <none>
b02 finish rc=(389, 487)  t=600.0  completed=False  world=(-310.0, 1650.5)
b03 start  rc=(438, 478)  t=600.0  completed=True  world=(-580.0, 180.5)
b03 finish — <none>
b04 start  — <none>
b04 finish rc=(567, 440)  t=480.0  completed=True  world=(-1720.0, -3689.5)
b05 start  — <none>
b05 finish — <none>
=== end ===

— end dump —


— after _mark_anchor_uncompleted(bdy=0, role=finish, by=<groundcrew.GroundCrewAgent object at 0x000001D54CC59410>) —

=== boundary_anchors (NOW) ===
b00 start  — <none>
b00 finish rc=(438, 641)  t=600.0  completed=False  world=(4310.0, 180.5)
b01 start  rc=(389, 543)  t=600.0  completed=True  world=(1370.0, 1650.5)
b01 finish — <none>
b02 start  — <none>
b02 finish rc=(389, 487)  t=600.0  completed=False  world=(-310.0, 1650.5)
b03 start  rc=(438, 478)  t=600.0  completed=True  world=(-580.0, 180.5)
b03 finish — <none>
b04 start  — <none>
b04 finish rc=(567, 440)  t=480.0  completed=True  world=(-1720.0, -3689.5)
b05 start  — <none>
b05 finish — <none>
=== end ===

— end dump —

Using multi-phase propagation with wind schedule.
[GC#02] updated fire after clearing batch
[GC#02] stopped early (fire intercept) – sector 0 NOT contained; awaiting reassignment.
  → selected [-2407.84125318   120.83853985] as drop point
Using multi-phase propagation with wind schedule.
DROP RAN
[DEBUG] AT#00  finished drop in sector 2 – notifying ground crews
Applied action {'FireHercAgent': (3,), 'GroundCrewAgent': (3, 1)} at t=840 min
[ICS] open=[0, 2, 4, 5]  crew_order=[2, 0, 4, 5]  weights={0: 138.0, 2: 693.0, 4: 45.0, 5: 14.0}
simulating in place

— after _record_anchor(bdy=3, role=start, cell=(438, 478), by=None) —

=== boundary_anchors (NOW) ===
b00 start  — <none>
b00 finish rc=(438, 641)  t=600.0  completed=False  world=(4310.0, 180.5)
b01 start  rc=(389, 543)  t=600.0  completed=True  world=(1370.0, 1650.5)
b01 finish — <none>
b02 start  — <none>
b02 finish rc=(389, 487)  t=600.0  completed=False  world=(-310.0, 1650.5)
b03 start  rc=(438, 478)  t=840.0  completed=False  world=(-580.0, 180.5)
b03 finish — <none>
b04 start  — <none>
b04 finish rc=(567, 440)  t=480.0  completed=True  world=(-1720.0, -3689.5)
b05 start  — <none>
b05 finish — <none>
=== end ===

— end dump —


— after _record_anchor(bdy=2, role=finish, cell=(164, 357), by=None) —

=== boundary_anchors (NOW) ===
b00 start  — <none>
b00 finish rc=(438, 641)  t=600.0  completed=False  world=(4310.0, 180.5)
b01 start  rc=(389, 543)  t=600.0  completed=True  world=(1370.0, 1650.5)
b01 finish — <none>
b02 start  — <none>
b02 finish rc=(164, 357)  t=840.0  completed=False  world=(-4210.0, 8400.5)
b03 start  rc=(438, 478)  t=840.0  completed=False  world=(-580.0, 180.5)
b03 finish — <none>
b04 start  — <none>
b04 finish rc=(567, 440)  t=480.0  completed=True  world=(-1720.0, -3689.5)
b05 start  — <none>
b05 finish — <none>
=== end ===

— end dump —

[DEBUG] sector 2: start@bdy3 (438, 478)   finish@bdy2 (164, 357)
[GC#01] → sector 2  start (438, 478)  finish (164, 357)

— after _record_anchor(bdy=1, role=start, cell=(389, 543), by=None) —

=== boundary_anchors (NOW) ===
b00 start  — <none>
b00 finish rc=(438, 641)  t=600.0  completed=False  world=(4310.0, 180.5)
b01 start  rc=(389, 543)  t=840.0  completed=False  world=(1370.0, 1650.5)
b01 finish — <none>
b02 start  — <none>
b02 finish rc=(164, 357)  t=840.0  completed=False  world=(-4210.0, 8400.5)
b03 start  rc=(438, 478)  t=840.0  completed=False  world=(-580.0, 180.5)
b03 finish — <none>
b04 start  — <none>
b04 finish rc=(567, 440)  t=480.0  completed=True  world=(-1720.0, -3689.5)
b05 start  — <none>
b05 finish — <none>
=== end ===

— end dump —


— after _record_anchor(bdy=0, role=finish, cell=(438, 700), by=None) —

=== boundary_anchors (NOW) ===
b00 start  — <none>
b00 finish rc=(438, 700)  t=840.0  completed=False  world=(6080.0, 180.5)
b01 start  rc=(389, 543)  t=840.0  completed=False  world=(1370.0, 1650.5)
b01 finish — <none>
b02 start  — <none>
b02 finish rc=(164, 357)  t=840.0  completed=False  world=(-4210.0, 8400.5)
b03 start  rc=(438, 478)  t=840.0  completed=False  world=(-580.0, 180.5)
b03 finish — <none>
b04 start  — <none>
b04 finish rc=(567, 440)  t=480.0  completed=True  world=(-1720.0, -3689.5)
b05 start  — <none>
b05 finish — <none>
=== end ===

— end dump —

[DEBUG] sector 0: start@bdy1 (389, 543)   finish@bdy0 (438, 700)
[GC#02] → sector 0  start (389, 543)  finish (438, 700)
[START] GC#02 using ANCHOR (unspecified source) → start (389, 543) on boundary 1
Start:  (389, 543)
Finish:  (438, 700)
[GC#02] fire-line length 251 cells (343.3 min; full plan)

— after _mark_anchor_completed(bdy=1, role=start, by=None) —

=== boundary_anchors (NOW) ===
b00 start  — <none>
b00 finish rc=(438, 700)  t=840.0  completed=False  world=(6080.0, 180.5)
b01 start  rc=(389, 543)  t=840.0  completed=True  world=(1370.0, 1650.5)
b01 finish — <none>
b02 start  — <none>
b02 finish rc=(164, 357)  t=840.0  completed=False  world=(-4210.0, 8400.5)
b03 start  rc=(438, 478)  t=840.0  completed=False  world=(-580.0, 180.5)
b03 finish — <none>
b04 start  — <none>
b04 finish rc=(567, 440)  t=480.0  completed=True  world=(-1720.0, -3689.5)
b05 start  — <none>
b05 finish — <none>
=== end ===

— end dump —


— after _mark_anchor_completed(bdy=0, role=finish, by=<groundcrew.GroundCrewAgent object at 0x000001D54CC59410>) —

=== boundary_anchors (NOW) ===
b00 start  — <none>
b00 finish rc=(438, 700)  t=840.0  completed=True  world=(6080.0, 180.5)
b01 start  rc=(389, 543)  t=840.0  completed=True  world=(1370.0, 1650.5)
b01 finish — <none>
b02 start  — <none>
b02 finish rc=(164, 357)  t=840.0  completed=False  world=(-4210.0, 8400.5)
b03 start  rc=(438, 478)  t=840.0  completed=False  world=(-580.0, 180.5)
b03 finish — <none>
b04 start  — <none>
b04 finish rc=(567, 440)  t=480.0  completed=True  world=(-1720.0, -3689.5)
b05 start  — <none>
b05 finish — <none>
=== end ===

— end dump —

[START] GC#01 using ANCHOR (unspecified source) → start (438, 478) on boundary 3
Start:  (438, 478)
Finish:  (164, 357)
[GC#01] fire-line length 1742 cells (1047.9 min; full plan)

— after _mark_anchor_completed(bdy=3, role=start, by=None) —

=== boundary_anchors (NOW) ===
b00 start  — <none>
b00 finish rc=(438, 700)  t=840.0  completed=True  world=(6080.0, 180.5)
b01 start  rc=(389, 543)  t=840.0  completed=True  world=(1370.0, 1650.5)
b01 finish — <none>
b02 start  — <none>
b02 finish rc=(164, 357)  t=840.0  completed=False  world=(-4210.0, 8400.5)
b03 start  rc=(438, 478)  t=840.0  completed=True  world=(-580.0, 180.5)
b03 finish — <none>
b04 start  — <none>
b04 finish rc=(567, 440)  t=480.0  completed=True  world=(-1720.0, -3689.5)
b05 start  — <none>
b05 finish — <none>
=== end ===

— end dump —


— after _mark_anchor_completed(bdy=2, role=finish, by=<groundcrew.GroundCrewAgent object at 0x000001D54C059E90>) —

=== boundary_anchors (NOW) ===
b00 start  — <none>
b00 finish rc=(438, 700)  t=840.0  completed=True  world=(6080.0, 180.5)
b01 start  rc=(389, 543)  t=840.0  completed=True  world=(1370.0, 1650.5)
b01 finish — <none>
b02 start  — <none>
b02 finish rc=(164, 357)  t=840.0  completed=True  world=(-4210.0, 8400.5)
b03 start  rc=(438, 478)  t=840.0  completed=True  world=(-580.0, 180.5)
b03 finish — <none>
b04 start  — <none>
b04 finish rc=(567, 440)  t=480.0  completed=True  world=(-1720.0, -3689.5)
b05 start  — <none>
b05 finish — <none>
=== end ===

— end dump —

Using multi-phase propagation with wind schedule.
[GC#01] updated fire after clearing batch
Using multi-phase propagation with wind schedule.
[GC#01] updated fire after clearing batch
  → selected [3981.19011828  189.09651999] as drop point
FLUSHED
FLUSHED
Using multi-phase propagation with wind schedule.
DROP RAN
[DEBUG] AT#00  finished drop in sector 0 – notifying ground crews
[DEBUG] GC#02  attempting re-plan… remaining path = 251 cells
[DEBUG] GC#02 start@(393, 576)  raw_arr=inf  now=855.0  mtt=nan  within_buffer=False
[START] GC#02 using NEW (buffered by planner) → start (393, 576) on boundary 1
Start:  (393, 576)
Finish:  (438, 700)
[GC#02] fire-line length 208 cells (255.8 min; full plan)
[DEBUG] GC#02  new path accepted (length 208, ETA 255.8 min)
Using multi-phase propagation with wind schedule.
[GC#01] updated fire after clearing batch
Using multi-phase propagation with wind schedule.
[GC#01] updated fire after clearing batch
Using multi-phase propagation with wind schedule.
[GC#02] updated fire after clearing batch
Using multi-phase propagation with wind schedule.
[GC#01] updated fire after clearing batch
  → selected [3870.13968727  524.34830353] as drop point
FLUSHED
FLUSHED
Using multi-phase propagation with wind schedule.
DROP RAN
[DEBUG] AT#00  finished drop in sector 0 – notifying ground crews
[DEBUG] GC#02  attempting re-plan… remaining path = 208 cells
[DEBUG] GC#02 start@(407, 604)  raw_arr=inf  now=901.0  mtt=nan  within_buffer=False
[START] GC#02 using NEW (buffered by planner) → start (407, 604) on boundary 1
Start:  (407, 604)
Finish:  (438, 700)
[GC#02] fire-line length 164 cells (182.0 min; full plan)
[DEBUG] GC#02  new path accepted (length 164, ETA 182.0 min)
Using multi-phase propagation with wind schedule.
[GC#02] updated fire after clearing batch
Using multi-phase propagation with wind schedule.
[GC#02] updated fire after clearing batch
Using multi-phase propagation with wind schedule.
[GC#02] updated fire after clearing batch
Sector retarded
{0}
Using multi-phase propagation with wind schedule.
[GC#02] updated fire after clearing batch
Applied action {'FireHercAgent': (1,), 'GroundCrewAgent': (3, 1)} at t=960 min
[ICS] open=[0, 2, 4, 5]  crew_order=[2, 0, 4, 5]  weights={0: 138.0, 2: 693.0, 4: 45.0, 5: 14.0}
simulating in place
Using multi-phase propagation with wind schedule.
[GC#02] updated fire after clearing batch
Using multi-phase propagation with wind schedule.
[GC#01] updated fire after clearing batch
Using multi-phase propagation with wind schedule.
[GC#01] updated fire after clearing batch
Sector retarded
{0}
Using multi-phase propagation with wind schedule.
[GC#02] updated fire after clearing batch
Applied action {'FireHercAgent': (1,), 'GroundCrewAgent': (3, 1)} at t=1080 min
[ICS] open=[0, 2, 4, 5]  crew_order=[2, 0, 4, 5]  weights={0: 138.0, 2: 693.0, 4: 45.0, 5: 14.0}
simulating in place
Using multi-phase propagation with wind schedule.
[GC#02] updated fire after clearing batch
Sector contained  0

— after _mark_anchor_completed(bdy=1, role=start, by=None) —

=== boundary_anchors (NOW) ===
b00 start  — <none>
b00 finish rc=(438, 700)  t=840.0  completed=True  world=(6080.0, 180.5)
b01 start  rc=(389, 543)  t=840.0  completed=True  world=(1370.0, 1650.5)
b01 finish — <none>
b02 start  — <none>
b02 finish rc=(164, 357)  t=840.0  completed=True  world=(-4210.0, 8400.5)
b03 start  rc=(438, 478)  t=840.0  completed=True  world=(-580.0, 180.5)
b03 finish — <none>
b04 start  — <none>
b04 finish rc=(567, 440)  t=480.0  completed=True  world=(-1720.0, -3689.5)
b05 start  — <none>
b05 finish — <none>
=== end ===

— end dump —


— after _mark_anchor_completed(bdy=0, role=finish, by=None) —

=== boundary_anchors (NOW) ===
b00 start  — <none>
b00 finish rc=(438, 700)  t=840.0  completed=True  world=(6080.0, 180.5)
b01 start  rc=(389, 543)  t=840.0  completed=True  world=(1370.0, 1650.5)
b01 finish — <none>
b02 start  — <none>
b02 finish rc=(164, 357)  t=840.0  completed=True  world=(-4210.0, 8400.5)
b03 start  rc=(438, 478)  t=840.0  completed=True  world=(-580.0, 180.5)
b03 finish — <none>
b04 start  — <none>
b04 finish rc=(567, 440)  t=480.0  completed=True  world=(-1720.0, -3689.5)
b05 start  — <none>
b05 finish — <none>
=== end ===

— end dump —

[GC#02] Sector 0 contained → Standby
Using multi-phase propagation with wind schedule.
[GC#01] updated fire after clearing batch
  → selected [-4583.91664535  1462.36931546] as drop point
FLUSHED
Using multi-phase propagation with wind schedule.
DROP RAN
[DEBUG] AT#00  finished drop in sector 2 – notifying ground crews
[DEBUG] GC#01  attempting re-plan… remaining path = 1742 cells
[DEBUG] GC#01 start@(680, 357)  raw_arr=inf  now=1129.0  mtt=nan  within_buffer=False
[START] GC#01 using NEW (buffered by planner) → start (680, 357) on boundary 3
Start:  (680, 357)
Finish:  (164, 357)
[GC#01] fire-line length 1359 cells (751.2 min; full plan)
[DEBUG] GC#01  new path accepted (length 1359, ETA 751.2 min)
  → selected [-5216.59917102   243.47155894] as drop point
FLUSHED
Using multi-phase propagation with wind schedule.
DROP RAN
[DEBUG] AT#00  finished drop in sector 2 – notifying ground crews
[DEBUG] GC#01  attempting re-plan… remaining path = 1359 cells
[DEBUG] GC#01 start@(692, 351)  raw_arr=inf  now=1176.0  mtt=nan  within_buffer=False
[START] GC#01 using NEW (buffered by planner) → start (692, 351) on boundary 3
Start:  (692, 351)
Finish:  (164, 357)
[GC#01] fire-line length 1341 cells (704.1 min; full plan)
[DEBUG] GC#01  new path accepted (length 1341, ETA 704.1 min)
Using multi-phase propagation with wind schedule.
[GC#01] updated fire after clearing batch
Using multi-phase propagation with wind schedule.
[GC#01] updated fire after clearing batch
Using multi-phase propagation with wind schedule.
[GC#01] updated fire after clearing batch
Using multi-phase propagation with wind schedule.
[GC#01] updated fire after clearing batch
Using multi-phase propagation with wind schedule.
[GC#01] updated fire after clearing batch
Using multi-phase propagation with wind schedule.
[GC#01] updated fire after clearing batch
Using multi-phase propagation with wind schedule.
[GC#01] updated fire after clearing batch
Using multi-phase propagation with wind schedule.
[GC#01] updated fire after clearing batch
Using multi-phase propagation with wind schedule.
[GC#01] updated fire after clearing batch
Using multi-phase propagation with wind schedule.
[GC#01] updated fire after clearing batch
Using multi-phase propagation with wind schedule.
[GC#01] updated fire after clearing batch
Using multi-phase propagation with wind schedule.
[GC#01] updated fire after clearing batch
Using multi-phase propagation with wind schedule.
[GC#01] updated fire after clearing batch
Applied action {'FireHercAgent': (3,), 'GroundCrewAgent': (3, 1)} at t=1200 min
[ICS] open=[2, 4, 5]  crew_order=[2, 4, 5]  weights={2: 693.0, 4: 45.0, 5: 14.0}
simulating in place

— after _record_anchor(bdy=2, role=start, cell=(164, 357), by=None) —

=== boundary_anchors (NOW) ===
b00 start  — <none>
b00 finish rc=(438, 700)  t=840.0  completed=True  world=(6080.0, 180.5)
b01 start  rc=(389, 543)  t=840.0  completed=True  world=(1370.0, 1650.5)
b01 finish — <none>
b02 start  rc=(164, 357)  t=1200.0  completed=False  world=(-4210.0, 8400.5)
b02 finish rc=(164, 357)  t=840.0  completed=True  world=(-4210.0, 8400.5)
b03 start  rc=(438, 478)  t=840.0  completed=True  world=(-580.0, 180.5)
b03 finish — <none>
b04 start  — <none>
b04 finish rc=(567, 440)  t=480.0  completed=True  world=(-1720.0, -3689.5)
b05 start  — <none>
b05 finish — <none>
=== end ===

— end dump —


— after _record_anchor(bdy=3, role=finish, cell=(438, 478), by=None) —

=== boundary_anchors (NOW) ===
b00 start  — <none>
b00 finish rc=(438, 700)  t=840.0  completed=True  world=(6080.0, 180.5)
b01 start  rc=(389, 543)  t=840.0  completed=True  world=(1370.0, 1650.5)
b01 finish — <none>
b02 start  rc=(164, 357)  t=1200.0  completed=False  world=(-4210.0, 8400.5)
b02 finish rc=(164, 357)  t=840.0  completed=True  world=(-4210.0, 8400.5)
b03 start  rc=(438, 478)  t=840.0  completed=True  world=(-580.0, 180.5)
b03 finish rc=(438, 478)  t=1200.0  completed=False  world=(-580.0, 180.5)
b04 start  — <none>
b04 finish rc=(567, 440)  t=480.0  completed=True  world=(-1720.0, -3689.5)
b05 start  — <none>
b05 finish — <none>
=== end ===

— end dump —

[DEBUG] sector 2: start@bdy2 (164, 357)   finish@bdy3 (438, 478)
[GC#02] → sector 2  start (164, 357)  finish (438, 478)
Using multi-phase propagation with wind schedule.
[GC#01] updated fire after clearing batch
Using multi-phase propagation with wind schedule.
[GC#01] updated fire after clearing batch
  → selected [-5759.26092806   267.16468294] as drop point
FLUSHED
Using multi-phase propagation with wind schedule.
DROP RAN
[DEBUG] AT#00  finished drop in sector 2 – notifying ground crews
[DEBUG] GC#01  attempting re-plan… remaining path = 1341 cells
[DEBUG] GC#01 start@(515, 156)  raw_arr=inf  now=1223.0  mtt=nan  within_buffer=False
[START] GC#01 using NEW (buffered by planner) → start (515, 156) on boundary 3
Start:  (515, 156)
Finish:  (164, 357)
[GC#01] fire-line length 915 cells (328.5 min; full plan)
[DEBUG] GC#01  new path accepted (length 915, ETA 328.5 min)
Using multi-phase propagation with wind schedule.
[GC#01] updated fire after clearing batch
Using multi-phase propagation with wind schedule.
[GC#01] updated fire after clearing batch
Using multi-phase propagation with wind schedule.
[GC#01] updated fire after clearing batch
Using multi-phase propagation with wind schedule.
[GC#01] updated fire after clearing batch
Using multi-phase propagation with wind schedule.
[GC#01] updated fire after clearing batch
Using multi-phase propagation with wind schedule.
[GC#01] updated fire after clearing batch
Using multi-phase propagation with wind schedule.
[GC#01] updated fire after clearing batch
Using multi-phase propagation with wind schedule.
[GC#01] updated fire after clearing batch
Using multi-phase propagation with wind schedule.
[GC#01] updated fire after clearing batch
  → selected [-6946.52201986   319.00162168] as drop point
FLUSHED
Using multi-phase propagation with wind schedule.
DROP RAN
[DEBUG] AT#00  finished drop in sector 2 – notifying ground crews
[DEBUG] GC#01  attempting re-plan… remaining path = 915 cells
[DEBUG] GC#01 start@(394, 31)  raw_arr=inf  now=1269.0  mtt=nan  within_buffer=False
[START] GC#01 using NEW (buffered by planner) → start (394, 31) on boundary 3
Start:  (394, 31)
Finish:  (164, 357)
[GC#01] fire-line length 669 cells (283.8 min; full plan)
[DEBUG] GC#01  new path accepted (length 669, ETA 283.8 min)
Using multi-phase propagation with wind schedule.
[GC#01] updated fire after clearing batch
Using multi-phase propagation with wind schedule.
[GC#01] updated fire after clearing batch
Using multi-phase propagation with wind schedule.
[GC#01] updated fire after clearing batch
Using multi-phase propagation with wind schedule.
[GC#01] updated fire after clearing batch
Using multi-phase propagation with wind schedule.
[GC#01] updated fire after clearing batch
Using multi-phase propagation with wind schedule.
[GC#01] updated fire after clearing batch
Using multi-phase propagation with wind schedule.
[GC#01] updated fire after clearing batch
Using multi-phase propagation with wind schedule.
[GC#01] updated fire after clearing batch
  → selected [-2132.07361505  3370.01310771] as drop point
FLUSHED
Using multi-phase propagation with wind schedule.
DROP RAN
[DEBUG] AT#00  finished drop in sector 2 – notifying ground crews
[DEBUG] GC#01  attempting re-plan… remaining path = 669 cells
[DEBUG] GC#01 start@(270, 86)  raw_arr=inf  now=1316.0  mtt=nan  within_buffer=False
[START] GC#01 using NEW (buffered by planner) → start (270, 86) on boundary 3
Start:  (270, 86)
Finish:  (164, 357)
[GC#01] fire-line length 466 cells (232.7 min; full plan)
[DEBUG] GC#01  new path accepted (length 466, ETA 232.7 min)
Applied action {'FireHercAgent': (3,), 'GroundCrewAgent': (3, 5)} at t=1320 min
[ICS] open=[2, 4, 5]  crew_order=[2, 4, 5]  weights={2: 693.0, 4: 45.0, 5: 14.0}
simulating in place
Using multi-phase propagation with wind schedule.
[GC#01] updated fire after clearing batch
Using multi-phase propagation with wind schedule.
[GC#01] updated fire after clearing batch
Using multi-phase propagation with wind schedule.
[GC#01] updated fire after clearing batch
  → selected [-2555.26886729  4034.29659145] as drop point
FLUSHED
Using multi-phase propagation with wind schedule.
DROP RAN
[DEBUG] AT#00  finished drop in sector 2 – notifying ground crews
[DEBUG] GC#01  attempting re-plan… remaining path = 466 cells
[DEBUG] GC#01 start@(204, 104)  raw_arr=inf  now=1361.0  mtt=nan  within_buffer=False
[START] GC#01 using NEW (buffered by planner) → start (204, 104) on boundary 3
Start:  (204, 104)
Finish:  (164, 357)
[GC#01] fire-line length 394 cells (183.7 min; full plan)
[DEBUG] GC#01  new path accepted (length 394, ETA 183.7 min)
Using multi-phase propagation with wind schedule.
[GC#01] updated fire after clearing batch
Using multi-phase propagation with wind schedule.
[GC#01] updated fire after clearing batch
Using multi-phase propagation with wind schedule.
[GC#01] updated fire after clearing batch
  → selected [-3586.98566367  4696.64845225] as drop point
FLUSHED
Using multi-phase propagation with wind schedule.
DROP RAN
[DEBUG] AT#00  finished drop in sector 2 – notifying ground crews
[DEBUG] GC#01  attempting re-plan… remaining path = 394 cells
[DEBUG] GC#01 start@(158, 139)  raw_arr=inf  now=1407.0  mtt=nan  within_buffer=False
[START] GC#01 using NEW (buffered by planner) → start (158, 139) on boundary 3
Start:  (158, 139)
Finish:  (164, 357)
[GC#01] fire-line length 313 cells (136.6 min; full plan)
[DEBUG] GC#01  new path accepted (length 313, ETA 136.6 min)
Using multi-phase propagation with wind schedule.
[GC#01] updated fire after clearing batch
Using multi-phase propagation with wind schedule.
[GC#01] updated fire after clearing batch
Using multi-phase propagation with wind schedule.
[GC#01] updated fire after clearing batch
Using multi-phase propagation with wind schedule.
[GC#01] updated fire after clearing batch
Applied action {'FireHercAgent': (3,), 'GroundCrewAgent': (3, 5)} at t=1440 min
[ICS] open=[2, 4, 5]  crew_order=[2, 4, 5]  weights={2: 693.0, 4: 45.0, 5: 14.0}
simulating in place
Using multi-phase propagation with wind schedule.
[GC#01] updated fire after clearing batch
Using multi-phase propagation with wind schedule.
[GC#01] updated fire after clearing batch
  → selected [-8905.95640225   404.55237439] as drop point
FLUSHED
Using multi-phase propagation with wind schedule.
DROP RAN
[DEBUG] AT#00  finished drop in sector 2 – notifying ground crews
[DEBUG] GC#01  attempting re-plan… remaining path = 313 cells
[DEBUG] GC#01 start@(180, 244)  raw_arr=inf  now=1454.0  mtt=nan  within_buffer=False
[START] GC#01 using NEW (buffered by planner) → start (180, 244) on boundary 3
Start:  (180, 244)
Finish:  (164, 357)
[GC#01] fire-line length 156 cells (89.5 min; full plan)
[DEBUG] GC#01  new path accepted (length 156, ETA 89.5 min)
Using multi-phase propagation with wind schedule.
[GC#01] updated fire after clearing batch
Using multi-phase propagation with wind schedule.
[GC#01] updated fire after clearing batch
Using multi-phase propagation with wind schedule.
[GC#01] updated fire after clearing batch
Using multi-phase propagation with wind schedule.
[GC#01] updated fire after clearing batch
  → selected [-7444.9855851   3101.37373693] as drop point
FLUSHED
Using multi-phase propagation with wind schedule.
DROP RAN
[DEBUG] AT#00  finished drop in sector 2 – notifying ground crews
[DEBUG] GC#01  attempting re-plan… remaining path = 156 cells
[DEBUG] GC#01 start@(155, 322)  raw_arr=inf  now=1500.0  mtt=nan  within_buffer=False
[START] GC#01 using NEW (buffered by planner) → start (155, 322) on boundary 3
Start:  (155, 322)
Finish:  (164, 357)
[GC#01] fire-line length 51 cells (42.4 min; full plan)
[DEBUG] GC#01  new path accepted (length 51, ETA 42.4 min)
Using multi-phase propagation with wind schedule.
[GC#01] updated fire after clearing batch
Using multi-phase propagation with wind schedule.
[GC#01] updated fire after clearing batch
[START] GC#02 using ANCHOR (unspecified source) → start (164, 357) on boundary 2
Start:  (164, 357)
Finish:  (438, 478)
[GC#02] fire-line length 1710 cells (2.4 min; full plan)

— after _mark_anchor_completed(bdy=2, role=start, by=None) —

=== boundary_anchors (NOW) ===
b00 start  — <none>
b00 finish rc=(438, 700)  t=840.0  completed=True  world=(6080.0, 180.5)
b01 start  rc=(389, 543)  t=840.0  completed=True  world=(1370.0, 1650.5)
b01 finish — <none>
b02 start  rc=(164, 357)  t=1200.0  completed=True  world=(-4210.0, 8400.5)
b02 finish rc=(164, 357)  t=840.0  completed=True  world=(-4210.0, 8400.5)
b03 start  rc=(438, 478)  t=840.0  completed=True  world=(-580.0, 180.5)
b03 finish rc=(438, 478)  t=1200.0  completed=False  world=(-580.0, 180.5)
b04 start  — <none>
b04 finish rc=(567, 440)  t=480.0  completed=True  world=(-1720.0, -3689.5)
b05 start  — <none>
b05 finish — <none>
=== end ===

— end dump —


— after _mark_anchor_completed(bdy=3, role=finish, by=<groundcrew.GroundCrewAgent object at 0x000001D54CC59410>) —

=== boundary_anchors (NOW) ===
b00 start  — <none>
b00 finish rc=(438, 700)  t=840.0  completed=True  world=(6080.0, 180.5)
b01 start  rc=(389, 543)  t=840.0  completed=True  world=(1370.0, 1650.5)
b01 finish — <none>
b02 start  rc=(164, 357)  t=1200.0  completed=True  world=(-4210.0, 8400.5)
b02 finish rc=(164, 357)  t=840.0  completed=True  world=(-4210.0, 8400.5)
b03 start  rc=(438, 478)  t=840.0  completed=True  world=(-580.0, 180.5)
b03 finish rc=(438, 478)  t=1200.0  completed=True  world=(-580.0, 180.5)
b04 start  — <none>
b04 finish rc=(567, 440)  t=480.0  completed=True  world=(-1720.0, -3689.5)
b05 start  — <none>
b05 finish — <none>
=== end ===

— end dump —

Using multi-phase propagation with wind schedule.
[GC#01] updated fire after clearing batch
Sector contained  2

— after _mark_anchor_completed(bdy=3, role=start, by=None) —

=== boundary_anchors (NOW) ===
b00 start  — <none>
b00 finish rc=(438, 700)  t=840.0  completed=True  world=(6080.0, 180.5)
b01 start  rc=(389, 543)  t=840.0  completed=True  world=(1370.0, 1650.5)
b01 finish — <none>
b02 start  rc=(164, 357)  t=1200.0  completed=True  world=(-4210.0, 8400.5)
b02 finish rc=(164, 357)  t=840.0  completed=True  world=(-4210.0, 8400.5)
b03 start  rc=(438, 478)  t=840.0  completed=True  world=(-580.0, 180.5)
b03 finish rc=(438, 478)  t=1200.0  completed=True  world=(-580.0, 180.5)
b04 start  — <none>
b04 finish rc=(567, 440)  t=480.0  completed=True  world=(-1720.0, -3689.5)
b05 start  — <none>
b05 finish — <none>
=== end ===

— end dump —


— after _mark_anchor_completed(bdy=2, role=finish, by=None) —

=== boundary_anchors (NOW) ===
b00 start  — <none>
b00 finish rc=(438, 700)  t=840.0  completed=True  world=(6080.0, 180.5)
b01 start  rc=(389, 543)  t=840.0  completed=True  world=(1370.0, 1650.5)
b01 finish — <none>
b02 start  rc=(164, 357)  t=1200.0  completed=True  world=(-4210.0, 8400.5)
b02 finish rc=(164, 357)  t=840.0  completed=True  world=(-4210.0, 8400.5)
b03 start  rc=(438, 478)  t=840.0  completed=True  world=(-580.0, 180.5)
b03 finish rc=(438, 478)  t=1200.0  completed=True  world=(-580.0, 180.5)
b04 start  — <none>
b04 finish rc=(567, 440)  t=480.0  completed=True  world=(-1720.0, -3689.5)
b05 start  — <none>
b05 finish — <none>
=== end ===

— end dump —

[GC#01] Sector 2 contained → Standby
Using multi-phase propagation with wind schedule.
[GC#02] updated fire after clearing batch
Using multi-phase propagation with wind schedule.
[GC#02] updated fire after clearing batch
Using multi-phase propagation with wind schedule.
[GC#02] updated fire after clearing batch
Using multi-phase propagation with wind schedule.
[GC#02] updated fire after clearing batch
Using multi-phase propagation with wind schedule.
[GC#02] updated fire after clearing batch
Using multi-phase propagation with wind schedule.
[GC#02] updated fire after clearing batch
Using multi-phase propagation with wind schedule.
[GC#02] updated fire after clearing batch
Using multi-phase propagation with wind schedule.
[GC#02] updated fire after clearing batch
Using multi-phase propagation with wind schedule.
[GC#02] updated fire after clearing batch
Using multi-phase propagation with wind schedule.
[GC#02] updated fire after clearing batch
Using multi-phase propagation with wind schedule.
[GC#02] updated fire after clearing batch
Using multi-phase propagation with wind schedule.
[GC#02] updated fire after clearing batch
Using multi-phase propagation with wind schedule.
[GC#02] updated fire after clearing batch
Using multi-phase propagation with wind schedule.
[GC#02] updated fire after clearing batch
Using multi-phase propagation with wind schedule.
[GC#02] updated fire after clearing batch
Using multi-phase propagation with wind schedule.
[GC#02] updated fire after clearing batch
Using multi-phase propagation with wind schedule.
[GC#02] updated fire after clearing batch
Sector contained  2

— after _mark_anchor_completed(bdy=2, role=start, by=None) —

=== boundary_anchors (NOW) ===
b00 start  — <none>
b00 finish rc=(438, 700)  t=840.0  completed=True  world=(6080.0, 180.5)
b01 start  rc=(389, 543)  t=840.0  completed=True  world=(1370.0, 1650.5)
b01 finish — <none>
b02 start  rc=(164, 357)  t=1200.0  completed=True  world=(-4210.0, 8400.5)
b02 finish rc=(164, 357)  t=840.0  completed=True  world=(-4210.0, 8400.5)
b03 start  rc=(438, 478)  t=840.0  completed=True  world=(-580.0, 180.5)
b03 finish rc=(438, 478)  t=1200.0  completed=True  world=(-580.0, 180.5)
b04 start  — <none>
b04 finish rc=(567, 440)  t=480.0  completed=True  world=(-1720.0, -3689.5)
b05 start  — <none>
b05 finish — <none>
=== end ===

— end dump —


— after _mark_anchor_completed(bdy=3, role=finish, by=None) —

=== boundary_anchors (NOW) ===
b00 start  — <none>
b00 finish rc=(438, 700)  t=840.0  completed=True  world=(6080.0, 180.5)
b01 start  rc=(389, 543)  t=840.0  completed=True  world=(1370.0, 1650.5)
b01 finish — <none>
b02 start  rc=(164, 357)  t=1200.0  completed=True  world=(-4210.0, 8400.5)
b02 finish rc=(164, 357)  t=840.0  completed=True  world=(-4210.0, 8400.5)
b03 start  rc=(438, 478)  t=840.0  completed=True  world=(-580.0, 180.5)
b03 finish rc=(438, 478)  t=1200.0  completed=True  world=(-580.0, 180.5)
b04 start  — <none>
b04 finish rc=(567, 440)  t=480.0  completed=True  world=(-1720.0, -3689.5)
b05 start  — <none>
b05 finish — <none>
=== end ===

— end dump —

[GC#02] Sector 2 contained → Standby
  → selected [-7778.45314097  3239.50052118] as drop point
Using multi-phase propagation with wind schedule.
DROP RAN
[DEBUG] AT#00  finished drop in sector 2 – notifying ground crews
Applied action {'FireHercAgent': (3,), 'GroundCrewAgent': (3, 5)} at t=1560 min
[ICS] open=[4, 5]  crew_order=[4, 5]  weights={4: 45.0, 5: 14.0}
simulating in place

— after _record_anchor(bdy=4, role=start, cell=(567, 440), by=None) —

=== boundary_anchors (NOW) ===
b00 start  — <none>
b00 finish rc=(438, 700)  t=840.0  completed=True  world=(6080.0, 180.5)
b01 start  rc=(389, 543)  t=840.0  completed=True  world=(1370.0, 1650.5)
b01 finish — <none>
b02 start  rc=(164, 357)  t=1200.0  completed=True  world=(-4210.0, 8400.5)
b02 finish rc=(164, 357)  t=840.0  completed=True  world=(-4210.0, 8400.5)
b03 start  rc=(438, 478)  t=840.0  completed=True  world=(-580.0, 180.5)
b03 finish rc=(438, 478)  t=1200.0  completed=True  world=(-580.0, 180.5)
b04 start  rc=(567, 440)  t=1560.0  completed=False  world=(-1720.0, -3689.5)
b04 finish rc=(567, 440)  t=480.0  completed=True  world=(-1720.0, -3689.5)
b05 start  — <none>
b05 finish — <none>
=== end ===

— end dump —


— after _record_anchor(bdy=5, role=finish, cell=(760, 701), by=None) —

=== boundary_anchors (NOW) ===
b00 start  — <none>
b00 finish rc=(438, 700)  t=840.0  completed=True  world=(6080.0, 180.5)
b01 start  rc=(389, 543)  t=840.0  completed=True  world=(1370.0, 1650.5)
b01 finish — <none>
b02 start  rc=(164, 357)  t=1200.0  completed=True  world=(-4210.0, 8400.5)
b02 finish rc=(164, 357)  t=840.0  completed=True  world=(-4210.0, 8400.5)
b03 start  rc=(438, 478)  t=840.0  completed=True  world=(-580.0, 180.5)
b03 finish rc=(438, 478)  t=1200.0  completed=True  world=(-580.0, 180.5)
b04 start  rc=(567, 440)  t=1560.0  completed=False  world=(-1720.0, -3689.5)
b04 finish rc=(567, 440)  t=480.0  completed=True  world=(-1720.0, -3689.5)
b05 start  — <none>
b05 finish rc=(760, 701)  t=1560.0  completed=False  world=(6110.0, -9479.5)
=== end ===

— end dump —

[DEBUG] sector 4: start@bdy4 (567, 440)   finish@bdy5 (760, 701)
[GC#01] → sector 4  start (567, 440)  finish (760, 701)

— after _record_anchor(bdy=0, role=start, cell=(438, 700), by=None) —

=== boundary_anchors (NOW) ===
b00 start  rc=(438, 700)  t=1560.0  completed=False  world=(6080.0, 180.5)
b00 finish rc=(438, 700)  t=840.0  completed=True  world=(6080.0, 180.5)
b01 start  rc=(389, 543)  t=840.0  completed=True  world=(1370.0, 1650.5)
b01 finish — <none>
b02 start  rc=(164, 357)  t=1200.0  completed=True  world=(-4210.0, 8400.5)
b02 finish rc=(164, 357)  t=840.0  completed=True  world=(-4210.0, 8400.5)
b03 start  rc=(438, 478)  t=840.0  completed=True  world=(-580.0, 180.5)
b03 finish rc=(438, 478)  t=1200.0  completed=True  world=(-580.0, 180.5)
b04 start  rc=(567, 440)  t=1560.0  completed=False  world=(-1720.0, -3689.5)
b04 finish rc=(567, 440)  t=480.0  completed=True  world=(-1720.0, -3689.5)
b05 start  — <none>
b05 finish rc=(760, 701)  t=1560.0  completed=False  world=(6110.0, -9479.5)
=== end ===

— end dump —


— after _record_anchor(bdy=5, role=finish, cell=(760, 701), by=None) —

=== boundary_anchors (NOW) ===
b00 start  rc=(438, 700)  t=1560.0  completed=False  world=(6080.0, 180.5)
b00 finish rc=(438, 700)  t=840.0  completed=True  world=(6080.0, 180.5)
b01 start  rc=(389, 543)  t=840.0  completed=True  world=(1370.0, 1650.5)
b01 finish — <none>
b02 start  rc=(164, 357)  t=1200.0  completed=True  world=(-4210.0, 8400.5)
b02 finish rc=(164, 357)  t=840.0  completed=True  world=(-4210.0, 8400.5)
b03 start  rc=(438, 478)  t=840.0  completed=True  world=(-580.0, 180.5)
b03 finish rc=(438, 478)  t=1200.0  completed=True  world=(-580.0, 180.5)
b04 start  rc=(567, 440)  t=1560.0  completed=False  world=(-1720.0, -3689.5)
b04 finish rc=(567, 440)  t=480.0  completed=True  world=(-1720.0, -3689.5)
b05 start  — <none>
b05 finish rc=(760, 701)  t=1560.0  completed=False  world=(6110.0, -9479.5)
=== end ===

— end dump —

[DEBUG] sector 5: start@bdy0 (438, 700)   finish@bdy5 (760, 701)
[GC#02] → sector 5  start (438, 700)  finish (760, 701)
  → selected [4853.19238192 -622.78572014] as drop point
Using multi-phase propagation with wind schedule.
DROP RAN
[DEBUG] AT#00  finished drop in sector 5 – notifying ground crews
  → selected [5350.91683688 -688.31238775] as drop point
Using multi-phase propagation with wind schedule.
DROP RAN
[DEBUG] AT#00  finished drop in sector 5 – notifying ground crews
Applied action {'FireHercAgent': (6,), 'GroundCrewAgent': (5, 6)} at t=1680 min
[ICS] open=[4, 5]  crew_order=[4, 5]  weights={4: 45.0, 5: 14.0}
simulating in place
  → selected [ 4582.49931768 -4179.02064982] as drop point
Using multi-phase propagation with wind schedule.
DROP RAN
[DEBUG] AT#00  finished drop in sector 5 – notifying ground crews
  → selected [ 4254.93347545 -4622.50524858] as drop point
Using multi-phase propagation with wind schedule.
DROP RAN
[DEBUG] AT#00  finished drop in sector 5 – notifying ground crews
[START] GC#02 using ANCHOR (unspecified source) → start (438, 700) on boundary 0
Start:  (438, 700)
Finish:  (760, 701)
[GC#02] fire-line length 526 cells (1885.0 min; full plan)

— after _mark_anchor_completed(bdy=0, role=start, by=None) —

=== boundary_anchors (NOW) ===
b00 start  rc=(438, 700)  t=1560.0  completed=True  world=(6080.0, 180.5)
b00 finish rc=(438, 700)  t=840.0  completed=True  world=(6080.0, 180.5)
b01 start  rc=(389, 543)  t=840.0  completed=True  world=(1370.0, 1650.5)
b01 finish — <none>
b02 start  rc=(164, 357)  t=1200.0  completed=True  world=(-4210.0, 8400.5)
b02 finish rc=(164, 357)  t=840.0  completed=True  world=(-4210.0, 8400.5)
b03 start  rc=(438, 478)  t=840.0  completed=True  world=(-580.0, 180.5)
b03 finish rc=(438, 478)  t=1200.0  completed=True  world=(-580.0, 180.5)
b04 start  rc=(567, 440)  t=1560.0  completed=False  world=(-1720.0, -3689.5)
b04 finish rc=(567, 440)  t=480.0  completed=True  world=(-1720.0, -3689.5)
b05 start  — <none>
b05 finish rc=(760, 701)  t=1560.0  completed=False  world=(6110.0, -9479.5)
=== end ===

— end dump —


— after _mark_anchor_completed(bdy=5, role=finish, by=<groundcrew.GroundCrewAgent object at 0x000001D54CC59410>) —

=== boundary_anchors (NOW) ===
b00 start  rc=(438, 700)  t=1560.0  completed=True  world=(6080.0, 180.5)
b00 finish rc=(438, 700)  t=840.0  completed=True  world=(6080.0, 180.5)
b01 start  rc=(389, 543)  t=840.0  completed=True  world=(1370.0, 1650.5)
b01 finish — <none>
b02 start  rc=(164, 357)  t=1200.0  completed=True  world=(-4210.0, 8400.5)
b02 finish rc=(164, 357)  t=840.0  completed=True  world=(-4210.0, 8400.5)
b03 start  rc=(438, 478)  t=840.0  completed=True  world=(-580.0, 180.5)
b03 finish rc=(438, 478)  t=1200.0  completed=True  world=(-580.0, 180.5)
b04 start  rc=(567, 440)  t=1560.0  completed=False  world=(-1720.0, -3689.5)
b04 finish rc=(567, 440)  t=480.0  completed=True  world=(-1720.0, -3689.5)
b05 start  — <none>
b05 finish rc=(760, 701)  t=1560.0  completed=True  world=(6110.0, -9479.5)
=== end ===

— end dump —

  → selected [ 3461.2655698  -5409.77073868] as drop point
FLUSHED
Using multi-phase propagation with wind schedule.
DROP RAN
[DEBUG] AT#00  finished drop in sector 5 – notifying ground crews
[DEBUG] GC#02  attempting re-plan… remaining path = 526 cells
[DEBUG] GC#02 start@(450, 673)  raw_arr=inf  now=1787.0  mtt=nan  within_buffer=False
[START] GC#02 using NEW (buffered by planner) → start (450, 673) on boundary 0
Start:  (450, 673)
Finish:  (760, 701)
[GC#02] fire-line length 487 cells (1878.5 min; full plan)
[DEBUG] GC#02  new path accepted (length 487, ETA 1878.5 min)
Applied action {'FireHercAgent': (6,), 'GroundCrewAgent': (5, 6)} at t=1800 min
[ICS] open=[4, 5]  crew_order=[4, 5]  weights={4: 45.0, 5: 14.0}
simulating in place
  → selected [ 2698.12273055 -6486.30066209] as drop point
FLUSHED
Using multi-phase propagation with wind schedule.
DROP RAN
[DEBUG] AT#00  finished drop in sector 4 – notifying ground crews
  → selected [ 2403.18227196 -7590.5956943 ] as drop point
FLUSHED
Using multi-phase propagation with wind schedule.
DROP RAN
[DEBUG] AT#00  finished drop in sector 4 – notifying ground crews
Applied action {'FireHercAgent': (5,), 'GroundCrewAgent': (5, 6)} at t=1920 min
[ICS] open=[4, 5]  crew_order=[4, 5]  weights={4: 45.0, 5: 14.0}
simulating in place
  → selected [ 1916.43795393 -8606.48335036] as drop point
FLUSHED
Using multi-phase propagation with wind schedule.
DROP RAN
[DEBUG] AT#00  finished drop in sector 4 – notifying ground crews
[START] GC#01 using ANCHOR (unspecified source) → start (567, 440) on boundary 4
Start:  (567, 440)
Finish:  (760, 701)
[GC#01] fire-line length 811 cells (1068.2 min; full plan)

— after _mark_anchor_completed(bdy=4, role=start, by=None) —

=== boundary_anchors (NOW) ===
b00 start  rc=(438, 700)  t=1560.0  completed=True  world=(6080.0, 180.5)
b00 finish rc=(438, 700)  t=840.0  completed=True  world=(6080.0, 180.5)
b01 start  rc=(389, 543)  t=840.0  completed=True  world=(1370.0, 1650.5)
b01 finish — <none>
b02 start  rc=(164, 357)  t=1200.0  completed=True  world=(-4210.0, 8400.5)
b02 finish rc=(164, 357)  t=840.0  completed=True  world=(-4210.0, 8400.5)
b03 start  rc=(438, 478)  t=840.0  completed=True  world=(-580.0, 180.5)
b03 finish rc=(438, 478)  t=1200.0  completed=True  world=(-580.0, 180.5)
b04 start  rc=(567, 440)  t=1560.0  completed=True  world=(-1720.0, -3689.5)
b04 finish rc=(567, 440)  t=480.0  completed=True  world=(-1720.0, -3689.5)
b05 start  — <none>
b05 finish rc=(760, 701)  t=1560.0  completed=True  world=(6110.0, -9479.5)
=== end ===

— end dump —


— after _mark_anchor_completed(bdy=5, role=finish, by=<groundcrew.GroundCrewAgent object at 0x000001D54C059E90>) —

=== boundary_anchors (NOW) ===
b00 start  rc=(438, 700)  t=1560.0  completed=True  world=(6080.0, 180.5)
b00 finish rc=(438, 700)  t=840.0  completed=True  world=(6080.0, 180.5)
b01 start  rc=(389, 543)  t=840.0  completed=True  world=(1370.0, 1650.5)
b01 finish — <none>
b02 start  rc=(164, 357)  t=1200.0  completed=True  world=(-4210.0, 8400.5)
b02 finish rc=(164, 357)  t=840.0  completed=True  world=(-4210.0, 8400.5)
b03 start  rc=(438, 478)  t=840.0  completed=True  world=(-580.0, 180.5)
b03 finish rc=(438, 478)  t=1200.0  completed=True  world=(-580.0, 180.5)
b04 start  rc=(567, 440)  t=1560.0  completed=True  world=(-1720.0, -3689.5)
b04 finish rc=(567, 440)  t=480.0  completed=True  world=(-1720.0, -3689.5)
b05 start  — <none>
b05 finish rc=(760, 701)  t=1560.0  completed=True  world=(6110.0, -9479.5)
=== end ===

— end dump —

Using multi-phase propagation with wind schedule.
[GC#01] updated fire after clearing batch
Using multi-phase propagation with wind schedule.
[GC#01] updated fire after clearing batch
Using multi-phase propagation with wind schedule.
[GC#01] updated fire after clearing batch
Using multi-phase propagation with wind schedule.
[GC#01] updated fire after clearing batch
  → selected [ 1160.22369376 -8759.36358028] as drop point
FLUSHED
FLUSHED
Using multi-phase propagation with wind schedule.
DROP RAN
[DEBUG] AT#00  finished drop in sector 4 – notifying ground crews
[DEBUG] GC#01  attempting re-plan… remaining path = 811 cells
[DEBUG] GC#01 start@(731, 376)  raw_arr=inf  now=1972.0  mtt=nan  within_buffer=False
[START] GC#01 using NEW (buffered by planner) → start (731, 376) on boundary 4
Start:  (731, 376)
Finish:  (760, 701)
[GC#01] fire-line length 505 cells (1058.8 min; full plan)
[DEBUG] GC#01  new path accepted (length 505, ETA 1058.8 min)
Using multi-phase propagation with wind schedule.
[GC#01] updated fire after clearing batch
Using multi-phase propagation with wind schedule.
[GC#01] updated fire after clearing batch
  → selected [ 4212.65707161 -8067.35734843] as drop point
FLUSHED
FLUSHED
Using multi-phase propagation with wind schedule.
DROP RAN
[DEBUG] AT#00  finished drop in sector 4 – notifying ground crews
[DEBUG] GC#01  attempting re-plan… remaining path = 505 cells
[DEBUG] GC#01 start@(757, 410)  raw_arr=inf  now=2020.0  mtt=nan  within_buffer=False
[START] GC#01 using NEW (buffered by planner) → start (757, 410) on boundary 4
Start:  (757, 410)
Finish:  (760, 701)
[GC#01] fire-line length 445 cells (997.5 min; full plan)
[DEBUG] GC#01  new path accepted (length 445, ETA 997.5 min)
Using multi-phase propagation with wind schedule.
[GC#01] updated fire after clearing batch
Applied action {'FireHercAgent': (5,), 'GroundCrewAgent': (5, 6)} at t=2040 min
[ICS] open=[4, 5]  crew_order=[4, 5]  weights={4: 45.0, 5: 14.0}
simulating in place
Using multi-phase propagation with wind schedule.
[GC#01] updated fire after clearing batch
  → selected [ 3638.89377447 -8757.52287539] as drop point
FLUSHED
FLUSHED
Using multi-phase propagation with wind schedule.
DROP RAN
[DEBUG] AT#00  finished drop in sector 4 – notifying ground crews
[DEBUG] GC#01  attempting re-plan… remaining path = 445 cells
[DEBUG] GC#01 start@(784, 434)  raw_arr=inf  now=2067.0  mtt=nan  within_buffer=False
[START] GC#01 using NEW (buffered by planner) → start (784, 434) on boundary 4
Start:  (784, 434)
Finish:  (760, 701)
[GC#01] fire-line length 394 cells (950.4 min; full plan)
[DEBUG] GC#01  new path accepted (length 394, ETA 950.4 min)
Using multi-phase propagation with wind schedule.
[GC#01] updated fire after clearing batch
  → selected [ 4328.80015312 -8290.46613219] as drop point
FLUSHED
FLUSHED
Using multi-phase propagation with wind schedule.
DROP RAN
[DEBUG] AT#00  finished drop in sector 4 – notifying ground crews
[DEBUG] GC#01  attempting re-plan… remaining path = 394 cells
[DEBUG] GC#01 start@(786, 458)  raw_arr=inf  now=2113.0  mtt=nan  within_buffer=False
[START] GC#01 using NEW (buffered by planner) → start (786, 458) on boundary 4
Start:  (786, 458)
Finish:  (760, 701)
[GC#01] fire-line length 364 cells (898.6 min; full plan)
[DEBUG] GC#01  new path accepted (length 364, ETA 898.6 min)
Using multi-phase propagation with wind schedule.
[GC#01] updated fire after clearing batch
Applied action {'FireHercAgent': (5,), 'GroundCrewAgent': (5, 6)} at t=2160 min
[ICS] open=[4, 5]  crew_order=[4, 5]  weights={4: 45.0, 5: 14.0}
simulating in place
  → selected [ 2900.93954788 -9169.28008342] as drop point
FLUSHED
FLUSHED
Using multi-phase propagation with wind schedule.
DROP RAN
[DEBUG] AT#00  finished drop in sector 4 – notifying ground crews
[DEBUG] GC#01  attempting re-plan… remaining path = 364 cells
[DEBUG] GC#01 start@(801, 478)  raw_arr=inf  now=2160.0  mtt=nan  within_buffer=False
[START] GC#01 using NEW (buffered by planner) → start (801, 478) on boundary 4
Start:  (801, 478)
Finish:  (760, 701)
[GC#01] fire-line length 329 cells (842.1 min; full plan)
[DEBUG] GC#01  new path accepted (length 329, ETA 842.1 min)
Using multi-phase propagation with wind schedule.
[GC#02] updated fire after clearing batch
Using multi-phase propagation with wind schedule.
[GC#01] updated fire after clearing batch
  → selected [ -392.40637562 -9086.42830439] as drop point
FLUSHED
Using multi-phase propagation with wind schedule.
DROP RAN
[DEBUG] AT#00  finished drop in sector 4 – notifying ground crews
[DEBUG] GC#01  attempting re-plan… remaining path = 329 cells
[DEBUG] GC#01 start@(805, 498)  raw_arr=inf  now=2206.0  mtt=nan  within_buffer=False
[START] GC#01 using NEW (buffered by planner) → start (805, 498) on boundary 4
Start:  (805, 498)
Finish:  (760, 701)
[GC#01] fire-line length 303 cells (790.3 min; full plan)
[DEBUG] GC#01  new path accepted (length 303, ETA 790.3 min)
Using multi-phase propagation with wind schedule.
[GC#01] updated fire after clearing batch
Using multi-phase propagation with wind schedule.
[GC#01] updated fire after clearing batch
Using multi-phase propagation with wind schedule.
[GC#01] updated fire after clearing batch
  → selected [ 3808.6549174  -9167.36252902] as drop point
FLUSHED
FLUSHED
Using multi-phase propagation with wind schedule.
DROP RAN
[DEBUG] AT#00  finished drop in sector 4 – notifying ground crews
[DEBUG] GC#01  attempting re-plan… remaining path = 303 cells
[DEBUG] GC#01 start@(823, 562)  raw_arr=inf  now=2253.0  mtt=nan  within_buffer=False
[START] GC#01 using NEW (buffered by planner) → start (823, 562) on boundary 4
Start:  (823, 562)
Finish:  (760, 701)
[GC#01] fire-line length 221 cells (738.5 min; full plan)
[DEBUG] GC#01  new path accepted (length 221, ETA 738.5 min)
Using multi-phase propagation with wind schedule.
[GC#01] updated fire after clearing batch
Using multi-phase propagation with wind schedule.
[GC#01] updated fire after clearing batch
Applied action {'FireHercAgent': (5,), 'GroundCrewAgent': (5, 6)} at t=2280 min
[ICS] open=[4, 5]  crew_order=[4, 5]  weights={4: 45.0, 5: 14.0}
simulating in place
  → selected [ 4607.59584502 -8826.02767342] as drop point
FLUSHED
FLUSHED
Using multi-phase propagation with wind schedule.
DROP RAN
[DEBUG] AT#00  finished drop in sector 4 – notifying ground crews
[DEBUG] GC#01  attempting re-plan… remaining path = 221 cells
[DEBUG] GC#01 start@(827, 611)  raw_arr=inf  now=2300.0  mtt=nan  within_buffer=False
[START] GC#01 using NEW (buffered by planner) → start (827, 611) on boundary 4
Start:  (827, 611)
Finish:  (760, 701)
[GC#01] fire-line length 160 cells (691.4 min; full plan)
[DEBUG] GC#01  new path accepted (length 160, ETA 691.4 min)
Using multi-phase propagation with wind schedule.
[GC#02] updated fire after clearing batch
  → selected [ 3963.12566762 -9540.2879092 ] as drop point
FLUSHED
FLUSHED
Using multi-phase propagation with wind schedule.
DROP RAN
[DEBUG] AT#00  finished drop in sector 4 – notifying ground crews
[DEBUG] GC#01  attempting re-plan… remaining path = 160 cells
[DEBUG] GC#01 start@(824, 626)  raw_arr=inf  now=2346.0  mtt=nan  within_buffer=False
[START] GC#01 using NEW (buffered by planner) → start (824, 626) on boundary 4
Start:  (824, 626)
Finish:  (760, 701)
[GC#01] fire-line length 140 cells (644.3 min; full plan)
[DEBUG] GC#01  new path accepted (length 140, ETA 644.3 min)
Using multi-phase propagation with wind schedule.
[GC#02] updated fire after clearing batch
Applied action {'FireHercAgent': (5,), 'GroundCrewAgent': (5, 6)} at t=2400 min
[ICS] open=[4, 5]  crew_order=[4, 5]  weights={4: 45.0, 5: 14.0}
simulating in place
  → selected [ 4894.96143612 -9378.05183782] as drop point
FLUSHED
FLUSHED
Using multi-phase propagation with wind schedule.
DROP RAN
[DEBUG] AT#00  finished drop in sector 4 – notifying ground crews
[DEBUG] GC#01  attempting re-plan… remaining path = 140 cells
[DEBUG] GC#01 start@(819, 635)  raw_arr=inf  now=2401.0  mtt=nan  within_buffer=False
[START] GC#01 using NEW (buffered by planner) → start (819, 635) on boundary 4
Start:  (819, 635)
Finish:  (760, 701)
[GC#01] fire-line length 126 cells (587.5 min; full plan)
[DEBUG] GC#01  new path accepted (length 126, ETA 587.5 min)
  → selected [  4173.4655936 -10048.0934112] as drop point
FLUSHED
FLUSHED
Using multi-phase propagation with wind schedule.
DROP RAN
[DEBUG] AT#00  finished drop in sector 4 – notifying ground crews
[DEBUG] GC#01  attempting re-plan… remaining path = 126 cells
[DEBUG] GC#01 start@(815, 644)  raw_arr=inf  now=2447.0  mtt=nan  within_buffer=False
[START] GC#01 using NEW (buffered by planner) → start (815, 644) on boundary 4
Start:  (815, 644)
Finish:  (760, 701)
[GC#01] fire-line length 113 cells (535.9 min; full plan)
[DEBUG] GC#01  new path accepted (length 113, ETA 535.9 min)
Using multi-phase propagation with wind schedule.
[GC#02] updated fire after clearing batch
  → selected [  2241.30581019 -10071.86755216] as drop point
FLUSHED
FLUSHED
Using multi-phase propagation with wind schedule.
DROP RAN
[DEBUG] AT#00  finished drop in sector 4 – notifying ground crews
[DEBUG] GC#01  attempting re-plan… remaining path = 113 cells
[DEBUG] GC#01 start@(809, 649)  raw_arr=inf  now=2494.0  mtt=nan  within_buffer=False
[START] GC#01 using NEW (buffered by planner) → start (809, 649) on boundary 4
Start:  (809, 649)
Finish:  (760, 701)
[GC#01] fire-line length 102 cells (484.1 min; full plan)
[DEBUG] GC#01  new path accepted (length 102, ETA 484.1 min)
Applied action {'FireHercAgent': (5,), 'GroundCrewAgent': (5, 6)} at t=2520 min
[ICS] open=[4, 5]  crew_order=[4, 5]  weights={4: 45.0, 5: 14.0}
simulating in place
  → selected [ 5063.47664335 -9701.76653902] as drop point
FLUSHED
FLUSHED
Using multi-phase propagation with wind schedule.
DROP RAN
[DEBUG] AT#00  finished drop in sector 4 – notifying ground crews
[DEBUG] GC#01  attempting re-plan… remaining path = 102 cells
[DEBUG] GC#01 start@(808, 660)  raw_arr=inf  now=2540.0  mtt=nan  within_buffer=False
[START] GC#01 using NEW (buffered by planner) → start (808, 660) on boundary 4
Start:  (808, 660)
Finish:  (760, 701)
[GC#01] fire-line length 90 cells (437.0 min; full plan)
[DEBUG] GC#01  new path accepted (length 90, ETA 437.0 min)
  → selected [  3297.14933328 -10425.89697946] as drop point
FLUSHED
FLUSHED
Using multi-phase propagation with wind schedule.
DROP RAN
[DEBUG] AT#00  finished drop in sector 4 – notifying ground crews
[DEBUG] GC#01  attempting re-plan… remaining path = 90 cells
[DEBUG] GC#01 start@(807, 671)  raw_arr=inf  now=2587.0  mtt=nan  within_buffer=False
[START] GC#01 using NEW (buffered by planner) → start (807, 671) on boundary 4
Start:  (807, 671)
Finish:  (760, 701)
[GC#01] fire-line length 80 cells (385.2 min; full plan)
[DEBUG] GC#01  new path accepted (length 80, ETA 385.2 min)
Using multi-phase propagation with wind schedule.
[GC#01] updated fire after clearing batch
  → selected [  4284.82440878 -10316.9373731 ] as drop point
FLUSHED
Using multi-phase propagation with wind schedule.
DROP RAN
[DEBUG] AT#00  finished drop in sector 4 – notifying ground crews
[DEBUG] GC#01  attempting re-plan… remaining path = 80 cells
[DEBUG] GC#01 start@(799, 685)  raw_arr=inf  now=2635.0  mtt=nan  within_buffer=False
[START] GC#01 using NEW (buffered by planner) → start (799, 685) on boundary 4
Start:  (799, 685)
Finish:  (760, 701)
[GC#01] fire-line length 56 cells (333.4 min; full plan)
[DEBUG] GC#01  new path accepted (length 56, ETA 333.4 min)
Applied action {'FireHercAgent': (5,), 'GroundCrewAgent': (5, 6)} at t=2640 min
[ICS] open=[4, 5]  crew_order=[4, 5]  weights={4: 45.0, 5: 14.0}
simulating in place
  → selected [  5229.42221186 -10020.5450102 ] as drop point
FLUSHED
FLUSHED
Using multi-phase propagation with wind schedule.
DROP RAN
[DEBUG] AT#00  finished drop in sector 4 – notifying ground crews
[DEBUG] GC#01  attempting re-plan… remaining path = 56 cells
[DEBUG] GC#01 start@(792, 688)  raw_arr=inf  now=2682.0  mtt=nan  within_buffer=False
[START] GC#01 using NEW (buffered by planner) → start (792, 688) on boundary 4
Start:  (792, 688)
Finish:  (760, 701)
[GC#01] fire-line length 46 cells (286.3 min; full plan)
[DEBUG] GC#01  new path accepted (length 46, ETA 286.3 min)
  → selected [  423.27754078 -9564.8209527 ] as drop point
FLUSHED
FLUSHED
Using multi-phase propagation with wind schedule.
DROP RAN
[DEBUG] AT#00  finished drop in sector 4 – notifying ground crews
[DEBUG] GC#01  attempting re-plan… remaining path = 46 cells
[DEBUG] GC#01 start@(787, 693)  raw_arr=inf  now=2730.0  mtt=nan  within_buffer=False
[START] GC#01 using NEW (buffered by planner) → start (787, 693) on boundary 4
Start:  (787, 693)
Finish:  (760, 701)
[GC#01] fire-line length 36 cells (226.0 min; full plan)
[DEBUG] GC#01  new path accepted (length 36, ETA 226.0 min)
Applied action {'FireHercAgent': (5,), 'GroundCrewAgent': (5, 6)} at t=2760 min
[ICS] open=[4, 5]  crew_order=[4, 5]  weights={4: 45.0, 5: 14.0}
simulating in place
  → selected [ 6809.72063266 -8852.6029871 ] as drop point
FLUSHED
FLUSHED
Using multi-phase propagation with wind schedule.
DROP RAN
[DEBUG] AT#00  finished drop in sector 5 – notifying ground crews
[DEBUG] GC#02  attempting re-plan… remaining path = 487 cells
[DEBUG] GC#02 start@(691, 741)  raw_arr=inf  now=2777.0  mtt=nan  within_buffer=False
[START] GC#02 using NEW (buffered by planner) → start (691, 741) on boundary 0
Start:  (691, 741)
Finish:  (760, 701)
[GC#02] fire-line length 128 cells (888.7 min; full plan)
[DEBUG] GC#02  new path accepted (length 128, ETA 888.7 min)
  → selected [ 7203.11382415 -7839.8795258 ] as drop point
FLUSHED
FLUSHED
Using multi-phase propagation with wind schedule.
DROP RAN
[DEBUG] AT#00  finished drop in sector 5 – notifying ground crews
[DEBUG] GC#02  attempting re-plan… remaining path = 128 cells
[DEBUG] GC#02 start@(699, 741)  raw_arr=inf  now=2823.0  mtt=nan  within_buffer=False
[START] GC#02 using NEW (buffered by planner) → start (699, 741) on boundary 0
Start:  (699, 741)
Finish:  (760, 701)
[GC#02] fire-line length 126 cells (788.0 min; full plan)
[DEBUG] GC#02  new path accepted (length 126, ETA 788.0 min)
  → selected [ 6220.57966429 -9741.02627554] as drop point
FLUSHED
FLUSHED
Using multi-phase propagation with wind schedule.
DROP RAN
[DEBUG] AT#00  finished drop in sector 5 – notifying ground crews
[DEBUG] GC#02  attempting re-plan… remaining path = 126 cells
[DEBUG] GC#02 start@(716, 741)  raw_arr=inf  now=2868.0  mtt=nan  within_buffer=False
[START] GC#02 using NEW (buffered by planner) → start (716, 741) on boundary 0
Start:  (716, 741)
Finish:  (760, 701)
[GC#02] fire-line length 99 cells (623.2 min; full plan)
[DEBUG] GC#02  new path accepted (length 99, ETA 623.2 min)
Applied action {'FireHercAgent': (6,), 'GroundCrewAgent': (5, 6)} at t=2880 min
[SIM] Less than one full decision slice left – terminating.
Using multi-phase propagation with wind schedule.
[GC#02] updated fire after clearing batch
Using multi-phase propagation with wind schedule.
[GC#01] updated fire after clearing batch
[SIM] Finished at t=2880 min – final fire-score = 246527.00  final buildings-destroyed = 973  final buildings-breakdown = {"11":721,"12":144,"13":96,"21":5,"22":7}
Simulation complete.
[0m