
⚑ background sched
 start  end    speed      dir
     0  120   30.000    5.000
   120  240   35.000   25.000
   240  360   40.000   25.000
   360  480   50.000   15.000
   480  600   30.000    2.500
   600  720   38.000    5.000
   720  840   28.000    0.000
   840  960   30.000    0.000
   960 1080   30.000    0.000
  1080 1200   28.000    2.500
  1200 1320   28.000    5.000
  1320 1440   30.000   15.000
  1440 1560   30.000    5.000
  1560 1680   30.000    7.500
  1680 1800   30.000   10.000
  1800 1920   30.000   10.000
  1920 2040   30.000   15.000
  2040 2160   17.500    5.000
  2160 2280   12.000    5.000
  2280 2400   12.000    5.000
  2400 2520   13.000    5.000
  2520 2640    7.000    0.000
  2640 2760    6.000    5.000
  2760 2880    6.000   10.000
  2880 3000    7.000   10.000
  3000 3000    1.000    0.000

⚑ hard σ truth schedule
 start  end    speed      dir
     0  120   30.000    5.000
   120  240   35.000   25.000
   240  360   40.000   25.000
   360  480   50.000   15.000
   480  600   30.000    2.500
   600  720   38.000    5.000
   720  840   28.000    0.000
   840  960   30.000    0.000
   960 1080   30.000    0.000
  1080 1200   28.000    2.500
  1200 1320   28.000    5.000
  1320 1440   30.000   15.000
  1440 1560   30.000    5.000
  1560 1680   30.000    7.500
  1680 1800   30.000   10.000
  1800 1920   30.000   10.000
  1920 2040   30.000   15.000
  2040 2160   17.500    5.000
  2160 2280   12.000    5.000
  2280 2400   12.000    5.000
  2400 2520   13.000    5.000
  2520 2640    7.000    0.000
  2640 2760    6.000    5.000
  2760 2880    6.000   10.000
  2880 3000    7.000   10.000
  3000 3000    1.000    0.000
RUN SEED: 2326447627
Starting STRICT-MEAN-burned-buildings ICS simulation (headless)…
Using multi-phase propagation with wind schedule.
WildfireModel: Bounds: BoundingBox(left=-14935.007954473422, bottom=-13304.5080370525, right=14944.992045526578, top=13335.4919629475)
Checking Mesa Space Dimensions: Width = 49880.0, Height = 46640.0
Buffered Bounds: BoundingBox(left=-24935.00795447342, bottom=-23304.5080370525, right=24944.99204552658, top=23335.4919629475)
Original CRS: EPSG:26910
Available bases: [(20000, 20000)]
Corrected position: (20000, 20000)
[GC#01] spawned at cell (444, 498) with walk_ticks=1
[GC#02] spawned at cell (444, 498) with walk_ticks=1
[(0, 120, 4.5, 87.5), (120, 240, 8.5, 274.5), (240, 360, 9.5, 156.5), (360, 480, 7.5, 18.0), (480, 600, 15.5, 328.0), (600, 720, 15.5, 298.5), (720, 840, 10.0, 356.0), (840, 960, 9.0, 337.5), (960, 1080, 8.0, 284.0), (1080, 1200, 13.5, 253.5), (1200, 1320, 18.0, 232.0), (1320, 1440, 16.5, 300.0), (1440, 1560, 19.0, 297.5), (1560, 1680, 17.5, 266.0), (1680, 1800, 15.5, 336.5), (1800, 1920, 16.5, 30.5), (1920, 2040, 10.0, 332.0), (2040, 2160, 8.0, 283.0), (2160, 2280, 8.5, 343.0), (2280, 2400, 6.5, 342.5), (2400, 2520, 7.5, 247.0), (2520, 2640, 7.0, 242.0), (2640, 2760, 6.0, 235.0), (2760, 2880, 0.5, 275.0), (2880, 3000, 0.0, 247.5), (3000, 3000, 1.0, 106.0)]
Using multi-phase propagation with wind schedule.
[PRECOMPUTE] MEAN-schedule burned buildings per sector (final t=3000): [115, 2846, 2647, 259, 45, 3]  | total=5915
[ICS] open=[0, 1, 2, 3, 4, 5]  crew_order=[1, 2, 3, 0, 4, 5]  weights={0: 115.0, 1: 2846.0, 2: 2647.0, 3: 259.0, 4: 45.0, 5: 3.0}
simulating in place
no completed anchors found → making NEW dynamic START

— after _record_anchor(bdy=1, role=start, cell=(404, 529), by=None) —

=== boundary_anchors (NOW) ===
b00 start  — <none>
b00 finish — <none>
b01 start  rc=(404, 529)  t=240.0  completed=False  world=(950.0, 1200.5)
b01 finish — <none>
b02 start  — <none>
b02 finish — <none>
b03 start  — <none>
b03 finish — <none>
b04 start  — <none>
b04 finish — <none>
b05 start  — <none>
b05 finish — <none>
=== end ===

— end dump —


— after _record_anchor(bdy=2, role=finish, cell=(413, 490), by=None) —

=== boundary_anchors (NOW) ===
b00 start  — <none>
b00 finish — <none>
b01 start  rc=(404, 529)  t=240.0  completed=False  world=(950.0, 1200.5)
b01 finish — <none>
b02 start  — <none>
b02 finish rc=(413, 490)  t=240.0  completed=False  world=(-220.0, 930.5)
b03 start  — <none>
b03 finish — <none>
b04 start  — <none>
b04 finish — <none>
b05 start  — <none>
b05 finish — <none>
=== end ===

— end dump —

[DEBUG] sector 1: start@bdy1 (404, 529)   finish@bdy2 (413, 490)
[GC#01] → sector 1  start (404, 529)  finish (413, 490)
no completed anchors found → making NEW dynamic START

— after _record_anchor(bdy=2, role=start, cell=(413, 490), by=None) —

=== boundary_anchors (NOW) ===
b00 start  — <none>
b00 finish — <none>
b01 start  rc=(404, 529)  t=240.0  completed=False  world=(950.0, 1200.5)
b01 finish — <none>
b02 start  rc=(413, 490)  t=240.0  completed=False  world=(-220.0, 930.5)
b02 finish rc=(413, 490)  t=240.0  completed=False  world=(-220.0, 930.5)
b03 start  — <none>
b03 finish — <none>
b04 start  — <none>
b04 finish — <none>
b05 start  — <none>
b05 finish — <none>
=== end ===

— end dump —


— after _record_anchor(bdy=3, role=finish, cell=(443, 471), by=None) —

=== boundary_anchors (NOW) ===
b00 start  — <none>
b00 finish — <none>
b01 start  rc=(404, 529)  t=240.0  completed=False  world=(950.0, 1200.5)
b01 finish — <none>
b02 start  rc=(413, 490)  t=240.0  completed=False  world=(-220.0, 930.5)
b02 finish rc=(413, 490)  t=240.0  completed=False  world=(-220.0, 930.5)
b03 start  — <none>
b03 finish rc=(443, 471)  t=240.0  completed=False  world=(-790.0, 30.5)
b04 start  — <none>
b04 finish — <none>
b05 start  — <none>
b05 finish — <none>
=== end ===

— end dump —

[DEBUG] sector 2: start@bdy2 (413, 490)   finish@bdy3 (443, 471)
recording from register first pair

— after _record_anchor(bdy=2, role=start, cell=(413, 490), by=None) —

=== boundary_anchors (NOW) ===
b00 start  — <none>
b00 finish — <none>
b01 start  — <none>
b01 finish — <none>
b02 start  rc=(413, 490)  t=240.0  completed=False  world=(-220.0, 930.5)
b02 finish — <none>
b03 start  — <none>
b03 finish — <none>
b04 start  — <none>
b04 finish — <none>
b05 start  — <none>
b05 finish — <none>
=== end ===

— end dump —

recording from register first pair

— after _record_anchor(bdy=1, role=finish, cell=(344, 564), by=None) —

=== boundary_anchors (NOW) ===
b00 start  — <none>
b00 finish — <none>
b01 start  — <none>
b01 finish rc=(344, 564)  t=240.0  completed=False  world=(2000.0, 3000.5)
b02 start  rc=(413, 490)  t=240.0  completed=False  world=(-220.0, 930.5)
b02 finish — <none>
b03 start  — <none>
b03 finish — <none>
b04 start  — <none>
b04 finish — <none>
b05 start  — <none>
b05 finish — <none>
=== end ===

— end dump —

[SYNC] GC#01 sect1 START b2 (413, 490)  FINISH b1 (344, 564)
recording from register first pair

— after _record_anchor(bdy=3, role=finish, cell=(443, 471), by=None) —

=== boundary_anchors (NOW) ===
b00 start  — <none>
b00 finish — <none>
b01 start  — <none>
b01 finish rc=(344, 564)  t=240.0  completed=False  world=(2000.0, 3000.5)
b02 start  rc=(413, 490)  t=240.0  completed=False  world=(-220.0, 930.5)
b02 finish — <none>
b03 start  — <none>
b03 finish rc=(443, 471)  t=240.0  completed=False  world=(-790.0, 30.5)
b04 start  — <none>
b04 finish — <none>
b05 start  — <none>
b05 finish — <none>
=== end ===

— end dump —

[SYNC] GC#02 sect2 START b2 (413, 490)  FINISH b3 (443, 471)
[GC#02] → sector 2  start (413, 490)  finish (443, 471)
  → selected [-588.85965751  147.14571591] as drop point
Using multi-phase propagation with wind schedule.
DROP RAN
[DEBUG] AT#00  finished drop in sector 2 – notifying ground crews
[START] GC#01 using ANCHOR (unspecified source) → start (413, 490) on boundary 2
Start:  (413, 490)
Finish:  (344, 564)
[GC#01] fire-line length 184 cells (266.9 min; full plan)

— after _mark_anchor_completed(bdy=2, role=start, by=None) —

=== boundary_anchors (NOW) ===
b00 start  — <none>
b00 finish — <none>
b01 start  — <none>
b01 finish rc=(344, 564)  t=240.0  completed=False  world=(2000.0, 3000.5)
b02 start  rc=(413, 490)  t=240.0  completed=True  world=(-220.0, 930.5)
b02 finish — <none>
b03 start  — <none>
b03 finish rc=(443, 471)  t=240.0  completed=False  world=(-790.0, 30.5)
b04 start  — <none>
b04 finish — <none>
b05 start  — <none>
b05 finish — <none>
=== end ===

— end dump —


— after _mark_anchor_completed(bdy=1, role=finish, by=<groundcrew.GroundCrewAgent object at 0x00000137179FB890>) —

=== boundary_anchors (NOW) ===
b00 start  — <none>
b00 finish — <none>
b01 start  — <none>
b01 finish rc=(344, 564)  t=240.0  completed=True  world=(2000.0, 3000.5)
b02 start  rc=(413, 490)  t=240.0  completed=True  world=(-220.0, 930.5)
b02 finish — <none>
b03 start  — <none>
b03 finish rc=(443, 471)  t=240.0  completed=False  world=(-790.0, 30.5)
b04 start  — <none>
b04 finish — <none>
b05 start  — <none>
b05 finish — <none>
=== end ===

— end dump —

[START] GC#02 using ANCHOR (unspecified source) → start (413, 490) on boundary 2
Start:  (413, 490)
Finish:  (443, 471)
[GC#02] fire-line length 56 cells (58.0 min; full plan)

— after _mark_anchor_completed(bdy=2, role=start, by=None) —

=== boundary_anchors (NOW) ===
b00 start  — <none>
b00 finish — <none>
b01 start  — <none>
b01 finish rc=(344, 564)  t=240.0  completed=True  world=(2000.0, 3000.5)
b02 start  rc=(413, 490)  t=240.0  completed=True  world=(-220.0, 930.5)
b02 finish — <none>
b03 start  — <none>
b03 finish rc=(443, 471)  t=240.0  completed=False  world=(-790.0, 30.5)
b04 start  — <none>
b04 finish — <none>
b05 start  — <none>
b05 finish — <none>
=== end ===

— end dump —


— after _mark_anchor_completed(bdy=3, role=finish, by=<groundcrew.GroundCrewAgent object at 0x0000013717A0FA90>) —

=== boundary_anchors (NOW) ===
b00 start  — <none>
b00 finish — <none>
b01 start  — <none>
b01 finish rc=(344, 564)  t=240.0  completed=True  world=(2000.0, 3000.5)
b02 start  rc=(413, 490)  t=240.0  completed=True  world=(-220.0, 930.5)
b02 finish — <none>
b03 start  — <none>
b03 finish rc=(443, 471)  t=240.0  completed=True  world=(-790.0, 30.5)
b04 start  — <none>
b04 finish — <none>
b05 start  — <none>
b05 finish — <none>
=== end ===

— end dump —

Using multi-phase propagation with wind schedule.
[GC#01] updated fire after clearing batch
Sector retarded
{2}
Using multi-phase propagation with wind schedule.
[GC#02] updated fire after clearing batch
Using multi-phase propagation with wind schedule.
[GC#02] updated fire after clearing batch
Sector contained  2

— after _mark_anchor_completed(bdy=2, role=start, by=None) —

=== boundary_anchors (NOW) ===
b00 start  — <none>
b00 finish — <none>
b01 start  — <none>
b01 finish rc=(344, 564)  t=240.0  completed=True  world=(2000.0, 3000.5)
b02 start  rc=(413, 490)  t=240.0  completed=True  world=(-220.0, 930.5)
b02 finish — <none>
b03 start  — <none>
b03 finish rc=(443, 471)  t=240.0  completed=True  world=(-790.0, 30.5)
b04 start  — <none>
b04 finish — <none>
b05 start  — <none>
b05 finish — <none>
=== end ===

— end dump —


— after _mark_anchor_completed(bdy=3, role=finish, by=None) —

=== boundary_anchors (NOW) ===
b00 start  — <none>
b00 finish — <none>
b01 start  — <none>
b01 finish rc=(344, 564)  t=240.0  completed=True  world=(2000.0, 3000.5)
b02 start  rc=(413, 490)  t=240.0  completed=True  world=(-220.0, 930.5)
b02 finish — <none>
b03 start  — <none>
b03 finish rc=(443, 471)  t=240.0  completed=True  world=(-790.0, 30.5)
b04 start  — <none>
b04 finish — <none>
b05 start  — <none>
b05 finish — <none>
=== end ===

— end dump —

[GC#02] Sector 2 contained → Standby
Using multi-phase propagation with wind schedule.
[GC#01] updated fire after clearing batch
Applied action {'FireHercAgent': (3,), 'GroundCrewAgent': (2, 3)} at t=360 min
[ICS] open=[0, 1, 3, 4, 5]  crew_order=[1, 3, 0, 4, 5]  weights={0: 115.0, 1: 2846.0, 3: 259.0, 4: 45.0, 5: 3.0}
simulating in place

— after _record_anchor(bdy=1, role=start, cell=(344, 564), by=None) —

=== boundary_anchors (NOW) ===
b00 start  — <none>
b00 finish — <none>
b01 start  rc=(344, 564)  t=360.0  completed=False  world=(2000.0, 3000.5)
b01 finish rc=(344, 564)  t=240.0  completed=True  world=(2000.0, 3000.5)
b02 start  rc=(413, 490)  t=240.0  completed=True  world=(-220.0, 930.5)
b02 finish — <none>
b03 start  — <none>
b03 finish rc=(443, 471)  t=240.0  completed=True  world=(-790.0, 30.5)
b04 start  — <none>
b04 finish — <none>
b05 start  — <none>
b05 finish — <none>
=== end ===

— end dump —


— after _record_anchor(bdy=2, role=finish, cell=(413, 490), by=None) —

=== boundary_anchors (NOW) ===
b00 start  — <none>
b00 finish — <none>
b01 start  rc=(344, 564)  t=360.0  completed=False  world=(2000.0, 3000.5)
b01 finish rc=(344, 564)  t=240.0  completed=True  world=(2000.0, 3000.5)
b02 start  rc=(413, 490)  t=240.0  completed=True  world=(-220.0, 930.5)
b02 finish rc=(413, 490)  t=360.0  completed=False  world=(-220.0, 930.5)
b03 start  — <none>
b03 finish rc=(443, 471)  t=240.0  completed=True  world=(-790.0, 30.5)
b04 start  — <none>
b04 finish — <none>
b05 start  — <none>
b05 finish — <none>
=== end ===

— end dump —

[DEBUG] sector 1: start@bdy1 (344, 564)   finish@bdy2 (413, 490)
[GC#02] → sector 1  start (344, 564)  finish (413, 490)
Using multi-phase propagation with wind schedule.
[GC#01] updated fire after clearing batch
  → selected [  62.98832731 1343.82520362] as drop point
FLUSHED
Using multi-phase propagation with wind schedule.
DROP RAN
[DEBUG] AT#00  finished drop in sector 1 – notifying ground crews
[DEBUG] GC#01  attempting re-plan… remaining path = 184 cells
[DEBUG] GC#01 start@(375, 515)  raw_arr=inf  now=388.0  mtt=nan  within_buffer=False
[START] GC#01 using NEW (buffered by planner) → start (375, 515) on boundary 2
Start:  (375, 515)
Finish:  (344, 564)
[GC#01] fire-line length 93 cells (69.2 min; full plan)
[DEBUG] GC#01  new path accepted (length 93, ETA 69.2 min)
Using multi-phase propagation with wind schedule.
[GC#01] updated fire after clearing batch
Using multi-phase propagation with wind schedule.
[GC#01] updated fire after clearing batch
Using multi-phase propagation with wind schedule.
[GC#01] updated fire after clearing batch
  → selected [ 645.97710012 1562.96677503] as drop point
FLUSHED
Using multi-phase propagation with wind schedule.
DROP RAN
[DEBUG] AT#00  finished drop in sector 1 – notifying ground crews
[DEBUG] GC#01  attempting re-plan… remaining path = 93 cells
[DEBUG] GC#01 start@(347, 559)  raw_arr=inf  now=433.0  mtt=nan  within_buffer=False
[START] GC#01 using NEW (buffered by planner) → start (347, 559) on boundary 2
Start:  (347, 559)
Finish:  (344, 564)
[GC#01] fire-line length 9 cells (20.7 min; full plan)
[DEBUG] GC#01  new path accepted (length 9, ETA 20.7 min)
Using multi-phase propagation with wind schedule.
[GC#01] updated fire after clearing batch
Sector contained  1

— after _mark_anchor_completed(bdy=2, role=start, by=None) —

=== boundary_anchors (NOW) ===
b00 start  — <none>
b00 finish — <none>
b01 start  rc=(344, 564)  t=360.0  completed=False  world=(2000.0, 3000.5)
b01 finish rc=(344, 564)  t=240.0  completed=True  world=(2000.0, 3000.5)
b02 start  rc=(413, 490)  t=240.0  completed=True  world=(-220.0, 930.5)
b02 finish rc=(413, 490)  t=360.0  completed=False  world=(-220.0, 930.5)
b03 start  — <none>
b03 finish rc=(443, 471)  t=240.0  completed=True  world=(-790.0, 30.5)
b04 start  — <none>
b04 finish — <none>
b05 start  — <none>
b05 finish — <none>
=== end ===

— end dump —


— after _mark_anchor_completed(bdy=1, role=finish, by=None) —

=== boundary_anchors (NOW) ===
b00 start  — <none>
b00 finish — <none>
b01 start  rc=(344, 564)  t=360.0  completed=False  world=(2000.0, 3000.5)
b01 finish rc=(344, 564)  t=240.0  completed=True  world=(2000.0, 3000.5)
b02 start  rc=(413, 490)  t=240.0  completed=True  world=(-220.0, 930.5)
b02 finish rc=(413, 490)  t=360.0  completed=False  world=(-220.0, 930.5)
b03 start  — <none>
b03 finish rc=(443, 471)  t=240.0  completed=True  world=(-790.0, 30.5)
b04 start  — <none>
b04 finish — <none>
b05 start  — <none>
b05 finish — <none>
=== end ===

— end dump —

[GC#01] Sector 1 contained → Standby
[START] GC#02 using ANCHOR (unspecified source) → start (344, 564) on boundary 1
Start:  (344, 564)
Finish:  (413, 490)
[GC#02] fire-line length 170 cells (0.0 min; full plan)

— after _mark_anchor_completed(bdy=1, role=start, by=None) —

=== boundary_anchors (NOW) ===
b00 start  — <none>
b00 finish — <none>
b01 start  rc=(344, 564)  t=360.0  completed=True  world=(2000.0, 3000.5)
b01 finish rc=(344, 564)  t=240.0  completed=True  world=(2000.0, 3000.5)
b02 start  rc=(413, 490)  t=240.0  completed=True  world=(-220.0, 930.5)
b02 finish rc=(413, 490)  t=360.0  completed=False  world=(-220.0, 930.5)
b03 start  — <none>
b03 finish rc=(443, 471)  t=240.0  completed=True  world=(-790.0, 30.5)
b04 start  — <none>
b04 finish — <none>
b05 start  — <none>
b05 finish — <none>
=== end ===

— end dump —


— after _mark_anchor_completed(bdy=2, role=finish, by=<groundcrew.GroundCrewAgent object at 0x0000013717A0FA90>) —

=== boundary_anchors (NOW) ===
b00 start  — <none>
b00 finish — <none>
b01 start  rc=(344, 564)  t=360.0  completed=True  world=(2000.0, 3000.5)
b01 finish rc=(344, 564)  t=240.0  completed=True  world=(2000.0, 3000.5)
b02 start  rc=(413, 490)  t=240.0  completed=True  world=(-220.0, 930.5)
b02 finish rc=(413, 490)  t=360.0  completed=True  world=(-220.0, 930.5)
b03 start  — <none>
b03 finish rc=(443, 471)  t=240.0  completed=True  world=(-790.0, 30.5)
b04 start  — <none>
b04 finish — <none>
b05 start  — <none>
b05 finish — <none>
=== end ===

— end dump —

Using multi-phase propagation with wind schedule.
[GC#02] updated fire after clearing batch
Using multi-phase propagation with wind schedule.
[GC#02] updated fire after clearing batch
Sector contained  1

— after _mark_anchor_completed(bdy=1, role=start, by=None) —

=== boundary_anchors (NOW) ===
b00 start  — <none>
b00 finish — <none>
b01 start  rc=(344, 564)  t=360.0  completed=True  world=(2000.0, 3000.5)
b01 finish rc=(344, 564)  t=240.0  completed=True  world=(2000.0, 3000.5)
b02 start  rc=(413, 490)  t=240.0  completed=True  world=(-220.0, 930.5)
b02 finish rc=(413, 490)  t=360.0  completed=True  world=(-220.0, 930.5)
b03 start  — <none>
b03 finish rc=(443, 471)  t=240.0  completed=True  world=(-790.0, 30.5)
b04 start  — <none>
b04 finish — <none>
b05 start  — <none>
b05 finish — <none>
=== end ===

— end dump —


— after _mark_anchor_completed(bdy=2, role=finish, by=None) —

=== boundary_anchors (NOW) ===
b00 start  — <none>
b00 finish — <none>
b01 start  rc=(344, 564)  t=360.0  completed=True  world=(2000.0, 3000.5)
b01 finish rc=(344, 564)  t=240.0  completed=True  world=(2000.0, 3000.5)
b02 start  rc=(413, 490)  t=240.0  completed=True  world=(-220.0, 930.5)
b02 finish rc=(413, 490)  t=360.0  completed=True  world=(-220.0, 930.5)
b03 start  — <none>
b03 finish rc=(443, 471)  t=240.0  completed=True  world=(-790.0, 30.5)
b04 start  — <none>
b04 finish — <none>
b05 start  — <none>
b05 finish — <none>
=== end ===

— end dump —

[GC#02] Sector 1 contained → Standby
  → selected [ 207.7093642  1555.28286998] as drop point
Using multi-phase propagation with wind schedule.
DROP RAN
[DEBUG] AT#00  finished drop in sector 1 – notifying ground crews
Applied action {'FireHercAgent': (2,), 'GroundCrewAgent': (2, 4)} at t=480 min
[ICS] open=[0, 3, 4, 5]  crew_order=[3, 0, 4, 5]  weights={0: 115.0, 3: 259.0, 4: 45.0, 5: 3.0}
simulating in place

— after _record_anchor(bdy=3, role=start, cell=(443, 471), by=None) —

=== boundary_anchors (NOW) ===
b00 start  — <none>
b00 finish — <none>
b01 start  rc=(344, 564)  t=360.0  completed=True  world=(2000.0, 3000.5)
b01 finish rc=(344, 564)  t=240.0  completed=True  world=(2000.0, 3000.5)
b02 start  rc=(413, 490)  t=240.0  completed=True  world=(-220.0, 930.5)
b02 finish rc=(413, 490)  t=360.0  completed=True  world=(-220.0, 930.5)
b03 start  rc=(443, 471)  t=480.0  completed=False  world=(-790.0, 30.5)
b03 finish rc=(443, 471)  t=240.0  completed=True  world=(-790.0, 30.5)
b04 start  — <none>
b04 finish — <none>
b05 start  — <none>
b05 finish — <none>
=== end ===

— end dump —


— after _record_anchor(bdy=4, role=finish, cell=(558, 440), by=None) —

=== boundary_anchors (NOW) ===
b00 start  — <none>
b00 finish — <none>
b01 start  rc=(344, 564)  t=360.0  completed=True  world=(2000.0, 3000.5)
b01 finish rc=(344, 564)  t=240.0  completed=True  world=(2000.0, 3000.5)
b02 start  rc=(413, 490)  t=240.0  completed=True  world=(-220.0, 930.5)
b02 finish rc=(413, 490)  t=360.0  completed=True  world=(-220.0, 930.5)
b03 start  rc=(443, 471)  t=480.0  completed=False  world=(-790.0, 30.5)
b03 finish rc=(443, 471)  t=240.0  completed=True  world=(-790.0, 30.5)
b04 start  — <none>
b04 finish rc=(558, 440)  t=480.0  completed=False  world=(-1720.0, -3419.5)
b05 start  — <none>
b05 finish — <none>
=== end ===

— end dump —

[DEBUG] sector 3: start@bdy3 (443, 471)   finish@bdy4 (558, 440)
[GC#01] → sector 3  start (443, 471)  finish (558, 440)

— after _record_anchor(bdy=1, role=start, cell=(344, 564), by=None) —

=== boundary_anchors (NOW) ===
b00 start  — <none>
b00 finish — <none>
b01 start  rc=(344, 564)  t=480.0  completed=False  world=(2000.0, 3000.5)
b01 finish rc=(344, 564)  t=240.0  completed=True  world=(2000.0, 3000.5)
b02 start  rc=(413, 490)  t=240.0  completed=True  world=(-220.0, 930.5)
b02 finish rc=(413, 490)  t=360.0  completed=True  world=(-220.0, 930.5)
b03 start  rc=(443, 471)  t=480.0  completed=False  world=(-790.0, 30.5)
b03 finish rc=(443, 471)  t=240.0  completed=True  world=(-790.0, 30.5)
b04 start  — <none>
b04 finish rc=(558, 440)  t=480.0  completed=False  world=(-1720.0, -3419.5)
b05 start  — <none>
b05 finish — <none>
=== end ===

— end dump —


— after _record_anchor(bdy=0, role=finish, cell=(443, 607), by=None) —

=== boundary_anchors (NOW) ===
b00 start  — <none>
b00 finish rc=(443, 607)  t=480.0  completed=False  world=(3290.0, 30.5)
b01 start  rc=(344, 564)  t=480.0  completed=False  world=(2000.0, 3000.5)
b01 finish rc=(344, 564)  t=240.0  completed=True  world=(2000.0, 3000.5)
b02 start  rc=(413, 490)  t=240.0  completed=True  world=(-220.0, 930.5)
b02 finish rc=(413, 490)  t=360.0  completed=True  world=(-220.0, 930.5)
b03 start  rc=(443, 471)  t=480.0  completed=False  world=(-790.0, 30.5)
b03 finish rc=(443, 471)  t=240.0  completed=True  world=(-790.0, 30.5)
b04 start  — <none>
b04 finish rc=(558, 440)  t=480.0  completed=False  world=(-1720.0, -3419.5)
b05 start  — <none>
b05 finish — <none>
=== end ===

— end dump —

[DEBUG] sector 0: start@bdy1 (344, 564)   finish@bdy0 (443, 607)
[GC#02] → sector 0  start (344, 564)  finish (443, 607)
  → selected [1607.66825638 1764.50613631] as drop point
Using multi-phase propagation with wind schedule.
DROP RAN
[DEBUG] AT#00  finished drop in sector 0 – notifying ground crews
[START] GC#02 using ANCHOR (unspecified source) → start (344, 564) on boundary 1
Start:  (344, 564)
Finish:  (443, 607)
[GC#02] fire-line length 163 cells (224.0 min; full plan)

— after _mark_anchor_completed(bdy=1, role=start, by=None) —

=== boundary_anchors (NOW) ===
b00 start  — <none>
b00 finish rc=(443, 607)  t=480.0  completed=False  world=(3290.0, 30.5)
b01 start  rc=(344, 564)  t=480.0  completed=True  world=(2000.0, 3000.5)
b01 finish rc=(344, 564)  t=240.0  completed=True  world=(2000.0, 3000.5)
b02 start  rc=(413, 490)  t=240.0  completed=True  world=(-220.0, 930.5)
b02 finish rc=(413, 490)  t=360.0  completed=True  world=(-220.0, 930.5)
b03 start  rc=(443, 471)  t=480.0  completed=False  world=(-790.0, 30.5)
b03 finish rc=(443, 471)  t=240.0  completed=True  world=(-790.0, 30.5)
b04 start  — <none>
b04 finish rc=(558, 440)  t=480.0  completed=False  world=(-1720.0, -3419.5)
b05 start  — <none>
b05 finish — <none>
=== end ===

— end dump —


— after _mark_anchor_completed(bdy=0, role=finish, by=<groundcrew.GroundCrewAgent object at 0x0000013717A0FA90>) —

=== boundary_anchors (NOW) ===
b00 start  — <none>
b00 finish rc=(443, 607)  t=480.0  completed=True  world=(3290.0, 30.5)
b01 start  rc=(344, 564)  t=480.0  completed=True  world=(2000.0, 3000.5)
b01 finish rc=(344, 564)  t=240.0  completed=True  world=(2000.0, 3000.5)
b02 start  rc=(413, 490)  t=240.0  completed=True  world=(-220.0, 930.5)
b02 finish rc=(413, 490)  t=360.0  completed=True  world=(-220.0, 930.5)
b03 start  rc=(443, 471)  t=480.0  completed=False  world=(-790.0, 30.5)
b03 finish rc=(443, 471)  t=240.0  completed=True  world=(-790.0, 30.5)
b04 start  — <none>
b04 finish rc=(558, 440)  t=480.0  completed=False  world=(-1720.0, -3419.5)
b05 start  — <none>
b05 finish — <none>
=== end ===

— end dump —

  → selected [1673.6229255  2190.09406364] as drop point
FLUSHED
Using multi-phase propagation with wind schedule.
DROP RAN
[DEBUG] AT#00  finished drop in sector 0 – notifying ground crews
[DEBUG] GC#02  attempting re-plan… remaining path = 163 cells
[DEBUG] GC#02 start@(373, 556)  raw_arr=inf  now=570.0  mtt=nan  within_buffer=False
[START] GC#02 using NEW (buffered by planner) → start (373, 556) on boundary 1
Start:  (373, 556)
Finish:  (443, 607)
[GC#02] fire-line length 138 cells (206.6 min; full plan)
[DEBUG] GC#02  new path accepted (length 138, ETA 206.6 min)
Using multi-phase propagation with wind schedule.
[GC#02] updated fire after clearing batch
[START] GC#01 using ANCHOR (unspecified source) → start (443, 471) on boundary 3
Start:  (443, 471)
Finish:  (558, 440)
[GC#01] fire-line length 207 cells (352.9 min; full plan)

— after _mark_anchor_completed(bdy=3, role=start, by=None) —

=== boundary_anchors (NOW) ===
b00 start  — <none>
b00 finish rc=(443, 607)  t=480.0  completed=True  world=(3290.0, 30.5)
b01 start  rc=(344, 564)  t=480.0  completed=True  world=(2000.0, 3000.5)
b01 finish rc=(344, 564)  t=240.0  completed=True  world=(2000.0, 3000.5)
b02 start  rc=(413, 490)  t=240.0  completed=True  world=(-220.0, 930.5)
b02 finish rc=(413, 490)  t=360.0  completed=True  world=(-220.0, 930.5)
b03 start  rc=(443, 471)  t=480.0  completed=True  world=(-790.0, 30.5)
b03 finish rc=(443, 471)  t=240.0  completed=True  world=(-790.0, 30.5)
b04 start  — <none>
b04 finish rc=(558, 440)  t=480.0  completed=False  world=(-1720.0, -3419.5)
b05 start  — <none>
b05 finish — <none>
=== end ===

— end dump —


— after _mark_anchor_completed(bdy=4, role=finish, by=<groundcrew.GroundCrewAgent object at 0x00000137179FB890>) —

=== boundary_anchors (NOW) ===
b00 start  — <none>
b00 finish rc=(443, 607)  t=480.0  completed=True  world=(3290.0, 30.5)
b01 start  rc=(344, 564)  t=480.0  completed=True  world=(2000.0, 3000.5)
b01 finish rc=(344, 564)  t=240.0  completed=True  world=(2000.0, 3000.5)
b02 start  rc=(413, 490)  t=240.0  completed=True  world=(-220.0, 930.5)
b02 finish rc=(413, 490)  t=360.0  completed=True  world=(-220.0, 930.5)
b03 start  rc=(443, 471)  t=480.0  completed=True  world=(-790.0, 30.5)
b03 finish rc=(443, 471)  t=240.0  completed=True  world=(-790.0, 30.5)
b04 start  — <none>
b04 finish rc=(558, 440)  t=480.0  completed=True  world=(-1720.0, -3419.5)
b05 start  — <none>
b05 finish — <none>
=== end ===

— end dump —

Applied action {'FireHercAgent': (1,), 'GroundCrewAgent': (4, 1)} at t=600 min
[ICS] open=[0, 3, 4, 5]  crew_order=[3, 0, 4, 5]  weights={0: 115.0, 3: 259.0, 4: 45.0, 5: 3.0}
simulating in place
Using multi-phase propagation with wind schedule.
[GC#01] updated fire after clearing batch
Using multi-phase propagation with wind schedule.
[GC#01] updated fire after clearing batch
Using multi-phase propagation with wind schedule.
[GC#02] updated fire after clearing batch
Using multi-phase propagation with wind schedule.
[GC#01] updated fire after clearing batch
  → selected [-1212.5895562  -1895.72831624] as drop point
FLUSHED
FLUSHED
Using multi-phase propagation with wind schedule.
DROP RAN
[DEBUG] AT#00  finished drop in sector 3 – notifying ground crews
[DEBUG] GC#01  attempting re-plan… remaining path = 207 cells
[DEBUG] GC#01 start@(501, 452)  raw_arr=inf  now=616.0  mtt=nan  within_buffer=False
[START] GC#01 using NEW (buffered by planner) → start (501, 452) on boundary 3
Start:  (501, 452)
Finish:  (558, 440)
[GC#01] fire-line length 98 cells (164.5 min; full plan)
[DEBUG] GC#01  new path accepted (length 98, ETA 164.5 min)
Using multi-phase propagation with wind schedule.
[GC#01] updated fire after clearing batch
Using multi-phase propagation with wind schedule.
[GC#01] updated fire after clearing batch
Using multi-phase propagation with wind schedule.
[GC#02] updated fire after clearing batch
Sector retarded
{2, 3}
Using multi-phase propagation with wind schedule.
[GC#01] updated fire after clearing batch
Using multi-phase propagation with wind schedule.
[GC#02] updated fire after clearing batch
Applied action {'FireHercAgent': (4,), 'GroundCrewAgent': (4, 1)} at t=720 min
[ICS] open=[0, 3, 4, 5]  crew_order=[3, 0, 4, 5]  weights={0: 115.0, 3: 259.0, 4: 45.0, 5: 3.0}
simulating in place
  → selected [-1610.83324591 -2520.84569217] as drop point
FLUSHED
FLUSHED
Using multi-phase propagation with wind schedule.
DROP RAN
[DEBUG] AT#00  finished drop in sector 3 – notifying ground crews
[DEBUG] GC#01  attempting re-plan… remaining path = 98 cells
[DEBUG] GC#01 start@(551, 440)  raw_arr=inf  now=750.0  mtt=nan  within_buffer=False
[START] GC#01 using NEW (buffered by planner) → start (551, 440) on boundary 3
Start:  (551, 440)
Finish:  (558, 440)
[GC#01] fire-line length 8 cells (28.3 min; full plan)
[DEBUG] GC#01  new path accepted (length 8, ETA 28.3 min)
Using multi-phase propagation with wind schedule.
[GC#02] updated fire after clearing batch
Sector contained  0

— after _mark_anchor_completed(bdy=1, role=start, by=None) —

=== boundary_anchors (NOW) ===
b00 start  — <none>
b00 finish rc=(443, 607)  t=480.0  completed=True  world=(3290.0, 30.5)
b01 start  rc=(344, 564)  t=480.0  completed=True  world=(2000.0, 3000.5)
b01 finish rc=(344, 564)  t=240.0  completed=True  world=(2000.0, 3000.5)
b02 start  rc=(413, 490)  t=240.0  completed=True  world=(-220.0, 930.5)
b02 finish rc=(413, 490)  t=360.0  completed=True  world=(-220.0, 930.5)
b03 start  rc=(443, 471)  t=480.0  completed=True  world=(-790.0, 30.5)
b03 finish rc=(443, 471)  t=240.0  completed=True  world=(-790.0, 30.5)
b04 start  — <none>
b04 finish rc=(558, 440)  t=480.0  completed=True  world=(-1720.0, -3419.5)
b05 start  — <none>
b05 finish — <none>
=== end ===

— end dump —


— after _mark_anchor_completed(bdy=0, role=finish, by=None) —

=== boundary_anchors (NOW) ===
b00 start  — <none>
b00 finish rc=(443, 607)  t=480.0  completed=True  world=(3290.0, 30.5)
b01 start  rc=(344, 564)  t=480.0  completed=True  world=(2000.0, 3000.5)
b01 finish rc=(344, 564)  t=240.0  completed=True  world=(2000.0, 3000.5)
b02 start  rc=(413, 490)  t=240.0  completed=True  world=(-220.0, 930.5)
b02 finish rc=(413, 490)  t=360.0  completed=True  world=(-220.0, 930.5)
b03 start  rc=(443, 471)  t=480.0  completed=True  world=(-790.0, 30.5)
b03 finish rc=(443, 471)  t=240.0  completed=True  world=(-790.0, 30.5)
b04 start  — <none>
b04 finish rc=(558, 440)  t=480.0  completed=True  world=(-1720.0, -3419.5)
b05 start  — <none>
b05 finish — <none>
=== end ===

— end dump —

[GC#02] Sector 0 contained → Standby
Using multi-phase propagation with wind schedule.
[GC#01] updated fire after clearing batch
Sector contained  3

— after _mark_anchor_completed(bdy=3, role=start, by=None) —

=== boundary_anchors (NOW) ===
b00 start  — <none>
b00 finish rc=(443, 607)  t=480.0  completed=True  world=(3290.0, 30.5)
b01 start  rc=(344, 564)  t=480.0  completed=True  world=(2000.0, 3000.5)
b01 finish rc=(344, 564)  t=240.0  completed=True  world=(2000.0, 3000.5)
b02 start  rc=(413, 490)  t=240.0  completed=True  world=(-220.0, 930.5)
b02 finish rc=(413, 490)  t=360.0  completed=True  world=(-220.0, 930.5)
b03 start  rc=(443, 471)  t=480.0  completed=True  world=(-790.0, 30.5)
b03 finish rc=(443, 471)  t=240.0  completed=True  world=(-790.0, 30.5)
b04 start  — <none>
b04 finish rc=(558, 440)  t=480.0  completed=True  world=(-1720.0, -3419.5)
b05 start  — <none>
b05 finish — <none>
=== end ===

— end dump —


— after _mark_anchor_completed(bdy=4, role=finish, by=None) —

=== boundary_anchors (NOW) ===
b00 start  — <none>
b00 finish rc=(443, 607)  t=480.0  completed=True  world=(3290.0, 30.5)
b01 start  rc=(344, 564)  t=480.0  completed=True  world=(2000.0, 3000.5)
b01 finish rc=(344, 564)  t=240.0  completed=True  world=(2000.0, 3000.5)
b02 start  rc=(413, 490)  t=240.0  completed=True  world=(-220.0, 930.5)
b02 finish rc=(413, 490)  t=360.0  completed=True  world=(-220.0, 930.5)
b03 start  rc=(443, 471)  t=480.0  completed=True  world=(-790.0, 30.5)
b03 finish rc=(443, 471)  t=240.0  completed=True  world=(-790.0, 30.5)
b04 start  — <none>
b04 finish rc=(558, 440)  t=480.0  completed=True  world=(-1720.0, -3419.5)
b05 start  — <none>
b05 finish — <none>
=== end ===

— end dump —

[GC#01] Sector 3 contained → Standby
  → [-1119.41223827 -1449.86022903] already burned – skipping
Sector retarded
{2, 3}
Applied action {'FireHercAgent': (4,), 'GroundCrewAgent': (4, 1)} at t=840 min
[ICS] open=[4, 5]  crew_order=[4, 5]  weights={4: 45.0, 5: 3.0}
simulating in place

— after _record_anchor(bdy=4, role=start, cell=(558, 440), by=None) —

=== boundary_anchors (NOW) ===
b00 start  — <none>
b00 finish rc=(443, 607)  t=480.0  completed=True  world=(3290.0, 30.5)
b01 start  rc=(344, 564)  t=480.0  completed=True  world=(2000.0, 3000.5)
b01 finish rc=(344, 564)  t=240.0  completed=True  world=(2000.0, 3000.5)
b02 start  rc=(413, 490)  t=240.0  completed=True  world=(-220.0, 930.5)
b02 finish rc=(413, 490)  t=360.0  completed=True  world=(-220.0, 930.5)
b03 start  rc=(443, 471)  t=480.0  completed=True  world=(-790.0, 30.5)
b03 finish rc=(443, 471)  t=240.0  completed=True  world=(-790.0, 30.5)
b04 start  rc=(558, 440)  t=840.0  completed=False  world=(-1720.0, -3419.5)
b04 finish rc=(558, 440)  t=480.0  completed=True  world=(-1720.0, -3419.5)
b05 start  — <none>
b05 finish — <none>
=== end ===

— end dump —


— after _record_anchor(bdy=5, role=finish, cell=(629, 614), by=None) —

=== boundary_anchors (NOW) ===
b00 start  — <none>
b00 finish rc=(443, 607)  t=480.0  completed=True  world=(3290.0, 30.5)
b01 start  rc=(344, 564)  t=480.0  completed=True  world=(2000.0, 3000.5)
b01 finish rc=(344, 564)  t=240.0  completed=True  world=(2000.0, 3000.5)
b02 start  rc=(413, 490)  t=240.0  completed=True  world=(-220.0, 930.5)
b02 finish rc=(413, 490)  t=360.0  completed=True  world=(-220.0, 930.5)
b03 start  rc=(443, 471)  t=480.0  completed=True  world=(-790.0, 30.5)
b03 finish rc=(443, 471)  t=240.0  completed=True  world=(-790.0, 30.5)
b04 start  rc=(558, 440)  t=840.0  completed=False  world=(-1720.0, -3419.5)
b04 finish rc=(558, 440)  t=480.0  completed=True  world=(-1720.0, -3419.5)
b05 start  — <none>
b05 finish rc=(629, 614)  t=840.0  completed=False  world=(3500.0, -5549.5)
=== end ===

— end dump —

[DEBUG] sector 4: start@bdy4 (558, 440)   finish@bdy5 (629, 614)
[GC#01] → sector 4  start (558, 440)  finish (629, 614)

— after _record_anchor(bdy=0, role=start, cell=(443, 607), by=None) —

=== boundary_anchors (NOW) ===
b00 start  rc=(443, 607)  t=840.0  completed=False  world=(3290.0, 30.5)
b00 finish rc=(443, 607)  t=480.0  completed=True  world=(3290.0, 30.5)
b01 start  rc=(344, 564)  t=480.0  completed=True  world=(2000.0, 3000.5)
b01 finish rc=(344, 564)  t=240.0  completed=True  world=(2000.0, 3000.5)
b02 start  rc=(413, 490)  t=240.0  completed=True  world=(-220.0, 930.5)
b02 finish rc=(413, 490)  t=360.0  completed=True  world=(-220.0, 930.5)
b03 start  rc=(443, 471)  t=480.0  completed=True  world=(-790.0, 30.5)
b03 finish rc=(443, 471)  t=240.0  completed=True  world=(-790.0, 30.5)
b04 start  rc=(558, 440)  t=840.0  completed=False  world=(-1720.0, -3419.5)
b04 finish rc=(558, 440)  t=480.0  completed=True  world=(-1720.0, -3419.5)
b05 start  — <none>
b05 finish rc=(629, 614)  t=840.0  completed=False  world=(3500.0, -5549.5)
=== end ===

— end dump —


— after _record_anchor(bdy=5, role=finish, cell=(558, 574), by=None) —

=== boundary_anchors (NOW) ===
b00 start  rc=(443, 607)  t=840.0  completed=False  world=(3290.0, 30.5)
b00 finish rc=(443, 607)  t=480.0  completed=True  world=(3290.0, 30.5)
b01 start  rc=(344, 564)  t=480.0  completed=True  world=(2000.0, 3000.5)
b01 finish rc=(344, 564)  t=240.0  completed=True  world=(2000.0, 3000.5)
b02 start  rc=(413, 490)  t=240.0  completed=True  world=(-220.0, 930.5)
b02 finish rc=(413, 490)  t=360.0  completed=True  world=(-220.0, 930.5)
b03 start  rc=(443, 471)  t=480.0  completed=True  world=(-790.0, 30.5)
b03 finish rc=(443, 471)  t=240.0  completed=True  world=(-790.0, 30.5)
b04 start  rc=(558, 440)  t=840.0  completed=False  world=(-1720.0, -3419.5)
b04 finish rc=(558, 440)  t=480.0  completed=True  world=(-1720.0, -3419.5)
b05 start  — <none>
b05 finish rc=(558, 574)  t=840.0  completed=False  world=(2300.0, -3419.5)
=== end ===

— end dump —

[DEBUG] sector 5: start@bdy0 (443, 607)   finish@bdy5 (558, 574)
[GC#02] → sector 5  start (443, 607)  finish (558, 574)
[START] GC#02 using ANCHOR (unspecified source) → start (443, 607) on boundary 0
Start:  (443, 607)
Finish:  (558, 574)
[GC#02] fire-line length 305 cells (458.5 min; full plan)

— after _mark_anchor_completed(bdy=0, role=start, by=None) —

=== boundary_anchors (NOW) ===
b00 start  rc=(443, 607)  t=840.0  completed=True  world=(3290.0, 30.5)
b00 finish rc=(443, 607)  t=480.0  completed=True  world=(3290.0, 30.5)
b01 start  rc=(344, 564)  t=480.0  completed=True  world=(2000.0, 3000.5)
b01 finish rc=(344, 564)  t=240.0  completed=True  world=(2000.0, 3000.5)
b02 start  rc=(413, 490)  t=240.0  completed=True  world=(-220.0, 930.5)
b02 finish rc=(413, 490)  t=360.0  completed=True  world=(-220.0, 930.5)
b03 start  rc=(443, 471)  t=480.0  completed=True  world=(-790.0, 30.5)
b03 finish rc=(443, 471)  t=240.0  completed=True  world=(-790.0, 30.5)
b04 start  rc=(558, 440)  t=840.0  completed=False  world=(-1720.0, -3419.5)
b04 finish rc=(558, 440)  t=480.0  completed=True  world=(-1720.0, -3419.5)
b05 start  — <none>
b05 finish rc=(558, 574)  t=840.0  completed=False  world=(2300.0, -3419.5)
=== end ===

— end dump —


— after _mark_anchor_completed(bdy=5, role=finish, by=<groundcrew.GroundCrewAgent object at 0x0000013717A0FA90>) —

=== boundary_anchors (NOW) ===
b00 start  rc=(443, 607)  t=840.0  completed=True  world=(3290.0, 30.5)
b00 finish rc=(443, 607)  t=480.0  completed=True  world=(3290.0, 30.5)
b01 start  rc=(344, 564)  t=480.0  completed=True  world=(2000.0, 3000.5)
b01 finish rc=(344, 564)  t=240.0  completed=True  world=(2000.0, 3000.5)
b02 start  rc=(413, 490)  t=240.0  completed=True  world=(-220.0, 930.5)
b02 finish rc=(413, 490)  t=360.0  completed=True  world=(-220.0, 930.5)
b03 start  rc=(443, 471)  t=480.0  completed=True  world=(-790.0, 30.5)
b03 finish rc=(443, 471)  t=240.0  completed=True  world=(-790.0, 30.5)
b04 start  rc=(558, 440)  t=840.0  completed=False  world=(-1720.0, -3419.5)
b04 finish rc=(558, 440)  t=480.0  completed=True  world=(-1720.0, -3419.5)
b05 start  — <none>
b05 finish rc=(558, 574)  t=840.0  completed=True  world=(2300.0, -3419.5)
=== end ===

— end dump —

[START] GC#01 using ANCHOR (unspecified source) → start (558, 440) on boundary 4
Start:  (558, 440)
Finish:  (629, 614)
[GC#01] fire-line length 354 cells (1079.4 min; full plan)

— after _mark_anchor_completed(bdy=4, role=start, by=None) —

=== boundary_anchors (NOW) ===
b00 start  rc=(443, 607)  t=840.0  completed=True  world=(3290.0, 30.5)
b00 finish rc=(443, 607)  t=480.0  completed=True  world=(3290.0, 30.5)
b01 start  rc=(344, 564)  t=480.0  completed=True  world=(2000.0, 3000.5)
b01 finish rc=(344, 564)  t=240.0  completed=True  world=(2000.0, 3000.5)
b02 start  rc=(413, 490)  t=240.0  completed=True  world=(-220.0, 930.5)
b02 finish rc=(413, 490)  t=360.0  completed=True  world=(-220.0, 930.5)
b03 start  rc=(443, 471)  t=480.0  completed=True  world=(-790.0, 30.5)
b03 finish rc=(443, 471)  t=240.0  completed=True  world=(-790.0, 30.5)
b04 start  rc=(558, 440)  t=840.0  completed=True  world=(-1720.0, -3419.5)
b04 finish rc=(558, 440)  t=480.0  completed=True  world=(-1720.0, -3419.5)
b05 start  — <none>
b05 finish rc=(558, 574)  t=840.0  completed=True  world=(2300.0, -3419.5)
=== end ===

— end dump —


— after _mark_anchor_completed(bdy=5, role=finish, by=<groundcrew.GroundCrewAgent object at 0x00000137179FB890>) —

=== boundary_anchors (NOW) ===
b00 start  rc=(443, 607)  t=840.0  completed=True  world=(3290.0, 30.5)
b00 finish rc=(443, 607)  t=480.0  completed=True  world=(3290.0, 30.5)
b01 start  rc=(344, 564)  t=480.0  completed=True  world=(2000.0, 3000.5)
b01 finish rc=(344, 564)  t=240.0  completed=True  world=(2000.0, 3000.5)
b02 start  rc=(413, 490)  t=240.0  completed=True  world=(-220.0, 930.5)
b02 finish rc=(413, 490)  t=360.0  completed=True  world=(-220.0, 930.5)
b03 start  rc=(443, 471)  t=480.0  completed=True  world=(-790.0, 30.5)
b03 finish rc=(443, 471)  t=240.0  completed=True  world=(-790.0, 30.5)
b04 start  rc=(558, 440)  t=840.0  completed=True  world=(-1720.0, -3419.5)
b04 finish rc=(558, 440)  t=480.0  completed=True  world=(-1720.0, -3419.5)
b05 start  — <none>
b05 finish rc=(558, 574)  t=840.0  completed=True  world=(2300.0, -3419.5)
=== end ===

— end dump —

Using multi-phase propagation with wind schedule.
[GC#02] updated fire after clearing batch
  → [  78.45686868 -161.86780946] already burned – skipping
Sector retarded
{2, 3, 4}
Using multi-phase propagation with wind schedule.
[GC#02] updated fire after clearing batch
  → [  63.04515053 -168.62896315] already burned – skipping
Sector retarded
{2, 3, 4}
Using multi-phase propagation with wind schedule.
[GC#02] updated fire after clearing batch
Using multi-phase propagation with wind schedule.
[GC#01] updated fire after clearing batch
  → [  90.46978864 -190.86956375] already burned – skipping
Sector retarded
{2, 3, 4}
Using multi-phase propagation with wind schedule.
[GC#02] updated fire after clearing batch
Using multi-phase propagation with wind schedule.
[GC#01] updated fire after clearing batch
Applied action {'FireHercAgent': (5,), 'GroundCrewAgent': (5, 6)} at t=960 min
[ICS] open=[4, 5]  crew_order=[4, 5]  weights={4: 45.0, 5: 3.0}
simulating in place
Using multi-phase propagation with wind schedule.
[GC#01] updated fire after clearing batch
  → [  68.17517438 -269.50871365] already burned – skipping
Sector retarded
{2, 3, 4}
Using multi-phase propagation with wind schedule.
[GC#02] updated fire after clearing batch
Using multi-phase propagation with wind schedule.
[GC#02] updated fire after clearing batch
  → [ -24.24255704 -206.5668897 ] already burned – skipping
Sector retarded
{2, 3, 4}
Using multi-phase propagation with wind schedule.
[GC#01] updated fire after clearing batch
Using multi-phase propagation with wind schedule.
[GC#02] updated fire after clearing batch
Applied action {'FireHercAgent': (5,), 'GroundCrewAgent': (5, 6)} at t=1080 min
[ICS] open=[4, 5]  crew_order=[4, 5]  weights={4: 45.0, 5: 3.0}
simulating in place
Using multi-phase propagation with wind schedule.
[GC#02] updated fire after clearing batch
  → [ -25.42309756 -215.53398526] already burned – skipping
Sector retarded
{2, 3, 4}
Using multi-phase propagation with wind schedule.
[GC#02] updated fire after clearing batch
Using multi-phase propagation with wind schedule.
[GC#01] updated fire after clearing batch
  → [ -15.34854403 -139.01015381] already burned – skipping
Sector retarded
{2, 3, 4}
Using multi-phase propagation with wind schedule.
[GC#01] updated fire after clearing batch
Using multi-phase propagation with wind schedule.
[GC#02] updated fire after clearing batch
  → [ -24.9499864  -119.56781506] already burned – skipping
Sector retarded
{2, 3, 4}
Using multi-phase propagation with wind schedule.
[GC#02] updated fire after clearing batch
Using multi-phase propagation with wind schedule.
[GC#01] updated fire after clearing batch
Applied action {'FireHercAgent': (5,), 'GroundCrewAgent': (5, 6)} at t=1200 min
[ICS] open=[4, 5]  crew_order=[4, 5]  weights={4: 45.0, 5: 3.0}
simulating in place
  → [ 10.49794456 -26.3294923 ] already burned – skipping
Sector retarded
{2, 3, 4}
Using multi-phase propagation with wind schedule.
[GC#01] updated fire after clearing batch
Using multi-phase propagation with wind schedule.
[GC#02] updated fire after clearing batch
  → [-17.10248474 -54.58293439] already burned – skipping
Sector retarded
{2, 3, 4}
Using multi-phase propagation with wind schedule.
[GC#02] updated fire after clearing batch
Sector contained  5

— after _mark_anchor_completed(bdy=0, role=start, by=None) —

=== boundary_anchors (NOW) ===
b00 start  rc=(443, 607)  t=840.0  completed=True  world=(3290.0, 30.5)
b00 finish rc=(443, 607)  t=480.0  completed=True  world=(3290.0, 30.5)
b01 start  rc=(344, 564)  t=480.0  completed=True  world=(2000.0, 3000.5)
b01 finish rc=(344, 564)  t=240.0  completed=True  world=(2000.0, 3000.5)
b02 start  rc=(413, 490)  t=240.0  completed=True  world=(-220.0, 930.5)
b02 finish rc=(413, 490)  t=360.0  completed=True  world=(-220.0, 930.5)
b03 start  rc=(443, 471)  t=480.0  completed=True  world=(-790.0, 30.5)
b03 finish rc=(443, 471)  t=240.0  completed=True  world=(-790.0, 30.5)
b04 start  rc=(558, 440)  t=840.0  completed=True  world=(-1720.0, -3419.5)
b04 finish rc=(558, 440)  t=480.0  completed=True  world=(-1720.0, -3419.5)
b05 start  — <none>
b05 finish rc=(558, 574)  t=840.0  completed=True  world=(2300.0, -3419.5)
=== end ===

— end dump —


— after _mark_anchor_completed(bdy=5, role=finish, by=None) —

=== boundary_anchors (NOW) ===
b00 start  rc=(443, 607)  t=840.0  completed=True  world=(3290.0, 30.5)
b00 finish rc=(443, 607)  t=480.0  completed=True  world=(3290.0, 30.5)
b01 start  rc=(344, 564)  t=480.0  completed=True  world=(2000.0, 3000.5)
b01 finish rc=(344, 564)  t=240.0  completed=True  world=(2000.0, 3000.5)
b02 start  rc=(413, 490)  t=240.0  completed=True  world=(-220.0, 930.5)
b02 finish rc=(413, 490)  t=360.0  completed=True  world=(-220.0, 930.5)
b03 start  rc=(443, 471)  t=480.0  completed=True  world=(-790.0, 30.5)
b03 finish rc=(443, 471)  t=240.0  completed=True  world=(-790.0, 30.5)
b04 start  rc=(558, 440)  t=840.0  completed=True  world=(-1720.0, -3419.5)
b04 finish rc=(558, 440)  t=480.0  completed=True  world=(-1720.0, -3419.5)
b05 start  — <none>
b05 finish rc=(558, 574)  t=840.0  completed=True  world=(2300.0, -3419.5)
=== end ===

— end dump —

[GC#02] Sector 5 contained → Standby
  → [-11.92408986 -38.15916414] already burned – skipping
Sector retarded
{2, 3, 4}
Applied action {'FireHercAgent': (5,), 'GroundCrewAgent': (5, 6)} at t=1320 min
[ICS] open=[4]  crew_order=[4]  weights={4: 45.0}
simulating in place

— after _record_anchor(bdy=4, role=start, cell=(558, 440), by=None) —

=== boundary_anchors (NOW) ===
b00 start  rc=(443, 607)  t=840.0  completed=True  world=(3290.0, 30.5)
b00 finish rc=(443, 607)  t=480.0  completed=True  world=(3290.0, 30.5)
b01 start  rc=(344, 564)  t=480.0  completed=True  world=(2000.0, 3000.5)
b01 finish rc=(344, 564)  t=240.0  completed=True  world=(2000.0, 3000.5)
b02 start  rc=(413, 490)  t=240.0  completed=True  world=(-220.0, 930.5)
b02 finish rc=(413, 490)  t=360.0  completed=True  world=(-220.0, 930.5)
b03 start  rc=(443, 471)  t=480.0  completed=True  world=(-790.0, 30.5)
b03 finish rc=(443, 471)  t=240.0  completed=True  world=(-790.0, 30.5)
b04 start  rc=(558, 440)  t=1320.0  completed=False  world=(-1720.0, -3419.5)
b04 finish rc=(558, 440)  t=480.0  completed=True  world=(-1720.0, -3419.5)
b05 start  — <none>
b05 finish rc=(558, 574)  t=840.0  completed=True  world=(2300.0, -3419.5)
=== end ===

— end dump —


— after _record_anchor(bdy=5, role=finish, cell=(558, 574), by=None) —

=== boundary_anchors (NOW) ===
b00 start  rc=(443, 607)  t=840.0  completed=True  world=(3290.0, 30.5)
b00 finish rc=(443, 607)  t=480.0  completed=True  world=(3290.0, 30.5)
b01 start  rc=(344, 564)  t=480.0  completed=True  world=(2000.0, 3000.5)
b01 finish rc=(344, 564)  t=240.0  completed=True  world=(2000.0, 3000.5)
b02 start  rc=(413, 490)  t=240.0  completed=True  world=(-220.0, 930.5)
b02 finish rc=(413, 490)  t=360.0  completed=True  world=(-220.0, 930.5)
b03 start  rc=(443, 471)  t=480.0  completed=True  world=(-790.0, 30.5)
b03 finish rc=(443, 471)  t=240.0  completed=True  world=(-790.0, 30.5)
b04 start  rc=(558, 440)  t=1320.0  completed=False  world=(-1720.0, -3419.5)
b04 finish rc=(558, 440)  t=480.0  completed=True  world=(-1720.0, -3419.5)
b05 start  — <none>
b05 finish rc=(558, 574)  t=1320.0  completed=False  world=(2300.0, -3419.5)
=== end ===

— end dump —

[DEBUG] sector 4: start@bdy4 (558, 440)   finish@bdy5 (558, 574)
[GC#02] → sector 4  start (558, 440)  finish (558, 574)
Using multi-phase propagation with wind schedule.
[GC#01] updated fire after clearing batch
  → [ -50.09053016 -117.48913832] already burned – skipping
Sector retarded
{2, 3, 4}
  → [ -91.82468483 -218.24430054] already burned – skipping
Sector retarded
{2, 3, 4}
Using multi-phase propagation with wind schedule.
[GC#01] updated fire after clearing batch
Applied action {'FireHercAgent': (5,), 'GroundCrewAgent': (5, 5)} at t=1440 min
[ICS] open=[4]  crew_order=[4]  weights={4: 45.0}
simulating in place
[START] GC#02 using ANCHOR (unspecified source) → start (558, 440) on boundary 4
Start:  (558, 440)
Finish:  (558, 574)
[GC#02] fire-line length 375 cells (143.0 min; full plan)

— after _mark_anchor_completed(bdy=4, role=start, by=None) —

=== boundary_anchors (NOW) ===
b00 start  rc=(443, 607)  t=840.0  completed=True  world=(3290.0, 30.5)
b00 finish rc=(443, 607)  t=480.0  completed=True  world=(3290.0, 30.5)
b01 start  rc=(344, 564)  t=480.0  completed=True  world=(2000.0, 3000.5)
b01 finish rc=(344, 564)  t=240.0  completed=True  world=(2000.0, 3000.5)
b02 start  rc=(413, 490)  t=240.0  completed=True  world=(-220.0, 930.5)
b02 finish rc=(413, 490)  t=360.0  completed=True  world=(-220.0, 930.5)
b03 start  rc=(443, 471)  t=480.0  completed=True  world=(-790.0, 30.5)
b03 finish rc=(443, 471)  t=240.0  completed=True  world=(-790.0, 30.5)
b04 start  rc=(558, 440)  t=1320.0  completed=True  world=(-1720.0, -3419.5)
b04 finish rc=(558, 440)  t=480.0  completed=True  world=(-1720.0, -3419.5)
b05 start  — <none>
b05 finish rc=(558, 574)  t=1320.0  completed=False  world=(2300.0, -3419.5)
=== end ===

— end dump —


— after _mark_anchor_completed(bdy=5, role=finish, by=<groundcrew.GroundCrewAgent object at 0x0000013717A0FA90>) —

=== boundary_anchors (NOW) ===
b00 start  rc=(443, 607)  t=840.0  completed=True  world=(3290.0, 30.5)
b00 finish rc=(443, 607)  t=480.0  completed=True  world=(3290.0, 30.5)
b01 start  rc=(344, 564)  t=480.0  completed=True  world=(2000.0, 3000.5)
b01 finish rc=(344, 564)  t=240.0  completed=True  world=(2000.0, 3000.5)
b02 start  rc=(413, 490)  t=240.0  completed=True  world=(-220.0, 930.5)
b02 finish rc=(413, 490)  t=360.0  completed=True  world=(-220.0, 930.5)
b03 start  rc=(443, 471)  t=480.0  completed=True  world=(-790.0, 30.5)
b03 finish rc=(443, 471)  t=240.0  completed=True  world=(-790.0, 30.5)
b04 start  rc=(558, 440)  t=1320.0  completed=True  world=(-1720.0, -3419.5)
b04 finish rc=(558, 440)  t=480.0  completed=True  world=(-1720.0, -3419.5)
b05 start  — <none>
b05 finish rc=(558, 574)  t=1320.0  completed=True  world=(2300.0, -3419.5)
=== end ===

— end dump —

  → [ -60.40476896 -142.38991353] already burned – skipping
Sector retarded
{2, 3, 4}
Using multi-phase propagation with wind schedule.
[GC#02] updated fire after clearing batch
Using multi-phase propagation with wind schedule.
[GC#02] updated fire after clearing batch
Using multi-phase propagation with wind schedule.
[GC#02] updated fire after clearing batch
Using multi-phase propagation with wind schedule.
[GC#02] updated fire after clearing batch
Using multi-phase propagation with wind schedule.
[GC#02] updated fire after clearing batch
Using multi-phase propagation with wind schedule.
[GC#01] updated fire after clearing batch
  → [6.84300476 9.62147028] already burned – skipping
Sector retarded
{2, 3, 4}
Using multi-phase propagation with wind schedule.
[GC#02] updated fire after clearing batch
  → [ 19.5421101  -19.63500028] already burned – skipping
Sector retarded
{2, 3, 4}
Applied action {'FireHercAgent': (5,), 'GroundCrewAgent': (5, 5)} at t=1560 min
[ICS] open=[4]  crew_order=[4]  weights={4: 45.0}
simulating in place
Using multi-phase propagation with wind schedule.
[GC#02] updated fire after clearing batch
Using multi-phase propagation with wind schedule.
[GC#01] updated fire after clearing batch
  → [12.90419021 -3.60964406] already burned – skipping
Sector retarded
{2, 3, 4}
Using multi-phase propagation with wind schedule.
[GC#02] updated fire after clearing batch
Using multi-phase propagation with wind schedule.
[GC#02] updated fire after clearing batch
Sector contained  4

— after _mark_anchor_completed(bdy=4, role=start, by=None) —

=== boundary_anchors (NOW) ===
b00 start  rc=(443, 607)  t=840.0  completed=True  world=(3290.0, 30.5)
b00 finish rc=(443, 607)  t=480.0  completed=True  world=(3290.0, 30.5)
b01 start  rc=(344, 564)  t=480.0  completed=True  world=(2000.0, 3000.5)
b01 finish rc=(344, 564)  t=240.0  completed=True  world=(2000.0, 3000.5)
b02 start  rc=(413, 490)  t=240.0  completed=True  world=(-220.0, 930.5)
b02 finish rc=(413, 490)  t=360.0  completed=True  world=(-220.0, 930.5)
b03 start  rc=(443, 471)  t=480.0  completed=True  world=(-790.0, 30.5)
b03 finish rc=(443, 471)  t=240.0  completed=True  world=(-790.0, 30.5)
b04 start  rc=(558, 440)  t=1320.0  completed=True  world=(-1720.0, -3419.5)
b04 finish rc=(558, 440)  t=480.0  completed=True  world=(-1720.0, -3419.5)
b05 start  — <none>
b05 finish rc=(558, 574)  t=1320.0  completed=True  world=(2300.0, -3419.5)
=== end ===

— end dump —


— after _mark_anchor_completed(bdy=5, role=finish, by=None) —

=== boundary_anchors (NOW) ===
b00 start  rc=(443, 607)  t=840.0  completed=True  world=(3290.0, 30.5)
b00 finish rc=(443, 607)  t=480.0  completed=True  world=(3290.0, 30.5)
b01 start  rc=(344, 564)  t=480.0  completed=True  world=(2000.0, 3000.5)
b01 finish rc=(344, 564)  t=240.0  completed=True  world=(2000.0, 3000.5)
b02 start  rc=(413, 490)  t=240.0  completed=True  world=(-220.0, 930.5)
b02 finish rc=(413, 490)  t=360.0  completed=True  world=(-220.0, 930.5)
b03 start  rc=(443, 471)  t=480.0  completed=True  world=(-790.0, 30.5)
b03 finish rc=(443, 471)  t=240.0  completed=True  world=(-790.0, 30.5)
b04 start  rc=(558, 440)  t=1320.0  completed=True  world=(-1720.0, -3419.5)
b04 finish rc=(558, 440)  t=480.0  completed=True  world=(-1720.0, -3419.5)
b05 start  — <none>
b05 finish rc=(558, 574)  t=1320.0  completed=True  world=(2300.0, -3419.5)
=== end ===

— end dump —

[GC#02] Sector 4 contained → Standby
  → [ 199.76382286 -358.66114014] already burned – skipping
Sector retarded
{2, 3, 4}
Using multi-phase propagation with wind schedule.
[GC#01] updated fire after clearing batch
Applied action {'FireHercAgent': (5,), 'GroundCrewAgent': (5, 5)} at t=1680 min
[SIM] All sectors contained – ending simulation.
Using multi-phase propagation with wind schedule.
[GC#01] updated fire after clearing batch
[SIM] Finished at t=1680 min – final fire-score = 31117.00  final buildings-destroyed = 95  final buildings-breakdown = {"11":95}
Simulation complete.
[0m