
⚑ background sched
 start  end    speed      dir
     0  120   30.000    5.000
   120  240   35.000   25.000
   240  360   40.000   25.000
   360  480   50.000   15.000
   480  600   30.000    2.500
   600  720   38.000    5.000
   720  840   28.000    0.000
   840  960   30.000    0.000
   960 1080   30.000    0.000
  1080 1200   28.000    2.500
  1200 1320   28.000    5.000
  1320 1440   30.000   15.000
  1440 1560   30.000    5.000
  1560 1680   30.000    7.500
  1680 1800   30.000   10.000
  1800 1920   30.000   10.000
  1920 2040   30.000   15.000
  2040 2160   17.500    5.000
  2160 2280   12.000    5.000
  2280 2400   12.000    5.000
  2400 2520   13.000    5.000
  2520 2640    7.000    0.000
  2640 2760    6.000    5.000
  2760 2880    6.000   10.000
  2880 3000    7.000   10.000
  3000 3000    1.000    0.000

⚑ hard σ truth schedule
 start  end    speed      dir
     0  120   30.000    5.000
   120  240   35.000   25.000
   240  360   40.000   25.000
   360  480   50.000   15.000
   480  600   30.000    2.500
   600  720   38.000    5.000
   720  840   28.000    0.000
   840  960   30.000    0.000
   960 1080   30.000    0.000
  1080 1200   28.000    2.500
  1200 1320   28.000    5.000
  1320 1440   30.000   15.000
  1440 1560   30.000    5.000
  1560 1680   30.000    7.500
  1680 1800   30.000   10.000
  1800 1920   30.000   10.000
  1920 2040   30.000   15.000
  2040 2160   17.500    5.000
  2160 2280   12.000    5.000
  2280 2400   12.000    5.000
  2400 2520   13.000    5.000
  2520 2640    7.000    0.000
  2640 2760    6.000    5.000
  2760 2880    6.000   10.000
  2880 3000    7.000   10.000
  3000 3000    1.000    0.000
RUN SEED: 3883358209
Starting ROS-weighted-MEAN simulation (headless)…
Using multi-phase propagation with wind schedule.
WildfireModel: Bounds: BoundingBox(left=-14935.007954473422, bottom=-13304.5080370525, right=14944.992045526578, top=13335.4919629475)
Checking Mesa Space Dimensions: Width = 49880.0, Height = 46640.0
Buffered Bounds: BoundingBox(left=-24935.00795447342, bottom=-23304.5080370525, right=24944.99204552658, top=23335.4919629475)
Original CRS: EPSG:26910
Available bases: [(20000, 20000)]
Corrected position: (20000, 20000)
[GC#01] spawned at cell (444, 498) with walk_ticks=1
[GC#02] spawned at cell (444, 498) with walk_ticks=1
[forecast_provider] get_forecast() init   DT=120 min, TAPER_HR=8, ASSIM_HR=8
  SPEED_STD_MIN=1.0, SPEED_STD_MAX=5.0
  DIR_STD_MIN=20.0,   DIR_STD_MAX=60.0

[forecast_provider] get_forecast() init   DT=120 min, TAPER_HR=8, ASSIM_HR=8
  SPEED_STD_MIN=1.0, SPEED_STD_MAX=5.0
  DIR_STD_MIN=20.0,   DIR_STD_MAX=60.0

[(240, 360, 5.97, 186.03), (360, 480, 9.17, 51.81), (480, 600, 13.16, 9.56), (600, 720, 14.68, 313.85), (720, 840, 10.0, 356.0), (840, 960, 9.0, 337.5), (960, 1080, 8.0, 284.0), (1080, 1200, 13.5, 253.5), (1200, 1320, 18.0, 232.0), (1320, 1440, 16.5, 300.0), (1440, 1560, 19.0, 297.5), (1560, 1680, 17.5, 266.0), (1680, 1800, 15.5, 336.5), (1800, 1920, 16.5, 30.5), (1920, 2040, 10.0, 332.0), (2040, 2160, 8.0, 283.0), (2160, 2280, 8.5, 343.0), (2280, 2400, 6.5, 342.5), (2400, 2520, 7.5, 247.0), (2520, 2640, 7.0, 242.0), (2640, 2760, 6.0, 235.0), (2760, 2880, 0.5, 275.0), (2880, 3000, 0.0, 247.5)]

[ROS-MEAN] t=240 min  (forecast-mean schedule)
  sector 0: ROS=   16.0  → weight=0.231
  sector 1: ROS=   10.1  → weight=0.146
  sector 2: ROS=    3.5  → weight=0.050
  sector 3: ROS=    4.6  → weight=0.066
  sector 4: ROS=   14.3  → weight=0.206
  sector 5: ROS=   20.9  → weight=0.302
  crew order  → [5, 0, 4, 1, 3, 2]
simulating in place
no completed anchors found → making NEW dynamic START

— after _record_anchor(bdy=5, role=start, cell=(485, 509), by=None) —

=== boundary_anchors (NOW) ===
b00 start  — <none>
b00 finish — <none>
b01 start  — <none>
b01 finish — <none>
b02 start  — <none>
b02 finish — <none>
b03 start  — <none>
b03 finish — <none>
b04 start  — <none>
b04 finish — <none>
b05 start  rc=(485, 509)  t=240.0  completed=False  world=(350.0, -1229.5)
b05 finish — <none>
=== end ===

— end dump —


— after _record_anchor(bdy=0, role=finish, cell=(451, 547), by=None) —

=== boundary_anchors (NOW) ===
b00 start  — <none>
b00 finish rc=(451, 547)  t=240.0  completed=False  world=(1490.0, -209.5)
b01 start  — <none>
b01 finish — <none>
b02 start  — <none>
b02 finish — <none>
b03 start  — <none>
b03 finish — <none>
b04 start  — <none>
b04 finish — <none>
b05 start  rc=(485, 509)  t=240.0  completed=False  world=(350.0, -1229.5)
b05 finish — <none>
=== end ===

— end dump —

[DEBUG] sector 5: start@bdy5 (485, 509)   finish@bdy0 (451, 547)
[GC#01] → sector 5  start (485, 509)  finish (451, 547)
no completed anchors found → making NEW dynamic START

— after _record_anchor(bdy=0, role=start, cell=(451, 543), by=None) —

=== boundary_anchors (NOW) ===
b00 start  rc=(451, 543)  t=240.0  completed=False  world=(1370.0, -209.5)
b00 finish rc=(451, 547)  t=240.0  completed=False  world=(1490.0, -209.5)
b01 start  — <none>
b01 finish — <none>
b02 start  — <none>
b02 finish — <none>
b03 start  — <none>
b03 finish — <none>
b04 start  — <none>
b04 finish — <none>
b05 start  rc=(485, 509)  t=240.0  completed=False  world=(350.0, -1229.5)
b05 finish — <none>
=== end ===

— end dump —


— after _record_anchor(bdy=1, role=finish, cell=(342, 552), by=None) —

=== boundary_anchors (NOW) ===
b00 start  rc=(451, 543)  t=240.0  completed=False  world=(1370.0, -209.5)
b00 finish rc=(451, 547)  t=240.0  completed=False  world=(1490.0, -209.5)
b01 start  — <none>
b01 finish rc=(342, 552)  t=240.0  completed=False  world=(1640.0, 3060.5)
b02 start  — <none>
b02 finish — <none>
b03 start  — <none>
b03 finish — <none>
b04 start  — <none>
b04 finish — <none>
b05 start  rc=(485, 509)  t=240.0  completed=False  world=(350.0, -1229.5)
b05 finish — <none>
=== end ===

— end dump —

[DEBUG] sector 0: start@bdy0 (451, 543)   finish@bdy1 (342, 552)
recording from register first pair

— after _record_anchor(bdy=0, role=start, cell=(451, 547), by=None) —

=== boundary_anchors (NOW) ===
b00 start  rc=(451, 547)  t=240.0  completed=False  world=(1490.0, -209.5)
b00 finish — <none>
b01 start  — <none>
b01 finish — <none>
b02 start  — <none>
b02 finish — <none>
b03 start  — <none>
b03 finish — <none>
b04 start  — <none>
b04 finish — <none>
b05 start  — <none>
b05 finish — <none>
=== end ===

— end dump —

recording from register first pair

— after _record_anchor(bdy=5, role=finish, cell=(485, 509), by=None) —

=== boundary_anchors (NOW) ===
b00 start  rc=(451, 547)  t=240.0  completed=False  world=(1490.0, -209.5)
b00 finish — <none>
b01 start  — <none>
b01 finish — <none>
b02 start  — <none>
b02 finish — <none>
b03 start  — <none>
b03 finish — <none>
b04 start  — <none>
b04 finish — <none>
b05 start  — <none>
b05 finish rc=(485, 509)  t=240.0  completed=False  world=(350.0, -1229.5)
=== end ===

— end dump —

[SYNC] GC#01 sect5 START b0 (451, 547)  FINISH b5 (485, 509)
recording from register first pair

— after _record_anchor(bdy=1, role=finish, cell=(342, 552), by=None) —

=== boundary_anchors (NOW) ===
b00 start  rc=(451, 547)  t=240.0  completed=False  world=(1490.0, -209.5)
b00 finish — <none>
b01 start  — <none>
b01 finish rc=(342, 552)  t=240.0  completed=False  world=(1640.0, 3060.5)
b02 start  — <none>
b02 finish — <none>
b03 start  — <none>
b03 finish — <none>
b04 start  — <none>
b04 finish — <none>
b05 start  — <none>
b05 finish rc=(485, 509)  t=240.0  completed=False  world=(350.0, -1229.5)
=== end ===

— end dump —

[SYNC] GC#02 sect0 START b0 (451, 547)  FINISH b1 (342, 552)
[GC#02] → sector 0  start (451, 547)  finish (342, 552)
  → selected [624.6937687  -11.56479861] as drop point
Using multi-phase propagation with wind schedule.
DROP RAN
[DEBUG] AT#00  finished drop in sector 5 – notifying ground crews
[START] GC#02 using ANCHOR (unspecified source) → start (451, 547) on boundary 0
Start:  (451, 547)
Finish:  (342, 552)
[GC#02] fire-line length 165 cells (296.9 min; full plan)

— after _mark_anchor_completed(bdy=0, role=start, by=None) —

=== boundary_anchors (NOW) ===
b00 start  rc=(451, 547)  t=240.0  completed=True  world=(1490.0, -209.5)
b00 finish — <none>
b01 start  — <none>
b01 finish rc=(342, 552)  t=240.0  completed=False  world=(1640.0, 3060.5)
b02 start  — <none>
b02 finish — <none>
b03 start  — <none>
b03 finish — <none>
b04 start  — <none>
b04 finish — <none>
b05 start  — <none>
b05 finish rc=(485, 509)  t=240.0  completed=False  world=(350.0, -1229.5)
=== end ===

— end dump —


— after _mark_anchor_completed(bdy=1, role=finish, by=<groundcrew.GroundCrewAgent object at 0x0000021CE080B9D0>) —

=== boundary_anchors (NOW) ===
b00 start  rc=(451, 547)  t=240.0  completed=True  world=(1490.0, -209.5)
b00 finish — <none>
b01 start  — <none>
b01 finish rc=(342, 552)  t=240.0  completed=True  world=(1640.0, 3060.5)
b02 start  — <none>
b02 finish — <none>
b03 start  — <none>
b03 finish — <none>
b04 start  — <none>
b04 finish — <none>
b05 start  — <none>
b05 finish rc=(485, 509)  t=240.0  completed=False  world=(350.0, -1229.5)
=== end ===

— end dump —

[START] GC#01 using ANCHOR (unspecified source) → start (451, 547) on boundary 0
Start:  (451, 547)
Finish:  (485, 509)
[GC#01] fire-line length 73 cells (123.3 min; full plan)

— after _mark_anchor_completed(bdy=0, role=start, by=None) —

=== boundary_anchors (NOW) ===
b00 start  rc=(451, 547)  t=240.0  completed=True  world=(1490.0, -209.5)
b00 finish — <none>
b01 start  — <none>
b01 finish rc=(342, 552)  t=240.0  completed=True  world=(1640.0, 3060.5)
b02 start  — <none>
b02 finish — <none>
b03 start  — <none>
b03 finish — <none>
b04 start  — <none>
b04 finish — <none>
b05 start  — <none>
b05 finish rc=(485, 509)  t=240.0  completed=False  world=(350.0, -1229.5)
=== end ===

— end dump —


— after _mark_anchor_completed(bdy=5, role=finish, by=<groundcrew.GroundCrewAgent object at 0x0000021CE0813790>) —

=== boundary_anchors (NOW) ===
b00 start  rc=(451, 547)  t=240.0  completed=True  world=(1490.0, -209.5)
b00 finish — <none>
b01 start  — <none>
b01 finish rc=(342, 552)  t=240.0  completed=True  world=(1640.0, 3060.5)
b02 start  — <none>
b02 finish — <none>
b03 start  — <none>
b03 finish — <none>
b04 start  — <none>
b04 finish — <none>
b05 start  — <none>
b05 finish rc=(485, 509)  t=240.0  completed=True  world=(350.0, -1229.5)
=== end ===

— end dump —

  → selected [ 921.52008308 -364.1463805 ] as drop point
FLUSHED
FLUSHED
Using multi-phase propagation with wind schedule.
DROP RAN
[DEBUG] AT#00  finished drop in sector 5 – notifying ground crews
[DEBUG] GC#01  attempting re-plan… remaining path = 73 cells
[DEBUG] GC#01 start@(451, 546)  raw_arr=inf  now=301.0  mtt=nan  within_buffer=False
[START] GC#01 using NEW (buffered by planner) → start (451, 546) on boundary 0
Start:  (451, 546)
Finish:  (485, 509)
[GC#01] fire-line length 72 cells (105.0 min; full plan)
[DEBUG] GC#01  new path accepted (length 72, ETA 105.0 min)
Using multi-phase propagation with wind schedule.
[GC#01] updated fire after clearing batch
  → selected [ 886.08435753 -946.05156736] as drop point
FLUSHED
FLUSHED
Using multi-phase propagation with wind schedule.
DROP RAN
[DEBUG] AT#00  finished drop in sector 5 – notifying ground crews
[DEBUG] GC#01  attempting re-plan… remaining path = 72 cells
[DEBUG] GC#01 start@(475, 524)  raw_arr=inf  now=348.0  mtt=nan  within_buffer=False
[START] GC#01 using NEW (buffered by planner) → start (475, 524) on boundary 0
Start:  (475, 524)
Finish:  (485, 509)
[GC#01] fire-line length 26 cells (36.5 min; full plan)
[DEBUG] GC#01  new path accepted (length 26, ETA 36.5 min)
Applied action {'FireHercAgent': (6,), 'GroundCrewAgent': (6, 1)} at t=360 min
[forecast_provider] get_forecast() init   DT=120 min, TAPER_HR=8, ASSIM_HR=8
  SPEED_STD_MIN=1.0, SPEED_STD_MAX=5.0
  DIR_STD_MIN=20.0,   DIR_STD_MAX=60.0

[(360, 480, 9.72, 62.5), (480, 600, 12.0, 33.46), (600, 720, 13.85, 332.45), (720, 840, 12.69, 337.72), (840, 960, 9.0, 337.5), (960, 1080, 8.0, 284.0), (1080, 1200, 13.5, 253.5), (1200, 1320, 18.0, 232.0), (1320, 1440, 16.5, 300.0), (1440, 1560, 19.0, 297.5), (1560, 1680, 17.5, 266.0), (1680, 1800, 15.5, 336.5), (1800, 1920, 16.5, 30.5), (1920, 2040, 10.0, 332.0), (2040, 2160, 8.0, 283.0), (2160, 2280, 8.5, 343.0), (2280, 2400, 6.5, 342.5), (2400, 2520, 7.5, 247.0), (2520, 2640, 7.0, 242.0), (2640, 2760, 6.0, 235.0), (2760, 2880, 0.5, 275.0), (2880, 3000, 0.0, 247.5)]

[ROS-MEAN] t=360 min  (forecast-mean schedule)
  sector 0: ROS=    8.6  → weight=0.103
  sector 1: ROS=    1.8  → weight=0.021
  sector 2: ROS=    8.8  → weight=0.105
  sector 3: ROS=   25.2  → weight=0.300
  sector 4: ROS=   33.3  → weight=0.397
  sector 5: ROS=    6.2  → weight=0.074
  crew order  → [4, 3, 2, 0, 5, 1]
simulating in place
Using multi-phase propagation with wind schedule.
[GC#01] updated fire after clearing batch
Sector contained  5

— after _mark_anchor_completed(bdy=0, role=start, by=None) —

=== boundary_anchors (NOW) ===
b00 start  rc=(451, 547)  t=240.0  completed=True  world=(1490.0, -209.5)
b00 finish — <none>
b01 start  — <none>
b01 finish rc=(342, 552)  t=240.0  completed=True  world=(1640.0, 3060.5)
b02 start  — <none>
b02 finish — <none>
b03 start  — <none>
b03 finish — <none>
b04 start  — <none>
b04 finish — <none>
b05 start  — <none>
b05 finish rc=(485, 509)  t=240.0  completed=True  world=(350.0, -1229.5)
=== end ===

— end dump —


— after _mark_anchor_completed(bdy=5, role=finish, by=None) —

=== boundary_anchors (NOW) ===
b00 start  rc=(451, 547)  t=240.0  completed=True  world=(1490.0, -209.5)
b00 finish — <none>
b01 start  — <none>
b01 finish rc=(342, 552)  t=240.0  completed=True  world=(1640.0, 3060.5)
b02 start  — <none>
b02 finish — <none>
b03 start  — <none>
b03 finish — <none>
b04 start  — <none>
b04 finish — <none>
b05 start  — <none>
b05 finish rc=(485, 509)  t=240.0  completed=True  world=(350.0, -1229.5)
=== end ===

— end dump —

[GC#01] Sector 5 contained → Standby
  → selected [1193.97481674  172.02451437] as drop point
FLUSHED
Using multi-phase propagation with wind schedule.
DROP RAN
[DEBUG] AT#00  finished drop in sector 0 – notifying ground crews
[DEBUG] GC#02  attempting re-plan… remaining path = 165 cells
[DEBUG] GC#02 start@(435, 558)  raw_arr=inf  now=394.0  mtt=nan  within_buffer=False
[START] GC#02 using NEW (buffered by planner) → start (435, 558) on boundary 0
Start:  (435, 558)
Finish:  (342, 552)
[GC#02] fire-line length 138 cells (180.4 min; full plan)
[DEBUG] GC#02  new path accepted (length 138, ETA 180.4 min)
  → selected [1214.0261926   516.29030404] as drop point
FLUSHED
Using multi-phase propagation with wind schedule.
DROP RAN
[DEBUG] AT#00  finished drop in sector 0 – notifying ground crews
[DEBUG] GC#02  attempting re-plan… remaining path = 138 cells
[DEBUG] GC#02 start@(430, 557)  raw_arr=inf  now=439.0  mtt=nan  within_buffer=False
[START] GC#02 using NEW (buffered by planner) → start (430, 557) on boundary 0
Start:  (430, 557)
Finish:  (342, 552)
[GC#02] fire-line length 132 cells (134.8 min; full plan)
[DEBUG] GC#02  new path accepted (length 132, ETA 134.8 min)
Applied action {'FireHercAgent': (1,), 'GroundCrewAgent': (5, 4)} at t=480 min
[forecast_provider] get_forecast() init   DT=120 min, TAPER_HR=8, ASSIM_HR=8
  SPEED_STD_MIN=1.0, SPEED_STD_MAX=5.0
  DIR_STD_MIN=20.0,   DIR_STD_MAX=60.0

[(480, 600, 10.83, 51.12), (600, 720, 13.03, 351.06), (720, 840, 15.38, 291.95), (840, 960, 9.11, 336.33), (960, 1080, 8.0, 284.0), (1080, 1200, 13.5, 253.5), (1200, 1320, 18.0, 232.0), (1320, 1440, 16.5, 300.0), (1440, 1560, 19.0, 297.5), (1560, 1680, 17.5, 266.0), (1680, 1800, 15.5, 336.5), (1800, 1920, 16.5, 30.5), (1920, 2040, 10.0, 332.0), (2040, 2160, 8.0, 283.0), (2160, 2280, 8.5, 343.0), (2280, 2400, 6.5, 342.5), (2400, 2520, 7.5, 247.0), (2520, 2640, 7.0, 242.0), (2640, 2760, 6.0, 235.0), (2760, 2880, 0.5, 275.0), (2880, 3000, 0.0, 247.5)]

[ROS-MEAN] t=480 min  (forecast-mean schedule)
  sector 0: ROS=    2.4  → weight=0.033
  sector 1: ROS=    4.0  → weight=0.055
  sector 2: ROS=    9.3  → weight=0.128
  sector 3: ROS=   27.7  → weight=0.380
  sector 4: ROS=   29.5  → weight=0.404
  crew order  → [4, 3, 2, 1, 0]
simulating in place

— after _record_anchor(bdy=5, role=start, cell=(485, 509), by=None) —

=== boundary_anchors (NOW) ===
b00 start  rc=(451, 547)  t=240.0  completed=True  world=(1490.0, -209.5)
b00 finish — <none>
b01 start  — <none>
b01 finish rc=(342, 552)  t=240.0  completed=True  world=(1640.0, 3060.5)
b02 start  — <none>
b02 finish — <none>
b03 start  — <none>
b03 finish — <none>
b04 start  — <none>
b04 finish — <none>
b05 start  rc=(485, 509)  t=480.0  completed=False  world=(350.0, -1229.5)
b05 finish rc=(485, 509)  t=240.0  completed=True  world=(350.0, -1229.5)
=== end ===

— end dump —


— after _record_anchor(bdy=4, role=finish, cell=(603, 401), by=None) —

=== boundary_anchors (NOW) ===
b00 start  rc=(451, 547)  t=240.0  completed=True  world=(1490.0, -209.5)
b00 finish — <none>
b01 start  — <none>
b01 finish rc=(342, 552)  t=240.0  completed=True  world=(1640.0, 3060.5)
b02 start  — <none>
b02 finish — <none>
b03 start  — <none>
b03 finish — <none>
b04 start  — <none>
b04 finish rc=(603, 401)  t=480.0  completed=False  world=(-2890.0, -4769.5)
b05 start  rc=(485, 509)  t=480.0  completed=False  world=(350.0, -1229.5)
b05 finish rc=(485, 509)  t=240.0  completed=True  world=(350.0, -1229.5)
=== end ===

— end dump —

[DEBUG] sector 4: start@bdy5 (485, 509)   finish@bdy4 (603, 401)
[GC#01] → sector 4  start (485, 509)  finish (603, 401)
[START] GC#01 using ANCHOR (unspecified source) → start (485, 509) on boundary 5
Start:  (485, 509)
Finish:  (603, 401)
[GC#01] WARNING: fire intercept at (600, 398) (burn_pen>0) – truncating path at idx 369.
[GC#01] fire-line length 370 cells (982.8 min; ABORTED EARLY)

— after _mark_anchor_completed(bdy=5, role=start, by=None) —

=== boundary_anchors (NOW) ===
b00 start  rc=(451, 547)  t=240.0  completed=True  world=(1490.0, -209.5)
b00 finish — <none>
b01 start  — <none>
b01 finish rc=(342, 552)  t=240.0  completed=True  world=(1640.0, 3060.5)
b02 start  — <none>
b02 finish — <none>
b03 start  — <none>
b03 finish — <none>
b04 start  — <none>
b04 finish rc=(603, 401)  t=480.0  completed=False  world=(-2890.0, -4769.5)
b05 start  rc=(485, 509)  t=480.0  completed=True  world=(350.0, -1229.5)
b05 finish rc=(485, 509)  t=240.0  completed=True  world=(350.0, -1229.5)
=== end ===

— end dump —


— after _mark_anchor_completed(bdy=4, role=finish, by=<groundcrew.GroundCrewAgent object at 0x0000021CE0813790>) —

=== boundary_anchors (NOW) ===
b00 start  rc=(451, 547)  t=240.0  completed=True  world=(1490.0, -209.5)
b00 finish — <none>
b01 start  — <none>
b01 finish rc=(342, 552)  t=240.0  completed=True  world=(1640.0, 3060.5)
b02 start  — <none>
b02 finish — <none>
b03 start  — <none>
b03 finish — <none>
b04 start  — <none>
b04 finish rc=(603, 401)  t=480.0  completed=True  world=(-2890.0, -4769.5)
b05 start  rc=(485, 509)  t=480.0  completed=True  world=(350.0, -1229.5)
b05 finish rc=(485, 509)  t=240.0  completed=True  world=(350.0, -1229.5)
=== end ===

— end dump —


— after _mark_anchor_uncompleted(bdy=4, role=finish, by=<groundcrew.GroundCrewAgent object at 0x0000021CE0813790>) —

=== boundary_anchors (NOW) ===
b00 start  rc=(451, 547)  t=240.0  completed=True  world=(1490.0, -209.5)
b00 finish — <none>
b01 start  — <none>
b01 finish rc=(342, 552)  t=240.0  completed=True  world=(1640.0, 3060.5)
b02 start  — <none>
b02 finish — <none>
b03 start  — <none>
b03 finish — <none>
b04 start  — <none>
b04 finish rc=(603, 401)  t=480.0  completed=False  world=(-2890.0, -4769.5)
b05 start  rc=(485, 509)  t=480.0  completed=True  world=(350.0, -1229.5)
b05 finish rc=(485, 509)  t=240.0  completed=True  world=(350.0, -1229.5)
=== end ===

— end dump —

  → selected [-1921.22913186  -782.37497286] as drop point
FLUSHED
FLUSHED
Using multi-phase propagation with wind schedule.
DROP RAN
[DEBUG] AT#00  finished drop in sector 3 – notifying ground crews
Using multi-phase propagation with wind schedule.
[GC#01] updated fire after clearing batch
Using multi-phase propagation with wind schedule.
[GC#01] updated fire after clearing batch
Using multi-phase propagation with wind schedule.
[GC#01] updated fire after clearing batch
Using multi-phase propagation with wind schedule.
[GC#01] updated fire after clearing batch
  → selected [-2145.73034373   -78.4106045 ] as drop point
FLUSHED
FLUSHED
Using multi-phase propagation with wind schedule.
DROP RAN
[DEBUG] AT#00  finished drop in sector 3 – notifying ground crews
Using multi-phase propagation with wind schedule.
[GC#02] updated fire after clearing batch
Using multi-phase propagation with wind schedule.
[GC#02] updated fire after clearing batch
Using multi-phase propagation with wind schedule.
[GC#02] updated fire after clearing batch
Using multi-phase propagation with wind schedule.
[GC#02] updated fire after clearing batch
Using multi-phase propagation with wind schedule.
[GC#02] updated fire after clearing batch
Sector contained  0

— after _mark_anchor_completed(bdy=0, role=start, by=None) —

=== boundary_anchors (NOW) ===
b00 start  rc=(451, 547)  t=240.0  completed=True  world=(1490.0, -209.5)
b00 finish — <none>
b01 start  — <none>
b01 finish rc=(342, 552)  t=240.0  completed=True  world=(1640.0, 3060.5)
b02 start  — <none>
b02 finish — <none>
b03 start  — <none>
b03 finish — <none>
b04 start  — <none>
b04 finish rc=(603, 401)  t=480.0  completed=False  world=(-2890.0, -4769.5)
b05 start  rc=(485, 509)  t=480.0  completed=True  world=(350.0, -1229.5)
b05 finish rc=(485, 509)  t=240.0  completed=True  world=(350.0, -1229.5)
=== end ===

— end dump —


— after _mark_anchor_completed(bdy=1, role=finish, by=None) —

=== boundary_anchors (NOW) ===
b00 start  rc=(451, 547)  t=240.0  completed=True  world=(1490.0, -209.5)
b00 finish — <none>
b01 start  — <none>
b01 finish rc=(342, 552)  t=240.0  completed=True  world=(1640.0, 3060.5)
b02 start  — <none>
b02 finish — <none>
b03 start  — <none>
b03 finish — <none>
b04 start  — <none>
b04 finish rc=(603, 401)  t=480.0  completed=False  world=(-2890.0, -4769.5)
b05 start  rc=(485, 509)  t=480.0  completed=True  world=(350.0, -1229.5)
b05 finish rc=(485, 509)  t=240.0  completed=True  world=(350.0, -1229.5)
=== end ===

— end dump —

[GC#02] Sector 0 contained → Standby
  → selected [-2861.41915884 -1171.81443324] as drop point
FLUSHED
Using multi-phase propagation with wind schedule.
DROP RAN
[DEBUG] AT#00  finished drop in sector 3 – notifying ground crews
Applied action {'FireHercAgent': (4,), 'GroundCrewAgent': (5, 4)} at t=600 min
[forecast_provider] get_forecast() init   DT=120 min, TAPER_HR=8, ASSIM_HR=8
  SPEED_STD_MIN=1.0, SPEED_STD_MAX=5.0
  DIR_STD_MIN=20.0,   DIR_STD_MAX=60.0

[(600, 720, 12.21, 6.41), (720, 840, 18.07, 246.18), (840, 960, 9.23, 335.16), (960, 1080, 6.2, 277.72), (1080, 1200, 13.5, 253.5), (1200, 1320, 18.0, 232.0), (1320, 1440, 16.5, 300.0), (1440, 1560, 19.0, 297.5), (1560, 1680, 17.5, 266.0), (1680, 1800, 15.5, 336.5), (1800, 1920, 16.5, 30.5), (1920, 2040, 10.0, 332.0), (2040, 2160, 8.0, 283.0), (2160, 2280, 8.5, 343.0), (2280, 2400, 6.5, 342.5), (2400, 2520, 7.5, 247.0), (2520, 2640, 7.0, 242.0), (2640, 2760, 6.0, 235.0), (2760, 2880, 0.5, 275.0), (2880, 3000, 0.0, 247.5)]

[ROS-MEAN] t=600 min  (forecast-mean schedule)
  sector 1: ROS=   11.3  → weight=0.134
  sector 2: ROS=   25.6  → weight=0.305
  sector 3: ROS=   30.3  → weight=0.361
  sector 4: ROS=   16.8  → weight=0.200
  crew order  → [3, 2, 4, 1]
simulating in place
no completed anchors found → making NEW dynamic START

— after _record_anchor(bdy=3, role=start, cell=(451, 300), by=None) —

=== boundary_anchors (NOW) ===
b00 start  rc=(451, 547)  t=240.0  completed=True  world=(1490.0, -209.5)
b00 finish — <none>
b01 start  — <none>
b01 finish rc=(342, 552)  t=240.0  completed=True  world=(1640.0, 3060.5)
b02 start  — <none>
b02 finish — <none>
b03 start  rc=(451, 300)  t=600.0  completed=False  world=(-5920.0, -209.5)
b03 finish — <none>
b04 start  — <none>
b04 finish rc=(603, 401)  t=480.0  completed=False  world=(-2890.0, -4769.5)
b05 start  rc=(485, 509)  t=480.0  completed=True  world=(350.0, -1229.5)
b05 finish rc=(485, 509)  t=240.0  completed=True  world=(350.0, -1229.5)
=== end ===

— end dump —


— after _record_anchor(bdy=4, role=finish, cell=(693, 350), by=None) —

=== boundary_anchors (NOW) ===
b00 start  rc=(451, 547)  t=240.0  completed=True  world=(1490.0, -209.5)
b00 finish — <none>
b01 start  — <none>
b01 finish rc=(342, 552)  t=240.0  completed=True  world=(1640.0, 3060.5)
b02 start  — <none>
b02 finish — <none>
b03 start  rc=(451, 300)  t=600.0  completed=False  world=(-5920.0, -209.5)
b03 finish — <none>
b04 start  — <none>
b04 finish rc=(693, 350)  t=600.0  completed=False  world=(-4420.0, -7469.5)
b05 start  rc=(485, 509)  t=480.0  completed=True  world=(350.0, -1229.5)
b05 finish rc=(485, 509)  t=240.0  completed=True  world=(350.0, -1229.5)
=== end ===

— end dump —

[DEBUG] sector 3: start@bdy3 (451, 300)   finish@bdy4 (693, 350)
[GC#02] → sector 3  start (451, 300)  finish (693, 350)
  → selected [ 189.29720093 1415.42860514] as drop point
FLUSHED
Using multi-phase propagation with wind schedule.
DROP RAN
[DEBUG] AT#00  finished drop in sector 1 – notifying ground crews
  → selected [-340.86918956 1575.57117712] as drop point
FLUSHED
Using multi-phase propagation with wind schedule.
DROP RAN
[DEBUG] AT#00  finished drop in sector 1 – notifying ground crews
  → selected [ 753.04537941 1452.48904737] as drop point
FLUSHED
Using multi-phase propagation with wind schedule.
DROP RAN
[DEBUG] AT#00  finished drop in sector 1 – notifying ground crews
Applied action {'FireHercAgent': (2,), 'GroundCrewAgent': (4, 3)} at t=720 min
[forecast_provider] get_forecast() init   DT=120 min, TAPER_HR=8, ASSIM_HR=8
  SPEED_STD_MIN=1.0, SPEED_STD_MAX=5.0
  DIR_STD_MIN=20.0,   DIR_STD_MAX=60.0

[(720, 840, 20.76, 227.9), (840, 960, 9.34, 333.99), (960, 1080, 4.41, 271.27), (1080, 1200, 12.65, 253.89), (1200, 1320, 18.0, 232.0), (1320, 1440, 16.5, 300.0), (1440, 1560, 19.0, 297.5), (1560, 1680, 17.5, 266.0), (1680, 1800, 15.5, 336.5), (1800, 1920, 16.5, 30.5), (1920, 2040, 10.0, 332.0), (2040, 2160, 8.0, 283.0), (2160, 2280, 8.5, 343.0), (2280, 2400, 6.5, 342.5), (2400, 2520, 7.5, 247.0), (2520, 2640, 7.0, 242.0), (2640, 2760, 6.0, 235.0), (2760, 2880, 0.5, 275.0), (2880, 3000, 0.0, 247.5)]

[ROS-MEAN] t=720 min  (forecast-mean schedule)
  sector 1: ROS=   46.6  → weight=0.353
  sector 2: ROS=   46.6  → weight=0.352
  sector 3: ROS=   24.7  → weight=0.187
  sector 4: ROS=   14.3  → weight=0.108
  crew order  → [1, 2, 3, 4]
simulating in place
  → selected [-521.72006902 2391.33677701] as drop point
FLUSHED
Using multi-phase propagation with wind schedule.
DROP RAN
[DEBUG] AT#00  finished drop in sector 1 – notifying ground crews
  → selected [ 907.95058382 2195.42671236] as drop point
FLUSHED
Using multi-phase propagation with wind schedule.
DROP RAN
[DEBUG] AT#00  finished drop in sector 1 – notifying ground crews
Applied action {'FireHercAgent': (2,), 'GroundCrewAgent': (2, 3)} at t=840 min
[forecast_provider] get_forecast() init   DT=120 min, TAPER_HR=8, ASSIM_HR=8
  SPEED_STD_MIN=1.0, SPEED_STD_MAX=5.0
  DIR_STD_MIN=20.0,   DIR_STD_MAX=60.0

[(840, 960, 9.46, 332.82), (960, 1080, 2.61, 264.83), (1080, 1200, 11.8, 254.27), (1200, 1320, 17.99, 214.62), (1320, 1440, 16.5, 300.0), (1440, 1560, 19.0, 297.5), (1560, 1680, 17.5, 266.0), (1680, 1800, 15.5, 336.5), (1800, 1920, 16.5, 30.5), (1920, 2040, 10.0, 332.0), (2040, 2160, 8.0, 283.0), (2160, 2280, 8.5, 343.0), (2280, 2400, 6.5, 342.5), (2400, 2520, 7.5, 247.0), (2520, 2640, 7.0, 242.0), (2640, 2760, 6.0, 235.0), (2760, 2880, 0.5, 275.0), (2880, 3000, 0.0, 247.5)]

[ROS-MEAN] t=840 min  (forecast-mean schedule)
  sector 1: ROS=   14.0  → weight=0.194
  sector 2: ROS=   27.9  → weight=0.386
  sector 3: ROS=   24.3  → weight=0.336
  sector 4: ROS=    6.0  → weight=0.084
  crew order  → [2, 3, 1, 4]
simulating in place
[START] GC#02 using ANCHOR (unspecified source) → start (451, 300) on boundary 3
Start:  (451, 300)
Finish:  (693, 350)
[GC#02] WARNING: fire intercept at (436, 300) (burn_pen>0) – truncating path at idx 14.
[GC#02] fire-line length 15 cells (136.8 min; ABORTED EARLY)

— after _mark_anchor_completed(bdy=3, role=start, by=None) —

=== boundary_anchors (NOW) ===
b00 start  rc=(451, 547)  t=240.0  completed=True  world=(1490.0, -209.5)
b00 finish — <none>
b01 start  — <none>
b01 finish rc=(342, 552)  t=240.0  completed=True  world=(1640.0, 3060.5)
b02 start  — <none>
b02 finish — <none>
b03 start  rc=(451, 300)  t=600.0  completed=True  world=(-5920.0, -209.5)
b03 finish — <none>
b04 start  — <none>
b04 finish rc=(693, 350)  t=600.0  completed=False  world=(-4420.0, -7469.5)
b05 start  rc=(485, 509)  t=480.0  completed=True  world=(350.0, -1229.5)
b05 finish rc=(485, 509)  t=240.0  completed=True  world=(350.0, -1229.5)
=== end ===

— end dump —


— after _mark_anchor_completed(bdy=4, role=finish, by=<groundcrew.GroundCrewAgent object at 0x0000021CE080B9D0>) —

=== boundary_anchors (NOW) ===
b00 start  rc=(451, 547)  t=240.0  completed=True  world=(1490.0, -209.5)
b00 finish — <none>
b01 start  — <none>
b01 finish rc=(342, 552)  t=240.0  completed=True  world=(1640.0, 3060.5)
b02 start  — <none>
b02 finish — <none>
b03 start  rc=(451, 300)  t=600.0  completed=True  world=(-5920.0, -209.5)
b03 finish — <none>
b04 start  — <none>
b04 finish rc=(693, 350)  t=600.0  completed=True  world=(-4420.0, -7469.5)
b05 start  rc=(485, 509)  t=480.0  completed=True  world=(350.0, -1229.5)
b05 finish rc=(485, 509)  t=240.0  completed=True  world=(350.0, -1229.5)
=== end ===

— end dump —


— after _mark_anchor_uncompleted(bdy=4, role=finish, by=<groundcrew.GroundCrewAgent object at 0x0000021CE080B9D0>) —

=== boundary_anchors (NOW) ===
b00 start  rc=(451, 547)  t=240.0  completed=True  world=(1490.0, -209.5)
b00 finish — <none>
b01 start  — <none>
b01 finish rc=(342, 552)  t=240.0  completed=True  world=(1640.0, 3060.5)
b02 start  — <none>
b02 finish — <none>
b03 start  rc=(451, 300)  t=600.0  completed=True  world=(-5920.0, -209.5)
b03 finish — <none>
b04 start  — <none>
b04 finish rc=(693, 350)  t=600.0  completed=False  world=(-4420.0, -7469.5)
b05 start  rc=(485, 509)  t=480.0  completed=True  world=(350.0, -1229.5)
b05 finish rc=(485, 509)  t=240.0  completed=True  world=(350.0, -1229.5)
=== end ===

— end dump —

  → selected [-4370.81600133  1395.17894049] as drop point
FLUSHED
Using multi-phase propagation with wind schedule.
DROP RAN
[DEBUG] AT#00  finished drop in sector 2 – notifying ground crews
  → selected [-5229.91606732   704.68069064] as drop point
FLUSHED
FLUSHED
Using multi-phase propagation with wind schedule.
DROP RAN
[DEBUG] AT#00  finished drop in sector 2 – notifying ground crews
  → selected [-6018.12797725   278.46706239] as drop point
FLUSHED
FLUSHED
Using multi-phase propagation with wind schedule.
DROP RAN
[DEBUG] AT#00  finished drop in sector 2 – notifying ground crews
Applied action {'FireHercAgent': (3,), 'GroundCrewAgent': (3, 4)} at t=960 min
[forecast_provider] get_forecast() init   DT=120 min, TAPER_HR=8, ASSIM_HR=8
  SPEED_STD_MIN=1.0, SPEED_STD_MAX=5.0
  DIR_STD_MIN=20.0,   DIR_STD_MAX=60.0

[(960, 1080, 0.81, 258.55), (1080, 1200, 10.95, 254.66), (1200, 1320, 17.98, 191.48), (1320, 1440, 15.46, 294.26), (1440, 1560, 19.0, 297.5), (1560, 1680, 17.5, 266.0), (1680, 1800, 15.5, 336.5), (1800, 1920, 16.5, 30.5), (1920, 2040, 10.0, 332.0), (2040, 2160, 8.0, 283.0), (2160, 2280, 8.5, 343.0), (2280, 2400, 6.5, 342.5), (2400, 2520, 7.5, 247.0), (2520, 2640, 7.0, 242.0), (2640, 2760, 6.0, 235.0), (2760, 2880, 0.5, 275.0), (2880, 3000, 0.0, 247.5)]

[ROS-MEAN] t=960 min  (forecast-mean schedule)
  sector 1: ROS=    5.6  → weight=0.269
  sector 2: ROS=    5.3  → weight=0.252
  sector 3: ROS=    6.9  → weight=0.332
  sector 4: ROS=    3.1  → weight=0.147
  crew order  → [3, 1, 2, 4]
simulating in place
Using multi-phase propagation with wind schedule.
[GC#02] updated fire after clearing batch
[GC#02] stopped early (fire intercept) – sector 3 NOT contained; awaiting reassignment.
  → selected [ 372.73450308 2808.77324733] as drop point
FLUSHED
Using multi-phase propagation with wind schedule.
DROP RAN
[DEBUG] AT#00  finished drop in sector 1 – notifying ground crews
  → selected [-1749.34936685  3385.55046073] as drop point
FLUSHED
Using multi-phase propagation with wind schedule.
DROP RAN
[DEBUG] AT#00  finished drop in sector 1 – notifying ground crews
Applied action {'FireHercAgent': (2,), 'GroundCrewAgent': (4, 2)} at t=1080 min
[forecast_provider] get_forecast() init   DT=120 min, TAPER_HR=8, ASSIM_HR=8
  SPEED_STD_MIN=1.0, SPEED_STD_MAX=5.0
  DIR_STD_MIN=20.0,   DIR_STD_MAX=60.0

[(1080, 1200, 10.1, 255.05), (1200, 1320, 17.97, 168.34), (1320, 1440, 14.43, 288.39), (1440, 1560, 18.42, 316.95), (1560, 1680, 17.5, 266.0), (1680, 1800, 15.5, 336.5), (1800, 1920, 16.5, 30.5), (1920, 2040, 10.0, 332.0), (2040, 2160, 8.0, 283.0), (2160, 2280, 8.5, 343.0), (2280, 2400, 6.5, 342.5), (2400, 2520, 7.5, 247.0), (2520, 2640, 7.0, 242.0), (2640, 2760, 6.0, 235.0), (2760, 2880, 0.5, 275.0), (2880, 3000, 0.0, 247.5)]

[ROS-MEAN] t=1080 min  (forecast-mean schedule)
  sector 1: ROS=   24.9  → weight=0.442
  sector 2: ROS=   14.7  → weight=0.261
  sector 3: ROS=   13.0  → weight=0.230
  sector 4: ROS=    3.7  → weight=0.066
  crew order  → [1, 2, 3, 4]
simulating in place

— after _record_anchor(bdy=1, role=start, cell=(342, 552), by=None) —

=== boundary_anchors (NOW) ===
b00 start  rc=(451, 547)  t=240.0  completed=True  world=(1490.0, -209.5)
b00 finish — <none>
b01 start  rc=(342, 552)  t=1080.0  completed=False  world=(1640.0, 3060.5)
b01 finish rc=(342, 552)  t=240.0  completed=True  world=(1640.0, 3060.5)
b02 start  — <none>
b02 finish — <none>
b03 start  rc=(451, 300)  t=600.0  completed=True  world=(-5920.0, -209.5)
b03 finish — <none>
b04 start  — <none>
b04 finish rc=(693, 350)  t=600.0  completed=False  world=(-4420.0, -7469.5)
b05 start  rc=(485, 509)  t=480.0  completed=True  world=(350.0, -1229.5)
b05 finish rc=(485, 509)  t=240.0  completed=True  world=(350.0, -1229.5)
=== end ===

— end dump —


— after _record_anchor(bdy=2, role=finish, cell=(238, 366), by=None) —

=== boundary_anchors (NOW) ===
b00 start  rc=(451, 547)  t=240.0  completed=True  world=(1490.0, -209.5)
b00 finish — <none>
b01 start  rc=(342, 552)  t=1080.0  completed=False  world=(1640.0, 3060.5)
b01 finish rc=(342, 552)  t=240.0  completed=True  world=(1640.0, 3060.5)
b02 start  — <none>
b02 finish rc=(238, 366)  t=1080.0  completed=False  world=(-3940.0, 6180.5)
b03 start  rc=(451, 300)  t=600.0  completed=True  world=(-5920.0, -209.5)
b03 finish — <none>
b04 start  — <none>
b04 finish rc=(693, 350)  t=600.0  completed=False  world=(-4420.0, -7469.5)
b05 start  rc=(485, 509)  t=480.0  completed=True  world=(350.0, -1229.5)
b05 finish rc=(485, 509)  t=240.0  completed=True  world=(350.0, -1229.5)
=== end ===

— end dump —

[DEBUG] sector 1: start@bdy1 (342, 552)   finish@bdy2 (238, 366)
[GC#02] → sector 1  start (342, 552)  finish (238, 366)
  → selected [-1409.66904421  3430.78595195] as drop point
FLUSHED
Using multi-phase propagation with wind schedule.
DROP RAN
[DEBUG] AT#00  finished drop in sector 1 – notifying ground crews
  → selected [-1611.78813369  3918.74459899] as drop point
FLUSHED
Using multi-phase propagation with wind schedule.
DROP RAN
[DEBUG] AT#00  finished drop in sector 1 – notifying ground crews
  → selected [-1879.55528797  4565.1916944 ] as drop point
FLUSHED
Using multi-phase propagation with wind schedule.
DROP RAN
[DEBUG] AT#00  finished drop in sector 1 – notifying ground crews
Applied action {'FireHercAgent': (2,), 'GroundCrewAgent': (2, 3)} at t=1200 min
[forecast_provider] get_forecast() init   DT=120 min, TAPER_HR=8, ASSIM_HR=8
  SPEED_STD_MIN=1.0, SPEED_STD_MAX=5.0
  DIR_STD_MIN=20.0,   DIR_STD_MAX=60.0

[(1200, 1320, 17.96, 150.96), (1320, 1440, 13.39, 282.53), (1440, 1560, 17.84, 350.81), (1560, 1680, 16.66, 285.44), (1680, 1800, 15.5, 336.5), (1800, 1920, 16.5, 30.5), (1920, 2040, 10.0, 332.0), (2040, 2160, 8.0, 283.0), (2160, 2280, 8.5, 343.0), (2280, 2400, 6.5, 342.5), (2400, 2520, 7.5, 247.0), (2520, 2640, 7.0, 242.0), (2640, 2760, 6.0, 235.0), (2760, 2880, 0.5, 275.0), (2880, 3000, 0.0, 247.5)]

[ROS-MEAN] t=1200 min  (forecast-mean schedule)
  sector 1: ROS=   31.6  → weight=0.409
  sector 2: ROS=   11.1  → weight=0.144
  sector 3: ROS=   23.5  → weight=0.305
  sector 4: ROS=   11.0  → weight=0.143
  crew order  → [1, 3, 2, 4]
simulating in place
  → selected [-4509.67830828 -4121.44122266] as drop point
FLUSHED
Using multi-phase propagation with wind schedule.
DROP RAN
[DEBUG] AT#00  finished drop in sector 3 – notifying ground crews
  → selected [-7155.38010314  -297.13663664] as drop point
FLUSHED
Using multi-phase propagation with wind schedule.
DROP RAN
[DEBUG] AT#00  finished drop in sector 3 – notifying ground crews
Applied action {'FireHercAgent': (4,), 'GroundCrewAgent': (2, 4)} at t=1320 min
[forecast_provider] get_forecast() init   DT=120 min, TAPER_HR=8, ASSIM_HR=8
  SPEED_STD_MIN=1.0, SPEED_STD_MAX=5.0
  DIR_STD_MIN=20.0,   DIR_STD_MAX=60.0

[(1320, 1440, 12.36, 276.78), (1440, 1560, 17.25, 24.67), (1560, 1680, 15.81, 322.25), (1680, 1800, 14.77, 348.04), (1800, 1920, 16.5, 30.5), (1920, 2040, 10.0, 332.0), (2040, 2160, 8.0, 283.0), (2160, 2280, 8.5, 343.0), (2280, 2400, 6.5, 342.5), (2400, 2520, 7.5, 247.0), (2520, 2640, 7.0, 242.0), (2640, 2760, 6.0, 235.0), (2760, 2880, 0.5, 275.0), (2880, 3000, 0.0, 247.5)]

[ROS-MEAN] t=1320 min  (forecast-mean schedule)
  sector 1: ROS=   33.4  → weight=0.433
  sector 2: ROS=   23.1  → weight=0.300
  sector 3: ROS=   17.2  → weight=0.223
  sector 4: ROS=    3.5  → weight=0.045
  crew order  → [1, 2, 3, 4]
simulating in place
  → selected [ 630.40865072 4766.00271398] as drop point
FLUSHED
Using multi-phase propagation with wind schedule.
DROP RAN
[DEBUG] AT#00  finished drop in sector 1 – notifying ground crews
[START] GC#02 using ANCHOR (unspecified source) → start (342, 552) on boundary 1
Start:  (342, 552)
Finish:  (238, 366)
[GC#02] WARNING: fire intercept at (238, 367) (burn_pen>0) – truncating path at idx 1220.
[GC#02] fire-line length 1221 cells (853.3 min; ABORTED EARLY)

— after _mark_anchor_completed(bdy=1, role=start, by=None) —

=== boundary_anchors (NOW) ===
b00 start  rc=(451, 547)  t=240.0  completed=True  world=(1490.0, -209.5)
b00 finish — <none>
b01 start  rc=(342, 552)  t=1080.0  completed=True  world=(1640.0, 3060.5)
b01 finish rc=(342, 552)  t=240.0  completed=True  world=(1640.0, 3060.5)
b02 start  — <none>
b02 finish rc=(238, 366)  t=1080.0  completed=False  world=(-3940.0, 6180.5)
b03 start  rc=(451, 300)  t=600.0  completed=True  world=(-5920.0, -209.5)
b03 finish — <none>
b04 start  — <none>
b04 finish rc=(693, 350)  t=600.0  completed=False  world=(-4420.0, -7469.5)
b05 start  rc=(485, 509)  t=480.0  completed=True  world=(350.0, -1229.5)
b05 finish rc=(485, 509)  t=240.0  completed=True  world=(350.0, -1229.5)
=== end ===

— end dump —


— after _mark_anchor_completed(bdy=2, role=finish, by=<groundcrew.GroundCrewAgent object at 0x0000021CE080B9D0>) —

=== boundary_anchors (NOW) ===
b00 start  rc=(451, 547)  t=240.0  completed=True  world=(1490.0, -209.5)
b00 finish — <none>
b01 start  rc=(342, 552)  t=1080.0  completed=True  world=(1640.0, 3060.5)
b01 finish rc=(342, 552)  t=240.0  completed=True  world=(1640.0, 3060.5)
b02 start  — <none>
b02 finish rc=(238, 366)  t=1080.0  completed=True  world=(-3940.0, 6180.5)
b03 start  rc=(451, 300)  t=600.0  completed=True  world=(-5920.0, -209.5)
b03 finish — <none>
b04 start  — <none>
b04 finish rc=(693, 350)  t=600.0  completed=False  world=(-4420.0, -7469.5)
b05 start  rc=(485, 509)  t=480.0  completed=True  world=(350.0, -1229.5)
b05 finish rc=(485, 509)  t=240.0  completed=True  world=(350.0, -1229.5)
=== end ===

— end dump —


— after _mark_anchor_uncompleted(bdy=2, role=finish, by=<groundcrew.GroundCrewAgent object at 0x0000021CE080B9D0>) —

=== boundary_anchors (NOW) ===
b00 start  rc=(451, 547)  t=240.0  completed=True  world=(1490.0, -209.5)
b00 finish — <none>
b01 start  rc=(342, 552)  t=1080.0  completed=True  world=(1640.0, 3060.5)
b01 finish rc=(342, 552)  t=240.0  completed=True  world=(1640.0, 3060.5)
b02 start  — <none>
b02 finish rc=(238, 366)  t=1080.0  completed=False  world=(-3940.0, 6180.5)
b03 start  rc=(451, 300)  t=600.0  completed=True  world=(-5920.0, -209.5)
b03 finish — <none>
b04 start  — <none>
b04 finish rc=(693, 350)  t=600.0  completed=False  world=(-4420.0, -7469.5)
b05 start  rc=(485, 509)  t=480.0  completed=True  world=(350.0, -1229.5)
b05 finish rc=(485, 509)  t=240.0  completed=True  world=(350.0, -1229.5)
=== end ===

— end dump —

Using multi-phase propagation with wind schedule.
[GC#02] updated fire after clearing batch
Using multi-phase propagation with wind schedule.
[GC#01] updated fire after clearing batch
Using multi-phase propagation with wind schedule.
[GC#02] updated fire after clearing batch
  → selected [ 708.14626849 5356.47854389] as drop point
FLUSHED
FLUSHED
Using multi-phase propagation with wind schedule.
DROP RAN
[DEBUG] AT#00  finished drop in sector 1 – notifying ground crews
[DEBUG] GC#02  attempting re-plan… remaining path = 1221 cells
[DEBUG] GC#02 start@(401, 591)  raw_arr=inf  now=1370.0  mtt=nan  within_buffer=False
[START] GC#02 using NEW (buffered by planner) → start (401, 591) on boundary 1
Start:  (401, 591)
Finish:  (238, 366)
[GC#02] WARNING: fire intercept at (238, 365) (burn_pen>0) – truncating path at idx 1156.
[GC#02] fire-line length 1157 cells (857.5 min; ABORTED EARLY)
[DEBUG] GC#02  new path accepted (length 1157, ETA 857.5 min)
Using multi-phase propagation with wind schedule.
[GC#02] updated fire after clearing batch
Using multi-phase propagation with wind schedule.
[GC#02] updated fire after clearing batch
  → selected [2779.03584751 5344.38052599] as drop point
FLUSHED
FLUSHED
Using multi-phase propagation with wind schedule.
DROP RAN
[DEBUG] AT#00  finished drop in sector 1 – notifying ground crews
[DEBUG] GC#02  attempting re-plan… remaining path = 1157 cells
[DEBUG] GC#02 start@(424, 619)  raw_arr=inf  now=1416.0  mtt=nan  within_buffer=False
[START] GC#02 using NEW (buffered by planner) → start (424, 619) on boundary 1
Start:  (424, 619)
Finish:  (238, 366)
[GC#02] WARNING: fire intercept at (238, 367) (burn_pen>0) – truncating path at idx 973.
[GC#02] fire-line length 974 cells (795.9 min; ABORTED EARLY)
[DEBUG] GC#02  new path accepted (length 974, ETA 795.9 min)
Using multi-phase propagation with wind schedule.
[GC#02] updated fire after clearing batch
Applied action {'FireHercAgent': (2,), 'GroundCrewAgent': (2, 3)} at t=1440 min
[forecast_provider] get_forecast() init   DT=120 min, TAPER_HR=8, ASSIM_HR=8
  SPEED_STD_MIN=1.0, SPEED_STD_MAX=5.0
  DIR_STD_MIN=20.0,   DIR_STD_MAX=60.0

[(1440, 1560, 16.67, 44.11), (1560, 1680, 14.97, 359.05), (1680, 1800, 14.04, 0.72), (1800, 1920, 18.42, 49.77), (1920, 2040, 10.0, 332.0), (2040, 2160, 8.0, 283.0), (2160, 2280, 8.5, 343.0), (2280, 2400, 6.5, 342.5), (2400, 2520, 7.5, 247.0), (2520, 2640, 7.0, 242.0), (2640, 2760, 6.0, 235.0), (2760, 2880, 0.5, 275.0), (2880, 3000, 0.0, 247.5)]

[ROS-MEAN] t=1440 min  (forecast-mean schedule)
  sector 1: ROS=   20.6  → weight=0.224
  sector 2: ROS=   18.0  → weight=0.197
  sector 3: ROS=   30.1  → weight=0.328
  sector 4: ROS=   23.0  → weight=0.251
  crew order  → [3, 4, 1, 2]
simulating in place
Using multi-phase propagation with wind schedule.
[GC#02] updated fire after clearing batch
  → selected [1356.26141125 6110.67418166] as drop point
FLUSHED
FLUSHED
Using multi-phase propagation with wind schedule.
DROP RAN
[DEBUG] AT#00  finished drop in sector 1 – notifying ground crews
[DEBUG] GC#02  attempting re-plan… remaining path = 974 cells
[DEBUG] GC#02 start@(405, 638)  raw_arr=inf  now=1462.0  mtt=nan  within_buffer=False
[START] GC#02 using NEW (buffered by planner) → start (405, 638) on boundary 1
Start:  (405, 638)
Finish:  (238, 366)
[GC#02] WARNING: fire intercept at (238, 367) (burn_pen>0) – truncating path at idx 923.
[GC#02] fire-line length 924 cells (631.1 min; ABORTED EARLY)
[DEBUG] GC#02  new path accepted (length 924, ETA 631.1 min)
Using multi-phase propagation with wind schedule.
[GC#01] updated fire after clearing batch
[GC#01] stopped early (fire intercept) – sector 4 NOT contained; awaiting reassignment.
Using multi-phase propagation with wind schedule.
[GC#02] updated fire after clearing batch
Using multi-phase propagation with wind schedule.
[GC#02] updated fire after clearing batch
Using multi-phase propagation with wind schedule.
[GC#02] updated fire after clearing batch
  → selected [ 835.58258572 6324.45347461] as drop point
Using multi-phase propagation with wind schedule.
DROP RAN
[DEBUG] AT#00  finished drop in sector 1 – notifying ground crews
[DEBUG] GC#02  attempting re-plan… remaining path = 924 cells
[DEBUG] GC#02 start@(364, 667)  raw_arr=inf  now=1508.0  mtt=nan  within_buffer=False
[START] GC#02 using NEW (buffered by planner) → start (364, 667) on boundary 1
Start:  (364, 667)
Finish:  (238, 366)
[GC#02] WARNING: fire intercept at (238, 367) (burn_pen>0) – truncating path at idx 833.
[GC#02] fire-line length 834 cells (674.7 min; ABORTED EARLY)
[DEBUG] GC#02  new path accepted (length 834, ETA 674.7 min)
Using multi-phase propagation with wind schedule.
[GC#02] updated fire after clearing batch
Using multi-phase propagation with wind schedule.
[GC#02] updated fire after clearing batch
  → selected [ 291.79129411 6584.27471201] as drop point
FLUSHED
Using multi-phase propagation with wind schedule.
DROP RAN
[DEBUG] AT#00  finished drop in sector 1 – notifying ground crews
[DEBUG] GC#02  attempting re-plan… remaining path = 834 cells
[DEBUG] GC#02 start@(340, 700)  raw_arr=inf  now=1554.0  mtt=nan  within_buffer=False
[START] GC#02 using NEW (buffered by planner) → start (340, 700) on boundary 1
Start:  (340, 700)
Finish:  (238, 366)
[GC#02] WARNING: fire intercept at (238, 367) (burn_pen>0) – truncating path at idx 776.
[GC#02] fire-line length 777 cells (621.1 min; ABORTED EARLY)
[DEBUG] GC#02  new path accepted (length 777, ETA 621.1 min)
Applied action {'FireHercAgent': (2,), 'GroundCrewAgent': (4, 5)} at t=1560 min
[forecast_provider] get_forecast() init   DT=120 min, TAPER_HR=8, ASSIM_HR=8
  SPEED_STD_MIN=1.0, SPEED_STD_MAX=5.0
  DIR_STD_MIN=20.0,   DIR_STD_MAX=60.0

[(1560, 1680, 14.13, 18.49), (1680, 1800, 13.31, 13.4), (1800, 1920, 20.35, 81.06), (1920, 2040, 10.12, 350.9), (2040, 2160, 8.0, 283.0), (2160, 2280, 8.5, 343.0), (2280, 2400, 6.5, 342.5), (2400, 2520, 7.5, 247.0), (2520, 2640, 7.0, 242.0), (2640, 2760, 6.0, 235.0), (2760, 2880, 0.5, 275.0), (2880, 3000, 0.0, 247.5)]

[ROS-MEAN] t=1560 min  (forecast-mean schedule)
  sector 1: ROS=   13.4  → weight=0.294
  sector 2: ROS=   16.1  → weight=0.353
  sector 3: ROS=   16.0  → weight=0.350
  sector 4: ROS=    0.1  → weight=0.003
  crew order  → [2, 3, 1, 4]
simulating in place

— after _record_anchor(bdy=3, role=start, cell=(451, 300), by=None) —

=== boundary_anchors (NOW) ===
b00 start  rc=(451, 547)  t=240.0  completed=True  world=(1490.0, -209.5)
b00 finish — <none>
b01 start  rc=(342, 552)  t=1080.0  completed=True  world=(1640.0, 3060.5)
b01 finish rc=(342, 552)  t=240.0  completed=True  world=(1640.0, 3060.5)
b02 start  — <none>
b02 finish rc=(238, 366)  t=1080.0  completed=False  world=(-3940.0, 6180.5)
b03 start  rc=(451, 300)  t=1560.0  completed=False  world=(-5920.0, -209.5)
b03 finish — <none>
b04 start  — <none>
b04 finish rc=(693, 350)  t=600.0  completed=False  world=(-4420.0, -7469.5)
b05 start  rc=(485, 509)  t=480.0  completed=True  world=(350.0, -1229.5)
b05 finish rc=(485, 509)  t=240.0  completed=True  world=(350.0, -1229.5)
=== end ===

— end dump —


— after _record_anchor(bdy=2, role=finish, cell=(166, 325), by=None) —

=== boundary_anchors (NOW) ===
b00 start  rc=(451, 547)  t=240.0  completed=True  world=(1490.0, -209.5)
b00 finish — <none>
b01 start  rc=(342, 552)  t=1080.0  completed=True  world=(1640.0, 3060.5)
b01 finish rc=(342, 552)  t=240.0  completed=True  world=(1640.0, 3060.5)
b02 start  — <none>
b02 finish rc=(166, 325)  t=1560.0  completed=False  world=(-5170.0, 8340.5)
b03 start  rc=(451, 300)  t=1560.0  completed=False  world=(-5920.0, -209.5)
b03 finish — <none>
b04 start  — <none>
b04 finish rc=(693, 350)  t=600.0  completed=False  world=(-4420.0, -7469.5)
b05 start  rc=(485, 509)  t=480.0  completed=True  world=(350.0, -1229.5)
b05 finish rc=(485, 509)  t=240.0  completed=True  world=(350.0, -1229.5)
=== end ===

— end dump —

[DEBUG] sector 2: start@bdy3 (451, 300)   finish@bdy2 (166, 325)
[GC#01] → sector 2  start (451, 300)  finish (166, 325)
Using multi-phase propagation with wind schedule.
[GC#02] updated fire after clearing batch
  → selected [3046.51531415 5858.20380075] as drop point
FLUSHED
Using multi-phase propagation with wind schedule.
DROP RAN
[DEBUG] AT#00  finished drop in sector 1 – notifying ground crews
[DEBUG] GC#02  attempting re-plan… remaining path = 777 cells
[DEBUG] GC#02 start@(321, 710)  raw_arr=inf  now=1600.0  mtt=nan  within_buffer=False
[START] GC#02 using NEW (buffered by planner) → start (321, 710) on boundary 1
Start:  (321, 710)
Finish:  (238, 366)
[GC#02] WARNING: fire intercept at (238, 367) (burn_pen>0) – truncating path at idx 763.
[GC#02] fire-line length 764 cells (471.0 min; ABORTED EARLY)
[DEBUG] GC#02  new path accepted (length 764, ETA 471.0 min)
Using multi-phase propagation with wind schedule.
[GC#02] updated fire after clearing batch
Using multi-phase propagation with wind schedule.
[GC#02] updated fire after clearing batch
Using multi-phase propagation with wind schedule.
[GC#02] updated fire after clearing batch
Using multi-phase propagation with wind schedule.
[GC#02] updated fire after clearing batch
  → selected [ 875.14218084 6624.93843192] as drop point
FLUSHED
Using multi-phase propagation with wind schedule.
DROP RAN
[DEBUG] AT#00  finished drop in sector 1 – notifying ground crews
[DEBUG] GC#02  attempting re-plan… remaining path = 764 cells
[DEBUG] GC#02 start@(259, 687)  raw_arr=inf  now=1654.0  mtt=nan  within_buffer=False
[START] GC#02 using NEW (buffered by planner) → start (259, 687) on boundary 1
Start:  (259, 687)
Finish:  (238, 366)
[GC#02] WARNING: fire intercept at (238, 367) (burn_pen>0) – truncating path at idx 666.
[GC#02] fire-line length 667 cells (409.8 min; ABORTED EARLY)
[DEBUG] GC#02  new path accepted (length 667, ETA 409.8 min)
Applied action {'FireHercAgent': (2,), 'GroundCrewAgent': (3, 4)} at t=1680 min
[forecast_provider] get_forecast() init   DT=120 min, TAPER_HR=8, ASSIM_HR=8
  SPEED_STD_MIN=1.0, SPEED_STD_MAX=5.0
  DIR_STD_MIN=20.0,   DIR_STD_MAX=60.0

[(1680, 1800, 12.58, 24.94), (1800, 1920, 22.27, 112.36), (1920, 2040, 10.24, 19.59), (2040, 2160, 8.42, 264.61), (2160, 2280, 8.5, 343.0), (2280, 2400, 6.5, 342.5), (2400, 2520, 7.5, 247.0), (2520, 2640, 7.0, 242.0), (2640, 2760, 6.0, 235.0), (2760, 2880, 0.5, 275.0), (2880, 3000, 0.0, 247.5)]

[ROS-MEAN] t=1680 min  (forecast-mean schedule)
  sector 1: ROS=    8.0  → weight=0.254
  sector 2: ROS=   12.3  → weight=0.394
  sector 3: ROS=   11.0  → weight=0.352
  sector 4: ROS=    0.0  → weight=0.000
  crew order  → [2, 3, 1, 4]
simulating in place
Using multi-phase propagation with wind schedule.
[GC#02] updated fire after clearing batch
  → selected [-3774.22272899 -5916.68696144] as drop point
FLUSHED
Using multi-phase propagation with wind schedule.
DROP RAN
[DEBUG] AT#00  finished drop in sector 3 – notifying ground crews
[START] GC#01 using ANCHOR (unspecified source) → start (451, 300) on boundary 3
Start:  (451, 300)
Finish:  (166, 325)
[GC#01] WARNING: fire intercept at (427, 301) (burn_pen>0) – truncating path at idx 26.
[GC#01] fire-line length 27 cells (0.0 min; ABORTED EARLY)

— after _mark_anchor_completed(bdy=3, role=start, by=None) —

=== boundary_anchors (NOW) ===
b00 start  rc=(451, 547)  t=240.0  completed=True  world=(1490.0, -209.5)
b00 finish — <none>
b01 start  rc=(342, 552)  t=1080.0  completed=True  world=(1640.0, 3060.5)
b01 finish rc=(342, 552)  t=240.0  completed=True  world=(1640.0, 3060.5)
b02 start  — <none>
b02 finish rc=(166, 325)  t=1560.0  completed=False  world=(-5170.0, 8340.5)
b03 start  rc=(451, 300)  t=1560.0  completed=True  world=(-5920.0, -209.5)
b03 finish — <none>
b04 start  — <none>
b04 finish rc=(693, 350)  t=600.0  completed=False  world=(-4420.0, -7469.5)
b05 start  rc=(485, 509)  t=480.0  completed=True  world=(350.0, -1229.5)
b05 finish rc=(485, 509)  t=240.0  completed=True  world=(350.0, -1229.5)
=== end ===

— end dump —


— after _mark_anchor_completed(bdy=2, role=finish, by=<groundcrew.GroundCrewAgent object at 0x0000021CE0813790>) —

=== boundary_anchors (NOW) ===
b00 start  rc=(451, 547)  t=240.0  completed=True  world=(1490.0, -209.5)
b00 finish — <none>
b01 start  rc=(342, 552)  t=1080.0  completed=True  world=(1640.0, 3060.5)
b01 finish rc=(342, 552)  t=240.0  completed=True  world=(1640.0, 3060.5)
b02 start  — <none>
b02 finish rc=(166, 325)  t=1560.0  completed=True  world=(-5170.0, 8340.5)
b03 start  rc=(451, 300)  t=1560.0  completed=True  world=(-5920.0, -209.5)
b03 finish — <none>
b04 start  — <none>
b04 finish rc=(693, 350)  t=600.0  completed=False  world=(-4420.0, -7469.5)
b05 start  rc=(485, 509)  t=480.0  completed=True  world=(350.0, -1229.5)
b05 finish rc=(485, 509)  t=240.0  completed=True  world=(350.0, -1229.5)
=== end ===

— end dump —


— after _mark_anchor_uncompleted(bdy=2, role=finish, by=<groundcrew.GroundCrewAgent object at 0x0000021CE0813790>) —

=== boundary_anchors (NOW) ===
b00 start  rc=(451, 547)  t=240.0  completed=True  world=(1490.0, -209.5)
b00 finish — <none>
b01 start  rc=(342, 552)  t=1080.0  completed=True  world=(1640.0, 3060.5)
b01 finish rc=(342, 552)  t=240.0  completed=True  world=(1640.0, 3060.5)
b02 start  — <none>
b02 finish rc=(166, 325)  t=1560.0  completed=False  world=(-5170.0, 8340.5)
b03 start  rc=(451, 300)  t=1560.0  completed=True  world=(-5920.0, -209.5)
b03 finish — <none>
b04 start  — <none>
b04 finish rc=(693, 350)  t=600.0  completed=False  world=(-4420.0, -7469.5)
b05 start  rc=(485, 509)  t=480.0  completed=True  world=(350.0, -1229.5)
b05 finish rc=(485, 509)  t=240.0  completed=True  world=(350.0, -1229.5)
=== end ===

— end dump —

Using multi-phase propagation with wind schedule.
[GC#01] updated fire after clearing batch
[GC#01] stopped early (fire intercept) – sector 2 NOT contained; awaiting reassignment.
Using multi-phase propagation with wind schedule.
[GC#02] updated fire after clearing batch
  → selected [-3912.51223995 -6133.75801226] as drop point
Using multi-phase propagation with wind schedule.
DROP RAN
[DEBUG] AT#00  finished drop in sector 3 – notifying ground crews
Using multi-phase propagation with wind schedule.
[GC#02] updated fire after clearing batch
Using multi-phase propagation with wind schedule.
[GC#02] updated fire after clearing batch
Using multi-phase propagation with wind schedule.
[GC#02] updated fire after clearing batch
  → selected [-5280.51633454 -6872.71666632] as drop point
FLUSHED
Using multi-phase propagation with wind schedule.
DROP RAN
[DEBUG] AT#00  finished drop in sector 3 – notifying ground crews
Applied action {'FireHercAgent': (4,), 'GroundCrewAgent': (3, 4)} at t=1800 min
[forecast_provider] get_forecast() init   DT=120 min, TAPER_HR=8, ASSIM_HR=8
  SPEED_STD_MIN=1.0, SPEED_STD_MAX=5.0
  DIR_STD_MIN=20.0,   DIR_STD_MAX=60.0

[(1800, 1920, 24.2, 131.63), (1920, 2040, 10.37, 48.29), (2040, 2160, 8.85, 238.2), (2160, 2280, 9.12, 345.11), (2280, 2400, 6.5, 342.5), (2400, 2520, 7.5, 247.0), (2520, 2640, 7.0, 242.0), (2640, 2760, 6.0, 235.0), (2760, 2880, 0.5, 275.0), (2880, 3000, 0.0, 247.5)]

[ROS-MEAN] t=1800 min  (forecast-mean schedule)
  sector 1: ROS=    8.8  → weight=0.106
  sector 2: ROS=    8.0  → weight=0.096
  sector 3: ROS=   25.5  → weight=0.307
  sector 4: ROS=   40.7  → weight=0.491
  crew order  → [4, 3, 1, 2]
simulating in place

— after _record_anchor(bdy=5, role=start, cell=(485, 509), by=None) —

=== boundary_anchors (NOW) ===
b00 start  rc=(451, 547)  t=240.0  completed=True  world=(1490.0, -209.5)
b00 finish — <none>
b01 start  rc=(342, 552)  t=1080.0  completed=True  world=(1640.0, 3060.5)
b01 finish rc=(342, 552)  t=240.0  completed=True  world=(1640.0, 3060.5)
b02 start  — <none>
b02 finish rc=(166, 325)  t=1560.0  completed=False  world=(-5170.0, 8340.5)
b03 start  rc=(451, 300)  t=1560.0  completed=True  world=(-5920.0, -209.5)
b03 finish — <none>
b04 start  — <none>
b04 finish rc=(693, 350)  t=600.0  completed=False  world=(-4420.0, -7469.5)
b05 start  rc=(485, 509)  t=1800.0  completed=False  world=(350.0, -1229.5)
b05 finish rc=(485, 509)  t=240.0  completed=True  world=(350.0, -1229.5)
=== end ===

— end dump —


— after _record_anchor(bdy=4, role=finish, cell=(779, 300), by=None) —

=== boundary_anchors (NOW) ===
b00 start  rc=(451, 547)  t=240.0  completed=True  world=(1490.0, -209.5)
b00 finish — <none>
b01 start  rc=(342, 552)  t=1080.0  completed=True  world=(1640.0, 3060.5)
b01 finish rc=(342, 552)  t=240.0  completed=True  world=(1640.0, 3060.5)
b02 start  — <none>
b02 finish rc=(166, 325)  t=1560.0  completed=False  world=(-5170.0, 8340.5)
b03 start  rc=(451, 300)  t=1560.0  completed=True  world=(-5920.0, -209.5)
b03 finish — <none>
b04 start  — <none>
b04 finish rc=(779, 300)  t=1800.0  completed=False  world=(-5920.0, -10049.5)
b05 start  rc=(485, 509)  t=1800.0  completed=False  world=(350.0, -1229.5)
b05 finish rc=(485, 509)  t=240.0  completed=True  world=(350.0, -1229.5)
=== end ===

— end dump —

[DEBUG] sector 4: start@bdy5 (485, 509)   finish@bdy4 (779, 300)
[GC#01] → sector 4  start (485, 509)  finish (779, 300)
Using multi-phase propagation with wind schedule.
[GC#02] updated fire after clearing batch
Using multi-phase propagation with wind schedule.
[GC#02] updated fire after clearing batch
Using multi-phase propagation with wind schedule.
[GC#02] updated fire after clearing batch
Using multi-phase propagation with wind schedule.
[GC#02] updated fire after clearing batch
Using multi-phase propagation with wind schedule.
[GC#02] updated fire after clearing batch
Using multi-phase propagation with wind schedule.
[GC#02] updated fire after clearing batch
Using multi-phase propagation with wind schedule.
[GC#02] updated fire after clearing batch
Using multi-phase propagation with wind schedule.
[GC#02] updated fire after clearing batch
Using multi-phase propagation with wind schedule.
[GC#02] updated fire after clearing batch
Using multi-phase propagation with wind schedule.
[GC#02] updated fire after clearing batch
Using multi-phase propagation with wind schedule.
[GC#02] updated fire after clearing batch
Using multi-phase propagation with wind schedule.
[GC#02] updated fire after clearing batch
Using multi-phase propagation with wind schedule.
[GC#02] updated fire after clearing batch
Using multi-phase propagation with wind schedule.
[GC#02] updated fire after clearing batch
  → [-1590.91902415 -5046.09129067] already burned – skipping
Sector retarded
{4}
Using multi-phase propagation with wind schedule.
[GC#02] updated fire after clearing batch
  → selected [-4067.62359947 -7807.92990112] as drop point
FLUSHED
Using multi-phase propagation with wind schedule.
DROP RAN
[DEBUG] AT#00  finished drop in sector 4 – notifying ground crews
Applied action {'FireHercAgent': (5,), 'GroundCrewAgent': (5, 4)} at t=1920 min
[forecast_provider] get_forecast() init   DT=120 min, TAPER_HR=8, ASSIM_HR=8
  SPEED_STD_MIN=1.0, SPEED_STD_MAX=5.0
  DIR_STD_MIN=20.0,   DIR_STD_MAX=60.0

[(1920, 2040, 10.49, 67.19), (2040, 2160, 9.27, 211.8), (2160, 2280, 9.75, 347.22), (2280, 2400, 5.37, 351.72), (2400, 2520, 7.5, 247.0), (2520, 2640, 7.0, 242.0), (2640, 2760, 6.0, 235.0), (2760, 2880, 0.5, 275.0), (2880, 3000, 0.0, 247.5)]

[ROS-MEAN] t=1920 min  (forecast-mean schedule)
  sector 1: ROS=    2.9  → weight=0.101
  sector 2: ROS=    6.8  → weight=0.239
  sector 3: ROS=    6.5  → weight=0.228
  sector 4: ROS=   12.3  → weight=0.432
  crew order  → [4, 2, 3, 1]
simulating in place
Using multi-phase propagation with wind schedule.
[GC#02] updated fire after clearing batch
  → selected [-2534.25160274 -8037.95999384] as drop point
FLUSHED
Using multi-phase propagation with wind schedule.
DROP RAN
[DEBUG] AT#00  finished drop in sector 4 – notifying ground crews
  → selected [ -883.07236622 -6730.02694492] as drop point
FLUSHED
Using multi-phase propagation with wind schedule.
DROP RAN
[DEBUG] AT#00  finished drop in sector 4 – notifying ground crews
[START] GC#01 using ANCHOR (unspecified source) → start (485, 509) on boundary 5
Start:  (485, 509)
Finish:  (779, 300)
[GC#01] fire-line length 704 cells (473.9 min; full plan)

— after _mark_anchor_completed(bdy=5, role=start, by=None) —

=== boundary_anchors (NOW) ===
b00 start  rc=(451, 547)  t=240.0  completed=True  world=(1490.0, -209.5)
b00 finish — <none>
b01 start  rc=(342, 552)  t=1080.0  completed=True  world=(1640.0, 3060.5)
b01 finish rc=(342, 552)  t=240.0  completed=True  world=(1640.0, 3060.5)
b02 start  — <none>
b02 finish rc=(166, 325)  t=1560.0  completed=False  world=(-5170.0, 8340.5)
b03 start  rc=(451, 300)  t=1560.0  completed=True  world=(-5920.0, -209.5)
b03 finish — <none>
b04 start  — <none>
b04 finish rc=(779, 300)  t=1800.0  completed=False  world=(-5920.0, -10049.5)
b05 start  rc=(485, 509)  t=1800.0  completed=True  world=(350.0, -1229.5)
b05 finish rc=(485, 509)  t=240.0  completed=True  world=(350.0, -1229.5)
=== end ===

— end dump —


— after _mark_anchor_completed(bdy=4, role=finish, by=<groundcrew.GroundCrewAgent object at 0x0000021CE0813790>) —

=== boundary_anchors (NOW) ===
b00 start  rc=(451, 547)  t=240.0  completed=True  world=(1490.0, -209.5)
b00 finish — <none>
b01 start  rc=(342, 552)  t=1080.0  completed=True  world=(1640.0, 3060.5)
b01 finish rc=(342, 552)  t=240.0  completed=True  world=(1640.0, 3060.5)
b02 start  — <none>
b02 finish rc=(166, 325)  t=1560.0  completed=False  world=(-5170.0, 8340.5)
b03 start  rc=(451, 300)  t=1560.0  completed=True  world=(-5920.0, -209.5)
b03 finish — <none>
b04 start  — <none>
b04 finish rc=(779, 300)  t=1800.0  completed=True  world=(-5920.0, -10049.5)
b05 start  rc=(485, 509)  t=1800.0  completed=True  world=(350.0, -1229.5)
b05 finish rc=(485, 509)  t=240.0  completed=True  world=(350.0, -1229.5)
=== end ===

— end dump —

Using multi-phase propagation with wind schedule.
[GC#01] updated fire after clearing batch
Using multi-phase propagation with wind schedule.
[GC#01] updated fire after clearing batch
  → selected [ -930.46453269 -7090.00618835] as drop point
FLUSHED
FLUSHED
Using multi-phase propagation with wind schedule.
DROP RAN
[DEBUG] AT#00  finished drop in sector 4 – notifying ground crews
[DEBUG] GC#01  attempting re-plan… remaining path = 704 cells
[DEBUG] GC#01 start@(636, 472)  raw_arr=inf  now=2027.0  mtt=nan  within_buffer=False
[START] GC#01 using NEW (buffered by planner) → start (636, 472) on boundary 5
Start:  (636, 472)
Finish:  (779, 300)
[GC#01] fire-line length 480 cells (455.7 min; full plan)
[DEBUG] GC#01  new path accepted (length 480, ETA 455.7 min)
Applied action {'FireHercAgent': (5,), 'GroundCrewAgent': (5, 3)} at t=2040 min
[forecast_provider] get_forecast() init   DT=120 min, TAPER_HR=8, ASSIM_HR=8
  SPEED_STD_MIN=1.0, SPEED_STD_MAX=5.0
  DIR_STD_MIN=20.0,   DIR_STD_MAX=60.0

[(2040, 2160, 9.7, 193.41), (2160, 2280, 10.37, 349.34), (2280, 2400, 4.24, 1.47), (2400, 2520, 6.48, 233.52), (2520, 2640, 7.0, 242.0), (2640, 2760, 6.0, 235.0), (2760, 2880, 0.5, 275.0), (2880, 3000, 0.0, 247.5)]

[ROS-MEAN] t=2040 min  (forecast-mean schedule)
  sector 1: ROS=    9.8  → weight=0.309
  sector 2: ROS=    4.5  → weight=0.143
  sector 3: ROS=    3.9  → weight=0.122
  sector 4: ROS=   13.5  → weight=0.426
  crew order  → [4, 1, 2, 3]
simulating in place
Using multi-phase propagation with wind schedule.
[GC#02] updated fire after clearing batch
Using multi-phase propagation with wind schedule.
[GC#02] updated fire after clearing batch
Using multi-phase propagation with wind schedule.
[GC#02] updated fire after clearing batch
Using multi-phase propagation with wind schedule.
[GC#02] updated fire after clearing batch
[GC#02] stopped early (fire intercept) – sector 1 NOT contained; awaiting reassignment.
  → selected [-2633.22210412 -8351.8543216 ] as drop point
FLUSHED
Using multi-phase propagation with wind schedule.
DROP RAN
[DEBUG] AT#00  finished drop in sector 4 – notifying ground crews
[DEBUG] GC#01  attempting re-plan… remaining path = 480 cells
[DEBUG] GC#01 start@(647, 484)  raw_arr=inf  now=2074.0  mtt=nan  within_buffer=False
[START] GC#01 using NEW (buffered by planner) → start (647, 484) on boundary 5
Start:  (647, 484)
Finish:  (779, 300)
[GC#01] fire-line length 457 cells (403.9 min; full plan)
[DEBUG] GC#01  new path accepted (length 457, ETA 403.9 min)
Using multi-phase propagation with wind schedule.
[GC#01] updated fire after clearing batch
  → selected [-1007.59693186 -7675.88492652] as drop point
FLUSHED
Using multi-phase propagation with wind schedule.
DROP RAN
[DEBUG] AT#00  finished drop in sector 4 – notifying ground crews
[DEBUG] GC#01  attempting re-plan… remaining path = 457 cells
[DEBUG] GC#01 start@(669, 494)  raw_arr=inf  now=2121.0  mtt=nan  within_buffer=False
[START] GC#01 using NEW (buffered by planner) → start (669, 494) on boundary 5
Start:  (669, 494)
Finish:  (779, 300)
[GC#01] fire-line length 425 cells (342.9 min; full plan)
[DEBUG] GC#01  new path accepted (length 425, ETA 342.9 min)
Using multi-phase propagation with wind schedule.
[GC#01] updated fire after clearing batch
Applied action {'FireHercAgent': (5,), 'GroundCrewAgent': (5, 2)} at t=2160 min
[forecast_provider] get_forecast() init   DT=120 min, TAPER_HR=8, ASSIM_HR=8
  SPEED_STD_MIN=1.0, SPEED_STD_MAX=5.0
  DIR_STD_MIN=20.0,   DIR_STD_MAX=60.0

[(2160, 2280, 10.99, 351.45), (2280, 2400, 3.11, 11.22), (2400, 2520, 5.46, 218.06), (2520, 2640, 5.9, 231.33), (2640, 2760, 6.0, 235.0), (2760, 2880, 0.5, 275.0), (2880, 3000, 0.0, 247.5)]

[ROS-MEAN] t=2160 min  (forecast-mean schedule)
  sector 1: ROS=    9.6  → weight=0.223
  sector 2: ROS=   14.1  → weight=0.328
  sector 3: ROS=   10.8  → weight=0.251
  sector 4: ROS=    8.5  → weight=0.197
  crew order  → [2, 3, 1, 4]
simulating in place

— after _record_anchor(bdy=3, role=start, cell=(451, 300), by=None) —

=== boundary_anchors (NOW) ===
b00 start  rc=(451, 547)  t=240.0  completed=True  world=(1490.0, -209.5)
b00 finish — <none>
b01 start  rc=(342, 552)  t=1080.0  completed=True  world=(1640.0, 3060.5)
b01 finish rc=(342, 552)  t=240.0  completed=True  world=(1640.0, 3060.5)
b02 start  — <none>
b02 finish rc=(166, 325)  t=1560.0  completed=False  world=(-5170.0, 8340.5)
b03 start  rc=(451, 300)  t=2160.0  completed=False  world=(-5920.0, -209.5)
b03 finish — <none>
b04 start  — <none>
b04 finish rc=(779, 300)  t=1800.0  completed=True  world=(-5920.0, -10049.5)
b05 start  rc=(485, 509)  t=1800.0  completed=True  world=(350.0, -1229.5)
b05 finish rc=(485, 509)  t=240.0  completed=True  world=(350.0, -1229.5)
=== end ===

— end dump —


— after _record_anchor(bdy=2, role=finish, cell=(110, 293), by=None) —

=== boundary_anchors (NOW) ===
b00 start  rc=(451, 547)  t=240.0  completed=True  world=(1490.0, -209.5)
b00 finish — <none>
b01 start  rc=(342, 552)  t=1080.0  completed=True  world=(1640.0, 3060.5)
b01 finish rc=(342, 552)  t=240.0  completed=True  world=(1640.0, 3060.5)
b02 start  — <none>
b02 finish rc=(110, 293)  t=2160.0  completed=False  world=(-6130.0, 10020.5)
b03 start  rc=(451, 300)  t=2160.0  completed=False  world=(-5920.0, -209.5)
b03 finish — <none>
b04 start  — <none>
b04 finish rc=(779, 300)  t=1800.0  completed=True  world=(-5920.0, -10049.5)
b05 start  rc=(485, 509)  t=1800.0  completed=True  world=(350.0, -1229.5)
b05 finish rc=(485, 509)  t=240.0  completed=True  world=(350.0, -1229.5)
=== end ===

— end dump —

[DEBUG] sector 2: start@bdy3 (451, 300)   finish@bdy2 (110, 293)
[GC#02] → sector 2  start (451, 300)  finish (110, 293)
  → selected [-8964.84919525  3730.92185721] as drop point
FLUSHED
Using multi-phase propagation with wind schedule.
DROP RAN
[DEBUG] AT#00  finished drop in sector 2 – notifying ground crews
Using multi-phase propagation with wind schedule.
[GC#01] updated fire after clearing batch
  → selected [-9217.61052317  3835.61902728] as drop point
FLUSHED
Using multi-phase propagation with wind schedule.
DROP RAN
[DEBUG] AT#00  finished drop in sector 2 – notifying ground crews
Using multi-phase propagation with wind schedule.
[GC#01] updated fire after clearing batch
Using multi-phase propagation with wind schedule.
[GC#01] updated fire after clearing batch
Using multi-phase propagation with wind schedule.
[GC#01] updated fire after clearing batch
Using multi-phase propagation with wind schedule.
[GC#01] updated fire after clearing batch
  → selected [-7046.38692839  6476.89033656] as drop point
FLUSHED
Using multi-phase propagation with wind schedule.
DROP RAN
[DEBUG] AT#00  finished drop in sector 2 – notifying ground crews
Applied action {'FireHercAgent': (3,), 'GroundCrewAgent': (3, 4)} at t=2280 min
[forecast_provider] get_forecast() init   DT=120 min, TAPER_HR=8, ASSIM_HR=8
  SPEED_STD_MIN=1.0, SPEED_STD_MAX=5.0
  DIR_STD_MIN=20.0,   DIR_STD_MAX=60.0

[(2280, 2400, 1.98, 20.44), (2400, 2520, 4.44, 202.61), (2520, 2640, 4.79, 219.79), (2640, 2760, 4.81, 221.12), (2760, 2880, 0.5, 275.0), (2880, 3000, 0.0, 247.5)]

[ROS-MEAN] t=2280 min  (forecast-mean schedule)
  sector 1: ROS=    3.6  → weight=0.297
  sector 2: ROS=    3.4  → weight=0.287
  sector 3: ROS=    2.7  → weight=0.225
  sector 4: ROS=    2.3  → weight=0.191
  crew order  → [1, 2, 3, 4]
simulating in place
Using multi-phase propagation with wind schedule.
[GC#01] updated fire after clearing batch
Using multi-phase propagation with wind schedule.
[GC#01] updated fire after clearing batch
  → selected [-12636.02131533    567.4105256 ] as drop point
FLUSHED
Using multi-phase propagation with wind schedule.
DROP RAN
[DEBUG] AT#00  finished drop in sector 2 – notifying ground crews
Using multi-phase propagation with wind schedule.
[GC#01] updated fire after clearing batch
Using multi-phase propagation with wind schedule.
[GC#01] updated fire after clearing batch
Using multi-phase propagation with wind schedule.
[GC#01] updated fire after clearing batch
Using multi-phase propagation with wind schedule.
[GC#01] updated fire after clearing batch
  → selected [-6482.86319439  7095.74353998] as drop point
FLUSHED
Using multi-phase propagation with wind schedule.
DROP RAN
[DEBUG] AT#00  finished drop in sector 2 – notifying ground crews
[START] GC#02 using ANCHOR (unspecified source) → start (451, 300) on boundary 3
Start:  (451, 300)
Finish:  (110, 293)
[GC#02] WARNING: fire intercept at (426, 301) (burn_pen>0) – truncating path at idx 25.
[GC#02] fire-line length 26 cells (0.0 min; ABORTED EARLY)

— after _mark_anchor_completed(bdy=3, role=start, by=None) —

=== boundary_anchors (NOW) ===
b00 start  rc=(451, 547)  t=240.0  completed=True  world=(1490.0, -209.5)
b00 finish — <none>
b01 start  rc=(342, 552)  t=1080.0  completed=True  world=(1640.0, 3060.5)
b01 finish rc=(342, 552)  t=240.0  completed=True  world=(1640.0, 3060.5)
b02 start  — <none>
b02 finish rc=(110, 293)  t=2160.0  completed=False  world=(-6130.0, 10020.5)
b03 start  rc=(451, 300)  t=2160.0  completed=True  world=(-5920.0, -209.5)
b03 finish — <none>
b04 start  — <none>
b04 finish rc=(779, 300)  t=1800.0  completed=True  world=(-5920.0, -10049.5)
b05 start  rc=(485, 509)  t=1800.0  completed=True  world=(350.0, -1229.5)
b05 finish rc=(485, 509)  t=240.0  completed=True  world=(350.0, -1229.5)
=== end ===

— end dump —


— after _mark_anchor_completed(bdy=2, role=finish, by=<groundcrew.GroundCrewAgent object at 0x0000021CE080B9D0>) —

=== boundary_anchors (NOW) ===
b00 start  rc=(451, 547)  t=240.0  completed=True  world=(1490.0, -209.5)
b00 finish — <none>
b01 start  rc=(342, 552)  t=1080.0  completed=True  world=(1640.0, 3060.5)
b01 finish rc=(342, 552)  t=240.0  completed=True  world=(1640.0, 3060.5)
b02 start  — <none>
b02 finish rc=(110, 293)  t=2160.0  completed=True  world=(-6130.0, 10020.5)
b03 start  rc=(451, 300)  t=2160.0  completed=True  world=(-5920.0, -209.5)
b03 finish — <none>
b04 start  — <none>
b04 finish rc=(779, 300)  t=1800.0  completed=True  world=(-5920.0, -10049.5)
b05 start  rc=(485, 509)  t=1800.0  completed=True  world=(350.0, -1229.5)
b05 finish rc=(485, 509)  t=240.0  completed=True  world=(350.0, -1229.5)
=== end ===

— end dump —


— after _mark_anchor_uncompleted(bdy=2, role=finish, by=<groundcrew.GroundCrewAgent object at 0x0000021CE080B9D0>) —

=== boundary_anchors (NOW) ===
b00 start  rc=(451, 547)  t=240.0  completed=True  world=(1490.0, -209.5)
b00 finish — <none>
b01 start  rc=(342, 552)  t=1080.0  completed=True  world=(1640.0, 3060.5)
b01 finish rc=(342, 552)  t=240.0  completed=True  world=(1640.0, 3060.5)
b02 start  — <none>
b02 finish rc=(110, 293)  t=2160.0  completed=False  world=(-6130.0, 10020.5)
b03 start  rc=(451, 300)  t=2160.0  completed=True  world=(-5920.0, -209.5)
b03 finish — <none>
b04 start  — <none>
b04 finish rc=(779, 300)  t=1800.0  completed=True  world=(-5920.0, -10049.5)
b05 start  rc=(485, 509)  t=1800.0  completed=True  world=(350.0, -1229.5)
b05 finish rc=(485, 509)  t=240.0  completed=True  world=(350.0, -1229.5)
=== end ===

— end dump —

Using multi-phase propagation with wind schedule.
[GC#02] updated fire after clearing batch
[GC#02] stopped early (fire intercept) – sector 2 NOT contained; awaiting reassignment.
Using multi-phase propagation with wind schedule.
[GC#01] updated fire after clearing batch
Applied action {'FireHercAgent': (3,), 'GroundCrewAgent': (2, 3)} at t=2400 min
[forecast_provider] get_forecast() init   DT=120 min, TAPER_HR=8, ASSIM_HR=8
  SPEED_STD_MIN=1.0, SPEED_STD_MAX=5.0
  DIR_STD_MIN=20.0,   DIR_STD_MAX=60.0

[(2400, 2520, 3.42, 189.12), (2520, 2640, 3.69, 208.26), (2640, 2760, 3.63, 205.04), (2760, 2880, 2.19, 263.97), (2880, 3000, 0.0, 247.5)]

[ROS-MEAN] t=2400 min  (forecast-mean schedule)
  sector 1: ROS=    3.9  → weight=0.301
  sector 2: ROS=    2.9  → weight=0.222
  sector 3: ROS=    1.3  → weight=0.097
  sector 4: ROS=    4.9  → weight=0.380
  crew order  → [4, 1, 2, 3]
simulating in place

— after _record_anchor(bdy=4, role=start, cell=(779, 300), by=None) —

=== boundary_anchors (NOW) ===
b00 start  rc=(451, 547)  t=240.0  completed=True  world=(1490.0, -209.5)
b00 finish — <none>
b01 start  rc=(342, 552)  t=1080.0  completed=True  world=(1640.0, 3060.5)
b01 finish rc=(342, 552)  t=240.0  completed=True  world=(1640.0, 3060.5)
b02 start  — <none>
b02 finish rc=(110, 293)  t=2160.0  completed=False  world=(-6130.0, 10020.5)
b03 start  rc=(451, 300)  t=2160.0  completed=True  world=(-5920.0, -209.5)
b03 finish — <none>
b04 start  rc=(779, 300)  t=2400.0  completed=False  world=(-5920.0, -10049.5)
b04 finish rc=(779, 300)  t=1800.0  completed=True  world=(-5920.0, -10049.5)
b05 start  rc=(485, 509)  t=1800.0  completed=True  world=(350.0, -1229.5)
b05 finish rc=(485, 509)  t=240.0  completed=True  world=(350.0, -1229.5)
=== end ===

— end dump —


— after _record_anchor(bdy=5, role=finish, cell=(485, 509), by=None) —

=== boundary_anchors (NOW) ===
b00 start  rc=(451, 547)  t=240.0  completed=True  world=(1490.0, -209.5)
b00 finish — <none>
b01 start  rc=(342, 552)  t=1080.0  completed=True  world=(1640.0, 3060.5)
b01 finish rc=(342, 552)  t=240.0  completed=True  world=(1640.0, 3060.5)
b02 start  — <none>
b02 finish rc=(110, 293)  t=2160.0  completed=False  world=(-6130.0, 10020.5)
b03 start  rc=(451, 300)  t=2160.0  completed=True  world=(-5920.0, -209.5)
b03 finish — <none>
b04 start  rc=(779, 300)  t=2400.0  completed=False  world=(-5920.0, -10049.5)
b04 finish rc=(779, 300)  t=1800.0  completed=True  world=(-5920.0, -10049.5)
b05 start  rc=(485, 509)  t=1800.0  completed=True  world=(350.0, -1229.5)
b05 finish rc=(485, 509)  t=2400.0  completed=False  world=(350.0, -1229.5)
=== end ===

— end dump —

[DEBUG] sector 4: start@bdy4 (779, 300)   finish@bdy5 (485, 509)
[GC#02] → sector 4  start (779, 300)  finish (485, 509)
  → selected [3210.97048712 7755.40859731] as drop point
FLUSHED
Using multi-phase propagation with wind schedule.
DROP RAN
[DEBUG] AT#00  finished drop in sector 1 – notifying ground crews
Using multi-phase propagation with wind schedule.
[GC#01] updated fire after clearing batch
  → selected [3967.91379799 7628.19382001] as drop point
FLUSHED
Using multi-phase propagation with wind schedule.
DROP RAN
[DEBUG] AT#00  finished drop in sector 1 – notifying ground crews
Using multi-phase propagation with wind schedule.
[GC#01] updated fire after clearing batch
Sector contained  4

— after _mark_anchor_completed(bdy=5, role=start, by=None) —

=== boundary_anchors (NOW) ===
b00 start  rc=(451, 547)  t=240.0  completed=True  world=(1490.0, -209.5)
b00 finish — <none>
b01 start  rc=(342, 552)  t=1080.0  completed=True  world=(1640.0, 3060.5)
b01 finish rc=(342, 552)  t=240.0  completed=True  world=(1640.0, 3060.5)
b02 start  — <none>
b02 finish rc=(110, 293)  t=2160.0  completed=False  world=(-6130.0, 10020.5)
b03 start  rc=(451, 300)  t=2160.0  completed=True  world=(-5920.0, -209.5)
b03 finish — <none>
b04 start  rc=(779, 300)  t=2400.0  completed=False  world=(-5920.0, -10049.5)
b04 finish rc=(779, 300)  t=1800.0  completed=True  world=(-5920.0, -10049.5)
b05 start  rc=(485, 509)  t=1800.0  completed=True  world=(350.0, -1229.5)
b05 finish rc=(485, 509)  t=2400.0  completed=False  world=(350.0, -1229.5)
=== end ===

— end dump —


— after _mark_anchor_completed(bdy=4, role=finish, by=None) —

=== boundary_anchors (NOW) ===
b00 start  rc=(451, 547)  t=240.0  completed=True  world=(1490.0, -209.5)
b00 finish — <none>
b01 start  rc=(342, 552)  t=1080.0  completed=True  world=(1640.0, 3060.5)
b01 finish rc=(342, 552)  t=240.0  completed=True  world=(1640.0, 3060.5)
b02 start  — <none>
b02 finish rc=(110, 293)  t=2160.0  completed=False  world=(-6130.0, 10020.5)
b03 start  rc=(451, 300)  t=2160.0  completed=True  world=(-5920.0, -209.5)
b03 finish — <none>
b04 start  rc=(779, 300)  t=2400.0  completed=False  world=(-5920.0, -10049.5)
b04 finish rc=(779, 300)  t=1800.0  completed=True  world=(-5920.0, -10049.5)
b05 start  rc=(485, 509)  t=1800.0  completed=True  world=(350.0, -1229.5)
b05 finish rc=(485, 509)  t=2400.0  completed=False  world=(350.0, -1229.5)
=== end ===

— end dump —

[GC#01] Sector 4 contained → Standby
  → selected [1766.40479735 7960.71144105] as drop point
Using multi-phase propagation with wind schedule.
DROP RAN
[DEBUG] AT#00  finished drop in sector 1 – notifying ground crews
Applied action {'FireHercAgent': (2,), 'GroundCrewAgent': (5, 2)} at t=2520 min
[forecast_provider] get_forecast() init   DT=120 min, TAPER_HR=8, ASSIM_HR=8
  SPEED_STD_MIN=1.0, SPEED_STD_MAX=5.0
  DIR_STD_MIN=20.0,   DIR_STD_MAX=60.0

[(2520, 2640, 2.58, 197.58), (2640, 2760, 2.44, 188.96), (2760, 2880, 3.88, 251.98), (2880, 3000, 0.64, 240.91)]

[ROS-MEAN] t=2520 min  (forecast-mean schedule)
  sector 1: ROS=    3.5  → weight=0.475
  sector 2: ROS=    2.7  → weight=0.376
  sector 3: ROS=    1.1  → weight=0.149
  crew order  → [1, 2, 3]
simulating in place

— after _record_anchor(bdy=1, role=start, cell=(342, 552), by=None) —

=== boundary_anchors (NOW) ===
b00 start  rc=(451, 547)  t=240.0  completed=True  world=(1490.0, -209.5)
b00 finish — <none>
b01 start  rc=(342, 552)  t=2520.0  completed=False  world=(1640.0, 3060.5)
b01 finish rc=(342, 552)  t=240.0  completed=True  world=(1640.0, 3060.5)
b02 start  — <none>
b02 finish rc=(110, 293)  t=2160.0  completed=False  world=(-6130.0, 10020.5)
b03 start  rc=(451, 300)  t=2160.0  completed=True  world=(-5920.0, -209.5)
b03 finish — <none>
b04 start  rc=(779, 300)  t=2400.0  completed=False  world=(-5920.0, -10049.5)
b04 finish rc=(779, 300)  t=1800.0  completed=True  world=(-5920.0, -10049.5)
b05 start  rc=(485, 509)  t=1800.0  completed=True  world=(350.0, -1229.5)
b05 finish rc=(485, 509)  t=2400.0  completed=False  world=(350.0, -1229.5)
=== end ===

— end dump —


— after _record_anchor(bdy=2, role=finish, cell=(90, 281), by=None) —

=== boundary_anchors (NOW) ===
b00 start  rc=(451, 547)  t=240.0  completed=True  world=(1490.0, -209.5)
b00 finish — <none>
b01 start  rc=(342, 552)  t=2520.0  completed=False  world=(1640.0, 3060.5)
b01 finish rc=(342, 552)  t=240.0  completed=True  world=(1640.0, 3060.5)
b02 start  — <none>
b02 finish rc=(90, 281)  t=2520.0  completed=False  world=(-6490.0, 10620.5)
b03 start  rc=(451, 300)  t=2160.0  completed=True  world=(-5920.0, -209.5)
b03 finish — <none>
b04 start  rc=(779, 300)  t=2400.0  completed=False  world=(-5920.0, -10049.5)
b04 finish rc=(779, 300)  t=1800.0  completed=True  world=(-5920.0, -10049.5)
b05 start  rc=(485, 509)  t=1800.0  completed=True  world=(350.0, -1229.5)
b05 finish rc=(485, 509)  t=2400.0  completed=False  world=(350.0, -1229.5)
=== end ===

— end dump —

[DEBUG] sector 1: start@bdy1 (342, 552)   finish@bdy2 (90, 281)
[GC#01] → sector 1  start (342, 552)  finish (90, 281)
  → selected [-12399.72904339  -2734.56849404] as drop point
Using multi-phase propagation with wind schedule.
DROP RAN
[DEBUG] AT#00  finished drop in sector 3 – notifying ground crews
  → selected [-12739.44579543  -1662.34510916] as drop point
Using multi-phase propagation with wind schedule.
DROP RAN
[DEBUG] AT#00  finished drop in sector 3 – notifying ground crews
Applied action {'FireHercAgent': (4,), 'GroundCrewAgent': (2, 3)} at t=2640 min
[forecast_provider] get_forecast() init   DT=120 min, TAPER_HR=8, ASSIM_HR=8
  SPEED_STD_MIN=1.0, SPEED_STD_MAX=5.0
  DIR_STD_MIN=20.0,   DIR_STD_MAX=60.0

[(2640, 2760, 1.26, 175.07), (2760, 2880, 5.58, 239.98), (2880, 3000, 1.28, 234.13)]

[ROS-MEAN] t=2640 min  (forecast-mean schedule)
  sector 1: ROS=    2.9  → weight=0.417
  sector 2: ROS=    2.8  → weight=0.409
  sector 3: ROS=    1.2  → weight=0.174
  crew order  → [1, 2, 3]
simulating in place
  → selected [3301.32885355 7973.55299102] as drop point
Using multi-phase propagation with wind schedule.
DROP RAN
[DEBUG] AT#00  finished drop in sector 1 – notifying ground crews
  → selected [2576.73707312 8172.02512545] as drop point
Using multi-phase propagation with wind schedule.
DROP RAN
[DEBUG] AT#00  finished drop in sector 1 – notifying ground crews
  → selected [4099.56595294 7881.09525665] as drop point
Using multi-phase propagation with wind schedule.
DROP RAN
[DEBUG] AT#00  finished drop in sector 1 – notifying ground crews
[START] GC#02 using ANCHOR (unspecified source) → start (779, 300) on boundary 4
Start:  (779, 300)
Finish:  (485, 509)
[GC#02] fire-line length 678 cells (4.7 min; full plan)

— after _mark_anchor_completed(bdy=4, role=start, by=None) —

=== boundary_anchors (NOW) ===
b00 start  rc=(451, 547)  t=240.0  completed=True  world=(1490.0, -209.5)
b00 finish — <none>
b01 start  rc=(342, 552)  t=2520.0  completed=False  world=(1640.0, 3060.5)
b01 finish rc=(342, 552)  t=240.0  completed=True  world=(1640.0, 3060.5)
b02 start  — <none>
b02 finish rc=(90, 281)  t=2520.0  completed=False  world=(-6490.0, 10620.5)
b03 start  rc=(451, 300)  t=2160.0  completed=True  world=(-5920.0, -209.5)
b03 finish — <none>
b04 start  rc=(779, 300)  t=2400.0  completed=True  world=(-5920.0, -10049.5)
b04 finish rc=(779, 300)  t=1800.0  completed=True  world=(-5920.0, -10049.5)
b05 start  rc=(485, 509)  t=1800.0  completed=True  world=(350.0, -1229.5)
b05 finish rc=(485, 509)  t=2400.0  completed=False  world=(350.0, -1229.5)
=== end ===

— end dump —


— after _mark_anchor_completed(bdy=5, role=finish, by=<groundcrew.GroundCrewAgent object at 0x0000021CE080B9D0>) —

=== boundary_anchors (NOW) ===
b00 start  rc=(451, 547)  t=240.0  completed=True  world=(1490.0, -209.5)
b00 finish — <none>
b01 start  rc=(342, 552)  t=2520.0  completed=False  world=(1640.0, 3060.5)
b01 finish rc=(342, 552)  t=240.0  completed=True  world=(1640.0, 3060.5)
b02 start  — <none>
b02 finish rc=(90, 281)  t=2520.0  completed=False  world=(-6490.0, 10620.5)
b03 start  rc=(451, 300)  t=2160.0  completed=True  world=(-5920.0, -209.5)
b03 finish — <none>
b04 start  rc=(779, 300)  t=2400.0  completed=True  world=(-5920.0, -10049.5)
b04 finish rc=(779, 300)  t=1800.0  completed=True  world=(-5920.0, -10049.5)
b05 start  rc=(485, 509)  t=1800.0  completed=True  world=(350.0, -1229.5)
b05 finish rc=(485, 509)  t=2400.0  completed=True  world=(350.0, -1229.5)
=== end ===

— end dump —

Using multi-phase propagation with wind schedule.
[GC#02] updated fire after clearing batch
Using multi-phase propagation with wind schedule.
[GC#02] updated fire after clearing batch
Using multi-phase propagation with wind schedule.
[GC#02] updated fire after clearing batch
Using multi-phase propagation with wind schedule.
[GC#02] updated fire after clearing batch
Using multi-phase propagation with wind schedule.
[GC#02] updated fire after clearing batch
Using multi-phase propagation with wind schedule.
[GC#02] updated fire after clearing batch
Sector contained  4

— after _mark_anchor_completed(bdy=4, role=start, by=None) —

=== boundary_anchors (NOW) ===
b00 start  rc=(451, 547)  t=240.0  completed=True  world=(1490.0, -209.5)
b00 finish — <none>
b01 start  rc=(342, 552)  t=2520.0  completed=False  world=(1640.0, 3060.5)
b01 finish rc=(342, 552)  t=240.0  completed=True  world=(1640.0, 3060.5)
b02 start  — <none>
b02 finish rc=(90, 281)  t=2520.0  completed=False  world=(-6490.0, 10620.5)
b03 start  rc=(451, 300)  t=2160.0  completed=True  world=(-5920.0, -209.5)
b03 finish — <none>
b04 start  rc=(779, 300)  t=2400.0  completed=True  world=(-5920.0, -10049.5)
b04 finish rc=(779, 300)  t=1800.0  completed=True  world=(-5920.0, -10049.5)
b05 start  rc=(485, 509)  t=1800.0  completed=True  world=(350.0, -1229.5)
b05 finish rc=(485, 509)  t=2400.0  completed=True  world=(350.0, -1229.5)
=== end ===

— end dump —


— after _mark_anchor_completed(bdy=5, role=finish, by=None) —

=== boundary_anchors (NOW) ===
b00 start  rc=(451, 547)  t=240.0  completed=True  world=(1490.0, -209.5)
b00 finish — <none>
b01 start  rc=(342, 552)  t=2520.0  completed=False  world=(1640.0, 3060.5)
b01 finish rc=(342, 552)  t=240.0  completed=True  world=(1640.0, 3060.5)
b02 start  — <none>
b02 finish rc=(90, 281)  t=2520.0  completed=False  world=(-6490.0, 10620.5)
b03 start  rc=(451, 300)  t=2160.0  completed=True  world=(-5920.0, -209.5)
b03 finish — <none>
b04 start  rc=(779, 300)  t=2400.0  completed=True  world=(-5920.0, -10049.5)
b04 finish rc=(779, 300)  t=1800.0  completed=True  world=(-5920.0, -10049.5)
b05 start  rc=(485, 509)  t=1800.0  completed=True  world=(350.0, -1229.5)
b05 finish rc=(485, 509)  t=2400.0  completed=True  world=(350.0, -1229.5)
=== end ===

— end dump —

[GC#02] Sector 4 contained → Standby
Applied action {'FireHercAgent': (2,), 'GroundCrewAgent': (2, 3)} at t=2760 min
[forecast_provider] get_forecast() init   DT=120 min, TAPER_HR=8, ASSIM_HR=8
  SPEED_STD_MIN=1.0, SPEED_STD_MAX=5.0
  DIR_STD_MIN=20.0,   DIR_STD_MAX=60.0

[(2760, 2880, 7.27, 228.95), (2880, 3000, 1.93, 227.36)]

[ROS-MEAN] t=2760 min  (forecast-mean schedule)
  sector 1: ROS=    6.3  → weight=0.434
  sector 2: ROS=    6.0  → weight=0.409
  sector 3: ROS=    2.3  → weight=0.156
  crew order  → [1, 2, 3]
simulating in place

— after _record_anchor(bdy=1, role=start, cell=(342, 552), by=None) —

=== boundary_anchors (NOW) ===
b00 start  rc=(451, 547)  t=240.0  completed=True  world=(1490.0, -209.5)
b00 finish — <none>
b01 start  rc=(342, 552)  t=2760.0  completed=False  world=(1640.0, 3060.5)
b01 finish rc=(342, 552)  t=240.0  completed=True  world=(1640.0, 3060.5)
b02 start  — <none>
b02 finish rc=(90, 281)  t=2520.0  completed=False  world=(-6490.0, 10620.5)
b03 start  rc=(451, 300)  t=2160.0  completed=True  world=(-5920.0, -209.5)
b03 finish — <none>
b04 start  rc=(779, 300)  t=2400.0  completed=True  world=(-5920.0, -10049.5)
b04 finish rc=(779, 300)  t=1800.0  completed=True  world=(-5920.0, -10049.5)
b05 start  rc=(485, 509)  t=1800.0  completed=True  world=(350.0, -1229.5)
b05 finish rc=(485, 509)  t=2400.0  completed=True  world=(350.0, -1229.5)
=== end ===

— end dump —


— after _record_anchor(bdy=2, role=finish, cell=(84, 277), by=None) —

=== boundary_anchors (NOW) ===
b00 start  rc=(451, 547)  t=240.0  completed=True  world=(1490.0, -209.5)
b00 finish — <none>
b01 start  rc=(342, 552)  t=2760.0  completed=False  world=(1640.0, 3060.5)
b01 finish rc=(342, 552)  t=240.0  completed=True  world=(1640.0, 3060.5)
b02 start  — <none>
b02 finish rc=(84, 277)  t=2760.0  completed=False  world=(-6610.0, 10800.5)
b03 start  rc=(451, 300)  t=2160.0  completed=True  world=(-5920.0, -209.5)
b03 finish — <none>
b04 start  rc=(779, 300)  t=2400.0  completed=True  world=(-5920.0, -10049.5)
b04 finish rc=(779, 300)  t=1800.0  completed=True  world=(-5920.0, -10049.5)
b05 start  rc=(485, 509)  t=1800.0  completed=True  world=(350.0, -1229.5)
b05 finish rc=(485, 509)  t=2400.0  completed=True  world=(350.0, -1229.5)
=== end ===

— end dump —

[DEBUG] sector 1: start@bdy1 (342, 552)   finish@bdy2 (84, 277)
[GC#02] → sector 1  start (342, 552)  finish (84, 277)
  → selected [1859.69710648 8381.52585315] as drop point
Using multi-phase propagation with wind schedule.
DROP RAN
[DEBUG] AT#00  finished drop in sector 1 – notifying ground crews
  → selected [-1076.58183856  8230.86124125] as drop point
Using multi-phase propagation with wind schedule.
DROP RAN
[DEBUG] AT#00  finished drop in sector 1 – notifying ground crews
  → selected [4307.96914402 8281.43406193] as drop point
Using multi-phase propagation with wind schedule.
DROP RAN
[DEBUG] AT#00  finished drop in sector 1 – notifying ground crews
Applied action {'FireHercAgent': (2,), 'GroundCrewAgent': (2, 3)} at t=2880 min
[SIM] Less than one full slice left – stopping.
[SIM] Finished at t=2880 min – final fire-score = 189032.00  final buildings-destroyed = 1237  final buildings-breakdown = {"11":1128,"12":33,"13":64,"21":12}
Simulation complete.
[0m