
⚑ background sched
 start  end    speed      dir
     0  120   30.000    5.000
   120  240   35.000   25.000
   240  360   40.000   25.000
   360  480   50.000   15.000
   480  600   30.000    2.500
   600  720   38.000    5.000
   720  840   28.000    0.000
   840  960   30.000    0.000
   960 1080   30.000    0.000
  1080 1200   28.000    2.500
  1200 1320   28.000    5.000
  1320 1440   30.000   15.000
  1440 1560   30.000    5.000
  1560 1680   30.000    7.500
  1680 1800   30.000   10.000
  1800 1920   30.000   10.000
  1920 2040   30.000   15.000
  2040 2160   17.500    5.000
  2160 2280   12.000    5.000
  2280 2400   12.000    5.000
  2400 2520   13.000    5.000
  2520 2640    7.000    0.000
  2640 2760    6.000    5.000
  2760 2880    6.000   10.000
  2880 3000    7.000   10.000
  3000 3000    1.000    0.000

⚑ hard σ truth schedule
 start  end    speed      dir
     0  120   30.000    5.000
   120  240   35.000   25.000
   240  360   40.000   25.000
   360  480   50.000   15.000
   480  600   30.000    2.500
   600  720   38.000    5.000
   720  840   28.000    0.000
   840  960   30.000    0.000
   960 1080   30.000    0.000
  1080 1200   28.000    2.500
  1200 1320   28.000    5.000
  1320 1440   30.000   15.000
  1440 1560   30.000    5.000
  1560 1680   30.000    7.500
  1680 1800   30.000   10.000
  1800 1920   30.000   10.000
  1920 2040   30.000   15.000
  2040 2160   17.500    5.000
  2160 2280   12.000    5.000
  2280 2400   12.000    5.000
  2400 2520   13.000    5.000
  2520 2640    7.000    0.000
  2640 2760    6.000    5.000
  2760 2880    6.000   10.000
  2880 3000    7.000   10.000
  3000 3000    1.000    0.000
RUN SEED: 3204768519
Starting TRUTH-burned-buildings ICS simulation (headless)…
Using multi-phase propagation with wind schedule.
WildfireModel: Bounds: BoundingBox(left=-14935.007954473422, bottom=-13304.5080370525, right=14944.992045526578, top=13335.4919629475)
Checking Mesa Space Dimensions: Width = 49880.0, Height = 46640.0
Buffered Bounds: BoundingBox(left=-24935.00795447342, bottom=-23304.5080370525, right=24944.99204552658, top=23335.4919629475)
Original CRS: EPSG:26910
Available bases: [(20000, 20000)]
Corrected position: (20000, 20000)
[GC#01] spawned at cell (444, 498) with walk_ticks=1
[GC#02] spawned at cell (444, 498) with walk_ticks=1
Using multi-phase propagation with wind schedule.
[PRECOMPUTE] Truth burned buildings per sector (final t=3000): [173, 3063, 2686, 755, 53, 14]  | total=6744
[ICS] open=[0, 1, 2, 3, 4, 5]  crew_order=[1, 2, 3, 0, 4, 5]  weights={0: 173.0, 1: 3063.0, 2: 2686.0, 3: 755.0, 4: 53.0, 5: 14.0}
simulating in place
no completed anchors found → making NEW dynamic START

— after _record_anchor(bdy=1, role=start, cell=(406, 527), by=None) —

=== boundary_anchors (NOW) ===
b00 start  — <none>
b00 finish — <none>
b01 start  rc=(406, 527)  t=240.0  completed=False  world=(890.0, 1140.5)
b01 finish — <none>
b02 start  — <none>
b02 finish — <none>
b03 start  — <none>
b03 finish — <none>
b04 start  — <none>
b04 finish — <none>
b05 start  — <none>
b05 finish — <none>
=== end ===

— end dump —


— after _record_anchor(bdy=2, role=finish, cell=(279, 412), by=None) —

=== boundary_anchors (NOW) ===
b00 start  — <none>
b00 finish — <none>
b01 start  rc=(406, 527)  t=240.0  completed=False  world=(890.0, 1140.5)
b01 finish — <none>
b02 start  — <none>
b02 finish rc=(279, 412)  t=240.0  completed=False  world=(-2560.0, 4950.5)
b03 start  — <none>
b03 finish — <none>
b04 start  — <none>
b04 finish — <none>
b05 start  — <none>
b05 finish — <none>
=== end ===

— end dump —

[DEBUG] sector 1: start@bdy1 (406, 527)   finish@bdy2 (279, 412)
[GC#01] → sector 1  start (406, 527)  finish (279, 412)
no completed anchors found → making NEW dynamic START

— after _record_anchor(bdy=2, role=start, cell=(381, 470), by=None) —

=== boundary_anchors (NOW) ===
b00 start  — <none>
b00 finish — <none>
b01 start  rc=(406, 527)  t=240.0  completed=False  world=(890.0, 1140.5)
b01 finish — <none>
b02 start  rc=(381, 470)  t=240.0  completed=False  world=(-820.0, 1890.5)
b02 finish rc=(279, 412)  t=240.0  completed=False  world=(-2560.0, 4950.5)
b03 start  — <none>
b03 finish — <none>
b04 start  — <none>
b04 finish — <none>
b05 start  — <none>
b05 finish — <none>
=== end ===

— end dump —


— after _record_anchor(bdy=3, role=finish, cell=(443, 351), by=None) —

=== boundary_anchors (NOW) ===
b00 start  — <none>
b00 finish — <none>
b01 start  rc=(406, 527)  t=240.0  completed=False  world=(890.0, 1140.5)
b01 finish — <none>
b02 start  rc=(381, 470)  t=240.0  completed=False  world=(-820.0, 1890.5)
b02 finish rc=(279, 412)  t=240.0  completed=False  world=(-2560.0, 4950.5)
b03 start  — <none>
b03 finish rc=(443, 351)  t=240.0  completed=False  world=(-4390.0, 30.5)
b04 start  — <none>
b04 finish — <none>
b05 start  — <none>
b05 finish — <none>
=== end ===

— end dump —

[DEBUG] sector 2: start@bdy2 (381, 470)   finish@bdy3 (443, 351)
recording from register first pair

— after _record_anchor(bdy=2, role=start, cell=(285, 415), by=None) —

=== boundary_anchors (NOW) ===
b00 start  — <none>
b00 finish — <none>
b01 start  — <none>
b01 finish — <none>
b02 start  rc=(285, 415)  t=240.0  completed=False  world=(-2470.0, 4770.5)
b02 finish — <none>
b03 start  — <none>
b03 finish — <none>
b04 start  — <none>
b04 finish — <none>
b05 start  — <none>
b05 finish — <none>
=== end ===

— end dump —

recording from register first pair

— after _record_anchor(bdy=1, role=finish, cell=(253, 616), by=None) —

=== boundary_anchors (NOW) ===
b00 start  — <none>
b00 finish — <none>
b01 start  — <none>
b01 finish rc=(253, 616)  t=240.0  completed=False  world=(3560.0, 5730.5)
b02 start  rc=(285, 415)  t=240.0  completed=False  world=(-2470.0, 4770.5)
b02 finish — <none>
b03 start  — <none>
b03 finish — <none>
b04 start  — <none>
b04 finish — <none>
b05 start  — <none>
b05 finish — <none>
=== end ===

— end dump —

[SYNC] GC#01 sect1 START b2 (285, 415)  FINISH b1 (253, 616)
recording from register first pair

— after _record_anchor(bdy=3, role=finish, cell=(443, 47), by=None) —

=== boundary_anchors (NOW) ===
b00 start  — <none>
b00 finish — <none>
b01 start  — <none>
b01 finish rc=(253, 616)  t=240.0  completed=False  world=(3560.0, 5730.5)
b02 start  rc=(285, 415)  t=240.0  completed=False  world=(-2470.0, 4770.5)
b02 finish — <none>
b03 start  — <none>
b03 finish rc=(443, 47)  t=240.0  completed=False  world=(-13510.0, 30.5)
b04 start  — <none>
b04 finish — <none>
b05 start  — <none>
b05 finish — <none>
=== end ===

— end dump —

[SYNC] GC#02 sect2 START b2 (285, 415)  FINISH b3 (443, 47)
[GC#02] → sector 2  start (285, 415)  finish (443, 47)
  → selected [-568.93869503  142.72934486] as drop point
Using multi-phase propagation with wind schedule.
DROP RAN
[DEBUG] AT#00  finished drop in sector 2 – notifying ground crews
Sector retarded
{2}
Applied action {'FireHercAgent': (3,), 'GroundCrewAgent': (2, 3)} at t=360 min
[ICS] open=[0, 1, 2, 3, 4, 5]  crew_order=[1, 2, 3, 0, 4, 5]  weights={0: 173.0, 1: 3063.0, 2: 2686.0, 3: 755.0, 4: 53.0, 5: 14.0}
simulating in place
  → selected [  65.99936422 1412.78928714] as drop point
Using multi-phase propagation with wind schedule.
DROP RAN
[DEBUG] AT#00  finished drop in sector 1 – notifying ground crews
[START] GC#02 using ANCHOR (unspecified source) → start (285, 415) on boundary 2
Start:  (285, 415)
Finish:  (443, 47)
[GC#02] fire-line length 881 cells (934.8 min; full plan)

— after _mark_anchor_completed(bdy=2, role=start, by=None) —

=== boundary_anchors (NOW) ===
b00 start  — <none>
b00 finish — <none>
b01 start  — <none>
b01 finish rc=(253, 616)  t=240.0  completed=False  world=(3560.0, 5730.5)
b02 start  rc=(285, 415)  t=240.0  completed=True  world=(-2470.0, 4770.5)
b02 finish — <none>
b03 start  — <none>
b03 finish rc=(443, 47)  t=240.0  completed=False  world=(-13510.0, 30.5)
b04 start  — <none>
b04 finish — <none>
b05 start  — <none>
b05 finish — <none>
=== end ===

— end dump —


— after _mark_anchor_completed(bdy=3, role=finish, by=<groundcrew.GroundCrewAgent object at 0x00000199CB1E2510>) —

=== boundary_anchors (NOW) ===
b00 start  — <none>
b00 finish — <none>
b01 start  — <none>
b01 finish rc=(253, 616)  t=240.0  completed=False  world=(3560.0, 5730.5)
b02 start  rc=(285, 415)  t=240.0  completed=True  world=(-2470.0, 4770.5)
b02 finish — <none>
b03 start  — <none>
b03 finish rc=(443, 47)  t=240.0  completed=True  world=(-13510.0, 30.5)
b04 start  — <none>
b04 finish — <none>
b05 start  — <none>
b05 finish — <none>
=== end ===

— end dump —

[START] GC#01 using ANCHOR (unspecified source) → start (285, 415) on boundary 2
Start:  (285, 415)
Finish:  (253, 616)
[GC#01] fire-line length 388 cells (889.8 min; full plan)

— after _mark_anchor_completed(bdy=2, role=start, by=None) —

=== boundary_anchors (NOW) ===
b00 start  — <none>
b00 finish — <none>
b01 start  — <none>
b01 finish rc=(253, 616)  t=240.0  completed=False  world=(3560.0, 5730.5)
b02 start  rc=(285, 415)  t=240.0  completed=True  world=(-2470.0, 4770.5)
b02 finish — <none>
b03 start  — <none>
b03 finish rc=(443, 47)  t=240.0  completed=True  world=(-13510.0, 30.5)
b04 start  — <none>
b04 finish — <none>
b05 start  — <none>
b05 finish — <none>
=== end ===

— end dump —


— after _mark_anchor_completed(bdy=1, role=finish, by=<groundcrew.GroundCrewAgent object at 0x00000199CB332410>) —

=== boundary_anchors (NOW) ===
b00 start  — <none>
b00 finish — <none>
b01 start  — <none>
b01 finish rc=(253, 616)  t=240.0  completed=True  world=(3560.0, 5730.5)
b02 start  rc=(285, 415)  t=240.0  completed=True  world=(-2470.0, 4770.5)
b02 finish — <none>
b03 start  — <none>
b03 finish rc=(443, 47)  t=240.0  completed=True  world=(-13510.0, 30.5)
b04 start  — <none>
b04 finish — <none>
b05 start  — <none>
b05 finish — <none>
=== end ===

— end dump —

  → selected [-385.91967538 1255.30554514] as drop point
FLUSHED
FLUSHED
Using multi-phase propagation with wind schedule.
DROP RAN
[DEBUG] AT#00  finished drop in sector 1 – notifying ground crews
[DEBUG] GC#01  attempting re-plan… remaining path = 388 cells
[DEBUG] GC#01 start@(285, 418)  raw_arr=inf  now=433.0  mtt=nan  within_buffer=False
[START] GC#01 using NEW (buffered by planner) → start (285, 418) on boundary 2
Start:  (285, 418)
Finish:  (253, 616)
[GC#01] fire-line length 389 cells (844.2 min; full plan)
[DEBUG] GC#01  new path accepted (length 389, ETA 844.2 min)
  → selected [ 348.59069229 1565.36530074] as drop point
FLUSHED
FLUSHED
Using multi-phase propagation with wind schedule.
DROP RAN
[DEBUG] AT#00  finished drop in sector 1 – notifying ground crews
[DEBUG] GC#01  attempting re-plan… remaining path = 389 cells
[DEBUG] GC#01 start@(283, 430)  raw_arr=inf  now=479.0  mtt=nan  within_buffer=False
[START] GC#01 using NEW (buffered by planner) → start (283, 430) on boundary 2
Start:  (283, 430)
Finish:  (253, 616)
[GC#01] fire-line length 369 cells (765.7 min; full plan)
[DEBUG] GC#01  new path accepted (length 369, ETA 765.7 min)
Applied action {'FireHercAgent': (2,), 'GroundCrewAgent': (2, 3)} at t=480 min
[ICS] open=[0, 1, 2, 3, 4, 5]  crew_order=[1, 2, 3, 0, 4, 5]  weights={0: 173.0, 1: 3063.0, 2: 2686.0, 3: 755.0, 4: 53.0, 5: 14.0}
simulating in place
  → selected [-319.03363507 2476.71135898] as drop point
FLUSHED
FLUSHED
Using multi-phase propagation with wind schedule.
DROP RAN
[DEBUG] AT#00  finished drop in sector 1 – notifying ground crews
[DEBUG] GC#01  attempting re-plan… remaining path = 369 cells
[DEBUG] GC#01 start@(282, 437)  raw_arr=inf  now=524.0  mtt=nan  within_buffer=False
[START] GC#01 using NEW (buffered by planner) → start (282, 437) on boundary 2
Start:  (282, 437)
Finish:  (253, 616)
[GC#01] fire-line length 361 cells (705.9 min; full plan)
[DEBUG] GC#01  new path accepted (length 361, ETA 705.9 min)
  → selected [ 114.58633958 2525.61397944] as drop point
FLUSHED
FLUSHED
Using multi-phase propagation with wind schedule.
DROP RAN
[DEBUG] AT#00  finished drop in sector 1 – notifying ground crews
[DEBUG] GC#01  attempting re-plan… remaining path = 361 cells
[DEBUG] GC#01 start@(281, 443)  raw_arr=inf  now=570.0  mtt=nan  within_buffer=False
[START] GC#01 using NEW (buffered by planner) → start (281, 443) on boundary 2
Start:  (281, 443)
Finish:  (253, 616)
[GC#01] fire-line length 354 cells (650.9 min; full plan)
[DEBUG] GC#01  new path accepted (length 354, ETA 650.9 min)
Applied action {'FireHercAgent': (2,), 'GroundCrewAgent': (2, 3)} at t=600 min
[ICS] open=[0, 1, 2, 3, 4, 5]  crew_order=[1, 2, 3, 0, 4, 5]  weights={0: 173.0, 1: 3063.0, 2: 2686.0, 3: 755.0, 4: 53.0, 5: 14.0}
simulating in place
  → selected [-1452.38457831   774.15421356] as drop point
FLUSHED
FLUSHED
Using multi-phase propagation with wind schedule.
DROP RAN
[DEBUG] AT#00  finished drop in sector 2 – notifying ground crews
[DEBUG] GC#02  attempting re-plan… remaining path = 881 cells
[DEBUG] GC#02 start@(275, 391)  raw_arr=inf  now=616.0  mtt=nan  within_buffer=False
[START] GC#02 using NEW (buffered by planner) → start (275, 391) on boundary 2
Start:  (275, 391)
Finish:  (443, 47)
[GC#02] fire-line length 847 cells (703.8 min; full plan)
[DEBUG] GC#02  new path accepted (length 847, ETA 703.8 min)
Using multi-phase propagation with wind schedule.
[GC#02] updated fire after clearing batch
  → selected [-1901.62252826  2096.19665559] as drop point
FLUSHED
FLUSHED
Using multi-phase propagation with wind schedule.
DROP RAN
[DEBUG] AT#00  finished drop in sector 2 – notifying ground crews
[DEBUG] GC#02  attempting re-plan… remaining path = 847 cells
[DEBUG] GC#02 start@(277, 367)  raw_arr=inf  now=663.0  mtt=nan  within_buffer=False
[START] GC#02 using NEW (buffered by planner) → start (277, 367) on boundary 2
Start:  (277, 367)
Finish:  (443, 47)
[GC#02] fire-line length 821 cells (633.4 min; full plan)
[DEBUG] GC#02  new path accepted (length 821, ETA 633.4 min)
Using multi-phase propagation with wind schedule.
[GC#02] updated fire after clearing batch
Using multi-phase propagation with wind schedule.
[GC#02] updated fire after clearing batch
  → selected [-2380.22573348  3759.53390894] as drop point
FLUSHED
FLUSHED
Using multi-phase propagation with wind schedule.
DROP RAN
[DEBUG] AT#00  finished drop in sector 2 – notifying ground crews
[DEBUG] GC#02  attempting re-plan… remaining path = 821 cells
[DEBUG] GC#02 start@(245, 348)  raw_arr=inf  now=709.0  mtt=nan  within_buffer=False
[START] GC#02 using NEW (buffered by planner) → start (245, 348) on boundary 2
Start:  (245, 348)
Finish:  (443, 47)
[GC#02] fire-line length 762 cells (553.4 min; full plan)
[DEBUG] GC#02  new path accepted (length 762, ETA 553.4 min)
Using multi-phase propagation with wind schedule.
[GC#02] updated fire after clearing batch
Using multi-phase propagation with wind schedule.
[GC#02] updated fire after clearing batch
Applied action {'FireHercAgent': (3,), 'GroundCrewAgent': (2, 3)} at t=720 min
[ICS] open=[0, 1, 2, 3, 4, 5]  crew_order=[1, 2, 3, 0, 4, 5]  weights={0: 173.0, 1: 3063.0, 2: 2686.0, 3: 755.0, 4: 53.0, 5: 14.0}
simulating in place
Using multi-phase propagation with wind schedule.
[GC#02] updated fire after clearing batch
Using multi-phase propagation with wind schedule.
[GC#02] updated fire after clearing batch
  → selected [-2345.04175925 -3047.13171847] as drop point
FLUSHED
FLUSHED
Using multi-phase propagation with wind schedule.
DROP RAN
[DEBUG] AT#00  finished drop in sector 3 – notifying ground crews
Using multi-phase propagation with wind schedule.
[GC#01] updated fire after clearing batch
Using multi-phase propagation with wind schedule.
[GC#01] updated fire after clearing batch
  → selected [-2139.20020587 -3350.21568863] as drop point
FLUSHED
FLUSHED
Using multi-phase propagation with wind schedule.
DROP RAN
[DEBUG] AT#00  finished drop in sector 3 – notifying ground crews
Using multi-phase propagation with wind schedule.
[GC#01] updated fire after clearing batch
Using multi-phase propagation with wind schedule.
[GC#02] updated fire after clearing batch
Using multi-phase propagation with wind schedule.
[GC#02] updated fire after clearing batch
Using multi-phase propagation with wind schedule.
[GC#02] updated fire after clearing batch
Applied action {'FireHercAgent': (4,), 'GroundCrewAgent': (2, 3)} at t=840 min
[ICS] open=[0, 1, 2, 3, 4, 5]  crew_order=[1, 2, 3, 0, 4, 5]  weights={0: 173.0, 1: 3063.0, 2: 2686.0, 3: 755.0, 4: 53.0, 5: 14.0}
simulating in place
Using multi-phase propagation with wind schedule.
[GC#02] updated fire after clearing batch
  → selected [-4265.11286231  1784.22732853] as drop point
FLUSHED
FLUSHED
Using multi-phase propagation with wind schedule.
DROP RAN
[DEBUG] AT#00  finished drop in sector 2 – notifying ground crews
[DEBUG] GC#02  attempting re-plan… remaining path = 762 cells
[DEBUG] GC#02 start@(169, 214)  raw_arr=inf  now=847.0  mtt=nan  within_buffer=False
[START] GC#02 using NEW (buffered by planner) → start (169, 214) on boundary 2
Start:  (169, 214)
Finish:  (443, 47)
[GC#02] fire-line length 534 cells (409.1 min; full plan)
[DEBUG] GC#02  new path accepted (length 534, ETA 409.1 min)
Using multi-phase propagation with wind schedule.
[GC#01] updated fire after clearing batch
Using multi-phase propagation with wind schedule.
[GC#02] updated fire after clearing batch
  → selected [-4492.25577507  2880.55480493] as drop point
FLUSHED
FLUSHED
Using multi-phase propagation with wind schedule.
DROP RAN
[DEBUG] AT#00  finished drop in sector 2 – notifying ground crews
[DEBUG] GC#02  attempting re-plan… remaining path = 534 cells
[DEBUG] GC#02 start@(167, 181)  raw_arr=inf  now=894.0  mtt=nan  within_buffer=False
[START] GC#02 using NEW (buffered by planner) → start (167, 181) on boundary 2
Start:  (167, 181)
Finish:  (443, 47)
[GC#02] fire-line length 487 cells (360.3 min; full plan)
[DEBUG] GC#02  new path accepted (length 487, ETA 360.3 min)
Using multi-phase propagation with wind schedule.
[GC#02] updated fire after clearing batch
Using multi-phase propagation with wind schedule.
[GC#02] updated fire after clearing batch
  → selected [-5011.68100047  1597.24289855] as drop point
FLUSHED
FLUSHED
Using multi-phase propagation with wind schedule.
DROP RAN
[DEBUG] AT#00  finished drop in sector 2 – notifying ground crews
[DEBUG] GC#02  attempting re-plan… remaining path = 487 cells
[DEBUG] GC#02 start@(158, 135)  raw_arr=inf  now=939.0  mtt=nan  within_buffer=False
[START] GC#02 using NEW (buffered by planner) → start (158, 135) on boundary 2
Start:  (158, 135)
Finish:  (443, 47)
[GC#02] fire-line length 428 cells (308.5 min; full plan)
[DEBUG] GC#02  new path accepted (length 428, ETA 308.5 min)
Applied action {'FireHercAgent': (3,), 'GroundCrewAgent': (2, 3)} at t=960 min
[ICS] open=[0, 1, 2, 3, 4, 5]  crew_order=[1, 2, 3, 0, 4, 5]  weights={0: 173.0, 1: 3063.0, 2: 2686.0, 3: 755.0, 4: 53.0, 5: 14.0}
simulating in place
Using multi-phase propagation with wind schedule.
[GC#02] updated fire after clearing batch
  → selected [-1102.95964913  5013.13909369] as drop point
FLUSHED
FLUSHED
Using multi-phase propagation with wind schedule.
DROP RAN
[DEBUG] AT#00  finished drop in sector 1 – notifying ground crews
[DEBUG] GC#01  attempting re-plan… remaining path = 354 cells
[DEBUG] GC#01 start@(325, 571)  raw_arr=inf  now=993.0  mtt=nan  within_buffer=False
[START] GC#01 using NEW (buffered by planner) → start (325, 571) on boundary 2
Start:  (325, 571)
Finish:  (253, 616)
[GC#01] fire-line length 172 cells (218.4 min; full plan)
[DEBUG] GC#01  new path accepted (length 172, ETA 218.4 min)
Using multi-phase propagation with wind schedule.
[GC#02] updated fire after clearing batch
Using multi-phase propagation with wind schedule.
[GC#01] updated fire after clearing batch
Using multi-phase propagation with wind schedule.
[GC#02] updated fire after clearing batch
  → [-639.91629023 4914.05710663] already burned – skipping
Sector retarded
{1, 2}
Using multi-phase propagation with wind schedule.
[GC#01] updated fire after clearing batch
Using multi-phase propagation with wind schedule.
[GC#01] updated fire after clearing batch
Using multi-phase propagation with wind schedule.
[GC#02] updated fire after clearing batch
Applied action {'FireHercAgent': (2,), 'GroundCrewAgent': (2, 3)} at t=1080 min
[ICS] open=[0, 1, 2, 3, 4, 5]  crew_order=[1, 2, 3, 0, 4, 5]  weights={0: 173.0, 1: 3063.0, 2: 2686.0, 3: 755.0, 4: 53.0, 5: 14.0}
simulating in place
  → selected [-3390.32765634 -1751.99959993] as drop point
FLUSHED
FLUSHED
Using multi-phase propagation with wind schedule.
DROP RAN
[DEBUG] AT#00  finished drop in sector 3 – notifying ground crews
Using multi-phase propagation with wind schedule.
[GC#02] updated fire after clearing batch
  → selected [-3240.52136634 -2052.12811281] as drop point
FLUSHED
FLUSHED
Using multi-phase propagation with wind schedule.
DROP RAN
[DEBUG] AT#00  finished drop in sector 3 – notifying ground crews
Using multi-phase propagation with wind schedule.
[GC#01] updated fire after clearing batch
Using multi-phase propagation with wind schedule.
[GC#02] updated fire after clearing batch
Using multi-phase propagation with wind schedule.
[GC#01] updated fire after clearing batch
  → selected [-3103.67604155 -2369.87295694] as drop point
FLUSHED
FLUSHED
Using multi-phase propagation with wind schedule.
DROP RAN
[DEBUG] AT#00  finished drop in sector 3 – notifying ground crews
Applied action {'FireHercAgent': (4,), 'GroundCrewAgent': (2, 3)} at t=1200 min
[ICS] open=[0, 1, 2, 3, 4, 5]  crew_order=[1, 2, 3, 0, 4, 5]  weights={0: 173.0, 1: 3063.0, 2: 2686.0, 3: 755.0, 4: 53.0, 5: 14.0}
simulating in place
Using multi-phase propagation with wind schedule.
[GC#02] updated fire after clearing batch
Using multi-phase propagation with wind schedule.
[GC#02] updated fire after clearing batch
Using multi-phase propagation with wind schedule.
[GC#01] updated fire after clearing batch
Sector contained  1

— after _mark_anchor_completed(bdy=2, role=start, by=None) —

=== boundary_anchors (NOW) ===
b00 start  — <none>
b00 finish — <none>
b01 start  — <none>
b01 finish rc=(253, 616)  t=240.0  completed=True  world=(3560.0, 5730.5)
b02 start  rc=(285, 415)  t=240.0  completed=True  world=(-2470.0, 4770.5)
b02 finish — <none>
b03 start  — <none>
b03 finish rc=(443, 47)  t=240.0  completed=True  world=(-13510.0, 30.5)
b04 start  — <none>
b04 finish — <none>
b05 start  — <none>
b05 finish — <none>
=== end ===

— end dump —


— after _mark_anchor_completed(bdy=1, role=finish, by=None) —

=== boundary_anchors (NOW) ===
b00 start  — <none>
b00 finish — <none>
b01 start  — <none>
b01 finish rc=(253, 616)  t=240.0  completed=True  world=(3560.0, 5730.5)
b02 start  rc=(285, 415)  t=240.0  completed=True  world=(-2470.0, 4770.5)
b02 finish — <none>
b03 start  — <none>
b03 finish rc=(443, 47)  t=240.0  completed=True  world=(-13510.0, 30.5)
b04 start  — <none>
b04 finish — <none>
b05 start  — <none>
b05 finish — <none>
=== end ===

— end dump —

[GC#01] Sector 1 contained → Standby
Using multi-phase propagation with wind schedule.
[GC#02] updated fire after clearing batch
Using multi-phase propagation with wind schedule.
[GC#02] updated fire after clearing batch
  → selected [-5822.72945343  1307.46671464] as drop point
FLUSHED
Using multi-phase propagation with wind schedule.
DROP RAN
[DEBUG] AT#00  finished drop in sector 2 – notifying ground crews
[DEBUG] GC#02  attempting re-plan… remaining path = 428 cells
[DEBUG] GC#02 start@(356, 31)  raw_arr=inf  now=1226.0  mtt=nan  within_buffer=False
[START] GC#02 using NEW (buffered by planner) → start (356, 31) on boundary 2
Start:  (356, 31)
Finish:  (443, 47)
[GC#02] fire-line length 116 cells (18.8 min; full plan)
[DEBUG] GC#02  new path accepted (length 116, ETA 18.8 min)
Using multi-phase propagation with wind schedule.
[GC#02] updated fire after clearing batch
Using multi-phase propagation with wind schedule.
[GC#02] updated fire after clearing batch
Using multi-phase propagation with wind schedule.
[GC#02] updated fire after clearing batch
Using multi-phase propagation with wind schedule.
[GC#02] updated fire after clearing batch
Using multi-phase propagation with wind schedule.
[GC#02] updated fire after clearing batch
Sector contained  2

— after _mark_anchor_completed(bdy=2, role=start, by=None) —

=== boundary_anchors (NOW) ===
b00 start  — <none>
b00 finish — <none>
b01 start  — <none>
b01 finish rc=(253, 616)  t=240.0  completed=True  world=(3560.0, 5730.5)
b02 start  rc=(285, 415)  t=240.0  completed=True  world=(-2470.0, 4770.5)
b02 finish — <none>
b03 start  — <none>
b03 finish rc=(443, 47)  t=240.0  completed=True  world=(-13510.0, 30.5)
b04 start  — <none>
b04 finish — <none>
b05 start  — <none>
b05 finish — <none>
=== end ===

— end dump —


— after _mark_anchor_completed(bdy=3, role=finish, by=None) —

=== boundary_anchors (NOW) ===
b00 start  — <none>
b00 finish — <none>
b01 start  — <none>
b01 finish rc=(253, 616)  t=240.0  completed=True  world=(3560.0, 5730.5)
b02 start  rc=(285, 415)  t=240.0  completed=True  world=(-2470.0, 4770.5)
b02 finish — <none>
b03 start  — <none>
b03 finish rc=(443, 47)  t=240.0  completed=True  world=(-13510.0, 30.5)
b04 start  — <none>
b04 finish — <none>
b05 start  — <none>
b05 finish — <none>
=== end ===

— end dump —

[GC#02] Sector 2 contained → Standby
  → selected [-5312.71008662   247.66785214] as drop point
Using multi-phase propagation with wind schedule.
DROP RAN
[DEBUG] AT#00  finished drop in sector 2 – notifying ground crews
  → selected [-5741.79054831   772.07024452] as drop point
Using multi-phase propagation with wind schedule.
DROP RAN
[DEBUG] AT#00  finished drop in sector 2 – notifying ground crews
Applied action {'FireHercAgent': (3,), 'GroundCrewAgent': (2, 3)} at t=1320 min
[ICS] open=[0, 3, 4, 5]  crew_order=[3, 0, 4, 5]  weights={0: 173.0, 3: 755.0, 4: 53.0, 5: 14.0}
simulating in place

— after _record_anchor(bdy=3, role=start, cell=(443, 47), by=None) —

=== boundary_anchors (NOW) ===
b00 start  — <none>
b00 finish — <none>
b01 start  — <none>
b01 finish rc=(253, 616)  t=240.0  completed=True  world=(3560.0, 5730.5)
b02 start  rc=(285, 415)  t=240.0  completed=True  world=(-2470.0, 4770.5)
b02 finish — <none>
b03 start  rc=(443, 47)  t=1320.0  completed=False  world=(-13510.0, 30.5)
b03 finish rc=(443, 47)  t=240.0  completed=True  world=(-13510.0, 30.5)
b04 start  — <none>
b04 finish — <none>
b05 start  — <none>
b05 finish — <none>
=== end ===

— end dump —


— after _record_anchor(bdy=4, role=finish, cell=(710, 352), by=None) —

=== boundary_anchors (NOW) ===
b00 start  — <none>
b00 finish — <none>
b01 start  — <none>
b01 finish rc=(253, 616)  t=240.0  completed=True  world=(3560.0, 5730.5)
b02 start  rc=(285, 415)  t=240.0  completed=True  world=(-2470.0, 4770.5)
b02 finish — <none>
b03 start  rc=(443, 47)  t=1320.0  completed=False  world=(-13510.0, 30.5)
b03 finish rc=(443, 47)  t=240.0  completed=True  world=(-13510.0, 30.5)
b04 start  — <none>
b04 finish rc=(710, 352)  t=1320.0  completed=False  world=(-4360.0, -7979.5)
b05 start  — <none>
b05 finish — <none>
=== end ===

— end dump —

[DEBUG] sector 3: start@bdy3 (443, 47)   finish@bdy4 (710, 352)
[GC#01] → sector 3  start (443, 47)  finish (710, 352)

— after _record_anchor(bdy=1, role=start, cell=(253, 616), by=None) —

=== boundary_anchors (NOW) ===
b00 start  — <none>
b00 finish — <none>
b01 start  rc=(253, 616)  t=1320.0  completed=False  world=(3560.0, 5730.5)
b01 finish rc=(253, 616)  t=240.0  completed=True  world=(3560.0, 5730.5)
b02 start  rc=(285, 415)  t=240.0  completed=True  world=(-2470.0, 4770.5)
b02 finish — <none>
b03 start  rc=(443, 47)  t=1320.0  completed=False  world=(-13510.0, 30.5)
b03 finish rc=(443, 47)  t=240.0  completed=True  world=(-13510.0, 30.5)
b04 start  — <none>
b04 finish rc=(710, 352)  t=1320.0  completed=False  world=(-4360.0, -7979.5)
b05 start  — <none>
b05 finish — <none>
=== end ===

— end dump —


— after _record_anchor(bdy=0, role=finish, cell=(443, 795), by=None) —

=== boundary_anchors (NOW) ===
b00 start  — <none>
b00 finish rc=(443, 795)  t=1320.0  completed=False  world=(8930.0, 30.5)
b01 start  rc=(253, 616)  t=1320.0  completed=False  world=(3560.0, 5730.5)
b01 finish rc=(253, 616)  t=240.0  completed=True  world=(3560.0, 5730.5)
b02 start  rc=(285, 415)  t=240.0  completed=True  world=(-2470.0, 4770.5)
b02 finish — <none>
b03 start  rc=(443, 47)  t=1320.0  completed=False  world=(-13510.0, 30.5)
b03 finish rc=(443, 47)  t=240.0  completed=True  world=(-13510.0, 30.5)
b04 start  — <none>
b04 finish rc=(710, 352)  t=1320.0  completed=False  world=(-4360.0, -7979.5)
b05 start  — <none>
b05 finish — <none>
=== end ===

— end dump —

[DEBUG] sector 0: start@bdy1 (253, 616)   finish@bdy0 (443, 795)
[GC#02] → sector 0  start (253, 616)  finish (443, 795)
  → selected [-6157.91794814  -795.87053012] as drop point
Using multi-phase propagation with wind schedule.
DROP RAN
[DEBUG] AT#00  finished drop in sector 3 – notifying ground crews
  → selected [-7521.98102649  -975.45284126] as drop point
Using multi-phase propagation with wind schedule.
DROP RAN
[DEBUG] AT#00  finished drop in sector 3 – notifying ground crews
Applied action {'FireHercAgent': (4,), 'GroundCrewAgent': (4, 1)} at t=1440 min
[ICS] open=[0, 3, 4, 5]  crew_order=[3, 0, 4, 5]  weights={0: 173.0, 3: 755.0, 4: 53.0, 5: 14.0}
simulating in place
  → selected [-8340.03753742 -1083.15202409] as drop point
Using multi-phase propagation with wind schedule.
DROP RAN
[DEBUG] AT#00  finished drop in sector 3 – notifying ground crews
  → selected [-8782.54281676  -368.18009498] as drop point
Using multi-phase propagation with wind schedule.
DROP RAN
[DEBUG] AT#00  finished drop in sector 3 – notifying ground crews
  → selected [-8283.20919684 -1821.9580154 ] as drop point
Using multi-phase propagation with wind schedule.
DROP RAN
[DEBUG] AT#00  finished drop in sector 3 – notifying ground crews
Applied action {'FireHercAgent': (4,), 'GroundCrewAgent': (4, 1)} at t=1560 min
[ICS] open=[0, 3, 4, 5]  crew_order=[3, 0, 4, 5]  weights={0: 173.0, 3: 755.0, 4: 53.0, 5: 14.0}
simulating in place
  → selected [-6692.97616219 -4251.58439002] as drop point
Using multi-phase propagation with wind schedule.
DROP RAN
[DEBUG] AT#00  finished drop in sector 3 – notifying ground crews
  → selected [-7197.90827045 -4573.26161992] as drop point
Using multi-phase propagation with wind schedule.
DROP RAN
[DEBUG] AT#00  finished drop in sector 3 – notifying ground crews
Applied action {'FireHercAgent': (4,), 'GroundCrewAgent': (4, 1)} at t=1680 min
[ICS] open=[0, 3, 4, 5]  crew_order=[3, 0, 4, 5]  weights={0: 173.0, 3: 755.0, 4: 53.0, 5: 14.0}
simulating in place
  → selected [-6203.58960305 -5673.62494808] as drop point
Using multi-phase propagation with wind schedule.
DROP RAN
[DEBUG] AT#00  finished drop in sector 3 – notifying ground crews
  → selected [-5706.98214563 -6218.03402975] as drop point
Using multi-phase propagation with wind schedule.
DROP RAN
[DEBUG] AT#00  finished drop in sector 3 – notifying ground crews
  → selected [-6876.59804349 -5264.93783256] as drop point
Using multi-phase propagation with wind schedule.
DROP RAN
[DEBUG] AT#00  finished drop in sector 3 – notifying ground crews
Applied action {'FireHercAgent': (4,), 'GroundCrewAgent': (4, 1)} at t=1800 min
[ICS] open=[0, 3, 4, 5]  crew_order=[3, 0, 4, 5]  weights={0: 173.0, 3: 755.0, 4: 53.0, 5: 14.0}
simulating in place
  → selected [-6010.15073471 -6548.88448827] as drop point
Using multi-phase propagation with wind schedule.
DROP RAN
[DEBUG] AT#00  finished drop in sector 3 – notifying ground crews
[START] GC#02 using ANCHOR (unspecified source) → start (253, 616) on boundary 1
Start:  (253, 616)
Finish:  (443, 795)
[GC#02] fire-line length 464 cells (1390.2 min; full plan)

— after _mark_anchor_completed(bdy=1, role=start, by=None) —

=== boundary_anchors (NOW) ===
b00 start  — <none>
b00 finish rc=(443, 795)  t=1320.0  completed=False  world=(8930.0, 30.5)
b01 start  rc=(253, 616)  t=1320.0  completed=True  world=(3560.0, 5730.5)
b01 finish rc=(253, 616)  t=240.0  completed=True  world=(3560.0, 5730.5)
b02 start  rc=(285, 415)  t=240.0  completed=True  world=(-2470.0, 4770.5)
b02 finish — <none>
b03 start  rc=(443, 47)  t=1320.0  completed=False  world=(-13510.0, 30.5)
b03 finish rc=(443, 47)  t=240.0  completed=True  world=(-13510.0, 30.5)
b04 start  — <none>
b04 finish rc=(710, 352)  t=1320.0  completed=False  world=(-4360.0, -7979.5)
b05 start  — <none>
b05 finish — <none>
=== end ===

— end dump —


— after _mark_anchor_completed(bdy=0, role=finish, by=<groundcrew.GroundCrewAgent object at 0x00000199CB1E2510>) —

=== boundary_anchors (NOW) ===
b00 start  — <none>
b00 finish rc=(443, 795)  t=1320.0  completed=True  world=(8930.0, 30.5)
b01 start  rc=(253, 616)  t=1320.0  completed=True  world=(3560.0, 5730.5)
b01 finish rc=(253, 616)  t=240.0  completed=True  world=(3560.0, 5730.5)
b02 start  rc=(285, 415)  t=240.0  completed=True  world=(-2470.0, 4770.5)
b02 finish — <none>
b03 start  rc=(443, 47)  t=1320.0  completed=False  world=(-13510.0, 30.5)
b03 finish rc=(443, 47)  t=240.0  completed=True  world=(-13510.0, 30.5)
b04 start  — <none>
b04 finish rc=(710, 352)  t=1320.0  completed=False  world=(-4360.0, -7979.5)
b05 start  — <none>
b05 finish — <none>
=== end ===

— end dump —

[START] GC#01 using ANCHOR (unspecified source) → start (443, 47) on boundary 3
Start:  (443, 47)
Finish:  (710, 352)
[GC#01] WARNING: fire intercept at (710, 351) (burn_pen>0) – truncating path at idx 594.
[GC#01] fire-line length 595 cells (188.4 min; ABORTED EARLY)

— after _mark_anchor_completed(bdy=3, role=start, by=None) —

=== boundary_anchors (NOW) ===
b00 start  — <none>
b00 finish rc=(443, 795)  t=1320.0  completed=True  world=(8930.0, 30.5)
b01 start  rc=(253, 616)  t=1320.0  completed=True  world=(3560.0, 5730.5)
b01 finish rc=(253, 616)  t=240.0  completed=True  world=(3560.0, 5730.5)
b02 start  rc=(285, 415)  t=240.0  completed=True  world=(-2470.0, 4770.5)
b02 finish — <none>
b03 start  rc=(443, 47)  t=1320.0  completed=True  world=(-13510.0, 30.5)
b03 finish rc=(443, 47)  t=240.0  completed=True  world=(-13510.0, 30.5)
b04 start  — <none>
b04 finish rc=(710, 352)  t=1320.0  completed=False  world=(-4360.0, -7979.5)
b05 start  — <none>
b05 finish — <none>
=== end ===

— end dump —


— after _mark_anchor_completed(bdy=4, role=finish, by=<groundcrew.GroundCrewAgent object at 0x00000199CB332410>) —

=== boundary_anchors (NOW) ===
b00 start  — <none>
b00 finish rc=(443, 795)  t=1320.0  completed=True  world=(8930.0, 30.5)
b01 start  rc=(253, 616)  t=1320.0  completed=True  world=(3560.0, 5730.5)
b01 finish rc=(253, 616)  t=240.0  completed=True  world=(3560.0, 5730.5)
b02 start  rc=(285, 415)  t=240.0  completed=True  world=(-2470.0, 4770.5)
b02 finish — <none>
b03 start  rc=(443, 47)  t=1320.0  completed=True  world=(-13510.0, 30.5)
b03 finish rc=(443, 47)  t=240.0  completed=True  world=(-13510.0, 30.5)
b04 start  — <none>
b04 finish rc=(710, 352)  t=1320.0  completed=True  world=(-4360.0, -7979.5)
b05 start  — <none>
b05 finish — <none>
=== end ===

— end dump —


— after _mark_anchor_uncompleted(bdy=4, role=finish, by=<groundcrew.GroundCrewAgent object at 0x00000199CB332410>) —

=== boundary_anchors (NOW) ===
b00 start  — <none>
b00 finish rc=(443, 795)  t=1320.0  completed=True  world=(8930.0, 30.5)
b01 start  rc=(253, 616)  t=1320.0  completed=True  world=(3560.0, 5730.5)
b01 finish rc=(253, 616)  t=240.0  completed=True  world=(3560.0, 5730.5)
b02 start  rc=(285, 415)  t=240.0  completed=True  world=(-2470.0, 4770.5)
b02 finish — <none>
b03 start  rc=(443, 47)  t=1320.0  completed=True  world=(-13510.0, 30.5)
b03 finish rc=(443, 47)  t=240.0  completed=True  world=(-13510.0, 30.5)
b04 start  — <none>
b04 finish rc=(710, 352)  t=1320.0  completed=False  world=(-4360.0, -7979.5)
b05 start  — <none>
b05 finish — <none>
=== end ===

— end dump —

  → selected [-6724.20904227 -6150.68477004] as drop point
FLUSHED
FLUSHED
Using multi-phase propagation with wind schedule.
DROP RAN
[DEBUG] AT#00  finished drop in sector 3 – notifying ground crews
[DEBUG] GC#01  attempting re-plan… remaining path = 595 cells
[DEBUG] GC#01 start@(450, 45)  raw_arr=inf  now=1890.0  mtt=nan  within_buffer=False
[START] GC#01 using NEW (buffered by planner) → start (450, 45) on boundary 3
Start:  (450, 45)
Finish:  (710, 352)
[GC#01] WARNING: fire intercept at (710, 351) (burn_pen>0) – truncating path at idx 585.
[GC#01] fire-line length 586 cells (183.7 min; ABORTED EARLY)
[DEBUG] GC#01  new path accepted (length 586, ETA 183.7 min)
Using multi-phase propagation with wind schedule.
[GC#01] updated fire after clearing batch
Using multi-phase propagation with wind schedule.
[GC#01] updated fire after clearing batch
Using multi-phase propagation with wind schedule.
[GC#01] updated fire after clearing batch
Using multi-phase propagation with wind schedule.
[GC#01] updated fire after clearing batch
Applied action {'FireHercAgent': (4,), 'GroundCrewAgent': (4, 1)} at t=1920 min
[ICS] open=[0, 3, 4, 5]  crew_order=[3, 0, 4, 5]  weights={0: 173.0, 3: 755.0, 4: 53.0, 5: 14.0}
simulating in place
  → selected [-11611.06607185   -491.67608734] as drop point
FLUSHED
FLUSHED
Using multi-phase propagation with wind schedule.
DROP RAN
[DEBUG] AT#00  finished drop in sector 3 – notifying ground crews
[DEBUG] GC#01  attempting re-plan… remaining path = 586 cells
[DEBUG] GC#01 start@(504, 121)  raw_arr=inf  now=1937.0  mtt=nan  within_buffer=False
[START] GC#01 using NEW (buffered by planner) → start (504, 121) on boundary 3
Start:  (504, 121)
Finish:  (710, 352)
[GC#01] WARNING: fire intercept at (710, 351) (burn_pen>0) – truncating path at idx 453.
[GC#01] fire-line length 454 cells (127.2 min; ABORTED EARLY)
[DEBUG] GC#01  new path accepted (length 454, ETA 127.2 min)
Using multi-phase propagation with wind schedule.
[GC#01] updated fire after clearing batch
Using multi-phase propagation with wind schedule.
[GC#01] updated fire after clearing batch
  → selected [-5577.78056973 -7260.11896006] as drop point
FLUSHED
FLUSHED
Using multi-phase propagation with wind schedule.
DROP RAN
[DEBUG] AT#00  finished drop in sector 3 – notifying ground crews
[DEBUG] GC#01  attempting re-plan… remaining path = 454 cells
[DEBUG] GC#01 start@(538, 160)  raw_arr=inf  now=1985.0  mtt=nan  within_buffer=False
[START] GC#01 using NEW (buffered by planner) → start (538, 160) on boundary 3
Start:  (538, 160)
Finish:  (710, 352)
[GC#01] WARNING: fire intercept at (710, 351) (burn_pen>0) – truncating path at idx 380.
[GC#01] fire-line length 381 cells (75.4 min; ABORTED EARLY)
[DEBUG] GC#01  new path accepted (length 381, ETA 75.4 min)
Using multi-phase propagation with wind schedule.
[GC#01] updated fire after clearing batch
Using multi-phase propagation with wind schedule.
[GC#02] updated fire after clearing batch
  → selected [-11967.10000618   -507.22086462] as drop point
FLUSHED
FLUSHED
Using multi-phase propagation with wind schedule.
DROP RAN
[DEBUG] AT#00  finished drop in sector 3 – notifying ground crews
[DEBUG] GC#01  attempting re-plan… remaining path = 381 cells
[DEBUG] GC#01 start@(546, 193)  raw_arr=inf  now=2032.0  mtt=nan  within_buffer=False
[START] GC#01 using NEW (buffered by planner) → start (546, 193) on boundary 3
Start:  (546, 193)
Finish:  (710, 352)
[GC#01] WARNING: fire intercept at (710, 351) (burn_pen>0) – truncating path at idx 333.
[GC#01] fire-line length 334 cells (28.3 min; ABORTED EARLY)
[DEBUG] GC#01  new path accepted (length 334, ETA 28.3 min)
Applied action {'FireHercAgent': (4,), 'GroundCrewAgent': (4, 1)} at t=2040 min
[ICS] open=[0, 3, 4, 5]  crew_order=[3, 0, 4, 5]  weights={0: 173.0, 3: 755.0, 4: 53.0, 5: 14.0}
simulating in place
Using multi-phase propagation with wind schedule.
[GC#01] updated fire after clearing batch
Using multi-phase propagation with wind schedule.
[GC#01] updated fire after clearing batch
Using multi-phase propagation with wind schedule.
[GC#01] updated fire after clearing batch
Using multi-phase propagation with wind schedule.
[GC#01] updated fire after clearing batch
Using multi-phase propagation with wind schedule.
[GC#01] updated fire after clearing batch
Using multi-phase propagation with wind schedule.
[GC#01] updated fire after clearing batch
Using multi-phase propagation with wind schedule.
[GC#01] updated fire after clearing batch
Using multi-phase propagation with wind schedule.
[GC#01] updated fire after clearing batch
Using multi-phase propagation with wind schedule.
[GC#01] updated fire after clearing batch
Using multi-phase propagation with wind schedule.
[GC#01] updated fire after clearing batch
Using multi-phase propagation with wind schedule.
[GC#01] updated fire after clearing batch
Using multi-phase propagation with wind schedule.
[GC#01] updated fire after clearing batch
Using multi-phase propagation with wind schedule.
[GC#01] updated fire after clearing batch
[GC#01] stopped early (fire intercept) – sector 3 NOT contained; awaiting reassignment.
Using multi-phase propagation with wind schedule.
[GC#02] updated fire after clearing batch
  → selected [-6252.02484454 -6812.84376052] as drop point
FLUSHED
Using multi-phase propagation with wind schedule.
DROP RAN
[DEBUG] AT#00  finished drop in sector 3 – notifying ground crews
Using multi-phase propagation with wind schedule.
[GC#02] updated fire after clearing batch
Using multi-phase propagation with wind schedule.
[GC#02] updated fire after clearing batch
  → selected [-7499.99253995 -5743.28525385] as drop point
FLUSHED
Using multi-phase propagation with wind schedule.
DROP RAN
[DEBUG] AT#00  finished drop in sector 3 – notifying ground crews
Using multi-phase propagation with wind schedule.
[GC#02] updated fire after clearing batch
Applied action {'FireHercAgent': (4,), 'GroundCrewAgent': (4, 1)} at t=2160 min
[ICS] open=[0, 3, 4, 5]  crew_order=[3, 0, 4, 5]  weights={0: 173.0, 3: 755.0, 4: 53.0, 5: 14.0}
simulating in place

— after _record_anchor(bdy=3, role=start, cell=(443, 47), by=None) —

=== boundary_anchors (NOW) ===
b00 start  — <none>
b00 finish rc=(443, 795)  t=1320.0  completed=True  world=(8930.0, 30.5)
b01 start  rc=(253, 616)  t=1320.0  completed=True  world=(3560.0, 5730.5)
b01 finish rc=(253, 616)  t=240.0  completed=True  world=(3560.0, 5730.5)
b02 start  rc=(285, 415)  t=240.0  completed=True  world=(-2470.0, 4770.5)
b02 finish — <none>
b03 start  rc=(443, 47)  t=2160.0  completed=False  world=(-13510.0, 30.5)
b03 finish rc=(443, 47)  t=240.0  completed=True  world=(-13510.0, 30.5)
b04 start  — <none>
b04 finish rc=(710, 352)  t=1320.0  completed=False  world=(-4360.0, -7979.5)
b05 start  — <none>
b05 finish — <none>
=== end ===

— end dump —


— after _record_anchor(bdy=4, role=finish, cell=(829, 283), by=None) —

=== boundary_anchors (NOW) ===
b00 start  — <none>
b00 finish rc=(443, 795)  t=1320.0  completed=True  world=(8930.0, 30.5)
b01 start  rc=(253, 616)  t=1320.0  completed=True  world=(3560.0, 5730.5)
b01 finish rc=(253, 616)  t=240.0  completed=True  world=(3560.0, 5730.5)
b02 start  rc=(285, 415)  t=240.0  completed=True  world=(-2470.0, 4770.5)
b02 finish — <none>
b03 start  rc=(443, 47)  t=2160.0  completed=False  world=(-13510.0, 30.5)
b03 finish rc=(443, 47)  t=240.0  completed=True  world=(-13510.0, 30.5)
b04 start  — <none>
b04 finish rc=(829, 283)  t=2160.0  completed=False  world=(-6430.0, -11549.5)
b05 start  — <none>
b05 finish — <none>
=== end ===

— end dump —

[DEBUG] sector 3: start@bdy3 (443, 47)   finish@bdy4 (829, 283)
[GC#01] → sector 3  start (443, 47)  finish (829, 283)
  → selected [-12230.22326153   -518.70907405] as drop point
FLUSHED
Using multi-phase propagation with wind schedule.
DROP RAN
[DEBUG] AT#00  finished drop in sector 3 – notifying ground crews
Using multi-phase propagation with wind schedule.
[GC#02] updated fire after clearing batch
  → selected [-8745.05014287 -4539.49169127] as drop point
FLUSHED
Using multi-phase propagation with wind schedule.
DROP RAN
[DEBUG] AT#00  finished drop in sector 3 – notifying ground crews
  → selected [-6384.68895688 -6957.6212341 ] as drop point
FLUSHED
Using multi-phase propagation with wind schedule.
DROP RAN
[DEBUG] AT#00  finished drop in sector 3 – notifying ground crews
Applied action {'FireHercAgent': (4,), 'GroundCrewAgent': (4, 1)} at t=2280 min
[ICS] open=[0, 3, 4, 5]  crew_order=[3, 0, 4, 5]  weights={0: 173.0, 3: 755.0, 4: 53.0, 5: 14.0}
simulating in place
  → selected [6824.39657209 2840.18180516] as drop point
FLUSHED
Using multi-phase propagation with wind schedule.
DROP RAN
[DEBUG] AT#00  finished drop in sector 0 – notifying ground crews
[DEBUG] GC#02  attempting re-plan… remaining path = 464 cells
[DEBUG] GC#02 start@(356, 740)  raw_arr=inf  now=2316.0  mtt=nan  within_buffer=False
[START] GC#02 using NEW (buffered by planner) → start (356, 740) on boundary 1
Start:  (356, 740)
Finish:  (443, 795)
[GC#02] fire-line length 197 cells (984.3 min; full plan)
[DEBUG] GC#02  new path accepted (length 197, ETA 984.3 min)
  → selected [7501.82089115 1002.46820446] as drop point
FLUSHED
Using multi-phase propagation with wind schedule.
DROP RAN
[DEBUG] AT#00  finished drop in sector 0 – notifying ground crews
[DEBUG] GC#02  attempting re-plan… remaining path = 197 cells
[DEBUG] GC#02 start@(362, 749)  raw_arr=inf  now=2362.0  mtt=nan  within_buffer=False
[START] GC#02 using NEW (buffered by planner) → start (362, 749) on boundary 1
Start:  (362, 749)
Finish:  (443, 795)
[GC#02] fire-line length 166 cells (900.7 min; full plan)
[DEBUG] GC#02  new path accepted (length 166, ETA 900.7 min)
Applied action {'FireHercAgent': (1,), 'GroundCrewAgent': (4, 1)} at t=2400 min
[ICS] open=[0, 3, 4, 5]  crew_order=[3, 0, 4, 5]  weights={0: 173.0, 3: 755.0, 4: 53.0, 5: 14.0}
simulating in place
  → selected [7468.64664452 1670.14435135] as drop point
FLUSHED
Using multi-phase propagation with wind schedule.
DROP RAN
[DEBUG] AT#00  finished drop in sector 0 – notifying ground crews
[DEBUG] GC#02  attempting re-plan… remaining path = 166 cells
[DEBUG] GC#02 start@(361, 757)  raw_arr=inf  now=2416.0  mtt=nan  within_buffer=False
[START] GC#02 using NEW (buffered by planner) → start (361, 757) on boundary 1
Start:  (361, 757)
Finish:  (443, 795)
[GC#02] fire-line length 157 cells (840.7 min; full plan)
[DEBUG] GC#02  new path accepted (length 157, ETA 840.7 min)
[START] GC#01 using ANCHOR (unspecified source) → start (443, 47) on boundary 3
Start:  (443, 47)
Finish:  (829, 283)
[GC#01] fire-line length 721 cells (235.5 min; full plan)

— after _mark_anchor_completed(bdy=3, role=start, by=None) —

=== boundary_anchors (NOW) ===
b00 start  — <none>
b00 finish rc=(443, 795)  t=1320.0  completed=True  world=(8930.0, 30.5)
b01 start  rc=(253, 616)  t=1320.0  completed=True  world=(3560.0, 5730.5)
b01 finish rc=(253, 616)  t=240.0  completed=True  world=(3560.0, 5730.5)
b02 start  rc=(285, 415)  t=240.0  completed=True  world=(-2470.0, 4770.5)
b02 finish — <none>
b03 start  rc=(443, 47)  t=2160.0  completed=True  world=(-13510.0, 30.5)
b03 finish rc=(443, 47)  t=240.0  completed=True  world=(-13510.0, 30.5)
b04 start  — <none>
b04 finish rc=(829, 283)  t=2160.0  completed=False  world=(-6430.0, -11549.5)
b05 start  — <none>
b05 finish — <none>
=== end ===

— end dump —


— after _mark_anchor_completed(bdy=4, role=finish, by=<groundcrew.GroundCrewAgent object at 0x00000199CB332410>) —

=== boundary_anchors (NOW) ===
b00 start  — <none>
b00 finish rc=(443, 795)  t=1320.0  completed=True  world=(8930.0, 30.5)
b01 start  rc=(253, 616)  t=1320.0  completed=True  world=(3560.0, 5730.5)
b01 finish rc=(253, 616)  t=240.0  completed=True  world=(3560.0, 5730.5)
b02 start  rc=(285, 415)  t=240.0  completed=True  world=(-2470.0, 4770.5)
b02 finish — <none>
b03 start  rc=(443, 47)  t=2160.0  completed=True  world=(-13510.0, 30.5)
b03 finish rc=(443, 47)  t=240.0  completed=True  world=(-13510.0, 30.5)
b04 start  — <none>
b04 finish rc=(829, 283)  t=2160.0  completed=True  world=(-6430.0, -11549.5)
b05 start  — <none>
b05 finish — <none>
=== end ===

— end dump —

  → selected [7764.93259478 1037.10751739] as drop point
FLUSHED
Using multi-phase propagation with wind schedule.
DROP RAN
[DEBUG] AT#00  finished drop in sector 0 – notifying ground crews
[DEBUG] GC#02  attempting re-plan… remaining path = 157 cells
[DEBUG] GC#02 start@(361, 762)  raw_arr=inf  now=2462.0  mtt=nan  within_buffer=False
[START] GC#02 using NEW (buffered by planner) → start (361, 762) on boundary 1
Start:  (361, 762)
Finish:  (443, 795)
[GC#02] fire-line length 152 cells (795.1 min; full plan)
[DEBUG] GC#02  new path accepted (length 152, ETA 795.1 min)
Using multi-phase propagation with wind schedule.
[GC#01] updated fire after clearing batch
Using multi-phase propagation with wind schedule.
[GC#01] updated fire after clearing batch
Using multi-phase propagation with wind schedule.
[GC#01] updated fire after clearing batch
Using multi-phase propagation with wind schedule.
[GC#01] updated fire after clearing batch
Using multi-phase propagation with wind schedule.
[GC#01] updated fire after clearing batch
Using multi-phase propagation with wind schedule.
[GC#01] updated fire after clearing batch
  → selected [7111.62576174 2959.15603102] as drop point
FLUSHED
FLUSHED
Using multi-phase propagation with wind schedule.
DROP RAN
[DEBUG] AT#00  finished drop in sector 0 – notifying ground crews
[DEBUG] GC#02  attempting re-plan… remaining path = 152 cells
[DEBUG] GC#02 start@(360, 771)  raw_arr=inf  now=2508.0  mtt=nan  within_buffer=False
[START] GC#02 using NEW (buffered by planner) → start (360, 771) on boundary 1
Start:  (360, 771)
Finish:  (443, 795)
[GC#02] fire-line length 142 cells (748.0 min; full plan)
[DEBUG] GC#02  new path accepted (length 142, ETA 748.0 min)
Applied action {'FireHercAgent': (1,), 'GroundCrewAgent': (4, 1)} at t=2520 min
[ICS] open=[0, 3, 4, 5]  crew_order=[3, 0, 4, 5]  weights={0: 173.0, 3: 755.0, 4: 53.0, 5: 14.0}
simulating in place
Using multi-phase propagation with wind schedule.
[GC#01] updated fire after clearing batch
  → selected [-7077.66296354 -6474.56561667] as drop point
FLUSHED
FLUSHED
Using multi-phase propagation with wind schedule.
DROP RAN
[DEBUG] AT#00  finished drop in sector 3 – notifying ground crews
[DEBUG] GC#01  attempting re-plan… remaining path = 721 cells
[DEBUG] GC#01 start@(782, 324)  raw_arr=inf  now=2554.0  mtt=nan  within_buffer=False
[START] GC#01 using NEW (buffered by planner) → start (782, 324) on boundary 3
Start:  (782, 324)
Finish:  (829, 283)
[GC#01] fire-line length 91 cells (141.3 min; full plan)
[DEBUG] GC#01  new path accepted (length 91, ETA 141.3 min)
Using multi-phase propagation with wind schedule.
[GC#01] updated fire after clearing batch
  → selected [-7701.6695678  -5898.03748018] as drop point
FLUSHED
FLUSHED
Using multi-phase propagation with wind schedule.
DROP RAN
[DEBUG] AT#00  finished drop in sector 3 – notifying ground crews
[DEBUG] GC#01  attempting re-plan… remaining path = 91 cells
[DEBUG] GC#01 start@(787, 297)  raw_arr=inf  now=2601.0  mtt=nan  within_buffer=False
[START] GC#01 using NEW (buffered by planner) → start (787, 297) on boundary 3
Start:  (787, 297)
Finish:  (829, 283)
[GC#01] fire-line length 57 cells (94.2 min; full plan)
[DEBUG] GC#01  new path accepted (length 57, ETA 94.2 min)
Using multi-phase propagation with wind schedule.
[GC#01] updated fire after clearing batch
Applied action {'FireHercAgent': (4,), 'GroundCrewAgent': (4, 1)} at t=2640 min
[ICS] open=[0, 3, 4, 5]  crew_order=[3, 0, 4, 5]  weights={0: 173.0, 3: 755.0, 4: 53.0, 5: 14.0}
simulating in place
  → selected [-8326.02407062 -5291.95064696] as drop point
FLUSHED
FLUSHED
Using multi-phase propagation with wind schedule.
DROP RAN
[DEBUG] AT#00  finished drop in sector 3 – notifying ground crews
[DEBUG] GC#01  attempting re-plan… remaining path = 57 cells
[DEBUG] GC#01 start@(811, 291)  raw_arr=inf  now=2649.0  mtt=nan  within_buffer=False
[START] GC#01 using NEW (buffered by planner) → start (811, 291) on boundary 3
Start:  (811, 291)
Finish:  (829, 283)
[GC#01] fire-line length 27 cells (33.0 min; full plan)
[DEBUG] GC#01  new path accepted (length 27, ETA 33.0 min)
Using multi-phase propagation with wind schedule.
[GC#01] updated fire after clearing batch
Using multi-phase propagation with wind schedule.
[GC#01] updated fire after clearing batch
Sector contained  3

— after _mark_anchor_completed(bdy=3, role=start, by=None) —

=== boundary_anchors (NOW) ===
b00 start  — <none>
b00 finish rc=(443, 795)  t=1320.0  completed=True  world=(8930.0, 30.5)
b01 start  rc=(253, 616)  t=1320.0  completed=True  world=(3560.0, 5730.5)
b01 finish rc=(253, 616)  t=240.0  completed=True  world=(3560.0, 5730.5)
b02 start  rc=(285, 415)  t=240.0  completed=True  world=(-2470.0, 4770.5)
b02 finish — <none>
b03 start  rc=(443, 47)  t=2160.0  completed=True  world=(-13510.0, 30.5)
b03 finish rc=(443, 47)  t=240.0  completed=True  world=(-13510.0, 30.5)
b04 start  — <none>
b04 finish rc=(829, 283)  t=2160.0  completed=True  world=(-6430.0, -11549.5)
b05 start  — <none>
b05 finish — <none>
=== end ===

— end dump —


— after _mark_anchor_completed(bdy=4, role=finish, by=None) —

=== boundary_anchors (NOW) ===
b00 start  — <none>
b00 finish rc=(443, 795)  t=1320.0  completed=True  world=(8930.0, 30.5)
b01 start  rc=(253, 616)  t=1320.0  completed=True  world=(3560.0, 5730.5)
b01 finish rc=(253, 616)  t=240.0  completed=True  world=(3560.0, 5730.5)
b02 start  rc=(285, 415)  t=240.0  completed=True  world=(-2470.0, 4770.5)
b02 finish — <none>
b03 start  rc=(443, 47)  t=2160.0  completed=True  world=(-13510.0, 30.5)
b03 finish rc=(443, 47)  t=240.0  completed=True  world=(-13510.0, 30.5)
b04 start  — <none>
b04 finish rc=(829, 283)  t=2160.0  completed=True  world=(-6430.0, -11549.5)
b05 start  — <none>
b05 finish — <none>
=== end ===

— end dump —

[GC#01] Sector 3 contained → Standby
  → selected [-10408.07676204  -3267.73602059] as drop point
FLUSHED
Using multi-phase propagation with wind schedule.
DROP RAN
[DEBUG] AT#00  finished drop in sector 3 – notifying ground crews
  → selected [-8112.13142705 -5155.68600474] as drop point
FLUSHED
Using multi-phase propagation with wind schedule.
DROP RAN
[DEBUG] AT#00  finished drop in sector 3 – notifying ground crews
Applied action {'FireHercAgent': (4,), 'GroundCrewAgent': (4, 1)} at t=2760 min
[ICS] open=[0, 4, 5]  crew_order=[0, 4, 5]  weights={0: 173.0, 4: 53.0, 5: 14.0}
simulating in place

— after _record_anchor(bdy=0, role=start, cell=(443, 795), by=None) —

=== boundary_anchors (NOW) ===
b00 start  rc=(443, 795)  t=2760.0  completed=False  world=(8930.0, 30.5)
b00 finish rc=(443, 795)  t=1320.0  completed=True  world=(8930.0, 30.5)
b01 start  rc=(253, 616)  t=1320.0  completed=True  world=(3560.0, 5730.5)
b01 finish rc=(253, 616)  t=240.0  completed=True  world=(3560.0, 5730.5)
b02 start  rc=(285, 415)  t=240.0  completed=True  world=(-2470.0, 4770.5)
b02 finish — <none>
b03 start  rc=(443, 47)  t=2160.0  completed=True  world=(-13510.0, 30.5)
b03 finish rc=(443, 47)  t=240.0  completed=True  world=(-13510.0, 30.5)
b04 start  — <none>
b04 finish rc=(829, 283)  t=2160.0  completed=True  world=(-6430.0, -11549.5)
b05 start  — <none>
b05 finish — <none>
=== end ===

— end dump —


— after _record_anchor(bdy=1, role=finish, cell=(253, 616), by=None) —

=== boundary_anchors (NOW) ===
b00 start  rc=(443, 795)  t=2760.0  completed=False  world=(8930.0, 30.5)
b00 finish rc=(443, 795)  t=1320.0  completed=True  world=(8930.0, 30.5)
b01 start  rc=(253, 616)  t=1320.0  completed=True  world=(3560.0, 5730.5)
b01 finish rc=(253, 616)  t=2760.0  completed=False  world=(3560.0, 5730.5)
b02 start  rc=(285, 415)  t=240.0  completed=True  world=(-2470.0, 4770.5)
b02 finish — <none>
b03 start  rc=(443, 47)  t=2160.0  completed=True  world=(-13510.0, 30.5)
b03 finish rc=(443, 47)  t=240.0  completed=True  world=(-13510.0, 30.5)
b04 start  — <none>
b04 finish rc=(829, 283)  t=2160.0  completed=True  world=(-6430.0, -11549.5)
b05 start  — <none>
b05 finish — <none>
=== end ===

— end dump —

[DEBUG] sector 0: start@bdy0 (443, 795)   finish@bdy1 (253, 616)
[GC#01] → sector 0  start (443, 795)  finish (253, 616)
  → selected [  5924.40411427 -11355.59282329] as drop point
FLUSHED
Using multi-phase propagation with wind schedule.
DROP RAN
[DEBUG] AT#00  finished drop in sector 4 – notifying ground crews
  → selected [  4839.60365919 -11656.29296358] as drop point
FLUSHED
Using multi-phase propagation with wind schedule.
DROP RAN
[DEBUG] AT#00  finished drop in sector 4 – notifying ground crews
Applied action {'FireHercAgent': (5,), 'GroundCrewAgent': (1, 5)} at t=2880 min
[SIM] Less than one full decision slice left – terminating.
Using multi-phase propagation with wind schedule.
[GC#02] updated fire after clearing batch
[SIM] Finished at t=2880 min – final fire-score = 279672.00  final buildings-destroyed = 1575  final buildings-breakdown = {"11":970,"12":115,"13":455,"14":18,"21":12,"23":5}
Simulation complete.
[0m