
⚑ background sched
 start  end    speed      dir
     0  120   30.000    5.000
   120  240   35.000   25.000
   240  360   40.000   25.000
   360  480   50.000   15.000
   480  600   30.000    2.500
   600  720   38.000    5.000
   720  840   28.000    0.000
   840  960   30.000    0.000
   960 1080   30.000    0.000
  1080 1200   28.000    2.500
  1200 1320   28.000    5.000
  1320 1440   30.000   15.000
  1440 1560   30.000    5.000
  1560 1680   30.000    7.500
  1680 1800   30.000   10.000
  1800 1920   30.000   10.000
  1920 2040   30.000   15.000
  2040 2160   17.500    5.000
  2160 2280   12.000    5.000
  2280 2400   12.000    5.000
  2400 2520   13.000    5.000
  2520 2640    7.000    0.000
  2640 2760    6.000    5.000
  2760 2880    6.000   10.000
  2880 3000    7.000   10.000
  3000 3000    1.000    0.000

⚑ hard σ truth schedule
 start  end    speed      dir
     0  120   30.000    5.000
   120  240   35.000   25.000
   240  360   40.000   25.000
   360  480   50.000   15.000
   480  600   30.000    2.500
   600  720   38.000    5.000
   720  840   28.000    0.000
   840  960   30.000    0.000
   960 1080   30.000    0.000
  1080 1200   28.000    2.500
  1200 1320   28.000    5.000
  1320 1440   30.000   15.000
  1440 1560   30.000    5.000
  1560 1680   30.000    7.500
  1680 1800   30.000   10.000
  1800 1920   30.000   10.000
  1920 2040   30.000   15.000
  2040 2160   17.500    5.000
  2160 2280   12.000    5.000
  2280 2400   12.000    5.000
  2400 2520   13.000    5.000
  2520 2640    7.000    0.000
  2640 2760    6.000    5.000
  2760 2880    6.000   10.000
  2880 3000    7.000   10.000
  3000 3000    1.000    0.000
RUN SEED: 2326447624
Starting STRICT-MEAN-burned-buildings ICS simulation (headless)…
Using multi-phase propagation with wind schedule.
WildfireModel: Bounds: BoundingBox(left=-14935.007954473422, bottom=-13304.5080370525, right=14944.992045526578, top=13335.4919629475)
Checking Mesa Space Dimensions: Width = 49880.0, Height = 46640.0
Buffered Bounds: BoundingBox(left=-24935.00795447342, bottom=-23304.5080370525, right=24944.99204552658, top=23335.4919629475)
Original CRS: EPSG:26910
Available bases: [(20000, 20000)]
Corrected position: (20000, 20000)
[GC#01] spawned at cell (444, 498) with walk_ticks=1
[GC#02] spawned at cell (444, 498) with walk_ticks=1
[(0, 120, 4.5, 87.5), (120, 240, 8.5, 274.5), (240, 360, 9.5, 156.5), (360, 480, 7.5, 18.0), (480, 600, 15.5, 328.0), (600, 720, 15.5, 298.5), (720, 840, 10.0, 356.0), (840, 960, 9.0, 337.5), (960, 1080, 8.0, 284.0), (1080, 1200, 13.5, 253.5), (1200, 1320, 18.0, 232.0), (1320, 1440, 16.5, 300.0), (1440, 1560, 19.0, 297.5), (1560, 1680, 17.5, 266.0), (1680, 1800, 15.5, 336.5), (1800, 1920, 16.5, 30.5), (1920, 2040, 10.0, 332.0), (2040, 2160, 8.0, 283.0), (2160, 2280, 8.5, 343.0), (2280, 2400, 6.5, 342.5), (2400, 2520, 7.5, 247.0), (2520, 2640, 7.0, 242.0), (2640, 2760, 6.0, 235.0), (2760, 2880, 0.5, 275.0), (2880, 3000, 0.0, 247.5), (3000, 3000, 1.0, 106.0)]
Using multi-phase propagation with wind schedule.
[PRECOMPUTE] MEAN-schedule burned buildings per sector (final t=3000): [115, 2846, 2647, 259, 45, 3]  | total=5915
[ICS] open=[0, 1, 2, 3, 4, 5]  crew_order=[1, 2, 3, 0, 4, 5]  weights={0: 115.0, 1: 2846.0, 2: 2647.0, 3: 259.0, 4: 45.0, 5: 3.0}
simulating in place
no completed anchors found → making NEW dynamic START

— after _record_anchor(bdy=1, role=start, cell=(393, 524), by=None) —

=== boundary_anchors (NOW) ===
b00 start  — <none>
b00 finish — <none>
b01 start  rc=(393, 524)  t=240.0  completed=False  world=(800.0, 1530.5)
b01 finish — <none>
b02 start  — <none>
b02 finish — <none>
b03 start  — <none>
b03 finish — <none>
b04 start  — <none>
b04 finish — <none>
b05 start  — <none>
b05 finish — <none>
=== end ===

— end dump —


— after _record_anchor(bdy=2, role=finish, cell=(373, 458), by=None) —

=== boundary_anchors (NOW) ===
b00 start  — <none>
b00 finish — <none>
b01 start  rc=(393, 524)  t=240.0  completed=False  world=(800.0, 1530.5)
b01 finish — <none>
b02 start  — <none>
b02 finish rc=(373, 458)  t=240.0  completed=False  world=(-1180.0, 2130.5)
b03 start  — <none>
b03 finish — <none>
b04 start  — <none>
b04 finish — <none>
b05 start  — <none>
b05 finish — <none>
=== end ===

— end dump —

[DEBUG] sector 1: start@bdy1 (393, 524)   finish@bdy2 (373, 458)
[GC#01] → sector 1  start (393, 524)  finish (373, 458)
no completed anchors found → making NEW dynamic START

— after _record_anchor(bdy=2, role=start, cell=(404, 476), by=None) —

=== boundary_anchors (NOW) ===
b00 start  — <none>
b00 finish — <none>
b01 start  rc=(393, 524)  t=240.0  completed=False  world=(800.0, 1530.5)
b01 finish — <none>
b02 start  rc=(404, 476)  t=240.0  completed=False  world=(-640.0, 1200.5)
b02 finish rc=(373, 458)  t=240.0  completed=False  world=(-1180.0, 2130.5)
b03 start  — <none>
b03 finish — <none>
b04 start  — <none>
b04 finish — <none>
b05 start  — <none>
b05 finish — <none>
=== end ===

— end dump —


— after _record_anchor(bdy=3, role=finish, cell=(440, 71), by=None) —

=== boundary_anchors (NOW) ===
b00 start  — <none>
b00 finish — <none>
b01 start  rc=(393, 524)  t=240.0  completed=False  world=(800.0, 1530.5)
b01 finish — <none>
b02 start  rc=(404, 476)  t=240.0  completed=False  world=(-640.0, 1200.5)
b02 finish rc=(373, 458)  t=240.0  completed=False  world=(-1180.0, 2130.5)
b03 start  — <none>
b03 finish rc=(440, 71)  t=240.0  completed=False  world=(-12790.0, 120.5)
b04 start  — <none>
b04 finish — <none>
b05 start  — <none>
b05 finish — <none>
=== end ===

— end dump —

[DEBUG] sector 2: start@bdy2 (404, 476)   finish@bdy3 (440, 71)
recording from register first pair

— after _record_anchor(bdy=2, role=start, cell=(373, 458), by=None) —

=== boundary_anchors (NOW) ===
b00 start  — <none>
b00 finish — <none>
b01 start  — <none>
b01 finish — <none>
b02 start  rc=(373, 458)  t=240.0  completed=False  world=(-1180.0, 2130.5)
b02 finish — <none>
b03 start  — <none>
b03 finish — <none>
b04 start  — <none>
b04 finish — <none>
b05 start  — <none>
b05 finish — <none>
=== end ===

— end dump —

recording from register first pair

— after _record_anchor(bdy=1, role=finish, cell=(370, 537), by=None) —

=== boundary_anchors (NOW) ===
b00 start  — <none>
b00 finish — <none>
b01 start  — <none>
b01 finish rc=(370, 537)  t=240.0  completed=False  world=(1190.0, 2220.5)
b02 start  rc=(373, 458)  t=240.0  completed=False  world=(-1180.0, 2130.5)
b02 finish — <none>
b03 start  — <none>
b03 finish — <none>
b04 start  — <none>
b04 finish — <none>
b05 start  — <none>
b05 finish — <none>
=== end ===

— end dump —

[SYNC] GC#01 sect1 START b2 (373, 458)  FINISH b1 (370, 537)
recording from register first pair

— after _record_anchor(bdy=3, role=finish, cell=(440, 95), by=None) —

=== boundary_anchors (NOW) ===
b00 start  — <none>
b00 finish — <none>
b01 start  — <none>
b01 finish rc=(370, 537)  t=240.0  completed=False  world=(1190.0, 2220.5)
b02 start  rc=(373, 458)  t=240.0  completed=False  world=(-1180.0, 2130.5)
b02 finish — <none>
b03 start  — <none>
b03 finish rc=(440, 95)  t=240.0  completed=False  world=(-12070.0, 120.5)
b04 start  — <none>
b04 finish — <none>
b05 start  — <none>
b05 finish — <none>
=== end ===

— end dump —

[SYNC] GC#02 sect2 START b2 (373, 458)  FINISH b3 (440, 95)
[GC#02] → sector 2  start (373, 458)  finish (440, 95)
  → selected [-831.15205578   51.99880282] as drop point
Using multi-phase propagation with wind schedule.
DROP RAN
[DEBUG] AT#00  finished drop in sector 2 – notifying ground crews
  → selected [-766.28353947  334.96477058] as drop point
Using multi-phase propagation with wind schedule.
DROP RAN
[DEBUG] AT#00  finished drop in sector 2 – notifying ground crews
[START] GC#02 using ANCHOR (unspecified source) → start (373, 458) on boundary 2
Start:  (373, 458)
Finish:  (440, 95)
[GC#02] fire-line length 1121 cells (1138.6 min; full plan)

— after _mark_anchor_completed(bdy=2, role=start, by=None) —

=== boundary_anchors (NOW) ===
b00 start  — <none>
b00 finish — <none>
b01 start  — <none>
b01 finish rc=(370, 537)  t=240.0  completed=False  world=(1190.0, 2220.5)
b02 start  rc=(373, 458)  t=240.0  completed=True  world=(-1180.0, 2130.5)
b02 finish — <none>
b03 start  — <none>
b03 finish rc=(440, 95)  t=240.0  completed=False  world=(-12070.0, 120.5)
b04 start  — <none>
b04 finish — <none>
b05 start  — <none>
b05 finish — <none>
=== end ===

— end dump —


— after _mark_anchor_completed(bdy=3, role=finish, by=<groundcrew.GroundCrewAgent object at 0x000001BA6E5228D0>) —

=== boundary_anchors (NOW) ===
b00 start  — <none>
b00 finish — <none>
b01 start  — <none>
b01 finish rc=(370, 537)  t=240.0  completed=False  world=(1190.0, 2220.5)
b02 start  rc=(373, 458)  t=240.0  completed=True  world=(-1180.0, 2130.5)
b02 finish — <none>
b03 start  — <none>
b03 finish rc=(440, 95)  t=240.0  completed=True  world=(-12070.0, 120.5)
b04 start  — <none>
b04 finish — <none>
b05 start  — <none>
b05 finish — <none>
=== end ===

— end dump —

[START] GC#01 using ANCHOR (unspecified source) → start (373, 458) on boundary 2
Start:  (373, 458)
Finish:  (370, 537)
[GC#01] fire-line length 115 cells (138.1 min; full plan)

— after _mark_anchor_completed(bdy=2, role=start, by=None) —

=== boundary_anchors (NOW) ===
b00 start  — <none>
b00 finish — <none>
b01 start  — <none>
b01 finish rc=(370, 537)  t=240.0  completed=False  world=(1190.0, 2220.5)
b02 start  rc=(373, 458)  t=240.0  completed=True  world=(-1180.0, 2130.5)
b02 finish — <none>
b03 start  — <none>
b03 finish rc=(440, 95)  t=240.0  completed=True  world=(-12070.0, 120.5)
b04 start  — <none>
b04 finish — <none>
b05 start  — <none>
b05 finish — <none>
=== end ===

— end dump —


— after _mark_anchor_completed(bdy=1, role=finish, by=<groundcrew.GroundCrewAgent object at 0x000001BA6E66CDD0>) —

=== boundary_anchors (NOW) ===
b00 start  — <none>
b00 finish — <none>
b01 start  — <none>
b01 finish rc=(370, 537)  t=240.0  completed=True  world=(1190.0, 2220.5)
b02 start  rc=(373, 458)  t=240.0  completed=True  world=(-1180.0, 2130.5)
b02 finish — <none>
b03 start  — <none>
b03 finish rc=(440, 95)  t=240.0  completed=True  world=(-12070.0, 120.5)
b04 start  — <none>
b04 finish — <none>
b05 start  — <none>
b05 finish — <none>
=== end ===

— end dump —

Using multi-phase propagation with wind schedule.
[GC#01] updated fire after clearing batch
Sector retarded
{2}
Using multi-phase propagation with wind schedule.
[GC#02] updated fire after clearing batch
Using multi-phase propagation with wind schedule.
[GC#01] updated fire after clearing batch
Applied action {'FireHercAgent': (3,), 'GroundCrewAgent': (2, 3)} at t=360 min
[ICS] open=[0, 1, 2, 3, 4, 5]  crew_order=[1, 2, 3, 0, 4, 5]  weights={0: 115.0, 1: 2846.0, 2: 2647.0, 3: 259.0, 4: 45.0, 5: 3.0}
simulating in place
Using multi-phase propagation with wind schedule.
[GC#02] updated fire after clearing batch
Using multi-phase propagation with wind schedule.
[GC#01] updated fire after clearing batch
Using multi-phase propagation with wind schedule.
[GC#02] updated fire after clearing batch
Using multi-phase propagation with wind schedule.
[GC#02] updated fire after clearing batch
Using multi-phase propagation with wind schedule.
[GC#01] updated fire after clearing batch
Using multi-phase propagation with wind schedule.
[GC#02] updated fire after clearing batch
Using multi-phase propagation with wind schedule.
[GC#02] updated fire after clearing batch
  → selected [-340.06248643 1571.93237448] as drop point
FLUSHED
FLUSHED
Using multi-phase propagation with wind schedule.
DROP RAN
[DEBUG] AT#00  finished drop in sector 1 – notifying ground crews
[DEBUG] GC#01  attempting re-plan… remaining path = 115 cells
[DEBUG] GC#01 start@(371, 533)  raw_arr=inf  now=435.0  mtt=nan  within_buffer=False
[START] GC#01 using NEW (buffered by planner) → start (371, 533) on boundary 2
Start:  (371, 533)
Finish:  (370, 537)
[GC#01] fire-line length 6 cells (9.1 min; full plan)
[DEBUG] GC#01  new path accepted (length 6, ETA 9.1 min)
Using multi-phase propagation with wind schedule.
[GC#01] updated fire after clearing batch
Sector contained  1

— after _mark_anchor_completed(bdy=2, role=start, by=None) —

=== boundary_anchors (NOW) ===
b00 start  — <none>
b00 finish — <none>
b01 start  — <none>
b01 finish rc=(370, 537)  t=240.0  completed=True  world=(1190.0, 2220.5)
b02 start  rc=(373, 458)  t=240.0  completed=True  world=(-1180.0, 2130.5)
b02 finish — <none>
b03 start  — <none>
b03 finish rc=(440, 95)  t=240.0  completed=True  world=(-12070.0, 120.5)
b04 start  — <none>
b04 finish — <none>
b05 start  — <none>
b05 finish — <none>
=== end ===

— end dump —


— after _mark_anchor_completed(bdy=1, role=finish, by=None) —

=== boundary_anchors (NOW) ===
b00 start  — <none>
b00 finish — <none>
b01 start  — <none>
b01 finish rc=(370, 537)  t=240.0  completed=True  world=(1190.0, 2220.5)
b02 start  rc=(373, 458)  t=240.0  completed=True  world=(-1180.0, 2130.5)
b02 finish — <none>
b03 start  — <none>
b03 finish rc=(440, 95)  t=240.0  completed=True  world=(-12070.0, 120.5)
b04 start  — <none>
b04 finish — <none>
b05 start  — <none>
b05 finish — <none>
=== end ===

— end dump —

[GC#01] Sector 1 contained → Standby
Using multi-phase propagation with wind schedule.
[GC#02] updated fire after clearing batch
Applied action {'FireHercAgent': (2,), 'GroundCrewAgent': (2, 3)} at t=480 min
[ICS] open=[0, 2, 3, 4, 5]  crew_order=[2, 3, 0, 4, 5]  weights={0: 115.0, 2: 2647.0, 3: 259.0, 4: 45.0, 5: 3.0}
simulating in place

— after _record_anchor(bdy=2, role=start, cell=(373, 458), by=None) —

=== boundary_anchors (NOW) ===
b00 start  — <none>
b00 finish — <none>
b01 start  — <none>
b01 finish rc=(370, 537)  t=240.0  completed=True  world=(1190.0, 2220.5)
b02 start  rc=(373, 458)  t=480.0  completed=False  world=(-1180.0, 2130.5)
b02 finish — <none>
b03 start  — <none>
b03 finish rc=(440, 95)  t=240.0  completed=True  world=(-12070.0, 120.5)
b04 start  — <none>
b04 finish — <none>
b05 start  — <none>
b05 finish — <none>
=== end ===

— end dump —


— after _record_anchor(bdy=3, role=finish, cell=(440, 95), by=None) —

=== boundary_anchors (NOW) ===
b00 start  — <none>
b00 finish — <none>
b01 start  — <none>
b01 finish rc=(370, 537)  t=240.0  completed=True  world=(1190.0, 2220.5)
b02 start  rc=(373, 458)  t=480.0  completed=False  world=(-1180.0, 2130.5)
b02 finish — <none>
b03 start  — <none>
b03 finish rc=(440, 95)  t=480.0  completed=False  world=(-12070.0, 120.5)
b04 start  — <none>
b04 finish — <none>
b05 start  — <none>
b05 finish — <none>
=== end ===

— end dump —

[DEBUG] sector 2: start@bdy2 (373, 458)   finish@bdy3 (440, 95)
[GC#01] → sector 2  start (373, 458)  finish (440, 95)
  → selected [-1066.93742877   253.13300613] as drop point
FLUSHED
Using multi-phase propagation with wind schedule.
DROP RAN
[DEBUG] AT#00  finished drop in sector 2 – notifying ground crews
[DEBUG] GC#02  attempting re-plan… remaining path = 1121 cells
[DEBUG] GC#02 start@(326, 376)  raw_arr=inf  now=481.0  mtt=nan  within_buffer=False
[START] GC#02 using NEW (buffered by planner) → start (326, 376) on boundary 2
Start:  (326, 376)
Finish:  (440, 95)
[GC#02] fire-line length 450 cells (657.3 min; full plan)
[DEBUG] GC#02  new path accepted (length 450, ETA 657.3 min)
Using multi-phase propagation with wind schedule.
[GC#02] updated fire after clearing batch
Using multi-phase propagation with wind schedule.
[GC#02] updated fire after clearing batch
  → selected [-2666.19828848   367.16084195] as drop point
FLUSHED
Using multi-phase propagation with wind schedule.
DROP RAN
[DEBUG] AT#00  finished drop in sector 2 – notifying ground crews
[DEBUG] GC#02  attempting re-plan… remaining path = 450 cells
[DEBUG] GC#02 start@(368, 364)  raw_arr=inf  now=528.0  mtt=nan  within_buffer=False
[START] GC#02 using NEW (buffered by planner) → start (368, 364) on boundary 2
Start:  (368, 364)
Finish:  (440, 95)
[GC#02] fire-line length 376 cells (566.0 min; full plan)
[DEBUG] GC#02  new path accepted (length 376, ETA 566.0 min)
Using multi-phase propagation with wind schedule.
[GC#02] updated fire after clearing batch
[START] GC#01 using ANCHOR (unspecified source) → start (373, 458) on boundary 2
Start:  (373, 458)
Finish:  (440, 95)
[GC#01] fire-line length 587 cells (573.2 min; full plan)

— after _mark_anchor_completed(bdy=2, role=start, by=None) —

=== boundary_anchors (NOW) ===
b00 start  — <none>
b00 finish — <none>
b01 start  — <none>
b01 finish rc=(370, 537)  t=240.0  completed=True  world=(1190.0, 2220.5)
b02 start  rc=(373, 458)  t=480.0  completed=True  world=(-1180.0, 2130.5)
b02 finish — <none>
b03 start  — <none>
b03 finish rc=(440, 95)  t=480.0  completed=False  world=(-12070.0, 120.5)
b04 start  — <none>
b04 finish — <none>
b05 start  — <none>
b05 finish — <none>
=== end ===

— end dump —


— after _mark_anchor_completed(bdy=3, role=finish, by=<groundcrew.GroundCrewAgent object at 0x000001BA6E66CDD0>) —

=== boundary_anchors (NOW) ===
b00 start  — <none>
b00 finish — <none>
b01 start  — <none>
b01 finish rc=(370, 537)  t=240.0  completed=True  world=(1190.0, 2220.5)
b02 start  rc=(373, 458)  t=480.0  completed=True  world=(-1180.0, 2130.5)
b02 finish — <none>
b03 start  — <none>
b03 finish rc=(440, 95)  t=480.0  completed=True  world=(-12070.0, 120.5)
b04 start  — <none>
b04 finish — <none>
b05 start  — <none>
b05 finish — <none>
=== end ===

— end dump —

Using multi-phase propagation with wind schedule.
[GC#01] updated fire after clearing batch
Using multi-phase propagation with wind schedule.
[GC#01] updated fire after clearing batch
  → selected [-3823.49791116   519.52222773] as drop point
FLUSHED
FLUSHED
Using multi-phase propagation with wind schedule.
DROP RAN
[DEBUG] AT#00  finished drop in sector 2 – notifying ground crews
[DEBUG] GC#01  attempting re-plan… remaining path = 587 cells
[DEBUG] GC#01 start@(372, 349)  raw_arr=inf  now=573.0  mtt=nan  within_buffer=False
[START] GC#01 using NEW (buffered by planner) → start (372, 349) on boundary 2
Start:  (372, 349)
Finish:  (440, 95)
[GC#01] fire-line length 357 cells (518.0 min; full plan)
[DEBUG] GC#01  new path accepted (length 357, ETA 518.0 min)
[DEBUG] GC#02  attempting re-plan… remaining path = 376 cells
[DEBUG] GC#02 start@(382, 335)  raw_arr=inf  now=573.0  mtt=nan  within_buffer=False
[START] GC#02 using NEW (buffered by planner) → start (382, 335) on boundary 2
Start:  (382, 335)
Finish:  (440, 95)
[GC#02] fire-line length 333 cells (518.0 min; full plan)
[DEBUG] GC#02  new path accepted (length 333, ETA 518.0 min)
Using multi-phase propagation with wind schedule.
[GC#01] updated fire after clearing batch
Using multi-phase propagation with wind schedule.
[GC#02] updated fire after clearing batch
Applied action {'FireHercAgent': (3,), 'GroundCrewAgent': (3, 4)} at t=600 min
[ICS] open=[0, 2, 3, 4, 5]  crew_order=[2, 3, 0, 4, 5]  weights={0: 115.0, 2: 2647.0, 3: 259.0, 4: 45.0, 5: 3.0}
simulating in place
  → selected [-4900.67249887   229.67790255] as drop point
FLUSHED
FLUSHED
Using multi-phase propagation with wind schedule.
DROP RAN
[DEBUG] AT#00  finished drop in sector 2 – notifying ground crews
[DEBUG] GC#01  attempting re-plan… remaining path = 357 cells
[DEBUG] GC#01 start@(388, 307)  raw_arr=inf  now=619.0  mtt=nan  within_buffer=False
[START] GC#01 using NEW (buffered by planner) → start (388, 307) on boundary 2
Start:  (388, 307)
Finish:  (440, 95)
[GC#01] fire-line length 299 cells (468.6 min; full plan)
[DEBUG] GC#01  new path accepted (length 299, ETA 468.6 min)
[DEBUG] GC#02  attempting re-plan… remaining path = 333 cells
[DEBUG] GC#02 start@(388, 308)  raw_arr=inf  now=619.0  mtt=nan  within_buffer=False
[START] GC#02 using NEW (buffered by planner) → start (388, 308) on boundary 2
Start:  (388, 308)
Finish:  (440, 95)
[GC#02] fire-line length 300 cells (468.6 min; full plan)
[DEBUG] GC#02  new path accepted (length 300, ETA 468.6 min)
  → selected [-5060.18819138  1612.5371571 ] as drop point
FLUSHED
FLUSHED
Using multi-phase propagation with wind schedule.
DROP RAN
[DEBUG] AT#00  finished drop in sector 2 – notifying ground crews
[DEBUG] GC#01  attempting re-plan… remaining path = 299 cells
[DEBUG] GC#01 start@(387, 290)  raw_arr=inf  now=666.0  mtt=nan  within_buffer=False
[START] GC#01 using NEW (buffered by planner) → start (387, 290) on boundary 2
Start:  (387, 290)
Finish:  (440, 95)
[GC#01] fire-line length 281 cells (421.5 min; full plan)
[DEBUG] GC#01  new path accepted (length 281, ETA 421.5 min)
[DEBUG] GC#02  attempting re-plan… remaining path = 300 cells
[DEBUG] GC#02 start@(387, 290)  raw_arr=inf  now=666.0  mtt=nan  within_buffer=False
[START] GC#02 using NEW (buffered by planner) → start (387, 290) on boundary 2
Start:  (387, 290)
Finish:  (440, 95)
[GC#02] fire-line length 281 cells (421.5 min; full plan)
[DEBUG] GC#02  new path accepted (length 281, ETA 421.5 min)
Using multi-phase propagation with wind schedule.
[GC#01] updated fire after clearing batch
Using multi-phase propagation with wind schedule.
[GC#02] updated fire after clearing batch
Using multi-phase propagation with wind schedule.
[GC#01] updated fire after clearing batch
  → selected [-6827.24024386   313.79366687] as drop point
FLUSHED
FLUSHED
Using multi-phase propagation with wind schedule.
DROP RAN
[DEBUG] AT#00  finished drop in sector 2 – notifying ground crews
[DEBUG] GC#01  attempting re-plan… remaining path = 281 cells
[DEBUG] GC#01 start@(386, 252)  raw_arr=inf  now=713.0  mtt=nan  within_buffer=False
[START] GC#01 using NEW (buffered by planner) → start (386, 252) on boundary 2
Start:  (386, 252)
Finish:  (440, 95)
[GC#01] fire-line length 230 cells (370.8 min; full plan)
[DEBUG] GC#01  new path accepted (length 230, ETA 370.8 min)
[DEBUG] GC#02  attempting re-plan… remaining path = 281 cells
[DEBUG] GC#02 start@(386, 252)  raw_arr=inf  now=713.0  mtt=nan  within_buffer=False
[START] GC#02 using NEW (buffered by planner) → start (386, 252) on boundary 2
Start:  (386, 252)
Finish:  (440, 95)
[GC#02] fire-line length 230 cells (370.8 min; full plan)
[DEBUG] GC#02  new path accepted (length 230, ETA 370.8 min)
Applied action {'FireHercAgent': (3,), 'GroundCrewAgent': (3, 4)} at t=720 min
[ICS] open=[0, 2, 3, 4, 5]  crew_order=[2, 3, 0, 4, 5]  weights={0: 115.0, 2: 2647.0, 3: 259.0, 4: 45.0, 5: 3.0}
simulating in place
  → selected [-6968.46692213   933.56525286] as drop point
FLUSHED
FLUSHED
Using multi-phase propagation with wind schedule.
DROP RAN
[DEBUG] AT#00  finished drop in sector 2 – notifying ground crews
[DEBUG] GC#01  attempting re-plan… remaining path = 230 cells
[DEBUG] GC#01 start@(389, 235)  raw_arr=inf  now=758.0  mtt=nan  within_buffer=False
[START] GC#01 using NEW (buffered by planner) → start (389, 235) on boundary 2
Start:  (389, 235)
Finish:  (440, 95)
[GC#01] fire-line length 210 cells (323.7 min; full plan)
[DEBUG] GC#01  new path accepted (length 210, ETA 323.7 min)
[DEBUG] GC#02  attempting re-plan… remaining path = 230 cells
[DEBUG] GC#02 start@(389, 235)  raw_arr=inf  now=758.0  mtt=nan  within_buffer=False
[START] GC#02 using NEW (buffered by planner) → start (389, 235) on boundary 2
Start:  (389, 235)
Finish:  (440, 95)
[GC#02] fire-line length 210 cells (323.7 min; full plan)
[DEBUG] GC#02  new path accepted (length 210, ETA 323.7 min)
  → selected [-7514.72481174   343.80989134] as drop point
FLUSHED
FLUSHED
Using multi-phase propagation with wind schedule.
DROP RAN
[DEBUG] AT#00  finished drop in sector 2 – notifying ground crews
[DEBUG] GC#01  attempting re-plan… remaining path = 210 cells
[DEBUG] GC#01 start@(391, 216)  raw_arr=inf  now=804.0  mtt=nan  within_buffer=False
[START] GC#01 using NEW (buffered by planner) → start (391, 216) on boundary 2
Start:  (391, 216)
Finish:  (440, 95)
[GC#01] fire-line length 189 cells (276.4 min; full plan)
[DEBUG] GC#01  new path accepted (length 189, ETA 276.4 min)
[DEBUG] GC#02  attempting re-plan… remaining path = 210 cells
[DEBUG] GC#02 start@(391, 216)  raw_arr=inf  now=804.0  mtt=nan  within_buffer=False
[START] GC#02 using NEW (buffered by planner) → start (391, 216) on boundary 2
Start:  (391, 216)
Finish:  (440, 95)
[GC#02] fire-line length 189 cells (276.4 min; full plan)
[DEBUG] GC#02  new path accepted (length 189, ETA 276.4 min)
Applied action {'FireHercAgent': (3,), 'GroundCrewAgent': (3, 4)} at t=840 min
[ICS] open=[0, 2, 3, 4, 5]  crew_order=[2, 3, 0, 4, 5]  weights={0: 115.0, 2: 2647.0, 3: 259.0, 4: 45.0, 5: 3.0}
simulating in place
  → selected [-7625.33780196  1020.04394479] as drop point
FLUSHED
FLUSHED
Using multi-phase propagation with wind schedule.
DROP RAN
[DEBUG] AT#00  finished drop in sector 2 – notifying ground crews
[DEBUG] GC#02  attempting re-plan… remaining path = 189 cells
[DEBUG] GC#02 start@(392, 197)  raw_arr=inf  now=851.0  mtt=nan  within_buffer=False
[START] GC#02 using NEW (buffered by planner) → start (392, 197) on boundary 2
Start:  (392, 197)
Finish:  (440, 95)
[GC#02] fire-line length 169 cells (227.3 min; full plan)
[DEBUG] GC#02  new path accepted (length 169, ETA 227.3 min)
[DEBUG] GC#01  attempting re-plan… remaining path = 189 cells
[DEBUG] GC#01 start@(392, 197)  raw_arr=inf  now=851.0  mtt=nan  within_buffer=False
[START] GC#01 using NEW (buffered by planner) → start (392, 197) on boundary 2
Start:  (392, 197)
Finish:  (440, 95)
[GC#01] fire-line length 169 cells (227.3 min; full plan)
[DEBUG] GC#01  new path accepted (length 169, ETA 227.3 min)
  → selected [-7781.74505355   355.46824687] as drop point
FLUSHED
FLUSHED
Using multi-phase propagation with wind schedule.
DROP RAN
[DEBUG] AT#00  finished drop in sector 2 – notifying ground crews
[DEBUG] GC#01  attempting re-plan… remaining path = 169 cells
[DEBUG] GC#01 start@(392, 177)  raw_arr=inf  now=898.0  mtt=nan  within_buffer=False
[START] GC#01 using NEW (buffered by planner) → start (392, 177) on boundary 2
Start:  (392, 177)
Finish:  (440, 95)
[GC#01] fire-line length 149 cells (180.2 min; full plan)
[DEBUG] GC#01  new path accepted (length 149, ETA 180.2 min)
[DEBUG] GC#02  attempting re-plan… remaining path = 169 cells
[DEBUG] GC#02 start@(392, 177)  raw_arr=inf  now=898.0  mtt=nan  within_buffer=False
[START] GC#02 using NEW (buffered by planner) → start (392, 177) on boundary 2
Start:  (392, 177)
Finish:  (440, 95)
[GC#02] fire-line length 149 cells (180.2 min; full plan)
[DEBUG] GC#02  new path accepted (length 149, ETA 180.2 min)
  → selected [-7323.15599608  1640.10327083] as drop point
FLUSHED
FLUSHED
Using multi-phase propagation with wind schedule.
DROP RAN
[DEBUG] AT#00  finished drop in sector 2 – notifying ground crews
[DEBUG] GC#01  attempting re-plan… remaining path = 149 cells
[DEBUG] GC#01 start@(392, 155)  raw_arr=inf  now=945.0  mtt=nan  within_buffer=False
[START] GC#01 using NEW (buffered by planner) → start (392, 155) on boundary 2
Start:  (392, 155)
Finish:  (440, 95)
[GC#01] fire-line length 129 cells (124.8 min; full plan)
[DEBUG] GC#01  new path accepted (length 129, ETA 124.8 min)
[DEBUG] GC#02  attempting re-plan… remaining path = 149 cells
[DEBUG] GC#02 start@(392, 155)  raw_arr=inf  now=945.0  mtt=nan  within_buffer=False
[START] GC#02 using NEW (buffered by planner) → start (392, 155) on boundary 2
Start:  (392, 155)
Finish:  (440, 95)
[GC#02] fire-line length 129 cells (124.8 min; full plan)
[DEBUG] GC#02  new path accepted (length 129, ETA 124.8 min)
Applied action {'FireHercAgent': (3,), 'GroundCrewAgent': (3, 4)} at t=960 min
[ICS] open=[0, 2, 3, 4, 5]  crew_order=[2, 3, 0, 4, 5]  weights={0: 115.0, 2: 2647.0, 3: 259.0, 4: 45.0, 5: 3.0}
simulating in place
Using multi-phase propagation with wind schedule.
[GC#01] updated fire after clearing batch
Using multi-phase propagation with wind schedule.
[GC#02] updated fire after clearing batch
Using multi-phase propagation with wind schedule.
[GC#01] updated fire after clearing batch
  → selected [-8207.67585559  -343.08086141] as drop point
FLUSHED
FLUSHED
Using multi-phase propagation with wind schedule.
DROP RAN
[DEBUG] AT#00  finished drop in sector 3 – notifying ground crews
Using multi-phase propagation with wind schedule.
[GC#01] updated fire after clearing batch
Using multi-phase propagation with wind schedule.
[GC#02] updated fire after clearing batch
Using multi-phase propagation with wind schedule.
[GC#02] updated fire after clearing batch
  → selected [-8155.40577085 -1058.84479089] as drop point
FLUSHED
FLUSHED
Using multi-phase propagation with wind schedule.
DROP RAN
[DEBUG] AT#00  finished drop in sector 3 – notifying ground crews
Using multi-phase propagation with wind schedule.
[GC#02] updated fire after clearing batch
Sector contained  2

— after _mark_anchor_completed(bdy=2, role=start, by=None) —

=== boundary_anchors (NOW) ===
b00 start  — <none>
b00 finish — <none>
b01 start  — <none>
b01 finish rc=(370, 537)  t=240.0  completed=True  world=(1190.0, 2220.5)
b02 start  rc=(373, 458)  t=480.0  completed=True  world=(-1180.0, 2130.5)
b02 finish — <none>
b03 start  — <none>
b03 finish rc=(440, 95)  t=480.0  completed=True  world=(-12070.0, 120.5)
b04 start  — <none>
b04 finish — <none>
b05 start  — <none>
b05 finish — <none>
=== end ===

— end dump —


— after _mark_anchor_completed(bdy=3, role=finish, by=None) —

=== boundary_anchors (NOW) ===
b00 start  — <none>
b00 finish — <none>
b01 start  — <none>
b01 finish rc=(370, 537)  t=240.0  completed=True  world=(1190.0, 2220.5)
b02 start  rc=(373, 458)  t=480.0  completed=True  world=(-1180.0, 2130.5)
b02 finish — <none>
b03 start  — <none>
b03 finish rc=(440, 95)  t=480.0  completed=True  world=(-12070.0, 120.5)
b04 start  — <none>
b04 finish — <none>
b05 start  — <none>
b05 finish — <none>
=== end ===

— end dump —

[GC#02] Sector 2 contained → Standby
Using multi-phase propagation with wind schedule.
[GC#01] updated fire after clearing batch
Sector contained  2

— after _mark_anchor_completed(bdy=2, role=start, by=None) —

=== boundary_anchors (NOW) ===
b00 start  — <none>
b00 finish — <none>
b01 start  — <none>
b01 finish rc=(370, 537)  t=240.0  completed=True  world=(1190.0, 2220.5)
b02 start  rc=(373, 458)  t=480.0  completed=True  world=(-1180.0, 2130.5)
b02 finish — <none>
b03 start  — <none>
b03 finish rc=(440, 95)  t=480.0  completed=True  world=(-12070.0, 120.5)
b04 start  — <none>
b04 finish — <none>
b05 start  — <none>
b05 finish — <none>
=== end ===

— end dump —


— after _mark_anchor_completed(bdy=3, role=finish, by=None) —

=== boundary_anchors (NOW) ===
b00 start  — <none>
b00 finish — <none>
b01 start  — <none>
b01 finish rc=(370, 537)  t=240.0  completed=True  world=(1190.0, 2220.5)
b02 start  rc=(373, 458)  t=480.0  completed=True  world=(-1180.0, 2130.5)
b02 finish — <none>
b03 start  — <none>
b03 finish rc=(440, 95)  t=480.0  completed=True  world=(-12070.0, 120.5)
b04 start  — <none>
b04 finish — <none>
b05 start  — <none>
b05 finish — <none>
=== end ===

— end dump —

[GC#01] Sector 2 contained → Standby
Applied action {'FireHercAgent': (4,), 'GroundCrewAgent': (3, 4)} at t=1080 min
[ICS] open=[0, 3, 4, 5]  crew_order=[3, 0, 4, 5]  weights={0: 115.0, 3: 259.0, 4: 45.0, 5: 3.0}
simulating in place

— after _record_anchor(bdy=3, role=start, cell=(440, 95), by=None) —

=== boundary_anchors (NOW) ===
b00 start  — <none>
b00 finish — <none>
b01 start  — <none>
b01 finish rc=(370, 537)  t=240.0  completed=True  world=(1190.0, 2220.5)
b02 start  rc=(373, 458)  t=480.0  completed=True  world=(-1180.0, 2130.5)
b02 finish — <none>
b03 start  rc=(440, 95)  t=1080.0  completed=False  world=(-12070.0, 120.5)
b03 finish rc=(440, 95)  t=480.0  completed=True  world=(-12070.0, 120.5)
b04 start  — <none>
b04 finish — <none>
b05 start  — <none>
b05 finish — <none>
=== end ===

— end dump —


— after _record_anchor(bdy=4, role=finish, cell=(702, 346), by=None) —

=== boundary_anchors (NOW) ===
b00 start  — <none>
b00 finish — <none>
b01 start  — <none>
b01 finish rc=(370, 537)  t=240.0  completed=True  world=(1190.0, 2220.5)
b02 start  rc=(373, 458)  t=480.0  completed=True  world=(-1180.0, 2130.5)
b02 finish — <none>
b03 start  rc=(440, 95)  t=1080.0  completed=False  world=(-12070.0, 120.5)
b03 finish rc=(440, 95)  t=480.0  completed=True  world=(-12070.0, 120.5)
b04 start  — <none>
b04 finish rc=(702, 346)  t=1080.0  completed=False  world=(-4540.0, -7739.5)
b05 start  — <none>
b05 finish — <none>
=== end ===

— end dump —

[DEBUG] sector 3: start@bdy3 (440, 95)   finish@bdy4 (702, 346)
[GC#01] → sector 3  start (440, 95)  finish (702, 346)

— after _record_anchor(bdy=1, role=start, cell=(370, 537), by=None) —

=== boundary_anchors (NOW) ===
b00 start  — <none>
b00 finish — <none>
b01 start  rc=(370, 537)  t=1080.0  completed=False  world=(1190.0, 2220.5)
b01 finish rc=(370, 537)  t=240.0  completed=True  world=(1190.0, 2220.5)
b02 start  rc=(373, 458)  t=480.0  completed=True  world=(-1180.0, 2130.5)
b02 finish — <none>
b03 start  rc=(440, 95)  t=1080.0  completed=False  world=(-12070.0, 120.5)
b03 finish rc=(440, 95)  t=480.0  completed=True  world=(-12070.0, 120.5)
b04 start  — <none>
b04 finish rc=(702, 346)  t=1080.0  completed=False  world=(-4540.0, -7739.5)
b05 start  — <none>
b05 finish — <none>
=== end ===

— end dump —


— after _record_anchor(bdy=0, role=finish, cell=(440, 799), by=None) —

=== boundary_anchors (NOW) ===
b00 start  — <none>
b00 finish rc=(440, 799)  t=1080.0  completed=False  world=(9050.0, 120.5)
b01 start  rc=(370, 537)  t=1080.0  completed=False  world=(1190.0, 2220.5)
b01 finish rc=(370, 537)  t=240.0  completed=True  world=(1190.0, 2220.5)
b02 start  rc=(373, 458)  t=480.0  completed=True  world=(-1180.0, 2130.5)
b02 finish — <none>
b03 start  rc=(440, 95)  t=1080.0  completed=False  world=(-12070.0, 120.5)
b03 finish rc=(440, 95)  t=480.0  completed=True  world=(-12070.0, 120.5)
b04 start  — <none>
b04 finish rc=(702, 346)  t=1080.0  completed=False  world=(-4540.0, -7739.5)
b05 start  — <none>
b05 finish — <none>
=== end ===

— end dump —

[DEBUG] sector 0: start@bdy1 (370, 537)   finish@bdy0 (440, 799)
[GC#02] → sector 0  start (370, 537)  finish (440, 799)
[START] GC#01 using ANCHOR (unspecified source) → start (440, 95) on boundary 3
Start:  (440, 95)
Finish:  (702, 346)
[GC#01] fire-line length 540 cells (303.2 min; full plan)

— after _mark_anchor_completed(bdy=3, role=start, by=None) —

=== boundary_anchors (NOW) ===
b00 start  — <none>
b00 finish rc=(440, 799)  t=1080.0  completed=False  world=(9050.0, 120.5)
b01 start  rc=(370, 537)  t=1080.0  completed=False  world=(1190.0, 2220.5)
b01 finish rc=(370, 537)  t=240.0  completed=True  world=(1190.0, 2220.5)
b02 start  rc=(373, 458)  t=480.0  completed=True  world=(-1180.0, 2130.5)
b02 finish — <none>
b03 start  rc=(440, 95)  t=1080.0  completed=True  world=(-12070.0, 120.5)
b03 finish rc=(440, 95)  t=480.0  completed=True  world=(-12070.0, 120.5)
b04 start  — <none>
b04 finish rc=(702, 346)  t=1080.0  completed=False  world=(-4540.0, -7739.5)
b05 start  — <none>
b05 finish — <none>
=== end ===

— end dump —


— after _mark_anchor_completed(bdy=4, role=finish, by=<groundcrew.GroundCrewAgent object at 0x000001BA6E66CDD0>) —

=== boundary_anchors (NOW) ===
b00 start  — <none>
b00 finish rc=(440, 799)  t=1080.0  completed=False  world=(9050.0, 120.5)
b01 start  rc=(370, 537)  t=1080.0  completed=False  world=(1190.0, 2220.5)
b01 finish rc=(370, 537)  t=240.0  completed=True  world=(1190.0, 2220.5)
b02 start  rc=(373, 458)  t=480.0  completed=True  world=(-1180.0, 2130.5)
b02 finish — <none>
b03 start  rc=(440, 95)  t=1080.0  completed=True  world=(-12070.0, 120.5)
b03 finish rc=(440, 95)  t=480.0  completed=True  world=(-12070.0, 120.5)
b04 start  — <none>
b04 finish rc=(702, 346)  t=1080.0  completed=True  world=(-4540.0, -7739.5)
b05 start  — <none>
b05 finish — <none>
=== end ===

— end dump —

  → selected [ 1497.57014948 -3587.91033852] as drop point
FLUSHED
Using multi-phase propagation with wind schedule.
DROP RAN
[DEBUG] AT#00  finished drop in sector 4 – notifying ground crews
  → selected [ 1836.28159288 -3502.38252684] as drop point
FLUSHED
Using multi-phase propagation with wind schedule.
DROP RAN
[DEBUG] AT#00  finished drop in sector 4 – notifying ground crews
  → selected [ 1657.08294258 -3973.00828698] as drop point
FLUSHED
Using multi-phase propagation with wind schedule.
DROP RAN
[DEBUG] AT#00  finished drop in sector 4 – notifying ground crews
Applied action {'FireHercAgent': (5,), 'GroundCrewAgent': (4, 1)} at t=1200 min
[ICS] open=[0, 3, 4, 5]  crew_order=[3, 0, 4, 5]  weights={0: 115.0, 3: 259.0, 4: 45.0, 5: 3.0}
simulating in place
  → selected [4334.88714342  204.53926562] as drop point
FLUSHED
Using multi-phase propagation with wind schedule.
DROP RAN
[DEBUG] AT#00  finished drop in sector 0 – notifying ground crews
Using multi-phase propagation with wind schedule.
[GC#01] updated fire after clearing batch
Using multi-phase propagation with wind schedule.
[GC#01] updated fire after clearing batch
Using multi-phase propagation with wind schedule.
[GC#01] updated fire after clearing batch
  → selected [2308.5923568 3631.420147 ] as drop point
FLUSHED
Using multi-phase propagation with wind schedule.
DROP RAN
[DEBUG] AT#00  finished drop in sector 0 – notifying ground crews
Using multi-phase propagation with wind schedule.
[GC#01] updated fire after clearing batch
Applied action {'FireHercAgent': (1,), 'GroundCrewAgent': (4, 1)} at t=1320 min
[ICS] open=[0, 3, 4, 5]  crew_order=[3, 0, 4, 5]  weights={0: 115.0, 3: 259.0, 4: 45.0, 5: 3.0}
simulating in place
  → selected [-9267.55527341 -1205.26205059] as drop point
FLUSHED
Using multi-phase propagation with wind schedule.
DROP RAN
[DEBUG] AT#00  finished drop in sector 3 – notifying ground crews
[DEBUG] GC#01  attempting re-plan… remaining path = 540 cells
[DEBUG] GC#01 start@(530, 174)  raw_arr=inf  now=1325.0  mtt=nan  within_buffer=False
[START] GC#01 using NEW (buffered by planner) → start (530, 174) on boundary 3
Start:  (530, 174)
Finish:  (702, 346)
[GC#01] fire-line length 371 cells (56.5 min; full plan)
[DEBUG] GC#01  new path accepted (length 371, ETA 56.5 min)
Using multi-phase propagation with wind schedule.
[GC#01] updated fire after clearing batch
Using multi-phase propagation with wind schedule.
[GC#01] updated fire after clearing batch
  → selected [-8675.61975538 -1908.95334179] as drop point
FLUSHED
Using multi-phase propagation with wind schedule.
DROP RAN
[DEBUG] AT#00  finished drop in sector 3 – notifying ground crews
[DEBUG] GC#01  attempting re-plan… remaining path = 371 cells
[DEBUG] GC#01 start@(554, 218)  raw_arr=inf  now=1372.0  mtt=nan  within_buffer=False
[START] GC#01 using NEW (buffered by planner) → start (554, 218) on boundary 3
Start:  (554, 218)
Finish:  (702, 346)
[GC#01] fire-line length 303 cells (9.4 min; full plan)
[DEBUG] GC#01  new path accepted (length 303, ETA 9.4 min)
Using multi-phase propagation with wind schedule.
[GC#01] updated fire after clearing batch
Using multi-phase propagation with wind schedule.
[GC#01] updated fire after clearing batch
Using multi-phase propagation with wind schedule.
[GC#01] updated fire after clearing batch
Using multi-phase propagation with wind schedule.
[GC#01] updated fire after clearing batch
Using multi-phase propagation with wind schedule.
[GC#01] updated fire after clearing batch
Using multi-phase propagation with wind schedule.
[GC#01] updated fire after clearing batch
Using multi-phase propagation with wind schedule.
[GC#01] updated fire after clearing batch
Using multi-phase propagation with wind schedule.
[GC#01] updated fire after clearing batch
Using multi-phase propagation with wind schedule.
[GC#01] updated fire after clearing batch
Using multi-phase propagation with wind schedule.
[GC#01] updated fire after clearing batch
Using multi-phase propagation with wind schedule.
[GC#01] updated fire after clearing batch
Using multi-phase propagation with wind schedule.
[GC#01] updated fire after clearing batch
Sector contained  3

— after _mark_anchor_completed(bdy=3, role=start, by=None) —

=== boundary_anchors (NOW) ===
b00 start  — <none>
b00 finish rc=(440, 799)  t=1080.0  completed=False  world=(9050.0, 120.5)
b01 start  rc=(370, 537)  t=1080.0  completed=False  world=(1190.0, 2220.5)
b01 finish rc=(370, 537)  t=240.0  completed=True  world=(1190.0, 2220.5)
b02 start  rc=(373, 458)  t=480.0  completed=True  world=(-1180.0, 2130.5)
b02 finish — <none>
b03 start  rc=(440, 95)  t=1080.0  completed=True  world=(-12070.0, 120.5)
b03 finish rc=(440, 95)  t=480.0  completed=True  world=(-12070.0, 120.5)
b04 start  — <none>
b04 finish rc=(702, 346)  t=1080.0  completed=True  world=(-4540.0, -7739.5)
b05 start  — <none>
b05 finish — <none>
=== end ===

— end dump —


— after _mark_anchor_completed(bdy=4, role=finish, by=None) —

=== boundary_anchors (NOW) ===
b00 start  — <none>
b00 finish rc=(440, 799)  t=1080.0  completed=False  world=(9050.0, 120.5)
b01 start  rc=(370, 537)  t=1080.0  completed=False  world=(1190.0, 2220.5)
b01 finish rc=(370, 537)  t=240.0  completed=True  world=(1190.0, 2220.5)
b02 start  rc=(373, 458)  t=480.0  completed=True  world=(-1180.0, 2130.5)
b02 finish — <none>
b03 start  rc=(440, 95)  t=1080.0  completed=True  world=(-12070.0, 120.5)
b03 finish rc=(440, 95)  t=480.0  completed=True  world=(-12070.0, 120.5)
b04 start  — <none>
b04 finish rc=(702, 346)  t=1080.0  completed=True  world=(-4540.0, -7739.5)
b05 start  — <none>
b05 finish — <none>
=== end ===

— end dump —

[GC#01] Sector 3 contained → Standby
  → selected [-4734.32747147 -4327.2942541 ] as drop point
Using multi-phase propagation with wind schedule.
DROP RAN
[DEBUG] AT#00  finished drop in sector 3 – notifying ground crews
Applied action {'FireHercAgent': (4,), 'GroundCrewAgent': (4, 1)} at t=1440 min
[ICS] open=[0, 4, 5]  crew_order=[0, 4, 5]  weights={0: 115.0, 4: 45.0, 5: 3.0}
simulating in place

— after _record_anchor(bdy=1, role=start, cell=(370, 537), by=None) —

=== boundary_anchors (NOW) ===
b00 start  — <none>
b00 finish rc=(440, 799)  t=1080.0  completed=False  world=(9050.0, 120.5)
b01 start  rc=(370, 537)  t=1440.0  completed=False  world=(1190.0, 2220.5)
b01 finish rc=(370, 537)  t=240.0  completed=True  world=(1190.0, 2220.5)
b02 start  rc=(373, 458)  t=480.0  completed=True  world=(-1180.0, 2130.5)
b02 finish — <none>
b03 start  rc=(440, 95)  t=1080.0  completed=True  world=(-12070.0, 120.5)
b03 finish rc=(440, 95)  t=480.0  completed=True  world=(-12070.0, 120.5)
b04 start  — <none>
b04 finish rc=(702, 346)  t=1080.0  completed=True  world=(-4540.0, -7739.5)
b05 start  — <none>
b05 finish — <none>
=== end ===

— end dump —


— after _record_anchor(bdy=0, role=finish, cell=(440, 834), by=None) —

=== boundary_anchors (NOW) ===
b00 start  — <none>
b00 finish rc=(440, 834)  t=1440.0  completed=False  world=(10100.0, 120.5)
b01 start  rc=(370, 537)  t=1440.0  completed=False  world=(1190.0, 2220.5)
b01 finish rc=(370, 537)  t=240.0  completed=True  world=(1190.0, 2220.5)
b02 start  rc=(373, 458)  t=480.0  completed=True  world=(-1180.0, 2130.5)
b02 finish — <none>
b03 start  rc=(440, 95)  t=1080.0  completed=True  world=(-12070.0, 120.5)
b03 finish rc=(440, 95)  t=480.0  completed=True  world=(-12070.0, 120.5)
b04 start  — <none>
b04 finish rc=(702, 346)  t=1080.0  completed=True  world=(-4540.0, -7739.5)
b05 start  — <none>
b05 finish — <none>
=== end ===

— end dump —

[DEBUG] sector 0: start@bdy1 (370, 537)   finish@bdy0 (440, 834)
[GC#01] → sector 0  start (370, 537)  finish (440, 834)
  → selected [-2284.79350814 -5512.53937565] as drop point
Using multi-phase propagation with wind schedule.
DROP RAN
[DEBUG] AT#00  finished drop in sector 4 – notifying ground crews
  → selected [ 1770.93145945 -5585.35230354] as drop point
Using multi-phase propagation with wind schedule.
DROP RAN
[DEBUG] AT#00  finished drop in sector 4 – notifying ground crews
[START] GC#02 using ANCHOR (unspecified source) → start (370, 537) on boundary 1
Start:  (370, 537)
Finish:  (440, 799)
[GC#02] fire-line length 1641 cells (894.6 min; full plan)

— after _mark_anchor_completed(bdy=1, role=start, by=None) —

=== boundary_anchors (NOW) ===
b00 start  — <none>
b00 finish rc=(440, 834)  t=1440.0  completed=False  world=(10100.0, 120.5)
b01 start  rc=(370, 537)  t=1440.0  completed=True  world=(1190.0, 2220.5)
b01 finish rc=(370, 537)  t=240.0  completed=True  world=(1190.0, 2220.5)
b02 start  rc=(373, 458)  t=480.0  completed=True  world=(-1180.0, 2130.5)
b02 finish — <none>
b03 start  rc=(440, 95)  t=1080.0  completed=True  world=(-12070.0, 120.5)
b03 finish rc=(440, 95)  t=480.0  completed=True  world=(-12070.0, 120.5)
b04 start  — <none>
b04 finish rc=(702, 346)  t=1080.0  completed=True  world=(-4540.0, -7739.5)
b05 start  — <none>
b05 finish — <none>
=== end ===

— end dump —


— after _mark_anchor_completed(bdy=0, role=finish, by=<groundcrew.GroundCrewAgent object at 0x000001BA6E5228D0>) —

=== boundary_anchors (NOW) ===
b00 start  — <none>
b00 finish rc=(440, 834)  t=1440.0  completed=True  world=(10100.0, 120.5)
b01 start  rc=(370, 537)  t=1440.0  completed=True  world=(1190.0, 2220.5)
b01 finish rc=(370, 537)  t=240.0  completed=True  world=(1190.0, 2220.5)
b02 start  rc=(373, 458)  t=480.0  completed=True  world=(-1180.0, 2130.5)
b02 finish — <none>
b03 start  rc=(440, 95)  t=1080.0  completed=True  world=(-12070.0, 120.5)
b03 finish rc=(440, 95)  t=480.0  completed=True  world=(-12070.0, 120.5)
b04 start  — <none>
b04 finish rc=(702, 346)  t=1080.0  completed=True  world=(-4540.0, -7739.5)
b05 start  — <none>
b05 finish — <none>
=== end ===

— end dump —

Using multi-phase propagation with wind schedule.
[GC#02] updated fire after clearing batch
Using multi-phase propagation with wind schedule.
[GC#02] updated fire after clearing batch
  → selected [-2363.13585893 -7495.25019016] as drop point
FLUSHED
Using multi-phase propagation with wind schedule.
DROP RAN
[DEBUG] AT#00  finished drop in sector 4 – notifying ground crews
Applied action {'FireHercAgent': (5,), 'GroundCrewAgent': (1, 5)} at t=1560 min
[ICS] open=[0, 4, 5]  crew_order=[0, 4, 5]  weights={0: 115.0, 4: 45.0, 5: 3.0}
simulating in place
Using multi-phase propagation with wind schedule.
[GC#02] updated fire after clearing batch
Using multi-phase propagation with wind schedule.
[GC#02] updated fire after clearing batch
  → selected [ 3625.80617832 -3935.93328096] as drop point
Using multi-phase propagation with wind schedule.
DROP RAN
[DEBUG] AT#00  finished drop in sector 5 – notifying ground crews
Using multi-phase propagation with wind schedule.
[GC#02] updated fire after clearing batch
  → selected [ 3390.06914223 -4396.02639851] as drop point
FLUSHED
Using multi-phase propagation with wind schedule.
DROP RAN
[DEBUG] AT#00  finished drop in sector 5 – notifying ground crews
Using multi-phase propagation with wind schedule.
[GC#02] updated fire after clearing batch
Applied action {'FireHercAgent': (6,), 'GroundCrewAgent': (1, 5)} at t=1680 min
[ICS] open=[0, 4, 5]  crew_order=[0, 4, 5]  weights={0: 115.0, 4: 45.0, 5: 3.0}
simulating in place
  → selected [4361.57537218  981.32323383] as drop point
FLUSHED
Using multi-phase propagation with wind schedule.
DROP RAN
[DEBUG] AT#00  finished drop in sector 0 – notifying ground crews
[DEBUG] GC#02  attempting re-plan… remaining path = 1641 cells
[DEBUG] GC#02 start@(291, 298)  raw_arr=inf  now=1705.0  mtt=nan  within_buffer=False
[START] GC#02 using NEW (buffered by planner) → start (291, 298) on boundary 1
Start:  (291, 298)
Finish:  (440, 799)
[GC#02] fire-line length 1285 cells (718.5 min; full plan)
[DEBUG] GC#02  new path accepted (length 1285, ETA 718.5 min)
Using multi-phase propagation with wind schedule.
[GC#02] updated fire after clearing batch
  → selected [3636.7910797  5716.27452588] as drop point
FLUSHED
Using multi-phase propagation with wind schedule.
DROP RAN
[DEBUG] AT#00  finished drop in sector 0 – notifying ground crews
[DEBUG] GC#02  attempting re-plan… remaining path = 1285 cells
[DEBUG] GC#02 start@(282, 271)  raw_arr=inf  now=1751.0  mtt=nan  within_buffer=False
[START] GC#02 using NEW (buffered by planner) → start (282, 271) on boundary 1
Start:  (282, 271)
Finish:  (440, 799)
[GC#02] fire-line length 1249 cells (662.9 min; full plan)
[DEBUG] GC#02  new path accepted (length 1249, ETA 662.9 min)
Using multi-phase propagation with wind schedule.
[GC#02] updated fire after clearing batch
Using multi-phase propagation with wind schedule.
[GC#02] updated fire after clearing batch
Using multi-phase propagation with wind schedule.
[GC#02] updated fire after clearing batch
[START] GC#01 using ANCHOR (unspecified source) → start (370, 537) on boundary 1
Start:  (370, 537)
Finish:  (440, 834)
[GC#01] fire-line length 1646 cells (691.4 min; full plan)

— after _mark_anchor_completed(bdy=1, role=start, by=None) —

=== boundary_anchors (NOW) ===
b00 start  — <none>
b00 finish rc=(440, 834)  t=1440.0  completed=True  world=(10100.0, 120.5)
b01 start  rc=(370, 537)  t=1440.0  completed=True  world=(1190.0, 2220.5)
b01 finish rc=(370, 537)  t=240.0  completed=True  world=(1190.0, 2220.5)
b02 start  rc=(373, 458)  t=480.0  completed=True  world=(-1180.0, 2130.5)
b02 finish — <none>
b03 start  rc=(440, 95)  t=1080.0  completed=True  world=(-12070.0, 120.5)
b03 finish rc=(440, 95)  t=480.0  completed=True  world=(-12070.0, 120.5)
b04 start  — <none>
b04 finish rc=(702, 346)  t=1080.0  completed=True  world=(-4540.0, -7739.5)
b05 start  — <none>
b05 finish — <none>
=== end ===

— end dump —


— after _mark_anchor_completed(bdy=0, role=finish, by=<groundcrew.GroundCrewAgent object at 0x000001BA6E66CDD0>) —

=== boundary_anchors (NOW) ===
b00 start  — <none>
b00 finish rc=(440, 834)  t=1440.0  completed=True  world=(10100.0, 120.5)
b01 start  rc=(370, 537)  t=1440.0  completed=True  world=(1190.0, 2220.5)
b01 finish rc=(370, 537)  t=240.0  completed=True  world=(1190.0, 2220.5)
b02 start  rc=(373, 458)  t=480.0  completed=True  world=(-1180.0, 2130.5)
b02 finish — <none>
b03 start  rc=(440, 95)  t=1080.0  completed=True  world=(-12070.0, 120.5)
b03 finish rc=(440, 95)  t=480.0  completed=True  world=(-12070.0, 120.5)
b04 start  — <none>
b04 finish rc=(702, 346)  t=1080.0  completed=True  world=(-4540.0, -7739.5)
b05 start  — <none>
b05 finish — <none>
=== end ===

— end dump —

Using multi-phase propagation with wind schedule.
[GC#01] updated fire after clearing batch
Using multi-phase propagation with wind schedule.
[GC#01] updated fire after clearing batch
Using multi-phase propagation with wind schedule.
[GC#01] updated fire after clearing batch
Using multi-phase propagation with wind schedule.
[GC#01] updated fire after clearing batch
Using multi-phase propagation with wind schedule.
[GC#01] updated fire after clearing batch
Using multi-phase propagation with wind schedule.
[GC#02] updated fire after clearing batch
Using multi-phase propagation with wind schedule.
[GC#02] updated fire after clearing batch
Using multi-phase propagation with wind schedule.
[GC#01] updated fire after clearing batch
Using multi-phase propagation with wind schedule.
[GC#02] updated fire after clearing batch
  → selected [3814.55201747 4980.20717775] as drop point
FLUSHED
FLUSHED
Using multi-phase propagation with wind schedule.
DROP RAN
[DEBUG] AT#00  finished drop in sector 0 – notifying ground crews
[DEBUG] GC#01  attempting re-plan… remaining path = 1646 cells
[DEBUG] GC#01 start@(205, 221)  raw_arr=inf  now=1797.0  mtt=nan  within_buffer=False
[START] GC#01 using NEW (buffered by planner) → start (205, 221) on boundary 1
Start:  (205, 221)
Finish:  (440, 834)
[GC#01] fire-line length 1133 cells (655.8 min; full plan)
[DEBUG] GC#01  new path accepted (length 1133, ETA 655.8 min)
[DEBUG] GC#02  attempting re-plan… remaining path = 1249 cells
[DEBUG] GC#02 start@(200, 229)  raw_arr=inf  now=1797.0  mtt=nan  within_buffer=False
[START] GC#02 using NEW (buffered by planner) → start (200, 229) on boundary 1
Start:  (200, 229)
Finish:  (440, 799)
[GC#02] fire-line length 1103 cells (612.9 min; full plan)
[DEBUG] GC#02  new path accepted (length 1103, ETA 612.9 min)
Applied action {'FireHercAgent': (1,), 'GroundCrewAgent': (1, 5)} at t=1800 min
[ICS] open=[0, 4, 5]  crew_order=[0, 4, 5]  weights={0: 115.0, 4: 45.0, 5: 3.0}
simulating in place
Using multi-phase propagation with wind schedule.
[GC#01] updated fire after clearing batch
Using multi-phase propagation with wind schedule.
[GC#02] updated fire after clearing batch
Using multi-phase propagation with wind schedule.
[GC#01] updated fire after clearing batch
Using multi-phase propagation with wind schedule.
[GC#02] updated fire after clearing batch
Using multi-phase propagation with wind schedule.
[GC#01] updated fire after clearing batch
  → selected [4554.72113505  614.47516093] as drop point
FLUSHED
FLUSHED
Using multi-phase propagation with wind schedule.
DROP RAN
[DEBUG] AT#00  finished drop in sector 0 – notifying ground crews
[DEBUG] GC#01  attempting re-plan… remaining path = 1133 cells
[DEBUG] GC#01 start@(158, 275)  raw_arr=inf  now=1843.0  mtt=nan  within_buffer=False
[START] GC#01 using NEW (buffered by planner) → start (158, 275) on boundary 1
Start:  (158, 275)
Finish:  (440, 834)
[GC#01] fire-line length 1080 cells (646.4 min; full plan)
[DEBUG] GC#01  new path accepted (length 1080, ETA 646.4 min)
[DEBUG] GC#02  attempting re-plan… remaining path = 1103 cells
[DEBUG] GC#02 start@(158, 275)  raw_arr=inf  now=1843.0  mtt=nan  within_buffer=False
[START] GC#02 using NEW (buffered by planner) → start (158, 275) on boundary 1
Start:  (158, 275)
Finish:  (440, 799)
[GC#02] fire-line length 1063 cells (603.4 min; full plan)
[DEBUG] GC#02  new path accepted (length 1063, ETA 603.4 min)
Using multi-phase propagation with wind schedule.
[GC#02] updated fire after clearing batch
Using multi-phase propagation with wind schedule.
[GC#01] updated fire after clearing batch
Using multi-phase propagation with wind schedule.
[GC#01] updated fire after clearing batch
Using multi-phase propagation with wind schedule.
[GC#02] updated fire after clearing batch
  → selected [4007.96832609 5232.27221866] as drop point
FLUSHED
FLUSHED
Using multi-phase propagation with wind schedule.
DROP RAN
[DEBUG] AT#00  finished drop in sector 0 – notifying ground crews
[DEBUG] GC#01  attempting re-plan… remaining path = 1080 cells
[DEBUG] GC#01 start@(126, 283)  raw_arr=inf  now=1889.0  mtt=nan  within_buffer=False
[START] GC#01 using NEW (buffered by planner) → start (126, 283) on boundary 1
Start:  (126, 283)
Finish:  (440, 834)
[GC#01] fire-line length 1006 cells (599.3 min; full plan)
[DEBUG] GC#01  new path accepted (length 1006, ETA 599.3 min)
[DEBUG] GC#02  attempting re-plan… remaining path = 1063 cells
[DEBUG] GC#02 start@(126, 283)  raw_arr=inf  now=1889.0  mtt=nan  within_buffer=False
[START] GC#02 using NEW (buffered by planner) → start (126, 283) on boundary 1
Start:  (126, 283)
Finish:  (440, 799)
[GC#02] fire-line length 989 cells (556.9 min; full plan)
[DEBUG] GC#02  new path accepted (length 989, ETA 556.9 min)
Applied action {'FireHercAgent': (1,), 'GroundCrewAgent': (1, 5)} at t=1920 min
[ICS] open=[0, 4, 5]  crew_order=[0, 4, 5]  weights={0: 115.0, 4: 45.0, 5: 3.0}
simulating in place
Using multi-phase propagation with wind schedule.
[GC#02] updated fire after clearing batch
Using multi-phase propagation with wind schedule.
[GC#01] updated fire after clearing batch
Using multi-phase propagation with wind schedule.
[GC#01] updated fire after clearing batch
Using multi-phase propagation with wind schedule.
[GC#02] updated fire after clearing batch
Using multi-phase propagation with wind schedule.
[GC#01] updated fire after clearing batch
  → selected [  971.14191074 -7323.14484929] as drop point
FLUSHED
Using multi-phase propagation with wind schedule.
DROP RAN
[DEBUG] AT#00  finished drop in sector 4 – notifying ground crews
Using multi-phase propagation with wind schedule.
[GC#01] updated fire after clearing batch
Using multi-phase propagation with wind schedule.
[GC#02] updated fire after clearing batch
Using multi-phase propagation with wind schedule.
[GC#02] updated fire after clearing batch
Using multi-phase propagation with wind schedule.
[GC#01] updated fire after clearing batch
Using multi-phase propagation with wind schedule.
[GC#01] updated fire after clearing batch
  → selected [-3930.34360496 -7544.21748526] as drop point
FLUSHED
Using multi-phase propagation with wind schedule.
DROP RAN
[DEBUG] AT#00  finished drop in sector 4 – notifying ground crews
Using multi-phase propagation with wind schedule.
[GC#01] updated fire after clearing batch
Using multi-phase propagation with wind schedule.
[GC#01] updated fire after clearing batch
Using multi-phase propagation with wind schedule.
[GC#01] updated fire after clearing batch
Using multi-phase propagation with wind schedule.
[GC#02] updated fire after clearing batch
Using multi-phase propagation with wind schedule.
[GC#02] updated fire after clearing batch
Using multi-phase propagation with wind schedule.
[GC#02] updated fire after clearing batch
Using multi-phase propagation with wind schedule.
[GC#02] updated fire after clearing batch
Using multi-phase propagation with wind schedule.
[GC#02] updated fire after clearing batch
Using multi-phase propagation with wind schedule.
[GC#02] updated fire after clearing batch
Using multi-phase propagation with wind schedule.
[GC#02] updated fire after clearing batch
Using multi-phase propagation with wind schedule.
[GC#02] updated fire after clearing batch
Using multi-phase propagation with wind schedule.
[GC#02] updated fire after clearing batch
Using multi-phase propagation with wind schedule.
[GC#02] updated fire after clearing batch
Using multi-phase propagation with wind schedule.
[GC#02] updated fire after clearing batch
Using multi-phase propagation with wind schedule.
[GC#02] updated fire after clearing batch
Using multi-phase propagation with wind schedule.
[GC#01] updated fire after clearing batch
Using multi-phase propagation with wind schedule.
[GC#01] updated fire after clearing batch
Using multi-phase propagation with wind schedule.
[GC#01] updated fire after clearing batch
Using multi-phase propagation with wind schedule.
[GC#01] updated fire after clearing batch
Using multi-phase propagation with wind schedule.
[GC#01] updated fire after clearing batch
Using multi-phase propagation with wind schedule.
[GC#01] updated fire after clearing batch
Using multi-phase propagation with wind schedule.
[GC#01] updated fire after clearing batch
Using multi-phase propagation with wind schedule.
[GC#01] updated fire after clearing batch
Using multi-phase propagation with wind schedule.
[GC#01] updated fire after clearing batch
Using multi-phase propagation with wind schedule.
[GC#01] updated fire after clearing batch
Using multi-phase propagation with wind schedule.
[GC#01] updated fire after clearing batch
Using multi-phase propagation with wind schedule.
[GC#02] updated fire after clearing batch
Using multi-phase propagation with wind schedule.
[GC#01] updated fire after clearing batch
Using multi-phase propagation with wind schedule.
[GC#01] updated fire after clearing batch
Using multi-phase propagation with wind schedule.
[GC#02] updated fire after clearing batch
Using multi-phase propagation with wind schedule.
[GC#02] updated fire after clearing batch
  → selected [ 3124.364033   -5976.76587236] as drop point
FLUSHED
FLUSHED
Using multi-phase propagation with wind schedule.
DROP RAN
[DEBUG] AT#00  finished drop in sector 4 – notifying ground crews
Applied action {'FireHercAgent': (5,), 'GroundCrewAgent': (1, 5)} at t=2040 min
[ICS] open=[0, 4, 5]  crew_order=[0, 4, 5]  weights={0: 115.0, 4: 45.0, 5: 3.0}
simulating in place
Using multi-phase propagation with wind schedule.
[GC#02] updated fire after clearing batch
Using multi-phase propagation with wind schedule.
[GC#02] updated fire after clearing batch
Using multi-phase propagation with wind schedule.
[GC#01] updated fire after clearing batch
  → selected [4337.58004814 4743.68208183] as drop point
FLUSHED
FLUSHED
Using multi-phase propagation with wind schedule.
DROP RAN
[DEBUG] AT#00  finished drop in sector 0 – notifying ground crews
[DEBUG] GC#02  attempting re-plan… remaining path = 989 cells
[DEBUG] GC#02 start@(252, 692)  raw_arr=inf  now=2077.0  mtt=nan  within_buffer=False
[START] GC#02 using NEW (buffered by planner) → start (252, 692) on boundary 1
Start:  (252, 692)
Finish:  (440, 799)
[GC#02] fire-line length 344 cells (356.3 min; full plan)
[DEBUG] GC#02  new path accepted (length 344, ETA 356.3 min)
[DEBUG] GC#01  attempting re-plan… remaining path = 1006 cells
[DEBUG] GC#01 start@(283, 819)  raw_arr=inf  now=2077.0  mtt=nan  within_buffer=False
[START] GC#01 using NEW (buffered by planner) → start (283, 819) on boundary 1
Start:  (283, 819)
Finish:  (440, 834)
[GC#01] fire-line length 193 cells (396.4 min; full plan)
[DEBUG] GC#01  new path accepted (length 193, ETA 396.4 min)
Using multi-phase propagation with wind schedule.
[GC#02] updated fire after clearing batch
Using multi-phase propagation with wind schedule.
[GC#02] updated fire after clearing batch
Using multi-phase propagation with wind schedule.
[GC#02] updated fire after clearing batch
Using multi-phase propagation with wind schedule.
[GC#01] updated fire after clearing batch
Using multi-phase propagation with wind schedule.
[GC#02] updated fire after clearing batch
Using multi-phase propagation with wind schedule.
[GC#02] updated fire after clearing batch
  → selected [4436.85667554 4076.54768245] as drop point
FLUSHED
FLUSHED
Using multi-phase propagation with wind schedule.
DROP RAN
[DEBUG] AT#00  finished drop in sector 0 – notifying ground crews
[DEBUG] GC#02  attempting re-plan… remaining path = 344 cells
[DEBUG] GC#02 start@(328, 703)  raw_arr=inf  now=2123.0  mtt=nan  within_buffer=False
[START] GC#02 using NEW (buffered by planner) → start (328, 703) on boundary 1
Start:  (328, 703)
Finish:  (440, 799)
[GC#02] fire-line length 217 cells (306.9 min; full plan)
[DEBUG] GC#02  new path accepted (length 217, ETA 306.9 min)
[DEBUG] GC#01  attempting re-plan… remaining path = 193 cells
[DEBUG] GC#01 start@(309, 829)  raw_arr=inf  now=2123.0  mtt=nan  within_buffer=False
[START] GC#01 using NEW (buffered by planner) → start (309, 829) on boundary 1
Start:  (309, 829)
Finish:  (440, 834)
[GC#01] fire-line length 157 cells (347.7 min; full plan)
[DEBUG] GC#01  new path accepted (length 157, ETA 347.7 min)
Using multi-phase propagation with wind schedule.
[GC#02] updated fire after clearing batch
Using multi-phase propagation with wind schedule.
[GC#01] updated fire after clearing batch
Applied action {'FireHercAgent': (1,), 'GroundCrewAgent': (1, 5)} at t=2160 min
[ICS] open=[0, 4, 5]  crew_order=[0, 4, 5]  weights={0: 115.0, 4: 45.0, 5: 3.0}
simulating in place
Using multi-phase propagation with wind schedule.
[GC#02] updated fire after clearing batch
  → selected [ 1653.51390029 -7420.50958581] as drop point
FLUSHED
FLUSHED
Using multi-phase propagation with wind schedule.
DROP RAN
[DEBUG] AT#00  finished drop in sector 4 – notifying ground crews
Using multi-phase propagation with wind schedule.
[GC#02] updated fire after clearing batch
Using multi-phase propagation with wind schedule.
[GC#01] updated fire after clearing batch
Using multi-phase propagation with wind schedule.
[GC#02] updated fire after clearing batch
  → selected [ 2823.91319159 -6789.98569913] as drop point
FLUSHED
FLUSHED
Using multi-phase propagation with wind schedule.
DROP RAN
[DEBUG] AT#00  finished drop in sector 4 – notifying ground crews
Using multi-phase propagation with wind schedule.
[GC#02] updated fire after clearing batch
  → selected [ 3351.58287163 -6413.24920029] as drop point
FLUSHED
FLUSHED
Using multi-phase propagation with wind schedule.
DROP RAN
[DEBUG] AT#00  finished drop in sector 4 – notifying ground crews
Applied action {'FireHercAgent': (5,), 'GroundCrewAgent': (1, 5)} at t=2280 min
[ICS] open=[0, 4, 5]  crew_order=[0, 4, 5]  weights={0: 115.0, 4: 45.0, 5: 3.0}
simulating in place
Using multi-phase propagation with wind schedule.
[GC#02] updated fire after clearing batch
  → selected [4683.4734253 3605.4169884] as drop point
FLUSHED
Using multi-phase propagation with wind schedule.
DROP RAN
[DEBUG] AT#00  finished drop in sector 0 – notifying ground crews
[DEBUG] GC#02  attempting re-plan… remaining path = 217 cells
[DEBUG] GC#02 start@(423, 767)  raw_arr=inf  now=2309.0  mtt=nan  within_buffer=False
[START] GC#02 using NEW (buffered by planner) → start (423, 767) on boundary 1
Start:  (423, 767)
Finish:  (440, 799)
[GC#02] fire-line length 50 cells (117.2 min; full plan)
[DEBUG] GC#02  new path accepted (length 50, ETA 117.2 min)
[DEBUG] GC#01  attempting re-plan… remaining path = 157 cells
[DEBUG] GC#01 start@(389, 833)  raw_arr=inf  now=2309.0  mtt=nan  within_buffer=False
[START] GC#01 using NEW (buffered by planner) → start (389, 833) on boundary 1
Start:  (389, 833)
Finish:  (440, 834)
[GC#01] fire-line length 55 cells (156.1 min; full plan)
[DEBUG] GC#01  new path accepted (length 55, ETA 156.1 min)
  → selected [4801.73937969 4410.90107913] as drop point
FLUSHED
FLUSHED
Using multi-phase propagation with wind schedule.
DROP RAN
[DEBUG] AT#00  finished drop in sector 0 – notifying ground crews
[DEBUG] GC#02  attempting re-plan… remaining path = 50 cells
[DEBUG] GC#02 start@(427, 783)  raw_arr=inf  now=2355.0  mtt=nan  within_buffer=False
[START] GC#02 using NEW (buffered by planner) → start (427, 783) on boundary 1
Start:  (427, 783)
Finish:  (440, 799)
[GC#02] fire-line length 30 cells (67.0 min; full plan)
[DEBUG] GC#02  new path accepted (length 30, ETA 67.0 min)
[DEBUG] GC#01  attempting re-plan… remaining path = 55 cells
[DEBUG] GC#01 start@(404, 832)  raw_arr=inf  now=2355.0  mtt=nan  within_buffer=False
[START] GC#01 using NEW (buffered by planner) → start (404, 832) on boundary 1
Start:  (404, 832)
Finish:  (440, 834)
[GC#01] fire-line length 39 cells (109.6 min; full plan)
[DEBUG] GC#01  new path accepted (length 39, ETA 109.6 min)
Applied action {'FireHercAgent': (1,), 'GroundCrewAgent': (1, 5)} at t=2400 min
[ICS] open=[0, 4, 5]  crew_order=[0, 4, 5]  weights={0: 115.0, 4: 45.0, 5: 3.0}
simulating in place
  → selected [4726.94505077 7427.47349111] as drop point
FLUSHED
FLUSHED
Using multi-phase propagation with wind schedule.
DROP RAN
[DEBUG] AT#00  finished drop in sector 0 – notifying ground crews
[DEBUG] GC#01  attempting re-plan… remaining path = 39 cells
[DEBUG] GC#01 start@(422, 834)  raw_arr=inf  now=2409.0  mtt=nan  within_buffer=False
[START] GC#01 using NEW (buffered by planner) → start (422, 834) on boundary 1
Start:  (422, 834)
Finish:  (440, 834)
[GC#01] fire-line length 19 cells (54.2 min; full plan)
[DEBUG] GC#01  new path accepted (length 19, ETA 54.2 min)
[DEBUG] GC#02  attempting re-plan… remaining path = 30 cells
[DEBUG] GC#02 start@(437, 796)  raw_arr=inf  now=2409.0  mtt=nan  within_buffer=False
[START] GC#02 using NEW (buffered by planner) → start (437, 796) on boundary 1
Start:  (437, 796)
Finish:  (440, 799)
[GC#02] fire-line length 7 cells (12.1 min; full plan)
[DEBUG] GC#02  new path accepted (length 7, ETA 12.1 min)
Using multi-phase propagation with wind schedule.
[GC#02] updated fire after clearing batch
Sector contained  0

— after _mark_anchor_completed(bdy=1, role=start, by=None) —

=== boundary_anchors (NOW) ===
b00 start  — <none>
b00 finish rc=(440, 834)  t=1440.0  completed=True  world=(10100.0, 120.5)
b01 start  rc=(370, 537)  t=1440.0  completed=True  world=(1190.0, 2220.5)
b01 finish rc=(370, 537)  t=240.0  completed=True  world=(1190.0, 2220.5)
b02 start  rc=(373, 458)  t=480.0  completed=True  world=(-1180.0, 2130.5)
b02 finish — <none>
b03 start  rc=(440, 95)  t=1080.0  completed=True  world=(-12070.0, 120.5)
b03 finish rc=(440, 95)  t=480.0  completed=True  world=(-12070.0, 120.5)
b04 start  — <none>
b04 finish rc=(702, 346)  t=1080.0  completed=True  world=(-4540.0, -7739.5)
b05 start  — <none>
b05 finish — <none>
=== end ===

— end dump —


— after _mark_anchor_completed(bdy=0, role=finish, by=None) —

=== boundary_anchors (NOW) ===
b00 start  — <none>
b00 finish rc=(440, 834)  t=1440.0  completed=True  world=(10100.0, 120.5)
b01 start  rc=(370, 537)  t=1440.0  completed=True  world=(1190.0, 2220.5)
b01 finish rc=(370, 537)  t=240.0  completed=True  world=(1190.0, 2220.5)
b02 start  rc=(373, 458)  t=480.0  completed=True  world=(-1180.0, 2130.5)
b02 finish — <none>
b03 start  rc=(440, 95)  t=1080.0  completed=True  world=(-12070.0, 120.5)
b03 finish rc=(440, 95)  t=480.0  completed=True  world=(-12070.0, 120.5)
b04 start  — <none>
b04 finish rc=(702, 346)  t=1080.0  completed=True  world=(-4540.0, -7739.5)
b05 start  — <none>
b05 finish — <none>
=== end ===

— end dump —

[GC#02] Sector 0 contained → Standby
  → selected [5231.01912889 5718.69974584] as drop point
FLUSHED
Using multi-phase propagation with wind schedule.
DROP RAN
[DEBUG] AT#00  finished drop in sector 0 – notifying ground crews
[DEBUG] GC#01  attempting re-plan… remaining path = 19 cells
[DEBUG] GC#01 start@(437, 834)  raw_arr=inf  now=2455.0  mtt=nan  within_buffer=False
[START] GC#01 using NEW (buffered by planner) → start (437, 834) on boundary 1
Start:  (437, 834)
Finish:  (440, 834)
[GC#01] fire-line length 4 cells (13.0 min; full plan)
[DEBUG] GC#01  new path accepted (length 4, ETA 13.0 min)
Using multi-phase propagation with wind schedule.
[GC#01] updated fire after clearing batch
Sector contained  0

— after _mark_anchor_completed(bdy=1, role=start, by=None) —

=== boundary_anchors (NOW) ===
b00 start  — <none>
b00 finish rc=(440, 834)  t=1440.0  completed=True  world=(10100.0, 120.5)
b01 start  rc=(370, 537)  t=1440.0  completed=True  world=(1190.0, 2220.5)
b01 finish rc=(370, 537)  t=240.0  completed=True  world=(1190.0, 2220.5)
b02 start  rc=(373, 458)  t=480.0  completed=True  world=(-1180.0, 2130.5)
b02 finish — <none>
b03 start  rc=(440, 95)  t=1080.0  completed=True  world=(-12070.0, 120.5)
b03 finish rc=(440, 95)  t=480.0  completed=True  world=(-12070.0, 120.5)
b04 start  — <none>
b04 finish rc=(702, 346)  t=1080.0  completed=True  world=(-4540.0, -7739.5)
b05 start  — <none>
b05 finish — <none>
=== end ===

— end dump —


— after _mark_anchor_completed(bdy=0, role=finish, by=None) —

=== boundary_anchors (NOW) ===
b00 start  — <none>
b00 finish rc=(440, 834)  t=1440.0  completed=True  world=(10100.0, 120.5)
b01 start  rc=(370, 537)  t=1440.0  completed=True  world=(1190.0, 2220.5)
b01 finish rc=(370, 537)  t=240.0  completed=True  world=(1190.0, 2220.5)
b02 start  rc=(373, 458)  t=480.0  completed=True  world=(-1180.0, 2130.5)
b02 finish — <none>
b03 start  rc=(440, 95)  t=1080.0  completed=True  world=(-12070.0, 120.5)
b03 finish rc=(440, 95)  t=480.0  completed=True  world=(-12070.0, 120.5)
b04 start  — <none>
b04 finish rc=(702, 346)  t=1080.0  completed=True  world=(-4540.0, -7739.5)
b05 start  — <none>
b05 finish — <none>
=== end ===

— end dump —

[GC#01] Sector 0 contained → Standby
  → selected [5903.06213041 1323.06262066] as drop point
Using multi-phase propagation with wind schedule.
DROP RAN
[DEBUG] AT#00  finished drop in sector 0 – notifying ground crews
Applied action {'FireHercAgent': (1,), 'GroundCrewAgent': (1, 5)} at t=2520 min
[ICS] open=[4, 5]  crew_order=[4, 5]  weights={4: 45.0, 5: 3.0}
simulating in place

— after _record_anchor(bdy=4, role=start, cell=(702, 346), by=None) —

=== boundary_anchors (NOW) ===
b00 start  — <none>
b00 finish rc=(440, 834)  t=1440.0  completed=True  world=(10100.0, 120.5)
b01 start  rc=(370, 537)  t=1440.0  completed=True  world=(1190.0, 2220.5)
b01 finish rc=(370, 537)  t=240.0  completed=True  world=(1190.0, 2220.5)
b02 start  rc=(373, 458)  t=480.0  completed=True  world=(-1180.0, 2130.5)
b02 finish — <none>
b03 start  rc=(440, 95)  t=1080.0  completed=True  world=(-12070.0, 120.5)
b03 finish rc=(440, 95)  t=480.0  completed=True  world=(-12070.0, 120.5)
b04 start  rc=(702, 346)  t=2520.0  completed=False  world=(-4540.0, -7739.5)
b04 finish rc=(702, 346)  t=1080.0  completed=True  world=(-4540.0, -7739.5)
b05 start  — <none>
b05 finish — <none>
=== end ===

— end dump —


— after _record_anchor(bdy=5, role=finish, cell=(794, 701), by=None) —

=== boundary_anchors (NOW) ===
b00 start  — <none>
b00 finish rc=(440, 834)  t=1440.0  completed=True  world=(10100.0, 120.5)
b01 start  rc=(370, 537)  t=1440.0  completed=True  world=(1190.0, 2220.5)
b01 finish rc=(370, 537)  t=240.0  completed=True  world=(1190.0, 2220.5)
b02 start  rc=(373, 458)  t=480.0  completed=True  world=(-1180.0, 2130.5)
b02 finish — <none>
b03 start  rc=(440, 95)  t=1080.0  completed=True  world=(-12070.0, 120.5)
b03 finish rc=(440, 95)  t=480.0  completed=True  world=(-12070.0, 120.5)
b04 start  rc=(702, 346)  t=2520.0  completed=False  world=(-4540.0, -7739.5)
b04 finish rc=(702, 346)  t=1080.0  completed=True  world=(-4540.0, -7739.5)
b05 start  — <none>
b05 finish rc=(794, 701)  t=2520.0  completed=False  world=(6110.0, -10499.5)
=== end ===

— end dump —

[DEBUG] sector 4: start@bdy4 (702, 346)   finish@bdy5 (794, 701)
[GC#01] → sector 4  start (702, 346)  finish (794, 701)

— after _record_anchor(bdy=0, role=start, cell=(440, 834), by=None) —

=== boundary_anchors (NOW) ===
b00 start  rc=(440, 834)  t=2520.0  completed=False  world=(10100.0, 120.5)
b00 finish rc=(440, 834)  t=1440.0  completed=True  world=(10100.0, 120.5)
b01 start  rc=(370, 537)  t=1440.0  completed=True  world=(1190.0, 2220.5)
b01 finish rc=(370, 537)  t=240.0  completed=True  world=(1190.0, 2220.5)
b02 start  rc=(373, 458)  t=480.0  completed=True  world=(-1180.0, 2130.5)
b02 finish — <none>
b03 start  rc=(440, 95)  t=1080.0  completed=True  world=(-12070.0, 120.5)
b03 finish rc=(440, 95)  t=480.0  completed=True  world=(-12070.0, 120.5)
b04 start  rc=(702, 346)  t=2520.0  completed=False  world=(-4540.0, -7739.5)
b04 finish rc=(702, 346)  t=1080.0  completed=True  world=(-4540.0, -7739.5)
b05 start  — <none>
b05 finish rc=(794, 701)  t=2520.0  completed=False  world=(6110.0, -10499.5)
=== end ===

— end dump —


— after _record_anchor(bdy=5, role=finish, cell=(794, 701), by=None) —

=== boundary_anchors (NOW) ===
b00 start  rc=(440, 834)  t=2520.0  completed=False  world=(10100.0, 120.5)
b00 finish rc=(440, 834)  t=1440.0  completed=True  world=(10100.0, 120.5)
b01 start  rc=(370, 537)  t=1440.0  completed=True  world=(1190.0, 2220.5)
b01 finish rc=(370, 537)  t=240.0  completed=True  world=(1190.0, 2220.5)
b02 start  rc=(373, 458)  t=480.0  completed=True  world=(-1180.0, 2130.5)
b02 finish — <none>
b03 start  rc=(440, 95)  t=1080.0  completed=True  world=(-12070.0, 120.5)
b03 finish rc=(440, 95)  t=480.0  completed=True  world=(-12070.0, 120.5)
b04 start  rc=(702, 346)  t=2520.0  completed=False  world=(-4540.0, -7739.5)
b04 finish rc=(702, 346)  t=1080.0  completed=True  world=(-4540.0, -7739.5)
b05 start  — <none>
b05 finish rc=(794, 701)  t=2520.0  completed=False  world=(6110.0, -10499.5)
=== end ===

— end dump —

[DEBUG] sector 5: start@bdy0 (440, 834)   finish@bdy5 (794, 701)
[GC#02] → sector 5  start (440, 834)  finish (794, 701)
  → selected [ 3203.87788402 -7707.30161284] as drop point
Using multi-phase propagation with wind schedule.
DROP RAN
[DEBUG] AT#00  finished drop in sector 4 – notifying ground crews
[START] GC#02 using ANCHOR (unspecified source) → start (440, 834) on boundary 0
Start:  (440, 834)
Finish:  (794, 701)
[GC#02] fire-line length 636 cells (1557.9 min; full plan)

— after _mark_anchor_completed(bdy=0, role=start, by=None) —

=== boundary_anchors (NOW) ===
b00 start  rc=(440, 834)  t=2520.0  completed=True  world=(10100.0, 120.5)
b00 finish rc=(440, 834)  t=1440.0  completed=True  world=(10100.0, 120.5)
b01 start  rc=(370, 537)  t=1440.0  completed=True  world=(1190.0, 2220.5)
b01 finish rc=(370, 537)  t=240.0  completed=True  world=(1190.0, 2220.5)
b02 start  rc=(373, 458)  t=480.0  completed=True  world=(-1180.0, 2130.5)
b02 finish — <none>
b03 start  rc=(440, 95)  t=1080.0  completed=True  world=(-12070.0, 120.5)
b03 finish rc=(440, 95)  t=480.0  completed=True  world=(-12070.0, 120.5)
b04 start  rc=(702, 346)  t=2520.0  completed=False  world=(-4540.0, -7739.5)
b04 finish rc=(702, 346)  t=1080.0  completed=True  world=(-4540.0, -7739.5)
b05 start  — <none>
b05 finish rc=(794, 701)  t=2520.0  completed=False  world=(6110.0, -10499.5)
=== end ===

— end dump —


— after _mark_anchor_completed(bdy=5, role=finish, by=<groundcrew.GroundCrewAgent object at 0x000001BA6E5228D0>) —

=== boundary_anchors (NOW) ===
b00 start  rc=(440, 834)  t=2520.0  completed=True  world=(10100.0, 120.5)
b00 finish rc=(440, 834)  t=1440.0  completed=True  world=(10100.0, 120.5)
b01 start  rc=(370, 537)  t=1440.0  completed=True  world=(1190.0, 2220.5)
b01 finish rc=(370, 537)  t=240.0  completed=True  world=(1190.0, 2220.5)
b02 start  rc=(373, 458)  t=480.0  completed=True  world=(-1180.0, 2130.5)
b02 finish — <none>
b03 start  rc=(440, 95)  t=1080.0  completed=True  world=(-12070.0, 120.5)
b03 finish rc=(440, 95)  t=480.0  completed=True  world=(-12070.0, 120.5)
b04 start  rc=(702, 346)  t=2520.0  completed=False  world=(-4540.0, -7739.5)
b04 finish rc=(702, 346)  t=1080.0  completed=True  world=(-4540.0, -7739.5)
b05 start  — <none>
b05 finish rc=(794, 701)  t=2520.0  completed=True  world=(6110.0, -10499.5)
=== end ===

— end dump —

  → selected [ 3890.23125143 -7447.9831106 ] as drop point
FLUSHED
Using multi-phase propagation with wind schedule.
DROP RAN
[DEBUG] AT#00  finished drop in sector 4 – notifying ground crews
Applied action {'FireHercAgent': (5,), 'GroundCrewAgent': (5, 6)} at t=2640 min
[ICS] open=[4, 5]  crew_order=[4, 5]  weights={4: 45.0, 5: 3.0}
simulating in place
  → selected [ 2590.9464305  -8186.10752357] as drop point
FLUSHED
Using multi-phase propagation with wind schedule.
DROP RAN
[DEBUG] AT#00  finished drop in sector 4 – notifying ground crews
  → selected [ 3319.07277298 -7985.40667607] as drop point
FLUSHED
Using multi-phase propagation with wind schedule.
DROP RAN
[DEBUG] AT#00  finished drop in sector 4 – notifying ground crews
Using multi-phase propagation with wind schedule.
[GC#02] updated fire after clearing batch
  → selected [ 4031.64791617 -7719.64199602] as drop point
FLUSHED
Using multi-phase propagation with wind schedule.
DROP RAN
[DEBUG] AT#00  finished drop in sector 4 – notifying ground crews
Using multi-phase propagation with wind schedule.
[GC#02] updated fire after clearing batch
Applied action {'FireHercAgent': (5,), 'GroundCrewAgent': (5, 6)} at t=2760 min
[ICS] open=[4, 5]  crew_order=[4, 5]  weights={4: 45.0, 5: 3.0}
simulating in place
Using multi-phase propagation with wind schedule.
[GC#02] updated fire after clearing batch
  → selected [ 1884.18027115 -8460.97834635] as drop point
FLUSHED
Using multi-phase propagation with wind schedule.
DROP RAN
[DEBUG] AT#00  finished drop in sector 4 – notifying ground crews
Using multi-phase propagation with wind schedule.
[GC#02] updated fire after clearing batch
  → selected [ 2668.72956776 -8432.80411741] as drop point
FLUSHED
Using multi-phase propagation with wind schedule.
DROP RAN
[DEBUG] AT#00  finished drop in sector 4 – notifying ground crews
Using multi-phase propagation with wind schedule.
[GC#02] updated fire after clearing batch
  → selected [ 4192.6492198  -8028.92262271] as drop point
FLUSHED
Using multi-phase propagation with wind schedule.
DROP RAN
[DEBUG] AT#00  finished drop in sector 4 – notifying ground crews
Applied action {'FireHercAgent': (5,), 'GroundCrewAgent': (5, 6)} at t=2880 min
[SIM] Less than one full decision slice left – terminating.
Using multi-phase propagation with wind schedule.
[GC#02] updated fire after clearing batch
[SIM] Finished at t=2880 min – final fire-score = 225014.00  final buildings-destroyed = 2106  final buildings-breakdown = {"11":1145,"12":703,"13":205,"21":12,"22":18,"23":23}
Simulation complete.
[0m