
⚑ background sched
 start  end    speed      dir
     0  120   30.000    5.000
   120  240   35.000   25.000
   240  360   40.000   25.000
   360  480   50.000   15.000
   480  600   30.000    2.500
   600  720   38.000    5.000
   720  840   28.000    0.000
   840  960   30.000    0.000
   960 1080   30.000    0.000
  1080 1200   28.000    2.500
  1200 1320   28.000    5.000
  1320 1440   30.000   15.000
  1440 1560   30.000    5.000
  1560 1680   30.000    7.500
  1680 1800   30.000   10.000
  1800 1920   30.000   10.000
  1920 2040   30.000   15.000
  2040 2160   17.500    5.000
  2160 2280   12.000    5.000
  2280 2400   12.000    5.000
  2400 2520   13.000    5.000
  2520 2640    7.000    0.000
  2640 2760    6.000    5.000
  2760 2880    6.000   10.000
  2880 3000    7.000   10.000
  3000 3000    1.000    0.000

⚑ hard σ truth schedule
 start  end    speed      dir
     0  120   30.000    5.000
   120  240   35.000   25.000
   240  360   40.000   25.000
   360  480   50.000   15.000
   480  600   30.000    2.500
   600  720   38.000    5.000
   720  840   28.000    0.000
   840  960   30.000    0.000
   960 1080   30.000    0.000
  1080 1200   28.000    2.500
  1200 1320   28.000    5.000
  1320 1440   30.000   15.000
  1440 1560   30.000    5.000
  1560 1680   30.000    7.500
  1680 1800   30.000   10.000
  1800 1920   30.000   10.000
  1920 2040   30.000   15.000
  2040 2160   17.500    5.000
  2160 2280   12.000    5.000
  2280 2400   12.000    5.000
  2400 2520   13.000    5.000
  2520 2640    7.000    0.000
  2640 2760    6.000    5.000
  2760 2880    6.000   10.000
  2880 3000    7.000   10.000
  3000 3000    1.000    0.000
RUN SEED: 3204768519
Starting STRICT-MEAN-burned-buildings ICS simulation (headless)…
Using multi-phase propagation with wind schedule.
WildfireModel: Bounds: BoundingBox(left=-14935.007954473422, bottom=-13304.5080370525, right=14944.992045526578, top=13335.4919629475)
Checking Mesa Space Dimensions: Width = 49880.0, Height = 46640.0
Buffered Bounds: BoundingBox(left=-24935.00795447342, bottom=-23304.5080370525, right=24944.99204552658, top=23335.4919629475)
Original CRS: EPSG:26910
Available bases: [(20000, 20000)]
Corrected position: (20000, 20000)
[GC#01] spawned at cell (444, 498) with walk_ticks=1
[GC#02] spawned at cell (444, 498) with walk_ticks=1
[(0, 120, 4.5, 87.5), (120, 240, 8.5, 274.5), (240, 360, 9.5, 156.5), (360, 480, 7.5, 18.0), (480, 600, 15.5, 328.0), (600, 720, 15.5, 298.5), (720, 840, 10.0, 356.0), (840, 960, 9.0, 337.5), (960, 1080, 8.0, 284.0), (1080, 1200, 13.5, 253.5), (1200, 1320, 18.0, 232.0), (1320, 1440, 16.5, 300.0), (1440, 1560, 19.0, 297.5), (1560, 1680, 17.5, 266.0), (1680, 1800, 15.5, 336.5), (1800, 1920, 16.5, 30.5), (1920, 2040, 10.0, 332.0), (2040, 2160, 8.0, 283.0), (2160, 2280, 8.5, 343.0), (2280, 2400, 6.5, 342.5), (2400, 2520, 7.5, 247.0), (2520, 2640, 7.0, 242.0), (2640, 2760, 6.0, 235.0), (2760, 2880, 0.5, 275.0), (2880, 3000, 0.0, 247.5), (3000, 3000, 1.0, 106.0)]
Using multi-phase propagation with wind schedule.
[PRECOMPUTE] MEAN-schedule burned buildings per sector (final t=3000): [115, 2846, 2647, 259, 45, 3]  | total=5915
[ICS] open=[0, 1, 2, 3, 4, 5]  crew_order=[1, 2, 3, 0, 4, 5]  weights={0: 115.0, 1: 2846.0, 2: 2647.0, 3: 259.0, 4: 45.0, 5: 3.0}
simulating in place
no completed anchors found → making NEW dynamic START

— after _record_anchor(bdy=1, role=start, cell=(406, 527), by=None) —

=== boundary_anchors (NOW) ===
b00 start  — <none>
b00 finish — <none>
b01 start  rc=(406, 527)  t=240.0  completed=False  world=(890.0, 1140.5)
b01 finish — <none>
b02 start  — <none>
b02 finish — <none>
b03 start  — <none>
b03 finish — <none>
b04 start  — <none>
b04 finish — <none>
b05 start  — <none>
b05 finish — <none>
=== end ===

— end dump —


— after _record_anchor(bdy=2, role=finish, cell=(279, 412), by=None) —

=== boundary_anchors (NOW) ===
b00 start  — <none>
b00 finish — <none>
b01 start  rc=(406, 527)  t=240.0  completed=False  world=(890.0, 1140.5)
b01 finish — <none>
b02 start  — <none>
b02 finish rc=(279, 412)  t=240.0  completed=False  world=(-2560.0, 4950.5)
b03 start  — <none>
b03 finish — <none>
b04 start  — <none>
b04 finish — <none>
b05 start  — <none>
b05 finish — <none>
=== end ===

— end dump —

[DEBUG] sector 1: start@bdy1 (406, 527)   finish@bdy2 (279, 412)
[GC#01] → sector 1  start (406, 527)  finish (279, 412)
no completed anchors found → making NEW dynamic START

— after _record_anchor(bdy=2, role=start, cell=(381, 470), by=None) —

=== boundary_anchors (NOW) ===
b00 start  — <none>
b00 finish — <none>
b01 start  rc=(406, 527)  t=240.0  completed=False  world=(890.0, 1140.5)
b01 finish — <none>
b02 start  rc=(381, 470)  t=240.0  completed=False  world=(-820.0, 1890.5)
b02 finish rc=(279, 412)  t=240.0  completed=False  world=(-2560.0, 4950.5)
b03 start  — <none>
b03 finish — <none>
b04 start  — <none>
b04 finish — <none>
b05 start  — <none>
b05 finish — <none>
=== end ===

— end dump —


— after _record_anchor(bdy=3, role=finish, cell=(443, 351), by=None) —

=== boundary_anchors (NOW) ===
b00 start  — <none>
b00 finish — <none>
b01 start  rc=(406, 527)  t=240.0  completed=False  world=(890.0, 1140.5)
b01 finish — <none>
b02 start  rc=(381, 470)  t=240.0  completed=False  world=(-820.0, 1890.5)
b02 finish rc=(279, 412)  t=240.0  completed=False  world=(-2560.0, 4950.5)
b03 start  — <none>
b03 finish rc=(443, 351)  t=240.0  completed=False  world=(-4390.0, 30.5)
b04 start  — <none>
b04 finish — <none>
b05 start  — <none>
b05 finish — <none>
=== end ===

— end dump —

[DEBUG] sector 2: start@bdy2 (381, 470)   finish@bdy3 (443, 351)
recording from register first pair

— after _record_anchor(bdy=2, role=start, cell=(285, 415), by=None) —

=== boundary_anchors (NOW) ===
b00 start  — <none>
b00 finish — <none>
b01 start  — <none>
b01 finish — <none>
b02 start  rc=(285, 415)  t=240.0  completed=False  world=(-2470.0, 4770.5)
b02 finish — <none>
b03 start  — <none>
b03 finish — <none>
b04 start  — <none>
b04 finish — <none>
b05 start  — <none>
b05 finish — <none>
=== end ===

— end dump —

recording from register first pair

— after _record_anchor(bdy=1, role=finish, cell=(253, 616), by=None) —

=== boundary_anchors (NOW) ===
b00 start  — <none>
b00 finish — <none>
b01 start  — <none>
b01 finish rc=(253, 616)  t=240.0  completed=False  world=(3560.0, 5730.5)
b02 start  rc=(285, 415)  t=240.0  completed=False  world=(-2470.0, 4770.5)
b02 finish — <none>
b03 start  — <none>
b03 finish — <none>
b04 start  — <none>
b04 finish — <none>
b05 start  — <none>
b05 finish — <none>
=== end ===

— end dump —

[SYNC] GC#01 sect1 START b2 (285, 415)  FINISH b1 (253, 616)
recording from register first pair

— after _record_anchor(bdy=3, role=finish, cell=(443, 47), by=None) —

=== boundary_anchors (NOW) ===
b00 start  — <none>
b00 finish — <none>
b01 start  — <none>
b01 finish rc=(253, 616)  t=240.0  completed=False  world=(3560.0, 5730.5)
b02 start  rc=(285, 415)  t=240.0  completed=False  world=(-2470.0, 4770.5)
b02 finish — <none>
b03 start  — <none>
b03 finish rc=(443, 47)  t=240.0  completed=False  world=(-13510.0, 30.5)
b04 start  — <none>
b04 finish — <none>
b05 start  — <none>
b05 finish — <none>
=== end ===

— end dump —

[SYNC] GC#02 sect2 START b2 (285, 415)  FINISH b3 (443, 47)
[GC#02] → sector 2  start (285, 415)  finish (443, 47)
  → selected [-568.93869503  142.72934486] as drop point
Using multi-phase propagation with wind schedule.
DROP RAN
[DEBUG] AT#00  finished drop in sector 2 – notifying ground crews
Sector retarded
{2}
Applied action {'FireHercAgent': (3,), 'GroundCrewAgent': (2, 3)} at t=360 min
[ICS] open=[0, 1, 2, 3, 4, 5]  crew_order=[1, 2, 3, 0, 4, 5]  weights={0: 115.0, 1: 2846.0, 2: 2647.0, 3: 259.0, 4: 45.0, 5: 3.0}
simulating in place
Sector retarded
{2}
[START] GC#02 using ANCHOR (unspecified source) → start (285, 415) on boundary 2
Start:  (285, 415)
Finish:  (443, 47)
[GC#02] fire-line length 881 cells (934.8 min; full plan)

— after _mark_anchor_completed(bdy=2, role=start, by=None) —

=== boundary_anchors (NOW) ===
b00 start  — <none>
b00 finish — <none>
b01 start  — <none>
b01 finish rc=(253, 616)  t=240.0  completed=False  world=(3560.0, 5730.5)
b02 start  rc=(285, 415)  t=240.0  completed=True  world=(-2470.0, 4770.5)
b02 finish — <none>
b03 start  — <none>
b03 finish rc=(443, 47)  t=240.0  completed=False  world=(-13510.0, 30.5)
b04 start  — <none>
b04 finish — <none>
b05 start  — <none>
b05 finish — <none>
=== end ===

— end dump —


— after _mark_anchor_completed(bdy=3, role=finish, by=<groundcrew.GroundCrewAgent object at 0x000002266390A8D0>) —

=== boundary_anchors (NOW) ===
b00 start  — <none>
b00 finish — <none>
b01 start  — <none>
b01 finish rc=(253, 616)  t=240.0  completed=False  world=(3560.0, 5730.5)
b02 start  rc=(285, 415)  t=240.0  completed=True  world=(-2470.0, 4770.5)
b02 finish — <none>
b03 start  — <none>
b03 finish rc=(443, 47)  t=240.0  completed=True  world=(-13510.0, 30.5)
b04 start  — <none>
b04 finish — <none>
b05 start  — <none>
b05 finish — <none>
=== end ===

— end dump —

[START] GC#01 using ANCHOR (unspecified source) → start (285, 415) on boundary 2
Start:  (285, 415)
Finish:  (253, 616)
[GC#01] fire-line length 388 cells (889.8 min; full plan)

— after _mark_anchor_completed(bdy=2, role=start, by=None) —

=== boundary_anchors (NOW) ===
b00 start  — <none>
b00 finish — <none>
b01 start  — <none>
b01 finish rc=(253, 616)  t=240.0  completed=False  world=(3560.0, 5730.5)
b02 start  rc=(285, 415)  t=240.0  completed=True  world=(-2470.0, 4770.5)
b02 finish — <none>
b03 start  — <none>
b03 finish rc=(443, 47)  t=240.0  completed=True  world=(-13510.0, 30.5)
b04 start  — <none>
b04 finish — <none>
b05 start  — <none>
b05 finish — <none>
=== end ===

— end dump —


— after _mark_anchor_completed(bdy=1, role=finish, by=<groundcrew.GroundCrewAgent object at 0x0000022663914E50>) —

=== boundary_anchors (NOW) ===
b00 start  — <none>
b00 finish — <none>
b01 start  — <none>
b01 finish rc=(253, 616)  t=240.0  completed=True  world=(3560.0, 5730.5)
b02 start  rc=(285, 415)  t=240.0  completed=True  world=(-2470.0, 4770.5)
b02 finish — <none>
b03 start  — <none>
b03 finish rc=(443, 47)  t=240.0  completed=True  world=(-13510.0, 30.5)
b04 start  — <none>
b04 finish — <none>
b05 start  — <none>
b05 finish — <none>
=== end ===

— end dump —

  → selected [-872.95611007   53.82400725] as drop point
FLUSHED
FLUSHED
Using multi-phase propagation with wind schedule.
DROP RAN
[DEBUG] AT#00  finished drop in sector 2 – notifying ground crews
[DEBUG] GC#02  attempting re-plan… remaining path = 881 cells
[DEBUG] GC#02 start@(280, 407)  raw_arr=inf  now=475.0  mtt=nan  within_buffer=False
[START] GC#02 using NEW (buffered by planner) → start (280, 407) on boundary 2
Start:  (280, 407)
Finish:  (443, 47)
[GC#02] fire-line length 866 cells (833.3 min; full plan)
[DEBUG] GC#02  new path accepted (length 866, ETA 833.3 min)
Applied action {'FireHercAgent': (3,), 'GroundCrewAgent': (2, 3)} at t=480 min
[ICS] open=[0, 1, 2, 3, 4, 5]  crew_order=[1, 2, 3, 0, 4, 5]  weights={0: 115.0, 1: 2846.0, 2: 2647.0, 3: 259.0, 4: 45.0, 5: 3.0}
simulating in place
  → selected [-1020.92471351   802.70557958] as drop point
FLUSHED
FLUSHED
Using multi-phase propagation with wind schedule.
DROP RAN
[DEBUG] AT#00  finished drop in sector 2 – notifying ground crews
[DEBUG] GC#02  attempting re-plan… remaining path = 866 cells
[DEBUG] GC#02 start@(278, 401)  raw_arr=inf  now=522.0  mtt=nan  within_buffer=False
[START] GC#02 using NEW (buffered by planner) → start (278, 401) on boundary 2
Start:  (278, 401)
Finish:  (443, 47)
[GC#02] fire-line length 858 cells (759.7 min; full plan)
[DEBUG] GC#02  new path accepted (length 858, ETA 759.7 min)
  → selected [-1482.00668727   789.57450745] as drop point
FLUSHED
FLUSHED
Using multi-phase propagation with wind schedule.
DROP RAN
[DEBUG] AT#00  finished drop in sector 2 – notifying ground crews
[DEBUG] GC#02  attempting re-plan… remaining path = 858 cells
[DEBUG] GC#02 start@(276, 394)  raw_arr=inf  now=567.0  mtt=nan  within_buffer=False
[START] GC#02 using NEW (buffered by planner) → start (276, 394) on boundary 2
Start:  (276, 394)
Finish:  (443, 47)
[GC#02] fire-line length 849 cells (717.9 min; full plan)
[DEBUG] GC#02  new path accepted (length 849, ETA 717.9 min)
Applied action {'FireHercAgent': (3,), 'GroundCrewAgent': (2, 3)} at t=600 min
[ICS] open=[0, 1, 2, 3, 4, 5]  crew_order=[1, 2, 3, 0, 4, 5]  weights={0: 115.0, 1: 2846.0, 2: 2647.0, 3: 259.0, 4: 45.0, 5: 3.0}
simulating in place
Using multi-phase propagation with wind schedule.
[GC#02] updated fire after clearing batch
  → selected [-198.90403995 4685.48010102] as drop point
FLUSHED
FLUSHED
Using multi-phase propagation with wind schedule.
DROP RAN
[DEBUG] AT#00  finished drop in sector 1 – notifying ground crews
[DEBUG] GC#01  attempting re-plan… remaining path = 388 cells
[DEBUG] GC#01 start@(282, 445)  raw_arr=inf  now=613.0  mtt=nan  within_buffer=False
[START] GC#01 using NEW (buffered by planner) → start (282, 445) on boundary 2
Start:  (282, 445)
Finish:  (253, 616)
[GC#01] fire-line length 355 cells (625.3 min; full plan)
[DEBUG] GC#01  new path accepted (length 355, ETA 625.3 min)
Using multi-phase propagation with wind schedule.
[GC#02] updated fire after clearing batch
  → selected [-216.59421684 5090.65176491] as drop point
FLUSHED
Using multi-phase propagation with wind schedule.
DROP RAN
[DEBUG] AT#00  finished drop in sector 1 – notifying ground crews
[DEBUG] GC#01  attempting re-plan… remaining path = 355 cells
[DEBUG] GC#01 start@(281, 452)  raw_arr=inf  now=659.0  mtt=nan  within_buffer=False
[START] GC#01 using NEW (buffered by planner) → start (281, 452) on boundary 2
Start:  (281, 452)
Finish:  (253, 616)
[GC#01] fire-line length 345 cells (532.6 min; full plan)
[DEBUG] GC#01  new path accepted (length 345, ETA 532.6 min)
Using multi-phase propagation with wind schedule.
[GC#02] updated fire after clearing batch
  → selected [-2209.91908671  4270.29666079] as drop point
FLUSHED
FLUSHED
Using multi-phase propagation with wind schedule.
DROP RAN
[DEBUG] AT#00  finished drop in sector 1 – notifying ground crews
[DEBUG] GC#01  attempting re-plan… remaining path = 345 cells
[DEBUG] GC#01 start@(280, 460)  raw_arr=inf  now=705.0  mtt=nan  within_buffer=False
[START] GC#01 using NEW (buffered by planner) → start (280, 460) on boundary 2
Start:  (280, 460)
Finish:  (253, 616)
[GC#01] fire-line length 336 cells (477.0 min; full plan)
[DEBUG] GC#01  new path accepted (length 336, ETA 477.0 min)
Using multi-phase propagation with wind schedule.
[GC#02] updated fire after clearing batch
Using multi-phase propagation with wind schedule.
[GC#02] updated fire after clearing batch
Applied action {'FireHercAgent': (2,), 'GroundCrewAgent': (2, 3)} at t=720 min
[ICS] open=[0, 1, 2, 3, 4, 5]  crew_order=[1, 2, 3, 0, 4, 5]  weights={0: 115.0, 1: 2846.0, 2: 2647.0, 3: 259.0, 4: 45.0, 5: 3.0}
simulating in place
Using multi-phase propagation with wind schedule.
[GC#02] updated fire after clearing batch
  → selected [-2626.1644382   5069.89654146] as drop point
FLUSHED
FLUSHED
Using multi-phase propagation with wind schedule.
DROP RAN
[DEBUG] AT#00  finished drop in sector 1 – notifying ground crews
[DEBUG] GC#01  attempting re-plan… remaining path = 336 cells
[DEBUG] GC#01 start@(280, 466)  raw_arr=inf  now=750.0  mtt=nan  within_buffer=False
[START] GC#01 using NEW (buffered by planner) → start (280, 466) on boundary 2
Start:  (280, 466)
Finish:  (253, 616)
[GC#01] fire-line length 330 cells (422.0 min; full plan)
[DEBUG] GC#01  new path accepted (length 330, ETA 422.0 min)
Using multi-phase propagation with wind schedule.
[GC#01] updated fire after clearing batch
Using multi-phase propagation with wind schedule.
[GC#01] updated fire after clearing batch
Using multi-phase propagation with wind schedule.
[GC#02] updated fire after clearing batch
  → selected [-1562.52202424  4987.01143924] as drop point
FLUSHED
FLUSHED
Using multi-phase propagation with wind schedule.
DROP RAN
[DEBUG] AT#00  finished drop in sector 1 – notifying ground crews
[DEBUG] GC#01  attempting re-plan… remaining path = 330 cells
[DEBUG] GC#01 start@(288, 513)  raw_arr=inf  now=796.0  mtt=nan  within_buffer=False
[START] GC#01 using NEW (buffered by planner) → start (288, 513) on boundary 2
Start:  (288, 513)
Finish:  (253, 616)
[GC#01] fire-line length 267 cells (407.3 min; full plan)
[DEBUG] GC#01  new path accepted (length 267, ETA 407.3 min)
Using multi-phase propagation with wind schedule.
[GC#01] updated fire after clearing batch
Applied action {'FireHercAgent': (2,), 'GroundCrewAgent': (2, 3)} at t=840 min
[ICS] open=[0, 1, 2, 3, 4, 5]  crew_order=[1, 2, 3, 0, 4, 5]  weights={0: 115.0, 1: 2846.0, 2: 2647.0, 3: 259.0, 4: 45.0, 5: 3.0}
simulating in place
  → selected [-1083.32183324  4924.55863053] as drop point
FLUSHED
Using multi-phase propagation with wind schedule.
DROP RAN
[DEBUG] AT#00  finished drop in sector 1 – notifying ground crews
[DEBUG] GC#01  attempting re-plan… remaining path = 267 cells
[DEBUG] GC#01 start@(295, 530)  raw_arr=inf  now=842.0  mtt=nan  within_buffer=False
[START] GC#01 using NEW (buffered by planner) → start (295, 530) on boundary 2
Start:  (295, 530)
Finish:  (253, 616)
[GC#01] fire-line length 243 cells (357.0 min; full plan)
[DEBUG] GC#01  new path accepted (length 243, ETA 357.0 min)
Using multi-phase propagation with wind schedule.
[GC#02] updated fire after clearing batch
Using multi-phase propagation with wind schedule.
[GC#02] updated fire after clearing batch
Using multi-phase propagation with wind schedule.
[GC#02] updated fire after clearing batch
Using multi-phase propagation with wind schedule.
[GC#01] updated fire after clearing batch
Using multi-phase propagation with wind schedule.
[GC#02] updated fire after clearing batch
Using multi-phase propagation with wind schedule.
[GC#02] updated fire after clearing batch
  → selected [1953.01452704 3757.60833288] as drop point
FLUSHED
FLUSHED
Using multi-phase propagation with wind schedule.
DROP RAN
[DEBUG] AT#00  finished drop in sector 1 – notifying ground crews
[DEBUG] GC#01  attempting re-plan… remaining path = 243 cells
[DEBUG] GC#01 start@(311, 558)  raw_arr=inf  now=888.0  mtt=nan  within_buffer=False
[START] GC#01 using NEW (buffered by planner) → start (311, 558) on boundary 2
Start:  (311, 558)
Finish:  (253, 616)
[GC#01] fire-line length 199 cells (246.0 min; full plan)
[DEBUG] GC#01  new path accepted (length 199, ETA 246.0 min)
Using multi-phase propagation with wind schedule.
[GC#02] updated fire after clearing batch
  → selected [-1662.16018136  5303.0233005 ] as drop point
FLUSHED
FLUSHED
Using multi-phase propagation with wind schedule.
DROP RAN
[DEBUG] AT#00  finished drop in sector 1 – notifying ground crews
[DEBUG] GC#01  attempting re-plan… remaining path = 199 cells
[DEBUG] GC#01 start@(331, 575)  raw_arr=inf  now=934.0  mtt=nan  within_buffer=False
[START] GC#01 using NEW (buffered by planner) → start (331, 575) on boundary 2
Start:  (331, 575)
Finish:  (253, 616)
[GC#01] fire-line length 164 cells (199.5 min; full plan)
[DEBUG] GC#01  new path accepted (length 164, ETA 199.5 min)
Using multi-phase propagation with wind schedule.
[GC#02] updated fire after clearing batch
Applied action {'FireHercAgent': (2,), 'GroundCrewAgent': (2, 3)} at t=960 min
[ICS] open=[0, 1, 2, 3, 4, 5]  crew_order=[1, 2, 3, 0, 4, 5]  weights={0: 115.0, 1: 2846.0, 2: 2647.0, 3: 259.0, 4: 45.0, 5: 3.0}
simulating in place
Using multi-phase propagation with wind schedule.
[GC#01] updated fire after clearing batch
Using multi-phase propagation with wind schedule.
[GC#01] updated fire after clearing batch
  → selected [-5464.7886026   2862.87954211] as drop point
FLUSHED
FLUSHED
Using multi-phase propagation with wind schedule.
DROP RAN
[DEBUG] AT#00  finished drop in sector 2 – notifying ground crews
[DEBUG] GC#02  attempting re-plan… remaining path = 849 cells
[DEBUG] GC#02 start@(158, 131)  raw_arr=inf  now=988.0  mtt=nan  within_buffer=False
[START] GC#02 using NEW (buffered by planner) → start (158, 131) on boundary 2
Start:  (158, 131)
Finish:  (443, 47)
[GC#02] fire-line length 424 cells (284.9 min; full plan)
[DEBUG] GC#02  new path accepted (length 424, ETA 284.9 min)
Using multi-phase propagation with wind schedule.
[GC#02] updated fire after clearing batch
Using multi-phase propagation with wind schedule.
[GC#02] updated fire after clearing batch
  → selected [-5512.42173551  1755.12584585] as drop point
FLUSHED
FLUSHED
Using multi-phase propagation with wind schedule.
DROP RAN
[DEBUG] AT#00  finished drop in sector 2 – notifying ground crews
[DEBUG] GC#02  attempting re-plan… remaining path = 424 cells
[DEBUG] GC#02 start@(191, 113)  raw_arr=inf  now=1035.0  mtt=nan  within_buffer=False
[START] GC#02 using NEW (buffered by planner) → start (191, 113) on boundary 2
Start:  (191, 113)
Finish:  (443, 47)
[GC#02] fire-line length 365 cells (256.1 min; full plan)
[DEBUG] GC#02  new path accepted (length 365, ETA 256.1 min)
Using multi-phase propagation with wind schedule.
[GC#02] updated fire after clearing batch
Using multi-phase propagation with wind schedule.
[GC#01] updated fire after clearing batch
Using multi-phase propagation with wind schedule.
[GC#01] updated fire after clearing batch
Applied action {'FireHercAgent': (3,), 'GroundCrewAgent': (2, 3)} at t=1080 min
[ICS] open=[0, 1, 2, 3, 4, 5]  crew_order=[1, 2, 3, 0, 4, 5]  weights={0: 115.0, 1: 2846.0, 2: 2647.0, 3: 259.0, 4: 45.0, 5: 3.0}
simulating in place
Using multi-phase propagation with wind schedule.
[GC#02] updated fire after clearing batch
  → selected [-1144.79812087  5201.86024394] as drop point
FLUSHED
Using multi-phase propagation with wind schedule.
DROP RAN
[DEBUG] AT#00  finished drop in sector 1 – notifying ground crews
[DEBUG] GC#01  attempting re-plan… remaining path = 164 cells
[DEBUG] GC#01 start@(273, 622)  raw_arr=inf  now=1082.0  mtt=nan  within_buffer=False
[START] GC#01 using NEW (buffered by planner) → start (273, 622) on boundary 2
Start:  (273, 622)
Finish:  (253, 616)
[GC#01] fire-line length 35 cells (37.7 min; full plan)
[DEBUG] GC#01  new path accepted (length 35, ETA 37.7 min)
Using multi-phase propagation with wind schedule.
[GC#01] updated fire after clearing batch
Using multi-phase propagation with wind schedule.
[GC#02] updated fire after clearing batch
Using multi-phase propagation with wind schedule.
[GC#01] updated fire after clearing batch
Sector contained  1

— after _mark_anchor_completed(bdy=2, role=start, by=None) —

=== boundary_anchors (NOW) ===
b00 start  — <none>
b00 finish — <none>
b01 start  — <none>
b01 finish rc=(253, 616)  t=240.0  completed=True  world=(3560.0, 5730.5)
b02 start  rc=(285, 415)  t=240.0  completed=True  world=(-2470.0, 4770.5)
b02 finish — <none>
b03 start  — <none>
b03 finish rc=(443, 47)  t=240.0  completed=True  world=(-13510.0, 30.5)
b04 start  — <none>
b04 finish — <none>
b05 start  — <none>
b05 finish — <none>
=== end ===

— end dump —


— after _mark_anchor_completed(bdy=1, role=finish, by=None) —

=== boundary_anchors (NOW) ===
b00 start  — <none>
b00 finish — <none>
b01 start  — <none>
b01 finish rc=(253, 616)  t=240.0  completed=True  world=(3560.0, 5730.5)
b02 start  rc=(285, 415)  t=240.0  completed=True  world=(-2470.0, 4770.5)
b02 finish — <none>
b03 start  — <none>
b03 finish rc=(443, 47)  t=240.0  completed=True  world=(-13510.0, 30.5)
b04 start  — <none>
b04 finish — <none>
b05 start  — <none>
b05 finish — <none>
=== end ===

— end dump —

[GC#01] Sector 1 contained → Standby
  → selected [1985.24231829 3819.51734386] as drop point
FLUSHED
Using multi-phase propagation with wind schedule.
DROP RAN
[DEBUG] AT#00  finished drop in sector 1 – notifying ground crews
Using multi-phase propagation with wind schedule.
[GC#02] updated fire after clearing batch
  → selected [-653.6837219  5018.63113234] as drop point
FLUSHED
Using multi-phase propagation with wind schedule.
DROP RAN
[DEBUG] AT#00  finished drop in sector 1 – notifying ground crews
Using multi-phase propagation with wind schedule.
[GC#02] updated fire after clearing batch
Applied action {'FireHercAgent': (2,), 'GroundCrewAgent': (2, 3)} at t=1200 min
[ICS] open=[0, 2, 3, 4, 5]  crew_order=[2, 3, 0, 4, 5]  weights={0: 115.0, 2: 2647.0, 3: 259.0, 4: 45.0, 5: 3.0}
simulating in place

— after _record_anchor(bdy=2, role=start, cell=(285, 415), by=None) —

=== boundary_anchors (NOW) ===
b00 start  — <none>
b00 finish — <none>
b01 start  — <none>
b01 finish rc=(253, 616)  t=240.0  completed=True  world=(3560.0, 5730.5)
b02 start  rc=(285, 415)  t=1200.0  completed=False  world=(-2470.0, 4770.5)
b02 finish — <none>
b03 start  — <none>
b03 finish rc=(443, 47)  t=240.0  completed=True  world=(-13510.0, 30.5)
b04 start  — <none>
b04 finish — <none>
b05 start  — <none>
b05 finish — <none>
=== end ===

— end dump —


— after _record_anchor(bdy=3, role=finish, cell=(443, 47), by=None) —

=== boundary_anchors (NOW) ===
b00 start  — <none>
b00 finish — <none>
b01 start  — <none>
b01 finish rc=(253, 616)  t=240.0  completed=True  world=(3560.0, 5730.5)
b02 start  rc=(285, 415)  t=1200.0  completed=False  world=(-2470.0, 4770.5)
b02 finish — <none>
b03 start  — <none>
b03 finish rc=(443, 47)  t=1200.0  completed=False  world=(-13510.0, 30.5)
b04 start  — <none>
b04 finish — <none>
b05 start  — <none>
b05 finish — <none>
=== end ===

— end dump —

[DEBUG] sector 2: start@bdy2 (285, 415)   finish@bdy3 (443, 47)
[GC#01] → sector 2  start (285, 415)  finish (443, 47)
  → selected [-6244.92166541  5742.48273119] as drop point
FLUSHED
Using multi-phase propagation with wind schedule.
DROP RAN
[DEBUG] AT#00  finished drop in sector 2 – notifying ground crews
[DEBUG] GC#02  attempting re-plan… remaining path = 365 cells
[DEBUG] GC#02 start@(307, 83)  raw_arr=inf  now=1220.0  mtt=nan  within_buffer=False
[START] GC#02 using NEW (buffered by planner) → start (307, 83) on boundary 2
Start:  (307, 83)
Finish:  (443, 47)
[GC#02] fire-line length 217 cells (28.0 min; full plan)
[DEBUG] GC#02  new path accepted (length 217, ETA 28.0 min)
Using multi-phase propagation with wind schedule.
[GC#02] updated fire after clearing batch
Using multi-phase propagation with wind schedule.
[GC#02] updated fire after clearing batch
Using multi-phase propagation with wind schedule.
[GC#02] updated fire after clearing batch
Using multi-phase propagation with wind schedule.
[GC#02] updated fire after clearing batch
Using multi-phase propagation with wind schedule.
[GC#02] updated fire after clearing batch
Using multi-phase propagation with wind schedule.
[GC#02] updated fire after clearing batch
Using multi-phase propagation with wind schedule.
[GC#02] updated fire after clearing batch
Using multi-phase propagation with wind schedule.
[GC#02] updated fire after clearing batch
Using multi-phase propagation with wind schedule.
[GC#02] updated fire after clearing batch
Sector contained  2

— after _mark_anchor_completed(bdy=2, role=start, by=None) —

=== boundary_anchors (NOW) ===
b00 start  — <none>
b00 finish — <none>
b01 start  — <none>
b01 finish rc=(253, 616)  t=240.0  completed=True  world=(3560.0, 5730.5)
b02 start  rc=(285, 415)  t=1200.0  completed=True  world=(-2470.0, 4770.5)
b02 finish — <none>
b03 start  — <none>
b03 finish rc=(443, 47)  t=1200.0  completed=False  world=(-13510.0, 30.5)
b04 start  — <none>
b04 finish — <none>
b05 start  — <none>
b05 finish — <none>
=== end ===

— end dump —


— after _mark_anchor_completed(bdy=3, role=finish, by=None) —

=== boundary_anchors (NOW) ===
b00 start  — <none>
b00 finish — <none>
b01 start  — <none>
b01 finish rc=(253, 616)  t=240.0  completed=True  world=(3560.0, 5730.5)
b02 start  rc=(285, 415)  t=1200.0  completed=True  world=(-2470.0, 4770.5)
b02 finish — <none>
b03 start  — <none>
b03 finish rc=(443, 47)  t=1200.0  completed=True  world=(-13510.0, 30.5)
b04 start  — <none>
b04 finish — <none>
b05 start  — <none>
b05 finish — <none>
=== end ===

— end dump —

[GC#02] Sector 2 contained → Standby
  → selected [-5328.11623979   248.34049932] as drop point
Using multi-phase propagation with wind schedule.
DROP RAN
[DEBUG] AT#00  finished drop in sector 2 – notifying ground crews
  → selected [-6214.22495523  4787.66501173] as drop point
Using multi-phase propagation with wind schedule.
DROP RAN
[DEBUG] AT#00  finished drop in sector 2 – notifying ground crews
Applied action {'FireHercAgent': (3,), 'GroundCrewAgent': (3, 4)} at t=1320 min
[ICS] open=[0, 3, 4, 5]  crew_order=[3, 0, 4, 5]  weights={0: 115.0, 3: 259.0, 4: 45.0, 5: 3.0}
simulating in place

— after _record_anchor(bdy=3, role=start, cell=(443, 47), by=None) —

=== boundary_anchors (NOW) ===
b00 start  — <none>
b00 finish — <none>
b01 start  — <none>
b01 finish rc=(253, 616)  t=240.0  completed=True  world=(3560.0, 5730.5)
b02 start  rc=(285, 415)  t=1200.0  completed=True  world=(-2470.0, 4770.5)
b02 finish — <none>
b03 start  rc=(443, 47)  t=1320.0  completed=False  world=(-13510.0, 30.5)
b03 finish rc=(443, 47)  t=1200.0  completed=True  world=(-13510.0, 30.5)
b04 start  — <none>
b04 finish — <none>
b05 start  — <none>
b05 finish — <none>
=== end ===

— end dump —


— after _record_anchor(bdy=4, role=finish, cell=(698, 359), by=None) —

=== boundary_anchors (NOW) ===
b00 start  — <none>
b00 finish — <none>
b01 start  — <none>
b01 finish rc=(253, 616)  t=240.0  completed=True  world=(3560.0, 5730.5)
b02 start  rc=(285, 415)  t=1200.0  completed=True  world=(-2470.0, 4770.5)
b02 finish — <none>
b03 start  rc=(443, 47)  t=1320.0  completed=False  world=(-13510.0, 30.5)
b03 finish rc=(443, 47)  t=1200.0  completed=True  world=(-13510.0, 30.5)
b04 start  — <none>
b04 finish rc=(698, 359)  t=1320.0  completed=False  world=(-4150.0, -7619.5)
b05 start  — <none>
b05 finish — <none>
=== end ===

— end dump —

[DEBUG] sector 3: start@bdy3 (443, 47)   finish@bdy4 (698, 359)
[GC#02] → sector 3  start (443, 47)  finish (698, 359)
[START] GC#02 using ANCHOR (unspecified source) → start (443, 47) on boundary 3
Start:  (443, 47)
Finish:  (698, 359)
[GC#02] fire-line length 612 cells (212.0 min; full plan)

— after _mark_anchor_completed(bdy=3, role=start, by=None) —

=== boundary_anchors (NOW) ===
b00 start  — <none>
b00 finish — <none>
b01 start  — <none>
b01 finish rc=(253, 616)  t=240.0  completed=True  world=(3560.0, 5730.5)
b02 start  rc=(285, 415)  t=1200.0  completed=True  world=(-2470.0, 4770.5)
b02 finish — <none>
b03 start  rc=(443, 47)  t=1320.0  completed=True  world=(-13510.0, 30.5)
b03 finish rc=(443, 47)  t=1200.0  completed=True  world=(-13510.0, 30.5)
b04 start  — <none>
b04 finish rc=(698, 359)  t=1320.0  completed=False  world=(-4150.0, -7619.5)
b05 start  — <none>
b05 finish — <none>
=== end ===

— end dump —


— after _mark_anchor_completed(bdy=4, role=finish, by=<groundcrew.GroundCrewAgent object at 0x000002266390A8D0>) —

=== boundary_anchors (NOW) ===
b00 start  — <none>
b00 finish — <none>
b01 start  — <none>
b01 finish rc=(253, 616)  t=240.0  completed=True  world=(3560.0, 5730.5)
b02 start  rc=(285, 415)  t=1200.0  completed=True  world=(-2470.0, 4770.5)
b02 finish — <none>
b03 start  rc=(443, 47)  t=1320.0  completed=True  world=(-13510.0, 30.5)
b03 finish rc=(443, 47)  t=1200.0  completed=True  world=(-13510.0, 30.5)
b04 start  — <none>
b04 finish rc=(698, 359)  t=1320.0  completed=True  world=(-4150.0, -7619.5)
b05 start  — <none>
b05 finish — <none>
=== end ===

— end dump —

Using multi-phase propagation with wind schedule.
[GC#02] updated fire after clearing batch
Using multi-phase propagation with wind schedule.
[GC#02] updated fire after clearing batch
Using multi-phase propagation with wind schedule.
[GC#02] updated fire after clearing batch
Using multi-phase propagation with wind schedule.
[GC#02] updated fire after clearing batch
Using multi-phase propagation with wind schedule.
[GC#02] updated fire after clearing batch
  → selected [3097.3672496  3390.22731165] as drop point
FLUSHED
Using multi-phase propagation with wind schedule.
DROP RAN
[DEBUG] AT#00  finished drop in sector 0 – notifying ground crews
Using multi-phase propagation with wind schedule.
[GC#02] updated fire after clearing batch
[START] GC#01 using ANCHOR (unspecified source) → start (285, 415) on boundary 2
Start:  (285, 415)
Finish:  (443, 47)
[GC#01] fire-line length 849 cells (0.0 min; full plan)

— after _mark_anchor_completed(bdy=2, role=start, by=None) —

=== boundary_anchors (NOW) ===
b00 start  — <none>
b00 finish — <none>
b01 start  — <none>
b01 finish rc=(253, 616)  t=240.0  completed=True  world=(3560.0, 5730.5)
b02 start  rc=(285, 415)  t=1200.0  completed=True  world=(-2470.0, 4770.5)
b02 finish — <none>
b03 start  rc=(443, 47)  t=1320.0  completed=True  world=(-13510.0, 30.5)
b03 finish rc=(443, 47)  t=1200.0  completed=True  world=(-13510.0, 30.5)
b04 start  — <none>
b04 finish rc=(698, 359)  t=1320.0  completed=True  world=(-4150.0, -7619.5)
b05 start  — <none>
b05 finish — <none>
=== end ===

— end dump —


— after _mark_anchor_completed(bdy=3, role=finish, by=<groundcrew.GroundCrewAgent object at 0x0000022663914E50>) —

=== boundary_anchors (NOW) ===
b00 start  — <none>
b00 finish — <none>
b01 start  — <none>
b01 finish rc=(253, 616)  t=240.0  completed=True  world=(3560.0, 5730.5)
b02 start  rc=(285, 415)  t=1200.0  completed=True  world=(-2470.0, 4770.5)
b02 finish — <none>
b03 start  rc=(443, 47)  t=1320.0  completed=True  world=(-13510.0, 30.5)
b03 finish rc=(443, 47)  t=1200.0  completed=True  world=(-13510.0, 30.5)
b04 start  — <none>
b04 finish rc=(698, 359)  t=1320.0  completed=True  world=(-4150.0, -7619.5)
b05 start  — <none>
b05 finish — <none>
=== end ===

— end dump —

Using multi-phase propagation with wind schedule.
[GC#01] updated fire after clearing batch
Using multi-phase propagation with wind schedule.
[GC#01] updated fire after clearing batch
Using multi-phase propagation with wind schedule.
[GC#01] updated fire after clearing batch
Using multi-phase propagation with wind schedule.
[GC#01] updated fire after clearing batch
Using multi-phase propagation with wind schedule.
[GC#01] updated fire after clearing batch
Using multi-phase propagation with wind schedule.
[GC#01] updated fire after clearing batch
Using multi-phase propagation with wind schedule.
[GC#01] updated fire after clearing batch
Using multi-phase propagation with wind schedule.
[GC#01] updated fire after clearing batch
Using multi-phase propagation with wind schedule.
[GC#01] updated fire after clearing batch
Sector contained  2

— after _mark_anchor_completed(bdy=2, role=start, by=None) —

=== boundary_anchors (NOW) ===
b00 start  — <none>
b00 finish — <none>
b01 start  — <none>
b01 finish rc=(253, 616)  t=240.0  completed=True  world=(3560.0, 5730.5)
b02 start  rc=(285, 415)  t=1200.0  completed=True  world=(-2470.0, 4770.5)
b02 finish — <none>
b03 start  rc=(443, 47)  t=1320.0  completed=True  world=(-13510.0, 30.5)
b03 finish rc=(443, 47)  t=1200.0  completed=True  world=(-13510.0, 30.5)
b04 start  — <none>
b04 finish rc=(698, 359)  t=1320.0  completed=True  world=(-4150.0, -7619.5)
b05 start  — <none>
b05 finish — <none>
=== end ===

— end dump —


— after _mark_anchor_completed(bdy=3, role=finish, by=None) —

=== boundary_anchors (NOW) ===
b00 start  — <none>
b00 finish — <none>
b01 start  — <none>
b01 finish rc=(253, 616)  t=240.0  completed=True  world=(3560.0, 5730.5)
b02 start  rc=(285, 415)  t=1200.0  completed=True  world=(-2470.0, 4770.5)
b02 finish — <none>
b03 start  rc=(443, 47)  t=1320.0  completed=True  world=(-13510.0, 30.5)
b03 finish rc=(443, 47)  t=1200.0  completed=True  world=(-13510.0, 30.5)
b04 start  — <none>
b04 finish rc=(698, 359)  t=1320.0  completed=True  world=(-4150.0, -7619.5)
b05 start  — <none>
b05 finish — <none>
=== end ===

— end dump —

[GC#01] Sector 2 contained → Standby
  → selected [3499.83755991 3217.92785615] as drop point
FLUSHED
Using multi-phase propagation with wind schedule.
DROP RAN
[DEBUG] AT#00  finished drop in sector 0 – notifying ground crews
Using multi-phase propagation with wind schedule.
[GC#02] updated fire after clearing batch
Applied action {'FireHercAgent': (1,), 'GroundCrewAgent': (4, 1)} at t=1440 min
[ICS] open=[0, 3, 4, 5]  crew_order=[3, 0, 4, 5]  weights={0: 115.0, 3: 259.0, 4: 45.0, 5: 3.0}
simulating in place

— after _record_anchor(bdy=3, role=start, cell=(443, 47), by=None) —

=== boundary_anchors (NOW) ===
b00 start  — <none>
b00 finish — <none>
b01 start  — <none>
b01 finish rc=(253, 616)  t=240.0  completed=True  world=(3560.0, 5730.5)
b02 start  rc=(285, 415)  t=1200.0  completed=True  world=(-2470.0, 4770.5)
b02 finish — <none>
b03 start  rc=(443, 47)  t=1440.0  completed=False  world=(-13510.0, 30.5)
b03 finish rc=(443, 47)  t=1200.0  completed=True  world=(-13510.0, 30.5)
b04 start  — <none>
b04 finish rc=(698, 359)  t=1320.0  completed=True  world=(-4150.0, -7619.5)
b05 start  — <none>
b05 finish — <none>
=== end ===

— end dump —


— after _record_anchor(bdy=4, role=finish, cell=(698, 359), by=None) —

=== boundary_anchors (NOW) ===
b00 start  — <none>
b00 finish — <none>
b01 start  — <none>
b01 finish rc=(253, 616)  t=240.0  completed=True  world=(3560.0, 5730.5)
b02 start  rc=(285, 415)  t=1200.0  completed=True  world=(-2470.0, 4770.5)
b02 finish — <none>
b03 start  rc=(443, 47)  t=1440.0  completed=False  world=(-13510.0, 30.5)
b03 finish rc=(443, 47)  t=1200.0  completed=True  world=(-13510.0, 30.5)
b04 start  — <none>
b04 finish rc=(698, 359)  t=1440.0  completed=False  world=(-4150.0, -7619.5)
b05 start  — <none>
b05 finish — <none>
=== end ===

— end dump —

[DEBUG] sector 3: start@bdy3 (443, 47)   finish@bdy4 (698, 359)
[GC#01] → sector 3  start (443, 47)  finish (698, 359)
[START] GC#01 using ANCHOR (unspecified source) → start (443, 47) on boundary 3
Start:  (443, 47)
Finish:  (698, 359)
[GC#01] fire-line length 606 cells (47.1 min; full plan)

— after _mark_anchor_completed(bdy=3, role=start, by=None) —

=== boundary_anchors (NOW) ===
b00 start  — <none>
b00 finish — <none>
b01 start  — <none>
b01 finish rc=(253, 616)  t=240.0  completed=True  world=(3560.0, 5730.5)
b02 start  rc=(285, 415)  t=1200.0  completed=True  world=(-2470.0, 4770.5)
b02 finish — <none>
b03 start  rc=(443, 47)  t=1440.0  completed=True  world=(-13510.0, 30.5)
b03 finish rc=(443, 47)  t=1200.0  completed=True  world=(-13510.0, 30.5)
b04 start  — <none>
b04 finish rc=(698, 359)  t=1440.0  completed=False  world=(-4150.0, -7619.5)
b05 start  — <none>
b05 finish — <none>
=== end ===

— end dump —


— after _mark_anchor_completed(bdy=4, role=finish, by=<groundcrew.GroundCrewAgent object at 0x0000022663914E50>) —

=== boundary_anchors (NOW) ===
b00 start  — <none>
b00 finish — <none>
b01 start  — <none>
b01 finish rc=(253, 616)  t=240.0  completed=True  world=(3560.0, 5730.5)
b02 start  rc=(285, 415)  t=1200.0  completed=True  world=(-2470.0, 4770.5)
b02 finish — <none>
b03 start  rc=(443, 47)  t=1440.0  completed=True  world=(-13510.0, 30.5)
b03 finish rc=(443, 47)  t=1200.0  completed=True  world=(-13510.0, 30.5)
b04 start  — <none>
b04 finish rc=(698, 359)  t=1440.0  completed=True  world=(-4150.0, -7619.5)
b05 start  — <none>
b05 finish — <none>
=== end ===

— end dump —

Using multi-phase propagation with wind schedule.
[GC#01] updated fire after clearing batch
Using multi-phase propagation with wind schedule.
[GC#01] updated fire after clearing batch
Using multi-phase propagation with wind schedule.
[GC#01] updated fire after clearing batch
  → selected [ 1520.23969421 -6819.34849112] as drop point
FLUSHED
FLUSHED
Using multi-phase propagation with wind schedule.
DROP RAN
[DEBUG] AT#00  finished drop in sector 4 – notifying ground crews
Using multi-phase propagation with wind schedule.
[GC#01] updated fire after clearing batch
Using multi-phase propagation with wind schedule.
[GC#01] updated fire after clearing batch
Using multi-phase propagation with wind schedule.
[GC#01] updated fire after clearing batch
Using multi-phase propagation with wind schedule.
[GC#01] updated fire after clearing batch
Using multi-phase propagation with wind schedule.
[GC#01] updated fire after clearing batch
Using multi-phase propagation with wind schedule.
[GC#01] updated fire after clearing batch
Using multi-phase propagation with wind schedule.
[GC#01] updated fire after clearing batch
Using multi-phase propagation with wind schedule.
[GC#01] updated fire after clearing batch
Using multi-phase propagation with wind schedule.
[GC#01] updated fire after clearing batch
Using multi-phase propagation with wind schedule.
[GC#01] updated fire after clearing batch
Using multi-phase propagation with wind schedule.
[GC#01] updated fire after clearing batch
Using multi-phase propagation with wind schedule.
[GC#01] updated fire after clearing batch
Using multi-phase propagation with wind schedule.
[GC#01] updated fire after clearing batch
Using multi-phase propagation with wind schedule.
[GC#01] updated fire after clearing batch
Sector contained  3

— after _mark_anchor_completed(bdy=3, role=start, by=None) —

=== boundary_anchors (NOW) ===
b00 start  — <none>
b00 finish — <none>
b01 start  — <none>
b01 finish rc=(253, 616)  t=240.0  completed=True  world=(3560.0, 5730.5)
b02 start  rc=(285, 415)  t=1200.0  completed=True  world=(-2470.0, 4770.5)
b02 finish — <none>
b03 start  rc=(443, 47)  t=1440.0  completed=True  world=(-13510.0, 30.5)
b03 finish rc=(443, 47)  t=1200.0  completed=True  world=(-13510.0, 30.5)
b04 start  — <none>
b04 finish rc=(698, 359)  t=1440.0  completed=True  world=(-4150.0, -7619.5)
b05 start  — <none>
b05 finish — <none>
=== end ===

— end dump —


— after _mark_anchor_completed(bdy=4, role=finish, by=None) —

=== boundary_anchors (NOW) ===
b00 start  — <none>
b00 finish — <none>
b01 start  — <none>
b01 finish rc=(253, 616)  t=240.0  completed=True  world=(3560.0, 5730.5)
b02 start  rc=(285, 415)  t=1200.0  completed=True  world=(-2470.0, 4770.5)
b02 finish — <none>
b03 start  rc=(443, 47)  t=1440.0  completed=True  world=(-13510.0, 30.5)
b03 finish rc=(443, 47)  t=1200.0  completed=True  world=(-13510.0, 30.5)
b04 start  — <none>
b04 finish rc=(698, 359)  t=1440.0  completed=True  world=(-4150.0, -7619.5)
b05 start  — <none>
b05 finish — <none>
=== end ===

— end dump —

[GC#01] Sector 3 contained → Standby
  → selected [ 2117.48431346 -6684.47753405] as drop point
FLUSHED
Using multi-phase propagation with wind schedule.
DROP RAN
[DEBUG] AT#00  finished drop in sector 4 – notifying ground crews
Sector contained  3

— after _mark_anchor_completed(bdy=3, role=start, by=None) —

=== boundary_anchors (NOW) ===
b00 start  — <none>
b00 finish — <none>
b01 start  — <none>
b01 finish rc=(253, 616)  t=240.0  completed=True  world=(3560.0, 5730.5)
b02 start  rc=(285, 415)  t=1200.0  completed=True  world=(-2470.0, 4770.5)
b02 finish — <none>
b03 start  rc=(443, 47)  t=1440.0  completed=True  world=(-13510.0, 30.5)
b03 finish rc=(443, 47)  t=1200.0  completed=True  world=(-13510.0, 30.5)
b04 start  — <none>
b04 finish rc=(698, 359)  t=1440.0  completed=True  world=(-4150.0, -7619.5)
b05 start  — <none>
b05 finish — <none>
=== end ===

— end dump —


— after _mark_anchor_completed(bdy=4, role=finish, by=None) —

=== boundary_anchors (NOW) ===
b00 start  — <none>
b00 finish — <none>
b01 start  — <none>
b01 finish rc=(253, 616)  t=240.0  completed=True  world=(3560.0, 5730.5)
b02 start  rc=(285, 415)  t=1200.0  completed=True  world=(-2470.0, 4770.5)
b02 finish — <none>
b03 start  rc=(443, 47)  t=1440.0  completed=True  world=(-13510.0, 30.5)
b03 finish rc=(443, 47)  t=1200.0  completed=True  world=(-13510.0, 30.5)
b04 start  — <none>
b04 finish rc=(698, 359)  t=1440.0  completed=True  world=(-4150.0, -7619.5)
b05 start  — <none>
b05 finish — <none>
=== end ===

— end dump —

[GC#02] Sector 3 contained → Standby
  → selected [ 2721.73909334 -6543.31560542] as drop point
Using multi-phase propagation with wind schedule.
DROP RAN
[DEBUG] AT#00  finished drop in sector 4 – notifying ground crews
Applied action {'FireHercAgent': (5,), 'GroundCrewAgent': (4, 1)} at t=1560 min
[ICS] open=[0, 4, 5]  crew_order=[0, 4, 5]  weights={0: 115.0, 4: 45.0, 5: 3.0}
simulating in place

— after _record_anchor(bdy=1, role=start, cell=(253, 616), by=None) —

=== boundary_anchors (NOW) ===
b00 start  — <none>
b00 finish — <none>
b01 start  rc=(253, 616)  t=1560.0  completed=False  world=(3560.0, 5730.5)
b01 finish rc=(253, 616)  t=240.0  completed=True  world=(3560.0, 5730.5)
b02 start  rc=(285, 415)  t=1200.0  completed=True  world=(-2470.0, 4770.5)
b02 finish — <none>
b03 start  rc=(443, 47)  t=1440.0  completed=True  world=(-13510.0, 30.5)
b03 finish rc=(443, 47)  t=1200.0  completed=True  world=(-13510.0, 30.5)
b04 start  — <none>
b04 finish rc=(698, 359)  t=1440.0  completed=True  world=(-4150.0, -7619.5)
b05 start  — <none>
b05 finish — <none>
=== end ===

— end dump —


— after _record_anchor(bdy=0, role=finish, cell=(443, 854), by=None) —

=== boundary_anchors (NOW) ===
b00 start  — <none>
b00 finish rc=(443, 854)  t=1560.0  completed=False  world=(10700.0, 30.5)
b01 start  rc=(253, 616)  t=1560.0  completed=False  world=(3560.0, 5730.5)
b01 finish rc=(253, 616)  t=240.0  completed=True  world=(3560.0, 5730.5)
b02 start  rc=(285, 415)  t=1200.0  completed=True  world=(-2470.0, 4770.5)
b02 finish — <none>
b03 start  rc=(443, 47)  t=1440.0  completed=True  world=(-13510.0, 30.5)
b03 finish rc=(443, 47)  t=1200.0  completed=True  world=(-13510.0, 30.5)
b04 start  — <none>
b04 finish rc=(698, 359)  t=1440.0  completed=True  world=(-4150.0, -7619.5)
b05 start  — <none>
b05 finish — <none>
=== end ===

— end dump —

[DEBUG] sector 0: start@bdy1 (253, 616)   finish@bdy0 (443, 854)
[GC#01] → sector 0  start (253, 616)  finish (443, 854)

— after _record_anchor(bdy=4, role=start, cell=(698, 359), by=None) —

=== boundary_anchors (NOW) ===
b00 start  — <none>
b00 finish rc=(443, 854)  t=1560.0  completed=False  world=(10700.0, 30.5)
b01 start  rc=(253, 616)  t=1560.0  completed=False  world=(3560.0, 5730.5)
b01 finish rc=(253, 616)  t=240.0  completed=True  world=(3560.0, 5730.5)
b02 start  rc=(285, 415)  t=1200.0  completed=True  world=(-2470.0, 4770.5)
b02 finish — <none>
b03 start  rc=(443, 47)  t=1440.0  completed=True  world=(-13510.0, 30.5)
b03 finish rc=(443, 47)  t=1200.0  completed=True  world=(-13510.0, 30.5)
b04 start  rc=(698, 359)  t=1560.0  completed=False  world=(-4150.0, -7619.5)
b04 finish rc=(698, 359)  t=1440.0  completed=True  world=(-4150.0, -7619.5)
b05 start  — <none>
b05 finish — <none>
=== end ===

— end dump —


— after _record_anchor(bdy=5, role=finish, cell=(805, 715), by=None) —

=== boundary_anchors (NOW) ===
b00 start  — <none>
b00 finish rc=(443, 854)  t=1560.0  completed=False  world=(10700.0, 30.5)
b01 start  rc=(253, 616)  t=1560.0  completed=False  world=(3560.0, 5730.5)
b01 finish rc=(253, 616)  t=240.0  completed=True  world=(3560.0, 5730.5)
b02 start  rc=(285, 415)  t=1200.0  completed=True  world=(-2470.0, 4770.5)
b02 finish — <none>
b03 start  rc=(443, 47)  t=1440.0  completed=True  world=(-13510.0, 30.5)
b03 finish rc=(443, 47)  t=1200.0  completed=True  world=(-13510.0, 30.5)
b04 start  rc=(698, 359)  t=1560.0  completed=False  world=(-4150.0, -7619.5)
b04 finish rc=(698, 359)  t=1440.0  completed=True  world=(-4150.0, -7619.5)
b05 start  — <none>
b05 finish rc=(805, 715)  t=1560.0  completed=False  world=(6530.0, -10829.5)
=== end ===

— end dump —

[DEBUG] sector 4: start@bdy4 (698, 359)   finish@bdy5 (805, 715)
[GC#02] → sector 4  start (698, 359)  finish (805, 715)
[START] GC#02 using ANCHOR (unspecified source) → start (698, 359) on boundary 4
Start:  (698, 359)
Finish:  (805, 715)
[GC#02] fire-line length 650 cells (650.8 min; full plan)

— after _mark_anchor_completed(bdy=4, role=start, by=None) —

=== boundary_anchors (NOW) ===
b00 start  — <none>
b00 finish rc=(443, 854)  t=1560.0  completed=False  world=(10700.0, 30.5)
b01 start  rc=(253, 616)  t=1560.0  completed=False  world=(3560.0, 5730.5)
b01 finish rc=(253, 616)  t=240.0  completed=True  world=(3560.0, 5730.5)
b02 start  rc=(285, 415)  t=1200.0  completed=True  world=(-2470.0, 4770.5)
b02 finish — <none>
b03 start  rc=(443, 47)  t=1440.0  completed=True  world=(-13510.0, 30.5)
b03 finish rc=(443, 47)  t=1200.0  completed=True  world=(-13510.0, 30.5)
b04 start  rc=(698, 359)  t=1560.0  completed=True  world=(-4150.0, -7619.5)
b04 finish rc=(698, 359)  t=1440.0  completed=True  world=(-4150.0, -7619.5)
b05 start  — <none>
b05 finish rc=(805, 715)  t=1560.0  completed=False  world=(6530.0, -10829.5)
=== end ===

— end dump —


— after _mark_anchor_completed(bdy=5, role=finish, by=<groundcrew.GroundCrewAgent object at 0x000002266390A8D0>) —

=== boundary_anchors (NOW) ===
b00 start  — <none>
b00 finish rc=(443, 854)  t=1560.0  completed=False  world=(10700.0, 30.5)
b01 start  rc=(253, 616)  t=1560.0  completed=False  world=(3560.0, 5730.5)
b01 finish rc=(253, 616)  t=240.0  completed=True  world=(3560.0, 5730.5)
b02 start  rc=(285, 415)  t=1200.0  completed=True  world=(-2470.0, 4770.5)
b02 finish — <none>
b03 start  rc=(443, 47)  t=1440.0  completed=True  world=(-13510.0, 30.5)
b03 finish rc=(443, 47)  t=1200.0  completed=True  world=(-13510.0, 30.5)
b04 start  rc=(698, 359)  t=1560.0  completed=True  world=(-4150.0, -7619.5)
b04 finish rc=(698, 359)  t=1440.0  completed=True  world=(-4150.0, -7619.5)
b05 start  — <none>
b05 finish rc=(805, 715)  t=1560.0  completed=True  world=(6530.0, -10829.5)
=== end ===

— end dump —

Using multi-phase propagation with wind schedule.
[GC#02] updated fire after clearing batch
Using multi-phase propagation with wind schedule.
[GC#02] updated fire after clearing batch
  → selected [-3091.75791778 -7460.72379775] as drop point
FLUSHED
Using multi-phase propagation with wind schedule.
DROP RAN
[DEBUG] AT#00  finished drop in sector 4 – notifying ground crews
[DEBUG] GC#02  attempting re-plan… remaining path = 650 cells
[DEBUG] GC#02 start@(738, 393)  raw_arr=inf  now=1590.0  mtt=nan  within_buffer=False
[START] GC#02 using NEW (buffered by planner) → start (738, 393) on boundary 4
Start:  (738, 393)
Finish:  (805, 715)
[GC#02] fire-line length 544 cells (613.1 min; full plan)
[DEBUG] GC#02  new path accepted (length 544, ETA 613.1 min)
Using multi-phase propagation with wind schedule.
[GC#02] updated fire after clearing batch
Using multi-phase propagation with wind schedule.
[GC#02] updated fire after clearing batch
  → selected [ 2367.0068771  -7475.86199997] as drop point
FLUSHED
Using multi-phase propagation with wind schedule.
DROP RAN
[DEBUG] AT#00  finished drop in sector 4 – notifying ground crews
[DEBUG] GC#02  attempting re-plan… remaining path = 544 cells
[DEBUG] GC#02 start@(775, 417)  raw_arr=inf  now=1637.0  mtt=nan  within_buffer=False
[START] GC#02 using NEW (buffered by planner) → start (775, 417) on boundary 4
Start:  (775, 417)
Finish:  (805, 715)
[GC#02] fire-line length 481 cells (566.0 min; full plan)
[DEBUG] GC#02  new path accepted (length 481, ETA 566.0 min)
Using multi-phase propagation with wind schedule.
[GC#02] updated fire after clearing batch
Applied action {'FireHercAgent': (5,), 'GroundCrewAgent': (1, 5)} at t=1680 min
[ICS] open=[0, 4, 5]  crew_order=[0, 4, 5]  weights={0: 115.0, 4: 45.0, 5: 3.0}
simulating in place
  → selected [4746.90232976 1510.61053254] as drop point
FLUSHED
Using multi-phase propagation with wind schedule.
DROP RAN
[DEBUG] AT#00  finished drop in sector 0 – notifying ground crews
  → selected [4773.37102149 1990.61920533] as drop point
FLUSHED
Using multi-phase propagation with wind schedule.
DROP RAN
[DEBUG] AT#00  finished drop in sector 0 – notifying ground crews
Using multi-phase propagation with wind schedule.
[GC#02] updated fire after clearing batch
  → selected [5614.3525358  2338.96515426] as drop point
FLUSHED
Using multi-phase propagation with wind schedule.
DROP RAN
[DEBUG] AT#00  finished drop in sector 0 – notifying ground crews
Applied action {'FireHercAgent': (1,), 'GroundCrewAgent': (1, 5)} at t=1800 min
[ICS] open=[0, 4, 5]  crew_order=[0, 4, 5]  weights={0: 115.0, 4: 45.0, 5: 3.0}
simulating in place
Using multi-phase propagation with wind schedule.
[GC#02] updated fire after clearing batch
  → selected [6241.07327356  836.48763178] as drop point
Using multi-phase propagation with wind schedule.
DROP RAN
[DEBUG] AT#00  finished drop in sector 0 – notifying ground crews
Using multi-phase propagation with wind schedule.
[GC#02] updated fire after clearing batch
Using multi-phase propagation with wind schedule.
[GC#02] updated fire after clearing batch
Using multi-phase propagation with wind schedule.
[GC#02] updated fire after clearing batch
  → selected [6470.7430921   297.79275025] as drop point
FLUSHED
Using multi-phase propagation with wind schedule.
DROP RAN
[DEBUG] AT#00  finished drop in sector 0 – notifying ground crews
Using multi-phase propagation with wind schedule.
[GC#02] updated fire after clearing batch
Using multi-phase propagation with wind schedule.
[GC#02] updated fire after clearing batch
Applied action {'FireHercAgent': (1,), 'GroundCrewAgent': (1, 5)} at t=1920 min
[ICS] open=[0, 4, 5]  crew_order=[0, 4, 5]  weights={0: 115.0, 4: 45.0, 5: 3.0}
simulating in place
  → selected [  3251.75537068 -10281.9257236 ] as drop point
FLUSHED
Using multi-phase propagation with wind schedule.
DROP RAN
[DEBUG] AT#00  finished drop in sector 4 – notifying ground crews
[DEBUG] GC#02  attempting re-plan… remaining path = 481 cells
[DEBUG] GC#02 start@(827, 610)  raw_arr=inf  now=1921.0  mtt=nan  within_buffer=False
[START] GC#02 using NEW (buffered by planner) → start (827, 610) on boundary 4
Start:  (827, 610)
Finish:  (805, 715)
[GC#02] fire-line length 226 cells (266.6 min; full plan)
[DEBUG] GC#02  new path accepted (length 226, ETA 266.6 min)
Using multi-phase propagation with wind schedule.
[GC#02] updated fire after clearing batch
Using multi-phase propagation with wind schedule.
[GC#02] updated fire after clearing batch
Using multi-phase propagation with wind schedule.
[GC#02] updated fire after clearing batch
  → selected [  2259.84527463 -10155.49367209] as drop point
FLUSHED
Using multi-phase propagation with wind schedule.
DROP RAN
[DEBUG] AT#00  finished drop in sector 4 – notifying ground crews
[DEBUG] GC#02  attempting re-plan… remaining path = 226 cells
[DEBUG] GC#02 start@(871, 659)  raw_arr=inf  now=1968.0  mtt=nan  within_buffer=False
[START] GC#02 using NEW (buffered by planner) → start (871, 659) on boundary 4
Start:  (871, 659)
Finish:  (805, 715)
[GC#02] fire-line length 139 cells (199.2 min; full plan)
[DEBUG] GC#02  new path accepted (length 139, ETA 199.2 min)
Using multi-phase propagation with wind schedule.
[GC#02] updated fire after clearing batch
[START] GC#01 using ANCHOR (unspecified source) → start (253, 616) on boundary 1
Start:  (253, 616)
Finish:  (443, 854)
[GC#01] fire-line length 517 cells (975.2 min; full plan)

— after _mark_anchor_completed(bdy=1, role=start, by=None) —

=== boundary_anchors (NOW) ===
b00 start  — <none>
b00 finish rc=(443, 854)  t=1560.0  completed=False  world=(10700.0, 30.5)
b01 start  rc=(253, 616)  t=1560.0  completed=True  world=(3560.0, 5730.5)
b01 finish rc=(253, 616)  t=240.0  completed=True  world=(3560.0, 5730.5)
b02 start  rc=(285, 415)  t=1200.0  completed=True  world=(-2470.0, 4770.5)
b02 finish — <none>
b03 start  rc=(443, 47)  t=1440.0  completed=True  world=(-13510.0, 30.5)
b03 finish rc=(443, 47)  t=1200.0  completed=True  world=(-13510.0, 30.5)
b04 start  rc=(698, 359)  t=1560.0  completed=True  world=(-4150.0, -7619.5)
b04 finish rc=(698, 359)  t=1440.0  completed=True  world=(-4150.0, -7619.5)
b05 start  — <none>
b05 finish rc=(805, 715)  t=1560.0  completed=True  world=(6530.0, -10829.5)
=== end ===

— end dump —


— after _mark_anchor_completed(bdy=0, role=finish, by=<groundcrew.GroundCrewAgent object at 0x0000022663914E50>) —

=== boundary_anchors (NOW) ===
b00 start  — <none>
b00 finish rc=(443, 854)  t=1560.0  completed=True  world=(10700.0, 30.5)
b01 start  rc=(253, 616)  t=1560.0  completed=True  world=(3560.0, 5730.5)
b01 finish rc=(253, 616)  t=240.0  completed=True  world=(3560.0, 5730.5)
b02 start  rc=(285, 415)  t=1200.0  completed=True  world=(-2470.0, 4770.5)
b02 finish — <none>
b03 start  rc=(443, 47)  t=1440.0  completed=True  world=(-13510.0, 30.5)
b03 finish rc=(443, 47)  t=1200.0  completed=True  world=(-13510.0, 30.5)
b04 start  rc=(698, 359)  t=1560.0  completed=True  world=(-4150.0, -7619.5)
b04 finish rc=(698, 359)  t=1440.0  completed=True  world=(-4150.0, -7619.5)
b05 start  — <none>
b05 finish rc=(805, 715)  t=1560.0  completed=True  world=(6530.0, -10829.5)
=== end ===

— end dump —

Using multi-phase propagation with wind schedule.
[GC#01] updated fire after clearing batch
  → selected [ 4885.13543645 -9359.17626807] as drop point
FLUSHED
FLUSHED
Using multi-phase propagation with wind schedule.
DROP RAN
[DEBUG] AT#00  finished drop in sector 4 – notifying ground crews
[DEBUG] GC#02  attempting re-plan… remaining path = 139 cells
[DEBUG] GC#02 start@(865, 678)  raw_arr=inf  now=2016.0  mtt=nan  within_buffer=False
[START] GC#02 using NEW (buffered by planner) → start (865, 678) on boundary 4
Start:  (865, 678)
Finish:  (805, 715)
[GC#02] fire-line length 106 cells (143.9 min; full plan)
[DEBUG] GC#02  new path accepted (length 106, ETA 143.9 min)
Using multi-phase propagation with wind schedule.
[GC#02] updated fire after clearing batch
Applied action {'FireHercAgent': (5,), 'GroundCrewAgent': (1, 5)} at t=2040 min
[ICS] open=[0, 4, 5]  crew_order=[0, 4, 5]  weights={0: 115.0, 4: 45.0, 5: 3.0}
simulating in place
Using multi-phase propagation with wind schedule.
[GC#02] updated fire after clearing batch
Using multi-phase propagation with wind schedule.
[GC#01] updated fire after clearing batch
  → selected [6911.28349893  924.72248186] as drop point
FLUSHED
FLUSHED
Using multi-phase propagation with wind schedule.
DROP RAN
[DEBUG] AT#00  finished drop in sector 0 – notifying ground crews
[DEBUG] GC#01  attempting re-plan… remaining path = 517 cells
[DEBUG] GC#01 start@(337, 662)  raw_arr=inf  now=2063.0  mtt=nan  within_buffer=False
[START] GC#01 using NEW (buffered by planner) → start (337, 662) on boundary 1
Start:  (337, 662)
Finish:  (443, 854)
[GC#01] fire-line length 313 cells (873.4 min; full plan)
[DEBUG] GC#01  new path accepted (length 313, ETA 873.4 min)
Using multi-phase propagation with wind schedule.
[GC#01] updated fire after clearing batch
Using multi-phase propagation with wind schedule.
[GC#01] updated fire after clearing batch
Using multi-phase propagation with wind schedule.
[GC#01] updated fire after clearing batch
Using multi-phase propagation with wind schedule.
[GC#02] updated fire after clearing batch
  → selected [7017.41957086  321.66116078] as drop point
FLUSHED
FLUSHED
Using multi-phase propagation with wind schedule.
DROP RAN
[DEBUG] AT#00  finished drop in sector 0 – notifying ground crews
[DEBUG] GC#01  attempting re-plan… remaining path = 313 cells
[DEBUG] GC#01 start@(353, 706)  raw_arr=inf  now=2109.0  mtt=nan  within_buffer=False
[START] GC#01 using NEW (buffered by planner) → start (353, 706) on boundary 1
Start:  (353, 706)
Finish:  (443, 854)
[GC#01] fire-line length 241 cells (896.3 min; full plan)
[DEBUG] GC#01  new path accepted (length 241, ETA 896.3 min)
Using multi-phase propagation with wind schedule.
[GC#01] updated fire after clearing batch
Sector retarded
{0, 2}
Applied action {'FireHercAgent': (1,), 'GroundCrewAgent': (1, 5)} at t=2160 min
[ICS] open=[0, 4, 5]  crew_order=[0, 4, 5]  weights={0: 115.0, 4: 45.0, 5: 3.0}
simulating in place
Using multi-phase propagation with wind schedule.
[GC#02] updated fire after clearing batch
Sector contained  4

— after _mark_anchor_completed(bdy=4, role=start, by=None) —

=== boundary_anchors (NOW) ===
b00 start  — <none>
b00 finish rc=(443, 854)  t=1560.0  completed=True  world=(10700.0, 30.5)
b01 start  rc=(253, 616)  t=1560.0  completed=True  world=(3560.0, 5730.5)
b01 finish rc=(253, 616)  t=240.0  completed=True  world=(3560.0, 5730.5)
b02 start  rc=(285, 415)  t=1200.0  completed=True  world=(-2470.0, 4770.5)
b02 finish — <none>
b03 start  rc=(443, 47)  t=1440.0  completed=True  world=(-13510.0, 30.5)
b03 finish rc=(443, 47)  t=1200.0  completed=True  world=(-13510.0, 30.5)
b04 start  rc=(698, 359)  t=1560.0  completed=True  world=(-4150.0, -7619.5)
b04 finish rc=(698, 359)  t=1440.0  completed=True  world=(-4150.0, -7619.5)
b05 start  — <none>
b05 finish rc=(805, 715)  t=1560.0  completed=True  world=(6530.0, -10829.5)
=== end ===

— end dump —


— after _mark_anchor_completed(bdy=5, role=finish, by=None) —

=== boundary_anchors (NOW) ===
b00 start  — <none>
b00 finish rc=(443, 854)  t=1560.0  completed=True  world=(10700.0, 30.5)
b01 start  rc=(253, 616)  t=1560.0  completed=True  world=(3560.0, 5730.5)
b01 finish rc=(253, 616)  t=240.0  completed=True  world=(3560.0, 5730.5)
b02 start  rc=(285, 415)  t=1200.0  completed=True  world=(-2470.0, 4770.5)
b02 finish — <none>
b03 start  rc=(443, 47)  t=1440.0  completed=True  world=(-13510.0, 30.5)
b03 finish rc=(443, 47)  t=1200.0  completed=True  world=(-13510.0, 30.5)
b04 start  rc=(698, 359)  t=1560.0  completed=True  world=(-4150.0, -7619.5)
b04 finish rc=(698, 359)  t=1440.0  completed=True  world=(-4150.0, -7619.5)
b05 start  — <none>
b05 finish rc=(805, 715)  t=1560.0  completed=True  world=(6530.0, -10829.5)
=== end ===

— end dump —

[GC#02] Sector 4 contained → Standby
Using multi-phase propagation with wind schedule.
[GC#01] updated fire after clearing batch
Sector retarded
{0, 2}
Using multi-phase propagation with wind schedule.
[GC#01] updated fire after clearing batch
Applied action {'FireHercAgent': (1,), 'GroundCrewAgent': (1, 5)} at t=2280 min
[ICS] open=[0, 5]  crew_order=[0, 5]  weights={0: 115.0, 5: 3.0}
simulating in place

— after _record_anchor(bdy=0, role=start, cell=(443, 854), by=None) —

=== boundary_anchors (NOW) ===
b00 start  rc=(443, 854)  t=2280.0  completed=False  world=(10700.0, 30.5)
b00 finish rc=(443, 854)  t=1560.0  completed=True  world=(10700.0, 30.5)
b01 start  rc=(253, 616)  t=1560.0  completed=True  world=(3560.0, 5730.5)
b01 finish rc=(253, 616)  t=240.0  completed=True  world=(3560.0, 5730.5)
b02 start  rc=(285, 415)  t=1200.0  completed=True  world=(-2470.0, 4770.5)
b02 finish — <none>
b03 start  rc=(443, 47)  t=1440.0  completed=True  world=(-13510.0, 30.5)
b03 finish rc=(443, 47)  t=1200.0  completed=True  world=(-13510.0, 30.5)
b04 start  rc=(698, 359)  t=1560.0  completed=True  world=(-4150.0, -7619.5)
b04 finish rc=(698, 359)  t=1440.0  completed=True  world=(-4150.0, -7619.5)
b05 start  — <none>
b05 finish rc=(805, 715)  t=1560.0  completed=True  world=(6530.0, -10829.5)
=== end ===

— end dump —


— after _record_anchor(bdy=1, role=finish, cell=(253, 616), by=None) —

=== boundary_anchors (NOW) ===
b00 start  rc=(443, 854)  t=2280.0  completed=False  world=(10700.0, 30.5)
b00 finish rc=(443, 854)  t=1560.0  completed=True  world=(10700.0, 30.5)
b01 start  rc=(253, 616)  t=1560.0  completed=True  world=(3560.0, 5730.5)
b01 finish rc=(253, 616)  t=2280.0  completed=False  world=(3560.0, 5730.5)
b02 start  rc=(285, 415)  t=1200.0  completed=True  world=(-2470.0, 4770.5)
b02 finish — <none>
b03 start  rc=(443, 47)  t=1440.0  completed=True  world=(-13510.0, 30.5)
b03 finish rc=(443, 47)  t=1200.0  completed=True  world=(-13510.0, 30.5)
b04 start  rc=(698, 359)  t=1560.0  completed=True  world=(-4150.0, -7619.5)
b04 finish rc=(698, 359)  t=1440.0  completed=True  world=(-4150.0, -7619.5)
b05 start  — <none>
b05 finish rc=(805, 715)  t=1560.0  completed=True  world=(6530.0, -10829.5)
=== end ===

— end dump —

[DEBUG] sector 0: start@bdy0 (443, 854)   finish@bdy1 (253, 616)
[GC#02] → sector 0  start (443, 854)  finish (253, 616)
Using multi-phase propagation with wind schedule.
[GC#01] updated fire after clearing batch
Sector retarded
{0, 2}
Using multi-phase propagation with wind schedule.
[GC#01] updated fire after clearing batch
Applied action {'FireHercAgent': (1,), 'GroundCrewAgent': (1, 6)} at t=2400 min
[ICS] open=[0, 5]  crew_order=[0, 5]  weights={0: 115.0, 5: 3.0}
simulating in place
  → selected [7275.0268448   332.90853726] as drop point
FLUSHED
Using multi-phase propagation with wind schedule.
DROP RAN
[DEBUG] AT#00  finished drop in sector 0 – notifying ground crews
[DEBUG] GC#01  attempting re-plan… remaining path = 241 cells
[DEBUG] GC#01 start@(416, 767)  raw_arr=inf  now=2424.0  mtt=nan  within_buffer=False
[START] GC#01 using NEW (buffered by planner) → start (416, 767) on boundary 1
Start:  (416, 767)
Finish:  (443, 854)
[GC#01] fire-line length 115 cells (289.7 min; full plan)
[DEBUG] GC#01  new path accepted (length 115, ETA 289.7 min)
Sector retarded
{0, 2}
Using multi-phase propagation with wind schedule.
[GC#01] updated fire after clearing batch
Applied action {'FireHercAgent': (1,), 'GroundCrewAgent': (1, 6)} at t=2520 min
[ICS] open=[0, 5]  crew_order=[0, 5]  weights={0: 115.0, 5: 3.0}
simulating in place
Using multi-phase propagation with wind schedule.
[GC#01] updated fire after clearing batch
  → [6928.8450483   317.79391361] already burned – skipping
Sector retarded
{0, 2}
Using multi-phase propagation with wind schedule.
[GC#01] updated fire after clearing batch
  → [6930.29859757  317.85737694] already burned – skipping
Sector retarded
{0, 2}
Applied action {'FireHercAgent': (1,), 'GroundCrewAgent': (1, 6)} at t=2640 min
[ICS] open=[0, 5]  crew_order=[0, 5]  weights={0: 115.0, 5: 3.0}
simulating in place
[START] GC#02 using ANCHOR (unspecified source) → start (443, 854) on boundary 0
Start:  (443, 854)
Finish:  (253, 616)
[GC#02] fire-line length 501 cells (113.4 min; full plan)

— after _mark_anchor_completed(bdy=0, role=start, by=None) —

=== boundary_anchors (NOW) ===
b00 start  rc=(443, 854)  t=2280.0  completed=True  world=(10700.0, 30.5)
b00 finish rc=(443, 854)  t=1560.0  completed=True  world=(10700.0, 30.5)
b01 start  rc=(253, 616)  t=1560.0  completed=True  world=(3560.0, 5730.5)
b01 finish rc=(253, 616)  t=2280.0  completed=False  world=(3560.0, 5730.5)
b02 start  rc=(285, 415)  t=1200.0  completed=True  world=(-2470.0, 4770.5)
b02 finish — <none>
b03 start  rc=(443, 47)  t=1440.0  completed=True  world=(-13510.0, 30.5)
b03 finish rc=(443, 47)  t=1200.0  completed=True  world=(-13510.0, 30.5)
b04 start  rc=(698, 359)  t=1560.0  completed=True  world=(-4150.0, -7619.5)
b04 finish rc=(698, 359)  t=1440.0  completed=True  world=(-4150.0, -7619.5)
b05 start  — <none>
b05 finish rc=(805, 715)  t=1560.0  completed=True  world=(6530.0, -10829.5)
=== end ===

— end dump —


— after _mark_anchor_completed(bdy=1, role=finish, by=<groundcrew.GroundCrewAgent object at 0x000002266390A8D0>) —

=== boundary_anchors (NOW) ===
b00 start  rc=(443, 854)  t=2280.0  completed=True  world=(10700.0, 30.5)
b00 finish rc=(443, 854)  t=1560.0  completed=True  world=(10700.0, 30.5)
b01 start  rc=(253, 616)  t=1560.0  completed=True  world=(3560.0, 5730.5)
b01 finish rc=(253, 616)  t=2280.0  completed=True  world=(3560.0, 5730.5)
b02 start  rc=(285, 415)  t=1200.0  completed=True  world=(-2470.0, 4770.5)
b02 finish — <none>
b03 start  rc=(443, 47)  t=1440.0  completed=True  world=(-13510.0, 30.5)
b03 finish rc=(443, 47)  t=1200.0  completed=True  world=(-13510.0, 30.5)
b04 start  rc=(698, 359)  t=1560.0  completed=True  world=(-4150.0, -7619.5)
b04 finish rc=(698, 359)  t=1440.0  completed=True  world=(-4150.0, -7619.5)
b05 start  — <none>
b05 finish rc=(805, 715)  t=1560.0  completed=True  world=(6530.0, -10829.5)
=== end ===

— end dump —

Sector retarded
{0, 2}
Using multi-phase propagation with wind schedule.
[GC#01] updated fire after clearing batch
Using multi-phase propagation with wind schedule.
[GC#01] updated fire after clearing batch
Sector contained  0

— after _mark_anchor_completed(bdy=1, role=start, by=None) —

=== boundary_anchors (NOW) ===
b00 start  rc=(443, 854)  t=2280.0  completed=True  world=(10700.0, 30.5)
b00 finish rc=(443, 854)  t=1560.0  completed=True  world=(10700.0, 30.5)
b01 start  rc=(253, 616)  t=1560.0  completed=True  world=(3560.0, 5730.5)
b01 finish rc=(253, 616)  t=2280.0  completed=True  world=(3560.0, 5730.5)
b02 start  rc=(285, 415)  t=1200.0  completed=True  world=(-2470.0, 4770.5)
b02 finish — <none>
b03 start  rc=(443, 47)  t=1440.0  completed=True  world=(-13510.0, 30.5)
b03 finish rc=(443, 47)  t=1200.0  completed=True  world=(-13510.0, 30.5)
b04 start  rc=(698, 359)  t=1560.0  completed=True  world=(-4150.0, -7619.5)
b04 finish rc=(698, 359)  t=1440.0  completed=True  world=(-4150.0, -7619.5)
b05 start  — <none>
b05 finish rc=(805, 715)  t=1560.0  completed=True  world=(6530.0, -10829.5)
=== end ===

— end dump —


— after _mark_anchor_completed(bdy=0, role=finish, by=None) —

=== boundary_anchors (NOW) ===
b00 start  rc=(443, 854)  t=2280.0  completed=True  world=(10700.0, 30.5)
b00 finish rc=(443, 854)  t=1560.0  completed=True  world=(10700.0, 30.5)
b01 start  rc=(253, 616)  t=1560.0  completed=True  world=(3560.0, 5730.5)
b01 finish rc=(253, 616)  t=2280.0  completed=True  world=(3560.0, 5730.5)
b02 start  rc=(285, 415)  t=1200.0  completed=True  world=(-2470.0, 4770.5)
b02 finish — <none>
b03 start  rc=(443, 47)  t=1440.0  completed=True  world=(-13510.0, 30.5)
b03 finish rc=(443, 47)  t=1200.0  completed=True  world=(-13510.0, 30.5)
b04 start  rc=(698, 359)  t=1560.0  completed=True  world=(-4150.0, -7619.5)
b04 finish rc=(698, 359)  t=1440.0  completed=True  world=(-4150.0, -7619.5)
b05 start  — <none>
b05 finish rc=(805, 715)  t=1560.0  completed=True  world=(6530.0, -10829.5)
=== end ===

— end dump —

[GC#01] Sector 0 contained → Standby
Using multi-phase propagation with wind schedule.
[GC#02] updated fire after clearing batch
Sector retarded
{0, 2}
Using multi-phase propagation with wind schedule.
[GC#02] updated fire after clearing batch
Using multi-phase propagation with wind schedule.
[GC#02] updated fire after clearing batch
Using multi-phase propagation with wind schedule.
[GC#02] updated fire after clearing batch
Using multi-phase propagation with wind schedule.
[GC#02] updated fire after clearing batch
Sector contained  0

— after _mark_anchor_completed(bdy=0, role=start, by=None) —

=== boundary_anchors (NOW) ===
b00 start  rc=(443, 854)  t=2280.0  completed=True  world=(10700.0, 30.5)
b00 finish rc=(443, 854)  t=1560.0  completed=True  world=(10700.0, 30.5)
b01 start  rc=(253, 616)  t=1560.0  completed=True  world=(3560.0, 5730.5)
b01 finish rc=(253, 616)  t=2280.0  completed=True  world=(3560.0, 5730.5)
b02 start  rc=(285, 415)  t=1200.0  completed=True  world=(-2470.0, 4770.5)
b02 finish — <none>
b03 start  rc=(443, 47)  t=1440.0  completed=True  world=(-13510.0, 30.5)
b03 finish rc=(443, 47)  t=1200.0  completed=True  world=(-13510.0, 30.5)
b04 start  rc=(698, 359)  t=1560.0  completed=True  world=(-4150.0, -7619.5)
b04 finish rc=(698, 359)  t=1440.0  completed=True  world=(-4150.0, -7619.5)
b05 start  — <none>
b05 finish rc=(805, 715)  t=1560.0  completed=True  world=(6530.0, -10829.5)
=== end ===

— end dump —


— after _mark_anchor_completed(bdy=1, role=finish, by=None) —

=== boundary_anchors (NOW) ===
b00 start  rc=(443, 854)  t=2280.0  completed=True  world=(10700.0, 30.5)
b00 finish rc=(443, 854)  t=1560.0  completed=True  world=(10700.0, 30.5)
b01 start  rc=(253, 616)  t=1560.0  completed=True  world=(3560.0, 5730.5)
b01 finish rc=(253, 616)  t=2280.0  completed=True  world=(3560.0, 5730.5)
b02 start  rc=(285, 415)  t=1200.0  completed=True  world=(-2470.0, 4770.5)
b02 finish — <none>
b03 start  rc=(443, 47)  t=1440.0  completed=True  world=(-13510.0, 30.5)
b03 finish rc=(443, 47)  t=1200.0  completed=True  world=(-13510.0, 30.5)
b04 start  rc=(698, 359)  t=1560.0  completed=True  world=(-4150.0, -7619.5)
b04 finish rc=(698, 359)  t=1440.0  completed=True  world=(-4150.0, -7619.5)
b05 start  — <none>
b05 finish rc=(805, 715)  t=1560.0  completed=True  world=(6530.0, -10829.5)
=== end ===

— end dump —

[GC#02] Sector 0 contained → Standby
Applied action {'FireHercAgent': (1,), 'GroundCrewAgent': (1, 6)} at t=2760 min
[ICS] open=[5]  crew_order=[5]  weights={5: 3.0}
simulating in place

— after _record_anchor(bdy=0, role=start, cell=(443, 854), by=None) —

=== boundary_anchors (NOW) ===
b00 start  rc=(443, 854)  t=2760.0  completed=False  world=(10700.0, 30.5)
b00 finish rc=(443, 854)  t=1560.0  completed=True  world=(10700.0, 30.5)
b01 start  rc=(253, 616)  t=1560.0  completed=True  world=(3560.0, 5730.5)
b01 finish rc=(253, 616)  t=2280.0  completed=True  world=(3560.0, 5730.5)
b02 start  rc=(285, 415)  t=1200.0  completed=True  world=(-2470.0, 4770.5)
b02 finish — <none>
b03 start  rc=(443, 47)  t=1440.0  completed=True  world=(-13510.0, 30.5)
b03 finish rc=(443, 47)  t=1200.0  completed=True  world=(-13510.0, 30.5)
b04 start  rc=(698, 359)  t=1560.0  completed=True  world=(-4150.0, -7619.5)
b04 finish rc=(698, 359)  t=1440.0  completed=True  world=(-4150.0, -7619.5)
b05 start  — <none>
b05 finish rc=(805, 715)  t=1560.0  completed=True  world=(6530.0, -10829.5)
=== end ===

— end dump —


— after _record_anchor(bdy=5, role=finish, cell=(805, 715), by=None) —

=== boundary_anchors (NOW) ===
b00 start  rc=(443, 854)  t=2760.0  completed=False  world=(10700.0, 30.5)
b00 finish rc=(443, 854)  t=1560.0  completed=True  world=(10700.0, 30.5)
b01 start  rc=(253, 616)  t=1560.0  completed=True  world=(3560.0, 5730.5)
b01 finish rc=(253, 616)  t=2280.0  completed=True  world=(3560.0, 5730.5)
b02 start  rc=(285, 415)  t=1200.0  completed=True  world=(-2470.0, 4770.5)
b02 finish — <none>
b03 start  rc=(443, 47)  t=1440.0  completed=True  world=(-13510.0, 30.5)
b03 finish rc=(443, 47)  t=1200.0  completed=True  world=(-13510.0, 30.5)
b04 start  rc=(698, 359)  t=1560.0  completed=True  world=(-4150.0, -7619.5)
b04 finish rc=(698, 359)  t=1440.0  completed=True  world=(-4150.0, -7619.5)
b05 start  — <none>
b05 finish rc=(805, 715)  t=2760.0  completed=False  world=(6530.0, -10829.5)
=== end ===

— end dump —

[DEBUG] sector 5: start@bdy0 (443, 854)   finish@bdy5 (805, 715)
[GC#01] → sector 5  start (443, 854)  finish (805, 715)

— after _record_anchor(bdy=0, role=start, cell=(443, 854), by=None) —

=== boundary_anchors (NOW) ===
b00 start  rc=(443, 854)  t=2760.0  completed=False  world=(10700.0, 30.5)
b00 finish rc=(443, 854)  t=1560.0  completed=True  world=(10700.0, 30.5)
b01 start  rc=(253, 616)  t=1560.0  completed=True  world=(3560.0, 5730.5)
b01 finish rc=(253, 616)  t=2280.0  completed=True  world=(3560.0, 5730.5)
b02 start  rc=(285, 415)  t=1200.0  completed=True  world=(-2470.0, 4770.5)
b02 finish — <none>
b03 start  rc=(443, 47)  t=1440.0  completed=True  world=(-13510.0, 30.5)
b03 finish rc=(443, 47)  t=1200.0  completed=True  world=(-13510.0, 30.5)
b04 start  rc=(698, 359)  t=1560.0  completed=True  world=(-4150.0, -7619.5)
b04 finish rc=(698, 359)  t=1440.0  completed=True  world=(-4150.0, -7619.5)
b05 start  — <none>
b05 finish rc=(805, 715)  t=2760.0  completed=False  world=(6530.0, -10829.5)
=== end ===

— end dump —


— after _record_anchor(bdy=5, role=finish, cell=(860, 747), by=None) —

=== boundary_anchors (NOW) ===
b00 start  rc=(443, 854)  t=2760.0  completed=False  world=(10700.0, 30.5)
b00 finish rc=(443, 854)  t=1560.0  completed=True  world=(10700.0, 30.5)
b01 start  rc=(253, 616)  t=1560.0  completed=True  world=(3560.0, 5730.5)
b01 finish rc=(253, 616)  t=2280.0  completed=True  world=(3560.0, 5730.5)
b02 start  rc=(285, 415)  t=1200.0  completed=True  world=(-2470.0, 4770.5)
b02 finish — <none>
b03 start  rc=(443, 47)  t=1440.0  completed=True  world=(-13510.0, 30.5)
b03 finish rc=(443, 47)  t=1200.0  completed=True  world=(-13510.0, 30.5)
b04 start  rc=(698, 359)  t=1560.0  completed=True  world=(-4150.0, -7619.5)
b04 finish rc=(698, 359)  t=1440.0  completed=True  world=(-4150.0, -7619.5)
b05 start  — <none>
b05 finish rc=(860, 747)  t=2760.0  completed=False  world=(7490.0, -12479.5)
=== end ===

— end dump —

[DEBUG] sector 5: start@bdy0 (443, 854)   finish@bdy5 (860, 747)
[GC#02] → sector 5  start (443, 854)  finish (860, 747)
[START] GC#01 using ANCHOR (unspecified source) → start (443, 854) on boundary 0
Start:  (443, 854)
Finish:  (805, 715)
[GC#01] fire-line length 734 cells (760.5 min; full plan)

— after _mark_anchor_completed(bdy=0, role=start, by=None) —

=== boundary_anchors (NOW) ===
b00 start  rc=(443, 854)  t=2760.0  completed=True  world=(10700.0, 30.5)
b00 finish rc=(443, 854)  t=1560.0  completed=True  world=(10700.0, 30.5)
b01 start  rc=(253, 616)  t=1560.0  completed=True  world=(3560.0, 5730.5)
b01 finish rc=(253, 616)  t=2280.0  completed=True  world=(3560.0, 5730.5)
b02 start  rc=(285, 415)  t=1200.0  completed=True  world=(-2470.0, 4770.5)
b02 finish — <none>
b03 start  rc=(443, 47)  t=1440.0  completed=True  world=(-13510.0, 30.5)
b03 finish rc=(443, 47)  t=1200.0  completed=True  world=(-13510.0, 30.5)
b04 start  rc=(698, 359)  t=1560.0  completed=True  world=(-4150.0, -7619.5)
b04 finish rc=(698, 359)  t=1440.0  completed=True  world=(-4150.0, -7619.5)
b05 start  — <none>
b05 finish rc=(860, 747)  t=2760.0  completed=False  world=(7490.0, -12479.5)
=== end ===

— end dump —


— after _mark_anchor_completed(bdy=5, role=finish, by=<groundcrew.GroundCrewAgent object at 0x0000022663914E50>) —

=== boundary_anchors (NOW) ===
b00 start  rc=(443, 854)  t=2760.0  completed=True  world=(10700.0, 30.5)
b00 finish rc=(443, 854)  t=1560.0  completed=True  world=(10700.0, 30.5)
b01 start  rc=(253, 616)  t=1560.0  completed=True  world=(3560.0, 5730.5)
b01 finish rc=(253, 616)  t=2280.0  completed=True  world=(3560.0, 5730.5)
b02 start  rc=(285, 415)  t=1200.0  completed=True  world=(-2470.0, 4770.5)
b02 finish — <none>
b03 start  rc=(443, 47)  t=1440.0  completed=True  world=(-13510.0, 30.5)
b03 finish rc=(443, 47)  t=1200.0  completed=True  world=(-13510.0, 30.5)
b04 start  rc=(698, 359)  t=1560.0  completed=True  world=(-4150.0, -7619.5)
b04 finish rc=(698, 359)  t=1440.0  completed=True  world=(-4150.0, -7619.5)
b05 start  — <none>
b05 finish rc=(860, 747)  t=2760.0  completed=True  world=(7490.0, -12479.5)
=== end ===

— end dump —

Using multi-phase propagation with wind schedule.
[GC#01] updated fire after clearing batch
Using multi-phase propagation with wind schedule.
[GC#01] updated fire after clearing batch
Using multi-phase propagation with wind schedule.
[GC#01] updated fire after clearing batch
  → selected [ 8366.4568047  -9109.44561013] as drop point
FLUSHED
Using multi-phase propagation with wind schedule.
DROP RAN
[DEBUG] AT#00  finished drop in sector 5 – notifying ground crews
[DEBUG] GC#01  attempting re-plan… remaining path = 734 cells
[DEBUG] GC#01 start@(486, 839)  raw_arr=inf  now=2823.0  mtt=nan  within_buffer=False
[START] GC#01 using NEW (buffered by planner) → start (486, 839) on boundary 0
Start:  (486, 839)
Finish:  (805, 715)
[GC#01] fire-line length 658 cells (696.6 min; full plan)
[DEBUG] GC#01  new path accepted (length 658, ETA 696.6 min)
Using multi-phase propagation with wind schedule.
[GC#01] updated fire after clearing batch
Using multi-phase propagation with wind schedule.
[GC#01] updated fire after clearing batch
  → selected [ 8718.37269594 -7968.85035811] as drop point
FLUSHED
Using multi-phase propagation with wind schedule.
DROP RAN
[DEBUG] AT#00  finished drop in sector 5 – notifying ground crews
[DEBUG] GC#01  attempting re-plan… remaining path = 658 cells
[DEBUG] GC#01 start@(534, 824)  raw_arr=inf  now=2869.0  mtt=nan  within_buffer=False
[START] GC#01 using NEW (buffered by planner) → start (534, 824) on boundary 0
Start:  (534, 824)
Finish:  (805, 715)
[GC#01] fire-line length 587 cells (653.2 min; full plan)
[DEBUG] GC#01  new path accepted (length 587, ETA 653.2 min)
Applied action {'FireHercAgent': (6,), 'GroundCrewAgent': (6, 6)} at t=2880 min
[SIM] Less than one full decision slice left – terminating.
Using multi-phase propagation with wind schedule.
[GC#01] updated fire after clearing batch
[SIM] Finished at t=2880 min – final fire-score = 266714.00  final buildings-destroyed = 1551  final buildings-breakdown = {"11":936,"12":115,"13":465,"14":18,"21":12,"23":5}
Simulation complete.
[0m